<?xml version="1.0" encoding="UTF-8"?>
<testsuite name="io.pact.example.grpc.consumer.PactConsumerTest" tests="1" skipped="0" failures="0" errors="0" timestamp="2023-03-27T09:35:14" hostname="Karthiks-MacBook-Pro.local" time="1.784">
  <properties/>
  <testcase name="calculateRectangleArea(MockServer, SynchronousMessages)" classname="io.pact.example.grpc.consumer.PactConsumerTest" time="1.784"/>
  <system-out><![CDATA[15:05:14.925 [Test worker] TRACE a.c.d.p.c.junit5.PactConsumerTestExt - lookupProviderInfo(org.junit.jupiter.engine.descriptor.MethodExtensionContext@5a9b4b3d)
15:05:14.929 [Test worker] DEBUG a.c.d.p.c.junit5.PactConsumerTestExt - Found @PactTestFor annotation on test method void io.pact.example.grpc.consumer.PactConsumerTest.calculateRectangleArea(au.com.dius.pact.consumer.MockServer,au.com.dius.pact.core.model.V4Interaction$SynchronousMessages) throws com.google.protobuf.InvalidProtocolBufferException
15:05:14.931 [Test worker] DEBUG a.c.d.p.c.junit5.PactConsumerTestExt - Found @PactTestFor annotation on test class io.pact.example.grpc.consumer.PactConsumerTest
15:05:14.975 [Test worker] TRACE a.c.d.p.c.junit5.PactConsumerTestExt - providers = [(ProviderInfo(providerName=area-calculator-provider, hostInterface=, port=, pactVersion=V4, providerType=SYNCH_MESSAGE, https=false, mockServerImplementation=Default, keyStorePath=, keyStoreAlias=, keyStorePassword=, privateKeyPassword=), calculateRectangleArea)]
15:05:14.976 [Test worker] DEBUG a.c.d.p.c.junit5.PactConsumerTestExt - providerInfo = ProviderInfo(providerName=area-calculator-provider, hostInterface=, port=, pactVersion=V4, providerType=SYNCH_MESSAGE, https=false, mockServerImplementation=Default, keyStorePath=, keyStoreAlias=, keyStorePassword=, privateKeyPassword=)
15:05:14.982 [Test worker] DEBUG a.c.d.p.c.junit5.PactConsumerTestExt - Looking for @Pact method named 'calculateRectangleArea' for provider 'area-calculator-provider'
15:05:14.986 [Test worker] DEBUG a.c.d.p.c.junit5.PactConsumerTestExt - Invoking method 'calculateRectangleArea' to get Pact for the test 'calculateRectangleArea'
15:05:15.116 [Test worker] DEBUG i.p.p.jvm.core.CatalogueManager - Core catalogue entries:
core/content-matcher/xml
core/content-matcher/json
core/content-matcher/text
core/content-matcher/multipart-form-data
core/content-matcher/form-urlencoded
core/matcher/v1-equality
core/matcher/v2-regex
core/matcher/v2-type
core/matcher/v2-min-type
core/matcher/v2-max-type
core/matcher/v2-minmax-type
core/matcher/v3-number-type
core/matcher/v3-integer-type
core/matcher/v3-decimal-type
core/matcher/v3-date
core/matcher/v3-time
core/matcher/v3-datetime
core/matcher/v3-includes
core/matcher/v3-null
core/matcher/v3-content-type
core/matcher/v4-equals-ignore-order
core/matcher/v4-min-equals-ignore-order
core/matcher/v4-max-equals-ignore-order
core/matcher/v4-minmax-equals-ignore-order
core/matcher/v4-array-contains
core/matcher/v4-notempty
core/matcher/v4-semver
core/matcher/v4-each-key
core/matcher/v4-each-value
core/transport/http
core/transport/https
core/interaction/message
core/interaction/synchronous-message
core/content-generator/json
15:05:15.144 [Test worker] DEBUG i.p.p.jvm.core.DefaultPluginManager - Found plugin manifest: /Users/karthik/.pact/plugins/protobuf-0.1.5/pact-plugin.json
15:05:15.160 [Test worker] TRACE i.p.p.jvm.core.DefaultPluginManager - Manifest version is 0.1.5
15:05:15.161 [Test worker] DEBUG i.p.p.jvm.core.DefaultPluginManager - Found plugin manifest: /Users/karthik/.pact/plugins/protobuf-0.0.0/pact-plugin.json
15:05:15.165 [Test worker] TRACE i.p.p.jvm.core.DefaultPluginManager - Manifest version is 0.0.0
15:05:15.177 [Thread-4] WARN  i.p.plugins.jvm.core.PluginMetrics - 
          Please note: we are tracking this plugin load anonymously to gather important usage statistics.
          To disable tracking, set the 'pact_do_not_track' system property or environment variable to 'true'.
          
15:05:15.200 [Test worker] DEBUG i.p.p.jvm.core.DefaultPluginManager - Starting plugin with manifest DefaultPactPluginManifest(pluginDir=/Users/karthik/.pact/plugins/protobuf-0.1.5, pluginInterfaceVersion=1, name=protobuf, version=0.1.5, executableType=exec, minimumRequiredVersion=null, entryPoint=pact-protobuf-plugin, entryPoints={}, args=[], dependencies=[])
15:05:15.202 [Test worker] DEBUG i.p.p.jvm.core.DefaultPluginManager - Detected OS: mac os x
15:05:15.210 [Thread-4] DEBUG i.p.plugins.jvm.core.PluginMetrics - Sending event to GA - {v=1, t=event, tid=UA-117778936-1, cid=e5055a8685601fcd821493daacce8417, an=pact-plugins-jvm, aid=pact-plugins-jvm, av=0.1.8, aip=true, ds=client, cd2=unknown, cd3=mac os x-x86_64, cd4=protobuf, cd5=0.1.5, cd7=11.0.13+8-LTS, el=Plugin loaded, ec=Plugin, ea=Loaded, ev=1}
15:05:15.216 [Test worker] DEBUG i.p.p.jvm.core.DefaultPluginManager - Starting plugin protobuf process [/Users/karthik/.pact/plugins/protobuf-0.1.5/pact-protobuf-plugin]
15:05:15.232 [Test worker] DEBUG i.pact.plugins.jvm.core.ChildProcess - Child process started = [user: Optional[karthik], cmd: /Users/karthik/.pact/plugins/protobuf-0.1.5/pact-protobuf-plugin, startTime: Optional[2023-03-27T09:35:15.216Z]]
15:05:15.338 [Test worker] DEBUG i.pact.plugins.jvm.core.ChildProcess - Child process started ok
15:05:15.343 [Test worker] DEBUG i.p.p.jvm.core.DefaultPluginManager - Plugin protobuf started with PID 46038
15:05:15.346 [Thread-5] DEBUG i.pact.plugins.jvm.core.ChildProcess - Plugin protobuf [46038] || {"port":53788, "serverKey":"bdd563c9-e9e9-44a7-bce6-cc7f37c23df2"}
15:05:15.346 [Thread-5] DEBUG i.pact.plugins.jvm.core.ChildProcess - Got JSON message from plugin process
15:05:15.348 [Test worker] DEBUG i.p.p.jvm.core.DefaultPluginManager - Plugin process started OK (port = 53788), sending init message
15:05:15.377 [Test worker] DEBUG i.n.u.i.l.InternalLoggerFactory - Using SLF4J as the default logging framework
15:05:15.380 [Test worker] DEBUG i.n.util.internal.PlatformDependent0 - -Dio.netty.noUnsafe: false
15:05:15.380 [Test worker] DEBUG i.n.util.internal.PlatformDependent0 - Java version: 11
15:05:15.382 [Test worker] DEBUG i.n.util.internal.PlatformDependent0 - sun.misc.Unsafe.theUnsafe: available
15:05:15.382 [Test worker] DEBUG i.n.util.internal.PlatformDependent0 - sun.misc.Unsafe.copyMemory: available
15:05:15.383 [Test worker] DEBUG i.n.util.internal.PlatformDependent0 - sun.misc.Unsafe.storeFence: available
15:05:15.383 [Test worker] DEBUG i.n.util.internal.PlatformDependent0 - java.nio.Buffer.address: available
15:05:15.386 [Test worker] DEBUG i.n.util.internal.PlatformDependent0 - direct buffer constructor: unavailable
java.lang.UnsupportedOperationException: Reflective setAccessible(true) disabled
	at io.netty.util.internal.ReflectionUtil.trySetAccessible(ReflectionUtil.java:31)
	at io.netty.util.internal.PlatformDependent0$5.run(PlatformDependent0.java:288)
	at java.base/java.security.AccessController.doPrivileged(Native Method)
	at io.netty.util.internal.PlatformDependent0.<clinit>(PlatformDependent0.java:282)
	at io.netty.util.internal.PlatformDependent.isAndroid(PlatformDependent.java:333)
	at io.netty.util.internal.PlatformDependent.<clinit>(PlatformDependent.java:88)
	at io.netty.util.AsciiString.<init>(AsciiString.java:223)
	at io.netty.util.AsciiString.<init>(AsciiString.java:210)
	at io.netty.util.AsciiString.cached(AsciiString.java:1401)
	at io.netty.util.AsciiString.<clinit>(AsciiString.java:48)
	at io.grpc.netty.Utils.<clinit>(Utils.java:78)
	at io.grpc.netty.UdsNettyChannelProvider.isAvailable(UdsNettyChannelProvider.java:34)
	at io.grpc.ManagedChannelRegistry$ManagedChannelPriorityAccessor.isAvailable(ManagedChannelRegistry.java:213)
	at io.grpc.ManagedChannelRegistry$ManagedChannelPriorityAccessor.isAvailable(ManagedChannelRegistry.java:209)
	at io.grpc.ServiceProviders.loadAll(ServiceProviders.java:68)
	at io.grpc.ManagedChannelRegistry.getDefaultRegistry(ManagedChannelRegistry.java:101)
	at io.grpc.ManagedChannelProvider.provider(ManagedChannelProvider.java:43)
	at io.grpc.ManagedChannelBuilder.forTarget(ManagedChannelBuilder.java:76)
	at io.pact.plugins.jvm.core.DefaultPluginManager$tryInitPlugin$1.invoke(PluginManager.kt:768)
	at io.pact.plugins.jvm.core.Utils.handleWith(Util.kt:42)
	at io.pact.plugins.jvm.core.DefaultPluginManager.tryInitPlugin(PluginManager.kt:767)
	at io.pact.plugins.jvm.core.DefaultPluginManager.initialisePlugin(PluginManager.kt:750)
	at io.pact.plugins.jvm.core.DefaultPluginManager.loadPlugin(PluginManager.kt:373)
	at au.com.dius.pact.consumer.dsl.PactBuilder.usingPlugin(PactBuilder.kt:97)
	at au.com.dius.pact.consumer.dsl.PactBuilder.usingPlugin$default(PactBuilder.kt:94)
	at au.com.dius.pact.consumer.dsl.PactBuilder.usingPlugin(PactBuilder.kt)
	at io.pact.example.grpc.consumer.PactConsumerTest.calculateRectangleArea(PactConsumerTest.java:45)
	at java.base/jdk.internal.reflect.NativeMethodAccessorImpl.invoke0(Native Method)
	at java.base/jdk.internal.reflect.NativeMethodAccessorImpl.invoke(NativeMethodAccessorImpl.java:62)
	at java.base/jdk.internal.reflect.DelegatingMethodAccessorImpl.invoke(DelegatingMethodAccessorImpl.java:43)
	at java.base/java.lang.reflect.Method.invoke(Method.java:566)
	at org.junit.platform.commons.util.ReflectionUtils.invokeMethod(ReflectionUtils.java:727)
	at org.junit.platform.commons.support.ReflectionSupport.invokeMethod(ReflectionSupport.java:198)
	at au.com.dius.pact.consumer.junit5.PactConsumerTestExt.lookupPact(PactConsumerTestExt.kt:430)
	at au.com.dius.pact.consumer.junit5.PactConsumerTestExt.setupMockServer(PactConsumerTestExt.kt:233)
	at au.com.dius.pact.consumer.junit5.PactConsumerTestExt.beforeTestExecution(PactConsumerTestExt.kt:218)
	at org.junit.jupiter.engine.descriptor.TestMethodTestDescriptor.lambda$invokeBeforeTestExecutionCallbacks$5(TestMethodTestDescriptor.java:191)
	at org.junit.jupiter.engine.descriptor.TestMethodTestDescriptor.lambda$invokeBeforeMethodsOrCallbacksUntilExceptionOccurs$6(TestMethodTestDescriptor.java:202)
	at org.junit.platform.engine.support.hierarchical.ThrowableCollector.execute(ThrowableCollector.java:73)
	at org.junit.jupiter.engine.descriptor.TestMethodTestDescriptor.invokeBeforeMethodsOrCallbacksUntilExceptionOccurs(TestMethodTestDescriptor.java:202)
	at org.junit.jupiter.engine.descriptor.TestMethodTestDescriptor.invokeBeforeTestExecutionCallbacks(TestMethodTestDescriptor.java:190)
	at org.junit.jupiter.engine.descriptor.TestMethodTestDescriptor.execute(TestMethodTestDescriptor.java:136)
	at org.junit.jupiter.engine.descriptor.TestMethodTestDescriptor.execute(TestMethodTestDescriptor.java:68)
	at org.junit.platform.engine.support.hierarchical.NodeTestTask.lambda$executeRecursively$6(NodeTestTask.java:151)
	at org.junit.platform.engine.support.hierarchical.ThrowableCollector.execute(ThrowableCollector.java:73)
	at org.junit.platform.engine.support.hierarchical.NodeTestTask.lambda$executeRecursively$8(NodeTestTask.java:141)
	at org.junit.platform.engine.support.hierarchical.Node.around(Node.java:137)
	at org.junit.platform.engine.support.hierarchical.NodeTestTask.lambda$executeRecursively$9(NodeTestTask.java:139)
	at org.junit.platform.engine.support.hierarchical.ThrowableCollector.execute(ThrowableCollector.java:73)
	at org.junit.platform.engine.support.hierarchical.NodeTestTask.executeRecursively(NodeTestTask.java:138)
	at org.junit.platform.engine.support.hierarchical.NodeTestTask.execute(NodeTestTask.java:95)
	at java.base/java.util.ArrayList.forEach(ArrayList.java:1541)
	at org.junit.platform.engine.support.hierarchical.SameThreadHierarchicalTestExecutorService.invokeAll(SameThreadHierarchicalTestExecutorService.java:41)
	at org.junit.platform.engine.support.hierarchical.NodeTestTask.lambda$executeRecursively$6(NodeTestTask.java:155)
	at org.junit.platform.engine.support.hierarchical.ThrowableCollector.execute(ThrowableCollector.java:73)
	at org.junit.platform.engine.support.hierarchical.NodeTestTask.lambda$executeRecursively$8(NodeTestTask.java:141)
	at org.junit.platform.engine.support.hierarchical.Node.around(Node.java:137)
	at org.junit.platform.engine.support.hierarchical.NodeTestTask.lambda$executeRecursively$9(NodeTestTask.java:139)
	at org.junit.platform.engine.support.hierarchical.ThrowableCollector.execute(ThrowableCollector.java:73)
	at org.junit.platform.engine.support.hierarchical.NodeTestTask.executeRecursively(NodeTestTask.java:138)
	at org.junit.platform.engine.support.hierarchical.NodeTestTask.execute(NodeTestTask.java:95)
	at java.base/java.util.ArrayList.forEach(ArrayList.java:1541)
	at org.junit.platform.engine.support.hierarchical.SameThreadHierarchicalTestExecutorService.invokeAll(SameThreadHierarchicalTestExecutorService.java:41)
	at org.junit.platform.engine.support.hierarchical.NodeTestTask.lambda$executeRecursively$6(NodeTestTask.java:155)
	at org.junit.platform.engine.support.hierarchical.ThrowableCollector.execute(ThrowableCollector.java:73)
	at org.junit.platform.engine.support.hierarchical.NodeTestTask.lambda$executeRecursively$8(NodeTestTask.java:141)
	at org.junit.platform.engine.support.hierarchical.Node.around(Node.java:137)
	at org.junit.platform.engine.support.hierarchical.NodeTestTask.lambda$executeRecursively$9(NodeTestTask.java:139)
	at org.junit.platform.engine.support.hierarchical.ThrowableCollector.execute(ThrowableCollector.java:73)
	at org.junit.platform.engine.support.hierarchical.NodeTestTask.executeRecursively(NodeTestTask.java:138)
	at org.junit.platform.engine.support.hierarchical.NodeTestTask.execute(NodeTestTask.java:95)
	at org.junit.platform.engine.support.hierarchical.SameThreadHierarchicalTestExecutorService.submit(SameThreadHierarchicalTestExecutorService.java:35)
	at org.junit.platform.engine.support.hierarchical.HierarchicalTestExecutor.execute(HierarchicalTestExecutor.java:57)
	at org.junit.platform.engine.support.hierarchical.HierarchicalTestEngine.execute(HierarchicalTestEngine.java:54)
	at org.junit.platform.launcher.core.EngineExecutionOrchestrator.execute(EngineExecutionOrchestrator.java:108)
	at org.junit.platform.launcher.core.EngineExecutionOrchestrator.execute(EngineExecutionOrchestrator.java:88)
	at org.junit.platform.launcher.core.EngineExecutionOrchestrator.lambda$execute$0(EngineExecutionOrchestrator.java:54)
	at org.junit.platform.launcher.core.EngineExecutionOrchestrator.withInterceptedStreams(EngineExecutionOrchestrator.java:67)
	at org.junit.platform.launcher.core.EngineExecutionOrchestrator.execute(EngineExecutionOrchestrator.java:52)
	at org.junit.platform.launcher.core.DefaultLauncher.execute(DefaultLauncher.java:96)
	at org.junit.platform.launcher.core.DefaultLauncher.execute(DefaultLauncher.java:75)
	at org.gradle.api.internal.tasks.testing.junitplatform.JUnitPlatformTestClassProcessor$CollectAllTestClassesExecutor.processAllTestClasses(JUnitPlatformTestClassProcessor.java:99)
	at org.gradle.api.internal.tasks.testing.junitplatform.JUnitPlatformTestClassProcessor$CollectAllTestClassesExecutor.access$000(JUnitPlatformTestClassProcessor.java:79)
	at org.gradle.api.internal.tasks.testing.junitplatform.JUnitPlatformTestClassProcessor.stop(JUnitPlatformTestClassProcessor.java:75)
	at org.gradle.api.internal.tasks.testing.SuiteTestClassProcessor.stop(SuiteTestClassProcessor.java:61)
	at java.base/jdk.internal.reflect.NativeMethodAccessorImpl.invoke0(Native Method)
	at java.base/jdk.internal.reflect.NativeMethodAccessorImpl.invoke(NativeMethodAccessorImpl.java:62)
	at java.base/jdk.internal.reflect.DelegatingMethodAccessorImpl.invoke(DelegatingMethodAccessorImpl.java:43)
	at java.base/java.lang.reflect.Method.invoke(Method.java:566)
	at org.gradle.internal.dispatch.ReflectionDispatch.dispatch(ReflectionDispatch.java:36)
	at org.gradle.internal.dispatch.ReflectionDispatch.dispatch(ReflectionDispatch.java:24)
	at org.gradle.internal.dispatch.ContextClassLoaderDispatch.dispatch(ContextClassLoaderDispatch.java:33)
	at org.gradle.internal.dispatch.ProxyDispatchAdapter$DispatchingInvocationHandler.invoke(ProxyDispatchAdapter.java:94)
	at com.sun.proxy.$Proxy2.stop(Unknown Source)
	at org.gradle.api.internal.tasks.testing.worker.TestWorker.stop(TestWorker.java:133)
	at java.base/jdk.internal.reflect.NativeMethodAccessorImpl.invoke0(Native Method)
	at java.base/jdk.internal.reflect.NativeMethodAccessorImpl.invoke(NativeMethodAccessorImpl.java:62)
	at java.base/jdk.internal.reflect.DelegatingMethodAccessorImpl.invoke(DelegatingMethodAccessorImpl.java:43)
	at java.base/java.lang.reflect.Method.invoke(Method.java:566)
	at org.gradle.internal.dispatch.ReflectionDispatch.dispatch(ReflectionDispatch.java:36)
	at org.gradle.internal.dispatch.ReflectionDispatch.dispatch(ReflectionDispatch.java:24)
	at org.gradle.internal.remote.internal.hub.MessageHubBackedObjectConnection$DispatchWrapper.dispatch(MessageHubBackedObjectConnection.java:182)
	at org.gradle.internal.remote.internal.hub.MessageHubBackedObjectConnection$DispatchWrapper.dispatch(MessageHubBackedObjectConnection.java:164)
	at org.gradle.internal.remote.internal.hub.MessageHub$Handler.run(MessageHub.java:414)
	at org.gradle.internal.concurrent.ExecutorPolicy$CatchAndRecordFailures.onExecute(ExecutorPolicy.java:64)
	at org.gradle.internal.concurrent.ManagedExecutorImpl$1.run(ManagedExecutorImpl.java:48)
	at java.base/java.util.concurrent.ThreadPoolExecutor.runWorker(ThreadPoolExecutor.java:1128)
	at java.base/java.util.concurrent.ThreadPoolExecutor$Worker.run(ThreadPoolExecutor.java:628)
	at org.gradle.internal.concurrent.ThreadFactoryImpl$ManagedThreadRunnable.run(ThreadFactoryImpl.java:56)
	at java.base/java.lang.Thread.run(Thread.java:829)
15:05:15.389 [Test worker] DEBUG i.n.util.internal.PlatformDependent0 - java.nio.Bits.unaligned: available, true
15:05:15.391 [Test worker] DEBUG i.n.util.internal.PlatformDependent0 - jdk.internal.misc.Unsafe.allocateUninitializedArray(int): unavailable
java.lang.IllegalAccessException: class io.netty.util.internal.PlatformDependent0$7 cannot access class jdk.internal.misc.Unsafe (in module java.base) because module java.base does not export jdk.internal.misc to unnamed module @10a67ee0
	at java.base/jdk.internal.reflect.Reflection.newIllegalAccessException(Reflection.java:361)
	at java.base/java.lang.reflect.AccessibleObject.checkAccess(AccessibleObject.java:591)
	at java.base/java.lang.reflect.Method.invoke(Method.java:558)
	at io.netty.util.internal.PlatformDependent0$7.run(PlatformDependent0.java:410)
	at java.base/java.security.AccessController.doPrivileged(Native Method)
	at io.netty.util.internal.PlatformDependent0.<clinit>(PlatformDependent0.java:401)
	at io.netty.util.internal.PlatformDependent.isAndroid(PlatformDependent.java:333)
	at io.netty.util.internal.PlatformDependent.<clinit>(PlatformDependent.java:88)
	at io.netty.util.AsciiString.<init>(AsciiString.java:223)
	at io.netty.util.AsciiString.<init>(AsciiString.java:210)
	at io.netty.util.AsciiString.cached(AsciiString.java:1401)
	at io.netty.util.AsciiString.<clinit>(AsciiString.java:48)
	at io.grpc.netty.Utils.<clinit>(Utils.java:78)
	at io.grpc.netty.UdsNettyChannelProvider.isAvailable(UdsNettyChannelProvider.java:34)
	at io.grpc.ManagedChannelRegistry$ManagedChannelPriorityAccessor.isAvailable(ManagedChannelRegistry.java:213)
	at io.grpc.ManagedChannelRegistry$ManagedChannelPriorityAccessor.isAvailable(ManagedChannelRegistry.java:209)
	at io.grpc.ServiceProviders.loadAll(ServiceProviders.java:68)
	at io.grpc.ManagedChannelRegistry.getDefaultRegistry(ManagedChannelRegistry.java:101)
	at io.grpc.ManagedChannelProvider.provider(ManagedChannelProvider.java:43)
	at io.grpc.ManagedChannelBuilder.forTarget(ManagedChannelBuilder.java:76)
	at io.pact.plugins.jvm.core.DefaultPluginManager$tryInitPlugin$1.invoke(PluginManager.kt:768)
	at io.pact.plugins.jvm.core.Utils.handleWith(Util.kt:42)
	at io.pact.plugins.jvm.core.DefaultPluginManager.tryInitPlugin(PluginManager.kt:767)
	at io.pact.plugins.jvm.core.DefaultPluginManager.initialisePlugin(PluginManager.kt:750)
	at io.pact.plugins.jvm.core.DefaultPluginManager.loadPlugin(PluginManager.kt:373)
	at au.com.dius.pact.consumer.dsl.PactBuilder.usingPlugin(PactBuilder.kt:97)
	at au.com.dius.pact.consumer.dsl.PactBuilder.usingPlugin$default(PactBuilder.kt:94)
	at au.com.dius.pact.consumer.dsl.PactBuilder.usingPlugin(PactBuilder.kt)
	at io.pact.example.grpc.consumer.PactConsumerTest.calculateRectangleArea(PactConsumerTest.java:45)
	at java.base/jdk.internal.reflect.NativeMethodAccessorImpl.invoke0(Native Method)
	at java.base/jdk.internal.reflect.NativeMethodAccessorImpl.invoke(NativeMethodAccessorImpl.java:62)
	at java.base/jdk.internal.reflect.DelegatingMethodAccessorImpl.invoke(DelegatingMethodAccessorImpl.java:43)
	at java.base/java.lang.reflect.Method.invoke(Method.java:566)
	at org.junit.platform.commons.util.ReflectionUtils.invokeMethod(ReflectionUtils.java:727)
	at org.junit.platform.commons.support.ReflectionSupport.invokeMethod(ReflectionSupport.java:198)
	at au.com.dius.pact.consumer.junit5.PactConsumerTestExt.lookupPact(PactConsumerTestExt.kt:430)
	at au.com.dius.pact.consumer.junit5.PactConsumerTestExt.setupMockServer(PactConsumerTestExt.kt:233)
	at au.com.dius.pact.consumer.junit5.PactConsumerTestExt.beforeTestExecution(PactConsumerTestExt.kt:218)
	at org.junit.jupiter.engine.descriptor.TestMethodTestDescriptor.lambda$invokeBeforeTestExecutionCallbacks$5(TestMethodTestDescriptor.java:191)
	at org.junit.jupiter.engine.descriptor.TestMethodTestDescriptor.lambda$invokeBeforeMethodsOrCallbacksUntilExceptionOccurs$6(TestMethodTestDescriptor.java:202)
	at org.junit.platform.engine.support.hierarchical.ThrowableCollector.execute(ThrowableCollector.java:73)
	at org.junit.jupiter.engine.descriptor.TestMethodTestDescriptor.invokeBeforeMethodsOrCallbacksUntilExceptionOccurs(TestMethodTestDescriptor.java:202)
	at org.junit.jupiter.engine.descriptor.TestMethodTestDescriptor.invokeBeforeTestExecutionCallbacks(TestMethodTestDescriptor.java:190)
	at org.junit.jupiter.engine.descriptor.TestMethodTestDescriptor.execute(TestMethodTestDescriptor.java:136)
	at org.junit.jupiter.engine.descriptor.TestMethodTestDescriptor.execute(TestMethodTestDescriptor.java:68)
	at org.junit.platform.engine.support.hierarchical.NodeTestTask.lambda$executeRecursively$6(NodeTestTask.java:151)
	at org.junit.platform.engine.support.hierarchical.ThrowableCollector.execute(ThrowableCollector.java:73)
	at org.junit.platform.engine.support.hierarchical.NodeTestTask.lambda$executeRecursively$8(NodeTestTask.java:141)
	at org.junit.platform.engine.support.hierarchical.Node.around(Node.java:137)
	at org.junit.platform.engine.support.hierarchical.NodeTestTask.lambda$executeRecursively$9(NodeTestTask.java:139)
	at org.junit.platform.engine.support.hierarchical.ThrowableCollector.execute(ThrowableCollector.java:73)
	at org.junit.platform.engine.support.hierarchical.NodeTestTask.executeRecursively(NodeTestTask.java:138)
	at org.junit.platform.engine.support.hierarchical.NodeTestTask.execute(NodeTestTask.java:95)
	at java.base/java.util.ArrayList.forEach(ArrayList.java:1541)
	at org.junit.platform.engine.support.hierarchical.SameThreadHierarchicalTestExecutorService.invokeAll(SameThreadHierarchicalTestExecutorService.java:41)
	at org.junit.platform.engine.support.hierarchical.NodeTestTask.lambda$executeRecursively$6(NodeTestTask.java:155)
	at org.junit.platform.engine.support.hierarchical.ThrowableCollector.execute(ThrowableCollector.java:73)
	at org.junit.platform.engine.support.hierarchical.NodeTestTask.lambda$executeRecursively$8(NodeTestTask.java:141)
	at org.junit.platform.engine.support.hierarchical.Node.around(Node.java:137)
	at org.junit.platform.engine.support.hierarchical.NodeTestTask.lambda$executeRecursively$9(NodeTestTask.java:139)
	at org.junit.platform.engine.support.hierarchical.ThrowableCollector.execute(ThrowableCollector.java:73)
	at org.junit.platform.engine.support.hierarchical.NodeTestTask.executeRecursively(NodeTestTask.java:138)
	at org.junit.platform.engine.support.hierarchical.NodeTestTask.execute(NodeTestTask.java:95)
	at java.base/java.util.ArrayList.forEach(ArrayList.java:1541)
	at org.junit.platform.engine.support.hierarchical.SameThreadHierarchicalTestExecutorService.invokeAll(SameThreadHierarchicalTestExecutorService.java:41)
	at org.junit.platform.engine.support.hierarchical.NodeTestTask.lambda$executeRecursively$6(NodeTestTask.java:155)
	at org.junit.platform.engine.support.hierarchical.ThrowableCollector.execute(ThrowableCollector.java:73)
	at org.junit.platform.engine.support.hierarchical.NodeTestTask.lambda$executeRecursively$8(NodeTestTask.java:141)
	at org.junit.platform.engine.support.hierarchical.Node.around(Node.java:137)
	at org.junit.platform.engine.support.hierarchical.NodeTestTask.lambda$executeRecursively$9(NodeTestTask.java:139)
	at org.junit.platform.engine.support.hierarchical.ThrowableCollector.execute(ThrowableCollector.java:73)
	at org.junit.platform.engine.support.hierarchical.NodeTestTask.executeRecursively(NodeTestTask.java:138)
	at org.junit.platform.engine.support.hierarchical.NodeTestTask.execute(NodeTestTask.java:95)
	at org.junit.platform.engine.support.hierarchical.SameThreadHierarchicalTestExecutorService.submit(SameThreadHierarchicalTestExecutorService.java:35)
	at org.junit.platform.engine.support.hierarchical.HierarchicalTestExecutor.execute(HierarchicalTestExecutor.java:57)
	at org.junit.platform.engine.support.hierarchical.HierarchicalTestEngine.execute(HierarchicalTestEngine.java:54)
	at org.junit.platform.launcher.core.EngineExecutionOrchestrator.execute(EngineExecutionOrchestrator.java:108)
	at org.junit.platform.launcher.core.EngineExecutionOrchestrator.execute(EngineExecutionOrchestrator.java:88)
	at org.junit.platform.launcher.core.EngineExecutionOrchestrator.lambda$execute$0(EngineExecutionOrchestrator.java:54)
	at org.junit.platform.launcher.core.EngineExecutionOrchestrator.withInterceptedStreams(EngineExecutionOrchestrator.java:67)
	at org.junit.platform.launcher.core.EngineExecutionOrchestrator.execute(EngineExecutionOrchestrator.java:52)
	at org.junit.platform.launcher.core.DefaultLauncher.execute(DefaultLauncher.java:96)
	at org.junit.platform.launcher.core.DefaultLauncher.execute(DefaultLauncher.java:75)
	at org.gradle.api.internal.tasks.testing.junitplatform.JUnitPlatformTestClassProcessor$CollectAllTestClassesExecutor.processAllTestClasses(JUnitPlatformTestClassProcessor.java:99)
	at org.gradle.api.internal.tasks.testing.junitplatform.JUnitPlatformTestClassProcessor$CollectAllTestClassesExecutor.access$000(JUnitPlatformTestClassProcessor.java:79)
	at org.gradle.api.internal.tasks.testing.junitplatform.JUnitPlatformTestClassProcessor.stop(JUnitPlatformTestClassProcessor.java:75)
	at org.gradle.api.internal.tasks.testing.SuiteTestClassProcessor.stop(SuiteTestClassProcessor.java:61)
	at java.base/jdk.internal.reflect.NativeMethodAccessorImpl.invoke0(Native Method)
	at java.base/jdk.internal.reflect.NativeMethodAccessorImpl.invoke(NativeMethodAccessorImpl.java:62)
	at java.base/jdk.internal.reflect.DelegatingMethodAccessorImpl.invoke(DelegatingMethodAccessorImpl.java:43)
	at java.base/java.lang.reflect.Method.invoke(Method.java:566)
	at org.gradle.internal.dispatch.ReflectionDispatch.dispatch(ReflectionDispatch.java:36)
	at org.gradle.internal.dispatch.ReflectionDispatch.dispatch(ReflectionDispatch.java:24)
	at org.gradle.internal.dispatch.ContextClassLoaderDispatch.dispatch(ContextClassLoaderDispatch.java:33)
	at org.gradle.internal.dispatch.ProxyDispatchAdapter$DispatchingInvocationHandler.invoke(ProxyDispatchAdapter.java:94)
	at com.sun.proxy.$Proxy2.stop(Unknown Source)
	at org.gradle.api.internal.tasks.testing.worker.TestWorker.stop(TestWorker.java:133)
	at java.base/jdk.internal.reflect.NativeMethodAccessorImpl.invoke0(Native Method)
	at java.base/jdk.internal.reflect.NativeMethodAccessorImpl.invoke(NativeMethodAccessorImpl.java:62)
	at java.base/jdk.internal.reflect.DelegatingMethodAccessorImpl.invoke(DelegatingMethodAccessorImpl.java:43)
	at java.base/java.lang.reflect.Method.invoke(Method.java:566)
	at org.gradle.internal.dispatch.ReflectionDispatch.dispatch(ReflectionDispatch.java:36)
	at org.gradle.internal.dispatch.ReflectionDispatch.dispatch(ReflectionDispatch.java:24)
	at org.gradle.internal.remote.internal.hub.MessageHubBackedObjectConnection$DispatchWrapper.dispatch(MessageHubBackedObjectConnection.java:182)
	at org.gradle.internal.remote.internal.hub.MessageHubBackedObjectConnection$DispatchWrapper.dispatch(MessageHubBackedObjectConnection.java:164)
	at org.gradle.internal.remote.internal.hub.MessageHub$Handler.run(MessageHub.java:414)
	at org.gradle.internal.concurrent.ExecutorPolicy$CatchAndRecordFailures.onExecute(ExecutorPolicy.java:64)
	at org.gradle.internal.concurrent.ManagedExecutorImpl$1.run(ManagedExecutorImpl.java:48)
	at java.base/java.util.concurrent.ThreadPoolExecutor.runWorker(ThreadPoolExecutor.java:1128)
	at java.base/java.util.concurrent.ThreadPoolExecutor$Worker.run(ThreadPoolExecutor.java:628)
	at org.gradle.internal.concurrent.ThreadFactoryImpl$ManagedThreadRunnable.run(ThreadFactoryImpl.java:56)
	at java.base/java.lang.Thread.run(Thread.java:829)
15:05:15.395 [Test worker] DEBUG i.n.util.internal.PlatformDependent0 - java.nio.DirectByteBuffer.<init>(long, int): unavailable
15:05:15.395 [Test worker] DEBUG i.n.util.internal.PlatformDependent - sun.misc.Unsafe: available
15:05:15.407 [Test worker] DEBUG i.n.util.internal.PlatformDependent - maxDirectMemory: 536870912 bytes (maybe)
15:05:15.407 [Test worker] DEBUG i.n.util.internal.PlatformDependent - -Dio.netty.tmpdir: /var/folders/0k/s_yng38s48z2w619fzthnfnh0000gn/T (java.io.tmpdir)
15:05:15.407 [Test worker] DEBUG i.n.util.internal.PlatformDependent - -Dio.netty.bitMode: 64 (sun.arch.data.model)
15:05:15.408 [Test worker] DEBUG i.n.util.internal.PlatformDependent - Platform: MacOS
15:05:15.409 [Test worker] DEBUG i.n.util.internal.PlatformDependent - -Dio.netty.maxDirectMemory: -1 bytes
15:05:15.409 [Test worker] DEBUG i.n.util.internal.PlatformDependent - -Dio.netty.uninitializedArrayAllocationThreshold: -1
15:05:15.410 [Test worker] DEBUG io.netty.util.internal.CleanerJava9 - java.nio.ByteBuffer.cleaner(): available
15:05:15.410 [Test worker] DEBUG i.n.util.internal.PlatformDependent - -Dio.netty.noPreferDirect: false
15:05:15.411 [Thread-4] DEBUG o.a.h.c.h.i.c.InternalHttpClient - ex-0000000001 preparing request execution
15:05:15.417 [Thread-4] DEBUG o.a.h.c.h.protocol.RequestAddCookies - ex-0000000001 Cookie spec selected: strict
15:05:15.420 [Thread-4] DEBUG o.a.h.c.h.protocol.RequestAuthCache - ex-0000000001 Auth cache not set in the context
15:05:15.421 [Thread-4] DEBUG o.a.h.c.h.impl.classic.ProtocolExec - ex-0000000001 target auth state: UNCHALLENGED
15:05:15.421 [Thread-4] DEBUG o.a.h.c.h.impl.classic.ProtocolExec - ex-0000000001 proxy auth state: UNCHALLENGED
15:05:15.421 [Thread-4] DEBUG o.a.h.c.h.impl.classic.ConnectExec - ex-0000000001 acquiring connection with route {s}->https://www.google-analytics.com:443
15:05:15.421 [Thread-4] DEBUG o.a.h.c.h.i.c.InternalHttpClient - ex-0000000001 acquiring endpoint (3 MINUTES)
15:05:15.422 [Thread-4] DEBUG o.a.h.c.h.i.i.PoolingHttpClientConnectionManager - ex-0000000001 endpoint lease request (3 MINUTES) [route: {s}->https://www.google-analytics.com:443][total available: 0; route allocated: 0 of 100; total allocated: 0 of 200]
15:05:15.425 [Thread-4] DEBUG o.a.h.c.h.i.i.PoolingHttpClientConnectionManager - ex-0000000001 endpoint leased [route: {s}->https://www.google-analytics.com:443][total available: 0; route allocated: 1 of 100; total allocated: 1 of 200]
15:05:15.434 [Thread-4] DEBUG o.a.h.c.h.i.i.PoolingHttpClientConnectionManager - ex-0000000001 acquired ep-0000000000
15:05:15.435 [Thread-4] DEBUG o.a.h.c.h.i.c.InternalHttpClient - ex-0000000001 acquired endpoint ep-0000000000
15:05:15.435 [Thread-4] DEBUG o.a.h.c.h.impl.classic.ConnectExec - ex-0000000001 opening connection {s}->https://www.google-analytics.com:443
15:05:15.436 [Thread-4] DEBUG o.a.h.c.h.i.c.InternalHttpClient - ep-0000000000 connecting endpoint (3 MINUTES)
15:05:15.436 [Thread-4] DEBUG o.a.h.c.h.i.i.PoolingHttpClientConnectionManager - ep-0000000000 connecting endpoint to https://www.google-analytics.com:443 (3 MINUTES)
15:05:15.443 [Thread-4] DEBUG o.a.h.c.h.i.i.DefaultHttpClientConnectionOperator - http-outgoing-0 connecting to www.google-analytics.com/142.250.192.46:443
15:05:15.443 [Thread-4] DEBUG o.a.h.c.h.s.SSLConnectionSocketFactory - Connecting socket to www.google-analytics.com/142.250.192.46:443 with timeout 3 MINUTES
15:05:15.486 [Thread-4] DEBUG o.a.h.c.h.s.SSLConnectionSocketFactory - Enabled protocols: [TLSv1.3, TLSv1.2]
15:05:15.486 [Thread-4] DEBUG o.a.h.c.h.s.SSLConnectionSocketFactory - Enabled cipher suites: [TLS_AES_256_GCM_SHA384, TLS_AES_128_GCM_SHA256, TLS_CHACHA20_POLY1305_SHA256, TLS_ECDHE_ECDSA_WITH_AES_256_GCM_SHA384, TLS_ECDHE_ECDSA_WITH_AES_128_GCM_SHA256, TLS_ECDHE_ECDSA_WITH_CHACHA20_POLY1305_SHA256, TLS_ECDHE_RSA_WITH_AES_256_GCM_SHA384, TLS_ECDHE_RSA_WITH_CHACHA20_POLY1305_SHA256, TLS_ECDHE_RSA_WITH_AES_128_GCM_SHA256, TLS_DHE_RSA_WITH_AES_256_GCM_SHA384, TLS_DHE_RSA_WITH_CHACHA20_POLY1305_SHA256, TLS_DHE_DSS_WITH_AES_256_GCM_SHA384, TLS_DHE_RSA_WITH_AES_128_GCM_SHA256, TLS_DHE_DSS_WITH_AES_128_GCM_SHA256, TLS_ECDHE_ECDSA_WITH_AES_256_CBC_SHA384, TLS_ECDHE_RSA_WITH_AES_256_CBC_SHA384, TLS_ECDHE_ECDSA_WITH_AES_128_CBC_SHA256, TLS_ECDHE_RSA_WITH_AES_128_CBC_SHA256, TLS_DHE_RSA_WITH_AES_256_CBC_SHA256, TLS_DHE_DSS_WITH_AES_256_CBC_SHA256, TLS_DHE_RSA_WITH_AES_128_CBC_SHA256, TLS_DHE_DSS_WITH_AES_128_CBC_SHA256, TLS_ECDH_ECDSA_WITH_AES_256_GCM_SHA384, TLS_ECDH_RSA_WITH_AES_256_GCM_SHA384, TLS_ECDH_ECDSA_WITH_AES_128_GCM_SHA256, TLS_ECDH_RSA_WITH_AES_128_GCM_SHA256, TLS_ECDH_ECDSA_WITH_AES_256_CBC_SHA384, TLS_ECDH_RSA_WITH_AES_256_CBC_SHA384, TLS_ECDH_ECDSA_WITH_AES_128_CBC_SHA256, TLS_ECDH_RSA_WITH_AES_128_CBC_SHA256, TLS_ECDHE_ECDSA_WITH_AES_256_CBC_SHA, TLS_ECDHE_RSA_WITH_AES_256_CBC_SHA, TLS_ECDHE_ECDSA_WITH_AES_128_CBC_SHA, TLS_ECDHE_RSA_WITH_AES_128_CBC_SHA, TLS_DHE_RSA_WITH_AES_256_CBC_SHA, TLS_DHE_DSS_WITH_AES_256_CBC_SHA, TLS_DHE_RSA_WITH_AES_128_CBC_SHA, TLS_DHE_DSS_WITH_AES_128_CBC_SHA, TLS_ECDH_ECDSA_WITH_AES_256_CBC_SHA, TLS_ECDH_RSA_WITH_AES_256_CBC_SHA, TLS_ECDH_ECDSA_WITH_AES_128_CBC_SHA, TLS_ECDH_RSA_WITH_AES_128_CBC_SHA, TLS_RSA_WITH_AES_256_GCM_SHA384, TLS_RSA_WITH_AES_128_GCM_SHA256, TLS_RSA_WITH_AES_256_CBC_SHA256, TLS_RSA_WITH_AES_128_CBC_SHA256, TLS_RSA_WITH_AES_256_CBC_SHA, TLS_RSA_WITH_AES_128_CBC_SHA, TLS_EMPTY_RENEGOTIATION_INFO_SCSV]
15:05:15.486 [Thread-4] DEBUG o.a.h.c.h.s.SSLConnectionSocketFactory - Starting handshake
15:05:15.496 [Test worker] DEBUG i.n.c.MultithreadEventLoopGroup - -Dio.netty.eventLoopThreads: 24
15:05:15.508 [Test worker] DEBUG i.n.u.i.InternalThreadLocalMap - -Dio.netty.threadLocalMap.stringBuilder.initialSize: 1024
15:05:15.509 [Test worker] DEBUG i.n.u.i.InternalThreadLocalMap - -Dio.netty.threadLocalMap.stringBuilder.maxSize: 4096
15:05:15.514 [Test worker] DEBUG io.netty.channel.nio.NioEventLoop - -Dio.netty.noKeySetOptimization: false
15:05:15.514 [Test worker] DEBUG io.netty.channel.nio.NioEventLoop - -Dio.netty.selectorAutoRebuildThreshold: 512
15:05:15.521 [Test worker] DEBUG i.n.util.internal.PlatformDependent - org.jctools-core.MpscChunkedArrayQueue: available
15:05:15.525 [Test worker] TRACE io.netty.channel.nio.NioEventLoop - instrumented a special java.util.Set into: sun.nio.ch.KQueueSelectorImpl@c52db
15:05:15.525 [Test worker] TRACE io.netty.channel.nio.NioEventLoop - instrumented a special java.util.Set into: sun.nio.ch.KQueueSelectorImpl@295c001f
15:05:15.525 [Test worker] TRACE io.netty.channel.nio.NioEventLoop - instrumented a special java.util.Set into: sun.nio.ch.KQueueSelectorImpl@1ab59f56
15:05:15.525 [Test worker] TRACE io.netty.channel.nio.NioEventLoop - instrumented a special java.util.Set into: sun.nio.ch.KQueueSelectorImpl@6dfc269
15:05:15.525 [Test worker] TRACE io.netty.channel.nio.NioEventLoop - instrumented a special java.util.Set into: sun.nio.ch.KQueueSelectorImpl@38d4a0cb
15:05:15.526 [Test worker] TRACE io.netty.channel.nio.NioEventLoop - instrumented a special java.util.Set into: sun.nio.ch.KQueueSelectorImpl@71411336
15:05:15.526 [Test worker] TRACE io.netty.channel.nio.NioEventLoop - instrumented a special java.util.Set into: sun.nio.ch.KQueueSelectorImpl@47387d67
15:05:15.526 [Test worker] TRACE io.netty.channel.nio.NioEventLoop - instrumented a special java.util.Set into: sun.nio.ch.KQueueSelectorImpl@3f8c3363
15:05:15.526 [Test worker] TRACE io.netty.channel.nio.NioEventLoop - instrumented a special java.util.Set into: sun.nio.ch.KQueueSelectorImpl@22431ea1
15:05:15.526 [Test worker] TRACE io.netty.channel.nio.NioEventLoop - instrumented a special java.util.Set into: sun.nio.ch.KQueueSelectorImpl@5be2617c
15:05:15.526 [Test worker] TRACE io.netty.channel.nio.NioEventLoop - instrumented a special java.util.Set into: sun.nio.ch.KQueueSelectorImpl@5fb5fc22
15:05:15.526 [Test worker] TRACE io.netty.channel.nio.NioEventLoop - instrumented a special java.util.Set into: sun.nio.ch.KQueueSelectorImpl@1fcdb9c
15:05:15.637 [grpc-default-executor-0] DEBUG io.netty.util.ResourceLeakDetector - -Dio.netty.leakDetection.level: simple
15:05:15.637 [grpc-default-executor-0] DEBUG io.netty.util.ResourceLeakDetector - -Dio.netty.leakDetection.targetRecords: 4
15:05:15.646 [grpc-default-executor-0] DEBUG io.netty.buffer.AbstractByteBuf - -Dio.netty.buffer.checkAccessible: true
15:05:15.647 [grpc-default-executor-0] DEBUG io.netty.buffer.AbstractByteBuf - -Dio.netty.buffer.checkBounds: true
15:05:15.648 [grpc-default-executor-0] DEBUG i.n.util.ResourceLeakDetectorFactory - Loaded default ResourceLeakDetector: io.netty.util.ResourceLeakDetector@23922363
15:05:15.688 [Thread-4] DEBUG o.a.h.c.h.s.SSLConnectionSocketFactory - Secure session established
15:05:15.688 [Thread-4] DEBUG o.a.h.c.h.s.SSLConnectionSocketFactory -  negotiated protocol: TLSv1.3
15:05:15.689 [Thread-4] DEBUG o.a.h.c.h.s.SSLConnectionSocketFactory -  negotiated cipher suite: TLS_AES_256_GCM_SHA384
15:05:15.689 [Thread-4] DEBUG o.a.h.c.h.s.SSLConnectionSocketFactory -  peer principal: CN=*.google-analytics.com
15:05:15.689 [Thread-4] DEBUG o.a.h.c.h.s.SSLConnectionSocketFactory -  peer alternative names: [*.google-analytics.com, region1.app-measurement.com, app-measurement.com, google-analytics.com, region1.google-analytics.com, ssl.google-analytics.com, www.google-analytics.com, region1.analytics.google.com, googletagmanager.com, www.googletagmanager.com, urchin.com, service.urchin.com, fps.goog, *.fps.goog, googleoptimize.com, www.googleoptimize.com]
15:05:15.689 [Thread-4] DEBUG o.a.h.c.h.s.SSLConnectionSocketFactory -  issuer principal: CN=GTS CA 1C3, O=Google Trust Services LLC, C=US
15:05:15.691 [Thread-4] DEBUG o.a.h.c.h.i.i.DefaultHttpClientConnectionOperator - http-outgoing-0 connection established 192.168.29.155:53789<->142.250.192.46:443
15:05:15.692 [Thread-4] DEBUG o.a.h.c.h.i.i.PoolingHttpClientConnectionManager - ep-0000000000 connected http-outgoing-0
15:05:15.692 [Thread-4] DEBUG o.a.h.c.h.i.c.InternalHttpClient - ep-0000000000 endpoint connected
15:05:15.692 [Thread-4] DEBUG o.a.h.c.h.i.classic.MainClientExec - ex-0000000001 executing POST /collect HTTP/1.1
15:05:15.692 [Thread-4] DEBUG o.a.h.c.h.i.c.InternalHttpClient - ep-0000000000 start execution ex-0000000001
15:05:15.693 [Thread-4] DEBUG o.a.h.c.h.i.i.PoolingHttpClientConnectionManager - ep-0000000000 executing exchange ex-0000000001 over http-outgoing-0
15:05:15.693 [Thread-4] DEBUG org.apache.hc.client5.http.headers - http-outgoing-0 >> POST /collect HTTP/1.1
15:05:15.693 [Thread-4] DEBUG org.apache.hc.client5.http.headers - http-outgoing-0 >> Accept-Encoding: gzip, x-gzip, deflate
15:05:15.693 [Thread-4] DEBUG org.apache.hc.client5.http.headers - http-outgoing-0 >> Content-Length: 253
15:05:15.693 [Thread-4] DEBUG org.apache.hc.client5.http.headers - http-outgoing-0 >> Content-Type: application/x-www-form-urlencoded; charset=ISO-8859-1
15:05:15.693 [Thread-4] DEBUG org.apache.hc.client5.http.headers - http-outgoing-0 >> Host: www.google-analytics.com
15:05:15.694 [Thread-4] DEBUG org.apache.hc.client5.http.headers - http-outgoing-0 >> Connection: keep-alive
15:05:15.694 [Thread-4] DEBUG org.apache.hc.client5.http.headers - http-outgoing-0 >> User-Agent: Apache-HttpClient/5.1.3 (Java/11.0.13)
15:05:15.694 [Thread-4] DEBUG org.apache.hc.client5.http.wire - http-outgoing-0 >> "POST /collect HTTP/1.1[\r][\n]"
15:05:15.694 [Thread-4] DEBUG org.apache.hc.client5.http.wire - http-outgoing-0 >> "Accept-Encoding: gzip, x-gzip, deflate[\r][\n]"
15:05:15.695 [Thread-4] DEBUG org.apache.hc.client5.http.wire - http-outgoing-0 >> "Content-Length: 253[\r][\n]"
15:05:15.695 [Thread-4] DEBUG org.apache.hc.client5.http.wire - http-outgoing-0 >> "Content-Type: application/x-www-form-urlencoded; charset=ISO-8859-1[\r][\n]"
15:05:15.695 [Thread-4] DEBUG org.apache.hc.client5.http.wire - http-outgoing-0 >> "Host: www.google-analytics.com[\r][\n]"
15:05:15.695 [Thread-4] DEBUG org.apache.hc.client5.http.wire - http-outgoing-0 >> "Connection: keep-alive[\r][\n]"
15:05:15.695 [Thread-4] DEBUG org.apache.hc.client5.http.wire - http-outgoing-0 >> "User-Agent: Apache-HttpClient/5.1.3 (Java/11.0.13)[\r][\n]"
15:05:15.695 [Thread-4] DEBUG org.apache.hc.client5.http.wire - http-outgoing-0 >> "[\r][\n]"
15:05:15.695 [Thread-4] DEBUG org.apache.hc.client5.http.wire - http-outgoing-0 >> "v=1&t=event&tid=UA-117778936-1&cid=e5055a8685601fcd821493daacce8417&an=pact-plugins-jvm&aid=pact-plugins-jvm&av=0.1.8&aip=true&ds=client&cd2=unknown&cd3=mac+os+x-x86_64&cd4=protobuf&cd5=0.1.5&cd7=11.0.13%2B8-LTS&el=Plugin+loaded&ec=Plugin&ea=Loaded&ev=1"
15:05:15.702 [grpc-default-executor-0] DEBUG i.n.buffer.PooledByteBufAllocator - -Dio.netty.allocator.numHeapArenas: 21
15:05:15.703 [grpc-default-executor-0] DEBUG i.n.buffer.PooledByteBufAllocator - -Dio.netty.allocator.numDirectArenas: 21
15:05:15.703 [grpc-default-executor-0] DEBUG i.n.buffer.PooledByteBufAllocator - -Dio.netty.allocator.pageSize: 8192
15:05:15.703 [grpc-default-executor-0] DEBUG i.n.buffer.PooledByteBufAllocator - -Dio.netty.allocator.maxOrder: 9
15:05:15.703 [grpc-default-executor-0] DEBUG i.n.buffer.PooledByteBufAllocator - -Dio.netty.allocator.chunkSize: 4194304
15:05:15.703 [grpc-default-executor-0] DEBUG i.n.buffer.PooledByteBufAllocator - -Dio.netty.allocator.smallCacheSize: 256
15:05:15.703 [grpc-default-executor-0] DEBUG i.n.buffer.PooledByteBufAllocator - -Dio.netty.allocator.normalCacheSize: 64
15:05:15.703 [grpc-default-executor-0] DEBUG i.n.buffer.PooledByteBufAllocator - -Dio.netty.allocator.maxCachedBufferCapacity: 32768
15:05:15.703 [grpc-default-executor-0] DEBUG i.n.buffer.PooledByteBufAllocator - -Dio.netty.allocator.cacheTrimInterval: 8192
15:05:15.703 [grpc-default-executor-0] DEBUG i.n.buffer.PooledByteBufAllocator - -Dio.netty.allocator.cacheTrimIntervalMillis: 0
15:05:15.703 [grpc-default-executor-0] DEBUG i.n.buffer.PooledByteBufAllocator - -Dio.netty.allocator.useCacheForAllThreads: false
15:05:15.703 [grpc-default-executor-0] DEBUG i.n.buffer.PooledByteBufAllocator - -Dio.netty.allocator.maxCachedByteBuffersPerChunk: 1023
15:05:15.722 [grpc-default-executor-0] DEBUG io.netty.channel.DefaultChannelId - -Dio.netty.processId: 46036 (auto-detected)
15:05:15.724 [grpc-default-executor-0] DEBUG io.netty.util.NetUtil - -Djava.net.preferIPv4Stack: false
15:05:15.724 [grpc-default-executor-0] DEBUG io.netty.util.NetUtil - -Djava.net.preferIPv6Addresses: false
15:05:15.727 [grpc-default-executor-0] DEBUG io.netty.util.NetUtilInitializations - Loopback interface: lo0 (lo0, 0:0:0:0:0:0:0:1%lo0)
15:05:15.728 [grpc-default-executor-0] DEBUG io.netty.util.NetUtil - Failed to get SOMAXCONN from sysctl and file /proc/sys/net/core/somaxconn. Default: 128
15:05:15.731 [grpc-default-executor-0] DEBUG io.netty.channel.DefaultChannelId - -Dio.netty.machineId: 88:66:5a:ff:fe:23:bf:64 (auto-detected)
15:05:15.750 [grpc-default-executor-0] DEBUG io.netty.buffer.ByteBufUtil - -Dio.netty.allocator.type: pooled
15:05:15.750 [grpc-default-executor-0] DEBUG io.netty.buffer.ByteBufUtil - -Dio.netty.threadLocalDirectBufferSize: 0
15:05:15.750 [grpc-default-executor-0] DEBUG io.netty.buffer.ByteBufUtil - -Dio.netty.maxThreadLocalCharBufferSize: 16384
15:05:15.762 [grpc-default-executor-0] DEBUG io.netty.util.Recycler - -Dio.netty.recycler.maxCapacityPerThread: 4096
15:05:15.762 [grpc-default-executor-0] DEBUG io.netty.util.Recycler - -Dio.netty.recycler.ratio: 8
15:05:15.762 [grpc-default-executor-0] DEBUG io.netty.util.Recycler - -Dio.netty.recycler.chunkSize: 32
15:05:15.762 [grpc-default-executor-0] DEBUG io.netty.util.Recycler - -Dio.netty.recycler.blocking: false
15:05:15.768 [Thread-5] DEBUG i.pact.plugins.jvm.core.ChildProcess - Plugin protobuf [46038] || ?[2m2023-03-27T09:35:15.768042Z?[0m ?[34mDEBUG?[0m tokio-runtime-worker ?[1mserver_handshake?[0m?[2m:?[0m?[1mFramedWrite::buffer?[0m?[1m{?[0m?[3mframe?[0m?[2m=?[0mSettings { flags: (0x0), initial_window_size: 1048576, max_frame_size: 16384 }?[1m}?[0m?[2m:?[0m ?[2mh2::codec::framed_write?[0m?[2m:?[0m send ?[3mframe?[0m?[2m=?[0mSettings { flags: (0x0), initial_window_size: 1048576, max_frame_size: 16384 }
15:05:15.768 [Thread-5] DEBUG i.pact.plugins.jvm.core.ChildProcess - Plugin protobuf [46038] || ?[2m2023-03-27T09:35:15.768080Z?[0m ?[35mTRACE?[0m tokio-runtime-worker ?[1mserver_handshake?[0m?[2m:?[0m?[1mFramedWrite::buffer?[0m?[1m{?[0m?[3mframe?[0m?[2m=?[0mSettings { flags: (0x0), initial_window_size: 1048576, max_frame_size: 16384 }?[1m}?[0m?[2m:?[0m ?[2mh2::frame::settings?[0m?[2m:?[0m encoding SETTINGS; len=12
15:05:15.768 [Thread-5] DEBUG i.pact.plugins.jvm.core.ChildProcess - Plugin protobuf [46038] || ?[2m2023-03-27T09:35:15.768094Z?[0m ?[35mTRACE?[0m tokio-runtime-worker ?[1mserver_handshake?[0m?[2m:?[0m?[1mFramedWrite::buffer?[0m?[1m{?[0m?[3mframe?[0m?[2m=?[0mSettings { flags: (0x0), initial_window_size: 1048576, max_frame_size: 16384 }?[1m}?[0m?[2m:?[0m ?[2mh2::frame::settings?[0m?[2m:?[0m encoding setting; val=InitialWindowSize(1048576)
15:05:15.768 [Thread-5] DEBUG i.pact.plugins.jvm.core.ChildProcess - Plugin protobuf [46038] || ?[2m2023-03-27T09:35:15.768113Z?[0m ?[35mTRACE?[0m tokio-runtime-worker ?[1mserver_handshake?[0m?[2m:?[0m?[1mFramedWrite::buffer?[0m?[1m{?[0m?[3mframe?[0m?[2m=?[0mSettings { flags: (0x0), initial_window_size: 1048576, max_frame_size: 16384 }?[1m}?[0m?[2m:?[0m ?[2mh2::frame::settings?[0m?[2m:?[0m encoding setting; val=MaxFrameSize(16384)
15:05:15.768 [Thread-5] DEBUG i.pact.plugins.jvm.core.ChildProcess - Plugin protobuf [46038] || ?[2m2023-03-27T09:35:15.768124Z?[0m ?[35mTRACE?[0m tokio-runtime-worker ?[1mserver_handshake?[0m?[2m:?[0m?[1mFramedWrite::buffer?[0m?[1m{?[0m?[3mframe?[0m?[2m=?[0mSettings { flags: (0x0), initial_window_size: 1048576, max_frame_size: 16384 }?[1m}?[0m?[2m:?[0m ?[2mh2::codec::framed_write?[0m?[2m:?[0m encoded settings ?[3mrem?[0m?[2m=?[0m21
15:05:15.768 [Thread-5] DEBUG i.pact.plugins.jvm.core.ChildProcess - Plugin protobuf [46038] || ?[2m2023-03-27T09:35:15.768190Z?[0m ?[35mTRACE?[0m tokio-runtime-worker ?[1mserver_handshake?[0m?[2m:?[0m ?[2mh2::server?[0m?[2m:?[0m ?[3mstate?[0m?[2m=?[0mFlushing(_)
15:05:15.768 [Thread-5] DEBUG i.pact.plugins.jvm.core.ChildProcess - Plugin protobuf [46038] || ?[2m2023-03-27T09:35:15.768222Z?[0m ?[35mTRACE?[0m tokio-runtime-worker ?[1mserver_handshake?[0m?[2m:?[0m?[1mflush?[0m?[2m:?[0m?[1mFramedWrite::flush?[0m?[2m:?[0m ?[2mh2::codec::framed_write?[0m?[2m:?[0m ?[3mqueued_data_frame?[0m?[2m=?[0mfalse
15:05:15.769 [Thread-5] DEBUG i.pact.plugins.jvm.core.ChildProcess - Plugin protobuf [46038] || ?[2m2023-03-27T09:35:15.768260Z?[0m ?[35mTRACE?[0m tokio-runtime-worker ?[1mserver_handshake?[0m?[2m:?[0m?[1mflush?[0m?[2m:?[0m?[1mFramedWrite::flush?[0m?[2m:?[0m ?[2mh2::codec::framed_write?[0m?[2m:?[0m flushing buffer
15:05:15.769 [Thread-5] DEBUG i.pact.plugins.jvm.core.ChildProcess - Plugin protobuf [46038] || ?[2m2023-03-27T09:35:15.768295Z?[0m ?[35mTRACE?[0m tokio-runtime-worker ?[1mserver_handshake?[0m?[2m:?[0m ?[2mh2::server?[0m?[2m:?[0m ?[3mflush.poll?[0m?[2m=?[0mReady
15:05:15.781 [Thread-4] DEBUG org.apache.hc.client5.http.wire - http-outgoing-0 << "HTTP/1.1 200 OK[\r][\n]"
15:05:15.781 [Thread-4] DEBUG org.apache.hc.client5.http.wire - http-outgoing-0 << "Access-Control-Allow-Origin: *[\r][\n]"
15:05:15.782 [Thread-4] DEBUG org.apache.hc.client5.http.wire - http-outgoing-0 << "Date: Mon, 27 Mar 2023 09:35:16 GMT[\r][\n]"
15:05:15.782 [grpc-nio-worker-ELG-1-2] DEBUG io.grpc.netty.NettyClientHandler - [id: 0x3c962551, L:/0:0:0:0:0:0:0:1:53790 - R:/0:0:0:0:0:0:0:1:53788] OUTBOUND SETTINGS: ack=false settings={ENABLE_PUSH=0, MAX_CONCURRENT_STREAMS=0, INITIAL_WINDOW_SIZE=1048576, MAX_HEADER_LIST_SIZE=8192}
15:05:15.782 [Thread-4] DEBUG org.apache.hc.client5.http.wire - http-outgoing-0 << "Pragma: no-cache[\r][\n]"
15:05:15.782 [Thread-4] DEBUG org.apache.hc.client5.http.wire - http-outgoing-0 << "Expires: Fri, 01 Jan 1990 00:00:00 GMT[\r][\n]"
15:05:15.782 [Thread-4] DEBUG org.apache.hc.client5.http.wire - http-outgoing-0 << "Cache-Control: no-cache, no-store, must-revalidate[\r][\n]"
15:05:15.782 [Thread-4] DEBUG org.apache.hc.client5.http.wire - http-outgoing-0 << "Last-Modified: Sun, 17 May 1998 03:00:00 GMT[\r][\n]"
15:05:15.782 [Thread-4] DEBUG org.apache.hc.client5.http.wire - http-outgoing-0 << "X-Content-Type-Options: nosniff[\r][\n]"
15:05:15.782 [Thread-4] DEBUG org.apache.hc.client5.http.wire - http-outgoing-0 << "Content-Type: image/gif[\r][\n]"
15:05:15.782 [Thread-4] DEBUG org.apache.hc.client5.http.wire - http-outgoing-0 << "Cross-Origin-Resource-Policy: cross-origin[\r][\n]"
15:05:15.782 [Thread-4] DEBUG org.apache.hc.client5.http.wire - http-outgoing-0 << "Server: Golfe2[\r][\n]"
15:05:15.782 [Thread-4] DEBUG org.apache.hc.client5.http.wire - http-outgoing-0 << "Content-Length: 35[\r][\n]"
15:05:15.782 [Thread-4] DEBUG org.apache.hc.client5.http.wire - http-outgoing-0 << "Alt-Svc: h3=":443"; ma=2592000,h3-29=":443"; ma=2592000[\r][\n]"
15:05:15.782 [Thread-4] DEBUG org.apache.hc.client5.http.wire - http-outgoing-0 << "[\r][\n]"
15:05:15.782 [Thread-4] DEBUG org.apache.hc.client5.http.wire - http-outgoing-0 << "GIF89a[0x1][0x0][0x1][0x0][0xffffff80][0xffffffff][0x0][0xffffffff][0xffffffff][0xffffffff][0x0][0x0][0x0],[0x0][0x0][0x0][0x0][0x1][0x0][0x1][0x0][0x0][0x2][0x2]D[0x1][0x0];"
15:05:15.785 [Thread-4] DEBUG org.apache.hc.client5.http.headers - http-outgoing-0 << HTTP/1.1 200 OK
15:05:15.785 [Thread-4] DEBUG org.apache.hc.client5.http.headers - http-outgoing-0 << Access-Control-Allow-Origin: *
15:05:15.785 [Thread-4] DEBUG org.apache.hc.client5.http.headers - http-outgoing-0 << Date: Mon, 27 Mar 2023 09:35:16 GMT
15:05:15.785 [Thread-4] DEBUG org.apache.hc.client5.http.headers - http-outgoing-0 << Pragma: no-cache
15:05:15.785 [Thread-4] DEBUG org.apache.hc.client5.http.headers - http-outgoing-0 << Expires: Fri, 01 Jan 1990 00:00:00 GMT
15:05:15.785 [Thread-4] DEBUG org.apache.hc.client5.http.headers - http-outgoing-0 << Cache-Control: no-cache, no-store, must-revalidate
15:05:15.785 [Thread-4] DEBUG org.apache.hc.client5.http.headers - http-outgoing-0 << Last-Modified: Sun, 17 May 1998 03:00:00 GMT
15:05:15.785 [Thread-4] DEBUG org.apache.hc.client5.http.headers - http-outgoing-0 << X-Content-Type-Options: nosniff
15:05:15.785 [Thread-4] DEBUG org.apache.hc.client5.http.headers - http-outgoing-0 << Content-Type: image/gif
15:05:15.785 [Thread-4] DEBUG org.apache.hc.client5.http.headers - http-outgoing-0 << Cross-Origin-Resource-Policy: cross-origin
15:05:15.786 [Thread-4] DEBUG org.apache.hc.client5.http.headers - http-outgoing-0 << Server: Golfe2
15:05:15.786 [Thread-4] DEBUG org.apache.hc.client5.http.headers - http-outgoing-0 << Content-Length: 35
15:05:15.786 [Thread-4] DEBUG org.apache.hc.client5.http.headers - http-outgoing-0 << Alt-Svc: h3=":443"; ma=2592000,h3-29=":443"; ma=2592000
15:05:15.790 [Thread-4] DEBUG o.a.h.c.h.i.classic.MainClientExec - ex-0000000001 connection can be kept alive for 3 MINUTES
15:05:15.794 [Thread-4] DEBUG o.a.h.c.h.i.c.InternalHttpClient - ep-0000000000 releasing valid endpoint
15:05:15.794 [Thread-4] DEBUG o.a.h.c.h.i.i.PoolingHttpClientConnectionManager - ep-0000000000 releasing endpoint
15:05:15.795 [grpc-nio-worker-ELG-1-2] DEBUG io.grpc.netty.NettyClientHandler - [id: 0x3c962551, L:/0:0:0:0:0:0:0:1:53790 - R:/0:0:0:0:0:0:0:1:53788] OUTBOUND WINDOW_UPDATE: streamId=0 windowSizeIncrement=983041
15:05:15.795 [Thread-4] DEBUG o.a.h.c.h.i.i.PoolingHttpClientConnectionManager - ep-0000000000 connection http-outgoing-0 can be kept alive for 3 MINUTES
15:05:15.796 [Thread-4] DEBUG o.a.h.c.h.i.i.PoolingHttpClientConnectionManager - ep-0000000000 connection released [route: {s}->https://www.google-analytics.com:443][total available: 1; route allocated: 1 of 100; total allocated: 1 of 200]
15:05:15.798 [Thread-5] DEBUG i.pact.plugins.jvm.core.ChildProcess - Plugin protobuf [46038] || ?[2m2023-03-27T09:35:15.797794Z?[0m ?[35mTRACE?[0m tokio-runtime-worker ?[1mserver_handshake?[0m?[2m:?[0m ?[2mh2::server?[0m?[2m:?[0m ?[3mstate?[0m?[2m=?[0mReadingPreface(_)
15:05:15.798 [Thread-5] DEBUG i.pact.plugins.jvm.core.ChildProcess - Plugin protobuf [46038] || ?[2m2023-03-27T09:35:15.798013Z?[0m ?[35mTRACE?[0m tokio-runtime-worker ?[1mserver_handshake?[0m?[2m:?[0m ?[2mh2::proto::streams::flow_control?[0m?[2m:?[0m inc_window; sz=65535; old=0; new=65535
15:05:15.798 [Thread-5] DEBUG i.pact.plugins.jvm.core.ChildProcess - Plugin protobuf [46038] || ?[2m2023-03-27T09:35:15.798058Z?[0m ?[35mTRACE?[0m tokio-runtime-worker ?[1mserver_handshake?[0m?[2m:?[0m ?[2mh2::proto::streams::flow_control?[0m?[2m:?[0m inc_window; sz=65535; old=0; new=65535
15:05:15.799 [Thread-5] DEBUG i.pact.plugins.jvm.core.ChildProcess - Plugin protobuf [46038] || ?[2m2023-03-27T09:35:15.798076Z?[0m ?[35mTRACE?[0m tokio-runtime-worker ?[1mserver_handshake?[0m?[2m:?[0m ?[2mh2::proto::streams::prioritize?[0m?[2m:?[0m Prioritize::new; flow=FlowControl { window_size: Window(65535), available: Window(65535) }
15:05:15.799 [Thread-5] DEBUG i.pact.plugins.jvm.core.ChildProcess - Plugin protobuf [46038] || ?[2m2023-03-27T09:35:15.798177Z?[0m ?[35mTRACE?[0m tokio-runtime-worker ?[1mserver_handshake?[0m?[2m:?[0m ?[2mh2::server?[0m?[2m:?[0m connection established!
15:05:15.799 [Thread-5] DEBUG i.pact.plugins.jvm.core.ChildProcess - Plugin protobuf [46038] || ?[2m2023-03-27T09:35:15.798208Z?[0m ?[35mTRACE?[0m tokio-runtime-worker ?[1mserver_handshake?[0m?[2m:?[0m ?[2mh2::proto::streams::recv?[0m?[2m:?[0m set_target_connection_window; target=1048576; available=65535, reserved=0
15:05:15.799 [Thread-5] DEBUG i.pact.plugins.jvm.core.ChildProcess - Plugin protobuf [46038] || ?[2m2023-03-27T09:35:15.798258Z?[0m ?[35mTRACE?[0m tokio-runtime-worker ?[1mserver_handshake?[0m?[2m:?[0m?[1mConnection?[0m?[1m{?[0m?[3mpeer?[0m?[2m=?[0mServer?[1m}?[0m?[2m:?[0m?[1mpoll?[0m?[2m:?[0m ?[2mh2::proto::connection?[0m?[2m:?[0m ?[3mconnection.state?[0m?[2m=?[0mOpen
15:05:15.799 [Thread-5] DEBUG i.pact.plugins.jvm.core.ChildProcess - Plugin protobuf [46038] || ?[2m2023-03-27T09:35:15.798335Z?[0m ?[35mTRACE?[0m tokio-runtime-worker ?[1mserver_handshake?[0m?[2m:?[0m?[1mConnection?[0m?[1m{?[0m?[3mpeer?[0m?[2m=?[0mServer?[1m}?[0m?[2m:?[0m?[1mpoll?[0m?[2m:?[0m?[1mFramedRead::poll_next?[0m?[2m:?[0m ?[2mh2::codec::framed_read?[0m?[2m:?[0m poll
15:05:15.799 [Thread-5] DEBUG i.pact.plugins.jvm.core.ChildProcess - Plugin protobuf [46038] || ?[2m2023-03-27T09:35:15.798381Z?[0m ?[35mTRACE?[0m tokio-runtime-worker ?[1mserver_handshake?[0m?[2m:?[0m?[1mConnection?[0m?[1m{?[0m?[3mpeer?[0m?[2m=?[0mServer?[1m}?[0m?[2m:?[0m?[1mpoll?[0m?[2m:?[0m?[1mFramedRead::poll_next?[0m?[2m:?[0m ?[2mtokio_util::codec::framed_impl?[0m?[2m:?[0m attempting to decode a frame
15:05:15.799 [Thread-5] DEBUG i.pact.plugins.jvm.core.ChildProcess - Plugin protobuf [46038] || ?[2m2023-03-27T09:35:15.798401Z?[0m ?[35mTRACE?[0m tokio-runtime-worker ?[1mserver_handshake?[0m?[2m:?[0m?[1mConnection?[0m?[1m{?[0m?[3mpeer?[0m?[2m=?[0mServer?[1m}?[0m?[2m:?[0m?[1mpoll?[0m?[2m:?[0m?[1mFramedRead::poll_next?[0m?[2m:?[0m ?[2mtokio_util::codec::framed_impl?[0m?[2m:?[0m frame decoded from buffer
15:05:15.800 [Thread-5] DEBUG i.pact.plugins.jvm.core.ChildProcess - Plugin protobuf [46038] || ?[2m2023-03-27T09:35:15.798416Z?[0m ?[35mTRACE?[0m tokio-runtime-worker ?[1mserver_handshake?[0m?[2m:?[0m?[1mConnection?[0m?[1m{?[0m?[3mpeer?[0m?[2m=?[0mServer?[1m}?[0m?[2m:?[0m?[1mpoll?[0m?[2m:?[0m?[1mFramedRead::poll_next?[0m?[2m:?[0m ?[2mh2::codec::framed_read?[0m?[2m:?[0m ?[3mread.bytes?[0m?[2m=?[0m33
15:05:15.800 [Thread-5] DEBUG i.pact.plugins.jvm.core.ChildProcess - Plugin protobuf [46038] || ?[2m2023-03-27T09:35:15.798459Z?[0m ?[35mTRACE?[0m tokio-runtime-worker ?[1mserver_handshake?[0m?[2m:?[0m?[1mConnection?[0m?[1m{?[0m?[3mpeer?[0m?[2m=?[0mServer?[1m}?[0m?[2m:?[0m?[1mpoll?[0m?[2m:?[0m?[1mFramedRead::poll_next?[0m?[2m:?[0m?[1mFramedRead::decode_frame?[0m?[1m{?[0m?[3moffset?[0m?[2m=?[0m33?[1m}?[0m?[2m:?[0m ?[2mh2::codec::framed_read?[0m?[2m:?[0m decoding frame from 33B
15:05:15.800 [Thread-5] DEBUG i.pact.plugins.jvm.core.ChildProcess - Plugin protobuf [46038] || ?[2m2023-03-27T09:35:15.798487Z?[0m ?[35mTRACE?[0m tokio-runtime-worker ?[1mserver_handshake?[0m?[2m:?[0m?[1mConnection?[0m?[1m{?[0m?[3mpeer?[0m?[2m=?[0mServer?[1m}?[0m?[2m:?[0m?[1mpoll?[0m?[2m:?[0m?[1mFramedRead::poll_next?[0m?[2m:?[0m?[1mFramedRead::decode_frame?[0m?[1m{?[0m?[3moffset?[0m?[2m=?[0m33?[1m}?[0m?[2m:?[0m ?[2mh2::codec::framed_read?[0m?[2m:?[0m ?[3mframe.kind?[0m?[2m=?[0mSettings
15:05:15.800 [Thread-5] DEBUG i.pact.plugins.jvm.core.ChildProcess - Plugin protobuf [46038] || ?[2m2023-03-27T09:35:15.798522Z?[0m ?[34mDEBUG?[0m tokio-runtime-worker ?[1mserver_handshake?[0m?[2m:?[0m?[1mConnection?[0m?[1m{?[0m?[3mpeer?[0m?[2m=?[0mServer?[1m}?[0m?[2m:?[0m?[1mpoll?[0m?[2m:?[0m?[1mFramedRead::poll_next?[0m?[2m:?[0m ?[2mh2::codec::framed_read?[0m?[2m:?[0m received ?[3mframe?[0m?[2m=?[0mSettings { flags: (0x0), enable_push: 0, max_concurrent_streams: 0, initial_window_size: 1048576, max_header_list_size: 8192 }
15:05:15.800 [Thread-5] DEBUG i.pact.plugins.jvm.core.ChildProcess - Plugin protobuf [46038] || ?[2m2023-03-27T09:35:15.798557Z?[0m ?[35mTRACE?[0m tokio-runtime-worker ?[1mserver_handshake?[0m?[2m:?[0m?[1mConnection?[0m?[1m{?[0m?[3mpeer?[0m?[2m=?[0mServer?[1m}?[0m?[2m:?[0m?[1mpoll?[0m?[2m:?[0m ?[2mh2::proto::connection?[0m?[2m:?[0m recv SETTINGS ?[3mframe?[0m?[2m=?[0mSettings { flags: (0x0), enable_push: 0, max_concurrent_streams: 0, initial_window_size: 1048576, max_header_list_size: 8192 }
15:05:15.800 [Thread-5] DEBUG i.pact.plugins.jvm.core.ChildProcess - Plugin protobuf [46038] || ?[2m2023-03-27T09:35:15.798605Z?[0m ?[34mDEBUG?[0m tokio-runtime-worker ?[1mserver_handshake?[0m?[2m:?[0m?[1mConnection?[0m?[1m{?[0m?[3mpeer?[0m?[2m=?[0mServer?[1m}?[0m?[2m:?[0m?[1mpoll?[0m?[2m:?[0m?[1mpoll_ready?[0m?[2m:?[0m?[1mFramedWrite::buffer?[0m?[1m{?[0m?[3mframe?[0m?[2m=?[0mSettings { flags: (0x1: ACK) }?[1m}?[0m?[2m:?[0m ?[2mh2::codec::framed_write?[0m?[2m:?[0m send ?[3mframe?[0m?[2m=?[0mSettings { flags: (0x1: ACK) }
15:05:15.800 [Thread-5] DEBUG i.pact.plugins.jvm.core.ChildProcess - Plugin protobuf [46038] || ?[2m2023-03-27T09:35:15.798631Z?[0m ?[35mTRACE?[0m tokio-runtime-worker ?[1mserver_handshake?[0m?[2m:?[0m?[1mConnection?[0m?[1m{?[0m?[3mpeer?[0m?[2m=?[0mServer?[1m}?[0m?[2m:?[0m?[1mpoll?[0m?[2m:?[0m?[1mpoll_ready?[0m?[2m:?[0m?[1mFramedWrite::buffer?[0m?[1m{?[0m?[3mframe?[0m?[2m=?[0mSettings { flags: (0x1: ACK) }?[1m}?[0m?[2m:?[0m ?[2mh2::frame::settings?[0m?[2m:?[0m encoding SETTINGS; len=0
15:05:15.800 [Thread-5] DEBUG i.pact.plugins.jvm.core.ChildProcess - Plugin protobuf [46038] || ?[2m2023-03-27T09:35:15.798649Z?[0m ?[35mTRACE?[0m tokio-runtime-worker ?[1mserver_handshake?[0m?[2m:?[0m?[1mConnection?[0m?[1m{?[0m?[3mpeer?[0m?[2m=?[0mServer?[1m}?[0m?[2m:?[0m?[1mpoll?[0m?[2m:?[0m?[1mpoll_ready?[0m?[2m:?[0m?[1mFramedWrite::buffer?[0m?[1m{?[0m?[3mframe?[0m?[2m=?[0mSettings { flags: (0x1: ACK) }?[1m}?[0m?[2m:?[0m ?[2mh2::codec::framed_write?[0m?[2m:?[0m encoded settings ?[3mrem?[0m?[2m=?[0m9
15:05:15.801 [Thread-5] DEBUG i.pact.plugins.jvm.core.ChildProcess - Plugin protobuf [46038] || ?[2m2023-03-27T09:35:15.798692Z?[0m ?[35mTRACE?[0m tokio-runtime-worker ?[1mserver_handshake?[0m?[2m:?[0m?[1mConnection?[0m?[1m{?[0m?[3mpeer?[0m?[2m=?[0mServer?[1m}?[0m?[2m:?[0m?[1mpoll?[0m?[2m:?[0m?[1mpoll_ready?[0m?[2m:?[0m ?[2mh2::proto::settings?[0m?[2m:?[0m ACK sent; applying settings
15:05:15.801 [Thread-5] DEBUG i.pact.plugins.jvm.core.ChildProcess - Plugin protobuf [46038] || ?[2m2023-03-27T09:35:15.798823Z?[0m ?[35mTRACE?[0m tokio-runtime-worker ?[1mserver_handshake?[0m?[2m:?[0m?[1mConnection?[0m?[1m{?[0m?[3mpeer?[0m?[2m=?[0mServer?[1m}?[0m?[2m:?[0m?[1mpoll?[0m?[2m:?[0m?[1mFramedRead::poll_next?[0m?[2m:?[0m ?[2mh2::codec::framed_read?[0m?[2m:?[0m poll
15:05:15.801 [Thread-5] DEBUG i.pact.plugins.jvm.core.ChildProcess - Plugin protobuf [46038] || ?[2m2023-03-27T09:35:15.798843Z?[0m ?[35mTRACE?[0m tokio-runtime-worker ?[1mserver_handshake?[0m?[2m:?[0m?[1mConnection?[0m?[1m{?[0m?[3mpeer?[0m?[2m=?[0mServer?[1m}?[0m?[2m:?[0m?[1mpoll?[0m?[2m:?[0m?[1mFramedRead::poll_next?[0m?[2m:?[0m ?[2mtokio_util::codec::framed_impl?[0m?[2m:?[0m attempting to decode a frame
15:05:15.801 [Thread-5] DEBUG i.pact.plugins.jvm.core.ChildProcess - Plugin protobuf [46038] || ?[2m2023-03-27T09:35:15.798860Z?[0m ?[35mTRACE?[0m tokio-runtime-worker ?[1mserver_handshake?[0m?[2m:?[0m?[1mConnection?[0m?[1m{?[0m?[3mpeer?[0m?[2m=?[0mServer?[1m}?[0m?[2m:?[0m?[1mpoll?[0m?[2m:?[0m?[1mFramedRead::poll_next?[0m?[2m:?[0m ?[2mtokio_util::codec::framed_impl?[0m?[2m:?[0m frame decoded from buffer
15:05:15.801 [Thread-5] DEBUG i.pact.plugins.jvm.core.ChildProcess - Plugin protobuf [46038] || ?[2m2023-03-27T09:35:15.798876Z?[0m ?[35mTRACE?[0m tokio-runtime-worker ?[1mserver_handshake?[0m?[2m:?[0m?[1mConnection?[0m?[1m{?[0m?[3mpeer?[0m?[2m=?[0mServer?[1m}?[0m?[2m:?[0m?[1mpoll?[0m?[2m:?[0m?[1mFramedRead::poll_next?[0m?[2m:?[0m ?[2mh2::codec::framed_read?[0m?[2m:?[0m ?[3mread.bytes?[0m?[2m=?[0m13
15:05:15.801 [Thread-5] DEBUG i.pact.plugins.jvm.core.ChildProcess - Plugin protobuf [46038] || ?[2m2023-03-27T09:35:15.798905Z?[0m ?[35mTRACE?[0m tokio-runtime-worker ?[1mserver_handshake?[0m?[2m:?[0m?[1mConnection?[0m?[1m{?[0m?[3mpeer?[0m?[2m=?[0mServer?[1m}?[0m?[2m:?[0m?[1mpoll?[0m?[2m:?[0m?[1mFramedRead::poll_next?[0m?[2m:?[0m?[1mFramedRead::decode_frame?[0m?[1m{?[0m?[3moffset?[0m?[2m=?[0m13?[1m}?[0m?[2m:?[0m ?[2mh2::codec::framed_read?[0m?[2m:?[0m decoding frame from 13B
15:05:15.801 [Thread-5] DEBUG i.pact.plugins.jvm.core.ChildProcess - Plugin protobuf [46038] || ?[2m2023-03-27T09:35:15.798922Z?[0m ?[35mTRACE?[0m tokio-runtime-worker ?[1mserver_handshake?[0m?[2m:?[0m?[1mConnection?[0m?[1m{?[0m?[3mpeer?[0m?[2m=?[0mServer?[1m}?[0m?[2m:?[0m?[1mpoll?[0m?[2m:?[0m?[1mFramedRead::poll_next?[0m?[2m:?[0m?[1mFramedRead::decode_frame?[0m?[1m{?[0m?[3moffset?[0m?[2m=?[0m13?[1m}?[0m?[2m:?[0m ?[2mh2::codec::framed_read?[0m?[2m:?[0m ?[3mframe.kind?[0m?[2m=?[0mWindowUpdate
15:05:15.801 [Thread-5] DEBUG i.pact.plugins.jvm.core.ChildProcess - Plugin protobuf [46038] || ?[2m2023-03-27T09:35:15.798949Z?[0m ?[34mDEBUG?[0m tokio-runtime-worker ?[1mserver_handshake?[0m?[2m:?[0m?[1mConnection?[0m?[1m{?[0m?[3mpeer?[0m?[2m=?[0mServer?[1m}?[0m?[2m:?[0m?[1mpoll?[0m?[2m:?[0m?[1mFramedRead::poll_next?[0m?[2m:?[0m ?[2mh2::codec::framed_read?[0m?[2m:?[0m received ?[3mframe?[0m?[2m=?[0mWindowUpdate { stream_id: StreamId(0), size_increment: 983041 }
15:05:15.801 [Thread-5] DEBUG i.pact.plugins.jvm.core.ChildProcess - Plugin protobuf [46038] || ?[2m2023-03-27T09:35:15.798997Z?[0m ?[35mTRACE?[0m tokio-runtime-worker ?[1mserver_handshake?[0m?[2m:?[0m?[1mConnection?[0m?[1m{?[0m?[3mpeer?[0m?[2m=?[0mServer?[1m}?[0m?[2m:?[0m?[1mpoll?[0m?[2m:?[0m ?[2mh2::proto::connection?[0m?[2m:?[0m recv WINDOW_UPDATE ?[3mframe?[0m?[2m=?[0mWindowUpdate { stream_id: StreamId(0), size_increment: 983041 }
15:05:15.801 [Thread-5] DEBUG i.pact.plugins.jvm.core.ChildProcess - Plugin protobuf [46038] || ?[2m2023-03-27T09:35:15.799028Z?[0m ?[35mTRACE?[0m tokio-runtime-worker ?[1mserver_handshake?[0m?[2m:?[0m?[1mConnection?[0m?[1m{?[0m?[3mpeer?[0m?[2m=?[0mServer?[1m}?[0m?[2m:?[0m?[1mpoll?[0m?[2m:?[0m ?[2mh2::proto::streams::flow_control?[0m?[2m:?[0m inc_window; sz=983041; old=65535; new=1048576
15:05:15.802 [Thread-5] DEBUG i.pact.plugins.jvm.core.ChildProcess - Plugin protobuf [46038] || ?[2m2023-03-27T09:35:15.799208Z?[0m ?[35mTRACE?[0m tokio-runtime-worker ?[1mserver_handshake?[0m?[2m:?[0m?[1mConnection?[0m?[1m{?[0m?[3mpeer?[0m?[2m=?[0mServer?[1m}?[0m?[2m:?[0m?[1mpoll?[0m?[2m:?[0m?[1mFramedRead::poll_next?[0m?[2m:?[0m ?[2mh2::codec::framed_read?[0m?[2m:?[0m poll
15:05:15.802 [Thread-5] DEBUG i.pact.plugins.jvm.core.ChildProcess - Plugin protobuf [46038] || ?[2m2023-03-27T09:35:15.799229Z?[0m ?[35mTRACE?[0m tokio-runtime-worker ?[1mserver_handshake?[0m?[2m:?[0m?[1mConnection?[0m?[1m{?[0m?[3mpeer?[0m?[2m=?[0mServer?[1m}?[0m?[2m:?[0m?[1mpoll?[0m?[2m:?[0m?[1mFramedRead::poll_next?[0m?[2m:?[0m ?[2mtokio_util::codec::framed_impl?[0m?[2m:?[0m attempting to decode a frame
15:05:15.802 [Thread-5] DEBUG i.pact.plugins.jvm.core.ChildProcess - Plugin protobuf [46038] || ?[2m2023-03-27T09:35:15.799397Z?[0m ?[34mDEBUG?[0m tokio-runtime-worker ?[1mserver_handshake?[0m?[2m:?[0m?[1mConnection?[0m?[1m{?[0m?[3mpeer?[0m?[2m=?[0mServer?[1m}?[0m?[2m:?[0m?[1mpoll?[0m?[2m:?[0m?[1mFramedWrite::buffer?[0m?[1m{?[0m?[3mframe?[0m?[2m=?[0mWindowUpdate { stream_id: StreamId(0), size_increment: 983041 }?[1m}?[0m?[2m:?[0m ?[2mh2::codec::framed_write?[0m?[2m:?[0m send ?[3mframe?[0m?[2m=?[0mWindowUpdate { stream_id: StreamId(0), size_increment: 983041 }
15:05:15.802 [Thread-5] DEBUG i.pact.plugins.jvm.core.ChildProcess - Plugin protobuf [46038] || ?[2m2023-03-27T09:35:15.799433Z?[0m ?[35mTRACE?[0m tokio-runtime-worker ?[1mserver_handshake?[0m?[2m:?[0m?[1mConnection?[0m?[1m{?[0m?[3mpeer?[0m?[2m=?[0mServer?[1m}?[0m?[2m:?[0m?[1mpoll?[0m?[2m:?[0m?[1mFramedWrite::buffer?[0m?[1m{?[0m?[3mframe?[0m?[2m=?[0mWindowUpdate { stream_id: StreamId(0), size_increment: 983041 }?[1m}?[0m?[2m:?[0m ?[2mh2::frame::window_update?[0m?[2m:?[0m encoding WINDOW_UPDATE; id=StreamId(0)
15:05:15.802 [Thread-5] DEBUG i.pact.plugins.jvm.core.ChildProcess - Plugin protobuf [46038] || ?[2m2023-03-27T09:35:15.799457Z?[0m ?[35mTRACE?[0m tokio-runtime-worker ?[1mserver_handshake?[0m?[2m:?[0m?[1mConnection?[0m?[1m{?[0m?[3mpeer?[0m?[2m=?[0mServer?[1m}?[0m?[2m:?[0m?[1mpoll?[0m?[2m:?[0m?[1mFramedWrite::buffer?[0m?[1m{?[0m?[3mframe?[0m?[2m=?[0mWindowUpdate { stream_id: StreamId(0), size_increment: 983041 }?[1m}?[0m?[2m:?[0m ?[2mh2::codec::framed_write?[0m?[2m:?[0m encoded window_update ?[3mrem?[0m?[2m=?[0m22
15:05:15.802 [Thread-5] DEBUG i.pact.plugins.jvm.core.ChildProcess - Plugin protobuf [46038] || ?[2m2023-03-27T09:35:15.799491Z?[0m ?[35mTRACE?[0m tokio-runtime-worker ?[1mserver_handshake?[0m?[2m:?[0m?[1mConnection?[0m?[1m{?[0m?[3mpeer?[0m?[2m=?[0mServer?[1m}?[0m?[2m:?[0m?[1mpoll?[0m?[2m:?[0m ?[2mh2::proto::streams::flow_control?[0m?[2m:?[0m inc_window; sz=983041; old=65535; new=1048576
15:05:15.802 [Thread-5] DEBUG i.pact.plugins.jvm.core.ChildProcess - Plugin protobuf [46038] || ?[2m2023-03-27T09:35:15.799545Z?[0m ?[35mTRACE?[0m tokio-runtime-worker ?[1mserver_handshake?[0m?[2m:?[0m?[1mConnection?[0m?[1m{?[0m?[3mpeer?[0m?[2m=?[0mServer?[1m}?[0m?[2m:?[0m?[1mpoll?[0m?[2m:?[0m ?[2mh2::proto::streams::prioritize?[0m?[2m:?[0m poll_complete
15:05:15.802 [Thread-5] DEBUG i.pact.plugins.jvm.core.ChildProcess - Plugin protobuf [46038] || ?[2m2023-03-27T09:35:15.799603Z?[0m ?[35mTRACE?[0m tokio-runtime-worker ?[1mserver_handshake?[0m?[2m:?[0m?[1mConnection?[0m?[1m{?[0m?[3mpeer?[0m?[2m=?[0mServer?[1m}?[0m?[2m:?[0m?[1mpoll?[0m?[2m:?[0m ?[2mh2::proto::streams::prioritize?[0m?[2m:?[0m schedule_pending_open
15:05:15.802 [Thread-5] DEBUG i.pact.plugins.jvm.core.ChildProcess - Plugin protobuf [46038] || ?[2m2023-03-27T09:35:15.799673Z?[0m ?[35mTRACE?[0m tokio-runtime-worker ?[1mserver_handshake?[0m?[2m:?[0m?[1mConnection?[0m?[1m{?[0m?[3mpeer?[0m?[2m=?[0mServer?[1m}?[0m?[2m:?[0m?[1mpoll?[0m?[2m:?[0m?[1mFramedWrite::flush?[0m?[2m:?[0m ?[2mh2::codec::framed_write?[0m?[2m:?[0m ?[3mqueued_data_frame?[0m?[2m=?[0mfalse
15:05:15.802 [Thread-5] DEBUG i.pact.plugins.jvm.core.ChildProcess - Plugin protobuf [46038] || ?[2m2023-03-27T09:35:15.799747Z?[0m ?[35mTRACE?[0m tokio-runtime-worker ?[1mserver_handshake?[0m?[2m:?[0m?[1mConnection?[0m?[1m{?[0m?[3mpeer?[0m?[2m=?[0mServer?[1m}?[0m?[2m:?[0m?[1mpoll?[0m?[2m:?[0m?[1mFramedWrite::flush?[0m?[2m:?[0m ?[2mh2::codec::framed_write?[0m?[2m:?[0m flushing buffer
15:05:15.809 [grpc-nio-worker-ELG-1-2] DEBUG io.grpc.netty.NettyClientHandler - [id: 0x3c962551, L:/0:0:0:0:0:0:0:1:53790 - R:/0:0:0:0:0:0:0:1:53788] INBOUND SETTINGS: ack=false settings={INITIAL_WINDOW_SIZE=1048576, MAX_FRAME_SIZE=16384}
15:05:15.810 [grpc-nio-worker-ELG-1-2] DEBUG io.grpc.netty.NettyClientHandler - [id: 0x3c962551, L:/0:0:0:0:0:0:0:1:53790 - R:/0:0:0:0:0:0:0:1:53788] OUTBOUND SETTINGS: ack=true
15:05:15.825 [grpc-nio-worker-ELG-1-2] DEBUG io.grpc.netty.NettyClientHandler - [id: 0x3c962551, L:/0:0:0:0:0:0:0:1:53790 - R:/0:0:0:0:0:0:0:1:53788] INBOUND SETTINGS: ack=true
15:05:15.827 [grpc-nio-worker-ELG-1-2] DEBUG io.grpc.netty.NettyClientHandler - [id: 0x3c962551, L:/0:0:0:0:0:0:0:1:53790 - R:/0:0:0:0:0:0:0:1:53788] INBOUND WINDOW_UPDATE: streamId=0 windowSizeIncrement=983041
15:05:15.828 [Thread-5] DEBUG i.pact.plugins.jvm.core.ChildProcess - Plugin protobuf [46038] || ?[2m2023-03-27T09:35:15.828391Z?[0m ?[35mTRACE?[0m tokio-runtime-worker ?[1mserver_handshake?[0m?[2m:?[0m?[1mConnection?[0m?[1m{?[0m?[3mpeer?[0m?[2m=?[0mServer?[1m}?[0m?[2m:?[0m?[1mpoll?[0m?[2m:?[0m ?[2mh2::proto::connection?[0m?[2m:?[0m ?[3mconnection.state?[0m?[2m=?[0mOpen
15:05:15.828 [Thread-5] DEBUG i.pact.plugins.jvm.core.ChildProcess - Plugin protobuf [46038] || ?[2m2023-03-27T09:35:15.828505Z?[0m ?[35mTRACE?[0m tokio-runtime-worker ?[1mserver_handshake?[0m?[2m:?[0m?[1mConnection?[0m?[1m{?[0m?[3mpeer?[0m?[2m=?[0mServer?[1m}?[0m?[2m:?[0m?[1mpoll?[0m?[2m:?[0m?[1mFramedRead::poll_next?[0m?[2m:?[0m ?[2mh2::codec::framed_read?[0m?[2m:?[0m poll
15:05:15.829 [Thread-5] DEBUG i.pact.plugins.jvm.core.ChildProcess - Plugin protobuf [46038] || ?[2m2023-03-27T09:35:15.828560Z?[0m ?[35mTRACE?[0m tokio-runtime-worker ?[1mserver_handshake?[0m?[2m:?[0m?[1mConnection?[0m?[1m{?[0m?[3mpeer?[0m?[2m=?[0mServer?[1m}?[0m?[2m:?[0m?[1mpoll?[0m?[2m:?[0m?[1mFramedRead::poll_next?[0m?[2m:?[0m ?[2mtokio_util::codec::framed_impl?[0m?[2m:?[0m attempting to decode a frame
15:05:15.829 [Thread-5] DEBUG i.pact.plugins.jvm.core.ChildProcess - Plugin protobuf [46038] || ?[2m2023-03-27T09:35:15.828583Z?[0m ?[35mTRACE?[0m tokio-runtime-worker ?[1mserver_handshake?[0m?[2m:?[0m?[1mConnection?[0m?[1m{?[0m?[3mpeer?[0m?[2m=?[0mServer?[1m}?[0m?[2m:?[0m?[1mpoll?[0m?[2m:?[0m?[1mFramedRead::poll_next?[0m?[2m:?[0m ?[2mtokio_util::codec::framed_impl?[0m?[2m:?[0m frame decoded from buffer
15:05:15.829 [Thread-5] DEBUG i.pact.plugins.jvm.core.ChildProcess - Plugin protobuf [46038] || ?[2m2023-03-27T09:35:15.828599Z?[0m ?[35mTRACE?[0m tokio-runtime-worker ?[1mserver_handshake?[0m?[2m:?[0m?[1mConnection?[0m?[1m{?[0m?[3mpeer?[0m?[2m=?[0mServer?[1m}?[0m?[2m:?[0m?[1mpoll?[0m?[2m:?[0m?[1mFramedRead::poll_next?[0m?[2m:?[0m ?[2mh2::codec::framed_read?[0m?[2m:?[0m ?[3mread.bytes?[0m?[2m=?[0m9
15:05:15.829 [Thread-5] DEBUG i.pact.plugins.jvm.core.ChildProcess - Plugin protobuf [46038] || ?[2m2023-03-27T09:35:15.828634Z?[0m ?[35mTRACE?[0m tokio-runtime-worker ?[1mserver_handshake?[0m?[2m:?[0m?[1mConnection?[0m?[1m{?[0m?[3mpeer?[0m?[2m=?[0mServer?[1m}?[0m?[2m:?[0m?[1mpoll?[0m?[2m:?[0m?[1mFramedRead::poll_next?[0m?[2m:?[0m?[1mFramedRead::decode_frame?[0m?[1m{?[0m?[3moffset?[0m?[2m=?[0m9?[1m}?[0m?[2m:?[0m ?[2mh2::codec::framed_read?[0m?[2m:?[0m decoding frame from 9B
15:05:15.829 [Thread-5] DEBUG i.pact.plugins.jvm.core.ChildProcess - Plugin protobuf [46038] || ?[2m2023-03-27T09:35:15.828656Z?[0m ?[35mTRACE?[0m tokio-runtime-worker ?[1mserver_handshake?[0m?[2m:?[0m?[1mConnection?[0m?[1m{?[0m?[3mpeer?[0m?[2m=?[0mServer?[1m}?[0m?[2m:?[0m?[1mpoll?[0m?[2m:?[0m?[1mFramedRead::poll_next?[0m?[2m:?[0m?[1mFramedRead::decode_frame?[0m?[1m{?[0m?[3moffset?[0m?[2m=?[0m9?[1m}?[0m?[2m:?[0m ?[2mh2::codec::framed_read?[0m?[2m:?[0m ?[3mframe.kind?[0m?[2m=?[0mSettings
15:05:15.829 [Thread-5] DEBUG i.pact.plugins.jvm.core.ChildProcess - Plugin protobuf [46038] || ?[2m2023-03-27T09:35:15.828692Z?[0m ?[34mDEBUG?[0m tokio-runtime-worker ?[1mserver_handshake?[0m?[2m:?[0m?[1mConnection?[0m?[1m{?[0m?[3mpeer?[0m?[2m=?[0mServer?[1m}?[0m?[2m:?[0m?[1mpoll?[0m?[2m:?[0m?[1mFramedRead::poll_next?[0m?[2m:?[0m ?[2mh2::codec::framed_read?[0m?[2m:?[0m received ?[3mframe?[0m?[2m=?[0mSettings { flags: (0x1: ACK) }
15:05:15.829 [Thread-5] DEBUG i.pact.plugins.jvm.core.ChildProcess - Plugin protobuf [46038] || ?[2m2023-03-27T09:35:15.828783Z?[0m ?[35mTRACE?[0m tokio-runtime-worker ?[1mserver_handshake?[0m?[2m:?[0m?[1mConnection?[0m?[1m{?[0m?[3mpeer?[0m?[2m=?[0mServer?[1m}?[0m?[2m:?[0m?[1mpoll?[0m?[2m:?[0m ?[2mh2::proto::connection?[0m?[2m:?[0m recv SETTINGS ?[3mframe?[0m?[2m=?[0mSettings { flags: (0x1: ACK) }
15:05:15.829 [Thread-5] DEBUG i.pact.plugins.jvm.core.ChildProcess - Plugin protobuf [46038] || ?[2m2023-03-27T09:35:15.828835Z?[0m ?[34mDEBUG?[0m tokio-runtime-worker ?[1mserver_handshake?[0m?[2m:?[0m?[1mConnection?[0m?[1m{?[0m?[3mpeer?[0m?[2m=?[0mServer?[1m}?[0m?[2m:?[0m?[1mpoll?[0m?[2m:?[0m ?[2mh2::proto::settings?[0m?[2m:?[0m received settings ACK; applying Settings { flags: (0x0), initial_window_size: 1048576, max_frame_size: 16384 }
15:05:15.829 [Thread-5] DEBUG i.pact.plugins.jvm.core.ChildProcess - Plugin protobuf [46038] || ?[2m2023-03-27T09:35:15.828873Z?[0m ?[35mTRACE?[0m tokio-runtime-worker ?[1mserver_handshake?[0m?[2m:?[0m?[1mConnection?[0m?[1m{?[0m?[3mpeer?[0m?[2m=?[0mServer?[1m}?[0m?[2m:?[0m?[1mpoll?[0m?[2m:?[0m ?[2mh2::proto::streams::recv?[0m?[2m:?[0m update_initial_window_size; new=1048576; old=1048576
15:05:15.829 [Thread-5] DEBUG i.pact.plugins.jvm.core.ChildProcess - Plugin protobuf [46038] || ?[2m2023-03-27T09:35:15.828940Z?[0m ?[35mTRACE?[0m tokio-runtime-worker ?[1mserver_handshake?[0m?[2m:?[0m?[1mConnection?[0m?[1m{?[0m?[3mpeer?[0m?[2m=?[0mServer?[1m}?[0m?[2m:?[0m?[1mpoll?[0m?[2m:?[0m?[1mFramedRead::poll_next?[0m?[2m:?[0m ?[2mh2::codec::framed_read?[0m?[2m:?[0m poll
15:05:15.829 [Thread-5] DEBUG i.pact.plugins.jvm.core.ChildProcess - Plugin protobuf [46038] || ?[2m2023-03-27T09:35:15.828962Z?[0m ?[35mTRACE?[0m tokio-runtime-worker ?[1mserver_handshake?[0m?[2m:?[0m?[1mConnection?[0m?[1m{?[0m?[3mpeer?[0m?[2m=?[0mServer?[1m}?[0m?[2m:?[0m?[1mpoll?[0m?[2m:?[0m?[1mFramedRead::poll_next?[0m?[2m:?[0m ?[2mtokio_util::codec::framed_impl?[0m?[2m:?[0m attempting to decode a frame
15:05:15.829 [Thread-5] DEBUG i.pact.plugins.jvm.core.ChildProcess - Plugin protobuf [46038] || ?[2m2023-03-27T09:35:15.829012Z?[0m ?[35mTRACE?[0m tokio-runtime-worker ?[1mserver_handshake?[0m?[2m:?[0m?[1mConnection?[0m?[1m{?[0m?[3mpeer?[0m?[2m=?[0mServer?[1m}?[0m?[2m:?[0m?[1mpoll?[0m?[2m:?[0m ?[2mh2::proto::streams::prioritize?[0m?[2m:?[0m poll_complete
15:05:15.829 [Thread-5] DEBUG i.pact.plugins.jvm.core.ChildProcess - Plugin protobuf [46038] || ?[2m2023-03-27T09:35:15.829029Z?[0m ?[35mTRACE?[0m tokio-runtime-worker ?[1mserver_handshake?[0m?[2m:?[0m?[1mConnection?[0m?[1m{?[0m?[3mpeer?[0m?[2m=?[0mServer?[1m}?[0m?[2m:?[0m?[1mpoll?[0m?[2m:?[0m ?[2mh2::proto::streams::prioritize?[0m?[2m:?[0m schedule_pending_open
15:05:15.829 [Thread-5] DEBUG i.pact.plugins.jvm.core.ChildProcess - Plugin protobuf [46038] || ?[2m2023-03-27T09:35:15.829067Z?[0m ?[35mTRACE?[0m tokio-runtime-worker ?[1mserver_handshake?[0m?[2m:?[0m?[1mConnection?[0m?[1m{?[0m?[3mpeer?[0m?[2m=?[0mServer?[1m}?[0m?[2m:?[0m?[1mpoll?[0m?[2m:?[0m?[1mFramedWrite::flush?[0m?[2m:?[0m ?[2mh2::codec::framed_write?[0m?[2m:?[0m flushing buffer
15:05:15.844 [grpc-nio-worker-ELG-1-2] DEBUG io.grpc.netty.NettyClientHandler - [id: 0x3c962551, L:/0:0:0:0:0:0:0:1:53790 - R:/0:0:0:0:0:0:0:1:53788] OUTBOUND HEADERS: streamId=3 headers=GrpcHttp2OutboundHeaders[:authority: [::1]:53788, :path: /io.pact.plugin.PactPlugin/InitPlugin, :method: POST, :scheme: http, content-type: application/grpc, te: trailers, user-agent: grpc-java-netty/1.49.0, grpc-accept-encoding: gzip, authorization: bdd563c9-e9e9-44a7-bce6-cc7f37c23df2] streamDependency=0 weight=16 exclusive=false padding=0 endStream=false
15:05:15.854 [grpc-nio-worker-ELG-1-2] DEBUG io.grpc.netty.NettyClientHandler - [id: 0x3c962551, L:/0:0:0:0:0:0:0:1:53790 - R:/0:0:0:0:0:0:0:1:53788] OUTBOUND DATA: streamId=3 padding=0 endStream=true length=31 bytes=000000001a0a11706c7567696e2d6472697665722d6a766d1205302e312e38
15:05:15.856 [Thread-5] DEBUG i.pact.plugins.jvm.core.ChildProcess - Plugin protobuf [46038] || ?[2m2023-03-27T09:35:15.856769Z?[0m ?[35mTRACE?[0m tokio-runtime-worker ?[1mserver_handshake?[0m?[2m:?[0m?[1mConnection?[0m?[1m{?[0m?[3mpeer?[0m?[2m=?[0mServer?[1m}?[0m?[2m:?[0m?[1mpoll?[0m?[2m:?[0m ?[2mh2::proto::connection?[0m?[2m:?[0m ?[3mconnection.state?[0m?[2m=?[0mOpen
15:05:15.857 [Thread-5] DEBUG i.pact.plugins.jvm.core.ChildProcess - Plugin protobuf [46038] || ?[2m2023-03-27T09:35:15.856835Z?[0m ?[35mTRACE?[0m tokio-runtime-worker ?[1mserver_handshake?[0m?[2m:?[0m?[1mConnection?[0m?[1m{?[0m?[3mpeer?[0m?[2m=?[0mServer?[1m}?[0m?[2m:?[0m?[1mpoll?[0m?[2m:?[0m?[1mFramedRead::poll_next?[0m?[2m:?[0m ?[2mh2::codec::framed_read?[0m?[2m:?[0m poll
15:05:15.857 [Thread-5] DEBUG i.pact.plugins.jvm.core.ChildProcess - Plugin protobuf [46038] || ?[2m2023-03-27T09:35:15.856864Z?[0m ?[35mTRACE?[0m tokio-runtime-worker ?[1mserver_handshake?[0m?[2m:?[0m?[1mConnection?[0m?[1m{?[0m?[3mpeer?[0m?[2m=?[0mServer?[1m}?[0m?[2m:?[0m?[1mpoll?[0m?[2m:?[0m?[1mFramedRead::poll_next?[0m?[2m:?[0m ?[2mtokio_util::codec::framed_impl?[0m?[2m:?[0m attempting to decode a frame
15:05:15.857 [Thread-5] DEBUG i.pact.plugins.jvm.core.ChildProcess - Plugin protobuf [46038] || ?[2m2023-03-27T09:35:15.856882Z?[0m ?[35mTRACE?[0m tokio-runtime-worker ?[1mserver_handshake?[0m?[2m:?[0m?[1mConnection?[0m?[1m{?[0m?[3mpeer?[0m?[2m=?[0mServer?[1m}?[0m?[2m:?[0m?[1mpoll?[0m?[2m:?[0m?[1mFramedRead::poll_next?[0m?[2m:?[0m ?[2mtokio_util::codec::framed_impl?[0m?[2m:?[0m frame decoded from buffer
15:05:15.857 [Thread-5] DEBUG i.pact.plugins.jvm.core.ChildProcess - Plugin protobuf [46038] || ?[2m2023-03-27T09:35:15.856897Z?[0m ?[35mTRACE?[0m tokio-runtime-worker ?[1mserver_handshake?[0m?[2m:?[0m?[1mConnection?[0m?[1m{?[0m?[3mpeer?[0m?[2m=?[0mServer?[1m}?[0m?[2m:?[0m?[1mpoll?[0m?[2m:?[0m?[1mFramedRead::poll_next?[0m?[2m:?[0m ?[2mh2::codec::framed_read?[0m?[2m:?[0m ?[3mread.bytes?[0m?[2m=?[0m188
15:05:15.857 [Thread-5] DEBUG i.pact.plugins.jvm.core.ChildProcess - Plugin protobuf [46038] || ?[2m2023-03-27T09:35:15.856923Z?[0m ?[35mTRACE?[0m tokio-runtime-worker ?[1mserver_handshake?[0m?[2m:?[0m?[1mConnection?[0m?[1m{?[0m?[3mpeer?[0m?[2m=?[0mServer?[1m}?[0m?[2m:?[0m?[1mpoll?[0m?[2m:?[0m?[1mFramedRead::poll_next?[0m?[2m:?[0m?[1mFramedRead::decode_frame?[0m?[1m{?[0m?[3moffset?[0m?[2m=?[0m188?[1m}?[0m?[2m:?[0m ?[2mh2::codec::framed_read?[0m?[2m:?[0m decoding frame from 188B
15:05:15.857 [Thread-5] DEBUG i.pact.plugins.jvm.core.ChildProcess - Plugin protobuf [46038] || ?[2m2023-03-27T09:35:15.856940Z?[0m ?[35mTRACE?[0m tokio-runtime-worker ?[1mserver_handshake?[0m?[2m:?[0m?[1mConnection?[0m?[1m{?[0m?[3mpeer?[0m?[2m=?[0mServer?[1m}?[0m?[2m:?[0m?[1mpoll?[0m?[2m:?[0m?[1mFramedRead::poll_next?[0m?[2m:?[0m?[1mFramedRead::decode_frame?[0m?[1m{?[0m?[3moffset?[0m?[2m=?[0m188?[1m}?[0m?[2m:?[0m ?[2mh2::codec::framed_read?[0m?[2m:?[0m ?[3mframe.kind?[0m?[2m=?[0mHeaders
15:05:15.857 [Thread-5] DEBUG i.pact.plugins.jvm.core.ChildProcess - Plugin protobuf [46038] || ?[2m2023-03-27T09:35:15.856959Z?[0m ?[35mTRACE?[0m tokio-runtime-worker ?[1mserver_handshake?[0m?[2m:?[0m?[1mConnection?[0m?[1m{?[0m?[3mpeer?[0m?[2m=?[0mServer?[1m}?[0m?[2m:?[0m?[1mpoll?[0m?[2m:?[0m?[1mFramedRead::poll_next?[0m?[2m:?[0m?[1mFramedRead::decode_frame?[0m?[1m{?[0m?[3moffset?[0m?[2m=?[0m188?[1m}?[0m?[2m:?[0m ?[2mh2::frame::headers?[0m?[2m:?[0m loading headers; flags=(0x24: END_HEADERS | PRIORITY)
15:05:15.857 [Thread-5] DEBUG i.pact.plugins.jvm.core.ChildProcess - Plugin protobuf [46038] || ?[2m2023-03-27T09:35:15.857001Z?[0m ?[35mTRACE?[0m tokio-runtime-worker ?[1mserver_handshake?[0m?[2m:?[0m?[1mConnection?[0m?[1m{?[0m?[3mpeer?[0m?[2m=?[0mServer?[1m}?[0m?[2m:?[0m?[1mpoll?[0m?[2m:?[0m?[1mFramedRead::poll_next?[0m?[2m:?[0m?[1mFramedRead::decode_frame?[0m?[1m{?[0m?[3moffset?[0m?[2m=?[0m188?[1m}?[0m?[2m:?[0m?[1mhpack::decode?[0m?[2m:?[0m ?[2mh2::hpack::decoder?[0m?[2m:?[0m decode
15:05:15.857 [Thread-5] DEBUG i.pact.plugins.jvm.core.ChildProcess - Plugin protobuf [46038] || ?[2m2023-03-27T09:35:15.857023Z?[0m ?[35mTRACE?[0m tokio-runtime-worker ?[1mserver_handshake?[0m?[2m:?[0m?[1mConnection?[0m?[1m{?[0m?[3mpeer?[0m?[2m=?[0mServer?[1m}?[0m?[2m:?[0m?[1mpoll?[0m?[2m:?[0m?[1mFramedRead::poll_next?[0m?[2m:?[0m?[1mFramedRead::decode_frame?[0m?[1m{?[0m?[3moffset?[0m?[2m=?[0m188?[1m}?[0m?[2m:?[0m?[1mhpack::decode?[0m?[2m:?[0m ?[2mh2::hpack::decoder?[0m?[2m:?[0m ?[3mrem?[0m?[2m=?[0m174 ?[3mkind?[0m?[2m=?[0mLiteralWithIndexing
15:05:15.858 [Thread-5] DEBUG i.pact.plugins.jvm.core.ChildProcess - Plugin protobuf [46038] || ?[2m2023-03-27T09:35:15.857066Z?[0m ?[35mTRACE?[0m tokio-runtime-worker ?[1mserver_handshake?[0m?[2m:?[0m?[1mConnection?[0m?[1m{?[0m?[3mpeer?[0m?[2m=?[0mServer?[1m}?[0m?[2m:?[0m?[1mpoll?[0m?[2m:?[0m?[1mFramedRead::poll_next?[0m?[2m:?[0m?[1mFramedRead::decode_frame?[0m?[1m{?[0m?[3moffset?[0m?[2m=?[0m188?[1m}?[0m?[2m:?[0m?[1mhpack::decode?[0m?[2m:?[0m ?[2mh2::hpack::decoder?[0m?[2m:?[0m ?[3mrem?[0m?[2m=?[0m161 ?[3mkind?[0m?[2m=?[0mLiteralWithIndexing
15:05:15.858 [Thread-5] DEBUG i.pact.plugins.jvm.core.ChildProcess - Plugin protobuf [46038] || ?[2m2023-03-27T09:35:15.857087Z?[0m ?[35mTRACE?[0m tokio-runtime-worker ?[1mserver_handshake?[0m?[2m:?[0m?[1mConnection?[0m?[1m{?[0m?[3mpeer?[0m?[2m=?[0mServer?[1m}?[0m?[2m:?[0m?[1mpoll?[0m?[2m:?[0m?[1mFramedRead::poll_next?[0m?[2m:?[0m?[1mFramedRead::decode_frame?[0m?[1m{?[0m?[3moffset?[0m?[2m=?[0m188?[1m}?[0m?[2m:?[0m?[1mhpack::decode?[0m?[2m:?[0m ?[2mh2::hpack::decoder?[0m?[2m:?[0m ?[3mrem?[0m?[2m=?[0m122 ?[3mkind?[0m?[2m=?[0mIndexed
15:05:15.858 [Thread-5] DEBUG i.pact.plugins.jvm.core.ChildProcess - Plugin protobuf [46038] || ?[2m2023-03-27T09:35:15.857112Z?[0m ?[35mTRACE?[0m tokio-runtime-worker ?[1mserver_handshake?[0m?[2m:?[0m?[1mConnection?[0m?[1m{?[0m?[3mpeer?[0m?[2m=?[0mServer?[1m}?[0m?[2m:?[0m?[1mpoll?[0m?[2m:?[0m?[1mFramedRead::poll_next?[0m?[2m:?[0m?[1mFramedRead::decode_frame?[0m?[1m{?[0m?[3moffset?[0m?[2m=?[0m188?[1m}?[0m?[2m:?[0m?[1mhpack::decode?[0m?[2m:?[0m ?[2mh2::hpack::decoder?[0m?[2m:?[0m ?[3mrem?[0m?[2m=?[0m121 ?[3mkind?[0m?[2m=?[0mIndexed
15:05:15.858 [Thread-5] DEBUG i.pact.plugins.jvm.core.ChildProcess - Plugin protobuf [46038] || ?[2m2023-03-27T09:35:15.857131Z?[0m ?[35mTRACE?[0m tokio-runtime-worker ?[1mserver_handshake?[0m?[2m:?[0m?[1mConnection?[0m?[1m{?[0m?[3mpeer?[0m?[2m=?[0mServer?[1m}?[0m?[2m:?[0m?[1mpoll?[0m?[2m:?[0m?[1mFramedRead::poll_next?[0m?[2m:?[0m?[1mFramedRead::decode_frame?[0m?[1m{?[0m?[3moffset?[0m?[2m=?[0m188?[1m}?[0m?[2m:?[0m?[1mhpack::decode?[0m?[2m:?[0m ?[2mh2::hpack::decoder?[0m?[2m:?[0m ?[3mrem?[0m?[2m=?[0m120 ?[3mkind?[0m?[2m=?[0mLiteralWithIndexing
15:05:15.858 [Thread-5] DEBUG i.pact.plugins.jvm.core.ChildProcess - Plugin protobuf [46038] || ?[2m2023-03-27T09:35:15.857202Z?[0m ?[35mTRACE?[0m tokio-runtime-worker ?[1mserver_handshake?[0m?[2m:?[0m?[1mConnection?[0m?[1m{?[0m?[3mpeer?[0m?[2m=?[0mServer?[1m}?[0m?[2m:?[0m?[1mpoll?[0m?[2m:?[0m?[1mFramedRead::poll_next?[0m?[2m:?[0m?[1mFramedRead::decode_frame?[0m?[1m{?[0m?[3moffset?[0m?[2m=?[0m188?[1m}?[0m?[2m:?[0m?[1mhpack::decode?[0m?[2m:?[0m ?[2mh2::hpack::decoder?[0m?[2m:?[0m ?[3mrem?[0m?[2m=?[0m102 ?[3mkind?[0m?[2m=?[0mLiteralWithIndexing
15:05:15.858 [Thread-5] DEBUG i.pact.plugins.jvm.core.ChildProcess - Plugin protobuf [46038] || ?[2m2023-03-27T09:35:15.857253Z?[0m ?[35mTRACE?[0m tokio-runtime-worker ?[1mserver_handshake?[0m?[2m:?[0m?[1mConnection?[0m?[1m{?[0m?[3mpeer?[0m?[2m=?[0mServer?[1m}?[0m?[2m:?[0m?[1mpoll?[0m?[2m:?[0m?[1mFramedRead::poll_next?[0m?[2m:?[0m?[1mFramedRead::decode_frame?[0m?[1m{?[0m?[3moffset?[0m?[2m=?[0m188?[1m}?[0m?[2m:?[0m?[1mhpack::decode?[0m?[2m:?[0m ?[2mh2::hpack::decoder?[0m?[2m:?[0m ?[3mrem?[0m?[2m=?[0m89 ?[3mkind?[0m?[2m=?[0mLiteralWithIndexing
15:05:15.858 [Thread-5] DEBUG i.pact.plugins.jvm.core.ChildProcess - Plugin protobuf [46038] || ?[2m2023-03-27T09:35:15.857336Z?[0m ?[35mTRACE?[0m tokio-runtime-worker ?[1mserver_handshake?[0m?[2m:?[0m?[1mConnection?[0m?[1m{?[0m?[3mpeer?[0m?[2m=?[0mServer?[1m}?[0m?[2m:?[0m?[1mpoll?[0m?[2m:?[0m?[1mFramedRead::poll_next?[0m?[2m:?[0m?[1mFramedRead::decode_frame?[0m?[1m{?[0m?[3moffset?[0m?[2m=?[0m188?[1m}?[0m?[2m:?[0m?[1mhpack::decode?[0m?[2m:?[0m ?[2mh2::hpack::decoder?[0m?[2m:?[0m ?[3mrem?[0m?[2m=?[0m65 ?[3mkind?[0m?[2m=?[0mLiteralWithIndexing
15:05:15.858 [Thread-5] DEBUG i.pact.plugins.jvm.core.ChildProcess - Plugin protobuf [46038] || ?[2m2023-03-27T09:35:15.857362Z?[0m ?[35mTRACE?[0m tokio-runtime-worker ?[1mserver_handshake?[0m?[2m:?[0m?[1mConnection?[0m?[1m{?[0m?[3mpeer?[0m?[2m=?[0mServer?[1m}?[0m?[2m:?[0m?[1mpoll?[0m?[2m:?[0m?[1mFramedRead::poll_next?[0m?[2m:?[0m?[1mFramedRead::decode_frame?[0m?[1m{?[0m?[3moffset?[0m?[2m=?[0m188?[1m}?[0m?[2m:?[0m?[1mhpack::decode?[0m?[2m:?[0m ?[2mh2::hpack::decoder?[0m?[2m:?[0m ?[3mrem?[0m?[2m=?[0m38 ?[3mkind?[0m?[2m=?[0mLiteralWithIndexing
15:05:15.858 [Thread-5] DEBUG i.pact.plugins.jvm.core.ChildProcess - Plugin protobuf [46038] || ?[2m2023-03-27T09:35:15.857410Z?[0m ?[34mDEBUG?[0m tokio-runtime-worker ?[1mserver_handshake?[0m?[2m:?[0m?[1mConnection?[0m?[1m{?[0m?[3mpeer?[0m?[2m=?[0mServer?[1m}?[0m?[2m:?[0m?[1mpoll?[0m?[2m:?[0m?[1mFramedRead::poll_next?[0m?[2m:?[0m ?[2mh2::codec::framed_read?[0m?[2m:?[0m received ?[3mframe?[0m?[2m=?[0mHeaders { stream_id: StreamId(3), flags: (0x24: END_HEADERS | PRIORITY), stream_dep: StreamDependency { dependency_id: StreamId(0), weight: 15, is_exclusive: false } }
15:05:15.858 [Thread-5] DEBUG i.pact.plugins.jvm.core.ChildProcess - Plugin protobuf [46038] || ?[2m2023-03-27T09:35:15.857466Z?[0m ?[35mTRACE?[0m tokio-runtime-worker ?[1mserver_handshake?[0m?[2m:?[0m?[1mConnection?[0m?[1m{?[0m?[3mpeer?[0m?[2m=?[0mServer?[1m}?[0m?[2m:?[0m?[1mpoll?[0m?[2m:?[0m ?[2mh2::proto::connection?[0m?[2m:?[0m recv HEADERS ?[3mframe?[0m?[2m=?[0mHeaders { stream_id: StreamId(3), flags: (0x24: END_HEADERS | PRIORITY), stream_dep: StreamDependency { dependency_id: StreamId(0), weight: 15, is_exclusive: false } }
15:05:15.858 [Thread-5] DEBUG i.pact.plugins.jvm.core.ChildProcess - Plugin protobuf [46038] || ?[2m2023-03-27T09:35:15.857509Z?[0m ?[35mTRACE?[0m tokio-runtime-worker ?[1mserver_handshake?[0m?[2m:?[0m?[1mConnection?[0m?[1m{?[0m?[3mpeer?[0m?[2m=?[0mServer?[1m}?[0m?[2m:?[0m?[1mpoll?[0m?[2m:?[0m ?[2mh2::proto::streams::flow_control?[0m?[2m:?[0m inc_window; sz=1048576; old=0; new=1048576
15:05:15.858 [Thread-5] DEBUG i.pact.plugins.jvm.core.ChildProcess - Plugin protobuf [46038] || ?[2m2023-03-27T09:35:15.857527Z?[0m ?[35mTRACE?[0m tokio-runtime-worker ?[1mserver_handshake?[0m?[2m:?[0m?[1mConnection?[0m?[1m{?[0m?[3mpeer?[0m?[2m=?[0mServer?[1m}?[0m?[2m:?[0m?[1mpoll?[0m?[2m:?[0m ?[2mh2::proto::streams::flow_control?[0m?[2m:?[0m inc_window; sz=1048576; old=0; new=1048576
15:05:15.859 [Thread-5] DEBUG i.pact.plugins.jvm.core.ChildProcess - Plugin protobuf [46038] || ?[2m2023-03-27T09:35:15.857569Z?[0m ?[35mTRACE?[0m tokio-runtime-worker ?[1mserver_handshake?[0m?[2m:?[0m?[1mConnection?[0m?[1m{?[0m?[3mpeer?[0m?[2m=?[0mServer?[1m}?[0m?[2m:?[0m?[1mpoll?[0m?[2m:?[0m ?[2mh2::proto::streams::streams?[0m?[2m:?[0m recv_headers; stream=StreamId(3); state=State { inner: Idle }
15:05:15.859 [Thread-5] DEBUG i.pact.plugins.jvm.core.ChildProcess - Plugin protobuf [46038] || ?[2m2023-03-27T09:35:15.857601Z?[0m ?[35mTRACE?[0m tokio-runtime-worker ?[1mserver_handshake?[0m?[2m:?[0m?[1mConnection?[0m?[1m{?[0m?[3mpeer?[0m?[2m=?[0mServer?[1m}?[0m?[2m:?[0m?[1mpoll?[0m?[2m:?[0m ?[2mh2::proto::streams::recv?[0m?[2m:?[0m opening stream; init_window=1048576
15:05:15.859 [Thread-5] DEBUG i.pact.plugins.jvm.core.ChildProcess - Plugin protobuf [46038] || ?[2m2023-03-27T09:35:15.857647Z?[0m ?[35mTRACE?[0m tokio-runtime-worker ?[1mserver_handshake?[0m?[2m:?[0m?[1mConnection?[0m?[1m{?[0m?[3mpeer?[0m?[2m=?[0mServer?[1m}?[0m?[2m:?[0m?[1mpoll?[0m?[2m:?[0m ?[2mh2::proto::streams::store?[0m?[2m:?[0m Queue::push
15:05:15.859 [Thread-5] DEBUG i.pact.plugins.jvm.core.ChildProcess - Plugin protobuf [46038] || ?[2m2023-03-27T09:35:15.857666Z?[0m ?[35mTRACE?[0m tokio-runtime-worker ?[1mserver_handshake?[0m?[2m:?[0m?[1mConnection?[0m?[1m{?[0m?[3mpeer?[0m?[2m=?[0mServer?[1m}?[0m?[2m:?[0m?[1mpoll?[0m?[2m:?[0m ?[2mh2::proto::streams::store?[0m?[2m:?[0m  -> first entry
15:05:15.859 [Thread-5] DEBUG i.pact.plugins.jvm.core.ChildProcess - Plugin protobuf [46038] || ?[2m2023-03-27T09:35:15.857685Z?[0m ?[35mTRACE?[0m tokio-runtime-worker ?[1mserver_handshake?[0m?[2m:?[0m?[1mConnection?[0m?[1m{?[0m?[3mpeer?[0m?[2m=?[0mServer?[1m}?[0m?[2m:?[0m?[1mpoll?[0m?[2m:?[0m ?[2mh2::proto::streams::counts?[0m?[2m:?[0m transition_after; stream=StreamId(3); state=State { inner: Open { local: AwaitingHeaders, remote: Streaming } }; is_closed=false; pending_send_empty=true; buffered_send_data=0; num_recv=1; num_send=0
15:05:15.859 [Thread-5] DEBUG i.pact.plugins.jvm.core.ChildProcess - Plugin protobuf [46038] || ?[2m2023-03-27T09:35:15.857738Z?[0m ?[35mTRACE?[0m tokio-runtime-worker ?[1mserver_handshake?[0m?[2m:?[0m?[1mConnection?[0m?[1m{?[0m?[3mpeer?[0m?[2m=?[0mServer?[1m}?[0m?[2m:?[0m?[1mpoll?[0m?[2m:?[0m?[1mFramedRead::poll_next?[0m?[2m:?[0m ?[2mh2::codec::framed_read?[0m?[2m:?[0m poll
15:05:15.859 [Thread-5] DEBUG i.pact.plugins.jvm.core.ChildProcess - Plugin protobuf [46038] || ?[2m2023-03-27T09:35:15.857754Z?[0m ?[35mTRACE?[0m tokio-runtime-worker ?[1mserver_handshake?[0m?[2m:?[0m?[1mConnection?[0m?[1m{?[0m?[3mpeer?[0m?[2m=?[0mServer?[1m}?[0m?[2m:?[0m?[1mpoll?[0m?[2m:?[0m?[1mFramedRead::poll_next?[0m?[2m:?[0m ?[2mtokio_util::codec::framed_impl?[0m?[2m:?[0m attempting to decode a frame
15:05:15.859 [Thread-5] DEBUG i.pact.plugins.jvm.core.ChildProcess - Plugin protobuf [46038] || ?[2m2023-03-27T09:35:15.857767Z?[0m ?[35mTRACE?[0m tokio-runtime-worker ?[1mserver_handshake?[0m?[2m:?[0m?[1mConnection?[0m?[1m{?[0m?[3mpeer?[0m?[2m=?[0mServer?[1m}?[0m?[2m:?[0m?[1mpoll?[0m?[2m:?[0m?[1mFramedRead::poll_next?[0m?[2m:?[0m ?[2mtokio_util::codec::framed_impl?[0m?[2m:?[0m frame decoded from buffer
15:05:15.859 [Thread-5] DEBUG i.pact.plugins.jvm.core.ChildProcess - Plugin protobuf [46038] || ?[2m2023-03-27T09:35:15.857780Z?[0m ?[35mTRACE?[0m tokio-runtime-worker ?[1mserver_handshake?[0m?[2m:?[0m?[1mConnection?[0m?[1m{?[0m?[3mpeer?[0m?[2m=?[0mServer?[1m}?[0m?[2m:?[0m?[1mpoll?[0m?[2m:?[0m?[1mFramedRead::poll_next?[0m?[2m:?[0m ?[2mh2::codec::framed_read?[0m?[2m:?[0m ?[3mread.bytes?[0m?[2m=?[0m40
15:05:15.860 [Thread-5] DEBUG i.pact.plugins.jvm.core.ChildProcess - Plugin protobuf [46038] || ?[2m2023-03-27T09:35:15.857811Z?[0m ?[35mTRACE?[0m tokio-runtime-worker ?[1mserver_handshake?[0m?[2m:?[0m?[1mConnection?[0m?[1m{?[0m?[3mpeer?[0m?[2m=?[0mServer?[1m}?[0m?[2m:?[0m?[1mpoll?[0m?[2m:?[0m?[1mFramedRead::poll_next?[0m?[2m:?[0m?[1mFramedRead::decode_frame?[0m?[1m{?[0m?[3moffset?[0m?[2m=?[0m40?[1m}?[0m?[2m:?[0m ?[2mh2::codec::framed_read?[0m?[2m:?[0m decoding frame from 40B
15:05:15.860 [Thread-5] DEBUG i.pact.plugins.jvm.core.ChildProcess - Plugin protobuf [46038] || ?[2m2023-03-27T09:35:15.857826Z?[0m ?[35mTRACE?[0m tokio-runtime-worker ?[1mserver_handshake?[0m?[2m:?[0m?[1mConnection?[0m?[1m{?[0m?[3mpeer?[0m?[2m=?[0mServer?[1m}?[0m?[2m:?[0m?[1mpoll?[0m?[2m:?[0m?[1mFramedRead::poll_next?[0m?[2m:?[0m?[1mFramedRead::decode_frame?[0m?[1m{?[0m?[3moffset?[0m?[2m=?[0m40?[1m}?[0m?[2m:?[0m ?[2mh2::codec::framed_read?[0m?[2m:?[0m ?[3mframe.kind?[0m?[2m=?[0mData
15:05:15.860 [Thread-5] DEBUG i.pact.plugins.jvm.core.ChildProcess - Plugin protobuf [46038] || ?[2m2023-03-27T09:35:15.857849Z?[0m ?[34mDEBUG?[0m tokio-runtime-worker ?[1mserver_handshake?[0m?[2m:?[0m?[1mConnection?[0m?[1m{?[0m?[3mpeer?[0m?[2m=?[0mServer?[1m}?[0m?[2m:?[0m?[1mpoll?[0m?[2m:?[0m?[1mFramedRead::poll_next?[0m?[2m:?[0m ?[2mh2::codec::framed_read?[0m?[2m:?[0m received ?[3mframe?[0m?[2m=?[0mData { stream_id: StreamId(3), flags: (0x1: END_STREAM) }
15:05:15.860 [Thread-5] DEBUG i.pact.plugins.jvm.core.ChildProcess - Plugin protobuf [46038] || ?[2m2023-03-27T09:35:15.857882Z?[0m ?[35mTRACE?[0m tokio-runtime-worker ?[1mserver_handshake?[0m?[2m:?[0m?[1mConnection?[0m?[1m{?[0m?[3mpeer?[0m?[2m=?[0mServer?[1m}?[0m?[2m:?[0m?[1mpoll?[0m?[2m:?[0m ?[2mh2::proto::connection?[0m?[2m:?[0m recv DATA ?[3mframe?[0m?[2m=?[0mData { stream_id: StreamId(3), flags: (0x1: END_STREAM) }
15:05:15.860 [Thread-5] DEBUG i.pact.plugins.jvm.core.ChildProcess - Plugin protobuf [46038] || ?[2m2023-03-27T09:35:15.857902Z?[0m ?[35mTRACE?[0m tokio-runtime-worker ?[1mserver_handshake?[0m?[2m:?[0m?[1mConnection?[0m?[1m{?[0m?[3mpeer?[0m?[2m=?[0mServer?[1m}?[0m?[2m:?[0m?[1mpoll?[0m?[2m:?[0m ?[2mh2::proto::streams::recv?[0m?[2m:?[0m recv_data; size=31; connection=1048576; stream=1048576
15:05:15.860 [Thread-5] DEBUG i.pact.plugins.jvm.core.ChildProcess - Plugin protobuf [46038] || ?[2m2023-03-27T09:35:15.857918Z?[0m ?[35mTRACE?[0m tokio-runtime-worker ?[1mserver_handshake?[0m?[2m:?[0m?[1mConnection?[0m?[1m{?[0m?[3mpeer?[0m?[2m=?[0mServer?[1m}?[0m?[2m:?[0m?[1mpoll?[0m?[2m:?[0m ?[2mh2::proto::streams::flow_control?[0m?[2m:?[0m send_data; sz=31; window=1048576; available=1048576
15:05:15.860 [Thread-5] DEBUG i.pact.plugins.jvm.core.ChildProcess - Plugin protobuf [46038] || ?[2m2023-03-27T09:35:15.857938Z?[0m ?[35mTRACE?[0m tokio-runtime-worker ?[1mserver_handshake?[0m?[2m:?[0m?[1mConnection?[0m?[1m{?[0m?[3mpeer?[0m?[2m=?[0mServer?[1m}?[0m?[2m:?[0m?[1mpoll?[0m?[2m:?[0m ?[2mh2::proto::streams::state?[0m?[2m:?[0m recv_close: Open => HalfClosedRemote(AwaitingHeaders)
15:05:15.860 [Thread-5] DEBUG i.pact.plugins.jvm.core.ChildProcess - Plugin protobuf [46038] || ?[2m2023-03-27T09:35:15.857954Z?[0m ?[35mTRACE?[0m tokio-runtime-worker ?[1mserver_handshake?[0m?[2m:?[0m?[1mConnection?[0m?[1m{?[0m?[3mpeer?[0m?[2m=?[0mServer?[1m}?[0m?[2m:?[0m?[1mpoll?[0m?[2m:?[0m ?[2mh2::proto::streams::flow_control?[0m?[2m:?[0m send_data; sz=31; window=1048576; available=1048576
15:05:15.860 [Thread-5] DEBUG i.pact.plugins.jvm.core.ChildProcess - Plugin protobuf [46038] || ?[2m2023-03-27T09:35:15.857967Z?[0m ?[35mTRACE?[0m tokio-runtime-worker ?[1mserver_handshake?[0m?[2m:?[0m?[1mConnection?[0m?[1m{?[0m?[3mpeer?[0m?[2m=?[0mServer?[1m}?[0m?[2m:?[0m?[1mpoll?[0m?[2m:?[0m ?[2mh2::proto::streams::counts?[0m?[2m:?[0m transition_after; stream=StreamId(3); state=State { inner: HalfClosedRemote(AwaitingHeaders) }; is_closed=false; pending_send_empty=true; buffered_send_data=0; num_recv=1; num_send=0
15:05:15.860 [Thread-5] DEBUG i.pact.plugins.jvm.core.ChildProcess - Plugin protobuf [46038] || ?[2m2023-03-27T09:35:15.858011Z?[0m ?[35mTRACE?[0m tokio-runtime-worker ?[1mserver_handshake?[0m?[2m:?[0m?[1mConnection?[0m?[1m{?[0m?[3mpeer?[0m?[2m=?[0mServer?[1m}?[0m?[2m:?[0m?[1mpoll?[0m?[2m:?[0m?[1mFramedRead::poll_next?[0m?[2m:?[0m ?[2mh2::codec::framed_read?[0m?[2m:?[0m poll
15:05:15.860 [Thread-5] DEBUG i.pact.plugins.jvm.core.ChildProcess - Plugin protobuf [46038] || ?[2m2023-03-27T09:35:15.858026Z?[0m ?[35mTRACE?[0m tokio-runtime-worker ?[1mserver_handshake?[0m?[2m:?[0m?[1mConnection?[0m?[1m{?[0m?[3mpeer?[0m?[2m=?[0mServer?[1m}?[0m?[2m:?[0m?[1mpoll?[0m?[2m:?[0m?[1mFramedRead::poll_next?[0m?[2m:?[0m ?[2mtokio_util::codec::framed_impl?[0m?[2m:?[0m attempting to decode a frame
15:05:15.860 [Thread-5] DEBUG i.pact.plugins.jvm.core.ChildProcess - Plugin protobuf [46038] || ?[2m2023-03-27T09:35:15.858069Z?[0m ?[35mTRACE?[0m tokio-runtime-worker ?[1mserver_handshake?[0m?[2m:?[0m?[1mConnection?[0m?[1m{?[0m?[3mpeer?[0m?[2m=?[0mServer?[1m}?[0m?[2m:?[0m?[1mpoll?[0m?[2m:?[0m ?[2mh2::proto::streams::prioritize?[0m?[2m:?[0m poll_complete
15:05:15.861 [Thread-5] DEBUG i.pact.plugins.jvm.core.ChildProcess - Plugin protobuf [46038] || ?[2m2023-03-27T09:35:15.858084Z?[0m ?[35mTRACE?[0m tokio-runtime-worker ?[1mserver_handshake?[0m?[2m:?[0m?[1mConnection?[0m?[1m{?[0m?[3mpeer?[0m?[2m=?[0mServer?[1m}?[0m?[2m:?[0m?[1mpoll?[0m?[2m:?[0m ?[2mh2::proto::streams::prioritize?[0m?[2m:?[0m schedule_pending_open
15:05:15.861 [Thread-5] DEBUG i.pact.plugins.jvm.core.ChildProcess - Plugin protobuf [46038] || ?[2m2023-03-27T09:35:15.858121Z?[0m ?[35mTRACE?[0m tokio-runtime-worker ?[1mserver_handshake?[0m?[2m:?[0m?[1mConnection?[0m?[1m{?[0m?[3mpeer?[0m?[2m=?[0mServer?[1m}?[0m?[2m:?[0m?[1mpoll?[0m?[2m:?[0m?[1mFramedWrite::flush?[0m?[2m:?[0m ?[2mh2::codec::framed_write?[0m?[2m:?[0m flushing buffer
15:05:15.861 [Thread-5] DEBUG i.pact.plugins.jvm.core.ChildProcess - Plugin protobuf [46038] || ?[2m2023-03-27T09:35:15.858162Z?[0m ?[35mTRACE?[0m tokio-runtime-worker ?[2mh2::proto::streams::streams?[0m?[2m:?[0m next_incoming; id=StreamId(3), state=State { inner: HalfClosedRemote(AwaitingHeaders) }
15:05:15.861 [Thread-5] DEBUG i.pact.plugins.jvm.core.ChildProcess - Plugin protobuf [46038] || ?[2m2023-03-27T09:35:15.858176Z?[0m ?[35mTRACE?[0m tokio-runtime-worker ?[2mh2::server?[0m?[2m:?[0m received incoming
15:05:15.861 [Thread-5] DEBUG i.pact.plugins.jvm.core.ChildProcess - Plugin protobuf [46038] || ?[2m2023-03-27T09:35:15.858191Z?[0m ?[35mTRACE?[0m tokio-runtime-worker ?[2mhyper::proto::h2::server?[0m?[2m:?[0m incoming request
15:05:15.861 [Thread-5] DEBUG i.pact.plugins.jvm.core.ChildProcess - Plugin protobuf [46038] || ?[2m2023-03-27T09:35:15.858315Z?[0m ?[34mDEBUG?[0m tokio-runtime-worker ?[1mrequest?[0m?[1m{?[0m?[3mmethod?[0m?[2m=?[0mPOST ?[3muri?[0m?[2m=?[0mhttp://[::1]:53788/io.pact.plugin.PactPlugin/InitPlugin ?[3mversion?[0m?[2m=?[0mHTTP/2.0 ?[3mheaders?[0m?[2m=?[0m{"content-type": "application/grpc", "te": "trailers", "user-agent": "grpc-java-netty/1.49.0", "grpc-accept-encoding": "gzip", "authorization": Sensitive}?[1m}?[0m?[2m:?[0m ?[2mtower_http::trace::on_request?[0m?[2m:?[0m started processing request
15:05:15.861 [Thread-5] DEBUG i.pact.plugins.jvm.core.ChildProcess - Plugin protobuf [46038] || ?[2m2023-03-27T09:35:15.858354Z?[0m ?[35mTRACE?[0m tokio-runtime-worker ?[1mserver_handshake?[0m?[2m:?[0m?[1mConnection?[0m?[1m{?[0m?[3mpeer?[0m?[2m=?[0mServer?[1m}?[0m?[2m:?[0m?[1mpoll?[0m?[2m:?[0m ?[2mh2::proto::connection?[0m?[2m:?[0m ?[3mconnection.state?[0m?[2m=?[0mOpen
15:05:15.861 [Thread-5] DEBUG i.pact.plugins.jvm.core.ChildProcess - Plugin protobuf [46038] || ?[2m2023-03-27T09:35:15.858391Z?[0m ?[35mTRACE?[0m tokio-runtime-worker ?[1mserver_handshake?[0m?[2m:?[0m?[1mConnection?[0m?[1m{?[0m?[3mpeer?[0m?[2m=?[0mServer?[1m}?[0m?[2m:?[0m?[1mpoll?[0m?[2m:?[0m?[1mFramedRead::poll_next?[0m?[2m:?[0m ?[2mh2::codec::framed_read?[0m?[2m:?[0m poll
15:05:15.861 [Thread-5] DEBUG i.pact.plugins.jvm.core.ChildProcess - Plugin protobuf [46038] || ?[2m2023-03-27T09:35:15.858428Z?[0m ?[35mTRACE?[0m tokio-runtime-worker ?[1mserver_handshake?[0m?[2m:?[0m?[1mConnection?[0m?[1m{?[0m?[3mpeer?[0m?[2m=?[0mServer?[1m}?[0m?[2m:?[0m?[1mpoll?[0m?[2m:?[0m ?[2mh2::proto::streams::prioritize?[0m?[2m:?[0m poll_complete
15:05:15.861 [Thread-5] DEBUG i.pact.plugins.jvm.core.ChildProcess - Plugin protobuf [46038] || ?[2m2023-03-27T09:35:15.858442Z?[0m ?[35mTRACE?[0m tokio-runtime-worker ?[1mserver_handshake?[0m?[2m:?[0m?[1mConnection?[0m?[1m{?[0m?[3mpeer?[0m?[2m=?[0mServer?[1m}?[0m?[2m:?[0m?[1mpoll?[0m?[2m:?[0m ?[2mh2::proto::streams::prioritize?[0m?[2m:?[0m schedule_pending_open
15:05:15.861 [Thread-5] DEBUG i.pact.plugins.jvm.core.ChildProcess - Plugin protobuf [46038] || ?[2m2023-03-27T09:35:15.858474Z?[0m ?[35mTRACE?[0m tokio-runtime-worker ?[1mserver_handshake?[0m?[2m:?[0m?[1mConnection?[0m?[1m{?[0m?[3mpeer?[0m?[2m=?[0mServer?[1m}?[0m?[2m:?[0m?[1mpoll?[0m?[2m:?[0m?[1mFramedWrite::flush?[0m?[2m:?[0m ?[2mh2::codec::framed_write?[0m?[2m:?[0m flushing buffer
15:05:15.861 [Thread-5] DEBUG i.pact.plugins.jvm.core.ChildProcess - Plugin protobuf [46038] || ?[2m2023-03-27T09:35:15.858563Z?[0m ?[35mTRACE?[0m tokio-runtime-worker ?[1mrequest?[0m?[1m{?[0m?[3mmethod?[0m?[2m=?[0mPOST ?[3muri?[0m?[2m=?[0mhttp://[::1]:53788/io.pact.plugin.PactPlugin/InitPlugin ?[3mversion?[0m?[2m=?[0mHTTP/2.0 ?[3mheaders?[0m?[2m=?[0m{"content-type": "application/grpc", "te": "trailers", "user-agent": "grpc-java-netty/1.49.0", "grpc-accept-encoding": "gzip", "authorization": Sensitive}?[1m}?[0m?[2m:?[0m ?[2mh2::proto::streams::recv?[0m?[2m:?[0m release_capacity; size=31
15:05:15.862 [Thread-5] DEBUG i.pact.plugins.jvm.core.ChildProcess - Plugin protobuf [46038] || ?[2m2023-03-27T09:35:15.858587Z?[0m ?[35mTRACE?[0m tokio-runtime-worker ?[1mrequest?[0m?[1m{?[0m?[3mmethod?[0m?[2m=?[0mPOST ?[3muri?[0m?[2m=?[0mhttp://[::1]:53788/io.pact.plugin.PactPlugin/InitPlugin ?[3mversion?[0m?[2m=?[0mHTTP/2.0 ?[3mheaders?[0m?[2m=?[0m{"content-type": "application/grpc", "te": "trailers", "user-agent": "grpc-java-netty/1.49.0", "grpc-accept-encoding": "gzip", "authorization": Sensitive}?[1m}?[0m?[2m:?[0m ?[2mh2::proto::streams::recv?[0m?[2m:?[0m release_connection_capacity; size=31, connection in_flight_data=31
15:05:15.862 [Thread-5] DEBUG i.pact.plugins.jvm.core.ChildProcess - Plugin protobuf [46038] || ?[2m2023-03-27T09:35:15.858635Z?[0m ?[35mTRACE?[0m tokio-runtime-worker ?[1mrequest?[0m?[1m{?[0m?[3mmethod?[0m?[2m=?[0mPOST ?[3muri?[0m?[2m=?[0mhttp://[::1]:53788/io.pact.plugin.PactPlugin/InitPlugin ?[3mversion?[0m?[2m=?[0mHTTP/2.0 ?[3mheaders?[0m?[2m=?[0m{"content-type": "application/grpc", "te": "trailers", "user-agent": "grpc-java-netty/1.49.0", "grpc-accept-encoding": "gzip", "authorization": Sensitive}?[1m}?[0m?[2m:?[0m ?[2mh2::proto::streams::streams?[0m?[2m:?[0m drop_stream_ref; stream=Stream { id: StreamId(3), state: State { inner: HalfClosedRemote(AwaitingHeaders) }, is_counted: true, ref_count: 2, next_pending_send: None, is_pending_send: false, send_flow: FlowControl { window_size: Window(1048576), available: Window(0) }, requested_send_capacity: 0, buffered_send_data: 0, send_task: None, pending_send: Deque { indices: None }, next_pending_send_capacity: None, is_pending_send_capacity: false, send_capacity_inc: false, next_open: None, is_pending_open: false, is_pending_push: false, next_pending_accept: None, is_pending_accept: false, recv_flow: FlowControl { window_size: Window(1048545), available: Window(1048576) }, in_flight_recv_data: 0, next_window_update: None, is_pending_window_update: false, reset_at: None, next_reset_expire: None, pending_recv: Deque { indices: None }, recv_task: None, pending_push_promises: Queue { indices: None, _p: PhantomData }, content_length: Omitted }
15:05:15.862 [Thread-5] DEBUG i.pact.plugins.jvm.core.ChildProcess - Plugin protobuf [46038] || ?[2m2023-03-27T09:35:15.858670Z?[0m ?[35mTRACE?[0m tokio-runtime-worker ?[1mrequest?[0m?[1m{?[0m?[3mmethod?[0m?[2m=?[0mPOST ?[3muri?[0m?[2m=?[0mhttp://[::1]:53788/io.pact.plugin.PactPlugin/InitPlugin ?[3mversion?[0m?[2m=?[0mHTTP/2.0 ?[3mheaders?[0m?[2m=?[0m{"content-type": "application/grpc", "te": "trailers", "user-agent": "grpc-java-netty/1.49.0", "grpc-accept-encoding": "gzip", "authorization": Sensitive}?[1m}?[0m?[2m:?[0m ?[2mh2::proto::streams::counts?[0m?[2m:?[0m transition_after; stream=StreamId(3); state=State { inner: HalfClosedRemote(AwaitingHeaders) }; is_closed=false; pending_send_empty=true; buffered_send_data=0; num_recv=1; num_send=0
15:05:15.862 [Thread-5] DEBUG i.pact.plugins.jvm.core.ChildProcess - Plugin protobuf [46038] || ?[2m2023-03-27T09:35:15.858699Z?[0m ?[34mDEBUG?[0m tokio-runtime-worker ?[1mrequest?[0m?[1m{?[0m?[3mmethod?[0m?[2m=?[0mPOST ?[3muri?[0m?[2m=?[0mhttp://[::1]:53788/io.pact.plugin.PactPlugin/InitPlugin ?[3mversion?[0m?[2m=?[0mHTTP/2.0 ?[3mheaders?[0m?[2m=?[0m{"content-type": "application/grpc", "te": "trailers", "user-agent": "grpc-java-netty/1.49.0", "grpc-accept-encoding": "gzip", "authorization": Sensitive}?[1m}?[0m?[2m:?[0m ?[2mpact_protobuf_plugin::server?[0m?[2m:?[0m Init request from plugin-driver-jvm/0.1.8
15:05:15.862 [Thread-5] DEBUG i.pact.plugins.jvm.core.ChildProcess - Plugin protobuf [46038] || ?[2m2023-03-27T09:35:15.858786Z?[0m ?[34mDEBUG?[0m tokio-runtime-worker ?[1mrequest?[0m?[1m{?[0m?[3mmethod?[0m?[2m=?[0mPOST ?[3muri?[0m?[2m=?[0mhttp://[::1]:53788/io.pact.plugin.PactPlugin/InitPlugin ?[3mversion?[0m?[2m=?[0mHTTP/2.0 ?[3mheaders?[0m?[2m=?[0m{"content-type": "application/grpc", "te": "trailers", "user-agent": "grpc-java-netty/1.49.0", "grpc-accept-encoding": "gzip", "authorization": Sensitive}?[1m}?[0m?[2m:?[0m ?[2mtower_http::trace::on_response?[0m?[2m:?[0m finished processing request ?[3mlatency?[0m?[2m=?[0m0 ms
15:05:15.862 [Thread-5] DEBUG i.pact.plugins.jvm.core.ChildProcess - Plugin protobuf [46038] || ?[2m2023-03-27T09:35:15.858838Z?[0m ?[35mTRACE?[0m tokio-runtime-worker ?[2mh2::proto::streams::send?[0m?[2m:?[0m send_headers; frame=Headers { stream_id: StreamId(3), flags: (0x4: END_HEADERS) }; init_window=1048576
15:05:15.862 [Thread-5] DEBUG i.pact.plugins.jvm.core.ChildProcess - Plugin protobuf [46038] || ?[2m2023-03-27T09:35:15.858871Z?[0m ?[35mTRACE?[0m tokio-runtime-worker ?[1mPrioritize::queue_frame?[0m?[1m{?[0m?[3mstream.id?[0m?[2m=?[0mStreamId(3)?[1m}?[0m?[2m:?[0m ?[2mh2::proto::streams::prioritize?[0m?[2m:?[0m schedule_send ?[3mstream.id?[0m?[2m=?[0mStreamId(3)
15:05:15.862 [Thread-5] DEBUG i.pact.plugins.jvm.core.ChildProcess - Plugin protobuf [46038] || ?[2m2023-03-27T09:35:15.858889Z?[0m ?[35mTRACE?[0m tokio-runtime-worker ?[1mPrioritize::queue_frame?[0m?[1m{?[0m?[3mstream.id?[0m?[2m=?[0mStreamId(3)?[1m}?[0m?[2m:?[0m ?[2mh2::proto::streams::store?[0m?[2m:?[0m Queue::push
15:05:15.862 [Thread-5] DEBUG i.pact.plugins.jvm.core.ChildProcess - Plugin protobuf [46038] || ?[2m2023-03-27T09:35:15.858903Z?[0m ?[35mTRACE?[0m tokio-runtime-worker ?[1mPrioritize::queue_frame?[0m?[1m{?[0m?[3mstream.id?[0m?[2m=?[0mStreamId(3)?[1m}?[0m?[2m:?[0m ?[2mh2::proto::streams::store?[0m?[2m:?[0m  -> first entry
15:05:15.862 [Thread-5] DEBUG i.pact.plugins.jvm.core.ChildProcess - Plugin protobuf [46038] || ?[2m2023-03-27T09:35:15.858925Z?[0m ?[35mTRACE?[0m tokio-runtime-worker ?[2mh2::proto::streams::counts?[0m?[2m:?[0m transition_after; stream=StreamId(3); state=State { inner: HalfClosedRemote(Streaming) }; is_closed=false; pending_send_empty=false; buffered_send_data=0; num_recv=1; num_send=0
15:05:15.862 [Thread-5] DEBUG i.pact.plugins.jvm.core.ChildProcess - Plugin protobuf [46038] || ?[2m2023-03-27T09:35:15.858986Z?[0m ?[35mTRACE?[0m tokio-runtime-worker ?[1mreserve_capacity?[0m?[1m{?[0m?[3mstream.id?[0m?[2m=?[0mStreamId(3) ?[3mrequested?[0m?[2m=?[0m1 ?[3meffective?[0m?[2m=?[0m1 ?[3mcurr?[0m?[2m=?[0m0?[1m}?[0m?[2m:?[0m?[1mtry_assign_capacity?[0m?[1m{?[0m?[3mstream.id?[0m?[2m=?[0mStreamId(3)?[1m}?[0m?[2m:?[0m ?[2mh2::proto::streams::prioritize?[0m?[2m:?[0m ?[3mrequested?[0m?[2m=?[0m1 ?[3madditional?[0m?[2m=?[0m1 ?[3mbuffered?[0m?[2m=?[0m0 ?[3mwindow?[0m?[2m=?[0m1048576 ?[3mconn?[0m?[2m=?[0m1048576
15:05:15.863 [Thread-5] DEBUG i.pact.plugins.jvm.core.ChildProcess - Plugin protobuf [46038] || ?[2m2023-03-27T09:35:15.859015Z?[0m ?[35mTRACE?[0m tokio-runtime-worker ?[1mreserve_capacity?[0m?[1m{?[0m?[3mstream.id?[0m?[2m=?[0mStreamId(3) ?[3mrequested?[0m?[2m=?[0m1 ?[3meffective?[0m?[2m=?[0m1 ?[3mcurr?[0m?[2m=?[0m0?[1m}?[0m?[2m:?[0m?[1mtry_assign_capacity?[0m?[1m{?[0m?[3mstream.id?[0m?[2m=?[0mStreamId(3)?[1m}?[0m?[2m:?[0m ?[2mh2::proto::streams::prioritize?[0m?[2m:?[0m assigning ?[3mcapacity?[0m?[2m=?[0m1
15:05:15.863 [Thread-5] DEBUG i.pact.plugins.jvm.core.ChildProcess - Plugin protobuf [46038] || ?[2m2023-03-27T09:35:15.859031Z?[0m ?[35mTRACE?[0m tokio-runtime-worker ?[1mreserve_capacity?[0m?[1m{?[0m?[3mstream.id?[0m?[2m=?[0mStreamId(3) ?[3mrequested?[0m?[2m=?[0m1 ?[3meffective?[0m?[2m=?[0m1 ?[3mcurr?[0m?[2m=?[0m0?[1m}?[0m?[2m:?[0m?[1mtry_assign_capacity?[0m?[1m{?[0m?[3mstream.id?[0m?[2m=?[0mStreamId(3)?[1m}?[0m?[2m:?[0m ?[2mh2::proto::streams::stream?[0m?[2m:?[0m   assigned capacity to stream; available=1; buffered=0; id=StreamId(3); max_buffer_size=409600
15:05:15.863 [Thread-5] DEBUG i.pact.plugins.jvm.core.ChildProcess - Plugin protobuf [46038] || ?[2m2023-03-27T09:35:15.859125Z?[0m ?[35mTRACE?[0m tokio-runtime-worker ?[1mreserve_capacity?[0m?[1m{?[0m?[3mstream.id?[0m?[2m=?[0mStreamId(3) ?[3mrequested?[0m?[2m=?[0m1 ?[3meffective?[0m?[2m=?[0m1 ?[3mcurr?[0m?[2m=?[0m0?[1m}?[0m?[2m:?[0m?[1mtry_assign_capacity?[0m?[1m{?[0m?[3mstream.id?[0m?[2m=?[0mStreamId(3)?[1m}?[0m?[2m:?[0m ?[2mh2::proto::streams::stream?[0m?[2m:?[0m   notifying task
15:05:15.863 [Thread-5] DEBUG i.pact.plugins.jvm.core.ChildProcess - Plugin protobuf [46038] || ?[2m2023-03-27T09:35:15.859209Z?[0m ?[35mTRACE?[0m tokio-runtime-worker ?[1mreserve_capacity?[0m?[1m{?[0m?[3mstream.id?[0m?[2m=?[0mStreamId(3) ?[3mrequested?[0m?[2m=?[0m1 ?[3meffective?[0m?[2m=?[0m1 ?[3mcurr?[0m?[2m=?[0m0?[1m}?[0m?[2m:?[0m?[1mtry_assign_capacity?[0m?[1m{?[0m?[3mstream.id?[0m?[2m=?[0mStreamId(3)?[1m}?[0m?[2m:?[0m ?[2mh2::proto::streams::prioritize?[0m?[2m:?[0m ?[3mavailable?[0m?[2m=?[0m1 ?[3mrequested?[0m?[2m=?[0m1 ?[3mbuffered?[0m?[2m=?[0m0 ?[3mhas_unavailable?[0m?[2m=?[0mtrue
15:05:15.863 [Thread-5] DEBUG i.pact.plugins.jvm.core.ChildProcess - Plugin protobuf [46038] || ?[2m2023-03-27T09:35:15.859294Z?[0m ?[35mTRACE?[0m tokio-runtime-worker ?[2mhyper::proto::h2?[0m?[2m:?[0m send body chunk: 153 bytes, eos=false
15:05:15.863 [Thread-5] DEBUG i.pact.plugins.jvm.core.ChildProcess - Plugin protobuf [46038] || ?[2m2023-03-27T09:35:15.859327Z?[0m ?[35mTRACE?[0m tokio-runtime-worker ?[1msend_data?[0m?[1m{?[0m?[3msz?[0m?[2m=?[0m153 ?[3mrequested?[0m?[2m=?[0m1?[1m}?[0m?[2m:?[0m ?[2mh2::proto::streams::prioritize?[0m?[2m:?[0m ?[3mbuffered?[0m?[2m=?[0m153
15:05:15.863 [Thread-5] DEBUG i.pact.plugins.jvm.core.ChildProcess - Plugin protobuf [46038] || ?[2m2023-03-27T09:35:15.859354Z?[0m ?[35mTRACE?[0m tokio-runtime-worker ?[1msend_data?[0m?[1m{?[0m?[3msz?[0m?[2m=?[0m153 ?[3mrequested?[0m?[2m=?[0m1?[1m}?[0m?[2m:?[0m?[1mtry_assign_capacity?[0m?[1m{?[0m?[3mstream.id?[0m?[2m=?[0mStreamId(3)?[1m}?[0m?[2m:?[0m ?[2mh2::proto::streams::prioritize?[0m?[2m:?[0m ?[3mrequested?[0m?[2m=?[0m153 ?[3madditional?[0m?[2m=?[0m152 ?[3mbuffered?[0m?[2m=?[0m153 ?[3mwindow?[0m?[2m=?[0m1048576 ?[3mconn?[0m?[2m=?[0m1048575
15:05:15.863 [Thread-5] DEBUG i.pact.plugins.jvm.core.ChildProcess - Plugin protobuf [46038] || ?[2m2023-03-27T09:35:15.859371Z?[0m ?[35mTRACE?[0m tokio-runtime-worker ?[1msend_data?[0m?[1m{?[0m?[3msz?[0m?[2m=?[0m153 ?[3mrequested?[0m?[2m=?[0m1?[1m}?[0m?[2m:?[0m?[1mtry_assign_capacity?[0m?[1m{?[0m?[3mstream.id?[0m?[2m=?[0mStreamId(3)?[1m}?[0m?[2m:?[0m ?[2mh2::proto::streams::prioritize?[0m?[2m:?[0m assigning ?[3mcapacity?[0m?[2m=?[0m152
15:05:15.863 [Thread-5] DEBUG i.pact.plugins.jvm.core.ChildProcess - Plugin protobuf [46038] || ?[2m2023-03-27T09:35:15.859385Z?[0m ?[35mTRACE?[0m tokio-runtime-worker ?[1msend_data?[0m?[1m{?[0m?[3msz?[0m?[2m=?[0m153 ?[3mrequested?[0m?[2m=?[0m1?[1m}?[0m?[2m:?[0m?[1mtry_assign_capacity?[0m?[1m{?[0m?[3mstream.id?[0m?[2m=?[0mStreamId(3)?[1m}?[0m?[2m:?[0m ?[2mh2::proto::streams::stream?[0m?[2m:?[0m   assigned capacity to stream; available=153; buffered=153; id=StreamId(3); max_buffer_size=409600
15:05:15.863 [Thread-5] DEBUG i.pact.plugins.jvm.core.ChildProcess - Plugin protobuf [46038] || ?[2m2023-03-27T09:35:15.859471Z?[0m ?[35mTRACE?[0m tokio-runtime-worker ?[1msend_data?[0m?[1m{?[0m?[3msz?[0m?[2m=?[0m153 ?[3mrequested?[0m?[2m=?[0m1?[1m}?[0m?[2m:?[0m?[1mtry_assign_capacity?[0m?[1m{?[0m?[3mstream.id?[0m?[2m=?[0mStreamId(3)?[1m}?[0m?[2m:?[0m ?[2mh2::proto::streams::prioritize?[0m?[2m:?[0m ?[3mavailable?[0m?[2m=?[0m153 ?[3mrequested?[0m?[2m=?[0m153 ?[3mbuffered?[0m?[2m=?[0m153 ?[3mhas_unavailable?[0m?[2m=?[0mtrue
15:05:15.863 [Thread-5] DEBUG i.pact.plugins.jvm.core.ChildProcess - Plugin protobuf [46038] || ?[2m2023-03-27T09:35:15.859502Z?[0m ?[35mTRACE?[0m tokio-runtime-worker ?[1msend_data?[0m?[1m{?[0m?[3msz?[0m?[2m=?[0m153 ?[3mrequested?[0m?[2m=?[0m1?[1m}?[0m?[2m:?[0m?[1mtry_assign_capacity?[0m?[1m{?[0m?[3mstream.id?[0m?[2m=?[0mStreamId(3)?[1m}?[0m?[2m:?[0m ?[2mh2::proto::streams::store?[0m?[2m:?[0m Queue::push
15:05:15.863 [Thread-5] DEBUG i.pact.plugins.jvm.core.ChildProcess - Plugin protobuf [46038] || ?[2m2023-03-27T09:35:15.859519Z?[0m ?[35mTRACE?[0m tokio-runtime-worker ?[1msend_data?[0m?[1m{?[0m?[3msz?[0m?[2m=?[0m153 ?[3mrequested?[0m?[2m=?[0m1?[1m}?[0m?[2m:?[0m?[1mtry_assign_capacity?[0m?[1m{?[0m?[3mstream.id?[0m?[2m=?[0mStreamId(3)?[1m}?[0m?[2m:?[0m ?[2mh2::proto::streams::store?[0m?[2m:?[0m  -> already queued
15:05:15.863 [Thread-5] DEBUG i.pact.plugins.jvm.core.ChildProcess - Plugin protobuf [46038] || ?[2m2023-03-27T09:35:15.859566Z?[0m ?[35mTRACE?[0m tokio-runtime-worker ?[1msend_data?[0m?[1m{?[0m?[3msz?[0m?[2m=?[0m153 ?[3mrequested?[0m?[2m=?[0m1?[1m}?[0m?[2m:?[0m ?[2mh2::proto::streams::prioritize?[0m?[2m:?[0m ?[3mavailable?[0m?[2m=?[0m153 ?[3mbuffered?[0m?[2m=?[0m153
15:05:15.863 [Thread-5] DEBUG i.pact.plugins.jvm.core.ChildProcess - Plugin protobuf [46038] || ?[2m2023-03-27T09:35:15.859595Z?[0m ?[35mTRACE?[0m tokio-runtime-worker ?[1msend_data?[0m?[1m{?[0m?[3msz?[0m?[2m=?[0m153 ?[3mrequested?[0m?[2m=?[0m1?[1m}?[0m?[2m:?[0m?[1mPrioritize::queue_frame?[0m?[1m{?[0m?[3mstream.id?[0m?[2m=?[0mStreamId(3)?[1m}?[0m?[2m:?[0m ?[2mh2::proto::streams::prioritize?[0m?[2m:?[0m schedule_send ?[3mstream.id?[0m?[2m=?[0mStreamId(3)
15:05:15.864 [Thread-5] DEBUG i.pact.plugins.jvm.core.ChildProcess - Plugin protobuf [46038] || ?[2m2023-03-27T09:35:15.859628Z?[0m ?[35mTRACE?[0m tokio-runtime-worker ?[1msend_data?[0m?[1m{?[0m?[3msz?[0m?[2m=?[0m153 ?[3mrequested?[0m?[2m=?[0m1?[1m}?[0m?[2m:?[0m?[1mPrioritize::queue_frame?[0m?[1m{?[0m?[3mstream.id?[0m?[2m=?[0mStreamId(3)?[1m}?[0m?[2m:?[0m ?[2mh2::proto::streams::store?[0m?[2m:?[0m Queue::push
15:05:15.864 [Thread-5] DEBUG i.pact.plugins.jvm.core.ChildProcess - Plugin protobuf [46038] || ?[2m2023-03-27T09:35:15.859643Z?[0m ?[35mTRACE?[0m tokio-runtime-worker ?[1msend_data?[0m?[1m{?[0m?[3msz?[0m?[2m=?[0m153 ?[3mrequested?[0m?[2m=?[0m1?[1m}?[0m?[2m:?[0m?[1mPrioritize::queue_frame?[0m?[1m{?[0m?[3mstream.id?[0m?[2m=?[0mStreamId(3)?[1m}?[0m?[2m:?[0m ?[2mh2::proto::streams::store?[0m?[2m:?[0m  -> already queued
15:05:15.864 [Thread-5] DEBUG i.pact.plugins.jvm.core.ChildProcess - Plugin protobuf [46038] || ?[2m2023-03-27T09:35:15.859668Z?[0m ?[35mTRACE?[0m tokio-runtime-worker ?[2mh2::proto::streams::counts?[0m?[2m:?[0m transition_after; stream=StreamId(3); state=State { inner: HalfClosedRemote(Streaming) }; is_closed=false; pending_send_empty=false; buffered_send_data=153; num_recv=1; num_send=0
15:05:15.864 [Thread-5] DEBUG i.pact.plugins.jvm.core.ChildProcess - Plugin protobuf [46038] || ?[2m2023-03-27T09:35:15.859737Z?[0m ?[35mTRACE?[0m tokio-runtime-worker ?[1mreserve_capacity?[0m?[1m{?[0m?[3mstream.id?[0m?[2m=?[0mStreamId(3) ?[3mrequested?[0m?[2m=?[0m1 ?[3meffective?[0m?[2m=?[0m154 ?[3mcurr?[0m?[2m=?[0m153?[1m}?[0m?[2m:?[0m?[1mtry_assign_capacity?[0m?[1m{?[0m?[3mstream.id?[0m?[2m=?[0mStreamId(3)?[1m}?[0m?[2m:?[0m ?[2mh2::proto::streams::prioritize?[0m?[2m:?[0m ?[3mrequested?[0m?[2m=?[0m154 ?[3madditional?[0m?[2m=?[0m1 ?[3mbuffered?[0m?[2m=?[0m153 ?[3mwindow?[0m?[2m=?[0m1048576 ?[3mconn?[0m?[2m=?[0m1048423
15:05:15.864 [Thread-5] DEBUG i.pact.plugins.jvm.core.ChildProcess - Plugin protobuf [46038] || ?[2m2023-03-27T09:35:15.859764Z?[0m ?[35mTRACE?[0m tokio-runtime-worker ?[1mreserve_capacity?[0m?[1m{?[0m?[3mstream.id?[0m?[2m=?[0mStreamId(3) ?[3mrequested?[0m?[2m=?[0m1 ?[3meffective?[0m?[2m=?[0m154 ?[3mcurr?[0m?[2m=?[0m153?[1m}?[0m?[2m:?[0m?[1mtry_assign_capacity?[0m?[1m{?[0m?[3mstream.id?[0m?[2m=?[0mStreamId(3)?[1m}?[0m?[2m:?[0m ?[2mh2::proto::streams::prioritize?[0m?[2m:?[0m assigning ?[3mcapacity?[0m?[2m=?[0m1
15:05:15.864 [Thread-5] DEBUG i.pact.plugins.jvm.core.ChildProcess - Plugin protobuf [46038] || ?[2m2023-03-27T09:35:15.859780Z?[0m ?[35mTRACE?[0m tokio-runtime-worker ?[1mreserve_capacity?[0m?[1m{?[0m?[3mstream.id?[0m?[2m=?[0mStreamId(3) ?[3mrequested?[0m?[2m=?[0m1 ?[3meffective?[0m?[2m=?[0m154 ?[3mcurr?[0m?[2m=?[0m153?[1m}?[0m?[2m:?[0m?[1mtry_assign_capacity?[0m?[1m{?[0m?[3mstream.id?[0m?[2m=?[0mStreamId(3)?[1m}?[0m?[2m:?[0m ?[2mh2::proto::streams::stream?[0m?[2m:?[0m   assigned capacity to stream; available=154; buffered=153; id=StreamId(3); max_buffer_size=409600
15:05:15.864 [Thread-5] DEBUG i.pact.plugins.jvm.core.ChildProcess - Plugin protobuf [46038] || ?[2m2023-03-27T09:35:15.859801Z?[0m ?[35mTRACE?[0m tokio-runtime-worker ?[1mreserve_capacity?[0m?[1m{?[0m?[3mstream.id?[0m?[2m=?[0mStreamId(3) ?[3mrequested?[0m?[2m=?[0m1 ?[3meffective?[0m?[2m=?[0m154 ?[3mcurr?[0m?[2m=?[0m153?[1m}?[0m?[2m:?[0m?[1mtry_assign_capacity?[0m?[1m{?[0m?[3mstream.id?[0m?[2m=?[0mStreamId(3)?[1m}?[0m?[2m:?[0m ?[2mh2::proto::streams::stream?[0m?[2m:?[0m   notifying task
15:05:15.864 [Thread-5] DEBUG i.pact.plugins.jvm.core.ChildProcess - Plugin protobuf [46038] || ?[2m2023-03-27T09:35:15.859815Z?[0m ?[35mTRACE?[0m tokio-runtime-worker ?[1mreserve_capacity?[0m?[1m{?[0m?[3mstream.id?[0m?[2m=?[0mStreamId(3) ?[3mrequested?[0m?[2m=?[0m1 ?[3meffective?[0m?[2m=?[0m154 ?[3mcurr?[0m?[2m=?[0m153?[1m}?[0m?[2m:?[0m?[1mtry_assign_capacity?[0m?[1m{?[0m?[3mstream.id?[0m?[2m=?[0mStreamId(3)?[1m}?[0m?[2m:?[0m ?[2mh2::proto::streams::prioritize?[0m?[2m:?[0m ?[3mavailable?[0m?[2m=?[0m154 ?[3mrequested?[0m?[2m=?[0m154 ?[3mbuffered?[0m?[2m=?[0m153 ?[3mhas_unavailable?[0m?[2m=?[0mtrue
15:05:15.864 [Thread-5] DEBUG i.pact.plugins.jvm.core.ChildProcess - Plugin protobuf [46038] || ?[2m2023-03-27T09:35:15.859834Z?[0m ?[35mTRACE?[0m tokio-runtime-worker ?[1mreserve_capacity?[0m?[1m{?[0m?[3mstream.id?[0m?[2m=?[0mStreamId(3) ?[3mrequested?[0m?[2m=?[0m1 ?[3meffective?[0m?[2m=?[0m154 ?[3mcurr?[0m?[2m=?[0m153?[1m}?[0m?[2m:?[0m?[1mtry_assign_capacity?[0m?[1m{?[0m?[3mstream.id?[0m?[2m=?[0mStreamId(3)?[1m}?[0m?[2m:?[0m ?[2mh2::proto::streams::store?[0m?[2m:?[0m Queue::push
15:05:15.864 [Thread-5] DEBUG i.pact.plugins.jvm.core.ChildProcess - Plugin protobuf [46038] || ?[2m2023-03-27T09:35:15.859847Z?[0m ?[35mTRACE?[0m tokio-runtime-worker ?[1mreserve_capacity?[0m?[1m{?[0m?[3mstream.id?[0m?[2m=?[0mStreamId(3) ?[3mrequested?[0m?[2m=?[0m1 ?[3meffective?[0m?[2m=?[0m154 ?[3mcurr?[0m?[2m=?[0m153?[1m}?[0m?[2m:?[0m?[1mtry_assign_capacity?[0m?[1m{?[0m?[3mstream.id?[0m?[2m=?[0mStreamId(3)?[1m}?[0m?[2m:?[0m ?[2mh2::proto::streams::store?[0m?[2m:?[0m  -> already queued
15:05:15.864 [Thread-5] DEBUG i.pact.plugins.jvm.core.ChildProcess - Plugin protobuf [46038] || ?[2m2023-03-27T09:35:15.859988Z?[0m ?[34mDEBUG?[0m tokio-runtime-worker ?[1mrequest?[0m?[1m{?[0m?[3mmethod?[0m?[2m=?[0mPOST ?[3muri?[0m?[2m=?[0mhttp://[::1]:53788/io.pact.plugin.PactPlugin/InitPlugin ?[3mversion?[0m?[2m=?[0mHTTP/2.0 ?[3mheaders?[0m?[2m=?[0m{"content-type": "application/grpc", "te": "trailers", "user-agent": "grpc-java-netty/1.49.0", "grpc-accept-encoding": "gzip", "authorization": Sensitive}?[1m}?[0m?[2m:?[0m ?[2mtower_http::trace::on_eos?[0m?[2m:?[0m end of stream ?[3mstream_duration?[0m?[2m=?[0m1 ms ?[3mstatus?[0m?[2m=?[0m0
15:05:15.865 [Thread-5] DEBUG i.pact.plugins.jvm.core.ChildProcess - Plugin protobuf [46038] || ?[2m2023-03-27T09:35:15.860056Z?[0m ?[35mTRACE?[0m tokio-runtime-worker ?[2mh2::proto::streams::state?[0m?[2m:?[0m send_close: HalfClosedRemote => Closed
15:05:15.865 [Thread-5] DEBUG i.pact.plugins.jvm.core.ChildProcess - Plugin protobuf [46038] || ?[2m2023-03-27T09:35:15.860074Z?[0m ?[35mTRACE?[0m tokio-runtime-worker ?[2mh2::proto::streams::send?[0m?[2m:?[0m send_trailers -- queuing; frame=Headers { stream_id: StreamId(3), flags: (0x5: END_HEADERS | END_STREAM) }
15:05:15.865 [Thread-5] DEBUG i.pact.plugins.jvm.core.ChildProcess - Plugin protobuf [46038] || ?[2m2023-03-27T09:35:15.860132Z?[0m ?[35mTRACE?[0m tokio-runtime-worker ?[1mPrioritize::queue_frame?[0m?[1m{?[0m?[3mstream.id?[0m?[2m=?[0mStreamId(3)?[1m}?[0m?[2m:?[0m ?[2mh2::proto::streams::prioritize?[0m?[2m:?[0m schedule_send ?[3mstream.id?[0m?[2m=?[0mStreamId(3)
15:05:15.865 [Thread-5] DEBUG i.pact.plugins.jvm.core.ChildProcess - Plugin protobuf [46038] || ?[2m2023-03-27T09:35:15.860154Z?[0m ?[35mTRACE?[0m tokio-runtime-worker ?[1mPrioritize::queue_frame?[0m?[1m{?[0m?[3mstream.id?[0m?[2m=?[0mStreamId(3)?[1m}?[0m?[2m:?[0m ?[2mh2::proto::streams::store?[0m?[2m:?[0m Queue::push
15:05:15.865 [Thread-5] DEBUG i.pact.plugins.jvm.core.ChildProcess - Plugin protobuf [46038] || ?[2m2023-03-27T09:35:15.860166Z?[0m ?[35mTRACE?[0m tokio-runtime-worker ?[1mPrioritize::queue_frame?[0m?[1m{?[0m?[3mstream.id?[0m?[2m=?[0mStreamId(3)?[1m}?[0m?[2m:?[0m ?[2mh2::proto::streams::store?[0m?[2m:?[0m  -> already queued
15:05:15.865 [Thread-5] DEBUG i.pact.plugins.jvm.core.ChildProcess - Plugin protobuf [46038] || ?[2m2023-03-27T09:35:15.860206Z?[0m ?[35mTRACE?[0m tokio-runtime-worker ?[2mh2::proto::streams::counts?[0m?[2m:?[0m transition_after; stream=StreamId(3); state=State { inner: Closed(EndStream) }; is_closed=false; pending_send_empty=false; buffered_send_data=153; num_recv=1; num_send=0
15:05:15.865 [Thread-5] DEBUG i.pact.plugins.jvm.core.ChildProcess - Plugin protobuf [46038] || ?[2m2023-03-27T09:35:15.860231Z?[0m ?[35mTRACE?[0m tokio-runtime-worker ?[2mh2::proto::streams::streams?[0m?[2m:?[0m drop_stream_ref; stream=Stream { id: StreamId(3), state: State { inner: Closed(EndStream) }, is_counted: true, ref_count: 2, next_pending_send: None, is_pending_send: true, send_flow: FlowControl { window_size: Window(1048576), available: Window(153) }, requested_send_capacity: 153, buffered_send_data: 153, send_task: Some(Waker { data: 0x600001870000, vtable: 0x103cec458 }), pending_send: Deque { indices: Some(Indices { head: 0, tail: 2 }) }, next_pending_send_capacity: None, is_pending_send_capacity: false, send_capacity_inc: true, next_open: None, is_pending_open: false, is_pending_push: false, next_pending_accept: None, is_pending_accept: false, recv_flow: FlowControl { window_size: Window(1048545), available: Window(1048576) }, in_flight_recv_data: 0, next_window_update: None, is_pending_window_update: false, reset_at: None, next_reset_expire: None, pending_recv: Deque { indices: None }, recv_task: None, pending_push_promises: Queue { indices: None, _p: PhantomData }, content_length: Omitted }
15:05:15.865 [Thread-5] DEBUG i.pact.plugins.jvm.core.ChildProcess - Plugin protobuf [46038] || ?[2m2023-03-27T09:35:15.860273Z?[0m ?[35mTRACE?[0m tokio-runtime-worker ?[2mh2::proto::streams::counts?[0m?[2m:?[0m transition_after; stream=StreamId(3); state=State { inner: Closed(EndStream) }; is_closed=false; pending_send_empty=false; buffered_send_data=153; num_recv=1; num_send=0
15:05:15.865 [Thread-5] DEBUG i.pact.plugins.jvm.core.ChildProcess - Plugin protobuf [46038] || ?[2m2023-03-27T09:35:15.860289Z?[0m ?[35mTRACE?[0m tokio-runtime-worker ?[2mh2::proto::streams::streams?[0m?[2m:?[0m drop_stream_ref; stream=Stream { id: StreamId(3), state: State { inner: Closed(EndStream) }, is_counted: true, ref_count: 1, next_pending_send: None, is_pending_send: true, send_flow: FlowControl { window_size: Window(1048576), available: Window(153) }, requested_send_capacity: 153, buffered_send_data: 153, send_task: Some(Waker { data: 0x600001870000, vtable: 0x103cec458 }), pending_send: Deque { indices: Some(Indices { head: 0, tail: 2 }) }, next_pending_send_capacity: None, is_pending_send_capacity: false, send_capacity_inc: true, next_open: None, is_pending_open: false, is_pending_push: false, next_pending_accept: None, is_pending_accept: false, recv_flow: FlowControl { window_size: Window(1048545), available: Window(1048576) }, in_flight_recv_data: 0, next_window_update: None, is_pending_window_update: false, reset_at: None, next_reset_expire: None, pending_recv: Deque { indices: None }, recv_task: None, pending_push_promises: Queue { indices: None, _p: PhantomData }, content_length: Omitted }
15:05:15.865 [Thread-5] DEBUG i.pact.plugins.jvm.core.ChildProcess - Plugin protobuf [46038] || ?[2m2023-03-27T09:35:15.860315Z?[0m ?[35mTRACE?[0m tokio-runtime-worker ?[2mh2::proto::streams::counts?[0m?[2m:?[0m transition_after; stream=StreamId(3); state=State { inner: Closed(EndStream) }; is_closed=false; pending_send_empty=false; buffered_send_data=153; num_recv=1; num_send=0
15:05:15.865 [Thread-5] DEBUG i.pact.plugins.jvm.core.ChildProcess - Plugin protobuf [46038] || ?[2m2023-03-27T09:35:15.860380Z?[0m ?[35mTRACE?[0m tokio-runtime-worker ?[1mserver_handshake?[0m?[2m:?[0m?[1mConnection?[0m?[1m{?[0m?[3mpeer?[0m?[2m=?[0mServer?[1m}?[0m?[2m:?[0m?[1mpoll?[0m?[2m:?[0m ?[2mh2::proto::connection?[0m?[2m:?[0m ?[3mconnection.state?[0m?[2m=?[0mOpen
15:05:15.865 [Thread-5] DEBUG i.pact.plugins.jvm.core.ChildProcess - Plugin protobuf [46038] || ?[2m2023-03-27T09:35:15.860423Z?[0m ?[35mTRACE?[0m tokio-runtime-worker ?[1mserver_handshake?[0m?[2m:?[0m?[1mConnection?[0m?[1m{?[0m?[3mpeer?[0m?[2m=?[0mServer?[1m}?[0m?[2m:?[0m?[1mpoll?[0m?[2m:?[0m?[1mFramedRead::poll_next?[0m?[2m:?[0m ?[2mh2::codec::framed_read?[0m?[2m:?[0m poll
15:05:15.865 [Thread-5] DEBUG i.pact.plugins.jvm.core.ChildProcess - Plugin protobuf [46038] || ?[2m2023-03-27T09:35:15.860467Z?[0m ?[35mTRACE?[0m tokio-runtime-worker ?[1mserver_handshake?[0m?[2m:?[0m?[1mConnection?[0m?[1m{?[0m?[3mpeer?[0m?[2m=?[0mServer?[1m}?[0m?[2m:?[0m?[1mpoll?[0m?[2m:?[0m ?[2mh2::proto::streams::prioritize?[0m?[2m:?[0m poll_complete
15:05:15.866 [Thread-5] DEBUG i.pact.plugins.jvm.core.ChildProcess - Plugin protobuf [46038] || ?[2m2023-03-27T09:35:15.860483Z?[0m ?[35mTRACE?[0m tokio-runtime-worker ?[1mserver_handshake?[0m?[2m:?[0m?[1mConnection?[0m?[1m{?[0m?[3mpeer?[0m?[2m=?[0mServer?[1m}?[0m?[2m:?[0m?[1mpoll?[0m?[2m:?[0m ?[2mh2::proto::streams::prioritize?[0m?[2m:?[0m schedule_pending_open
15:05:15.866 [Thread-5] DEBUG i.pact.plugins.jvm.core.ChildProcess - Plugin protobuf [46038] || ?[2m2023-03-27T09:35:15.860518Z?[0m ?[35mTRACE?[0m tokio-runtime-worker ?[1mserver_handshake?[0m?[2m:?[0m?[1mConnection?[0m?[1m{?[0m?[3mpeer?[0m?[2m=?[0mServer?[1m}?[0m?[2m:?[0m?[1mpoll?[0m?[2m:?[0m?[1mpop_frame?[0m?[2m:?[0m?[1mpopped?[0m?[1m{?[0m?[3mstream.id?[0m?[2m=?[0mStreamId(3) ?[3mstream.state?[0m?[2m=?[0mState { inner: Closed(EndStream) }?[1m}?[0m?[2m:?[0m ?[2mh2::proto::streams::prioritize?[0m?[2m:?[0m ?[3mis_pending_reset?[0m?[2m=?[0mfalse
15:05:15.866 [Thread-5] DEBUG i.pact.plugins.jvm.core.ChildProcess - Plugin protobuf [46038] || ?[2m2023-03-27T09:35:15.860538Z?[0m ?[35mTRACE?[0m tokio-runtime-worker ?[1mserver_handshake?[0m?[2m:?[0m?[1mConnection?[0m?[1m{?[0m?[3mpeer?[0m?[2m=?[0mServer?[1m}?[0m?[2m:?[0m?[1mpoll?[0m?[2m:?[0m?[1mpop_frame?[0m?[2m:?[0m?[1mpopped?[0m?[1m{?[0m?[3mstream.id?[0m?[2m=?[0mStreamId(3) ?[3mstream.state?[0m?[2m=?[0mState { inner: Closed(EndStream) }?[1m}?[0m?[2m:?[0m ?[2mh2::proto::streams::prioritize?[0m?[2m:?[0m pop_frame; frame=Headers { stream_id: StreamId(3), flags: (0x4: END_HEADERS) }
15:05:15.866 [Thread-5] DEBUG i.pact.plugins.jvm.core.ChildProcess - Plugin protobuf [46038] || ?[2m2023-03-27T09:35:15.860581Z?[0m ?[35mTRACE?[0m tokio-runtime-worker ?[1mserver_handshake?[0m?[2m:?[0m?[1mConnection?[0m?[1m{?[0m?[3mpeer?[0m?[2m=?[0mServer?[1m}?[0m?[2m:?[0m?[1mpoll?[0m?[2m:?[0m?[1mpop_frame?[0m?[2m:?[0m?[1mpopped?[0m?[1m{?[0m?[3mstream.id?[0m?[2m=?[0mStreamId(3) ?[3mstream.state?[0m?[2m=?[0mState { inner: Closed(EndStream) }?[1m}?[0m?[2m:?[0m ?[2mh2::proto::streams::store?[0m?[2m:?[0m Queue::push
15:05:15.866 [Thread-5] DEBUG i.pact.plugins.jvm.core.ChildProcess - Plugin protobuf [46038] || ?[2m2023-03-27T09:35:15.860599Z?[0m ?[35mTRACE?[0m tokio-runtime-worker ?[1mserver_handshake?[0m?[2m:?[0m?[1mConnection?[0m?[1m{?[0m?[3mpeer?[0m?[2m=?[0mServer?[1m}?[0m?[2m:?[0m?[1mpoll?[0m?[2m:?[0m?[1mpop_frame?[0m?[2m:?[0m?[1mpopped?[0m?[1m{?[0m?[3mstream.id?[0m?[2m=?[0mStreamId(3) ?[3mstream.state?[0m?[2m=?[0mState { inner: Closed(EndStream) }?[1m}?[0m?[2m:?[0m ?[2mh2::proto::streams::store?[0m?[2m:?[0m  -> first entry
15:05:15.866 [Thread-5] DEBUG i.pact.plugins.jvm.core.ChildProcess - Plugin protobuf [46038] || ?[2m2023-03-27T09:35:15.860613Z?[0m ?[35mTRACE?[0m tokio-runtime-worker ?[1mserver_handshake?[0m?[2m:?[0m?[1mConnection?[0m?[1m{?[0m?[3mpeer?[0m?[2m=?[0mServer?[1m}?[0m?[2m:?[0m?[1mpoll?[0m?[2m:?[0m?[1mpop_frame?[0m?[2m:?[0m?[1mpopped?[0m?[1m{?[0m?[3mstream.id?[0m?[2m=?[0mStreamId(3) ?[3mstream.state?[0m?[2m=?[0mState { inner: Closed(EndStream) }?[1m}?[0m?[2m:?[0m ?[2mh2::proto::streams::counts?[0m?[2m:?[0m transition_after; stream=StreamId(3); state=State { inner: Closed(EndStream) }; is_closed=false; pending_send_empty=false; buffered_send_data=153; num_recv=1; num_send=0
15:05:15.866 [Thread-5] DEBUG i.pact.plugins.jvm.core.ChildProcess - Plugin protobuf [46038] || ?[2m2023-03-27T09:35:15.860646Z?[0m ?[35mTRACE?[0m tokio-runtime-worker ?[1mserver_handshake?[0m?[2m:?[0m?[1mConnection?[0m?[1m{?[0m?[3mpeer?[0m?[2m=?[0mServer?[1m}?[0m?[2m:?[0m?[1mpoll?[0m?[2m:?[0m ?[2mh2::proto::streams::prioritize?[0m?[2m:?[0m writing ?[3mframe?[0m?[2m=?[0mHeaders { stream_id: StreamId(3), flags: (0x4: END_HEADERS) }
15:05:15.866 [Thread-5] DEBUG i.pact.plugins.jvm.core.ChildProcess - Plugin protobuf [46038] || ?[2m2023-03-27T09:35:15.860674Z?[0m ?[34mDEBUG?[0m tokio-runtime-worker ?[1mserver_handshake?[0m?[2m:?[0m?[1mConnection?[0m?[1m{?[0m?[3mpeer?[0m?[2m=?[0mServer?[1m}?[0m?[2m:?[0m?[1mpoll?[0m?[2m:?[0m?[1mFramedWrite::buffer?[0m?[1m{?[0m?[3mframe?[0m?[2m=?[0mHeaders { stream_id: StreamId(3), flags: (0x4: END_HEADERS) }?[1m}?[0m?[2m:?[0m ?[2mh2::codec::framed_write?[0m?[2m:?[0m send ?[3mframe?[0m?[2m=?[0mHeaders { stream_id: StreamId(3), flags: (0x4: END_HEADERS) }
15:05:15.866 [Thread-5] DEBUG i.pact.plugins.jvm.core.ChildProcess - Plugin protobuf [46038] || ?[2m2023-03-27T09:35:15.860735Z?[0m ?[35mTRACE?[0m tokio-runtime-worker ?[1mserver_handshake?[0m?[2m:?[0m?[1mConnection?[0m?[1m{?[0m?[3mpeer?[0m?[2m=?[0mServer?[1m}?[0m?[2m:?[0m?[1mpoll?[0m?[2m:?[0m ?[2mh2::proto::streams::prioritize?[0m?[2m:?[0m schedule_pending_open
15:05:15.866 [Thread-5] DEBUG i.pact.plugins.jvm.core.ChildProcess - Plugin protobuf [46038] || ?[2m2023-03-27T09:35:15.860765Z?[0m ?[35mTRACE?[0m tokio-runtime-worker ?[1mserver_handshake?[0m?[2m:?[0m?[1mConnection?[0m?[1m{?[0m?[3mpeer?[0m?[2m=?[0mServer?[1m}?[0m?[2m:?[0m?[1mpoll?[0m?[2m:?[0m?[1mpop_frame?[0m?[2m:?[0m?[1mpopped?[0m?[1m{?[0m?[3mstream.id?[0m?[2m=?[0mStreamId(3) ?[3mstream.state?[0m?[2m=?[0mState { inner: Closed(EndStream) }?[1m}?[0m?[2m:?[0m ?[2mh2::proto::streams::prioritize?[0m?[2m:?[0m ?[3mis_pending_reset?[0m?[2m=?[0mfalse
15:05:15.866 [Thread-5] DEBUG i.pact.plugins.jvm.core.ChildProcess - Plugin protobuf [46038] || ?[2m2023-03-27T09:35:15.860785Z?[0m ?[35mTRACE?[0m tokio-runtime-worker ?[1mserver_handshake?[0m?[2m:?[0m?[1mConnection?[0m?[1m{?[0m?[3mpeer?[0m?[2m=?[0mServer?[1m}?[0m?[2m:?[0m?[1mpoll?[0m?[2m:?[0m?[1mpop_frame?[0m?[2m:?[0m?[1mpopped?[0m?[1m{?[0m?[3mstream.id?[0m?[2m=?[0mStreamId(3) ?[3mstream.state?[0m?[2m=?[0mState { inner: Closed(EndStream) }?[1m}?[0m?[2m:?[0m ?[2mh2::proto::streams::prioritize?[0m?[2m:?[0m data frame ?[3msz?[0m?[2m=?[0m153 ?[3meos?[0m?[2m=?[0mfalse ?[3mwindow?[0m?[2m=?[0m153 ?[3mavailable?[0m?[2m=?[0m153 ?[3mrequested?[0m?[2m=?[0m153 ?[3mbuffered?[0m?[2m=?[0m153
15:05:15.866 [Thread-5] DEBUG i.pact.plugins.jvm.core.ChildProcess - Plugin protobuf [46038] || ?[2m2023-03-27T09:35:15.860806Z?[0m ?[35mTRACE?[0m tokio-runtime-worker ?[1mserver_handshake?[0m?[2m:?[0m?[1mConnection?[0m?[1m{?[0m?[3mpeer?[0m?[2m=?[0mServer?[1m}?[0m?[2m:?[0m?[1mpoll?[0m?[2m:?[0m?[1mpop_frame?[0m?[2m:?[0m?[1mpopped?[0m?[1m{?[0m?[3mstream.id?[0m?[2m=?[0mStreamId(3) ?[3mstream.state?[0m?[2m=?[0mState { inner: Closed(EndStream) }?[1m}?[0m?[2m:?[0m ?[2mh2::proto::streams::prioritize?[0m?[2m:?[0m sending data frame ?[3mlen?[0m?[2m=?[0m153
15:05:15.866 [Thread-5] DEBUG i.pact.plugins.jvm.core.ChildProcess - Plugin protobuf [46038] || ?[2m2023-03-27T09:35:15.860827Z?[0m ?[35mTRACE?[0m tokio-runtime-worker ?[1mserver_handshake?[0m?[2m:?[0m?[1mConnection?[0m?[1m{?[0m?[3mpeer?[0m?[2m=?[0mServer?[1m}?[0m?[2m:?[0m?[1mpoll?[0m?[2m:?[0m?[1mpop_frame?[0m?[2m:?[0m?[1mpopped?[0m?[1m{?[0m?[3mstream.id?[0m?[2m=?[0mStreamId(3) ?[3mstream.state?[0m?[2m=?[0mState { inner: Closed(EndStream) }?[1m}?[0m?[2m:?[0m?[1mupdating stream flow?[0m?[2m:?[0m ?[2mh2::proto::streams::flow_control?[0m?[2m:?[0m send_data; sz=153; window=1048576; available=153
15:05:15.867 [Thread-5] DEBUG i.pact.plugins.jvm.core.ChildProcess - Plugin protobuf [46038] || ?[2m2023-03-27T09:35:15.860858Z?[0m ?[35mTRACE?[0m tokio-runtime-worker ?[1mserver_handshake?[0m?[2m:?[0m?[1mConnection?[0m?[1m{?[0m?[3mpeer?[0m?[2m=?[0mServer?[1m}?[0m?[2m:?[0m?[1mpoll?[0m?[2m:?[0m?[1mpop_frame?[0m?[2m:?[0m?[1mpopped?[0m?[1m{?[0m?[3mstream.id?[0m?[2m=?[0mStreamId(3) ?[3mstream.state?[0m?[2m=?[0mState { inner: Closed(EndStream) }?[1m}?[0m?[2m:?[0m?[1mupdating connection flow?[0m?[2m:?[0m ?[2mh2::proto::streams::flow_control?[0m?[2m:?[0m send_data; sz=153; window=1048576; available=1048576
15:05:15.867 [grpc-nio-worker-ELG-1-2] DEBUG io.grpc.netty.NettyClientHandler - [id: 0x3c962551, L:/0:0:0:0:0:0:0:1:53790 - R:/0:0:0:0:0:0:0:1:53788] INBOUND HEADERS: streamId=3 headers=GrpcHttp2ResponseHeaders[:status: 200, content-type: application/grpc, date: Mon, 27 Mar 2023 09:35:15 GMT] padding=0 endStream=false
15:05:15.867 [Thread-5] DEBUG i.pact.plugins.jvm.core.ChildProcess - Plugin protobuf [46038] || ?[2m2023-03-27T09:35:15.860883Z?[0m ?[35mTRACE?[0m tokio-runtime-worker ?[1mserver_handshake?[0m?[2m:?[0m?[1mConnection?[0m?[1m{?[0m?[3mpeer?[0m?[2m=?[0mServer?[1m}?[0m?[2m:?[0m?[1mpoll?[0m?[2m:?[0m?[1mpop_frame?[0m?[2m:?[0m?[1mpopped?[0m?[1m{?[0m?[3mstream.id?[0m?[2m=?[0mStreamId(3) ?[3mstream.state?[0m?[2m=?[0mState { inner: Closed(EndStream) }?[1m}?[0m?[2m:?[0m ?[2mh2::proto::streams::prioritize?[0m?[2m:?[0m pop_frame; frame=Data { stream_id: StreamId(3) }
15:05:15.867 [Thread-5] DEBUG i.pact.plugins.jvm.core.ChildProcess - Plugin protobuf [46038] || ?[2m2023-03-27T09:35:15.860901Z?[0m ?[35mTRACE?[0m tokio-runtime-worker ?[1mserver_handshake?[0m?[2m:?[0m?[1mConnection?[0m?[1m{?[0m?[3mpeer?[0m?[2m=?[0mServer?[1m}?[0m?[2m:?[0m?[1mpoll?[0m?[2m:?[0m?[1mpop_frame?[0m?[2m:?[0m?[1mpopped?[0m?[1m{?[0m?[3mstream.id?[0m?[2m=?[0mStreamId(3) ?[3mstream.state?[0m?[2m=?[0mState { inner: Closed(EndStream) }?[1m}?[0m?[2m:?[0m ?[2mh2::proto::streams::store?[0m?[2m:?[0m Queue::push
15:05:15.867 [Thread-5] DEBUG i.pact.plugins.jvm.core.ChildProcess - Plugin protobuf [46038] || ?[2m2023-03-27T09:35:15.860915Z?[0m ?[35mTRACE?[0m tokio-runtime-worker ?[1mserver_handshake?[0m?[2m:?[0m?[1mConnection?[0m?[1m{?[0m?[3mpeer?[0m?[2m=?[0mServer?[1m}?[0m?[2m:?[0m?[1mpoll?[0m?[2m:?[0m?[1mpop_frame?[0m?[2m:?[0m?[1mpopped?[0m?[1m{?[0m?[3mstream.id?[0m?[2m=?[0mStreamId(3) ?[3mstream.state?[0m?[2m=?[0mState { inner: Closed(EndStream) }?[1m}?[0m?[2m:?[0m ?[2mh2::proto::streams::store?[0m?[2m:?[0m  -> first entry
15:05:15.867 [Thread-5] DEBUG i.pact.plugins.jvm.core.ChildProcess - Plugin protobuf [46038] || ?[2m2023-03-27T09:35:15.860945Z?[0m ?[35mTRACE?[0m tokio-runtime-worker ?[1mserver_handshake?[0m?[2m:?[0m?[1mConnection?[0m?[1m{?[0m?[3mpeer?[0m?[2m=?[0mServer?[1m}?[0m?[2m:?[0m?[1mpoll?[0m?[2m:?[0m?[1mpop_frame?[0m?[2m:?[0m?[1mpopped?[0m?[1m{?[0m?[3mstream.id?[0m?[2m=?[0mStreamId(3) ?[3mstream.state?[0m?[2m=?[0mState { inner: Closed(EndStream) }?[1m}?[0m?[2m:?[0m ?[2mh2::proto::streams::counts?[0m?[2m:?[0m transition_after; stream=StreamId(3); state=State { inner: Closed(EndStream) }; is_closed=false; pending_send_empty=false; buffered_send_data=0; num_recv=1; num_send=0
15:05:15.867 [Thread-5] DEBUG i.pact.plugins.jvm.core.ChildProcess - Plugin protobuf [46038] || ?[2m2023-03-27T09:35:15.860978Z?[0m ?[35mTRACE?[0m tokio-runtime-worker ?[1mserver_handshake?[0m?[2m:?[0m?[1mConnection?[0m?[1m{?[0m?[3mpeer?[0m?[2m=?[0mServer?[1m}?[0m?[2m:?[0m?[1mpoll?[0m?[2m:?[0m ?[2mh2::proto::streams::prioritize?[0m?[2m:?[0m writing ?[3mframe?[0m?[2m=?[0mData { stream_id: StreamId(3) }
15:05:15.867 [Thread-5] DEBUG i.pact.plugins.jvm.core.ChildProcess - Plugin protobuf [46038] || ?[2m2023-03-27T09:35:15.861018Z?[0m ?[34mDEBUG?[0m tokio-runtime-worker ?[1mserver_handshake?[0m?[2m:?[0m?[1mConnection?[0m?[1m{?[0m?[3mpeer?[0m?[2m=?[0mServer?[1m}?[0m?[2m:?[0m?[1mpoll?[0m?[2m:?[0m?[1mFramedWrite::buffer?[0m?[1m{?[0m?[3mframe?[0m?[2m=?[0mData { stream_id: StreamId(3) }?[1m}?[0m?[2m:?[0m ?[2mh2::codec::framed_write?[0m?[2m:?[0m send ?[3mframe?[0m?[2m=?[0mData { stream_id: StreamId(3) }
15:05:15.868 [Thread-5] DEBUG i.pact.plugins.jvm.core.ChildProcess - Plugin protobuf [46038] || ?[2m2023-03-27T09:35:15.861049Z?[0m ?[35mTRACE?[0m tokio-runtime-worker ?[1mserver_handshake?[0m?[2m:?[0m?[1mConnection?[0m?[1m{?[0m?[3mpeer?[0m?[2m=?[0mServer?[1m}?[0m?[2m:?[0m?[1mpoll?[0m?[2m:?[0m?[1mtry_reclaim_frame?[0m?[2m:?[0m ?[2mh2::proto::streams::prioritize?[0m?[2m:?[0m reclaimed ?[3mframe?[0m?[2m=?[0mData { stream_id: StreamId(3) } ?[3msz?[0m?[2m=?[0m0
15:05:15.868 [Thread-5] DEBUG i.pact.plugins.jvm.core.ChildProcess - Plugin protobuf [46038] || ?[2m2023-03-27T09:35:15.861073Z?[0m ?[35mTRACE?[0m tokio-runtime-worker ?[1mserver_handshake?[0m?[2m:?[0m?[1mConnection?[0m?[1m{?[0m?[3mpeer?[0m?[2m=?[0mServer?[1m}?[0m?[2m:?[0m?[1mpoll?[0m?[2m:?[0m ?[2mh2::proto::streams::prioritize?[0m?[2m:?[0m schedule_pending_open
15:05:15.868 [Thread-5] DEBUG i.pact.plugins.jvm.core.ChildProcess - Plugin protobuf [46038] || ?[2m2023-03-27T09:35:15.861102Z?[0m ?[35mTRACE?[0m tokio-runtime-worker ?[1mserver_handshake?[0m?[2m:?[0m?[1mConnection?[0m?[1m{?[0m?[3mpeer?[0m?[2m=?[0mServer?[1m}?[0m?[2m:?[0m?[1mpoll?[0m?[2m:?[0m?[1mpop_frame?[0m?[2m:?[0m?[1mpopped?[0m?[1m{?[0m?[3mstream.id?[0m?[2m=?[0mStreamId(3) ?[3mstream.state?[0m?[2m=?[0mState { inner: Closed(EndStream) }?[1m}?[0m?[2m:?[0m ?[2mh2::proto::streams::prioritize?[0m?[2m:?[0m ?[3mis_pending_reset?[0m?[2m=?[0mfalse
15:05:15.868 [Thread-5] DEBUG i.pact.plugins.jvm.core.ChildProcess - Plugin protobuf [46038] || ?[2m2023-03-27T09:35:15.861138Z?[0m ?[35mTRACE?[0m tokio-runtime-worker ?[1mserver_handshake?[0m?[2m:?[0m?[1mConnection?[0m?[1m{?[0m?[3mpeer?[0m?[2m=?[0mServer?[1m}?[0m?[2m:?[0m?[1mpoll?[0m?[2m:?[0m?[1mpop_frame?[0m?[2m:?[0m?[1mpopped?[0m?[1m{?[0m?[3mstream.id?[0m?[2m=?[0mStreamId(3) ?[3mstream.state?[0m?[2m=?[0mState { inner: Closed(EndStream) }?[1m}?[0m?[2m:?[0m ?[2mh2::proto::streams::prioritize?[0m?[2m:?[0m pop_frame; frame=Headers { stream_id: StreamId(3), flags: (0x5: END_HEADERS | END_STREAM) }
15:05:15.868 [Thread-5] DEBUG i.pact.plugins.jvm.core.ChildProcess - Plugin protobuf [46038] || ?[2m2023-03-27T09:35:15.861192Z?[0m ?[35mTRACE?[0m tokio-runtime-worker ?[1mserver_handshake?[0m?[2m:?[0m?[1mConnection?[0m?[1m{?[0m?[3mpeer?[0m?[2m=?[0mServer?[1m}?[0m?[2m:?[0m?[1mpoll?[0m?[2m:?[0m?[1mpop_frame?[0m?[2m:?[0m?[1mpopped?[0m?[1m{?[0m?[3mstream.id?[0m?[2m=?[0mStreamId(3) ?[3mstream.state?[0m?[2m=?[0mState { inner: Closed(EndStream) }?[1m}?[0m?[2m:?[0m ?[2mh2::proto::streams::counts?[0m?[2m:?[0m transition_after; stream=StreamId(3); state=State { inner: Closed(EndStream) }; is_closed=true; pending_send_empty=true; buffered_send_data=0; num_recv=1; num_send=0
15:05:15.868 [Thread-5] DEBUG i.pact.plugins.jvm.core.ChildProcess - Plugin protobuf [46038] || ?[2m2023-03-27T09:35:15.861229Z?[0m ?[35mTRACE?[0m tokio-runtime-worker ?[1mserver_handshake?[0m?[2m:?[0m?[1mConnection?[0m?[1m{?[0m?[3mpeer?[0m?[2m=?[0mServer?[1m}?[0m?[2m:?[0m?[1mpoll?[0m?[2m:?[0m?[1mpop_frame?[0m?[2m:?[0m?[1mpopped?[0m?[1m{?[0m?[3mstream.id?[0m?[2m=?[0mStreamId(3) ?[3mstream.state?[0m?[2m=?[0mState { inner: Closed(EndStream) }?[1m}?[0m?[2m:?[0m ?[2mh2::proto::streams::counts?[0m?[2m:?[0m dec_num_streams; stream=StreamId(3)
15:05:15.868 [Thread-5] DEBUG i.pact.plugins.jvm.core.ChildProcess - Plugin protobuf [46038] || ?[2m2023-03-27T09:35:15.861276Z?[0m ?[35mTRACE?[0m tokio-runtime-worker ?[1mserver_handshake?[0m?[2m:?[0m?[1mConnection?[0m?[1m{?[0m?[3mpeer?[0m?[2m=?[0mServer?[1m}?[0m?[2m:?[0m?[1mpoll?[0m?[2m:?[0m ?[2mh2::proto::streams::prioritize?[0m?[2m:?[0m writing ?[3mframe?[0m?[2m=?[0mHeaders { stream_id: StreamId(3), flags: (0x5: END_HEADERS | END_STREAM) }
15:05:15.868 [Thread-5] DEBUG i.pact.plugins.jvm.core.ChildProcess - Plugin protobuf [46038] || ?[2m2023-03-27T09:35:15.861312Z?[0m ?[34mDEBUG?[0m tokio-runtime-worker ?[1mserver_handshake?[0m?[2m:?[0m?[1mConnection?[0m?[1m{?[0m?[3mpeer?[0m?[2m=?[0mServer?[1m}?[0m?[2m:?[0m?[1mpoll?[0m?[2m:?[0m?[1mFramedWrite::buffer?[0m?[1m{?[0m?[3mframe?[0m?[2m=?[0mHeaders { stream_id: StreamId(3), flags: (0x5: END_HEADERS | END_STREAM) }?[1m}?[0m?[2m:?[0m ?[2mh2::codec::framed_write?[0m?[2m:?[0m send ?[3mframe?[0m?[2m=?[0mHeaders { stream_id: StreamId(3), flags: (0x5: END_HEADERS | END_STREAM) }
15:05:15.868 [Thread-5] DEBUG i.pact.plugins.jvm.core.ChildProcess - Plugin protobuf [46038] || ?[2m2023-03-27T09:35:15.861379Z?[0m ?[35mTRACE?[0m tokio-runtime-worker ?[1mserver_handshake?[0m?[2m:?[0m?[1mConnection?[0m?[1m{?[0m?[3mpeer?[0m?[2m=?[0mServer?[1m}?[0m?[2m:?[0m?[1mpoll?[0m?[2m:?[0m ?[2mh2::proto::streams::prioritize?[0m?[2m:?[0m schedule_pending_open
15:05:15.868 [Thread-5] DEBUG i.pact.plugins.jvm.core.ChildProcess - Plugin protobuf [46038] || ?[2m2023-03-27T09:35:15.861414Z?[0m ?[35mTRACE?[0m tokio-runtime-worker ?[1mserver_handshake?[0m?[2m:?[0m?[1mConnection?[0m?[1m{?[0m?[3mpeer?[0m?[2m=?[0mServer?[1m}?[0m?[2m:?[0m?[1mpoll?[0m?[2m:?[0m?[1mFramedWrite::flush?[0m?[2m:?[0m ?[2mh2::codec::framed_write?[0m?[2m:?[0m ?[3mqueued_data_frame?[0m?[2m=?[0mfalse
15:05:15.868 [Thread-5] DEBUG i.pact.plugins.jvm.core.ChildProcess - Plugin protobuf [46038] || ?[2m2023-03-27T09:35:15.861452Z?[0m ?[35mTRACE?[0m tokio-runtime-worker ?[1mserver_handshake?[0m?[2m:?[0m?[1mConnection?[0m?[1m{?[0m?[3mpeer?[0m?[2m=?[0mServer?[1m}?[0m?[2m:?[0m?[1mpoll?[0m?[2m:?[0m?[1mFramedWrite::flush?[0m?[2m:?[0m ?[2mh2::codec::framed_write?[0m?[2m:?[0m flushing buffer
15:05:15.872 [grpc-nio-worker-ELG-1-2] DEBUG io.grpc.netty.NettyClientHandler - [id: 0x3c962551, L:/0:0:0:0:0:0:0:1:53790 - R:/0:0:0:0:0:0:0:1:53788] INBOUND DATA: streamId=3 padding=0 endStream=false length=153 bytes=00000000940a42120870726f746f6275661a360a0d636f6e74656e742d747970657312256170706c69636174696f6e2f70726f746f6275663b6170706c696361...
15:05:15.873 [grpc-nio-worker-ELG-1-2] DEBUG io.grpc.netty.NettyClientHandler - [id: 0x3c962551, L:/0:0:0:0:0:0:0:1:53790 - R:/0:0:0:0:0:0:0:1:53788] OUTBOUND PING: ack=false bytes=1234
15:05:15.877 [grpc-nio-worker-ELG-1-2] DEBUG io.grpc.netty.NettyClientHandler - [id: 0x3c962551, L:/0:0:0:0:0:0:0:1:53790 - R:/0:0:0:0:0:0:0:1:53788] INBOUND HEADERS: streamId=3 headers=GrpcHttp2ResponseHeaders[grpc-status: 0] padding=0 endStream=true
15:05:15.879 [Thread-5] DEBUG i.pact.plugins.jvm.core.ChildProcess - Plugin protobuf [46038] || ?[2m2023-03-27T09:35:15.879366Z?[0m ?[35mTRACE?[0m tokio-runtime-worker ?[1mserver_handshake?[0m?[2m:?[0m?[1mConnection?[0m?[1m{?[0m?[3mpeer?[0m?[2m=?[0mServer?[1m}?[0m?[2m:?[0m?[1mpoll?[0m?[2m:?[0m ?[2mh2::proto::connection?[0m?[2m:?[0m ?[3mconnection.state?[0m?[2m=?[0mOpen
15:05:15.879 [Thread-5] DEBUG i.pact.plugins.jvm.core.ChildProcess - Plugin protobuf [46038] || ?[2m2023-03-27T09:35:15.879423Z?[0m ?[35mTRACE?[0m tokio-runtime-worker ?[1mserver_handshake?[0m?[2m:?[0m?[1mConnection?[0m?[1m{?[0m?[3mpeer?[0m?[2m=?[0mServer?[1m}?[0m?[2m:?[0m?[1mpoll?[0m?[2m:?[0m?[1mFramedRead::poll_next?[0m?[2m:?[0m ?[2mh2::codec::framed_read?[0m?[2m:?[0m poll
15:05:15.879 [Thread-5] DEBUG i.pact.plugins.jvm.core.ChildProcess - Plugin protobuf [46038] || ?[2m2023-03-27T09:35:15.879453Z?[0m ?[35mTRACE?[0m tokio-runtime-worker ?[1mserver_handshake?[0m?[2m:?[0m?[1mConnection?[0m?[1m{?[0m?[3mpeer?[0m?[2m=?[0mServer?[1m}?[0m?[2m:?[0m?[1mpoll?[0m?[2m:?[0m?[1mFramedRead::poll_next?[0m?[2m:?[0m ?[2mtokio_util::codec::framed_impl?[0m?[2m:?[0m attempting to decode a frame
15:05:15.879 [Thread-5] DEBUG i.pact.plugins.jvm.core.ChildProcess - Plugin protobuf [46038] || ?[2m2023-03-27T09:35:15.879469Z?[0m ?[35mTRACE?[0m tokio-runtime-worker ?[1mserver_handshake?[0m?[2m:?[0m?[1mConnection?[0m?[1m{?[0m?[3mpeer?[0m?[2m=?[0mServer?[1m}?[0m?[2m:?[0m?[1mpoll?[0m?[2m:?[0m?[1mFramedRead::poll_next?[0m?[2m:?[0m ?[2mtokio_util::codec::framed_impl?[0m?[2m:?[0m frame decoded from buffer
15:05:15.879 [Thread-5] DEBUG i.pact.plugins.jvm.core.ChildProcess - Plugin protobuf [46038] || ?[2m2023-03-27T09:35:15.879482Z?[0m ?[35mTRACE?[0m tokio-runtime-worker ?[1mserver_handshake?[0m?[2m:?[0m?[1mConnection?[0m?[1m{?[0m?[3mpeer?[0m?[2m=?[0mServer?[1m}?[0m?[2m:?[0m?[1mpoll?[0m?[2m:?[0m?[1mFramedRead::poll_next?[0m?[2m:?[0m ?[2mh2::codec::framed_read?[0m?[2m:?[0m ?[3mread.bytes?[0m?[2m=?[0m17
15:05:15.879 [Thread-5] DEBUG i.pact.plugins.jvm.core.ChildProcess - Plugin protobuf [46038] || ?[2m2023-03-27T09:35:15.879505Z?[0m ?[35mTRACE?[0m tokio-runtime-worker ?[1mserver_handshake?[0m?[2m:?[0m?[1mConnection?[0m?[1m{?[0m?[3mpeer?[0m?[2m=?[0mServer?[1m}?[0m?[2m:?[0m?[1mpoll?[0m?[2m:?[0m?[1mFramedRead::poll_next?[0m?[2m:?[0m?[1mFramedRead::decode_frame?[0m?[1m{?[0m?[3moffset?[0m?[2m=?[0m17?[1m}?[0m?[2m:?[0m ?[2mh2::codec::framed_read?[0m?[2m:?[0m decoding frame from 17B
15:05:15.880 [Thread-5] DEBUG i.pact.plugins.jvm.core.ChildProcess - Plugin protobuf [46038] || ?[2m2023-03-27T09:35:15.879520Z?[0m ?[35mTRACE?[0m tokio-runtime-worker ?[1mserver_handshake?[0m?[2m:?[0m?[1mConnection?[0m?[1m{?[0m?[3mpeer?[0m?[2m=?[0mServer?[1m}?[0m?[2m:?[0m?[1mpoll?[0m?[2m:?[0m?[1mFramedRead::poll_next?[0m?[2m:?[0m?[1mFramedRead::decode_frame?[0m?[1m{?[0m?[3moffset?[0m?[2m=?[0m17?[1m}?[0m?[2m:?[0m ?[2mh2::codec::framed_read?[0m?[2m:?[0m ?[3mframe.kind?[0m?[2m=?[0mPing
15:05:15.880 [Thread-5] DEBUG i.pact.plugins.jvm.core.ChildProcess - Plugin protobuf [46038] || ?[2m2023-03-27T09:35:15.879543Z?[0m ?[34mDEBUG?[0m tokio-runtime-worker ?[1mserver_handshake?[0m?[2m:?[0m?[1mConnection?[0m?[1m{?[0m?[3mpeer?[0m?[2m=?[0mServer?[1m}?[0m?[2m:?[0m?[1mpoll?[0m?[2m:?[0m?[1mFramedRead::poll_next?[0m?[2m:?[0m ?[2mh2::codec::framed_read?[0m?[2m:?[0m received ?[3mframe?[0m?[2m=?[0mPing { ack: false, payload: [0, 0, 0, 0, 0, 0, 4, 210] }
15:05:15.880 [grpc-nio-worker-ELG-1-2] DEBUG io.grpc.netty.NettyClientHandler - [id: 0x3c962551, L:/0:0:0:0:0:0:0:1:53790 - R:/0:0:0:0:0:0:0:1:53788] INBOUND PING: ack=true bytes=1234
15:05:15.880 [Thread-5] DEBUG i.pact.plugins.jvm.core.ChildProcess - Plugin protobuf [46038] || ?[2m2023-03-27T09:35:15.879570Z?[0m ?[35mTRACE?[0m tokio-runtime-worker ?[1mserver_handshake?[0m?[2m:?[0m?[1mConnection?[0m?[1m{?[0m?[3mpeer?[0m?[2m=?[0mServer?[1m}?[0m?[2m:?[0m?[1mpoll?[0m?[2m:?[0m ?[2mh2::proto::connection?[0m?[2m:?[0m recv PING ?[3mframe?[0m?[2m=?[0mPing { ack: false, payload: [0, 0, 0, 0, 0, 0, 4, 210] }
15:05:15.880 [Thread-5] DEBUG i.pact.plugins.jvm.core.ChildProcess - Plugin protobuf [46038] || ?[2m2023-03-27T09:35:15.879608Z?[0m ?[34mDEBUG?[0m tokio-runtime-worker ?[1mserver_handshake?[0m?[2m:?[0m?[1mConnection?[0m?[1m{?[0m?[3mpeer?[0m?[2m=?[0mServer?[1m}?[0m?[2m:?[0m?[1mpoll?[0m?[2m:?[0m?[1mpoll_ready?[0m?[2m:?[0m?[1mFramedWrite::buffer?[0m?[1m{?[0m?[3mframe?[0m?[2m=?[0mPing { ack: true, payload: [0, 0, 0, 0, 0, 0, 4, 210] }?[1m}?[0m?[2m:?[0m ?[2mh2::codec::framed_write?[0m?[2m:?[0m send ?[3mframe?[0m?[2m=?[0mPing { ack: true, payload: [0, 0, 0, 0, 0, 0, 4, 210] }
15:05:15.880 [Thread-5] DEBUG i.pact.plugins.jvm.core.ChildProcess - Plugin protobuf [46038] || ?[2m2023-03-27T09:35:15.879658Z?[0m ?[35mTRACE?[0m tokio-runtime-worker ?[1mserver_handshake?[0m?[2m:?[0m?[1mConnection?[0m?[1m{?[0m?[3mpeer?[0m?[2m=?[0mServer?[1m}?[0m?[2m:?[0m?[1mpoll?[0m?[2m:?[0m?[1mpoll_ready?[0m?[2m:?[0m?[1mFramedWrite::buffer?[0m?[1m{?[0m?[3mframe?[0m?[2m=?[0mPing { ack: true, payload: [0, 0, 0, 0, 0, 0, 4, 210] }?[1m}?[0m?[2m:?[0m ?[2mh2::frame::ping?[0m?[2m:?[0m encoding PING; ack=true len=8
15:05:15.880 [Thread-5] DEBUG i.pact.plugins.jvm.core.ChildProcess - Plugin protobuf [46038] || ?[2m2023-03-27T09:35:15.879683Z?[0m ?[35mTRACE?[0m tokio-runtime-worker ?[1mserver_handshake?[0m?[2m:?[0m?[1mConnection?[0m?[1m{?[0m?[3mpeer?[0m?[2m=?[0mServer?[1m}?[0m?[2m:?[0m?[1mpoll?[0m?[2m:?[0m?[1mpoll_ready?[0m?[2m:?[0m?[1mFramedWrite::buffer?[0m?[1m{?[0m?[3mframe?[0m?[2m=?[0mPing { ack: true, payload: [0, 0, 0, 0, 0, 0, 4, 210] }?[1m}?[0m?[2m:?[0m ?[2mh2::codec::framed_write?[0m?[2m:?[0m encoded ping ?[3mrem?[0m?[2m=?[0m17
15:05:15.880 [Thread-5] DEBUG i.pact.plugins.jvm.core.ChildProcess - Plugin protobuf [46038] || ?[2m2023-03-27T09:35:15.879727Z?[0m ?[35mTRACE?[0m tokio-runtime-worker ?[1mserver_handshake?[0m?[2m:?[0m?[1mConnection?[0m?[1m{?[0m?[3mpeer?[0m?[2m=?[0mServer?[1m}?[0m?[2m:?[0m?[1mpoll?[0m?[2m:?[0m?[1mFramedRead::poll_next?[0m?[2m:?[0m ?[2mh2::codec::framed_read?[0m?[2m:?[0m poll
15:05:15.880 [Thread-5] DEBUG i.pact.plugins.jvm.core.ChildProcess - Plugin protobuf [46038] || ?[2m2023-03-27T09:35:15.879746Z?[0m ?[35mTRACE?[0m tokio-runtime-worker ?[1mserver_handshake?[0m?[2m:?[0m?[1mConnection?[0m?[1m{?[0m?[3mpeer?[0m?[2m=?[0mServer?[1m}?[0m?[2m:?[0m?[1mpoll?[0m?[2m:?[0m?[1mFramedRead::poll_next?[0m?[2m:?[0m ?[2mtokio_util::codec::framed_impl?[0m?[2m:?[0m attempting to decode a frame
15:05:15.880 [Thread-5] DEBUG i.pact.plugins.jvm.core.ChildProcess - Plugin protobuf [46038] || ?[2m2023-03-27T09:35:15.879813Z?[0m ?[35mTRACE?[0m tokio-runtime-worker ?[1mserver_handshake?[0m?[2m:?[0m?[1mConnection?[0m?[1m{?[0m?[3mpeer?[0m?[2m=?[0mServer?[1m}?[0m?[2m:?[0m?[1mpoll?[0m?[2m:?[0m ?[2mh2::proto::streams::prioritize?[0m?[2m:?[0m poll_complete
15:05:15.880 [Thread-5] DEBUG i.pact.plugins.jvm.core.ChildProcess - Plugin protobuf [46038] || ?[2m2023-03-27T09:35:15.879838Z?[0m ?[35mTRACE?[0m tokio-runtime-worker ?[1mserver_handshake?[0m?[2m:?[0m?[1mConnection?[0m?[1m{?[0m?[3mpeer?[0m?[2m=?[0mServer?[1m}?[0m?[2m:?[0m?[1mpoll?[0m?[2m:?[0m ?[2mh2::proto::streams::prioritize?[0m?[2m:?[0m schedule_pending_open
15:05:15.881 [Thread-5] DEBUG i.pact.plugins.jvm.core.ChildProcess - Plugin protobuf [46038] || ?[2m2023-03-27T09:35:15.879875Z?[0m ?[35mTRACE?[0m tokio-runtime-worker ?[1mserver_handshake?[0m?[2m:?[0m?[1mConnection?[0m?[1m{?[0m?[3mpeer?[0m?[2m=?[0mServer?[1m}?[0m?[2m:?[0m?[1mpoll?[0m?[2m:?[0m?[1mFramedWrite::flush?[0m?[2m:?[0m ?[2mh2::codec::framed_write?[0m?[2m:?[0m ?[3mqueued_data_frame?[0m?[2m=?[0mfalse
15:05:15.881 [Thread-5] DEBUG i.pact.plugins.jvm.core.ChildProcess - Plugin protobuf [46038] || ?[2m2023-03-27T09:35:15.879912Z?[0m ?[35mTRACE?[0m tokio-runtime-worker ?[1mserver_handshake?[0m?[2m:?[0m?[1mConnection?[0m?[1m{?[0m?[3mpeer?[0m?[2m=?[0mServer?[1m}?[0m?[2m:?[0m?[1mpoll?[0m?[2m:?[0m?[1mFramedWrite::flush?[0m?[2m:?[0m ?[2mh2::codec::framed_write?[0m?[2m:?[0m flushing buffer
15:05:15.938 [Test worker] DEBUG i.p.p.jvm.core.DefaultPluginManager - Got init response [key: "protobuf"
values {
  key: "content-types"
  value: "application/protobuf;application/grpc"
}
, type: CONTENT_GENERATOR
key: "protobuf"
values {
  key: "content-types"
  value: "application/protobuf;application/grpc"
}
, type: TRANSPORT
key: "grpc"
] from plugin protobuf
15:05:15.944 [Test worker] DEBUG i.p.p.jvm.core.CatalogueManager - Updated catalogue entries:
core/content-matcher/xml
core/content-matcher/json
core/content-matcher/text
core/content-matcher/multipart-form-data
core/content-matcher/form-urlencoded
core/matcher/v1-equality
core/matcher/v2-regex
core/matcher/v2-type
core/matcher/v2-min-type
core/matcher/v2-max-type
core/matcher/v2-minmax-type
core/matcher/v3-number-type
core/matcher/v3-integer-type
core/matcher/v3-decimal-type
core/matcher/v3-date
core/matcher/v3-time
core/matcher/v3-datetime
core/matcher/v3-includes
core/matcher/v3-null
core/matcher/v3-content-type
core/matcher/v4-equals-ignore-order
core/matcher/v4-min-equals-ignore-order
core/matcher/v4-max-equals-ignore-order
core/matcher/v4-minmax-equals-ignore-order
core/matcher/v4-array-contains
core/matcher/v4-notempty
core/matcher/v4-semver
core/matcher/v4-each-key
core/matcher/v4-each-value
core/transport/http
core/transport/https
core/interaction/message
core/interaction/synchronous-message
core/content-generator/json
plugin/protobuf/content-matcher/protobuf
plugin/protobuf/content-generator/protobuf
plugin/protobuf/transport/grpc
15:05:15.952 [grpc-nio-worker-ELG-1-2] DEBUG io.grpc.netty.NettyClientHandler - [id: 0x3c962551, L:/0:0:0:0:0:0:0:1:53790 - R:/0:0:0:0:0:0:0:1:53788] OUTBOUND HEADERS: streamId=5 headers=GrpcHttp2OutboundHeaders[:authority: [::1]:53788, :path: /io.pact.plugin.PactPlugin/UpdateCatalogue, :method: POST, :scheme: http, content-type: application/grpc, te: trailers, user-agent: grpc-java-netty/1.49.0, grpc-accept-encoding: gzip, authorization: bdd563c9-e9e9-44a7-bce6-cc7f37c23df2] streamDependency=0 weight=16 exclusive=false padding=0 endStream=false
15:05:15.953 [grpc-nio-worker-ELG-1-2] DEBUG io.grpc.netty.NettyClientHandler - [id: 0x3c962551, L:/0:0:0:0:0:0:0:1:53790 - R:/0:0:0:0:0:0:0:1:53788] OUTBOUND DATA: streamId=5 padding=0 endStream=true length=1493 bytes=00000005d00a6a1203786d6c1a2b0a0d636f6e74656e742d7479706573121a6170706c69636174696f6e2f2e2a786d6c2c746578742f786d6c1a360a0e696d70...
15:05:15.954 [Thread-5] DEBUG i.pact.plugins.jvm.core.ChildProcess - Plugin protobuf [46038] || ?[2m2023-03-27T09:35:15.953750Z?[0m ?[35mTRACE?[0m tokio-runtime-worker ?[1mserver_handshake?[0m?[2m:?[0m?[1mConnection?[0m?[1m{?[0m?[3mpeer?[0m?[2m=?[0mServer?[1m}?[0m?[2m:?[0m?[1mpoll?[0m?[2m:?[0m ?[2mh2::proto::connection?[0m?[2m:?[0m ?[3mconnection.state?[0m?[2m=?[0mOpen
15:05:15.954 [Thread-5] DEBUG i.pact.plugins.jvm.core.ChildProcess - Plugin protobuf [46038] || ?[2m2023-03-27T09:35:15.953813Z?[0m ?[35mTRACE?[0m tokio-runtime-worker ?[1mserver_handshake?[0m?[2m:?[0m?[1mConnection?[0m?[1m{?[0m?[3mpeer?[0m?[2m=?[0mServer?[1m}?[0m?[2m:?[0m?[1mpoll?[0m?[2m:?[0m?[1mFramedRead::poll_next?[0m?[2m:?[0m ?[2mh2::codec::framed_read?[0m?[2m:?[0m poll
15:05:15.954 [Thread-5] DEBUG i.pact.plugins.jvm.core.ChildProcess - Plugin protobuf [46038] || ?[2m2023-03-27T09:35:15.953860Z?[0m ?[35mTRACE?[0m tokio-runtime-worker ?[1mserver_handshake?[0m?[2m:?[0m?[1mConnection?[0m?[1m{?[0m?[3mpeer?[0m?[2m=?[0mServer?[1m}?[0m?[2m:?[0m?[1mpoll?[0m?[2m:?[0m?[1mFramedRead::poll_next?[0m?[2m:?[0m ?[2mtokio_util::codec::framed_impl?[0m?[2m:?[0m attempting to decode a frame
15:05:15.954 [Thread-5] DEBUG i.pact.plugins.jvm.core.ChildProcess - Plugin protobuf [46038] || ?[2m2023-03-27T09:35:15.953893Z?[0m ?[35mTRACE?[0m tokio-runtime-worker ?[1mserver_handshake?[0m?[2m:?[0m?[1mConnection?[0m?[1m{?[0m?[3mpeer?[0m?[2m=?[0mServer?[1m}?[0m?[2m:?[0m?[1mpoll?[0m?[2m:?[0m?[1mFramedRead::poll_next?[0m?[2m:?[0m ?[2mtokio_util::codec::framed_impl?[0m?[2m:?[0m frame decoded from buffer
15:05:15.954 [Thread-5] DEBUG i.pact.plugins.jvm.core.ChildProcess - Plugin protobuf [46038] || ?[2m2023-03-27T09:35:15.953909Z?[0m ?[35mTRACE?[0m tokio-runtime-worker ?[1mserver_handshake?[0m?[2m:?[0m?[1mConnection?[0m?[1m{?[0m?[3mpeer?[0m?[2m=?[0mServer?[1m}?[0m?[2m:?[0m?[1mpoll?[0m?[2m:?[0m?[1mFramedRead::poll_next?[0m?[2m:?[0m ?[2mh2::codec::framed_read?[0m?[2m:?[0m ?[3mread.bytes?[0m?[2m=?[0m66
15:05:15.954 [Thread-5] DEBUG i.pact.plugins.jvm.core.ChildProcess - Plugin protobuf [46038] || ?[2m2023-03-27T09:35:15.953936Z?[0m ?[35mTRACE?[0m tokio-runtime-worker ?[1mserver_handshake?[0m?[2m:?[0m?[1mConnection?[0m?[1m{?[0m?[3mpeer?[0m?[2m=?[0mServer?[1m}?[0m?[2m:?[0m?[1mpoll?[0m?[2m:?[0m?[1mFramedRead::poll_next?[0m?[2m:?[0m?[1mFramedRead::decode_frame?[0m?[1m{?[0m?[3moffset?[0m?[2m=?[0m66?[1m}?[0m?[2m:?[0m ?[2mh2::codec::framed_read?[0m?[2m:?[0m decoding frame from 66B
15:05:15.954 [Thread-5] DEBUG i.pact.plugins.jvm.core.ChildProcess - Plugin protobuf [46038] || ?[2m2023-03-27T09:35:15.953947Z?[0m ?[35mTRACE?[0m tokio-runtime-worker ?[1mserver_handshake?[0m?[2m:?[0m?[1mConnection?[0m?[1m{?[0m?[3mpeer?[0m?[2m=?[0mServer?[1m}?[0m?[2m:?[0m?[1mpoll?[0m?[2m:?[0m?[1mFramedRead::poll_next?[0m?[2m:?[0m?[1mFramedRead::decode_frame?[0m?[1m{?[0m?[3moffset?[0m?[2m=?[0m66?[1m}?[0m?[2m:?[0m ?[2mh2::codec::framed_read?[0m?[2m:?[0m ?[3mframe.kind?[0m?[2m=?[0mHeaders
15:05:15.955 [Thread-5] DEBUG i.pact.plugins.jvm.core.ChildProcess - Plugin protobuf [46038] || ?[2m2023-03-27T09:35:15.953958Z?[0m ?[35mTRACE?[0m tokio-runtime-worker ?[1mserver_handshake?[0m?[2m:?[0m?[1mConnection?[0m?[1m{?[0m?[3mpeer?[0m?[2m=?[0mServer?[1m}?[0m?[2m:?[0m?[1mpoll?[0m?[2m:?[0m?[1mFramedRead::poll_next?[0m?[2m:?[0m?[1mFramedRead::decode_frame?[0m?[1m{?[0m?[3moffset?[0m?[2m=?[0m66?[1m}?[0m?[2m:?[0m ?[2mh2::frame::headers?[0m?[2m:?[0m loading headers; flags=(0x24: END_HEADERS | PRIORITY)
15:05:15.955 [Thread-5] DEBUG i.pact.plugins.jvm.core.ChildProcess - Plugin protobuf [46038] || ?[2m2023-03-27T09:35:15.953983Z?[0m ?[35mTRACE?[0m tokio-runtime-worker ?[1mserver_handshake?[0m?[2m:?[0m?[1mConnection?[0m?[1m{?[0m?[3mpeer?[0m?[2m=?[0mServer?[1m}?[0m?[2m:?[0m?[1mpoll?[0m?[2m:?[0m?[1mFramedRead::poll_next?[0m?[2m:?[0m?[1mFramedRead::decode_frame?[0m?[1m{?[0m?[3moffset?[0m?[2m=?[0m66?[1m}?[0m?[2m:?[0m?[1mhpack::decode?[0m?[2m:?[0m ?[2mh2::hpack::decoder?[0m?[2m:?[0m decode
15:05:15.955 [Thread-5] DEBUG i.pact.plugins.jvm.core.ChildProcess - Plugin protobuf [46038] || ?[2m2023-03-27T09:35:15.954000Z?[0m ?[35mTRACE?[0m tokio-runtime-worker ?[1mserver_handshake?[0m?[2m:?[0m?[1mConnection?[0m?[1m{?[0m?[3mpeer?[0m?[2m=?[0mServer?[1m}?[0m?[2m:?[0m?[1mpoll?[0m?[2m:?[0m?[1mFramedRead::poll_next?[0m?[2m:?[0m?[1mFramedRead::decode_frame?[0m?[1m{?[0m?[3moffset?[0m?[2m=?[0m66?[1m}?[0m?[2m:?[0m?[1mhpack::decode?[0m?[2m:?[0m ?[2mh2::hpack::decoder?[0m?[2m:?[0m ?[3mrem?[0m?[2m=?[0m52 ?[3mkind?[0m?[2m=?[0mIndexed
15:05:15.955 [Thread-5] DEBUG i.pact.plugins.jvm.core.ChildProcess - Plugin protobuf [46038] || ?[2m2023-03-27T09:35:15.954018Z?[0m ?[35mTRACE?[0m tokio-runtime-worker ?[1mserver_handshake?[0m?[2m:?[0m?[1mConnection?[0m?[1m{?[0m?[3mpeer?[0m?[2m=?[0mServer?[1m}?[0m?[2m:?[0m?[1mpoll?[0m?[2m:?[0m?[1mFramedRead::poll_next?[0m?[2m:?[0m?[1mFramedRead::decode_frame?[0m?[1m{?[0m?[3moffset?[0m?[2m=?[0m66?[1m}?[0m?[2m:?[0m?[1mhpack::decode?[0m?[2m:?[0m ?[2mh2::hpack::decoder?[0m?[2m:?[0m ?[3mrem?[0m?[2m=?[0m51 ?[3mkind?[0m?[2m=?[0mLiteralWithIndexing
15:05:15.955 [Thread-5] DEBUG i.pact.plugins.jvm.core.ChildProcess - Plugin protobuf [46038] || ?[2m2023-03-27T09:35:15.954033Z?[0m ?[35mTRACE?[0m tokio-runtime-worker ?[1mserver_handshake?[0m?[2m:?[0m?[1mConnection?[0m?[1m{?[0m?[3mpeer?[0m?[2m=?[0mServer?[1m}?[0m?[2m:?[0m?[1mpoll?[0m?[2m:?[0m?[1mFramedRead::poll_next?[0m?[2m:?[0m?[1mFramedRead::decode_frame?[0m?[1m{?[0m?[3moffset?[0m?[2m=?[0m66?[1m}?[0m?[2m:?[0m?[1mhpack::decode?[0m?[2m:?[0m ?[2mh2::hpack::decoder?[0m?[2m:?[0m ?[3mrem?[0m?[2m=?[0m7 ?[3mkind?[0m?[2m=?[0mIndexed
15:05:15.955 [Thread-5] DEBUG i.pact.plugins.jvm.core.ChildProcess - Plugin protobuf [46038] || ?[2m2023-03-27T09:35:15.954044Z?[0m ?[35mTRACE?[0m tokio-runtime-worker ?[1mserver_handshake?[0m?[2m:?[0m?[1mConnection?[0m?[1m{?[0m?[3mpeer?[0m?[2m=?[0mServer?[1m}?[0m?[2m:?[0m?[1mpoll?[0m?[2m:?[0m?[1mFramedRead::poll_next?[0m?[2m:?[0m?[1mFramedRead::decode_frame?[0m?[1m{?[0m?[3moffset?[0m?[2m=?[0m66?[1m}?[0m?[2m:?[0m?[1mhpack::decode?[0m?[2m:?[0m ?[2mh2::hpack::decoder?[0m?[2m:?[0m ?[3mrem?[0m?[2m=?[0m6 ?[3mkind?[0m?[2m=?[0mIndexed
15:05:15.955 [Thread-5] DEBUG i.pact.plugins.jvm.core.ChildProcess - Plugin protobuf [46038] || ?[2m2023-03-27T09:35:15.954053Z?[0m ?[35mTRACE?[0m tokio-runtime-worker ?[1mserver_handshake?[0m?[2m:?[0m?[1mConnection?[0m?[1m{?[0m?[3mpeer?[0m?[2m=?[0mServer?[1m}?[0m?[2m:?[0m?[1mpoll?[0m?[2m:?[0m?[1mFramedRead::poll_next?[0m?[2m:?[0m?[1mFramedRead::decode_frame?[0m?[1m{?[0m?[3moffset?[0m?[2m=?[0m66?[1m}?[0m?[2m:?[0m?[1mhpack::decode?[0m?[2m:?[0m ?[2mh2::hpack::decoder?[0m?[2m:?[0m ?[3mrem?[0m?[2m=?[0m5 ?[3mkind?[0m?[2m=?[0mIndexed
15:05:15.955 [Thread-5] DEBUG i.pact.plugins.jvm.core.ChildProcess - Plugin protobuf [46038] || ?[2m2023-03-27T09:35:15.954065Z?[0m ?[35mTRACE?[0m tokio-runtime-worker ?[1mserver_handshake?[0m?[2m:?[0m?[1mConnection?[0m?[1m{?[0m?[3mpeer?[0m?[2m=?[0mServer?[1m}?[0m?[2m:?[0m?[1mpoll?[0m?[2m:?[0m?[1mFramedRead::poll_next?[0m?[2m:?[0m?[1mFramedRead::decode_frame?[0m?[1m{?[0m?[3moffset?[0m?[2m=?[0m66?[1m}?[0m?[2m:?[0m?[1mhpack::decode?[0m?[2m:?[0m ?[2mh2::hpack::decoder?[0m?[2m:?[0m ?[3mrem?[0m?[2m=?[0m4 ?[3mkind?[0m?[2m=?[0mIndexed
15:05:15.955 [Thread-5] DEBUG i.pact.plugins.jvm.core.ChildProcess - Plugin protobuf [46038] || ?[2m2023-03-27T09:35:15.954082Z?[0m ?[35mTRACE?[0m tokio-runtime-worker ?[1mserver_handshake?[0m?[2m:?[0m?[1mConnection?[0m?[1m{?[0m?[3mpeer?[0m?[2m=?[0mServer?[1m}?[0m?[2m:?[0m?[1mpoll?[0m?[2m:?[0m?[1mFramedRead::poll_next?[0m?[2m:?[0m?[1mFramedRead::decode_frame?[0m?[1m{?[0m?[3moffset?[0m?[2m=?[0m66?[1m}?[0m?[2m:?[0m?[1mhpack::decode?[0m?[2m:?[0m ?[2mh2::hpack::decoder?[0m?[2m:?[0m ?[3mrem?[0m?[2m=?[0m3 ?[3mkind?[0m?[2m=?[0mIndexed
15:05:15.955 [Thread-5] DEBUG i.pact.plugins.jvm.core.ChildProcess - Plugin protobuf [46038] || ?[2m2023-03-27T09:35:15.954095Z?[0m ?[35mTRACE?[0m tokio-runtime-worker ?[1mserver_handshake?[0m?[2m:?[0m?[1mConnection?[0m?[1m{?[0m?[3mpeer?[0m?[2m=?[0mServer?[1m}?[0m?[2m:?[0m?[1mpoll?[0m?[2m:?[0m?[1mFramedRead::poll_next?[0m?[2m:?[0m?[1mFramedRead::decode_frame?[0m?[1m{?[0m?[3moffset?[0m?[2m=?[0m66?[1m}?[0m?[2m:?[0m?[1mhpack::decode?[0m?[2m:?[0m ?[2mh2::hpack::decoder?[0m?[2m:?[0m ?[3mrem?[0m?[2m=?[0m2 ?[3mkind?[0m?[2m=?[0mIndexed
15:05:15.955 [Thread-5] DEBUG i.pact.plugins.jvm.core.ChildProcess - Plugin protobuf [46038] || ?[2m2023-03-27T09:35:15.954105Z?[0m ?[35mTRACE?[0m tokio-runtime-worker ?[1mserver_handshake?[0m?[2m:?[0m?[1mConnection?[0m?[1m{?[0m?[3mpeer?[0m?[2m=?[0mServer?[1m}?[0m?[2m:?[0m?[1mpoll?[0m?[2m:?[0m?[1mFramedRead::poll_next?[0m?[2m:?[0m?[1mFramedRead::decode_frame?[0m?[1m{?[0m?[3moffset?[0m?[2m=?[0m66?[1m}?[0m?[2m:?[0m?[1mhpack::decode?[0m?[2m:?[0m ?[2mh2::hpack::decoder?[0m?[2m:?[0m ?[3mrem?[0m?[2m=?[0m1 ?[3mkind?[0m?[2m=?[0mIndexed
15:05:15.955 [Thread-5] DEBUG i.pact.plugins.jvm.core.ChildProcess - Plugin protobuf [46038] || ?[2m2023-03-27T09:35:15.954125Z?[0m ?[34mDEBUG?[0m tokio-runtime-worker ?[1mserver_handshake?[0m?[2m:?[0m?[1mConnection?[0m?[1m{?[0m?[3mpeer?[0m?[2m=?[0mServer?[1m}?[0m?[2m:?[0m?[1mpoll?[0m?[2m:?[0m?[1mFramedRead::poll_next?[0m?[2m:?[0m ?[2mh2::codec::framed_read?[0m?[2m:?[0m received ?[3mframe?[0m?[2m=?[0mHeaders { stream_id: StreamId(5), flags: (0x24: END_HEADERS | PRIORITY), stream_dep: StreamDependency { dependency_id: StreamId(0), weight: 15, is_exclusive: false } }
15:05:15.955 [Thread-5] DEBUG i.pact.plugins.jvm.core.ChildProcess - Plugin protobuf [46038] || ?[2m2023-03-27T09:35:15.954153Z?[0m ?[35mTRACE?[0m tokio-runtime-worker ?[1mserver_handshake?[0m?[2m:?[0m?[1mConnection?[0m?[1m{?[0m?[3mpeer?[0m?[2m=?[0mServer?[1m}?[0m?[2m:?[0m?[1mpoll?[0m?[2m:?[0m ?[2mh2::proto::connection?[0m?[2m:?[0m recv HEADERS ?[3mframe?[0m?[2m=?[0mHeaders { stream_id: StreamId(5), flags: (0x24: END_HEADERS | PRIORITY), stream_dep: StreamDependency { dependency_id: StreamId(0), weight: 15, is_exclusive: false } }
15:05:15.956 [Thread-5] DEBUG i.pact.plugins.jvm.core.ChildProcess - Plugin protobuf [46038] || ?[2m2023-03-27T09:35:15.954176Z?[0m ?[35mTRACE?[0m tokio-runtime-worker ?[1mserver_handshake?[0m?[2m:?[0m?[1mConnection?[0m?[1m{?[0m?[3mpeer?[0m?[2m=?[0mServer?[1m}?[0m?[2m:?[0m?[1mpoll?[0m?[2m:?[0m ?[2mh2::proto::streams::flow_control?[0m?[2m:?[0m inc_window; sz=1048576; old=0; new=1048576
15:05:15.956 [Thread-5] DEBUG i.pact.plugins.jvm.core.ChildProcess - Plugin protobuf [46038] || ?[2m2023-03-27T09:35:15.954191Z?[0m ?[35mTRACE?[0m tokio-runtime-worker ?[1mserver_handshake?[0m?[2m:?[0m?[1mConnection?[0m?[1m{?[0m?[3mpeer?[0m?[2m=?[0mServer?[1m}?[0m?[2m:?[0m?[1mpoll?[0m?[2m:?[0m ?[2mh2::proto::streams::flow_control?[0m?[2m:?[0m inc_window; sz=1048576; old=0; new=1048576
15:05:15.956 [Thread-5] DEBUG i.pact.plugins.jvm.core.ChildProcess - Plugin protobuf [46038] || ?[2m2023-03-27T09:35:15.954207Z?[0m ?[35mTRACE?[0m tokio-runtime-worker ?[1mserver_handshake?[0m?[2m:?[0m?[1mConnection?[0m?[1m{?[0m?[3mpeer?[0m?[2m=?[0mServer?[1m}?[0m?[2m:?[0m?[1mpoll?[0m?[2m:?[0m ?[2mh2::proto::streams::streams?[0m?[2m:?[0m recv_headers; stream=StreamId(5); state=State { inner: Idle }
15:05:15.956 [Thread-5] DEBUG i.pact.plugins.jvm.core.ChildProcess - Plugin protobuf [46038] || ?[2m2023-03-27T09:35:15.954221Z?[0m ?[35mTRACE?[0m tokio-runtime-worker ?[1mserver_handshake?[0m?[2m:?[0m?[1mConnection?[0m?[1m{?[0m?[3mpeer?[0m?[2m=?[0mServer?[1m}?[0m?[2m:?[0m?[1mpoll?[0m?[2m:?[0m ?[2mh2::proto::streams::recv?[0m?[2m:?[0m opening stream; init_window=1048576
15:05:15.956 [Thread-5] DEBUG i.pact.plugins.jvm.core.ChildProcess - Plugin protobuf [46038] || ?[2m2023-03-27T09:35:15.954238Z?[0m ?[35mTRACE?[0m tokio-runtime-worker ?[1mserver_handshake?[0m?[2m:?[0m?[1mConnection?[0m?[1m{?[0m?[3mpeer?[0m?[2m=?[0mServer?[1m}?[0m?[2m:?[0m?[1mpoll?[0m?[2m:?[0m ?[2mh2::proto::streams::store?[0m?[2m:?[0m Queue::push
15:05:15.956 [Thread-5] DEBUG i.pact.plugins.jvm.core.ChildProcess - Plugin protobuf [46038] || ?[2m2023-03-27T09:35:15.954247Z?[0m ?[35mTRACE?[0m tokio-runtime-worker ?[1mserver_handshake?[0m?[2m:?[0m?[1mConnection?[0m?[1m{?[0m?[3mpeer?[0m?[2m=?[0mServer?[1m}?[0m?[2m:?[0m?[1mpoll?[0m?[2m:?[0m ?[2mh2::proto::streams::store?[0m?[2m:?[0m  -> first entry
15:05:15.956 [Thread-5] DEBUG i.pact.plugins.jvm.core.ChildProcess - Plugin protobuf [46038] || ?[2m2023-03-27T09:35:15.954255Z?[0m ?[35mTRACE?[0m tokio-runtime-worker ?[1mserver_handshake?[0m?[2m:?[0m?[1mConnection?[0m?[1m{?[0m?[3mpeer?[0m?[2m=?[0mServer?[1m}?[0m?[2m:?[0m?[1mpoll?[0m?[2m:?[0m ?[2mh2::proto::streams::counts?[0m?[2m:?[0m transition_after; stream=StreamId(5); state=State { inner: Open { local: AwaitingHeaders, remote: Streaming } }; is_closed=false; pending_send_empty=true; buffered_send_data=0; num_recv=1; num_send=0
15:05:15.956 [Thread-5] DEBUG i.pact.plugins.jvm.core.ChildProcess - Plugin protobuf [46038] || ?[2m2023-03-27T09:35:15.954281Z?[0m ?[35mTRACE?[0m tokio-runtime-worker ?[1mserver_handshake?[0m?[2m:?[0m?[1mConnection?[0m?[1m{?[0m?[3mpeer?[0m?[2m=?[0mServer?[1m}?[0m?[2m:?[0m?[1mpoll?[0m?[2m:?[0m?[1mFramedRead::poll_next?[0m?[2m:?[0m ?[2mh2::codec::framed_read?[0m?[2m:?[0m poll
15:05:15.956 [Thread-5] DEBUG i.pact.plugins.jvm.core.ChildProcess - Plugin protobuf [46038] || ?[2m2023-03-27T09:35:15.954294Z?[0m ?[35mTRACE?[0m tokio-runtime-worker ?[1mserver_handshake?[0m?[2m:?[0m?[1mConnection?[0m?[1m{?[0m?[3mpeer?[0m?[2m=?[0mServer?[1m}?[0m?[2m:?[0m?[1mpoll?[0m?[2m:?[0m?[1mFramedRead::poll_next?[0m?[2m:?[0m ?[2mtokio_util::codec::framed_impl?[0m?[2m:?[0m attempting to decode a frame
15:05:15.956 [Thread-5] DEBUG i.pact.plugins.jvm.core.ChildProcess - Plugin protobuf [46038] || ?[2m2023-03-27T09:35:15.954305Z?[0m ?[35mTRACE?[0m tokio-runtime-worker ?[1mserver_handshake?[0m?[2m:?[0m?[1mConnection?[0m?[1m{?[0m?[3mpeer?[0m?[2m=?[0mServer?[1m}?[0m?[2m:?[0m?[1mpoll?[0m?[2m:?[0m?[1mFramedRead::poll_next?[0m?[2m:?[0m ?[2mtokio_util::codec::framed_impl?[0m?[2m:?[0m frame decoded from buffer
15:05:15.956 [Thread-5] DEBUG i.pact.plugins.jvm.core.ChildProcess - Plugin protobuf [46038] || ?[2m2023-03-27T09:35:15.954313Z?[0m ?[35mTRACE?[0m tokio-runtime-worker ?[1mserver_handshake?[0m?[2m:?[0m?[1mConnection?[0m?[1m{?[0m?[3mpeer?[0m?[2m=?[0mServer?[1m}?[0m?[2m:?[0m?[1mpoll?[0m?[2m:?[0m?[1mFramedRead::poll_next?[0m?[2m:?[0m ?[2mh2::codec::framed_read?[0m?[2m:?[0m ?[3mread.bytes?[0m?[2m=?[0m1502
15:05:15.956 [Thread-5] DEBUG i.pact.plugins.jvm.core.ChildProcess - Plugin protobuf [46038] || ?[2m2023-03-27T09:35:15.954334Z?[0m ?[35mTRACE?[0m tokio-runtime-worker ?[1mserver_handshake?[0m?[2m:?[0m?[1mConnection?[0m?[1m{?[0m?[3mpeer?[0m?[2m=?[0mServer?[1m}?[0m?[2m:?[0m?[1mpoll?[0m?[2m:?[0m?[1mFramedRead::poll_next?[0m?[2m:?[0m?[1mFramedRead::decode_frame?[0m?[1m{?[0m?[3moffset?[0m?[2m=?[0m1502?[1m}?[0m?[2m:?[0m ?[2mh2::codec::framed_read?[0m?[2m:?[0m decoding frame from 1502B
15:05:15.956 [Thread-5] DEBUG i.pact.plugins.jvm.core.ChildProcess - Plugin protobuf [46038] || ?[2m2023-03-27T09:35:15.954349Z?[0m ?[35mTRACE?[0m tokio-runtime-worker ?[1mserver_handshake?[0m?[2m:?[0m?[1mConnection?[0m?[1m{?[0m?[3mpeer?[0m?[2m=?[0mServer?[1m}?[0m?[2m:?[0m?[1mpoll?[0m?[2m:?[0m?[1mFramedRead::poll_next?[0m?[2m:?[0m?[1mFramedRead::decode_frame?[0m?[1m{?[0m?[3moffset?[0m?[2m=?[0m1502?[1m}?[0m?[2m:?[0m ?[2mh2::codec::framed_read?[0m?[2m:?[0m ?[3mframe.kind?[0m?[2m=?[0mData
15:05:15.956 [Thread-5] DEBUG i.pact.plugins.jvm.core.ChildProcess - Plugin protobuf [46038] || ?[2m2023-03-27T09:35:15.954372Z?[0m ?[34mDEBUG?[0m tokio-runtime-worker ?[1mserver_handshake?[0m?[2m:?[0m?[1mConnection?[0m?[1m{?[0m?[3mpeer?[0m?[2m=?[0mServer?[1m}?[0m?[2m:?[0m?[1mpoll?[0m?[2m:?[0m?[1mFramedRead::poll_next?[0m?[2m:?[0m ?[2mh2::codec::framed_read?[0m?[2m:?[0m received ?[3mframe?[0m?[2m=?[0mData { stream_id: StreamId(5), flags: (0x1: END_STREAM) }
15:05:15.956 [Thread-5] DEBUG i.pact.plugins.jvm.core.ChildProcess - Plugin protobuf [46038] || ?[2m2023-03-27T09:35:15.954397Z?[0m ?[35mTRACE?[0m tokio-runtime-worker ?[1mserver_handshake?[0m?[2m:?[0m?[1mConnection?[0m?[1m{?[0m?[3mpeer?[0m?[2m=?[0mServer?[1m}?[0m?[2m:?[0m?[1mpoll?[0m?[2m:?[0m ?[2mh2::proto::connection?[0m?[2m:?[0m recv DATA ?[3mframe?[0m?[2m=?[0mData { stream_id: StreamId(5), flags: (0x1: END_STREAM) }
15:05:15.957 [Thread-5] DEBUG i.pact.plugins.jvm.core.ChildProcess - Plugin protobuf [46038] || ?[2m2023-03-27T09:35:15.954415Z?[0m ?[35mTRACE?[0m tokio-runtime-worker ?[1mserver_handshake?[0m?[2m:?[0m?[1mConnection?[0m?[1m{?[0m?[3mpeer?[0m?[2m=?[0mServer?[1m}?[0m?[2m:?[0m?[1mpoll?[0m?[2m:?[0m ?[2mh2::proto::streams::recv?[0m?[2m:?[0m recv_data; size=1493; connection=1048545; stream=1048576
15:05:15.957 [Thread-5] DEBUG i.pact.plugins.jvm.core.ChildProcess - Plugin protobuf [46038] || ?[2m2023-03-27T09:35:15.954428Z?[0m ?[35mTRACE?[0m tokio-runtime-worker ?[1mserver_handshake?[0m?[2m:?[0m?[1mConnection?[0m?[1m{?[0m?[3mpeer?[0m?[2m=?[0mServer?[1m}?[0m?[2m:?[0m?[1mpoll?[0m?[2m:?[0m ?[2mh2::proto::streams::flow_control?[0m?[2m:?[0m send_data; sz=1493; window=1048545; available=1048576
15:05:15.957 [Thread-5] DEBUG i.pact.plugins.jvm.core.ChildProcess - Plugin protobuf [46038] || ?[2m2023-03-27T09:35:15.954437Z?[0m ?[35mTRACE?[0m tokio-runtime-worker ?[1mserver_handshake?[0m?[2m:?[0m?[1mConnection?[0m?[1m{?[0m?[3mpeer?[0m?[2m=?[0mServer?[1m}?[0m?[2m:?[0m?[1mpoll?[0m?[2m:?[0m ?[2mh2::proto::streams::state?[0m?[2m:?[0m recv_close: Open => HalfClosedRemote(AwaitingHeaders)
15:05:15.957 [Thread-5] DEBUG i.pact.plugins.jvm.core.ChildProcess - Plugin protobuf [46038] || ?[2m2023-03-27T09:35:15.954445Z?[0m ?[35mTRACE?[0m tokio-runtime-worker ?[1mserver_handshake?[0m?[2m:?[0m?[1mConnection?[0m?[1m{?[0m?[3mpeer?[0m?[2m=?[0mServer?[1m}?[0m?[2m:?[0m?[1mpoll?[0m?[2m:?[0m ?[2mh2::proto::streams::flow_control?[0m?[2m:?[0m send_data; sz=1493; window=1048576; available=1048576
15:05:15.957 [Thread-5] DEBUG i.pact.plugins.jvm.core.ChildProcess - Plugin protobuf [46038] || ?[2m2023-03-27T09:35:15.954455Z?[0m ?[35mTRACE?[0m tokio-runtime-worker ?[1mserver_handshake?[0m?[2m:?[0m?[1mConnection?[0m?[1m{?[0m?[3mpeer?[0m?[2m=?[0mServer?[1m}?[0m?[2m:?[0m?[1mpoll?[0m?[2m:?[0m ?[2mh2::proto::streams::counts?[0m?[2m:?[0m transition_after; stream=StreamId(5); state=State { inner: HalfClosedRemote(AwaitingHeaders) }; is_closed=false; pending_send_empty=true; buffered_send_data=0; num_recv=1; num_send=0
15:05:15.957 [Thread-5] DEBUG i.pact.plugins.jvm.core.ChildProcess - Plugin protobuf [46038] || ?[2m2023-03-27T09:35:15.954483Z?[0m ?[35mTRACE?[0m tokio-runtime-worker ?[1mserver_handshake?[0m?[2m:?[0m?[1mConnection?[0m?[1m{?[0m?[3mpeer?[0m?[2m=?[0mServer?[1m}?[0m?[2m:?[0m?[1mpoll?[0m?[2m:?[0m?[1mFramedRead::poll_next?[0m?[2m:?[0m ?[2mh2::codec::framed_read?[0m?[2m:?[0m poll
15:05:15.957 [Thread-5] DEBUG i.pact.plugins.jvm.core.ChildProcess - Plugin protobuf [46038] || ?[2m2023-03-27T09:35:15.954501Z?[0m ?[35mTRACE?[0m tokio-runtime-worker ?[1mserver_handshake?[0m?[2m:?[0m?[1mConnection?[0m?[1m{?[0m?[3mpeer?[0m?[2m=?[0mServer?[1m}?[0m?[2m:?[0m?[1mpoll?[0m?[2m:?[0m?[1mFramedRead::poll_next?[0m?[2m:?[0m ?[2mtokio_util::codec::framed_impl?[0m?[2m:?[0m attempting to decode a frame
15:05:15.957 [Thread-5] DEBUG i.pact.plugins.jvm.core.ChildProcess - Plugin protobuf [46038] || ?[2m2023-03-27T09:35:15.954545Z?[0m ?[35mTRACE?[0m tokio-runtime-worker ?[1mserver_handshake?[0m?[2m:?[0m?[1mConnection?[0m?[1m{?[0m?[3mpeer?[0m?[2m=?[0mServer?[1m}?[0m?[2m:?[0m?[1mpoll?[0m?[2m:?[0m ?[2mh2::proto::streams::prioritize?[0m?[2m:?[0m poll_complete
15:05:15.957 [Thread-5] DEBUG i.pact.plugins.jvm.core.ChildProcess - Plugin protobuf [46038] || ?[2m2023-03-27T09:35:15.954563Z?[0m ?[35mTRACE?[0m tokio-runtime-worker ?[1mserver_handshake?[0m?[2m:?[0m?[1mConnection?[0m?[1m{?[0m?[3mpeer?[0m?[2m=?[0mServer?[1m}?[0m?[2m:?[0m?[1mpoll?[0m?[2m:?[0m ?[2mh2::proto::streams::prioritize?[0m?[2m:?[0m schedule_pending_open
15:05:15.957 [grpc-nio-worker-ELG-1-2] DEBUG io.grpc.netty.NettyClientHandler - [id: 0x3c962551, L:/0:0:0:0:0:0:0:1:53790 - R:/0:0:0:0:0:0:0:1:53788] INBOUND HEADERS: streamId=5 headers=GrpcHttp2ResponseHeaders[:status: 200, content-type: application/grpc, date: Mon, 27 Mar 2023 09:35:15 GMT] padding=0 endStream=false
15:05:15.957 [Thread-5] DEBUG i.pact.plugins.jvm.core.ChildProcess - Plugin protobuf [46038] || ?[2m2023-03-27T09:35:15.954596Z?[0m ?[35mTRACE?[0m tokio-runtime-worker ?[1mserver_handshake?[0m?[2m:?[0m?[1mConnection?[0m?[1m{?[0m?[3mpeer?[0m?[2m=?[0mServer?[1m}?[0m?[2m:?[0m?[1mpoll?[0m?[2m:?[0m?[1mFramedWrite::flush?[0m?[2m:?[0m ?[2mh2::codec::framed_write?[0m?[2m:?[0m flushing buffer
15:05:15.957 [Thread-5] DEBUG i.pact.plugins.jvm.core.ChildProcess - Plugin protobuf [46038] || ?[2m2023-03-27T09:35:15.954633Z?[0m ?[35mTRACE?[0m tokio-runtime-worker ?[2mh2::proto::streams::streams?[0m?[2m:?[0m next_incoming; id=StreamId(5), state=State { inner: HalfClosedRemote(AwaitingHeaders) }
15:05:15.958 [Thread-5] DEBUG i.pact.plugins.jvm.core.ChildProcess - Plugin protobuf [46038] || ?[2m2023-03-27T09:35:15.954646Z?[0m ?[35mTRACE?[0m tokio-runtime-worker ?[2mh2::server?[0m?[2m:?[0m received incoming
15:05:15.958 [grpc-nio-worker-ELG-1-2] DEBUG io.grpc.netty.NettyClientHandler - [id: 0x3c962551, L:/0:0:0:0:0:0:0:1:53790 - R:/0:0:0:0:0:0:0:1:53788] INBOUND DATA: streamId=5 padding=0 endStream=false length=5 bytes=0000000000
15:05:15.958 [Thread-5] DEBUG i.pact.plugins.jvm.core.ChildProcess - Plugin protobuf [46038] || ?[2m2023-03-27T09:35:15.954656Z?[0m ?[35mTRACE?[0m tokio-runtime-worker ?[2mhyper::proto::h2::server?[0m?[2m:?[0m incoming request
15:05:15.958 [grpc-nio-worker-ELG-1-2] DEBUG io.grpc.netty.NettyClientHandler - [id: 0x3c962551, L:/0:0:0:0:0:0:0:1:53790 - R:/0:0:0:0:0:0:0:1:53788] OUTBOUND PING: ack=false bytes=1234
15:05:15.958 [Thread-5] DEBUG i.pact.plugins.jvm.core.ChildProcess - Plugin protobuf [46038] || ?[2m2023-03-27T09:35:15.954704Z?[0m ?[34mDEBUG?[0m tokio-runtime-worker ?[1mrequest?[0m?[1m{?[0m?[3mmethod?[0m?[2m=?[0mPOST ?[3muri?[0m?[2m=?[0mhttp://[::1]:53788/io.pact.plugin.PactPlugin/UpdateCatalogue ?[3mversion?[0m?[2m=?[0mHTTP/2.0 ?[3mheaders?[0m?[2m=?[0m{"content-type": "application/grpc", "te": "trailers", "user-agent": "grpc-java-netty/1.49.0", "grpc-accept-encoding": "gzip", "authorization": Sensitive}?[1m}?[0m?[2m:?[0m ?[2mtower_http::trace::on_request?[0m?[2m:?[0m started processing request
15:05:15.958 [Thread-5] DEBUG i.pact.plugins.jvm.core.ChildProcess - Plugin protobuf [46038] || ?[2m2023-03-27T09:35:15.954743Z?[0m ?[35mTRACE?[0m tokio-runtime-worker ?[1mserver_handshake?[0m?[2m:?[0m?[1mConnection?[0m?[1m{?[0m?[3mpeer?[0m?[2m=?[0mServer?[1m}?[0m?[2m:?[0m?[1mpoll?[0m?[2m:?[0m ?[2mh2::proto::connection?[0m?[2m:?[0m ?[3mconnection.state?[0m?[2m=?[0mOpen
15:05:15.958 [Thread-5] DEBUG i.pact.plugins.jvm.core.ChildProcess - Plugin protobuf [46038] || ?[2m2023-03-27T09:35:15.954777Z?[0m ?[35mTRACE?[0m tokio-runtime-worker ?[1mserver_handshake?[0m?[2m:?[0m?[1mConnection?[0m?[1m{?[0m?[3mpeer?[0m?[2m=?[0mServer?[1m}?[0m?[2m:?[0m?[1mpoll?[0m?[2m:?[0m?[1mFramedRead::poll_next?[0m?[2m:?[0m ?[2mh2::codec::framed_read?[0m?[2m:?[0m poll
15:05:15.958 [Thread-5] DEBUG i.pact.plugins.jvm.core.ChildProcess - Plugin protobuf [46038] || ?[2m2023-03-27T09:35:15.954813Z?[0m ?[35mTRACE?[0m tokio-runtime-worker ?[1mserver_handshake?[0m?[2m:?[0m?[1mConnection?[0m?[1m{?[0m?[3mpeer?[0m?[2m=?[0mServer?[1m}?[0m?[2m:?[0m?[1mpoll?[0m?[2m:?[0m ?[2mh2::proto::streams::prioritize?[0m?[2m:?[0m poll_complete
15:05:15.958 [Thread-5] DEBUG i.pact.plugins.jvm.core.ChildProcess - Plugin protobuf [46038] || ?[2m2023-03-27T09:35:15.954826Z?[0m ?[35mTRACE?[0m tokio-runtime-worker ?[1mserver_handshake?[0m?[2m:?[0m?[1mConnection?[0m?[1m{?[0m?[3mpeer?[0m?[2m=?[0mServer?[1m}?[0m?[2m:?[0m?[1mpoll?[0m?[2m:?[0m ?[2mh2::proto::streams::prioritize?[0m?[2m:?[0m schedule_pending_open
15:05:15.958 [Thread-5] DEBUG i.pact.plugins.jvm.core.ChildProcess - Plugin protobuf [46038] || ?[2m2023-03-27T09:35:15.954855Z?[0m ?[35mTRACE?[0m tokio-runtime-worker ?[1mserver_handshake?[0m?[2m:?[0m?[1mConnection?[0m?[1m{?[0m?[3mpeer?[0m?[2m=?[0mServer?[1m}?[0m?[2m:?[0m?[1mpoll?[0m?[2m:?[0m?[1mFramedWrite::flush?[0m?[2m:?[0m ?[2mh2::codec::framed_write?[0m?[2m:?[0m flushing buffer
15:05:15.958 [Thread-5] DEBUG i.pact.plugins.jvm.core.ChildProcess - Plugin protobuf [46038] || ?[2m2023-03-27T09:35:15.954908Z?[0m ?[35mTRACE?[0m tokio-runtime-worker ?[1mrequest?[0m?[1m{?[0m?[3mmethod?[0m?[2m=?[0mPOST ?[3muri?[0m?[2m=?[0mhttp://[::1]:53788/io.pact.plugin.PactPlugin/UpdateCatalogue ?[3mversion?[0m?[2m=?[0mHTTP/2.0 ?[3mheaders?[0m?[2m=?[0m{"content-type": "application/grpc", "te": "trailers", "user-agent": "grpc-java-netty/1.49.0", "grpc-accept-encoding": "gzip", "authorization": Sensitive}?[1m}?[0m?[2m:?[0m ?[2mh2::proto::streams::recv?[0m?[2m:?[0m release_capacity; size=1493
15:05:15.958 [grpc-nio-worker-ELG-1-2] DEBUG io.grpc.netty.NettyClientHandler - [id: 0x3c962551, L:/0:0:0:0:0:0:0:1:53790 - R:/0:0:0:0:0:0:0:1:53788] INBOUND HEADERS: streamId=5 headers=GrpcHttp2ResponseHeaders[grpc-status: 0] padding=0 endStream=true
15:05:15.958 [Thread-5] DEBUG i.pact.plugins.jvm.core.ChildProcess - Plugin protobuf [46038] || ?[2m2023-03-27T09:35:15.954930Z?[0m ?[35mTRACE?[0m tokio-runtime-worker ?[1mrequest?[0m?[1m{?[0m?[3mmethod?[0m?[2m=?[0mPOST ?[3muri?[0m?[2m=?[0mhttp://[::1]:53788/io.pact.plugin.PactPlugin/UpdateCatalogue ?[3mversion?[0m?[2m=?[0mHTTP/2.0 ?[3mheaders?[0m?[2m=?[0m{"content-type": "application/grpc", "te": "trailers", "user-agent": "grpc-java-netty/1.49.0", "grpc-accept-encoding": "gzip", "authorization": Sensitive}?[1m}?[0m?[2m:?[0m ?[2mh2::proto::streams::recv?[0m?[2m:?[0m release_connection_capacity; size=1493, connection in_flight_data=1493
15:05:15.958 [Thread-5] DEBUG i.pact.plugins.jvm.core.ChildProcess - Plugin protobuf [46038] || ?[2m2023-03-27T09:35:15.955006Z?[0m ?[35mTRACE?[0m tokio-runtime-worker ?[1mrequest?[0m?[1m{?[0m?[3mmethod?[0m?[2m=?[0mPOST ?[3muri?[0m?[2m=?[0mhttp://[::1]:53788/io.pact.plugin.PactPlugin/UpdateCatalogue ?[3mversion?[0m?[2m=?[0mHTTP/2.0 ?[3mheaders?[0m?[2m=?[0m{"content-type": "application/grpc", "te": "trailers", "user-agent": "grpc-java-netty/1.49.0", "grpc-accept-encoding": "gzip", "authorization": Sensitive}?[1m}?[0m?[2m:?[0m ?[2mh2::proto::streams::streams?[0m?[2m:?[0m drop_stream_ref; stream=Stream { id: StreamId(5), state: State { inner: HalfClosedRemote(AwaitingHeaders) }, is_counted: true, ref_count: 2, next_pending_send: None, is_pending_send: false, send_flow: FlowControl { window_size: Window(1048576), available: Window(0) }, requested_send_capacity: 0, buffered_send_data: 0, send_task: None, pending_send: Deque { indices: None }, next_pending_send_capacity: None, is_pending_send_capacity: false, send_capacity_inc: false, next_open: None, is_pending_open: false, is_pending_push: false, next_pending_accept: None, is_pending_accept: false, recv_flow: FlowControl { window_size: Window(1047083), available: Window(1048576) }, in_flight_recv_data: 0, next_window_update: None, is_pending_window_update: false, reset_at: None, next_reset_expire: None, pending_recv: Deque { indices: None }, recv_task: None, pending_push_promises: Queue { indices: None, _p: PhantomData }, content_length: Omitted }
15:05:15.959 [Thread-5] DEBUG i.pact.plugins.jvm.core.ChildProcess - Plugin protobuf [46038] || ?[2m2023-03-27T09:35:15.955078Z?[0m ?[35mTRACE?[0m tokio-runtime-worker ?[1mrequest?[0m?[1m{?[0m?[3mmethod?[0m?[2m=?[0mPOST ?[3muri?[0m?[2m=?[0mhttp://[::1]:53788/io.pact.plugin.PactPlugin/UpdateCatalogue ?[3mversion?[0m?[2m=?[0mHTTP/2.0 ?[3mheaders?[0m?[2m=?[0m{"content-type": "application/grpc", "te": "trailers", "user-agent": "grpc-java-netty/1.49.0", "grpc-accept-encoding": "gzip", "authorization": Sensitive}?[1m}?[0m?[2m:?[0m ?[2mh2::proto::streams::counts?[0m?[2m:?[0m transition_after; stream=StreamId(5); state=State { inner: HalfClosedRemote(AwaitingHeaders) }; is_closed=false; pending_send_empty=true; buffered_send_data=0; num_recv=1; num_send=0
15:05:15.959 [Thread-5] DEBUG i.pact.plugins.jvm.core.ChildProcess - Plugin protobuf [46038] || ?[2m2023-03-27T09:35:15.955114Z?[0m ?[34mDEBUG?[0m tokio-runtime-worker ?[1mrequest?[0m?[1m{?[0m?[3mmethod?[0m?[2m=?[0mPOST ?[3muri?[0m?[2m=?[0mhttp://[::1]:53788/io.pact.plugin.PactPlugin/UpdateCatalogue ?[3mversion?[0m?[2m=?[0mHTTP/2.0 ?[3mheaders?[0m?[2m=?[0m{"content-type": "application/grpc", "te": "trailers", "user-agent": "grpc-java-netty/1.49.0", "grpc-accept-encoding": "gzip", "authorization": Sensitive}?[1m}?[0m?[2m:?[0m ?[2mpact_protobuf_plugin::server?[0m?[2m:?[0m Update catalogue request
15:05:15.959 [Thread-5] DEBUG i.pact.plugins.jvm.core.ChildProcess - Plugin protobuf [46038] || ?[2m2023-03-27T09:35:15.955151Z?[0m ?[34mDEBUG?[0m tokio-runtime-worker ?[1mrequest?[0m?[1m{?[0m?[3mmethod?[0m?[2m=?[0mPOST ?[3muri?[0m?[2m=?[0mhttp://[::1]:53788/io.pact.plugin.PactPlugin/UpdateCatalogue ?[3mversion?[0m?[2m=?[0mHTTP/2.0 ?[3mheaders?[0m?[2m=?[0m{"content-type": "application/grpc", "te": "trailers", "user-agent": "grpc-java-netty/1.49.0", "grpc-accept-encoding": "gzip", "authorization": Sensitive}?[1m}?[0m?[2m:?[0m ?[2mtower_http::trace::on_response?[0m?[2m:?[0m finished processing request ?[3mlatency?[0m?[2m=?[0m0 ms
15:05:15.959 [Thread-5] DEBUG i.pact.plugins.jvm.core.ChildProcess - Plugin protobuf [46038] || ?[2m2023-03-27T09:35:15.955185Z?[0m ?[35mTRACE?[0m tokio-runtime-worker ?[2mh2::proto::streams::send?[0m?[2m:?[0m send_headers; frame=Headers { stream_id: StreamId(5), flags: (0x4: END_HEADERS) }; init_window=1048576
15:05:15.959 [Thread-5] DEBUG i.pact.plugins.jvm.core.ChildProcess - Plugin protobuf [46038] || ?[2m2023-03-27T09:35:15.955214Z?[0m ?[35mTRACE?[0m tokio-runtime-worker ?[1mPrioritize::queue_frame?[0m?[1m{?[0m?[3mstream.id?[0m?[2m=?[0mStreamId(5)?[1m}?[0m?[2m:?[0m ?[2mh2::proto::streams::prioritize?[0m?[2m:?[0m schedule_send ?[3mstream.id?[0m?[2m=?[0mStreamId(5)
15:05:15.959 [Thread-5] DEBUG i.pact.plugins.jvm.core.ChildProcess - Plugin protobuf [46038] || ?[2m2023-03-27T09:35:15.955230Z?[0m ?[35mTRACE?[0m tokio-runtime-worker ?[1mPrioritize::queue_frame?[0m?[1m{?[0m?[3mstream.id?[0m?[2m=?[0mStreamId(5)?[1m}?[0m?[2m:?[0m ?[2mh2::proto::streams::store?[0m?[2m:?[0m Queue::push
15:05:15.959 [Thread-5] DEBUG i.pact.plugins.jvm.core.ChildProcess - Plugin protobuf [46038] || ?[2m2023-03-27T09:35:15.955242Z?[0m ?[35mTRACE?[0m tokio-runtime-worker ?[1mPrioritize::queue_frame?[0m?[1m{?[0m?[3mstream.id?[0m?[2m=?[0mStreamId(5)?[1m}?[0m?[2m:?[0m ?[2mh2::proto::streams::store?[0m?[2m:?[0m  -> first entry
15:05:15.959 [Thread-5] DEBUG i.pact.plugins.jvm.core.ChildProcess - Plugin protobuf [46038] || ?[2m2023-03-27T09:35:15.955268Z?[0m ?[35mTRACE?[0m tokio-runtime-worker ?[2mh2::proto::streams::counts?[0m?[2m:?[0m transition_after; stream=StreamId(5); state=State { inner: HalfClosedRemote(Streaming) }; is_closed=false; pending_send_empty=false; buffered_send_data=0; num_recv=1; num_send=0
15:05:15.959 [Thread-5] DEBUG i.pact.plugins.jvm.core.ChildProcess - Plugin protobuf [46038] || ?[2m2023-03-27T09:35:15.955308Z?[0m ?[35mTRACE?[0m tokio-runtime-worker ?[1mreserve_capacity?[0m?[1m{?[0m?[3mstream.id?[0m?[2m=?[0mStreamId(5) ?[3mrequested?[0m?[2m=?[0m1 ?[3meffective?[0m?[2m=?[0m1 ?[3mcurr?[0m?[2m=?[0m0?[1m}?[0m?[2m:?[0m?[1mtry_assign_capacity?[0m?[1m{?[0m?[3mstream.id?[0m?[2m=?[0mStreamId(5)?[1m}?[0m?[2m:?[0m ?[2mh2::proto::streams::prioritize?[0m?[2m:?[0m ?[3mrequested?[0m?[2m=?[0m1 ?[3madditional?[0m?[2m=?[0m1 ?[3mbuffered?[0m?[2m=?[0m0 ?[3mwindow?[0m?[2m=?[0m1048576 ?[3mconn?[0m?[2m=?[0m1048423
15:05:15.959 [Thread-5] DEBUG i.pact.plugins.jvm.core.ChildProcess - Plugin protobuf [46038] || ?[2m2023-03-27T09:35:15.955331Z?[0m ?[35mTRACE?[0m tokio-runtime-worker ?[1mreserve_capacity?[0m?[1m{?[0m?[3mstream.id?[0m?[2m=?[0mStreamId(5) ?[3mrequested?[0m?[2m=?[0m1 ?[3meffective?[0m?[2m=?[0m1 ?[3mcurr?[0m?[2m=?[0m0?[1m}?[0m?[2m:?[0m?[1mtry_assign_capacity?[0m?[1m{?[0m?[3mstream.id?[0m?[2m=?[0mStreamId(5)?[1m}?[0m?[2m:?[0m ?[2mh2::proto::streams::prioritize?[0m?[2m:?[0m assigning ?[3mcapacity?[0m?[2m=?[0m1
15:05:15.959 [Thread-5] DEBUG i.pact.plugins.jvm.core.ChildProcess - Plugin protobuf [46038] || ?[2m2023-03-27T09:35:15.955346Z?[0m ?[35mTRACE?[0m tokio-runtime-worker ?[1mreserve_capacity?[0m?[1m{?[0m?[3mstream.id?[0m?[2m=?[0mStreamId(5) ?[3mrequested?[0m?[2m=?[0m1 ?[3meffective?[0m?[2m=?[0m1 ?[3mcurr?[0m?[2m=?[0m0?[1m}?[0m?[2m:?[0m?[1mtry_assign_capacity?[0m?[1m{?[0m?[3mstream.id?[0m?[2m=?[0mStreamId(5)?[1m}?[0m?[2m:?[0m ?[2mh2::proto::streams::stream?[0m?[2m:?[0m   assigned capacity to stream; available=1; buffered=0; id=StreamId(5); max_buffer_size=409600
15:05:15.960 [Thread-5] DEBUG i.pact.plugins.jvm.core.ChildProcess - Plugin protobuf [46038] || ?[2m2023-03-27T09:35:15.955366Z?[0m ?[35mTRACE?[0m tokio-runtime-worker ?[1mreserve_capacity?[0m?[1m{?[0m?[3mstream.id?[0m?[2m=?[0mStreamId(5) ?[3mrequested?[0m?[2m=?[0m1 ?[3meffective?[0m?[2m=?[0m1 ?[3mcurr?[0m?[2m=?[0m0?[1m}?[0m?[2m:?[0m?[1mtry_assign_capacity?[0m?[1m{?[0m?[3mstream.id?[0m?[2m=?[0mStreamId(5)?[1m}?[0m?[2m:?[0m ?[2mh2::proto::streams::stream?[0m?[2m:?[0m   notifying task
15:05:15.960 [Thread-5] DEBUG i.pact.plugins.jvm.core.ChildProcess - Plugin protobuf [46038] || ?[2m2023-03-27T09:35:15.955379Z?[0m ?[35mTRACE?[0m tokio-runtime-worker ?[1mreserve_capacity?[0m?[1m{?[0m?[3mstream.id?[0m?[2m=?[0mStreamId(5) ?[3mrequested?[0m?[2m=?[0m1 ?[3meffective?[0m?[2m=?[0m1 ?[3mcurr?[0m?[2m=?[0m0?[1m}?[0m?[2m:?[0m?[1mtry_assign_capacity?[0m?[1m{?[0m?[3mstream.id?[0m?[2m=?[0mStreamId(5)?[1m}?[0m?[2m:?[0m ?[2mh2::proto::streams::prioritize?[0m?[2m:?[0m ?[3mavailable?[0m?[2m=?[0m1 ?[3mrequested?[0m?[2m=?[0m1 ?[3mbuffered?[0m?[2m=?[0m0 ?[3mhas_unavailable?[0m?[2m=?[0mtrue
15:05:15.960 [Thread-5] DEBUG i.pact.plugins.jvm.core.ChildProcess - Plugin protobuf [46038] || ?[2m2023-03-27T09:35:15.955421Z?[0m ?[35mTRACE?[0m tokio-runtime-worker ?[2mhyper::proto::h2?[0m?[2m:?[0m send body chunk: 5 bytes, eos=false
15:05:15.960 [Thread-5] DEBUG i.pact.plugins.jvm.core.ChildProcess - Plugin protobuf [46038] || ?[2m2023-03-27T09:35:15.955442Z?[0m ?[35mTRACE?[0m tokio-runtime-worker ?[1msend_data?[0m?[1m{?[0m?[3msz?[0m?[2m=?[0m5 ?[3mrequested?[0m?[2m=?[0m1?[1m}?[0m?[2m:?[0m ?[2mh2::proto::streams::prioritize?[0m?[2m:?[0m ?[3mbuffered?[0m?[2m=?[0m5
15:05:15.960 [grpc-nio-worker-ELG-1-2] DEBUG io.grpc.netty.NettyClientHandler - [id: 0x3c962551, L:/0:0:0:0:0:0:0:1:53790 - R:/0:0:0:0:0:0:0:1:53788] INBOUND PING: ack=true bytes=1234
15:05:15.960 [Thread-5] DEBUG i.pact.plugins.jvm.core.ChildProcess - Plugin protobuf [46038] || ?[2m2023-03-27T09:35:15.955459Z?[0m ?[35mTRACE?[0m tokio-runtime-worker ?[1msend_data?[0m?[1m{?[0m?[3msz?[0m?[2m=?[0m5 ?[3mrequested?[0m?[2m=?[0m1?[1m}?[0m?[2m:?[0m?[1mtry_assign_capacity?[0m?[1m{?[0m?[3mstream.id?[0m?[2m=?[0mStreamId(5)?[1m}?[0m?[2m:?[0m ?[2mh2::proto::streams::prioritize?[0m?[2m:?[0m ?[3mrequested?[0m?[2m=?[0m5 ?[3madditional?[0m?[2m=?[0m4 ?[3mbuffered?[0m?[2m=?[0m5 ?[3mwindow?[0m?[2m=?[0m1048576 ?[3mconn?[0m?[2m=?[0m1048422
15:05:15.960 [Thread-5] DEBUG i.pact.plugins.jvm.core.ChildProcess - Plugin protobuf [46038] || ?[2m2023-03-27T09:35:15.955477Z?[0m ?[35mTRACE?[0m tokio-runtime-worker ?[1msend_data?[0m?[1m{?[0m?[3msz?[0m?[2m=?[0m5 ?[3mrequested?[0m?[2m=?[0m1?[1m}?[0m?[2m:?[0m?[1mtry_assign_capacity?[0m?[1m{?[0m?[3mstream.id?[0m?[2m=?[0mStreamId(5)?[1m}?[0m?[2m:?[0m ?[2mh2::proto::streams::prioritize?[0m?[2m:?[0m assigning ?[3mcapacity?[0m?[2m=?[0m4
15:05:15.960 [Thread-5] DEBUG i.pact.plugins.jvm.core.ChildProcess - Plugin protobuf [46038] || ?[2m2023-03-27T09:35:15.955492Z?[0m ?[35mTRACE?[0m tokio-runtime-worker ?[1msend_data?[0m?[1m{?[0m?[3msz?[0m?[2m=?[0m5 ?[3mrequested?[0m?[2m=?[0m1?[1m}?[0m?[2m:?[0m?[1mtry_assign_capacity?[0m?[1m{?[0m?[3mstream.id?[0m?[2m=?[0mStreamId(5)?[1m}?[0m?[2m:?[0m ?[2mh2::proto::streams::stream?[0m?[2m:?[0m   assigned capacity to stream; available=5; buffered=5; id=StreamId(5); max_buffer_size=409600
15:05:15.960 [Thread-5] DEBUG i.pact.plugins.jvm.core.ChildProcess - Plugin protobuf [46038] || ?[2m2023-03-27T09:35:15.955508Z?[0m ?[35mTRACE?[0m tokio-runtime-worker ?[1msend_data?[0m?[1m{?[0m?[3msz?[0m?[2m=?[0m5 ?[3mrequested?[0m?[2m=?[0m1?[1m}?[0m?[2m:?[0m?[1mtry_assign_capacity?[0m?[1m{?[0m?[3mstream.id?[0m?[2m=?[0mStreamId(5)?[1m}?[0m?[2m:?[0m ?[2mh2::proto::streams::prioritize?[0m?[2m:?[0m ?[3mavailable?[0m?[2m=?[0m5 ?[3mrequested?[0m?[2m=?[0m5 ?[3mbuffered?[0m?[2m=?[0m5 ?[3mhas_unavailable?[0m?[2m=?[0mtrue
15:05:15.960 [Thread-5] DEBUG i.pact.plugins.jvm.core.ChildProcess - Plugin protobuf [46038] || ?[2m2023-03-27T09:35:15.955527Z?[0m ?[35mTRACE?[0m tokio-runtime-worker ?[1msend_data?[0m?[1m{?[0m?[3msz?[0m?[2m=?[0m5 ?[3mrequested?[0m?[2m=?[0m1?[1m}?[0m?[2m:?[0m?[1mtry_assign_capacity?[0m?[1m{?[0m?[3mstream.id?[0m?[2m=?[0mStreamId(5)?[1m}?[0m?[2m:?[0m ?[2mh2::proto::streams::store?[0m?[2m:?[0m Queue::push
15:05:15.960 [Test worker] DEBUG a.c.d.pact.consumer.dsl.PactBuilder - Configuring SynchronousMessages interaction from {pact:proto-service=Calculator/calculateOne, pact:content-type=application/grpc, request={rectangle={length=matching(number, 3), width=matching(number, 4)}}, response=[{value=matching(number, 12)}], pact:proto=/Users/karthik/Downloads/pact-plugins-main/examples/gRPC/area_calculator/proto/area_calculator.proto}
15:05:15.960 [Thread-5] DEBUG i.pact.plugins.jvm.core.ChildProcess - Plugin protobuf [46038] || ?[2m2023-03-27T09:35:15.955540Z?[0m ?[35mTRACE?[0m tokio-runtime-worker ?[1msend_data?[0m?[1m{?[0m?[3msz?[0m?[2m=?[0m5 ?[3mrequested?[0m?[2m=?[0m1?[1m}?[0m?[2m:?[0m?[1mtry_assign_capacity?[0m?[1m{?[0m?[3mstream.id?[0m?[2m=?[0mStreamId(5)?[1m}?[0m?[2m:?[0m ?[2mh2::proto::streams::store?[0m?[2m:?[0m  -> already queued
15:05:15.960 [Thread-5] DEBUG i.pact.plugins.jvm.core.ChildProcess - Plugin protobuf [46038] || ?[2m2023-03-27T09:35:15.955562Z?[0m ?[35mTRACE?[0m tokio-runtime-worker ?[1msend_data?[0m?[1m{?[0m?[3msz?[0m?[2m=?[0m5 ?[3mrequested?[0m?[2m=?[0m1?[1m}?[0m?[2m:?[0m ?[2mh2::proto::streams::prioritize?[0m?[2m:?[0m ?[3mavailable?[0m?[2m=?[0m5 ?[3mbuffered?[0m?[2m=?[0m5
15:05:15.960 [Thread-5] DEBUG i.pact.plugins.jvm.core.ChildProcess - Plugin protobuf [46038] || ?[2m2023-03-27T09:35:15.955586Z?[0m ?[35mTRACE?[0m tokio-runtime-worker ?[1msend_data?[0m?[1m{?[0m?[3msz?[0m?[2m=?[0m5 ?[3mrequested?[0m?[2m=?[0m1?[1m}?[0m?[2m:?[0m?[1mPrioritize::queue_frame?[0m?[1m{?[0m?[3mstream.id?[0m?[2m=?[0mStreamId(5)?[1m}?[0m?[2m:?[0m ?[2mh2::proto::streams::prioritize?[0m?[2m:?[0m schedule_send ?[3mstream.id?[0m?[2m=?[0mStreamId(5)
15:05:15.960 [Thread-5] DEBUG i.pact.plugins.jvm.core.ChildProcess - Plugin protobuf [46038] || ?[2m2023-03-27T09:35:15.955602Z?[0m ?[35mTRACE?[0m tokio-runtime-worker ?[1msend_data?[0m?[1m{?[0m?[3msz?[0m?[2m=?[0m5 ?[3mrequested?[0m?[2m=?[0m1?[1m}?[0m?[2m:?[0m?[1mPrioritize::queue_frame?[0m?[1m{?[0m?[3mstream.id?[0m?[2m=?[0mStreamId(5)?[1m}?[0m?[2m:?[0m ?[2mh2::proto::streams::store?[0m?[2m:?[0m Queue::push
15:05:15.960 [Test worker] DEBUG a.c.d.pact.consumer.dsl.PactBuilder - Explicit contents, will look for a content matcher
15:05:15.960 [Thread-5] DEBUG i.pact.plugins.jvm.core.ChildProcess - Plugin protobuf [46038] || ?[2m2023-03-27T09:35:15.955614Z?[0m ?[35mTRACE?[0m tokio-runtime-worker ?[1msend_data?[0m?[1m{?[0m?[3msz?[0m?[2m=?[0m5 ?[3mrequested?[0m?[2m=?[0m1?[1m}?[0m?[2m:?[0m?[1mPrioritize::queue_frame?[0m?[1m{?[0m?[3mstream.id?[0m?[2m=?[0mStreamId(5)?[1m}?[0m?[2m:?[0m ?[2mh2::proto::streams::store?[0m?[2m:?[0m  -> already queued
15:05:15.961 [Thread-5] DEBUG i.pact.plugins.jvm.core.ChildProcess - Plugin protobuf [46038] || ?[2m2023-03-27T09:35:15.955640Z?[0m ?[35mTRACE?[0m tokio-runtime-worker ?[2mh2::proto::streams::counts?[0m?[2m:?[0m transition_after; stream=StreamId(5); state=State { inner: HalfClosedRemote(Streaming) }; is_closed=false; pending_send_empty=false; buffered_send_data=5; num_recv=1; num_send=0
15:05:15.961 [Thread-5] DEBUG i.pact.plugins.jvm.core.ChildProcess - Plugin protobuf [46038] || ?[2m2023-03-27T09:35:15.955675Z?[0m ?[35mTRACE?[0m tokio-runtime-worker ?[1mreserve_capacity?[0m?[1m{?[0m?[3mstream.id?[0m?[2m=?[0mStreamId(5) ?[3mrequested?[0m?[2m=?[0m1 ?[3meffective?[0m?[2m=?[0m6 ?[3mcurr?[0m?[2m=?[0m5?[1m}?[0m?[2m:?[0m?[1mtry_assign_capacity?[0m?[1m{?[0m?[3mstream.id?[0m?[2m=?[0mStreamId(5)?[1m}?[0m?[2m:?[0m ?[2mh2::proto::streams::prioritize?[0m?[2m:?[0m ?[3mrequested?[0m?[2m=?[0m6 ?[3madditional?[0m?[2m=?[0m1 ?[3mbuffered?[0m?[2m=?[0m5 ?[3mwindow?[0m?[2m=?[0m1048576 ?[3mconn?[0m?[2m=?[0m1048418
15:05:15.961 [Thread-5] DEBUG i.pact.plugins.jvm.core.ChildProcess - Plugin protobuf [46038] || ?[2m2023-03-27T09:35:15.955735Z?[0m ?[35mTRACE?[0m tokio-runtime-worker ?[1mreserve_capacity?[0m?[1m{?[0m?[3mstream.id?[0m?[2m=?[0mStreamId(5) ?[3mrequested?[0m?[2m=?[0m1 ?[3meffective?[0m?[2m=?[0m6 ?[3mcurr?[0m?[2m=?[0m5?[1m}?[0m?[2m:?[0m?[1mtry_assign_capacity?[0m?[1m{?[0m?[3mstream.id?[0m?[2m=?[0mStreamId(5)?[1m}?[0m?[2m:?[0m ?[2mh2::proto::streams::prioritize?[0m?[2m:?[0m assigning ?[3mcapacity?[0m?[2m=?[0m1
15:05:15.961 [Thread-5] DEBUG i.pact.plugins.jvm.core.ChildProcess - Plugin protobuf [46038] || ?[2m2023-03-27T09:35:15.955756Z?[0m ?[35mTRACE?[0m tokio-runtime-worker ?[1mreserve_capacity?[0m?[1m{?[0m?[3mstream.id?[0m?[2m=?[0mStreamId(5) ?[3mrequested?[0m?[2m=?[0m1 ?[3meffective?[0m?[2m=?[0m6 ?[3mcurr?[0m?[2m=?[0m5?[1m}?[0m?[2m:?[0m?[1mtry_assign_capacity?[0m?[1m{?[0m?[3mstream.id?[0m?[2m=?[0mStreamId(5)?[1m}?[0m?[2m:?[0m ?[2mh2::proto::streams::stream?[0m?[2m:?[0m   assigned capacity to stream; available=6; buffered=5; id=StreamId(5); max_buffer_size=409600
15:05:15.961 [Thread-5] DEBUG i.pact.plugins.jvm.core.ChildProcess - Plugin protobuf [46038] || ?[2m2023-03-27T09:35:15.955795Z?[0m ?[35mTRACE?[0m tokio-runtime-worker ?[1mreserve_capacity?[0m?[1m{?[0m?[3mstream.id?[0m?[2m=?[0mStreamId(5) ?[3mrequested?[0m?[2m=?[0m1 ?[3meffective?[0m?[2m=?[0m6 ?[3mcurr?[0m?[2m=?[0m5?[1m}?[0m?[2m:?[0m?[1mtry_assign_capacity?[0m?[1m{?[0m?[3mstream.id?[0m?[2m=?[0mStreamId(5)?[1m}?[0m?[2m:?[0m ?[2mh2::proto::streams::stream?[0m?[2m:?[0m   notifying task
15:05:15.961 [Thread-5] DEBUG i.pact.plugins.jvm.core.ChildProcess - Plugin protobuf [46038] || ?[2m2023-03-27T09:35:15.955815Z?[0m ?[35mTRACE?[0m tokio-runtime-worker ?[1mreserve_capacity?[0m?[1m{?[0m?[3mstream.id?[0m?[2m=?[0mStreamId(5) ?[3mrequested?[0m?[2m=?[0m1 ?[3meffective?[0m?[2m=?[0m6 ?[3mcurr?[0m?[2m=?[0m5?[1m}?[0m?[2m:?[0m?[1mtry_assign_capacity?[0m?[1m{?[0m?[3mstream.id?[0m?[2m=?[0mStreamId(5)?[1m}?[0m?[2m:?[0m ?[2mh2::proto::streams::prioritize?[0m?[2m:?[0m ?[3mavailable?[0m?[2m=?[0m6 ?[3mrequested?[0m?[2m=?[0m6 ?[3mbuffered?[0m?[2m=?[0m5 ?[3mhas_unavailable?[0m?[2m=?[0mtrue
15:05:15.961 [Thread-5] DEBUG i.pact.plugins.jvm.core.ChildProcess - Plugin protobuf [46038] || ?[2m2023-03-27T09:35:15.955833Z?[0m ?[35mTRACE?[0m tokio-runtime-worker ?[1mreserve_capacity?[0m?[1m{?[0m?[3mstream.id?[0m?[2m=?[0mStreamId(5) ?[3mrequested?[0m?[2m=?[0m1 ?[3meffective?[0m?[2m=?[0m6 ?[3mcurr?[0m?[2m=?[0m5?[1m}?[0m?[2m:?[0m?[1mtry_assign_capacity?[0m?[1m{?[0m?[3mstream.id?[0m?[2m=?[0mStreamId(5)?[1m}?[0m?[2m:?[0m ?[2mh2::proto::streams::store?[0m?[2m:?[0m Queue::push
15:05:15.961 [Thread-5] DEBUG i.pact.plugins.jvm.core.ChildProcess - Plugin protobuf [46038] || ?[2m2023-03-27T09:35:15.955846Z?[0m ?[35mTRACE?[0m tokio-runtime-worker ?[1mreserve_capacity?[0m?[1m{?[0m?[3mstream.id?[0m?[2m=?[0mStreamId(5) ?[3mrequested?[0m?[2m=?[0m1 ?[3meffective?[0m?[2m=?[0m6 ?[3mcurr?[0m?[2m=?[0m5?[1m}?[0m?[2m:?[0m?[1mtry_assign_capacity?[0m?[1m{?[0m?[3mstream.id?[0m?[2m=?[0mStreamId(5)?[1m}?[0m?[2m:?[0m ?[2mh2::proto::streams::store?[0m?[2m:?[0m  -> already queued
15:05:15.961 [Thread-5] DEBUG i.pact.plugins.jvm.core.ChildProcess - Plugin protobuf [46038] || ?[2m2023-03-27T09:35:15.955917Z?[0m ?[34mDEBUG?[0m tokio-runtime-worker ?[1mrequest?[0m?[1m{?[0m?[3mmethod?[0m?[2m=?[0mPOST ?[3muri?[0m?[2m=?[0mhttp://[::1]:53788/io.pact.plugin.PactPlugin/UpdateCatalogue ?[3mversion?[0m?[2m=?[0mHTTP/2.0 ?[3mheaders?[0m?[2m=?[0m{"content-type": "application/grpc", "te": "trailers", "user-agent": "grpc-java-netty/1.49.0", "grpc-accept-encoding": "gzip", "authorization": Sensitive}?[1m}?[0m?[2m:?[0m ?[2mtower_http::trace::on_eos?[0m?[2m:?[0m end of stream ?[3mstream_duration?[0m?[2m=?[0m0 ms ?[3mstatus?[0m?[2m=?[0m0
15:05:15.961 [Thread-5] DEBUG i.pact.plugins.jvm.core.ChildProcess - Plugin protobuf [46038] || ?[2m2023-03-27T09:35:15.955939Z?[0m ?[35mTRACE?[0m tokio-runtime-worker ?[2mh2::proto::streams::state?[0m?[2m:?[0m send_close: HalfClosedRemote => Closed
15:05:15.961 [Thread-5] DEBUG i.pact.plugins.jvm.core.ChildProcess - Plugin protobuf [46038] || ?[2m2023-03-27T09:35:15.955950Z?[0m ?[35mTRACE?[0m tokio-runtime-worker ?[2mh2::proto::streams::send?[0m?[2m:?[0m send_trailers -- queuing; frame=Headers { stream_id: StreamId(5), flags: (0x5: END_HEADERS | END_STREAM) }
15:05:15.962 [Thread-5] DEBUG i.pact.plugins.jvm.core.ChildProcess - Plugin protobuf [46038] || ?[2m2023-03-27T09:35:15.956002Z?[0m ?[35mTRACE?[0m tokio-runtime-worker ?[1mPrioritize::queue_frame?[0m?[1m{?[0m?[3mstream.id?[0m?[2m=?[0mStreamId(5)?[1m}?[0m?[2m:?[0m ?[2mh2::proto::streams::prioritize?[0m?[2m:?[0m schedule_send ?[3mstream.id?[0m?[2m=?[0mStreamId(5)
15:05:15.962 [Thread-5] DEBUG i.pact.plugins.jvm.core.ChildProcess - Plugin protobuf [46038] || ?[2m2023-03-27T09:35:15.956028Z?[0m ?[35mTRACE?[0m tokio-runtime-worker ?[1mPrioritize::queue_frame?[0m?[1m{?[0m?[3mstream.id?[0m?[2m=?[0mStreamId(5)?[1m}?[0m?[2m:?[0m ?[2mh2::proto::streams::store?[0m?[2m:?[0m Queue::push
15:05:15.962 [Thread-5] DEBUG i.pact.plugins.jvm.core.ChildProcess - Plugin protobuf [46038] || ?[2m2023-03-27T09:35:15.956042Z?[0m ?[35mTRACE?[0m tokio-runtime-worker ?[1mPrioritize::queue_frame?[0m?[1m{?[0m?[3mstream.id?[0m?[2m=?[0mStreamId(5)?[1m}?[0m?[2m:?[0m ?[2mh2::proto::streams::store?[0m?[2m:?[0m  -> already queued
15:05:15.962 [Thread-5] DEBUG i.pact.plugins.jvm.core.ChildProcess - Plugin protobuf [46038] || ?[2m2023-03-27T09:35:15.956087Z?[0m ?[35mTRACE?[0m tokio-runtime-worker ?[2mh2::proto::streams::counts?[0m?[2m:?[0m transition_after; stream=StreamId(5); state=State { inner: Closed(EndStream) }; is_closed=false; pending_send_empty=false; buffered_send_data=5; num_recv=1; num_send=0
15:05:15.962 [Thread-5] DEBUG i.pact.plugins.jvm.core.ChildProcess - Plugin protobuf [46038] || ?[2m2023-03-27T09:35:15.956107Z?[0m ?[35mTRACE?[0m tokio-runtime-worker ?[2mh2::proto::streams::streams?[0m?[2m:?[0m drop_stream_ref; stream=Stream { id: StreamId(5), state: State { inner: Closed(EndStream) }, is_counted: true, ref_count: 2, next_pending_send: None, is_pending_send: true, send_flow: FlowControl { window_size: Window(1048576), available: Window(5) }, requested_send_capacity: 5, buffered_send_data: 5, send_task: Some(Waker { data: 0x600001868000, vtable: 0x103cec458 }), pending_send: Deque { indices: Some(Indices { head: 2, tail: 0 }) }, next_pending_send_capacity: None, is_pending_send_capacity: false, send_capacity_inc: true, next_open: None, is_pending_open: false, is_pending_push: false, next_pending_accept: None, is_pending_accept: false, recv_flow: FlowControl { window_size: Window(1047083), available: Window(1048576) }, in_flight_recv_data: 0, next_window_update: None, is_pending_window_update: false, reset_at: None, next_reset_expire: None, pending_recv: Deque { indices: None }, recv_task: None, pending_push_promises: Queue { indices: None, _p: PhantomData }, content_length: Omitted }
15:05:15.962 [Thread-5] DEBUG i.pact.plugins.jvm.core.ChildProcess - Plugin protobuf [46038] || ?[2m2023-03-27T09:35:15.956167Z?[0m ?[35mTRACE?[0m tokio-runtime-worker ?[2mh2::proto::streams::counts?[0m?[2m:?[0m transition_after; stream=StreamId(5); state=State { inner: Closed(EndStream) }; is_closed=false; pending_send_empty=false; buffered_send_data=5; num_recv=1; num_send=0
15:05:15.962 [Thread-5] DEBUG i.pact.plugins.jvm.core.ChildProcess - Plugin protobuf [46038] || ?[2m2023-03-27T09:35:15.956185Z?[0m ?[35mTRACE?[0m tokio-runtime-worker ?[2mh2::proto::streams::streams?[0m?[2m:?[0m drop_stream_ref; stream=Stream { id: StreamId(5), state: State { inner: Closed(EndStream) }, is_counted: true, ref_count: 1, next_pending_send: None, is_pending_send: true, send_flow: FlowControl { window_size: Window(1048576), available: Window(5) }, requested_send_capacity: 5, buffered_send_data: 5, send_task: Some(Waker { data: 0x600001868000, vtable: 0x103cec458 }), pending_send: Deque { indices: Some(Indices { head: 2, tail: 0 }) }, next_pending_send_capacity: None, is_pending_send_capacity: false, send_capacity_inc: true, next_open: None, is_pending_open: false, is_pending_push: false, next_pending_accept: None, is_pending_accept: false, recv_flow: FlowControl { window_size: Window(1047083), available: Window(1048576) }, in_flight_recv_data: 0, next_window_update: None, is_pending_window_update: false, reset_at: None, next_reset_expire: None, pending_recv: Deque { indices: None }, recv_task: None, pending_push_promises: Queue { indices: None, _p: PhantomData }, content_length: Omitted }
15:05:15.962 [Thread-5] DEBUG i.pact.plugins.jvm.core.ChildProcess - Plugin protobuf [46038] || ?[2m2023-03-27T09:35:15.956209Z?[0m ?[35mTRACE?[0m tokio-runtime-worker ?[2mh2::proto::streams::counts?[0m?[2m:?[0m transition_after; stream=StreamId(5); state=State { inner: Closed(EndStream) }; is_closed=false; pending_send_empty=false; buffered_send_data=5; num_recv=1; num_send=0
15:05:15.962 [Thread-5] DEBUG i.pact.plugins.jvm.core.ChildProcess - Plugin protobuf [46038] || ?[2m2023-03-27T09:35:15.956243Z?[0m ?[35mTRACE?[0m tokio-runtime-worker ?[1mserver_handshake?[0m?[2m:?[0m?[1mConnection?[0m?[1m{?[0m?[3mpeer?[0m?[2m=?[0mServer?[1m}?[0m?[2m:?[0m?[1mpoll?[0m?[2m:?[0m ?[2mh2::proto::connection?[0m?[2m:?[0m ?[3mconnection.state?[0m?[2m=?[0mOpen
15:05:15.962 [Thread-5] DEBUG i.pact.plugins.jvm.core.ChildProcess - Plugin protobuf [46038] || ?[2m2023-03-27T09:35:15.956282Z?[0m ?[35mTRACE?[0m tokio-runtime-worker ?[1mserver_handshake?[0m?[2m:?[0m?[1mConnection?[0m?[1m{?[0m?[3mpeer?[0m?[2m=?[0mServer?[1m}?[0m?[2m:?[0m?[1mpoll?[0m?[2m:?[0m?[1mFramedRead::poll_next?[0m?[2m:?[0m ?[2mh2::codec::framed_read?[0m?[2m:?[0m poll
15:05:15.963 [Thread-5] DEBUG i.pact.plugins.jvm.core.ChildProcess - Plugin protobuf [46038] || ?[2m2023-03-27T09:35:15.956317Z?[0m ?[35mTRACE?[0m tokio-runtime-worker ?[1mserver_handshake?[0m?[2m:?[0m?[1mConnection?[0m?[1m{?[0m?[3mpeer?[0m?[2m=?[0mServer?[1m}?[0m?[2m:?[0m?[1mpoll?[0m?[2m:?[0m ?[2mh2::proto::streams::prioritize?[0m?[2m:?[0m poll_complete
15:05:15.963 [Thread-5] DEBUG i.pact.plugins.jvm.core.ChildProcess - Plugin protobuf [46038] || ?[2m2023-03-27T09:35:15.956329Z?[0m ?[35mTRACE?[0m tokio-runtime-worker ?[1mserver_handshake?[0m?[2m:?[0m?[1mConnection?[0m?[1m{?[0m?[3mpeer?[0m?[2m=?[0mServer?[1m}?[0m?[2m:?[0m?[1mpoll?[0m?[2m:?[0m ?[2mh2::proto::streams::prioritize?[0m?[2m:?[0m schedule_pending_open
15:05:15.963 [Thread-5] DEBUG i.pact.plugins.jvm.core.ChildProcess - Plugin protobuf [46038] || ?[2m2023-03-27T09:35:15.956359Z?[0m ?[35mTRACE?[0m tokio-runtime-worker ?[1mserver_handshake?[0m?[2m:?[0m?[1mConnection?[0m?[1m{?[0m?[3mpeer?[0m?[2m=?[0mServer?[1m}?[0m?[2m:?[0m?[1mpoll?[0m?[2m:?[0m?[1mpop_frame?[0m?[2m:?[0m?[1mpopped?[0m?[1m{?[0m?[3mstream.id?[0m?[2m=?[0mStreamId(5) ?[3mstream.state?[0m?[2m=?[0mState { inner: Closed(EndStream) }?[1m}?[0m?[2m:?[0m ?[2mh2::proto::streams::prioritize?[0m?[2m:?[0m ?[3mis_pending_reset?[0m?[2m=?[0mfalse
15:05:15.963 [Thread-5] DEBUG i.pact.plugins.jvm.core.ChildProcess - Plugin protobuf [46038] || ?[2m2023-03-27T09:35:15.956376Z?[0m ?[35mTRACE?[0m tokio-runtime-worker ?[1mserver_handshake?[0m?[2m:?[0m?[1mConnection?[0m?[1m{?[0m?[3mpeer?[0m?[2m=?[0mServer?[1m}?[0m?[2m:?[0m?[1mpoll?[0m?[2m:?[0m?[1mpop_frame?[0m?[2m:?[0m?[1mpopped?[0m?[1m{?[0m?[3mstream.id?[0m?[2m=?[0mStreamId(5) ?[3mstream.state?[0m?[2m=?[0mState { inner: Closed(EndStream) }?[1m}?[0m?[2m:?[0m ?[2mh2::proto::streams::prioritize?[0m?[2m:?[0m pop_frame; frame=Headers { stream_id: StreamId(5), flags: (0x4: END_HEADERS) }
15:05:15.963 [Thread-5] DEBUG i.pact.plugins.jvm.core.ChildProcess - Plugin protobuf [46038] || ?[2m2023-03-27T09:35:15.956395Z?[0m ?[35mTRACE?[0m tokio-runtime-worker ?[1mserver_handshake?[0m?[2m:?[0m?[1mConnection?[0m?[1m{?[0m?[3mpeer?[0m?[2m=?[0mServer?[1m}?[0m?[2m:?[0m?[1mpoll?[0m?[2m:?[0m?[1mpop_frame?[0m?[2m:?[0m?[1mpopped?[0m?[1m{?[0m?[3mstream.id?[0m?[2m=?[0mStreamId(5) ?[3mstream.state?[0m?[2m=?[0mState { inner: Closed(EndStream) }?[1m}?[0m?[2m:?[0m ?[2mh2::proto::streams::store?[0m?[2m:?[0m Queue::push
15:05:15.963 [Thread-5] DEBUG i.pact.plugins.jvm.core.ChildProcess - Plugin protobuf [46038] || ?[2m2023-03-27T09:35:15.956410Z?[0m ?[35mTRACE?[0m tokio-runtime-worker ?[1mserver_handshake?[0m?[2m:?[0m?[1mConnection?[0m?[1m{?[0m?[3mpeer?[0m?[2m=?[0mServer?[1m}?[0m?[2m:?[0m?[1mpoll?[0m?[2m:?[0m?[1mpop_frame?[0m?[2m:?[0m?[1mpopped?[0m?[1m{?[0m?[3mstream.id?[0m?[2m=?[0mStreamId(5) ?[3mstream.state?[0m?[2m=?[0mState { inner: Closed(EndStream) }?[1m}?[0m?[2m:?[0m ?[2mh2::proto::streams::store?[0m?[2m:?[0m  -> first entry
15:05:15.963 [Thread-5] DEBUG i.pact.plugins.jvm.core.ChildProcess - Plugin protobuf [46038] || ?[2m2023-03-27T09:35:15.956421Z?[0m ?[35mTRACE?[0m tokio-runtime-worker ?[1mserver_handshake?[0m?[2m:?[0m?[1mConnection?[0m?[1m{?[0m?[3mpeer?[0m?[2m=?[0mServer?[1m}?[0m?[2m:?[0m?[1mpoll?[0m?[2m:?[0m?[1mpop_frame?[0m?[2m:?[0m?[1mpopped?[0m?[1m{?[0m?[3mstream.id?[0m?[2m=?[0mStreamId(5) ?[3mstream.state?[0m?[2m=?[0mState { inner: Closed(EndStream) }?[1m}?[0m?[2m:?[0m ?[2mh2::proto::streams::counts?[0m?[2m:?[0m transition_after; stream=StreamId(5); state=State { inner: Closed(EndStream) }; is_closed=false; pending_send_empty=false; buffered_send_data=5; num_recv=1; num_send=0
15:05:15.963 [Thread-5] DEBUG i.pact.plugins.jvm.core.ChildProcess - Plugin protobuf [46038] || ?[2m2023-03-27T09:35:15.956460Z?[0m ?[35mTRACE?[0m tokio-runtime-worker ?[1mserver_handshake?[0m?[2m:?[0m?[1mConnection?[0m?[1m{?[0m?[3mpeer?[0m?[2m=?[0mServer?[1m}?[0m?[2m:?[0m?[1mpoll?[0m?[2m:?[0m ?[2mh2::proto::streams::prioritize?[0m?[2m:?[0m writing ?[3mframe?[0m?[2m=?[0mHeaders { stream_id: StreamId(5), flags: (0x4: END_HEADERS) }
15:05:15.963 [Thread-5] DEBUG i.pact.plugins.jvm.core.ChildProcess - Plugin protobuf [46038] || ?[2m2023-03-27T09:35:15.956494Z?[0m ?[34mDEBUG?[0m tokio-runtime-worker ?[1mserver_handshake?[0m?[2m:?[0m?[1mConnection?[0m?[1m{?[0m?[3mpeer?[0m?[2m=?[0mServer?[1m}?[0m?[2m:?[0m?[1mpoll?[0m?[2m:?[0m?[1mFramedWrite::buffer?[0m?[1m{?[0m?[3mframe?[0m?[2m=?[0mHeaders { stream_id: StreamId(5), flags: (0x4: END_HEADERS) }?[1m}?[0m?[2m:?[0m ?[2mh2::codec::framed_write?[0m?[2m:?[0m send ?[3mframe?[0m?[2m=?[0mHeaders { stream_id: StreamId(5), flags: (0x4: END_HEADERS) }
15:05:15.963 [Thread-5] DEBUG i.pact.plugins.jvm.core.ChildProcess - Plugin protobuf [46038] || ?[2m2023-03-27T09:35:15.956555Z?[0m ?[35mTRACE?[0m tokio-runtime-worker ?[1mserver_handshake?[0m?[2m:?[0m?[1mConnection?[0m?[1m{?[0m?[3mpeer?[0m?[2m=?[0mServer?[1m}?[0m?[2m:?[0m?[1mpoll?[0m?[2m:?[0m ?[2mh2::proto::streams::prioritize?[0m?[2m:?[0m schedule_pending_open
15:05:15.963 [Thread-5] DEBUG i.pact.plugins.jvm.core.ChildProcess - Plugin protobuf [46038] || ?[2m2023-03-27T09:35:15.956588Z?[0m ?[35mTRACE?[0m tokio-runtime-worker ?[1mserver_handshake?[0m?[2m:?[0m?[1mConnection?[0m?[1m{?[0m?[3mpeer?[0m?[2m=?[0mServer?[1m}?[0m?[2m:?[0m?[1mpoll?[0m?[2m:?[0m?[1mpop_frame?[0m?[2m:?[0m?[1mpopped?[0m?[1m{?[0m?[3mstream.id?[0m?[2m=?[0mStreamId(5) ?[3mstream.state?[0m?[2m=?[0mState { inner: Closed(EndStream) }?[1m}?[0m?[2m:?[0m ?[2mh2::proto::streams::prioritize?[0m?[2m:?[0m ?[3mis_pending_reset?[0m?[2m=?[0mfalse
15:05:15.963 [Thread-5] DEBUG i.pact.plugins.jvm.core.ChildProcess - Plugin protobuf [46038] || ?[2m2023-03-27T09:35:15.956605Z?[0m ?[35mTRACE?[0m tokio-runtime-worker ?[1mserver_handshake?[0m?[2m:?[0m?[1mConnection?[0m?[1m{?[0m?[3mpeer?[0m?[2m=?[0mServer?[1m}?[0m?[2m:?[0m?[1mpoll?[0m?[2m:?[0m?[1mpop_frame?[0m?[2m:?[0m?[1mpopped?[0m?[1m{?[0m?[3mstream.id?[0m?[2m=?[0mStreamId(5) ?[3mstream.state?[0m?[2m=?[0mState { inner: Closed(EndStream) }?[1m}?[0m?[2m:?[0m ?[2mh2::proto::streams::prioritize?[0m?[2m:?[0m data frame ?[3msz?[0m?[2m=?[0m5 ?[3meos?[0m?[2m=?[0mfalse ?[3mwindow?[0m?[2m=?[0m5 ?[3mavailable?[0m?[2m=?[0m5 ?[3mrequested?[0m?[2m=?[0m5 ?[3mbuffered?[0m?[2m=?[0m5
15:05:15.964 [Thread-5] DEBUG i.pact.plugins.jvm.core.ChildProcess - Plugin protobuf [46038] || ?[2m2023-03-27T09:35:15.956627Z?[0m ?[35mTRACE?[0m tokio-runtime-worker ?[1mserver_handshake?[0m?[2m:?[0m?[1mConnection?[0m?[1m{?[0m?[3mpeer?[0m?[2m=?[0mServer?[1m}?[0m?[2m:?[0m?[1mpoll?[0m?[2m:?[0m?[1mpop_frame?[0m?[2m:?[0m?[1mpopped?[0m?[1m{?[0m?[3mstream.id?[0m?[2m=?[0mStreamId(5) ?[3mstream.state?[0m?[2m=?[0mState { inner: Closed(EndStream) }?[1m}?[0m?[2m:?[0m ?[2mh2::proto::streams::prioritize?[0m?[2m:?[0m sending data frame ?[3mlen?[0m?[2m=?[0m5
15:05:15.964 [Thread-5] DEBUG i.pact.plugins.jvm.core.ChildProcess - Plugin protobuf [46038] || ?[2m2023-03-27T09:35:15.956651Z?[0m ?[35mTRACE?[0m tokio-runtime-worker ?[1mserver_handshake?[0m?[2m:?[0m?[1mConnection?[0m?[1m{?[0m?[3mpeer?[0m?[2m=?[0mServer?[1m}?[0m?[2m:?[0m?[1mpoll?[0m?[2m:?[0m?[1mpop_frame?[0m?[2m:?[0m?[1mpopped?[0m?[1m{?[0m?[3mstream.id?[0m?[2m=?[0mStreamId(5) ?[3mstream.state?[0m?[2m=?[0mState { inner: Closed(EndStream) }?[1m}?[0m?[2m:?[0m?[1mupdating stream flow?[0m?[2m:?[0m ?[2mh2::proto::streams::flow_control?[0m?[2m:?[0m send_data; sz=5; window=1048576; available=5
15:05:15.964 [Thread-5] DEBUG i.pact.plugins.jvm.core.ChildProcess - Plugin protobuf [46038] || ?[2m2023-03-27T09:35:15.956683Z?[0m ?[35mTRACE?[0m tokio-runtime-worker ?[1mserver_handshake?[0m?[2m:?[0m?[1mConnection?[0m?[1m{?[0m?[3mpeer?[0m?[2m=?[0mServer?[1m}?[0m?[2m:?[0m?[1mpoll?[0m?[2m:?[0m?[1mpop_frame?[0m?[2m:?[0m?[1mpopped?[0m?[1m{?[0m?[3mstream.id?[0m?[2m=?[0mStreamId(5) ?[3mstream.state?[0m?[2m=?[0mState { inner: Closed(EndStream) }?[1m}?[0m?[2m:?[0m?[1mupdating connection flow?[0m?[2m:?[0m ?[2mh2::proto::streams::flow_control?[0m?[2m:?[0m send_data; sz=5; window=1048423; available=1048423
15:05:15.964 [Thread-5] DEBUG i.pact.plugins.jvm.core.ChildProcess - Plugin protobuf [46038] || ?[2m2023-03-27T09:35:15.956710Z?[0m ?[35mTRACE?[0m tokio-runtime-worker ?[1mserver_handshake?[0m?[2m:?[0m?[1mConnection?[0m?[1m{?[0m?[3mpeer?[0m?[2m=?[0mServer?[1m}?[0m?[2m:?[0m?[1mpoll?[0m?[2m:?[0m?[1mpop_frame?[0m?[2m:?[0m?[1mpopped?[0m?[1m{?[0m?[3mstream.id?[0m?[2m=?[0mStreamId(5) ?[3mstream.state?[0m?[2m=?[0mState { inner: Closed(EndStream) }?[1m}?[0m?[2m:?[0m ?[2mh2::proto::streams::prioritize?[0m?[2m:?[0m pop_frame; frame=Data { stream_id: StreamId(5) }
15:05:15.964 [Thread-5] DEBUG i.pact.plugins.jvm.core.ChildProcess - Plugin protobuf [46038] || ?[2m2023-03-27T09:35:15.956729Z?[0m ?[35mTRACE?[0m tokio-runtime-worker ?[1mserver_handshake?[0m?[2m:?[0m?[1mConnection?[0m?[1m{?[0m?[3mpeer?[0m?[2m=?[0mServer?[1m}?[0m?[2m:?[0m?[1mpoll?[0m?[2m:?[0m?[1mpop_frame?[0m?[2m:?[0m?[1mpopped?[0m?[1m{?[0m?[3mstream.id?[0m?[2m=?[0mStreamId(5) ?[3mstream.state?[0m?[2m=?[0mState { inner: Closed(EndStream) }?[1m}?[0m?[2m:?[0m ?[2mh2::proto::streams::store?[0m?[2m:?[0m Queue::push
15:05:15.964 [Thread-5] DEBUG i.pact.plugins.jvm.core.ChildProcess - Plugin protobuf [46038] || ?[2m2023-03-27T09:35:15.956771Z?[0m ?[35mTRACE?[0m tokio-runtime-worker ?[1mserver_handshake?[0m?[2m:?[0m?[1mConnection?[0m?[1m{?[0m?[3mpeer?[0m?[2m=?[0mServer?[1m}?[0m?[2m:?[0m?[1mpoll?[0m?[2m:?[0m?[1mpop_frame?[0m?[2m:?[0m?[1mpopped?[0m?[1m{?[0m?[3mstream.id?[0m?[2m=?[0mStreamId(5) ?[3mstream.state?[0m?[2m=?[0mState { inner: Closed(EndStream) }?[1m}?[0m?[2m:?[0m ?[2mh2::proto::streams::store?[0m?[2m:?[0m  -> first entry
15:05:15.964 [Thread-5] DEBUG i.pact.plugins.jvm.core.ChildProcess - Plugin protobuf [46038] || ?[2m2023-03-27T09:35:15.956799Z?[0m ?[35mTRACE?[0m tokio-runtime-worker ?[1mserver_handshake?[0m?[2m:?[0m?[1mConnection?[0m?[1m{?[0m?[3mpeer?[0m?[2m=?[0mServer?[1m}?[0m?[2m:?[0m?[1mpoll?[0m?[2m:?[0m?[1mpop_frame?[0m?[2m:?[0m?[1mpopped?[0m?[1m{?[0m?[3mstream.id?[0m?[2m=?[0mStreamId(5) ?[3mstream.state?[0m?[2m=?[0mState { inner: Closed(EndStream) }?[1m}?[0m?[2m:?[0m ?[2mh2::proto::streams::counts?[0m?[2m:?[0m transition_after; stream=StreamId(5); state=State { inner: Closed(EndStream) }; is_closed=false; pending_send_empty=false; buffered_send_data=0; num_recv=1; num_send=0
15:05:15.964 [Thread-5] DEBUG i.pact.plugins.jvm.core.ChildProcess - Plugin protobuf [46038] || ?[2m2023-03-27T09:35:15.956880Z?[0m ?[35mTRACE?[0m tokio-runtime-worker ?[1mserver_handshake?[0m?[2m:?[0m?[1mConnection?[0m?[1m{?[0m?[3mpeer?[0m?[2m=?[0mServer?[1m}?[0m?[2m:?[0m?[1mpoll?[0m?[2m:?[0m ?[2mh2::proto::streams::prioritize?[0m?[2m:?[0m writing ?[3mframe?[0m?[2m=?[0mData { stream_id: StreamId(5) }
15:05:15.964 [Thread-5] DEBUG i.pact.plugins.jvm.core.ChildProcess - Plugin protobuf [46038] || ?[2m2023-03-27T09:35:15.956919Z?[0m ?[34mDEBUG?[0m tokio-runtime-worker ?[1mserver_handshake?[0m?[2m:?[0m?[1mConnection?[0m?[1m{?[0m?[3mpeer?[0m?[2m=?[0mServer?[1m}?[0m?[2m:?[0m?[1mpoll?[0m?[2m:?[0m?[1mFramedWrite::buffer?[0m?[1m{?[0m?[3mframe?[0m?[2m=?[0mData { stream_id: StreamId(5) }?[1m}?[0m?[2m:?[0m ?[2mh2::codec::framed_write?[0m?[2m:?[0m send ?[3mframe?[0m?[2m=?[0mData { stream_id: StreamId(5) }
15:05:15.964 [Thread-5] DEBUG i.pact.plugins.jvm.core.ChildProcess - Plugin protobuf [46038] || ?[2m2023-03-27T09:35:15.956953Z?[0m ?[35mTRACE?[0m tokio-runtime-worker ?[1mserver_handshake?[0m?[2m:?[0m?[1mConnection?[0m?[1m{?[0m?[3mpeer?[0m?[2m=?[0mServer?[1m}?[0m?[2m:?[0m?[1mpoll?[0m?[2m:?[0m?[1mtry_reclaim_frame?[0m?[2m:?[0m ?[2mh2::proto::streams::prioritize?[0m?[2m:?[0m reclaimed ?[3mframe?[0m?[2m=?[0mData { stream_id: StreamId(5) } ?[3msz?[0m?[2m=?[0m0
15:05:15.964 [Thread-5] DEBUG i.pact.plugins.jvm.core.ChildProcess - Plugin protobuf [46038] || ?[2m2023-03-27T09:35:15.957023Z?[0m ?[35mTRACE?[0m tokio-runtime-worker ?[1mserver_handshake?[0m?[2m:?[0m?[1mConnection?[0m?[1m{?[0m?[3mpeer?[0m?[2m=?[0mServer?[1m}?[0m?[2m:?[0m?[1mpoll?[0m?[2m:?[0m ?[2mh2::proto::streams::prioritize?[0m?[2m:?[0m schedule_pending_open
15:05:15.964 [Thread-5] DEBUG i.pact.plugins.jvm.core.ChildProcess - Plugin protobuf [46038] || ?[2m2023-03-27T09:35:15.957062Z?[0m ?[35mTRACE?[0m tokio-runtime-worker ?[1mserver_handshake?[0m?[2m:?[0m?[1mConnection?[0m?[1m{?[0m?[3mpeer?[0m?[2m=?[0mServer?[1m}?[0m?[2m:?[0m?[1mpoll?[0m?[2m:?[0m?[1mpop_frame?[0m?[2m:?[0m?[1mpopped?[0m?[1m{?[0m?[3mstream.id?[0m?[2m=?[0mStreamId(5) ?[3mstream.state?[0m?[2m=?[0mState { inner: Closed(EndStream) }?[1m}?[0m?[2m:?[0m ?[2mh2::proto::streams::prioritize?[0m?[2m:?[0m ?[3mis_pending_reset?[0m?[2m=?[0mfalse
15:05:15.965 [Thread-5] DEBUG i.pact.plugins.jvm.core.ChildProcess - Plugin protobuf [46038] || ?[2m2023-03-27T09:35:15.957081Z?[0m ?[35mTRACE?[0m tokio-runtime-worker ?[1mserver_handshake?[0m?[2m:?[0m?[1mConnection?[0m?[1m{?[0m?[3mpeer?[0m?[2m=?[0mServer?[1m}?[0m?[2m:?[0m?[1mpoll?[0m?[2m:?[0m?[1mpop_frame?[0m?[2m:?[0m?[1mpopped?[0m?[1m{?[0m?[3mstream.id?[0m?[2m=?[0mStreamId(5) ?[3mstream.state?[0m?[2m=?[0mState { inner: Closed(EndStream) }?[1m}?[0m?[2m:?[0m ?[2mh2::proto::streams::prioritize?[0m?[2m:?[0m pop_frame; frame=Headers { stream_id: StreamId(5), flags: (0x5: END_HEADERS | END_STREAM) }
15:05:15.965 [Thread-5] DEBUG i.pact.plugins.jvm.core.ChildProcess - Plugin protobuf [46038] || ?[2m2023-03-27T09:35:15.957107Z?[0m ?[35mTRACE?[0m tokio-runtime-worker ?[1mserver_handshake?[0m?[2m:?[0m?[1mConnection?[0m?[1m{?[0m?[3mpeer?[0m?[2m=?[0mServer?[1m}?[0m?[2m:?[0m?[1mpoll?[0m?[2m:?[0m?[1mpop_frame?[0m?[2m:?[0m?[1mpopped?[0m?[1m{?[0m?[3mstream.id?[0m?[2m=?[0mStreamId(5) ?[3mstream.state?[0m?[2m=?[0mState { inner: Closed(EndStream) }?[1m}?[0m?[2m:?[0m ?[2mh2::proto::streams::counts?[0m?[2m:?[0m transition_after; stream=StreamId(5); state=State { inner: Closed(EndStream) }; is_closed=true; pending_send_empty=true; buffered_send_data=0; num_recv=1; num_send=0
15:05:15.965 [Thread-5] DEBUG i.pact.plugins.jvm.core.ChildProcess - Plugin protobuf [46038] || ?[2m2023-03-27T09:35:15.957136Z?[0m ?[35mTRACE?[0m tokio-runtime-worker ?[1mserver_handshake?[0m?[2m:?[0m?[1mConnection?[0m?[1m{?[0m?[3mpeer?[0m?[2m=?[0mServer?[1m}?[0m?[2m:?[0m?[1mpoll?[0m?[2m:?[0m?[1mpop_frame?[0m?[2m:?[0m?[1mpopped?[0m?[1m{?[0m?[3mstream.id?[0m?[2m=?[0mStreamId(5) ?[3mstream.state?[0m?[2m=?[0mState { inner: Closed(EndStream) }?[1m}?[0m?[2m:?[0m ?[2mh2::proto::streams::counts?[0m?[2m:?[0m dec_num_streams; stream=StreamId(5)
15:05:15.965 [Thread-5] DEBUG i.pact.plugins.jvm.core.ChildProcess - Plugin protobuf [46038] || ?[2m2023-03-27T09:35:15.957171Z?[0m ?[35mTRACE?[0m tokio-runtime-worker ?[1mserver_handshake?[0m?[2m:?[0m?[1mConnection?[0m?[1m{?[0m?[3mpeer?[0m?[2m=?[0mServer?[1m}?[0m?[2m:?[0m?[1mpoll?[0m?[2m:?[0m ?[2mh2::proto::streams::prioritize?[0m?[2m:?[0m writing ?[3mframe?[0m?[2m=?[0mHeaders { stream_id: StreamId(5), flags: (0x5: END_HEADERS | END_STREAM) }
15:05:15.965 [Thread-5] DEBUG i.pact.plugins.jvm.core.ChildProcess - Plugin protobuf [46038] || ?[2m2023-03-27T09:35:15.957202Z?[0m ?[34mDEBUG?[0m tokio-runtime-worker ?[1mserver_handshake?[0m?[2m:?[0m?[1mConnection?[0m?[1m{?[0m?[3mpeer?[0m?[2m=?[0mServer?[1m}?[0m?[2m:?[0m?[1mpoll?[0m?[2m:?[0m?[1mFramedWrite::buffer?[0m?[1m{?[0m?[3mframe?[0m?[2m=?[0mHeaders { stream_id: StreamId(5), flags: (0x5: END_HEADERS | END_STREAM) }?[1m}?[0m?[2m:?[0m ?[2mh2::codec::framed_write?[0m?[2m:?[0m send ?[3mframe?[0m?[2m=?[0mHeaders { stream_id: StreamId(5), flags: (0x5: END_HEADERS | END_STREAM) }
15:05:15.965 [Thread-5] DEBUG i.pact.plugins.jvm.core.ChildProcess - Plugin protobuf [46038] || ?[2m2023-03-27T09:35:15.957256Z?[0m ?[35mTRACE?[0m tokio-runtime-worker ?[1mserver_handshake?[0m?[2m:?[0m?[1mConnection?[0m?[1m{?[0m?[3mpeer?[0m?[2m=?[0mServer?[1m}?[0m?[2m:?[0m?[1mpoll?[0m?[2m:?[0m ?[2mh2::proto::streams::prioritize?[0m?[2m:?[0m schedule_pending_open
15:05:15.965 [Thread-5] DEBUG i.pact.plugins.jvm.core.ChildProcess - Plugin protobuf [46038] || ?[2m2023-03-27T09:35:15.957280Z?[0m ?[35mTRACE?[0m tokio-runtime-worker ?[1mserver_handshake?[0m?[2m:?[0m?[1mConnection?[0m?[1m{?[0m?[3mpeer?[0m?[2m=?[0mServer?[1m}?[0m?[2m:?[0m?[1mpoll?[0m?[2m:?[0m?[1mFramedWrite::flush?[0m?[2m:?[0m ?[2mh2::codec::framed_write?[0m?[2m:?[0m ?[3mqueued_data_frame?[0m?[2m=?[0mfalse
15:05:15.965 [Thread-5] DEBUG i.pact.plugins.jvm.core.ChildProcess - Plugin protobuf [46038] || ?[2m2023-03-27T09:35:15.957312Z?[0m ?[35mTRACE?[0m tokio-runtime-worker ?[1mserver_handshake?[0m?[2m:?[0m?[1mConnection?[0m?[1m{?[0m?[3mpeer?[0m?[2m=?[0mServer?[1m}?[0m?[2m:?[0m?[1mpoll?[0m?[2m:?[0m?[1mFramedWrite::flush?[0m?[2m:?[0m ?[2mh2::codec::framed_write?[0m?[2m:?[0m flushing buffer
15:05:15.965 [Thread-5] DEBUG i.pact.plugins.jvm.core.ChildProcess - Plugin protobuf [46038] || ?[2m2023-03-27T09:35:15.959320Z?[0m ?[35mTRACE?[0m tokio-runtime-worker ?[1mserver_handshake?[0m?[2m:?[0m?[1mConnection?[0m?[1m{?[0m?[3mpeer?[0m?[2m=?[0mServer?[1m}?[0m?[2m:?[0m?[1mpoll?[0m?[2m:?[0m ?[2mh2::proto::connection?[0m?[2m:?[0m ?[3mconnection.state?[0m?[2m=?[0mOpen
15:05:15.965 [Thread-5] DEBUG i.pact.plugins.jvm.core.ChildProcess - Plugin protobuf [46038] || ?[2m2023-03-27T09:35:15.959374Z?[0m ?[35mTRACE?[0m tokio-runtime-worker ?[1mserver_handshake?[0m?[2m:?[0m?[1mConnection?[0m?[1m{?[0m?[3mpeer?[0m?[2m=?[0mServer?[1m}?[0m?[2m:?[0m?[1mpoll?[0m?[2m:?[0m?[1mFramedRead::poll_next?[0m?[2m:?[0m ?[2mh2::codec::framed_read?[0m?[2m:?[0m poll
15:05:15.965 [Thread-5] DEBUG i.pact.plugins.jvm.core.ChildProcess - Plugin protobuf [46038] || ?[2m2023-03-27T09:35:15.959399Z?[0m ?[35mTRACE?[0m tokio-runtime-worker ?[1mserver_handshake?[0m?[2m:?[0m?[1mConnection?[0m?[1m{?[0m?[3mpeer?[0m?[2m=?[0mServer?[1m}?[0m?[2m:?[0m?[1mpoll?[0m?[2m:?[0m?[1mFramedRead::poll_next?[0m?[2m:?[0m ?[2mtokio_util::codec::framed_impl?[0m?[2m:?[0m attempting to decode a frame
15:05:15.965 [Thread-5] DEBUG i.pact.plugins.jvm.core.ChildProcess - Plugin protobuf [46038] || ?[2m2023-03-27T09:35:15.959414Z?[0m ?[35mTRACE?[0m tokio-runtime-worker ?[1mserver_handshake?[0m?[2m:?[0m?[1mConnection?[0m?[1m{?[0m?[3mpeer?[0m?[2m=?[0mServer?[1m}?[0m?[2m:?[0m?[1mpoll?[0m?[2m:?[0m?[1mFramedRead::poll_next?[0m?[2m:?[0m ?[2mtokio_util::codec::framed_impl?[0m?[2m:?[0m frame decoded from buffer
15:05:15.965 [Thread-5] DEBUG i.pact.plugins.jvm.core.ChildProcess - Plugin protobuf [46038] || ?[2m2023-03-27T09:35:15.959427Z?[0m ?[35mTRACE?[0m tokio-runtime-worker ?[1mserver_handshake?[0m?[2m:?[0m?[1mConnection?[0m?[1m{?[0m?[3mpeer?[0m?[2m=?[0mServer?[1m}?[0m?[2m:?[0m?[1mpoll?[0m?[2m:?[0m?[1mFramedRead::poll_next?[0m?[2m:?[0m ?[2mh2::codec::framed_read?[0m?[2m:?[0m ?[3mread.bytes?[0m?[2m=?[0m17
15:05:15.965 [Thread-5] DEBUG i.pact.plugins.jvm.core.ChildProcess - Plugin protobuf [46038] || ?[2m2023-03-27T09:35:15.959491Z?[0m ?[35mTRACE?[0m tokio-runtime-worker ?[1mserver_handshake?[0m?[2m:?[0m?[1mConnection?[0m?[1m{?[0m?[3mpeer?[0m?[2m=?[0mServer?[1m}?[0m?[2m:?[0m?[1mpoll?[0m?[2m:?[0m?[1mFramedRead::poll_next?[0m?[2m:?[0m?[1mFramedRead::decode_frame?[0m?[1m{?[0m?[3moffset?[0m?[2m=?[0m17?[1m}?[0m?[2m:?[0m ?[2mh2::codec::framed_read?[0m?[2m:?[0m decoding frame from 17B
15:05:15.965 [Thread-5] DEBUG i.pact.plugins.jvm.core.ChildProcess - Plugin protobuf [46038] || ?[2m2023-03-27T09:35:15.959515Z?[0m ?[35mTRACE?[0m tokio-runtime-worker ?[1mserver_handshake?[0m?[2m:?[0m?[1mConnection?[0m?[1m{?[0m?[3mpeer?[0m?[2m=?[0mServer?[1m}?[0m?[2m:?[0m?[1mpoll?[0m?[2m:?[0m?[1mFramedRead::poll_next?[0m?[2m:?[0m?[1mFramedRead::decode_frame?[0m?[1m{?[0m?[3moffset?[0m?[2m=?[0m17?[1m}?[0m?[2m:?[0m ?[2mh2::codec::framed_read?[0m?[2m:?[0m ?[3mframe.kind?[0m?[2m=?[0mPing
15:05:15.965 [Thread-5] DEBUG i.pact.plugins.jvm.core.ChildProcess - Plugin protobuf [46038] || ?[2m2023-03-27T09:35:15.959562Z?[0m ?[34mDEBUG?[0m tokio-runtime-worker ?[1mserver_handshake?[0m?[2m:?[0m?[1mConnection?[0m?[1m{?[0m?[3mpeer?[0m?[2m=?[0mServer?[1m}?[0m?[2m:?[0m?[1mpoll?[0m?[2m:?[0m?[1mFramedRead::poll_next?[0m?[2m:?[0m ?[2mh2::codec::framed_read?[0m?[2m:?[0m received ?[3mframe?[0m?[2m=?[0mPing { ack: false, payload: [0, 0, 0, 0, 0, 0, 4, 210] }
15:05:15.965 [Thread-5] DEBUG i.pact.plugins.jvm.core.ChildProcess - Plugin protobuf [46038] || ?[2m2023-03-27T09:35:15.959631Z?[0m ?[35mTRACE?[0m tokio-runtime-worker ?[1mserver_handshake?[0m?[2m:?[0m?[1mConnection?[0m?[1m{?[0m?[3mpeer?[0m?[2m=?[0mServer?[1m}?[0m?[2m:?[0m?[1mpoll?[0m?[2m:?[0m ?[2mh2::proto::connection?[0m?[2m:?[0m recv PING ?[3mframe?[0m?[2m=?[0mPing { ack: false, payload: [0, 0, 0, 0, 0, 0, 4, 210] }
15:05:15.965 [Thread-5] DEBUG i.pact.plugins.jvm.core.ChildProcess - Plugin protobuf [46038] || ?[2m2023-03-27T09:35:15.959673Z?[0m ?[34mDEBUG?[0m tokio-runtime-worker ?[1mserver_handshake?[0m?[2m:?[0m?[1mConnection?[0m?[1m{?[0m?[3mpeer?[0m?[2m=?[0mServer?[1m}?[0m?[2m:?[0m?[1mpoll?[0m?[2m:?[0m?[1mpoll_ready?[0m?[2m:?[0m?[1mFramedWrite::buffer?[0m?[1m{?[0m?[3mframe?[0m?[2m=?[0mPing { ack: true, payload: [0, 0, 0, 0, 0, 0, 4, 210] }?[1m}?[0m?[2m:?[0m ?[2mh2::codec::framed_write?[0m?[2m:?[0m send ?[3mframe?[0m?[2m=?[0mPing { ack: true, payload: [0, 0, 0, 0, 0, 0, 4, 210] }
15:05:15.965 [Thread-5] DEBUG i.pact.plugins.jvm.core.ChildProcess - Plugin protobuf [46038] || ?[2m2023-03-27T09:35:15.959717Z?[0m ?[35mTRACE?[0m tokio-runtime-worker ?[1mserver_handshake?[0m?[2m:?[0m?[1mConnection?[0m?[1m{?[0m?[3mpeer?[0m?[2m=?[0mServer?[1m}?[0m?[2m:?[0m?[1mpoll?[0m?[2m:?[0m?[1mpoll_ready?[0m?[2m:?[0m?[1mFramedWrite::buffer?[0m?[1m{?[0m?[3mframe?[0m?[2m=?[0mPing { ack: true, payload: [0, 0, 0, 0, 0, 0, 4, 210] }?[1m}?[0m?[2m:?[0m ?[2mh2::frame::ping?[0m?[2m:?[0m encoding PING; ack=true len=8
15:05:15.966 [Thread-5] DEBUG i.pact.plugins.jvm.core.ChildProcess - Plugin protobuf [46038] || ?[2m2023-03-27T09:35:15.959796Z?[0m ?[35mTRACE?[0m tokio-runtime-worker ?[1mserver_handshake?[0m?[2m:?[0m?[1mConnection?[0m?[1m{?[0m?[3mpeer?[0m?[2m=?[0mServer?[1m}?[0m?[2m:?[0m?[1mpoll?[0m?[2m:?[0m?[1mpoll_ready?[0m?[2m:?[0m?[1mFramedWrite::buffer?[0m?[1m{?[0m?[3mframe?[0m?[2m=?[0mPing { ack: true, payload: [0, 0, 0, 0, 0, 0, 4, 210] }?[1m}?[0m?[2m:?[0m ?[2mh2::codec::framed_write?[0m?[2m:?[0m encoded ping ?[3mrem?[0m?[2m=?[0m17
15:05:15.966 [Thread-5] DEBUG i.pact.plugins.jvm.core.ChildProcess - Plugin protobuf [46038] || ?[2m2023-03-27T09:35:15.959869Z?[0m ?[35mTRACE?[0m tokio-runtime-worker ?[1mserver_handshake?[0m?[2m:?[0m?[1mConnection?[0m?[1m{?[0m?[3mpeer?[0m?[2m=?[0mServer?[1m}?[0m?[2m:?[0m?[1mpoll?[0m?[2m:?[0m?[1mFramedRead::poll_next?[0m?[2m:?[0m ?[2mh2::codec::framed_read?[0m?[2m:?[0m poll
15:05:15.966 [Thread-5] DEBUG i.pact.plugins.jvm.core.ChildProcess - Plugin protobuf [46038] || ?[2m2023-03-27T09:35:15.959891Z?[0m ?[35mTRACE?[0m tokio-runtime-worker ?[1mserver_handshake?[0m?[2m:?[0m?[1mConnection?[0m?[1m{?[0m?[3mpeer?[0m?[2m=?[0mServer?[1m}?[0m?[2m:?[0m?[1mpoll?[0m?[2m:?[0m?[1mFramedRead::poll_next?[0m?[2m:?[0m ?[2mtokio_util::codec::framed_impl?[0m?[2m:?[0m attempting to decode a frame
15:05:15.966 [Thread-5] DEBUG i.pact.plugins.jvm.core.ChildProcess - Plugin protobuf [46038] || ?[2m2023-03-27T09:35:15.959937Z?[0m ?[35mTRACE?[0m tokio-runtime-worker ?[1mserver_handshake?[0m?[2m:?[0m?[1mConnection?[0m?[1m{?[0m?[3mpeer?[0m?[2m=?[0mServer?[1m}?[0m?[2m:?[0m?[1mpoll?[0m?[2m:?[0m ?[2mh2::proto::streams::prioritize?[0m?[2m:?[0m poll_complete
15:05:15.966 [Thread-5] DEBUG i.pact.plugins.jvm.core.ChildProcess - Plugin protobuf [46038] || ?[2m2023-03-27T09:35:15.959953Z?[0m ?[35mTRACE?[0m tokio-runtime-worker ?[1mserver_handshake?[0m?[2m:?[0m?[1mConnection?[0m?[1m{?[0m?[3mpeer?[0m?[2m=?[0mServer?[1m}?[0m?[2m:?[0m?[1mpoll?[0m?[2m:?[0m ?[2mh2::proto::streams::prioritize?[0m?[2m:?[0m schedule_pending_open
15:05:15.966 [Thread-5] DEBUG i.pact.plugins.jvm.core.ChildProcess - Plugin protobuf [46038] || ?[2m2023-03-27T09:35:15.959986Z?[0m ?[35mTRACE?[0m tokio-runtime-worker ?[1mserver_handshake?[0m?[2m:?[0m?[1mConnection?[0m?[1m{?[0m?[3mpeer?[0m?[2m=?[0mServer?[1m}?[0m?[2m:?[0m?[1mpoll?[0m?[2m:?[0m?[1mFramedWrite::flush?[0m?[2m:?[0m ?[2mh2::codec::framed_write?[0m?[2m:?[0m ?[3mqueued_data_frame?[0m?[2m=?[0mfalse
15:05:15.966 [Thread-5] DEBUG i.pact.plugins.jvm.core.ChildProcess - Plugin protobuf [46038] || ?[2m2023-03-27T09:35:15.960020Z?[0m ?[35mTRACE?[0m tokio-runtime-worker ?[1mserver_handshake?[0m?[2m:?[0m?[1mConnection?[0m?[1m{?[0m?[3mpeer?[0m?[2m=?[0mServer?[1m}?[0m?[2m:?[0m?[1mpoll?[0m?[2m:?[0m?[1mFramedWrite::flush?[0m?[2m:?[0m ?[2mh2::codec::framed_write?[0m?[2m:?[0m flushing buffer
15:05:15.970 [Test worker] DEBUG a.c.d.pact.consumer.dsl.PactBuilder - Found a matcher for 'application/grpc': CatalogueContentMatcher(catalogueEntry=CatalogueEntry(type=content-matcher, providerType=PLUGIN, pluginName=protobuf, key=protobuf, values={content-types=application/protobuf;application/grpc}))
15:05:15.971 [Test worker] DEBUG a.c.d.pact.consumer.dsl.PactBuilder - Plugin matcher, will get the plugin to provide the interaction contents
15:05:15.971 [Test worker] DEBUG i.p.p.j.core.CatalogueContentMatcher - Sending configureContentMatcherInteraction request to for plugin CatalogueEntry(type=content-matcher, providerType=PLUGIN, pluginName=protobuf, key=protobuf, values={content-types=application/protobuf;application/grpc})
15:05:15.990 [Test worker] DEBUG i.p.p.jvm.core.DefaultPluginManager - Sending configureInteraction request to plugin DefaultPactPluginManifest(pluginDir=/Users/karthik/.pact/plugins/protobuf-0.1.5, pluginInterfaceVersion=1, name=protobuf, version=0.1.5, executableType=exec, minimumRequiredVersion=null, entryPoint=pact-protobuf-plugin, entryPoints={}, args=[], dependencies=[])
15:05:15.992 [grpc-nio-worker-ELG-1-2] DEBUG io.grpc.netty.NettyClientHandler - [id: 0x3c962551, L:/0:0:0:0:0:0:0:1:53790 - R:/0:0:0:0:0:0:0:1:53788] OUTBOUND HEADERS: streamId=7 headers=GrpcHttp2OutboundHeaders[:authority: [::1]:53788, :path: /io.pact.plugin.PactPlugin/ConfigureInteraction, :method: POST, :scheme: http, content-type: application/grpc, te: trailers, user-agent: grpc-java-netty/1.49.0, grpc-accept-encoding: gzip, authorization: bdd563c9-e9e9-44a7-bce6-cc7f37c23df2] streamDependency=0 weight=16 exclusive=false padding=0 endStream=false
15:05:15.993 [grpc-nio-worker-ELG-1-2] DEBUG io.grpc.netty.NettyClientHandler - [id: 0x3c962551, L:/0:0:0:0:0:0:0:1:53790 - R:/0:0:0:0:0:0:0:1:53788] OUTBOUND DATA: streamId=7 padding=0 endStream=true length=343 bytes=00000001520a106170706c69636174696f6e2f6772706312bd020a2f0a12706163743a70726f746f2d7365727669636512191a1743616c63756c61746f722f63...
15:05:15.994 [Thread-5] DEBUG i.pact.plugins.jvm.core.ChildProcess - Plugin protobuf [46038] || ?[2m2023-03-27T09:35:15.993681Z?[0m ?[35mTRACE?[0m tokio-runtime-worker ?[1mserver_handshake?[0m?[2m:?[0m?[1mConnection?[0m?[1m{?[0m?[3mpeer?[0m?[2m=?[0mServer?[1m}?[0m?[2m:?[0m?[1mpoll?[0m?[2m:?[0m ?[2mh2::proto::connection?[0m?[2m:?[0m ?[3mconnection.state?[0m?[2m=?[0mOpen
15:05:15.994 [Thread-5] DEBUG i.pact.plugins.jvm.core.ChildProcess - Plugin protobuf [46038] || ?[2m2023-03-27T09:35:15.993735Z?[0m ?[35mTRACE?[0m tokio-runtime-worker ?[1mserver_handshake?[0m?[2m:?[0m?[1mConnection?[0m?[1m{?[0m?[3mpeer?[0m?[2m=?[0mServer?[1m}?[0m?[2m:?[0m?[1mpoll?[0m?[2m:?[0m?[1mFramedRead::poll_next?[0m?[2m:?[0m ?[2mh2::codec::framed_read?[0m?[2m:?[0m poll
15:05:15.994 [Thread-5] DEBUG i.pact.plugins.jvm.core.ChildProcess - Plugin protobuf [46038] || ?[2m2023-03-27T09:35:15.993793Z?[0m ?[35mTRACE?[0m tokio-runtime-worker ?[1mserver_handshake?[0m?[2m:?[0m?[1mConnection?[0m?[1m{?[0m?[3mpeer?[0m?[2m=?[0mServer?[1m}?[0m?[2m:?[0m?[1mpoll?[0m?[2m:?[0m?[1mFramedRead::poll_next?[0m?[2m:?[0m ?[2mtokio_util::codec::framed_impl?[0m?[2m:?[0m attempting to decode a frame
15:05:15.994 [Thread-5] DEBUG i.pact.plugins.jvm.core.ChildProcess - Plugin protobuf [46038] || ?[2m2023-03-27T09:35:15.993807Z?[0m ?[35mTRACE?[0m tokio-runtime-worker ?[1mserver_handshake?[0m?[2m:?[0m?[1mConnection?[0m?[1m{?[0m?[3mpeer?[0m?[2m=?[0mServer?[1m}?[0m?[2m:?[0m?[1mpoll?[0m?[2m:?[0m?[1mFramedRead::poll_next?[0m?[2m:?[0m ?[2mtokio_util::codec::framed_impl?[0m?[2m:?[0m frame decoded from buffer
15:05:15.994 [Thread-5] DEBUG i.pact.plugins.jvm.core.ChildProcess - Plugin protobuf [46038] || ?[2m2023-03-27T09:35:15.993818Z?[0m ?[35mTRACE?[0m tokio-runtime-worker ?[1mserver_handshake?[0m?[2m:?[0m?[1mConnection?[0m?[1m{?[0m?[3mpeer?[0m?[2m=?[0mServer?[1m}?[0m?[2m:?[0m?[1mpoll?[0m?[2m:?[0m?[1mFramedRead::poll_next?[0m?[2m:?[0m ?[2mh2::codec::framed_read?[0m?[2m:?[0m ?[3mread.bytes?[0m?[2m=?[0m71
15:05:15.994 [Thread-5] DEBUG i.pact.plugins.jvm.core.ChildProcess - Plugin protobuf [46038] || ?[2m2023-03-27T09:35:15.993837Z?[0m ?[35mTRACE?[0m tokio-runtime-worker ?[1mserver_handshake?[0m?[2m:?[0m?[1mConnection?[0m?[1m{?[0m?[3mpeer?[0m?[2m=?[0mServer?[1m}?[0m?[2m:?[0m?[1mpoll?[0m?[2m:?[0m?[1mFramedRead::poll_next?[0m?[2m:?[0m?[1mFramedRead::decode_frame?[0m?[1m{?[0m?[3moffset?[0m?[2m=?[0m71?[1m}?[0m?[2m:?[0m ?[2mh2::codec::framed_read?[0m?[2m:?[0m decoding frame from 71B
15:05:15.994 [Thread-5] DEBUG i.pact.plugins.jvm.core.ChildProcess - Plugin protobuf [46038] || ?[2m2023-03-27T09:35:15.993850Z?[0m ?[35mTRACE?[0m tokio-runtime-worker ?[1mserver_handshake?[0m?[2m:?[0m?[1mConnection?[0m?[1m{?[0m?[3mpeer?[0m?[2m=?[0mServer?[1m}?[0m?[2m:?[0m?[1mpoll?[0m?[2m:?[0m?[1mFramedRead::poll_next?[0m?[2m:?[0m?[1mFramedRead::decode_frame?[0m?[1m{?[0m?[3moffset?[0m?[2m=?[0m71?[1m}?[0m?[2m:?[0m ?[2mh2::codec::framed_read?[0m?[2m:?[0m ?[3mframe.kind?[0m?[2m=?[0mHeaders
15:05:15.994 [Thread-5] DEBUG i.pact.plugins.jvm.core.ChildProcess - Plugin protobuf [46038] || ?[2m2023-03-27T09:35:15.993864Z?[0m ?[35mTRACE?[0m tokio-runtime-worker ?[1mserver_handshake?[0m?[2m:?[0m?[1mConnection?[0m?[1m{?[0m?[3mpeer?[0m?[2m=?[0mServer?[1m}?[0m?[2m:?[0m?[1mpoll?[0m?[2m:?[0m?[1mFramedRead::poll_next?[0m?[2m:?[0m?[1mFramedRead::decode_frame?[0m?[1m{?[0m?[3moffset?[0m?[2m=?[0m71?[1m}?[0m?[2m:?[0m ?[2mh2::frame::headers?[0m?[2m:?[0m loading headers; flags=(0x24: END_HEADERS | PRIORITY)
15:05:15.995 [Thread-5] DEBUG i.pact.plugins.jvm.core.ChildProcess - Plugin protobuf [46038] || ?[2m2023-03-27T09:35:15.993885Z?[0m ?[35mTRACE?[0m tokio-runtime-worker ?[1mserver_handshake?[0m?[2m:?[0m?[1mConnection?[0m?[1m{?[0m?[3mpeer?[0m?[2m=?[0mServer?[1m}?[0m?[2m:?[0m?[1mpoll?[0m?[2m:?[0m?[1mFramedRead::poll_next?[0m?[2m:?[0m?[1mFramedRead::decode_frame?[0m?[1m{?[0m?[3moffset?[0m?[2m=?[0m71?[1m}?[0m?[2m:?[0m?[1mhpack::decode?[0m?[2m:?[0m ?[2mh2::hpack::decoder?[0m?[2m:?[0m decode
15:05:15.995 [Thread-5] DEBUG i.pact.plugins.jvm.core.ChildProcess - Plugin protobuf [46038] || ?[2m2023-03-27T09:35:15.993899Z?[0m ?[35mTRACE?[0m tokio-runtime-worker ?[1mserver_handshake?[0m?[2m:?[0m?[1mConnection?[0m?[1m{?[0m?[3mpeer?[0m?[2m=?[0mServer?[1m}?[0m?[2m:?[0m?[1mpoll?[0m?[2m:?[0m?[1mFramedRead::poll_next?[0m?[2m:?[0m?[1mFramedRead::decode_frame?[0m?[1m{?[0m?[3moffset?[0m?[2m=?[0m71?[1m}?[0m?[2m:?[0m?[1mhpack::decode?[0m?[2m:?[0m ?[2mh2::hpack::decoder?[0m?[2m:?[0m ?[3mrem?[0m?[2m=?[0m57 ?[3mkind?[0m?[2m=?[0mIndexed
15:05:15.995 [Thread-5] DEBUG i.pact.plugins.jvm.core.ChildProcess - Plugin protobuf [46038] || ?[2m2023-03-27T09:35:15.993916Z?[0m ?[35mTRACE?[0m tokio-runtime-worker ?[1mserver_handshake?[0m?[2m:?[0m?[1mConnection?[0m?[1m{?[0m?[3mpeer?[0m?[2m=?[0mServer?[1m}?[0m?[2m:?[0m?[1mpoll?[0m?[2m:?[0m?[1mFramedRead::poll_next?[0m?[2m:?[0m?[1mFramedRead::decode_frame?[0m?[1m{?[0m?[3moffset?[0m?[2m=?[0m71?[1m}?[0m?[2m:?[0m?[1mhpack::decode?[0m?[2m:?[0m ?[2mh2::hpack::decoder?[0m?[2m:?[0m ?[3mrem?[0m?[2m=?[0m56 ?[3mkind?[0m?[2m=?[0mLiteralWithIndexing
15:05:15.995 [Thread-5] DEBUG i.pact.plugins.jvm.core.ChildProcess - Plugin protobuf [46038] || ?[2m2023-03-27T09:35:15.993933Z?[0m ?[35mTRACE?[0m tokio-runtime-worker ?[1mserver_handshake?[0m?[2m:?[0m?[1mConnection?[0m?[1m{?[0m?[3mpeer?[0m?[2m=?[0mServer?[1m}?[0m?[2m:?[0m?[1mpoll?[0m?[2m:?[0m?[1mFramedRead::poll_next?[0m?[2m:?[0m?[1mFramedRead::decode_frame?[0m?[1m{?[0m?[3moffset?[0m?[2m=?[0m71?[1m}?[0m?[2m:?[0m?[1mhpack::decode?[0m?[2m:?[0m ?[2mh2::hpack::decoder?[0m?[2m:?[0m ?[3mrem?[0m?[2m=?[0m7 ?[3mkind?[0m?[2m=?[0mIndexed
15:05:15.995 [Thread-5] DEBUG i.pact.plugins.jvm.core.ChildProcess - Plugin protobuf [46038] || ?[2m2023-03-27T09:35:15.993948Z?[0m ?[35mTRACE?[0m tokio-runtime-worker ?[1mserver_handshake?[0m?[2m:?[0m?[1mConnection?[0m?[1m{?[0m?[3mpeer?[0m?[2m=?[0mServer?[1m}?[0m?[2m:?[0m?[1mpoll?[0m?[2m:?[0m?[1mFramedRead::poll_next?[0m?[2m:?[0m?[1mFramedRead::decode_frame?[0m?[1m{?[0m?[3moffset?[0m?[2m=?[0m71?[1m}?[0m?[2m:?[0m?[1mhpack::decode?[0m?[2m:?[0m ?[2mh2::hpack::decoder?[0m?[2m:?[0m ?[3mrem?[0m?[2m=?[0m6 ?[3mkind?[0m?[2m=?[0mIndexed
15:05:15.995 [Thread-5] DEBUG i.pact.plugins.jvm.core.ChildProcess - Plugin protobuf [46038] || ?[2m2023-03-27T09:35:15.993963Z?[0m ?[35mTRACE?[0m tokio-runtime-worker ?[1mserver_handshake?[0m?[2m:?[0m?[1mConnection?[0m?[1m{?[0m?[3mpeer?[0m?[2m=?[0mServer?[1m}?[0m?[2m:?[0m?[1mpoll?[0m?[2m:?[0m?[1mFramedRead::poll_next?[0m?[2m:?[0m?[1mFramedRead::decode_frame?[0m?[1m{?[0m?[3moffset?[0m?[2m=?[0m71?[1m}?[0m?[2m:?[0m?[1mhpack::decode?[0m?[2m:?[0m ?[2mh2::hpack::decoder?[0m?[2m:?[0m ?[3mrem?[0m?[2m=?[0m5 ?[3mkind?[0m?[2m=?[0mIndexed
15:05:15.995 [Thread-5] DEBUG i.pact.plugins.jvm.core.ChildProcess - Plugin protobuf [46038] || ?[2m2023-03-27T09:35:15.993979Z?[0m ?[35mTRACE?[0m tokio-runtime-worker ?[1mserver_handshake?[0m?[2m:?[0m?[1mConnection?[0m?[1m{?[0m?[3mpeer?[0m?[2m=?[0mServer?[1m}?[0m?[2m:?[0m?[1mpoll?[0m?[2m:?[0m?[1mFramedRead::poll_next?[0m?[2m:?[0m?[1mFramedRead::decode_frame?[0m?[1m{?[0m?[3moffset?[0m?[2m=?[0m71?[1m}?[0m?[2m:?[0m?[1mhpack::decode?[0m?[2m:?[0m ?[2mh2::hpack::decoder?[0m?[2m:?[0m ?[3mrem?[0m?[2m=?[0m4 ?[3mkind?[0m?[2m=?[0mIndexed
15:05:15.995 [Thread-5] DEBUG i.pact.plugins.jvm.core.ChildProcess - Plugin protobuf [46038] || ?[2m2023-03-27T09:35:15.993993Z?[0m ?[35mTRACE?[0m tokio-runtime-worker ?[1mserver_handshake?[0m?[2m:?[0m?[1mConnection?[0m?[1m{?[0m?[3mpeer?[0m?[2m=?[0mServer?[1m}?[0m?[2m:?[0m?[1mpoll?[0m?[2m:?[0m?[1mFramedRead::poll_next?[0m?[2m:?[0m?[1mFramedRead::decode_frame?[0m?[1m{?[0m?[3moffset?[0m?[2m=?[0m71?[1m}?[0m?[2m:?[0m?[1mhpack::decode?[0m?[2m:?[0m ?[2mh2::hpack::decoder?[0m?[2m:?[0m ?[3mrem?[0m?[2m=?[0m3 ?[3mkind?[0m?[2m=?[0mIndexed
15:05:15.995 [Thread-5] DEBUG i.pact.plugins.jvm.core.ChildProcess - Plugin protobuf [46038] || ?[2m2023-03-27T09:35:15.994007Z?[0m ?[35mTRACE?[0m tokio-runtime-worker ?[1mserver_handshake?[0m?[2m:?[0m?[1mConnection?[0m?[1m{?[0m?[3mpeer?[0m?[2m=?[0mServer?[1m}?[0m?[2m:?[0m?[1mpoll?[0m?[2m:?[0m?[1mFramedRead::poll_next?[0m?[2m:?[0m?[1mFramedRead::decode_frame?[0m?[1m{?[0m?[3moffset?[0m?[2m=?[0m71?[1m}?[0m?[2m:?[0m?[1mhpack::decode?[0m?[2m:?[0m ?[2mh2::hpack::decoder?[0m?[2m:?[0m ?[3mrem?[0m?[2m=?[0m2 ?[3mkind?[0m?[2m=?[0mIndexed
15:05:15.995 [Thread-5] DEBUG i.pact.plugins.jvm.core.ChildProcess - Plugin protobuf [46038] || ?[2m2023-03-27T09:35:15.994022Z?[0m ?[35mTRACE?[0m tokio-runtime-worker ?[1mserver_handshake?[0m?[2m:?[0m?[1mConnection?[0m?[1m{?[0m?[3mpeer?[0m?[2m=?[0mServer?[1m}?[0m?[2m:?[0m?[1mpoll?[0m?[2m:?[0m?[1mFramedRead::poll_next?[0m?[2m:?[0m?[1mFramedRead::decode_frame?[0m?[1m{?[0m?[3moffset?[0m?[2m=?[0m71?[1m}?[0m?[2m:?[0m?[1mhpack::decode?[0m?[2m:?[0m ?[2mh2::hpack::decoder?[0m?[2m:?[0m ?[3mrem?[0m?[2m=?[0m1 ?[3mkind?[0m?[2m=?[0mIndexed
15:05:15.995 [Thread-5] DEBUG i.pact.plugins.jvm.core.ChildProcess - Plugin protobuf [46038] || ?[2m2023-03-27T09:35:15.994045Z?[0m ?[34mDEBUG?[0m tokio-runtime-worker ?[1mserver_handshake?[0m?[2m:?[0m?[1mConnection?[0m?[1m{?[0m?[3mpeer?[0m?[2m=?[0mServer?[1m}?[0m?[2m:?[0m?[1mpoll?[0m?[2m:?[0m?[1mFramedRead::poll_next?[0m?[2m:?[0m ?[2mh2::codec::framed_read?[0m?[2m:?[0m received ?[3mframe?[0m?[2m=?[0mHeaders { stream_id: StreamId(7), flags: (0x24: END_HEADERS | PRIORITY), stream_dep: StreamDependency { dependency_id: StreamId(0), weight: 15, is_exclusive: false } }
15:05:15.995 [Thread-5] DEBUG i.pact.plugins.jvm.core.ChildProcess - Plugin protobuf [46038] || ?[2m2023-03-27T09:35:15.994063Z?[0m ?[35mTRACE?[0m tokio-runtime-worker ?[1mserver_handshake?[0m?[2m:?[0m?[1mConnection?[0m?[1m{?[0m?[3mpeer?[0m?[2m=?[0mServer?[1m}?[0m?[2m:?[0m?[1mpoll?[0m?[2m:?[0m ?[2mh2::proto::connection?[0m?[2m:?[0m recv HEADERS ?[3mframe?[0m?[2m=?[0mHeaders { stream_id: StreamId(7), flags: (0x24: END_HEADERS | PRIORITY), stream_dep: StreamDependency { dependency_id: StreamId(0), weight: 15, is_exclusive: false } }
15:05:15.995 [Thread-5] DEBUG i.pact.plugins.jvm.core.ChildProcess - Plugin protobuf [46038] || ?[2m2023-03-27T09:35:15.994075Z?[0m ?[35mTRACE?[0m tokio-runtime-worker ?[1mserver_handshake?[0m?[2m:?[0m?[1mConnection?[0m?[1m{?[0m?[3mpeer?[0m?[2m=?[0mServer?[1m}?[0m?[2m:?[0m?[1mpoll?[0m?[2m:?[0m ?[2mh2::proto::streams::flow_control?[0m?[2m:?[0m inc_window; sz=1048576; old=0; new=1048576
15:05:15.995 [Thread-5] DEBUG i.pact.plugins.jvm.core.ChildProcess - Plugin protobuf [46038] || ?[2m2023-03-27T09:35:15.994083Z?[0m ?[35mTRACE?[0m tokio-runtime-worker ?[1mserver_handshake?[0m?[2m:?[0m?[1mConnection?[0m?[1m{?[0m?[3mpeer?[0m?[2m=?[0mServer?[1m}?[0m?[2m:?[0m?[1mpoll?[0m?[2m:?[0m ?[2mh2::proto::streams::flow_control?[0m?[2m:?[0m inc_window; sz=1048576; old=0; new=1048576
15:05:15.995 [Thread-5] DEBUG i.pact.plugins.jvm.core.ChildProcess - Plugin protobuf [46038] || ?[2m2023-03-27T09:35:15.994092Z?[0m ?[35mTRACE?[0m tokio-runtime-worker ?[1mserver_handshake?[0m?[2m:?[0m?[1mConnection?[0m?[1m{?[0m?[3mpeer?[0m?[2m=?[0mServer?[1m}?[0m?[2m:?[0m?[1mpoll?[0m?[2m:?[0m ?[2mh2::proto::streams::streams?[0m?[2m:?[0m recv_headers; stream=StreamId(7); state=State { inner: Idle }
15:05:15.995 [Thread-5] DEBUG i.pact.plugins.jvm.core.ChildProcess - Plugin protobuf [46038] || ?[2m2023-03-27T09:35:15.994100Z?[0m ?[35mTRACE?[0m tokio-runtime-worker ?[1mserver_handshake?[0m?[2m:?[0m?[1mConnection?[0m?[1m{?[0m?[3mpeer?[0m?[2m=?[0mServer?[1m}?[0m?[2m:?[0m?[1mpoll?[0m?[2m:?[0m ?[2mh2::proto::streams::recv?[0m?[2m:?[0m opening stream; init_window=1048576
15:05:15.995 [Thread-5] DEBUG i.pact.plugins.jvm.core.ChildProcess - Plugin protobuf [46038] || ?[2m2023-03-27T09:35:15.994112Z?[0m ?[35mTRACE?[0m tokio-runtime-worker ?[1mserver_handshake?[0m?[2m:?[0m?[1mConnection?[0m?[1m{?[0m?[3mpeer?[0m?[2m=?[0mServer?[1m}?[0m?[2m:?[0m?[1mpoll?[0m?[2m:?[0m ?[2mh2::proto::streams::store?[0m?[2m:?[0m Queue::push
15:05:15.996 [Thread-5] DEBUG i.pact.plugins.jvm.core.ChildProcess - Plugin protobuf [46038] || ?[2m2023-03-27T09:35:15.994134Z?[0m ?[35mTRACE?[0m tokio-runtime-worker ?[1mserver_handshake?[0m?[2m:?[0m?[1mConnection?[0m?[1m{?[0m?[3mpeer?[0m?[2m=?[0mServer?[1m}?[0m?[2m:?[0m?[1mpoll?[0m?[2m:?[0m ?[2mh2::proto::streams::store?[0m?[2m:?[0m  -> first entry
15:05:15.996 [Thread-5] DEBUG i.pact.plugins.jvm.core.ChildProcess - Plugin protobuf [46038] || ?[2m2023-03-27T09:35:15.994166Z?[0m ?[35mTRACE?[0m tokio-runtime-worker ?[1mserver_handshake?[0m?[2m:?[0m?[1mConnection?[0m?[1m{?[0m?[3mpeer?[0m?[2m=?[0mServer?[1m}?[0m?[2m:?[0m?[1mpoll?[0m?[2m:?[0m ?[2mh2::proto::streams::counts?[0m?[2m:?[0m transition_after; stream=StreamId(7); state=State { inner: Open { local: AwaitingHeaders, remote: Streaming } }; is_closed=false; pending_send_empty=true; buffered_send_data=0; num_recv=1; num_send=0
15:05:15.996 [Thread-5] DEBUG i.pact.plugins.jvm.core.ChildProcess - Plugin protobuf [46038] || ?[2m2023-03-27T09:35:15.994204Z?[0m ?[35mTRACE?[0m tokio-runtime-worker ?[1mserver_handshake?[0m?[2m:?[0m?[1mConnection?[0m?[1m{?[0m?[3mpeer?[0m?[2m=?[0mServer?[1m}?[0m?[2m:?[0m?[1mpoll?[0m?[2m:?[0m?[1mFramedRead::poll_next?[0m?[2m:?[0m ?[2mh2::codec::framed_read?[0m?[2m:?[0m poll
15:05:15.996 [Thread-5] DEBUG i.pact.plugins.jvm.core.ChildProcess - Plugin protobuf [46038] || ?[2m2023-03-27T09:35:15.994221Z?[0m ?[35mTRACE?[0m tokio-runtime-worker ?[1mserver_handshake?[0m?[2m:?[0m?[1mConnection?[0m?[1m{?[0m?[3mpeer?[0m?[2m=?[0mServer?[1m}?[0m?[2m:?[0m?[1mpoll?[0m?[2m:?[0m?[1mFramedRead::poll_next?[0m?[2m:?[0m ?[2mtokio_util::codec::framed_impl?[0m?[2m:?[0m attempting to decode a frame
15:05:15.996 [Thread-5] DEBUG i.pact.plugins.jvm.core.ChildProcess - Plugin protobuf [46038] || ?[2m2023-03-27T09:35:15.994233Z?[0m ?[35mTRACE?[0m tokio-runtime-worker ?[1mserver_handshake?[0m?[2m:?[0m?[1mConnection?[0m?[1m{?[0m?[3mpeer?[0m?[2m=?[0mServer?[1m}?[0m?[2m:?[0m?[1mpoll?[0m?[2m:?[0m?[1mFramedRead::poll_next?[0m?[2m:?[0m ?[2mtokio_util::codec::framed_impl?[0m?[2m:?[0m frame decoded from buffer
15:05:15.996 [Thread-5] DEBUG i.pact.plugins.jvm.core.ChildProcess - Plugin protobuf [46038] || ?[2m2023-03-27T09:35:15.994246Z?[0m ?[35mTRACE?[0m tokio-runtime-worker ?[1mserver_handshake?[0m?[2m:?[0m?[1mConnection?[0m?[1m{?[0m?[3mpeer?[0m?[2m=?[0mServer?[1m}?[0m?[2m:?[0m?[1mpoll?[0m?[2m:?[0m?[1mFramedRead::poll_next?[0m?[2m:?[0m ?[2mh2::codec::framed_read?[0m?[2m:?[0m ?[3mread.bytes?[0m?[2m=?[0m352
15:05:15.996 [Thread-5] DEBUG i.pact.plugins.jvm.core.ChildProcess - Plugin protobuf [46038] || ?[2m2023-03-27T09:35:15.994266Z?[0m ?[35mTRACE?[0m tokio-runtime-worker ?[1mserver_handshake?[0m?[2m:?[0m?[1mConnection?[0m?[1m{?[0m?[3mpeer?[0m?[2m=?[0mServer?[1m}?[0m?[2m:?[0m?[1mpoll?[0m?[2m:?[0m?[1mFramedRead::poll_next?[0m?[2m:?[0m?[1mFramedRead::decode_frame?[0m?[1m{?[0m?[3moffset?[0m?[2m=?[0m352?[1m}?[0m?[2m:?[0m ?[2mh2::codec::framed_read?[0m?[2m:?[0m decoding frame from 352B
15:05:15.996 [Thread-5] DEBUG i.pact.plugins.jvm.core.ChildProcess - Plugin protobuf [46038] || ?[2m2023-03-27T09:35:15.994281Z?[0m ?[35mTRACE?[0m tokio-runtime-worker ?[1mserver_handshake?[0m?[2m:?[0m?[1mConnection?[0m?[1m{?[0m?[3mpeer?[0m?[2m=?[0mServer?[1m}?[0m?[2m:?[0m?[1mpoll?[0m?[2m:?[0m?[1mFramedRead::poll_next?[0m?[2m:?[0m?[1mFramedRead::decode_frame?[0m?[1m{?[0m?[3moffset?[0m?[2m=?[0m352?[1m}?[0m?[2m:?[0m ?[2mh2::codec::framed_read?[0m?[2m:?[0m ?[3mframe.kind?[0m?[2m=?[0mData
15:05:15.996 [Thread-5] DEBUG i.pact.plugins.jvm.core.ChildProcess - Plugin protobuf [46038] || ?[2m2023-03-27T09:35:15.994314Z?[0m ?[34mDEBUG?[0m tokio-runtime-worker ?[1mserver_handshake?[0m?[2m:?[0m?[1mConnection?[0m?[1m{?[0m?[3mpeer?[0m?[2m=?[0mServer?[1m}?[0m?[2m:?[0m?[1mpoll?[0m?[2m:?[0m?[1mFramedRead::poll_next?[0m?[2m:?[0m ?[2mh2::codec::framed_read?[0m?[2m:?[0m received ?[3mframe?[0m?[2m=?[0mData { stream_id: StreamId(7), flags: (0x1: END_STREAM) }
15:05:15.996 [Thread-5] DEBUG i.pact.plugins.jvm.core.ChildProcess - Plugin protobuf [46038] || ?[2m2023-03-27T09:35:15.994355Z?[0m ?[35mTRACE?[0m tokio-runtime-worker ?[1mserver_handshake?[0m?[2m:?[0m?[1mConnection?[0m?[1m{?[0m?[3mpeer?[0m?[2m=?[0mServer?[1m}?[0m?[2m:?[0m?[1mpoll?[0m?[2m:?[0m ?[2mh2::proto::connection?[0m?[2m:?[0m recv DATA ?[3mframe?[0m?[2m=?[0mData { stream_id: StreamId(7), flags: (0x1: END_STREAM) }
15:05:15.996 [Thread-5] DEBUG i.pact.plugins.jvm.core.ChildProcess - Plugin protobuf [46038] || ?[2m2023-03-27T09:35:15.994370Z?[0m ?[35mTRACE?[0m tokio-runtime-worker ?[1mserver_handshake?[0m?[2m:?[0m?[1mConnection?[0m?[1m{?[0m?[3mpeer?[0m?[2m=?[0mServer?[1m}?[0m?[2m:?[0m?[1mpoll?[0m?[2m:?[0m ?[2mh2::proto::streams::recv?[0m?[2m:?[0m recv_data; size=343; connection=1047052; stream=1048576
15:05:15.996 [Thread-5] DEBUG i.pact.plugins.jvm.core.ChildProcess - Plugin protobuf [46038] || ?[2m2023-03-27T09:35:15.994395Z?[0m ?[35mTRACE?[0m tokio-runtime-worker ?[1mserver_handshake?[0m?[2m:?[0m?[1mConnection?[0m?[1m{?[0m?[3mpeer?[0m?[2m=?[0mServer?[1m}?[0m?[2m:?[0m?[1mpoll?[0m?[2m:?[0m ?[2mh2::proto::streams::flow_control?[0m?[2m:?[0m send_data; sz=343; window=1047052; available=1048576
15:05:15.996 [Thread-5] DEBUG i.pact.plugins.jvm.core.ChildProcess - Plugin protobuf [46038] || ?[2m2023-03-27T09:35:15.994404Z?[0m ?[35mTRACE?[0m tokio-runtime-worker ?[1mserver_handshake?[0m?[2m:?[0m?[1mConnection?[0m?[1m{?[0m?[3mpeer?[0m?[2m=?[0mServer?[1m}?[0m?[2m:?[0m?[1mpoll?[0m?[2m:?[0m ?[2mh2::proto::streams::state?[0m?[2m:?[0m recv_close: Open => HalfClosedRemote(AwaitingHeaders)
15:05:15.996 [Thread-5] DEBUG i.pact.plugins.jvm.core.ChildProcess - Plugin protobuf [46038] || ?[2m2023-03-27T09:35:15.994412Z?[0m ?[35mTRACE?[0m tokio-runtime-worker ?[1mserver_handshake?[0m?[2m:?[0m?[1mConnection?[0m?[1m{?[0m?[3mpeer?[0m?[2m=?[0mServer?[1m}?[0m?[2m:?[0m?[1mpoll?[0m?[2m:?[0m ?[2mh2::proto::streams::flow_control?[0m?[2m:?[0m send_data; sz=343; window=1048576; available=1048576
15:05:15.996 [Thread-5] DEBUG i.pact.plugins.jvm.core.ChildProcess - Plugin protobuf [46038] || ?[2m2023-03-27T09:35:15.994418Z?[0m ?[35mTRACE?[0m tokio-runtime-worker ?[1mserver_handshake?[0m?[2m:?[0m?[1mConnection?[0m?[1m{?[0m?[3mpeer?[0m?[2m=?[0mServer?[1m}?[0m?[2m:?[0m?[1mpoll?[0m?[2m:?[0m ?[2mh2::proto::streams::counts?[0m?[2m:?[0m transition_after; stream=StreamId(7); state=State { inner: HalfClosedRemote(AwaitingHeaders) }; is_closed=false; pending_send_empty=true; buffered_send_data=0; num_recv=1; num_send=0
15:05:15.996 [Thread-5] DEBUG i.pact.plugins.jvm.core.ChildProcess - Plugin protobuf [46038] || ?[2m2023-03-27T09:35:15.994466Z?[0m ?[35mTRACE?[0m tokio-runtime-worker ?[1mserver_handshake?[0m?[2m:?[0m?[1mConnection?[0m?[1m{?[0m?[3mpeer?[0m?[2m=?[0mServer?[1m}?[0m?[2m:?[0m?[1mpoll?[0m?[2m:?[0m?[1mFramedRead::poll_next?[0m?[2m:?[0m ?[2mh2::codec::framed_read?[0m?[2m:?[0m poll
15:05:15.996 [Thread-5] DEBUG i.pact.plugins.jvm.core.ChildProcess - Plugin protobuf [46038] || ?[2m2023-03-27T09:35:15.994473Z?[0m ?[35mTRACE?[0m tokio-runtime-worker ?[1mserver_handshake?[0m?[2m:?[0m?[1mConnection?[0m?[1m{?[0m?[3mpeer?[0m?[2m=?[0mServer?[1m}?[0m?[2m:?[0m?[1mpoll?[0m?[2m:?[0m?[1mFramedRead::poll_next?[0m?[2m:?[0m ?[2mtokio_util::codec::framed_impl?[0m?[2m:?[0m attempting to decode a frame
15:05:15.996 [Thread-5] DEBUG i.pact.plugins.jvm.core.ChildProcess - Plugin protobuf [46038] || ?[2m2023-03-27T09:35:15.994497Z?[0m ?[35mTRACE?[0m tokio-runtime-worker ?[1mserver_handshake?[0m?[2m:?[0m?[1mConnection?[0m?[1m{?[0m?[3mpeer?[0m?[2m=?[0mServer?[1m}?[0m?[2m:?[0m?[1mpoll?[0m?[2m:?[0m ?[2mh2::proto::streams::prioritize?[0m?[2m:?[0m poll_complete
15:05:15.996 [Thread-5] DEBUG i.pact.plugins.jvm.core.ChildProcess - Plugin protobuf [46038] || ?[2m2023-03-27T09:35:15.994508Z?[0m ?[35mTRACE?[0m tokio-runtime-worker ?[1mserver_handshake?[0m?[2m:?[0m?[1mConnection?[0m?[1m{?[0m?[3mpeer?[0m?[2m=?[0mServer?[1m}?[0m?[2m:?[0m?[1mpoll?[0m?[2m:?[0m ?[2mh2::proto::streams::prioritize?[0m?[2m:?[0m schedule_pending_open
15:05:15.996 [Thread-5] DEBUG i.pact.plugins.jvm.core.ChildProcess - Plugin protobuf [46038] || ?[2m2023-03-27T09:35:15.994534Z?[0m ?[35mTRACE?[0m tokio-runtime-worker ?[1mserver_handshake?[0m?[2m:?[0m?[1mConnection?[0m?[1m{?[0m?[3mpeer?[0m?[2m=?[0mServer?[1m}?[0m?[2m:?[0m?[1mpoll?[0m?[2m:?[0m?[1mFramedWrite::flush?[0m?[2m:?[0m ?[2mh2::codec::framed_write?[0m?[2m:?[0m flushing buffer
15:05:15.996 [Thread-5] DEBUG i.pact.plugins.jvm.core.ChildProcess - Plugin protobuf [46038] || ?[2m2023-03-27T09:35:15.994570Z?[0m ?[35mTRACE?[0m tokio-runtime-worker ?[2mh2::proto::streams::streams?[0m?[2m:?[0m next_incoming; id=StreamId(7), state=State { inner: HalfClosedRemote(AwaitingHeaders) }
15:05:15.996 [Thread-5] DEBUG i.pact.plugins.jvm.core.ChildProcess - Plugin protobuf [46038] || ?[2m2023-03-27T09:35:15.994585Z?[0m ?[35mTRACE?[0m tokio-runtime-worker ?[2mh2::server?[0m?[2m:?[0m received incoming
15:05:15.996 [Thread-5] DEBUG i.pact.plugins.jvm.core.ChildProcess - Plugin protobuf [46038] || ?[2m2023-03-27T09:35:15.994594Z?[0m ?[35mTRACE?[0m tokio-runtime-worker ?[2mhyper::proto::h2::server?[0m?[2m:?[0m incoming request
15:05:15.997 [Thread-5] DEBUG i.pact.plugins.jvm.core.ChildProcess - Plugin protobuf [46038] || ?[2m2023-03-27T09:35:15.994639Z?[0m ?[34mDEBUG?[0m tokio-runtime-worker ?[1mrequest?[0m?[1m{?[0m?[3mmethod?[0m?[2m=?[0mPOST ?[3muri?[0m?[2m=?[0mhttp://[::1]:53788/io.pact.plugin.PactPlugin/ConfigureInteraction ?[3mversion?[0m?[2m=?[0mHTTP/2.0 ?[3mheaders?[0m?[2m=?[0m{"content-type": "application/grpc", "te": "trailers", "user-agent": "grpc-java-netty/1.49.0", "grpc-accept-encoding": "gzip", "authorization": Sensitive}?[1m}?[0m?[2m:?[0m ?[2mtower_http::trace::on_request?[0m?[2m:?[0m started processing request
15:05:15.997 [Thread-5] DEBUG i.pact.plugins.jvm.core.ChildProcess - Plugin protobuf [46038] || ?[2m2023-03-27T09:35:15.994667Z?[0m ?[35mTRACE?[0m tokio-runtime-worker ?[1mserver_handshake?[0m?[2m:?[0m?[1mConnection?[0m?[1m{?[0m?[3mpeer?[0m?[2m=?[0mServer?[1m}?[0m?[2m:?[0m?[1mpoll?[0m?[2m:?[0m ?[2mh2::proto::connection?[0m?[2m:?[0m ?[3mconnection.state?[0m?[2m=?[0mOpen
15:05:15.997 [Thread-5] DEBUG i.pact.plugins.jvm.core.ChildProcess - Plugin protobuf [46038] || ?[2m2023-03-27T09:35:15.994698Z?[0m ?[35mTRACE?[0m tokio-runtime-worker ?[1mserver_handshake?[0m?[2m:?[0m?[1mConnection?[0m?[1m{?[0m?[3mpeer?[0m?[2m=?[0mServer?[1m}?[0m?[2m:?[0m?[1mpoll?[0m?[2m:?[0m?[1mFramedRead::poll_next?[0m?[2m:?[0m ?[2mh2::codec::framed_read?[0m?[2m:?[0m poll
15:05:15.997 [Thread-5] DEBUG i.pact.plugins.jvm.core.ChildProcess - Plugin protobuf [46038] || ?[2m2023-03-27T09:35:15.994733Z?[0m ?[35mTRACE?[0m tokio-runtime-worker ?[1mserver_handshake?[0m?[2m:?[0m?[1mConnection?[0m?[1m{?[0m?[3mpeer?[0m?[2m=?[0mServer?[1m}?[0m?[2m:?[0m?[1mpoll?[0m?[2m:?[0m ?[2mh2::proto::streams::prioritize?[0m?[2m:?[0m poll_complete
15:05:15.997 [Thread-5] DEBUG i.pact.plugins.jvm.core.ChildProcess - Plugin protobuf [46038] || ?[2m2023-03-27T09:35:15.994746Z?[0m ?[35mTRACE?[0m tokio-runtime-worker ?[1mserver_handshake?[0m?[2m:?[0m?[1mConnection?[0m?[1m{?[0m?[3mpeer?[0m?[2m=?[0mServer?[1m}?[0m?[2m:?[0m?[1mpoll?[0m?[2m:?[0m ?[2mh2::proto::streams::prioritize?[0m?[2m:?[0m schedule_pending_open
15:05:15.997 [Thread-5] DEBUG i.pact.plugins.jvm.core.ChildProcess - Plugin protobuf [46038] || ?[2m2023-03-27T09:35:15.994774Z?[0m ?[35mTRACE?[0m tokio-runtime-worker ?[1mserver_handshake?[0m?[2m:?[0m?[1mConnection?[0m?[1m{?[0m?[3mpeer?[0m?[2m=?[0mServer?[1m}?[0m?[2m:?[0m?[1mpoll?[0m?[2m:?[0m?[1mFramedWrite::flush?[0m?[2m:?[0m ?[2mh2::codec::framed_write?[0m?[2m:?[0m flushing buffer
15:05:15.997 [Thread-5] DEBUG i.pact.plugins.jvm.core.ChildProcess - Plugin protobuf [46038] || ?[2m2023-03-27T09:35:15.994818Z?[0m ?[35mTRACE?[0m tokio-runtime-worker ?[1mrequest?[0m?[1m{?[0m?[3mmethod?[0m?[2m=?[0mPOST ?[3muri?[0m?[2m=?[0mhttp://[::1]:53788/io.pact.plugin.PactPlugin/ConfigureInteraction ?[3mversion?[0m?[2m=?[0mHTTP/2.0 ?[3mheaders?[0m?[2m=?[0m{"content-type": "application/grpc", "te": "trailers", "user-agent": "grpc-java-netty/1.49.0", "grpc-accept-encoding": "gzip", "authorization": Sensitive}?[1m}?[0m?[2m:?[0m ?[2mh2::proto::streams::recv?[0m?[2m:?[0m release_capacity; size=343
15:05:15.997 [Thread-5] DEBUG i.pact.plugins.jvm.core.ChildProcess - Plugin protobuf [46038] || ?[2m2023-03-27T09:35:15.994834Z?[0m ?[35mTRACE?[0m tokio-runtime-worker ?[1mrequest?[0m?[1m{?[0m?[3mmethod?[0m?[2m=?[0mPOST ?[3muri?[0m?[2m=?[0mhttp://[::1]:53788/io.pact.plugin.PactPlugin/ConfigureInteraction ?[3mversion?[0m?[2m=?[0mHTTP/2.0 ?[3mheaders?[0m?[2m=?[0m{"content-type": "application/grpc", "te": "trailers", "user-agent": "grpc-java-netty/1.49.0", "grpc-accept-encoding": "gzip", "authorization": Sensitive}?[1m}?[0m?[2m:?[0m ?[2mh2::proto::streams::recv?[0m?[2m:?[0m release_connection_capacity; size=343, connection in_flight_data=343
15:05:15.997 [Thread-5] DEBUG i.pact.plugins.jvm.core.ChildProcess - Plugin protobuf [46038] || ?[2m2023-03-27T09:35:15.994884Z?[0m ?[35mTRACE?[0m tokio-runtime-worker ?[1mrequest?[0m?[1m{?[0m?[3mmethod?[0m?[2m=?[0mPOST ?[3muri?[0m?[2m=?[0mhttp://[::1]:53788/io.pact.plugin.PactPlugin/ConfigureInteraction ?[3mversion?[0m?[2m=?[0mHTTP/2.0 ?[3mheaders?[0m?[2m=?[0m{"content-type": "application/grpc", "te": "trailers", "user-agent": "grpc-java-netty/1.49.0", "grpc-accept-encoding": "gzip", "authorization": Sensitive}?[1m}?[0m?[2m:?[0m ?[2mh2::proto::streams::streams?[0m?[2m:?[0m drop_stream_ref; stream=Stream { id: StreamId(7), state: State { inner: HalfClosedRemote(AwaitingHeaders) }, is_counted: true, ref_count: 2, next_pending_send: None, is_pending_send: false, send_flow: FlowControl { window_size: Window(1048576), available: Window(0) }, requested_send_capacity: 0, buffered_send_data: 0, send_task: None, pending_send: Deque { indices: None }, next_pending_send_capacity: None, is_pending_send_capacity: false, send_capacity_inc: false, next_open: None, is_pending_open: false, is_pending_push: false, next_pending_accept: None, is_pending_accept: false, recv_flow: FlowControl { window_size: Window(1048233), available: Window(1048576) }, in_flight_recv_data: 0, next_window_update: None, is_pending_window_update: false, reset_at: None, next_reset_expire: None, pending_recv: Deque { indices: None }, recv_task: None, pending_push_promises: Queue { indices: None, _p: PhantomData }, content_length: Omitted }
15:05:15.997 [Thread-5] DEBUG i.pact.plugins.jvm.core.ChildProcess - Plugin protobuf [46038] || ?[2m2023-03-27T09:35:15.994923Z?[0m ?[35mTRACE?[0m tokio-runtime-worker ?[1mrequest?[0m?[1m{?[0m?[3mmethod?[0m?[2m=?[0mPOST ?[3muri?[0m?[2m=?[0mhttp://[::1]:53788/io.pact.plugin.PactPlugin/ConfigureInteraction ?[3mversion?[0m?[2m=?[0mHTTP/2.0 ?[3mheaders?[0m?[2m=?[0m{"content-type": "application/grpc", "te": "trailers", "user-agent": "grpc-java-netty/1.49.0", "grpc-accept-encoding": "gzip", "authorization": Sensitive}?[1m}?[0m?[2m:?[0m ?[2mh2::proto::streams::counts?[0m?[2m:?[0m transition_after; stream=StreamId(7); state=State { inner: HalfClosedRemote(AwaitingHeaders) }; is_closed=false; pending_send_empty=true; buffered_send_data=0; num_recv=1; num_send=0
15:05:15.997 [Thread-5] DEBUG i.pact.plugins.jvm.core.ChildProcess - Plugin protobuf [46038] || ?[2m2023-03-27T09:35:15.994955Z?[0m ?[34mDEBUG?[0m tokio-runtime-worker ?[1mrequest?[0m?[1m{?[0m?[3mmethod?[0m?[2m=?[0mPOST ?[3muri?[0m?[2m=?[0mhttp://[::1]:53788/io.pact.plugin.PactPlugin/ConfigureInteraction ?[3mversion?[0m?[2m=?[0mHTTP/2.0 ?[3mheaders?[0m?[2m=?[0m{"content-type": "application/grpc", "te": "trailers", "user-agent": "grpc-java-netty/1.49.0", "grpc-accept-encoding": "gzip", "authorization": Sensitive}?[1m}?[0m?[2m:?[0m ?[2mpact_protobuf_plugin::server?[0m?[2m:?[0m Configure interaction request for content type 'application/grpc'
15:05:16.012 [Thread-5] DEBUG i.pact.plugins.jvm.core.ChildProcess - Plugin protobuf [46038] || ?[2m2023-03-27T09:35:16.012853Z?[0m ?[34mDEBUG?[0m tokio-runtime-worker ?[1mrequest?[0m?[1m{?[0m?[3mmethod?[0m?[2m=?[0mPOST ?[3muri?[0m?[2m=?[0mhttp://[::1]:53788/io.pact.plugin.PactPlugin/ConfigureInteraction ?[3mversion?[0m?[2m=?[0mHTTP/2.0 ?[3mheaders?[0m?[2m=?[0m{"content-type": "application/grpc", "te": "trailers", "user-agent": "grpc-java-netty/1.49.0", "grpc-accept-encoding": "gzip", "authorization": Sensitive}?[1m}?[0m?[2m:?[0m ?[2mpact_protobuf_plugin::protoc?[0m?[2m:?[0m Detected OS: Mac OS 13.0.0 [64-bit]
15:05:16.013 [Thread-5] DEBUG i.pact.plugins.jvm.core.ChildProcess - Plugin protobuf [46038] || ?[2m2023-03-27T09:35:16.012953Z?[0m ?[35mTRACE?[0m tokio-runtime-worker ?[1mrequest?[0m?[1m{?[0m?[3mmethod?[0m?[2m=?[0mPOST ?[3muri?[0m?[2m=?[0mhttp://[::1]:53788/io.pact.plugin.PactPlugin/ConfigureInteraction ?[3mversion?[0m?[2m=?[0mHTTP/2.0 ?[3mheaders?[0m?[2m=?[0m{"content-type": "application/grpc", "te": "trailers", "user-agent": "grpc-java-netty/1.49.0", "grpc-accept-encoding": "gzip", "authorization": Sensitive}?[1m}?[0m?[2m:?[0m ?[2mpact_protobuf_plugin::protoc?[0m?[2m:?[0m Looking for local protoc at './protoc/bin/protoc'
15:05:16.013 [Thread-5] DEBUG i.pact.plugins.jvm.core.ChildProcess - Plugin protobuf [46038] || ?[2m2023-03-27T09:35:16.013005Z?[0m ?[34mDEBUG?[0m tokio-runtime-worker ?[1mrequest?[0m?[1m{?[0m?[3mmethod?[0m?[2m=?[0mPOST ?[3muri?[0m?[2m=?[0mhttp://[::1]:53788/io.pact.plugin.PactPlugin/ConfigureInteraction ?[3mversion?[0m?[2m=?[0mHTTP/2.0 ?[3mheaders?[0m?[2m=?[0m{"content-type": "application/grpc", "te": "trailers", "user-agent": "grpc-java-netty/1.49.0", "grpc-accept-encoding": "gzip", "authorization": Sensitive}?[1m}?[0m?[2m:?[0m ?[2mpact_protobuf_plugin::protoc?[0m?[2m:?[0m Found unpacked protoc binary
15:05:16.013 [Thread-5] DEBUG i.pact.plugins.jvm.core.ChildProcess - Plugin protobuf [46038] || ?[2m2023-03-27T09:35:16.013031Z?[0m ?[35mTRACE?[0m tokio-runtime-worker ?[1mrequest?[0m?[1m{?[0m?[3mmethod?[0m?[2m=?[0mPOST ?[3muri?[0m?[2m=?[0mhttp://[::1]:53788/io.pact.plugin.PactPlugin/ConfigureInteraction ?[3mversion?[0m?[2m=?[0mHTTP/2.0 ?[3mheaders?[0m?[2m=?[0m{"content-type": "application/grpc", "te": "trailers", "user-agent": "grpc-java-netty/1.49.0", "grpc-accept-encoding": "gzip", "authorization": Sensitive}?[1m}?[0m?[2m:?[0m ?[2mpact_protobuf_plugin::protoc?[0m?[2m:?[0m Invoking protoc: './protoc/bin/protoc --version'
15:05:16.028 [Thread-5] DEBUG i.pact.plugins.jvm.core.ChildProcess - Plugin protobuf [46038] || ?[2m2023-03-27T09:35:16.028833Z?[0m ?[34mDEBUG?[0m tokio-runtime-worker ?[1mrequest?[0m?[1m{?[0m?[3mmethod?[0m?[2m=?[0mPOST ?[3muri?[0m?[2m=?[0mhttp://[::1]:53788/io.pact.plugin.PactPlugin/ConfigureInteraction ?[3mversion?[0m?[2m=?[0mHTTP/2.0 ?[3mheaders?[0m?[2m=?[0m{"content-type": "application/grpc", "te": "trailers", "user-agent": "grpc-java-netty/1.49.0", "grpc-accept-encoding": "gzip", "authorization": Sensitive}?[1m}?[0m?[2m:?[0m ?[2mpact_protobuf_plugin::protoc?[0m?[2m:?[0m Protoc binary invoked OK: libprotoc 3.19.1
15:05:16.029 [Thread-5] DEBUG i.pact.plugins.jvm.core.ChildProcess - Plugin protobuf [46038] || 
15:05:16.029 [Thread-5] DEBUG i.pact.plugins.jvm.core.ChildProcess - Plugin protobuf [46038] || ?[2m2023-03-27T09:35:16.028898Z?[0m ?[34mDEBUG?[0m tokio-runtime-worker ?[1mrequest?[0m?[1m{?[0m?[3mmethod?[0m?[2m=?[0mPOST ?[3muri?[0m?[2m=?[0mhttp://[::1]:53788/io.pact.plugin.PactPlugin/ConfigureInteraction ?[3mversion?[0m?[2m=?[0mHTTP/2.0 ?[3mheaders?[0m?[2m=?[0m{"content-type": "application/grpc", "te": "trailers", "user-agent": "grpc-java-netty/1.49.0", "grpc-accept-encoding": "gzip", "authorization": Sensitive}?[1m}?[0m?[2m:?[0m ?[2mpact_protobuf_plugin::protobuf?[0m?[2m:?[0m Parsing proto file '/Users/karthik/Downloads/pact-plugins-main/examples/gRPC/area_calculator/proto/area_calculator.proto'
15:05:16.029 [Thread-5] DEBUG i.pact.plugins.jvm.core.ChildProcess - Plugin protobuf [46038] || ?[2m2023-03-27T09:35:16.028922Z?[0m ?[35mTRACE?[0m tokio-runtime-worker ?[1mrequest?[0m?[1m{?[0m?[3mmethod?[0m?[2m=?[0mPOST ?[3muri?[0m?[2m=?[0mhttp://[::1]:53788/io.pact.plugin.PactPlugin/ConfigureInteraction ?[3mversion?[0m?[2m=?[0mHTTP/2.0 ?[3mheaders?[0m?[2m=?[0m{"content-type": "application/grpc", "te": "trailers", "user-agent": "grpc-java-netty/1.49.0", "grpc-accept-encoding": "gzip", "authorization": Sensitive}?[1m}?[0m?[2m:?[0m ?[2mpact_protobuf_plugin::protobuf?[0m?[2m:?[0m >> process_proto(/Users/karthik/Downloads/pact-plugins-main/examples/gRPC/area_calculator/proto/area_calculator.proto, {"pact:proto": Value { kind: Some(StringValue("/Users/karthik/Downloads/pact-plugins-main/examples/gRPC/area_calculator/proto/area_calculator.proto")) }, "pact:proto-service": Value { kind: Some(StringValue("Calculator/calculateOne")) }, "request": Value { kind: Some(StructValue(Struct { fields: {"rectangle": Value { kind: Some(StructValue(Struct { fields: {"length": Value { kind: Some(StringValue("matching(number, 3)")) }, "width": Value { kind: Some(StringValue("matching(number, 4)")) }} })) }} })) }, "response": Value { kind: Some(ListValue(ListValue { values: [Value { kind: Some(StructValue(Struct { fields: {"value": Value { kind: Some(StringValue("matching(number, 12)")) }} })) }] })) }})
15:05:16.029 [Thread-5] DEBUG i.pact.plugins.jvm.core.ChildProcess - Plugin protobuf [46038] || ?[2m2023-03-27T09:35:16.029257Z?[0m ?[35mTRACE?[0m tokio-runtime-worker ?[1mrequest?[0m?[1m{?[0m?[3mmethod?[0m?[2m=?[0mPOST ?[3muri?[0m?[2m=?[0mhttp://[::1]:53788/io.pact.plugin.PactPlugin/ConfigureInteraction ?[3mversion?[0m?[2m=?[0mHTTP/2.0 ?[3mheaders?[0m?[2m=?[0m{"content-type": "application/grpc", "te": "trailers", "user-agent": "grpc-java-netty/1.49.0", "grpc-accept-encoding": "gzip", "authorization": Sensitive}?[1m}?[0m?[2m:?[0m ?[2mpact_protobuf_plugin::protoc?[0m?[2m:?[0m Invoking protoc: './protoc/bin/protoc -o/Users/karthik/.pact/plugins/protobuf-0.1.5/tmp/.tmpOLm0kU -I/Users/karthik/Downloads/pact-plugins-main/examples/gRPC/area_calculator/proto -Iprotoc/include/google/protobuf --include_imports /Users/karthik/Downloads/pact-plugins-main/examples/gRPC/area_calculator/proto/area_calculator.proto'
15:05:16.047 [Thread-5] DEBUG i.pact.plugins.jvm.core.ChildProcess - Plugin protobuf [46038] || ?[2m2023-03-27T09:35:16.047547Z?[0m ?[34mDEBUG?[0m tokio-runtime-worker ?[1mrequest?[0m?[1m{?[0m?[3mmethod?[0m?[2m=?[0mPOST ?[3muri?[0m?[2m=?[0mhttp://[::1]:53788/io.pact.plugin.PactPlugin/ConfigureInteraction ?[3mversion?[0m?[2m=?[0mHTTP/2.0 ?[3mheaders?[0m?[2m=?[0m{"content-type": "application/grpc", "te": "trailers", "user-agent": "grpc-java-netty/1.49.0", "grpc-accept-encoding": "gzip", "authorization": Sensitive}?[1m}?[0m?[2m:?[0m ?[2mpact_protobuf_plugin::protobuf?[0m?[2m:?[0m Parsed proto file OK, file descriptors = [Some("area_calculator.proto")]
15:05:16.047 [Thread-5] DEBUG i.pact.plugins.jvm.core.ChildProcess - Plugin protobuf [46038] || ?[2m2023-03-27T09:35:16.047606Z?[0m ?[35mTRACE?[0m tokio-runtime-worker ?[1mrequest?[0m?[1m{?[0m?[3mmethod?[0m?[2m=?[0mPOST ?[3muri?[0m?[2m=?[0mhttp://[::1]:53788/io.pact.plugin.PactPlugin/ConfigureInteraction ?[3mversion?[0m?[2m=?[0mHTTP/2.0 ?[3mheaders?[0m?[2m=?[0m{"content-type": "application/grpc", "te": "trailers", "user-agent": "grpc-java-netty/1.49.0", "grpc-accept-encoding": "gzip", "authorization": Sensitive}?[1m}?[0m?[2m:?[0m ?[2mpact_protobuf_plugin::protobuf?[0m?[2m:?[0m All message types in proto descriptor
15:05:16.048 [Thread-5] DEBUG i.pact.plugins.jvm.core.ChildProcess - Plugin protobuf [46038] || ?[2m2023-03-27T09:35:16.047617Z?[0m ?[35mTRACE?[0m tokio-runtime-worker ?[1mrequest?[0m?[1m{?[0m?[3mmethod?[0m?[2m=?[0mPOST ?[3muri?[0m?[2m=?[0mhttp://[::1]:53788/io.pact.plugin.PactPlugin/ConfigureInteraction ?[3mversion?[0m?[2m=?[0mHTTP/2.0 ?[3mheaders?[0m?[2m=?[0m{"content-type": "application/grpc", "te": "trailers", "user-agent": "grpc-java-netty/1.49.0", "grpc-accept-encoding": "gzip", "authorization": Sensitive}?[1m}?[0m?[2m:?[0m ?[2mpact_protobuf_plugin::protobuf?[0m?[2m:?[0m   Some("ShapeMessage")
15:05:16.048 [Thread-5] DEBUG i.pact.plugins.jvm.core.ChildProcess - Plugin protobuf [46038] || ?[2m2023-03-27T09:35:16.047628Z?[0m ?[35mTRACE?[0m tokio-runtime-worker ?[1mrequest?[0m?[1m{?[0m?[3mmethod?[0m?[2m=?[0mPOST ?[3muri?[0m?[2m=?[0mhttp://[::1]:53788/io.pact.plugin.PactPlugin/ConfigureInteraction ?[3mversion?[0m?[2m=?[0mHTTP/2.0 ?[3mheaders?[0m?[2m=?[0m{"content-type": "application/grpc", "te": "trailers", "user-agent": "grpc-java-netty/1.49.0", "grpc-accept-encoding": "gzip", "authorization": Sensitive}?[1m}?[0m?[2m:?[0m ?[2mpact_protobuf_plugin::protobuf?[0m?[2m:?[0m   Some("Square")
15:05:16.048 [Thread-5] DEBUG i.pact.plugins.jvm.core.ChildProcess - Plugin protobuf [46038] || ?[2m2023-03-27T09:35:16.047636Z?[0m ?[35mTRACE?[0m tokio-runtime-worker ?[1mrequest?[0m?[1m{?[0m?[3mmethod?[0m?[2m=?[0mPOST ?[3muri?[0m?[2m=?[0mhttp://[::1]:53788/io.pact.plugin.PactPlugin/ConfigureInteraction ?[3mversion?[0m?[2m=?[0mHTTP/2.0 ?[3mheaders?[0m?[2m=?[0m{"content-type": "application/grpc", "te": "trailers", "user-agent": "grpc-java-netty/1.49.0", "grpc-accept-encoding": "gzip", "authorization": Sensitive}?[1m}?[0m?[2m:?[0m ?[2mpact_protobuf_plugin::protobuf?[0m?[2m:?[0m   Some("Rectangle")
15:05:16.048 [Thread-5] DEBUG i.pact.plugins.jvm.core.ChildProcess - Plugin protobuf [46038] || ?[2m2023-03-27T09:35:16.047643Z?[0m ?[35mTRACE?[0m tokio-runtime-worker ?[1mrequest?[0m?[1m{?[0m?[3mmethod?[0m?[2m=?[0mPOST ?[3muri?[0m?[2m=?[0mhttp://[::1]:53788/io.pact.plugin.PactPlugin/ConfigureInteraction ?[3mversion?[0m?[2m=?[0mHTTP/2.0 ?[3mheaders?[0m?[2m=?[0m{"content-type": "application/grpc", "te": "trailers", "user-agent": "grpc-java-netty/1.49.0", "grpc-accept-encoding": "gzip", "authorization": Sensitive}?[1m}?[0m?[2m:?[0m ?[2mpact_protobuf_plugin::protobuf?[0m?[2m:?[0m   Some("Circle")
15:05:16.048 [Thread-5] DEBUG i.pact.plugins.jvm.core.ChildProcess - Plugin protobuf [46038] || ?[2m2023-03-27T09:35:16.047651Z?[0m ?[35mTRACE?[0m tokio-runtime-worker ?[1mrequest?[0m?[1m{?[0m?[3mmethod?[0m?[2m=?[0mPOST ?[3muri?[0m?[2m=?[0mhttp://[::1]:53788/io.pact.plugin.PactPlugin/ConfigureInteraction ?[3mversion?[0m?[2m=?[0mHTTP/2.0 ?[3mheaders?[0m?[2m=?[0m{"content-type": "application/grpc", "te": "trailers", "user-agent": "grpc-java-netty/1.49.0", "grpc-accept-encoding": "gzip", "authorization": Sensitive}?[1m}?[0m?[2m:?[0m ?[2mpact_protobuf_plugin::protobuf?[0m?[2m:?[0m   Some("Triangle")
15:05:16.048 [Thread-5] DEBUG i.pact.plugins.jvm.core.ChildProcess - Plugin protobuf [46038] || ?[2m2023-03-27T09:35:16.047659Z?[0m ?[35mTRACE?[0m tokio-runtime-worker ?[1mrequest?[0m?[1m{?[0m?[3mmethod?[0m?[2m=?[0mPOST ?[3muri?[0m?[2m=?[0mhttp://[::1]:53788/io.pact.plugin.PactPlugin/ConfigureInteraction ?[3mversion?[0m?[2m=?[0mHTTP/2.0 ?[3mheaders?[0m?[2m=?[0m{"content-type": "application/grpc", "te": "trailers", "user-agent": "grpc-java-netty/1.49.0", "grpc-accept-encoding": "gzip", "authorization": Sensitive}?[1m}?[0m?[2m:?[0m ?[2mpact_protobuf_plugin::protobuf?[0m?[2m:?[0m   Some("Parallelogram")
15:05:16.048 [Thread-5] DEBUG i.pact.plugins.jvm.core.ChildProcess - Plugin protobuf [46038] || ?[2m2023-03-27T09:35:16.047667Z?[0m ?[35mTRACE?[0m tokio-runtime-worker ?[1mrequest?[0m?[1m{?[0m?[3mmethod?[0m?[2m=?[0mPOST ?[3muri?[0m?[2m=?[0mhttp://[::1]:53788/io.pact.plugin.PactPlugin/ConfigureInteraction ?[3mversion?[0m?[2m=?[0mHTTP/2.0 ?[3mheaders?[0m?[2m=?[0m{"content-type": "application/grpc", "te": "trailers", "user-agent": "grpc-java-netty/1.49.0", "grpc-accept-encoding": "gzip", "authorization": Sensitive}?[1m}?[0m?[2m:?[0m ?[2mpact_protobuf_plugin::protobuf?[0m?[2m:?[0m   Some("AreaRequest")
15:05:16.048 [Thread-5] DEBUG i.pact.plugins.jvm.core.ChildProcess - Plugin protobuf [46038] || ?[2m2023-03-27T09:35:16.047674Z?[0m ?[35mTRACE?[0m tokio-runtime-worker ?[1mrequest?[0m?[1m{?[0m?[3mmethod?[0m?[2m=?[0mPOST ?[3muri?[0m?[2m=?[0mhttp://[::1]:53788/io.pact.plugin.PactPlugin/ConfigureInteraction ?[3mversion?[0m?[2m=?[0mHTTP/2.0 ?[3mheaders?[0m?[2m=?[0m{"content-type": "application/grpc", "te": "trailers", "user-agent": "grpc-java-netty/1.49.0", "grpc-accept-encoding": "gzip", "authorization": Sensitive}?[1m}?[0m?[2m:?[0m ?[2mpact_protobuf_plugin::protobuf?[0m?[2m:?[0m   Some("AreaResponse")
15:05:16.048 [Thread-5] DEBUG i.pact.plugins.jvm.core.ChildProcess - Plugin protobuf [46038] || ?[2m2023-03-27T09:35:16.047694Z?[0m ?[34mDEBUG?[0m tokio-runtime-worker ?[1mrequest?[0m?[1m{?[0m?[3mmethod?[0m?[2m=?[0mPOST ?[3muri?[0m?[2m=?[0mhttp://[::1]:53788/io.pact.plugin.PactPlugin/ConfigureInteraction ?[3mversion?[0m?[2m=?[0mHTTP/2.0 ?[3mheaders?[0m?[2m=?[0m{"content-type": "application/grpc", "te": "trailers", "user-agent": "grpc-java-netty/1.49.0", "grpc-accept-encoding": "gzip", "authorization": Sensitive}?[1m}?[0m?[2m:?[0m ?[2mpact_protobuf_plugin::protobuf?[0m?[2m:?[0m Configuring a Protobuf service Calculator/calculateOne
15:05:16.048 [Thread-5] DEBUG i.pact.plugins.jvm.core.ChildProcess - Plugin protobuf [46038] || ?[2m2023-03-27T09:35:16.047709Z?[0m ?[35mTRACE?[0m tokio-runtime-worker ?[1mrequest?[0m?[1m{?[0m?[3mmethod?[0m?[2m=?[0mPOST ?[3muri?[0m?[2m=?[0mhttp://[::1]:53788/io.pact.plugin.PactPlugin/ConfigureInteraction ?[3mversion?[0m?[2m=?[0mHTTP/2.0 ?[3mheaders?[0m?[2m=?[0m{"content-type": "application/grpc", "te": "trailers", "user-agent": "grpc-java-netty/1.49.0", "grpc-accept-encoding": "gzip", "authorization": Sensitive}?[1m}?[0m?[2m:?[0m ?[2mpact_protobuf_plugin::protobuf?[0m?[2m:?[0m >> configure_protobuf_service(Calculator/calculateOne, {"pact:proto": Value { kind: Some(StringValue("/Users/karthik/Downloads/pact-plugins-main/examples/gRPC/area_calculator/proto/area_calculator.proto")) }, "pact:proto-service": Value { kind: Some(StringValue("Calculator/calculateOne")) }, "request": Value { kind: Some(StructValue(Struct { fields: {"rectangle": Value { kind: Some(StructValue(Struct { fields: {"length": Value { kind: Some(StringValue("matching(number, 3)")) }, "width": Value { kind: Some(StringValue("matching(number, 4)")) }} })) }} })) }, "response": Value { kind: Some(ListValue(ListValue { values: [Value { kind: Some(StructValue(Struct { fields: {"value": Value { kind: Some(StringValue("matching(number, 12)")) }} })) }] })) }}, a85dff8f82655a9681aad113575dcfbb)
15:05:16.048 [Thread-5] DEBUG i.pact.plugins.jvm.core.ChildProcess - Plugin protobuf [46038] || ?[2m2023-03-27T09:35:16.047744Z?[0m ?[34mDEBUG?[0m tokio-runtime-worker ?[1mrequest?[0m?[1m{?[0m?[3mmethod?[0m?[2m=?[0mPOST ?[3muri?[0m?[2m=?[0mhttp://[::1]:53788/io.pact.plugin.PactPlugin/ConfigureInteraction ?[3mversion?[0m?[2m=?[0mHTTP/2.0 ?[3mheaders?[0m?[2m=?[0m{"content-type": "application/grpc", "te": "trailers", "user-agent": "grpc-java-netty/1.49.0", "grpc-accept-encoding": "gzip", "authorization": Sensitive}?[1m}?[0m?[2m:?[0m ?[2mpact_protobuf_plugin::protobuf?[0m?[2m:?[0m Looking for service and method with name 'Calculator/calculateOne'
15:05:16.048 [Thread-5] DEBUG i.pact.plugins.jvm.core.ChildProcess - Plugin protobuf [46038] || ?[2m2023-03-27T09:35:16.047754Z?[0m ?[35mTRACE?[0m tokio-runtime-worker ?[1mrequest?[0m?[1m{?[0m?[3mmethod?[0m?[2m=?[0mPOST ?[3muri?[0m?[2m=?[0mhttp://[::1]:53788/io.pact.plugin.PactPlugin/ConfigureInteraction ?[3mversion?[0m?[2m=?[0mHTTP/2.0 ?[3mheaders?[0m?[2m=?[0m{"content-type": "application/grpc", "te": "trailers", "user-agent": "grpc-java-netty/1.49.0", "grpc-accept-encoding": "gzip", "authorization": Sensitive}?[1m}?[0m?[2m:?[0m ?[2mpact_protobuf_plugin::protobuf?[0m?[2m:?[0m >> construct_protobuf_interaction_for_service({"pact:proto": Value { kind: Some(StringValue("/Users/karthik/Downloads/pact-plugins-main/examples/gRPC/area_calculator/proto/area_calculator.proto")) }, "pact:proto-service": Value { kind: Some(StringValue("Calculator/calculateOne")) }, "request": Value { kind: Some(StructValue(Struct { fields: {"rectangle": Value { kind: Some(StructValue(Struct { fields: {"length": Value { kind: Some(StringValue("matching(number, 3)")) }, "width": Value { kind: Some(StringValue("matching(number, 4)")) }} })) }} })) }, "response": Value { kind: Some(ListValue(ListValue { values: [Value { kind: Some(StructValue(Struct { fields: {"value": Value { kind: Some(StringValue("matching(number, 12)")) }} })) }] })) }}, Calculator, calculateOne)
15:05:16.048 [Thread-5] DEBUG i.pact.plugins.jvm.core.ChildProcess - Plugin protobuf [46038] || ?[2m2023-03-27T09:35:16.047830Z?[0m ?[35mTRACE?[0m tokio-runtime-worker ?[1mrequest?[0m?[1m{?[0m?[3mmethod?[0m?[2m=?[0mPOST ?[3muri?[0m?[2m=?[0mhttp://[::1]:53788/io.pact.plugin.PactPlugin/ConfigureInteraction ?[3mversion?[0m?[2m=?[0mHTTP/2.0 ?[3mheaders?[0m?[2m=?[0m{"content-type": "application/grpc", "te": "trailers", "user-agent": "grpc-java-netty/1.49.0", "grpc-accept-encoding": "gzip", "authorization": Sensitive}?[1m}?[0m?[2m:?[0m ?[2mpact_protobuf_plugin::protobuf?[0m?[2m:?[0m >> construct_protobuf_interaction_for_message(ShapeMessage, , Some("area_calculator.proto"), ["rectangle"])
15:05:16.048 [Thread-5] DEBUG i.pact.plugins.jvm.core.ChildProcess - Plugin protobuf [46038] || ?[2m2023-03-27T09:35:16.047882Z?[0m ?[34mDEBUG?[0m tokio-runtime-worker ?[1mrequest?[0m?[1m{?[0m?[3mmethod?[0m?[2m=?[0mPOST ?[3muri?[0m?[2m=?[0mhttp://[::1]:53788/io.pact.plugin.PactPlugin/ConfigureInteraction ?[3mversion?[0m?[2m=?[0mHTTP/2.0 ?[3mheaders?[0m?[2m=?[0m{"content-type": "application/grpc", "te": "trailers", "user-agent": "grpc-java-netty/1.49.0", "grpc-accept-encoding": "gzip", "authorization": Sensitive}?[1m}?[0m?[2m:?[0m ?[2mpact_protobuf_plugin::protobuf?[0m?[2m:?[0m Building message ShapeMessage from Protobuf descriptor
15:05:16.048 [Thread-5] DEBUG i.pact.plugins.jvm.core.ChildProcess - Plugin protobuf [46038] || ?[2m2023-03-27T09:35:16.048175Z?[0m ?[34mDEBUG?[0m tokio-runtime-worker ?[1mrequest?[0m?[1m{?[0m?[3mmethod?[0m?[2m=?[0mPOST ?[3muri?[0m?[2m=?[0mhttp://[::1]:53788/io.pact.plugin.PactPlugin/ConfigureInteraction ?[3mversion?[0m?[2m=?[0mHTTP/2.0 ?[3mheaders?[0m?[2m=?[0m{"content-type": "application/grpc", "te": "trailers", "user-agent": "grpc-java-netty/1.49.0", "grpc-accept-encoding": "gzip", "authorization": Sensitive}?[1m}?[0m?[2m:?[0m ?[2mpact_protobuf_plugin::protobuf?[0m?[2m:?[0m Building field for key rectangle, '$.rectangle'
15:05:16.048 [Thread-5] DEBUG i.pact.plugins.jvm.core.ChildProcess - Plugin protobuf [46038] || ?[2m2023-03-27T09:35:16.048239Z?[0m ?[35mTRACE?[0m tokio-runtime-worker ?[1mrequest?[0m?[1m{?[0m?[3mmethod?[0m?[2m=?[0mPOST ?[3muri?[0m?[2m=?[0mhttp://[::1]:53788/io.pact.plugin.PactPlugin/ConfigureInteraction ?[3mversion?[0m?[2m=?[0mHTTP/2.0 ?[3mheaders?[0m?[2m=?[0m{"content-type": "application/grpc", "te": "trailers", "user-agent": "grpc-java-netty/1.49.0", "grpc-accept-encoding": "gzip", "authorization": Sensitive}?[1m}?[0m?[2m:?[0m ?[2mpact_protobuf_plugin::protobuf?[0m?[2m:?[0m >> construct_message_field(rectangle, $.rectangle, MessageBuilder { file_descriptor: FileDescriptorProto { name: Some("area_calculator.proto"), package: Some("area_calculator"), dependency: [], public_dependency: [], weak_dependency: [], message_type: [DescriptorProto { name: Some("ShapeMessage"), field: [FieldDescriptorProto { name: Some("square"), number: Some(1), label: Some(Optional), r#type: Some(Message), type_name: Some(".area_calculator.Square"), extendee: None, default_value: None, oneof_index: Some(0), json_name: Some("square"), options: None, proto3_optional: None }, FieldDescriptorProto { name: Some("rectangle"), number: Some(2), label: Some(Optional), r#type: Some(Message), type_name: Some(".area_calculator.Rectangle"), extendee: None, default_value: None, oneof_index: Some(0), json_name: Some("rectangle"), options: None, proto3_optional: None }, FieldDescriptorProto { name: Some("circle"), number: Some(3), label: Some(Optional), r#type: Some(Message), type_name: Some(".area_calculator.Circle"), extendee: None, default_value: None, oneof_index: Some(0), json_name: Some("circle"), options: None, proto3_optional: None }, FieldDescriptorProto { name: Some("triangle"), number: Some(4), label: Some(Optional), r#type: Some(Message), type_name: Some(".area_calculator.Triangle"), extendee: None, default_value: None, oneof_index: Some(0), json_name: Some("triangle"), options: None, proto3_optional: None }, FieldDescriptorProto { name: Some("parallelogram"), number: Some(5), label: Some(Optional), r#type: Some(Message), type_name: Some(".area_calculator.Parallelogram"), extendee: None, default_value: None, oneof_index: Some(0), json_name: Some("parallelogram"), options: None, proto3_optional: None }], extension: [], nested_type: [], enum_type: [], extension_range: [], oneof_decl: [OneofDescriptorProto { name: Some("shape"), options: None }], options: None, reserved_range: [], reserved_name: [] }, DescriptorProto { name: Some("Square"), field: [FieldDescriptorProto { name: Some("edge_length"), number: Some(1), label: Some(Optional), r#type: Some(Float), type_name: None, extendee: None, default_value: None, oneof_index: None, json_name: Some("edgeLength"), options: None, proto3_optional: None }], extension: [], nested_type: [], enum_type: [], extension_range: [], oneof_decl: [], options: None, reserved_range: [], reserved_name: [] }, DescriptorProto { name: Some("Rectangle"), field: [FieldDescriptorProto { name: Some("length"), number: Some(1), label: Some(Optional), r#type: Some(Float), type_name: None, extendee: None, default_value: None, oneof_index: None, json_name: Some("length"), options: None, proto3_optional: None }, FieldDescriptorProto { name: Some("width"), number: Some(2), label: Some(Optional), r#type: Some(Float), type_name: None, extendee: None, default_value: None, oneof_index: None, json_name: Some("width"), options: None, proto3_optional: None }], extension: [], nested_type: [], enum_type: [], extension_range: [], oneof_decl: [], options: None, reserved_range: [], reserved_name: [] }, DescriptorProto { name: Some("Circle"), field: [FieldDescriptorProto { name: Some("radius"), number: Some(1), label: Some(Optional), r#type: Some(Float), type_name: None, extendee: None, default_value: None, oneof_index: None, json_name: Some("radius"), options: None, proto3_optional: None }], extension: [], nested_type: [], enum_type: [], extension_range: [], oneof_decl: [], options: None, reserved_range: [], reserved_name: [] }, DescriptorProto { name: Some("Triangle"), field: [FieldDescriptorProto { name: Some("edge_a"), number: Some(1), label: Some(Optional), r#type: Some(Float), type_name: None, extendee: None, default_value: None, oneof_index: None, json_name: Some("edgeA"), options: None, proto3_optional: None }, FieldDescriptorProto { name: Some("edge_b"), number: Some(2), label: Some(Optional), r#type: Some(Float), type_name: None, extendee: None, default_value: None, oneof_index: None, json_name: Some("edgeB"), options: None, proto3_optional: None }, FieldDescriptorProto { name: Some("edge_c"), number: Some(3), label: Some(Optional), r#type: Some(Float), type_name: None, extendee: None, default_value: None, oneof_index: None, json_name: Some("edgeC"), options: None, proto3_optional: None }], extension: [], nested_type: [], enum_type: [], extension_range: [], oneof_decl: [], options: None, reserved_range: [], reserved_name: [] }, DescriptorProto { name: Some("Parallelogram"), field: [FieldDescriptorProto { name: Some("base_length"), number: Some(1), label: Some(Optional), r#type: Some(Float), type_name: None, extendee: None, default_value: None, oneof_index: None, json_name: Some("baseLength"), options: None, proto3_optional: None }, FieldDescriptorProto { name: Some("height"), number: Some(2), label: Some(Optional), r#type: Some(Float), type_name: None, extendee: None, default_value: None, oneof_index: None, json_name: Some("height"), options: None, proto3_optional: None }], extension: [], nested_type: [], enum_type: [], extension_range: [], oneof_decl: [], options: None, reserved_range: [], reserved_name: [] }, DescriptorProto { name: Some("AreaRequest"), field: [FieldDescriptorProto { name: Some("shapes"), number: Some(1), label: Some(Repeated), r#type: Some(Message), type_name: Some(".area_calculator.ShapeMessage"), extendee: None, default_value: None, oneof_index: None, json_name: Some("shapes"), options: None, proto3_optional: None }], extension: [], nested_type: [], enum_type: [], extension_range: [], oneof_decl: [], options: None, reserved_range: [], reserved_name: [] }, DescriptorProto { name: Some("AreaResponse"), field: [FieldDescriptorProto { name: Some("value"), number: Some(1), label: Some(Repeated), r#type: Some(Float), type_name: None, extendee: None, default_value: None, oneof_index: None, json_name: Some("value"), options: None, proto3_optional: None }], extension: [], nested_type: [], enum_type: [], extension_range: [], oneof_decl: [], options: None, reserved_range: [], reserved_name: [] }], enum_type: [], service: [ServiceDescriptorProto { name: Some("Calculator"), method: [MethodDescriptorProto { name: Some("calculateOne"), input_type: Some(".area_calculator.ShapeMessage"), output_type: Some(".area_calculator.AreaResponse"), options: Some(MethodOptions { deprecated: None, idempotency_level: None, uninterpreted_option: [] }), client_streaming: None, server_streaming: None }, MethodDescriptorProto { name: Some("calculateMulti"), input_type: Some(".area_calculator.AreaRequest"), output_type: Some(".area_calculator.AreaResponse"), options: Some(MethodOptions { deprecated: None, idempotency_level: None, uninterpreted_option: [] }), client_streaming: None, server_streaming: None }], options: None }], extension: [], options: Some(FileOptions { java_package: None, java_outer_classname: None, java_multiple_files: None, java_generate_equals_and_hash: None, java_string_check_utf8: None, optimize_for: None, go_package: Some("io.pact/area_calculator"), cc_generic_services: None, java_generic_services: None, py_generic_services: None, php_generic_services: Some(true), deprecated: None, cc_enable_arenas: None, objc_class_prefix: None, csharp_namespace: None, swift_prefix: None, php_class_prefix: None, php_namespace: None, php_metadata_namespace: None, ruby_package: None, uninterpreted_option: [] }), source_code_info: None, syntax: Some("proto3") }, descriptor: DescriptorProto { name: Some("ShapeMessage"), field: [FieldDescriptorProto { name: Some("square"), number: Some(1), label: Some(Optional), r#type: Some(Message), type_name: Some(".area_calculator.Square"), extendee: None, default_value: None, oneof_index: Some(0), json_name: Some("square"), options: None, proto3_optional: None }, FieldDescriptorProto { name: Some("rectangle"), number: Some(2), label: Some(Optional), r#type: Some(Message), type_name: Some(".area_calculator.Rectangle"), extendee: None, default_value: None, oneof_index: Some(0), json_name: Some("rectangle"), options: None, proto3_optional: None }, FieldDescriptorProto { name: Some("circle"), number: Some(3), label: Some(Optional), r#type: Some(Message), type_name: Some(".area_calculator.Circle"), extendee: None, default_value: None, oneof_index: Some(0), json_name: Some("circle"), options: None, proto3_optional: None }, FieldDescriptorProto { name: Some("triangle"), number: Some(4), label: Some(Optional), r#type: Some(Message), type_name: Some(".area_calculator.Triangle"), extendee: None, default_value: None, oneof_index: Some(0), json_name: Some("triangle"), options: None, proto3_optional: None }, FieldDescriptorProto { name: Some("parallelogram"), number: Some(5), label: Some(Optional), r#type: Some(Message), type_name: Some(".area_calculator.Parallelogram"), extendee: None, default_value: None, oneof_index: Some(0), json_name: Some("parallelogram"), options: None, proto3_optional: None }], extension: [], nested_type: [], enum_type: [], extension_range: [], oneof_decl: [OneofDescriptorProto { name: Some("shape"), options: None }], options: None, reserved_range: [], reserved_name: [] }, message_name: "ShapeMessage", fields: {} }, MatchingRuleCategory { name: BODY, rules: {} }, {})
15:05:16.049 [Thread-5] DEBUG i.pact.plugins.jvm.core.ChildProcess - Plugin protobuf [46038] || ?[2m2023-03-27T09:35:16.048518Z?[0m ?[35mTRACE?[0m tokio-runtime-worker ?[1mrequest?[0m?[1m{?[0m?[3mmethod?[0m?[2m=?[0mPOST ?[3muri?[0m?[2m=?[0mhttp://[::1]:53788/io.pact.plugin.PactPlugin/ConfigureInteraction ?[3mversion?[0m?[2m=?[0mHTTP/2.0 ?[3mheaders?[0m?[2m=?[0m{"content-type": "application/grpc", "te": "trailers", "user-agent": "grpc-java-netty/1.49.0", "grpc-accept-encoding": "gzip", "authorization": Sensitive}?[1m}?[0m?[2m:?[0m ?[2mpact_protobuf_plugin::protobuf?[0m?[2m:?[0m >> build_embedded_message_field_value($.rectangle, rectangle, Object({"length": String("matching(number, 3)"), "width": String("matching(number, 4)")}), MessageBuilder { file_descriptor: FileDescriptorProto { name: Some("area_calculator.proto"), package: Some("area_calculator"), dependency: [], public_dependency: [], weak_dependency: [], message_type: [DescriptorProto { name: Some("ShapeMessage"), field: [FieldDescriptorProto { name: Some("square"), number: Some(1), label: Some(Optional), r#type: Some(Message), type_name: Some(".area_calculator.Square"), extendee: None, default_value: None, oneof_index: Some(0), json_name: Some("square"), options: None, proto3_optional: None }, FieldDescriptorProto { name: Some("rectangle"), number: Some(2), label: Some(Optional), r#type: Some(Message), type_name: Some(".area_calculator.Rectangle"), extendee: None, default_value: None, oneof_index: Some(0), json_name: Some("rectangle"), options: None, proto3_optional: None }, FieldDescriptorProto { name: Some("circle"), number: Some(3), label: Some(Optional), r#type: Some(Message), type_name: Some(".area_calculator.Circle"), extendee: None, default_value: None, oneof_index: Some(0), json_name: Some("circle"), options: None, proto3_optional: None }, FieldDescriptorProto { name: Some("triangle"), number: Some(4), label: Some(Optional), r#type: Some(Message), type_name: Some(".area_calculator.Triangle"), extendee: None, default_value: None, oneof_index: Some(0), json_name: Some("triangle"), options: None, proto3_optional: None }, FieldDescriptorProto { name: Some("parallelogram"), number: Some(5), label: Some(Optional), r#type: Some(Message), type_name: Some(".area_calculator.Parallelogram"), extendee: None, default_value: None, oneof_index: Some(0), json_name: Some("parallelogram"), options: None, proto3_optional: None }], extension: [], nested_type: [], enum_type: [], extension_range: [], oneof_decl: [OneofDescriptorProto { name: Some("shape"), options: None }], options: None, reserved_range: [], reserved_name: [] }, DescriptorProto { name: Some("Square"), field: [FieldDescriptorProto { name: Some("edge_length"), number: Some(1), label: Some(Optional), r#type: Some(Float), type_name: None, extendee: None, default_value: None, oneof_index: None, json_name: Some("edgeLength"), options: None, proto3_optional: None }], extension: [], nested_type: [], enum_type: [], extension_range: [], oneof_decl: [], options: None, reserved_range: [], reserved_name: [] }, DescriptorProto { name: Some("Rectangle"), field: [FieldDescriptorProto { name: Some("length"), number: Some(1), label: Some(Optional), r#type: Some(Float), type_name: None, extendee: None, default_value: None, oneof_index: None, json_name: Some("length"), options: None, proto3_optional: None }, FieldDescriptorProto { name: Some("width"), number: Some(2), label: Some(Optional), r#type: Some(Float), type_name: None, extendee: None, default_value: None, oneof_index: None, json_name: Some("width"), options: None, proto3_optional: None }], extension: [], nested_type: [], enum_type: [], extension_range: [], oneof_decl: [], options: None, reserved_range: [], reserved_name: [] }, DescriptorProto { name: Some("Circle"), field: [FieldDescriptorProto { name: Some("radius"), number: Some(1), label: Some(Optional), r#type: Some(Float), type_name: None, extendee: None, default_value: None, oneof_index: None, json_name: Some("radius"), options: None, proto3_optional: None }], extension: [], nested_type: [], enum_type: [], extension_range: [], oneof_decl: [], options: None, reserved_range: [], reserved_name: [] }, DescriptorProto { name: Some("Triangle"), field: [FieldDescriptorProto { name: Some("edge_a"), number: Some(1), label: Some(Optional), r#type: Some(Float), type_name: None, extendee: None, default_value: None, oneof_index: None, json_name: Some("edgeA"), options: None, proto3_optional: None }, FieldDescriptorProto { name: Some("edge_b"), number: Some(2), label: Some(Optional), r#type: Some(Float), type_name: None, extendee: None, default_value: None, oneof_index: None, json_name: Some("edgeB"), options: None, proto3_optional: None }, FieldDescriptorProto { name: Some("edge_c"), number: Some(3), label: Some(Optional), r#type: Some(Float), type_name: None, extendee: None, default_value: None, oneof_index: None, json_name: Some("edgeC"), options: None, proto3_optional: None }], extension: [], nested_type: [], enum_type: [], extension_range: [], oneof_decl: [], options: None, reserved_range: [], reserved_name: [] }, DescriptorProto { name: Some("Parallelogram"), field: [FieldDescriptorProto { name: Some("base_length"), number: Some(1), label: Some(Optional), r#type: Some(Float), type_name: None, extendee: None, default_value: None, oneof_index: None, json_name: Some("baseLength"), options: None, proto3_optional: None }, FieldDescriptorProto { name: Some("height"), number: Some(2), label: Some(Optional), r#type: Some(Float), type_name: None, extendee: None, default_value: None, oneof_index: None, json_name: Some("height"), options: None, proto3_optional: None }], extension: [], nested_type: [], enum_type: [], extension_range: [], oneof_decl: [], options: None, reserved_range: [], reserved_name: [] }, DescriptorProto { name: Some("AreaRequest"), field: [FieldDescriptorProto { name: Some("shapes"), number: Some(1), label: Some(Repeated), r#type: Some(Message), type_name: Some(".area_calculator.ShapeMessage"), extendee: None, default_value: None, oneof_index: None, json_name: Some("shapes"), options: None, proto3_optional: None }], extension: [], nested_type: [], enum_type: [], extension_range: [], oneof_decl: [], options: None, reserved_range: [], reserved_name: [] }, DescriptorProto { name: Some("AreaResponse"), field: [FieldDescriptorProto { name: Some("value"), number: Some(1), label: Some(Repeated), r#type: Some(Float), type_name: None, extendee: None, default_value: None, oneof_index: None, json_name: Some("value"), options: None, proto3_optional: None }], extension: [], nested_type: [], enum_type: [], extension_range: [], oneof_decl: [], options: None, reserved_range: [], reserved_name: [] }], enum_type: [], service: [ServiceDescriptorProto { name: Some("Calculator"), method: [MethodDescriptorProto { name: Some("calculateOne"), input_type: Some(".area_calculator.ShapeMessage"), output_type: Some(".area_calculator.AreaResponse"), options: Some(MethodOptions { deprecated: None, idempotency_level: None, uninterpreted_option: [] }), client_streaming: None, server_streaming: None }, MethodDescriptorProto { name: Some("calculateMulti"), input_type: Some(".area_calculator.AreaRequest"), output_type: Some(".area_calculator.AreaResponse"), options: Some(MethodOptions { deprecated: None, idempotency_level: None, uninterpreted_option: [] }), client_streaming: None, server_streaming: None }], options: None }], extension: [], options: Some(FileOptions { java_package: None, java_outer_classname: None, java_multiple_files: None, java_generate_equals_and_hash: None, java_string_check_utf8: None, optimize_for: None, go_package: Some("io.pact/area_calculator"), cc_generic_services: None, java_generic_services: None, py_generic_services: None, php_generic_services: Some(true), deprecated: None, cc_enable_arenas: None, objc_class_prefix: None, csharp_namespace: None, swift_prefix: None, php_class_prefix: None, php_namespace: None, php_metadata_namespace: None, ruby_package: None, uninterpreted_option: [] }), source_code_info: None, syntax: Some("proto3") }, descriptor: DescriptorProto { name: Some("ShapeMessage"), field: [FieldDescriptorProto { name: Some("square"), number: Some(1), label: Some(Optional), r#type: Some(Message), type_name: Some(".area_calculator.Square"), extendee: None, default_value: None, oneof_index: Some(0), json_name: Some("square"), options: None, proto3_optional: None }, FieldDescriptorProto { name: Some("rectangle"), number: Some(2), label: Some(Optional), r#type: Some(Message), type_name: Some(".area_calculator.Rectangle"), extendee: None, default_value: None, oneof_index: Some(0), json_name: Some("rectangle"), options: None, proto3_optional: None }, FieldDescriptorProto { name: Some("circle"), number: Some(3), label: Some(Optional), r#type: Some(Message), type_name: Some(".area_calculator.Circle"), extendee: None, default_value: None, oneof_index: Some(0), json_name: Some("circle"), options: None, proto3_optional: None }, FieldDescriptorProto { name: Some("triangle"), number: Some(4), label: Some(Optional), r#type: Some(Message), type_name: Some(".area_calculator.Triangle"), extendee: None, default_value: None, oneof_index: Some(0), json_name: Some("triangle"), options: None, proto3_optional: None }, FieldDescriptorProto { name: Some("parallelogram"), number: Some(5), label: Some(Optional), r#type: Some(Message), type_name: Some(".area_calculator.Parallelogram"), extendee: None, default_value: None, oneof_index: Some(0), json_name: Some("parallelogram"), options: None, proto3_optional: None }], extension: [], nested_type: [], enum_type: [], extension_range: [], oneof_decl: [OneofDescriptorProto { name: Some("shape"), options: None }], options: None, reserved_range: [], reserved_name: [] }, message_name: "ShapeMessage", fields: {} }, MatchingRuleCategory { name: BODY, rules: {} }, {})
15:05:16.049 [Thread-5] DEBUG i.pact.plugins.jvm.core.ChildProcess - Plugin protobuf [46038] || ?[2m2023-03-27T09:35:16.048697Z?[0m ?[35mTRACE?[0m tokio-runtime-worker ?[1mrequest?[0m?[1m{?[0m?[3mmethod?[0m?[2m=?[0mPOST ?[3muri?[0m?[2m=?[0mhttp://[::1]:53788/io.pact.plugin.PactPlugin/ConfigureInteraction ?[3mversion?[0m?[2m=?[0mHTTP/2.0 ?[3mheaders?[0m?[2m=?[0m{"content-type": "application/grpc", "te": "trailers", "user-agent": "grpc-java-netty/1.49.0", "grpc-accept-encoding": "gzip", "authorization": Sensitive}?[1m}?[0m?[2m:?[0m ?[2mpact_protobuf_plugin::protobuf?[0m?[2m:?[0m >> build_single_embedded_field_value('$.rectangle', Some("rectangle"), rectangle, Object({"length": String("matching(number, 3)"), "width": String("matching(number, 4)")}), MatchingRuleCategory { name: BODY, rules: {} }, {})
15:05:16.049 [Thread-5] DEBUG i.pact.plugins.jvm.core.ChildProcess - Plugin protobuf [46038] || ?[2m2023-03-27T09:35:16.048728Z?[0m ?[34mDEBUG?[0m tokio-runtime-worker ?[1mrequest?[0m?[1m{?[0m?[3mmethod?[0m?[2m=?[0mPOST ?[3muri?[0m?[2m=?[0mhttp://[::1]:53788/io.pact.plugin.PactPlugin/ConfigureInteraction ?[3mversion?[0m?[2m=?[0mHTTP/2.0 ?[3mheaders?[0m?[2m=?[0m{"content-type": "application/grpc", "te": "trailers", "user-agent": "grpc-java-netty/1.49.0", "grpc-accept-encoding": "gzip", "authorization": Sensitive}?[1m}?[0m?[2m:?[0m ?[2mpact_protobuf_plugin::protobuf?[0m?[2m:?[0m Configuring message field 'rectangle' (type Some(".area_calculator.Rectangle"))
15:05:16.049 [Thread-5] DEBUG i.pact.plugins.jvm.core.ChildProcess - Plugin protobuf [46038] || ?[2m2023-03-27T09:35:16.048753Z?[0m ?[34mDEBUG?[0m tokio-runtime-worker ?[1mrequest?[0m?[1m{?[0m?[3mmethod?[0m?[2m=?[0mPOST ?[3muri?[0m?[2m=?[0mhttp://[::1]:53788/io.pact.plugin.PactPlugin/ConfigureInteraction ?[3mversion?[0m?[2m=?[0mHTTP/2.0 ?[3mheaders?[0m?[2m=?[0m{"content-type": "application/grpc", "te": "trailers", "user-agent": "grpc-java-netty/1.49.0", "grpc-accept-encoding": "gzip", "authorization": Sensitive}?[1m}?[0m?[2m:?[0m ?[2mpact_protobuf_plugin::protobuf?[0m?[2m:?[0m Configuring the message from config {"length": String("matching(number, 3)"), "width": String("matching(number, 4)")}
15:05:16.049 [Thread-5] DEBUG i.pact.plugins.jvm.core.ChildProcess - Plugin protobuf [46038] || ?[2m2023-03-27T09:35:16.048795Z?[0m ?[35mTRACE?[0m tokio-runtime-worker ?[1mrequest?[0m?[1m{?[0m?[3mmethod?[0m?[2m=?[0mPOST ?[3muri?[0m?[2m=?[0mhttp://[::1]:53788/io.pact.plugin.PactPlugin/ConfigureInteraction ?[3mversion?[0m?[2m=?[0mHTTP/2.0 ?[3mheaders?[0m?[2m=?[0m{"content-type": "application/grpc", "te": "trailers", "user-agent": "grpc-java-netty/1.49.0", "grpc-accept-encoding": "gzip", "authorization": Sensitive}?[1m}?[0m?[2m:?[0m ?[2mpact_protobuf_plugin::protobuf?[0m?[2m:?[0m >> construct_message_field(length, $.rectangle.length, MessageBuilder { file_descriptor: FileDescriptorProto { name: Some("area_calculator.proto"), package: Some("area_calculator"), dependency: [], public_dependency: [], weak_dependency: [], message_type: [DescriptorProto { name: Some("ShapeMessage"), field: [FieldDescriptorProto { name: Some("square"), number: Some(1), label: Some(Optional), r#type: Some(Message), type_name: Some(".area_calculator.Square"), extendee: None, default_value: None, oneof_index: Some(0), json_name: Some("square"), options: None, proto3_optional: None }, FieldDescriptorProto { name: Some("rectangle"), number: Some(2), label: Some(Optional), r#type: Some(Message), type_name: Some(".area_calculator.Rectangle"), extendee: None, default_value: None, oneof_index: Some(0), json_name: Some("rectangle"), options: None, proto3_optional: None }, FieldDescriptorProto { name: Some("circle"), number: Some(3), label: Some(Optional), r#type: Some(Message), type_name: Some(".area_calculator.Circle"), extendee: None, default_value: None, oneof_index: Some(0), json_name: Some("circle"), options: None, proto3_optional: None }, FieldDescriptorProto { name: Some("triangle"), number: Some(4), label: Some(Optional), r#type: Some(Message), type_name: Some(".area_calculator.Triangle"), extendee: None, default_value: None, oneof_index: Some(0), json_name: Some("triangle"), options: None, proto3_optional: None }, FieldDescriptorProto { name: Some("parallelogram"), number: Some(5), label: Some(Optional), r#type: Some(Message), type_name: Some(".area_calculator.Parallelogram"), extendee: None, default_value: None, oneof_index: Some(0), json_name: Some("parallelogram"), options: None, proto3_optional: None }], extension: [], nested_type: [], enum_type: [], extension_range: [], oneof_decl: [OneofDescriptorProto { name: Some("shape"), options: None }], options: None, reserved_range: [], reserved_name: [] }, DescriptorProto { name: Some("Square"), field: [FieldDescriptorProto { name: Some("edge_length"), number: Some(1), label: Some(Optional), r#type: Some(Float), type_name: None, extendee: None, default_value: None, oneof_index: None, json_name: Some("edgeLength"), options: None, proto3_optional: None }], extension: [], nested_type: [], enum_type: [], extension_range: [], oneof_decl: [], options: None, reserved_range: [], reserved_name: [] }, DescriptorProto { name: Some("Rectangle"), field: [FieldDescriptorProto { name: Some("length"), number: Some(1), label: Some(Optional), r#type: Some(Float), type_name: None, extendee: None, default_value: None, oneof_index: None, json_name: Some("length"), options: None, proto3_optional: None }, FieldDescriptorProto { name: Some("width"), number: Some(2), label: Some(Optional), r#type: Some(Float), type_name: None, extendee: None, default_value: None, oneof_index: None, json_name: Some("width"), options: None, proto3_optional: None }], extension: [], nested_type: [], enum_type: [], extension_range: [], oneof_decl: [], options: None, reserved_range: [], reserved_name: [] }, DescriptorProto { name: Some("Circle"), field: [FieldDescriptorProto { name: Some("radius"), number: Some(1), label: Some(Optional), r#type: Some(Float), type_name: None, extendee: None, default_value: None, oneof_index: None, json_name: Some("radius"), options: None, proto3_optional: None }], extension: [], nested_type: [], enum_type: [], extension_range: [], oneof_decl: [], options: None, reserved_range: [], reserved_name: [] }, DescriptorProto { name: Some("Triangle"), field: [FieldDescriptorProto { name: Some("edge_a"), number: Some(1), label: Some(Optional), r#type: Some(Float), type_name: None, extendee: None, default_value: None, oneof_index: None, json_name: Some("edgeA"), options: None, proto3_optional: None }, FieldDescriptorProto { name: Some("edge_b"), number: Some(2), label: Some(Optional), r#type: Some(Float), type_name: None, extendee: None, default_value: None, oneof_index: None, json_name: Some("edgeB"), options: None, proto3_optional: None }, FieldDescriptorProto { name: Some("edge_c"), number: Some(3), label: Some(Optional), r#type: Some(Float), type_name: None, extendee: None, default_value: None, oneof_index: None, json_name: Some("edgeC"), options: None, proto3_optional: None }], extension: [], nested_type: [], enum_type: [], extension_range: [], oneof_decl: [], options: None, reserved_range: [], reserved_name: [] }, DescriptorProto { name: Some("Parallelogram"), field: [FieldDescriptorProto { name: Some("base_length"), number: Some(1), label: Some(Optional), r#type: Some(Float), type_name: None, extendee: None, default_value: None, oneof_index: None, json_name: Some("baseLength"), options: None, proto3_optional: None }, FieldDescriptorProto { name: Some("height"), number: Some(2), label: Some(Optional), r#type: Some(Float), type_name: None, extendee: None, default_value: None, oneof_index: None, json_name: Some("height"), options: None, proto3_optional: None }], extension: [], nested_type: [], enum_type: [], extension_range: [], oneof_decl: [], options: None, reserved_range: [], reserved_name: [] }, DescriptorProto { name: Some("AreaRequest"), field: [FieldDescriptorProto { name: Some("shapes"), number: Some(1), label: Some(Repeated), r#type: Some(Message), type_name: Some(".area_calculator.ShapeMessage"), extendee: None, default_value: None, oneof_index: None, json_name: Some("shapes"), options: None, proto3_optional: None }], extension: [], nested_type: [], enum_type: [], extension_range: [], oneof_decl: [], options: None, reserved_range: [], reserved_name: [] }, DescriptorProto { name: Some("AreaResponse"), field: [FieldDescriptorProto { name: Some("value"), number: Some(1), label: Some(Repeated), r#type: Some(Float), type_name: None, extendee: None, default_value: None, oneof_index: None, json_name: Some("value"), options: None, proto3_optional: None }], extension: [], nested_type: [], enum_type: [], extension_range: [], oneof_decl: [], options: None, reserved_range: [], reserved_name: [] }], enum_type: [], service: [ServiceDescriptorProto { name: Some("Calculator"), method: [MethodDescriptorProto { name: Some("calculateOne"), input_type: Some(".area_calculator.ShapeMessage"), output_type: Some(".area_calculator.AreaResponse"), options: Some(MethodOptions { deprecated: None, idempotency_level: None, uninterpreted_option: [] }), client_streaming: None, server_streaming: None }, MethodDescriptorProto { name: Some("calculateMulti"), input_type: Some(".area_calculator.AreaRequest"), output_type: Some(".area_calculator.AreaResponse"), options: Some(MethodOptions { deprecated: None, idempotency_level: None, uninterpreted_option: [] }), client_streaming: None, server_streaming: None }], options: None }], extension: [], options: Some(FileOptions { java_package: None, java_outer_classname: None, java_multiple_files: None, java_generate_equals_and_hash: None, java_string_check_utf8: None, optimize_for: None, go_package: Some("io.pact/area_calculator"), cc_generic_services: None, java_generic_services: None, py_generic_services: None, php_generic_services: Some(true), deprecated: None, cc_enable_arenas: None, objc_class_prefix: None, csharp_namespace: None, swift_prefix: None, php_class_prefix: None, php_namespace: None, php_metadata_namespace: None, ruby_package: None, uninterpreted_option: [] }), source_code_info: None, syntax: Some("proto3") }, descriptor: DescriptorProto { name: Some("Rectangle"), field: [FieldDescriptorProto { name: Some("length"), number: Some(1), label: Some(Optional), r#type: Some(Float), type_name: None, extendee: None, default_value: None, oneof_index: None, json_name: Some("length"), options: None, proto3_optional: None }, FieldDescriptorProto { name: Some("width"), number: Some(2), label: Some(Optional), r#type: Some(Float), type_name: None, extendee: None, default_value: None, oneof_index: None, json_name: Some("width"), options: None, proto3_optional: None }], extension: [], nested_type: [], enum_type: [], extension_range: [], oneof_decl: [], options: None, reserved_range: [], reserved_name: [] }, message_name: "Rectangle", fields: {} }, MatchingRuleCategory { name: BODY, rules: {} }, {})
15:05:16.049 [Thread-5] DEBUG i.pact.plugins.jvm.core.ChildProcess - Plugin protobuf [46038] || ?[2m2023-03-27T09:35:16.048900Z?[0m ?[35mTRACE?[0m tokio-runtime-worker ?[1mrequest?[0m?[1m{?[0m?[3mmethod?[0m?[2m=?[0mPOST ?[3muri?[0m?[2m=?[0mhttp://[::1]:53788/io.pact.plugin.PactPlugin/ConfigureInteraction ?[3mversion?[0m?[2m=?[0mHTTP/2.0 ?[3mheaders?[0m?[2m=?[0m{"content-type": "application/grpc", "te": "trailers", "user-agent": "grpc-java-netty/1.49.0", "grpc-accept-encoding": "gzip", "authorization": Sensitive}?[1m}?[0m?[2m:?[0m ?[2mpact_protobuf_plugin::protobuf?[0m?[2m:?[0m >> build_field_value($.rectangle.length, length, String("matching(number, 3)"))
15:05:16.049 [Thread-5] DEBUG i.pact.plugins.jvm.core.ChildProcess - Plugin protobuf [46038] || ?[2m2023-03-27T09:35:16.048945Z?[0m ?[35mTRACE?[0m tokio-runtime-worker ?[1mrequest?[0m?[1m{?[0m?[3mmethod?[0m?[2m=?[0mPOST ?[3muri?[0m?[2m=?[0mhttp://[::1]:53788/io.pact.plugin.PactPlugin/ConfigureInteraction ?[3mversion?[0m?[2m=?[0mHTTP/2.0 ?[3mheaders?[0m?[2m=?[0m{"content-type": "application/grpc", "te": "trailers", "user-agent": "grpc-java-netty/1.49.0", "grpc-accept-encoding": "gzip", "authorization": Sensitive}?[1m}?[0m?[2m:?[0m ?[2mpact_protobuf_plugin::protobuf?[0m?[2m:?[0m value_for_type(length, 3, _)
15:05:16.049 [Thread-5] DEBUG i.pact.plugins.jvm.core.ChildProcess - Plugin protobuf [46038] || ?[2m2023-03-27T09:35:16.048958Z?[0m ?[34mDEBUG?[0m tokio-runtime-worker ?[1mrequest?[0m?[1m{?[0m?[3mmethod?[0m?[2m=?[0mPOST ?[3muri?[0m?[2m=?[0mhttp://[::1]:53788/io.pact.plugin.PactPlugin/ConfigureInteraction ?[3mversion?[0m?[2m=?[0mHTTP/2.0 ?[3mheaders?[0m?[2m=?[0m{"content-type": "application/grpc", "te": "trailers", "user-agent": "grpc-java-netty/1.49.0", "grpc-accept-encoding": "gzip", "authorization": Sensitive}?[1m}?[0m?[2m:?[0m ?[2mpact_protobuf_plugin::protobuf?[0m?[2m:?[0m Creating value for type "" from '3'
15:05:16.049 [Thread-5] DEBUG i.pact.plugins.jvm.core.ChildProcess - Plugin protobuf [46038] || ?[2m2023-03-27T09:35:16.048983Z?[0m ?[34mDEBUG?[0m tokio-runtime-worker ?[1mrequest?[0m?[1m{?[0m?[3mmethod?[0m?[2m=?[0mPOST ?[3muri?[0m?[2m=?[0mhttp://[::1]:53788/io.pact.plugin.PactPlugin/ConfigureInteraction ?[3mversion?[0m?[2m=?[0mHTTP/2.0 ?[3mheaders?[0m?[2m=?[0m{"content-type": "application/grpc", "te": "trailers", "user-agent": "grpc-java-netty/1.49.0", "grpc-accept-encoding": "gzip", "authorization": Sensitive}?[1m}?[0m?[2m:?[0m ?[2mpact_protobuf_plugin::protobuf?[0m?[2m:?[0m Setting field "length" to value MessageFieldValue { name: "length", raw_value: Some("3"), rtype: Float(3.0) }
15:05:16.049 [Thread-5] DEBUG i.pact.plugins.jvm.core.ChildProcess - Plugin protobuf [46038] || ?[2m2023-03-27T09:35:16.049024Z?[0m ?[35mTRACE?[0m tokio-runtime-worker ?[1mrequest?[0m?[1m{?[0m?[3mmethod?[0m?[2m=?[0mPOST ?[3muri?[0m?[2m=?[0mhttp://[::1]:53788/io.pact.plugin.PactPlugin/ConfigureInteraction ?[3mversion?[0m?[2m=?[0mHTTP/2.0 ?[3mheaders?[0m?[2m=?[0m{"content-type": "application/grpc", "te": "trailers", "user-agent": "grpc-java-netty/1.49.0", "grpc-accept-encoding": "gzip", "authorization": Sensitive}?[1m}?[0m?[2m:?[0m ?[2mpact_protobuf_plugin::protobuf?[0m?[2m:?[0m >> construct_message_field done (length, $.rectangle.length)
15:05:16.049 [Thread-5] DEBUG i.pact.plugins.jvm.core.ChildProcess - Plugin protobuf [46038] || ?[2m2023-03-27T09:35:16.049041Z?[0m ?[35mTRACE?[0m tokio-runtime-worker ?[1mrequest?[0m?[1m{?[0m?[3mmethod?[0m?[2m=?[0mPOST ?[3muri?[0m?[2m=?[0mhttp://[::1]:53788/io.pact.plugin.PactPlugin/ConfigureInteraction ?[3mversion?[0m?[2m=?[0mHTTP/2.0 ?[3mheaders?[0m?[2m=?[0m{"content-type": "application/grpc", "te": "trailers", "user-agent": "grpc-java-netty/1.49.0", "grpc-accept-encoding": "gzip", "authorization": Sensitive}?[1m}?[0m?[2m:?[0m ?[2mpact_protobuf_plugin::protobuf?[0m?[2m:?[0m >> construct_message_field(width, $.rectangle.width, MessageBuilder { file_descriptor: FileDescriptorProto { name: Some("area_calculator.proto"), package: Some("area_calculator"), dependency: [], public_dependency: [], weak_dependency: [], message_type: [DescriptorProto { name: Some("ShapeMessage"), field: [FieldDescriptorProto { name: Some("square"), number: Some(1), label: Some(Optional), r#type: Some(Message), type_name: Some(".area_calculator.Square"), extendee: None, default_value: None, oneof_index: Some(0), json_name: Some("square"), options: None, proto3_optional: None }, FieldDescriptorProto { name: Some("rectangle"), number: Some(2), label: Some(Optional), r#type: Some(Message), type_name: Some(".area_calculator.Rectangle"), extendee: None, default_value: None, oneof_index: Some(0), json_name: Some("rectangle"), options: None, proto3_optional: None }, FieldDescriptorProto { name: Some("circle"), number: Some(3), label: Some(Optional), r#type: Some(Message), type_name: Some(".area_calculator.Circle"), extendee: None, default_value: None, oneof_index: Some(0), json_name: Some("circle"), options: None, proto3_optional: None }, FieldDescriptorProto { name: Some("triangle"), number: Some(4), label: Some(Optional), r#type: Some(Message), type_name: Some(".area_calculator.Triangle"), extendee: None, default_value: None, oneof_index: Some(0), json_name: Some("triangle"), options: None, proto3_optional: None }, FieldDescriptorProto { name: Some("parallelogram"), number: Some(5), label: Some(Optional), r#type: Some(Message), type_name: Some(".area_calculator.Parallelogram"), extendee: None, default_value: None, oneof_index: Some(0), json_name: Some("parallelogram"), options: None, proto3_optional: None }], extension: [], nested_type: [], enum_type: [], extension_range: [], oneof_decl: [OneofDescriptorProto { name: Some("shape"), options: None }], options: None, reserved_range: [], reserved_name: [] }, DescriptorProto { name: Some("Square"), field: [FieldDescriptorProto { name: Some("edge_length"), number: Some(1), label: Some(Optional), r#type: Some(Float), type_name: None, extendee: None, default_value: None, oneof_index: None, json_name: Some("edgeLength"), options: None, proto3_optional: None }], extension: [], nested_type: [], enum_type: [], extension_range: [], oneof_decl: [], options: None, reserved_range: [], reserved_name: [] }, DescriptorProto { name: Some("Rectangle"), field: [FieldDescriptorProto { name: Some("length"), number: Some(1), label: Some(Optional), r#type: Some(Float), type_name: None, extendee: None, default_value: None, oneof_index: None, json_name: Some("length"), options: None, proto3_optional: None }, FieldDescriptorProto { name: Some("width"), number: Some(2), label: Some(Optional), r#type: Some(Float), type_name: None, extendee: None, default_value: None, oneof_index: None, json_name: Some("width"), options: None, proto3_optional: None }], extension: [], nested_type: [], enum_type: [], extension_range: [], oneof_decl: [], options: None, reserved_range: [], reserved_name: [] }, DescriptorProto { name: Some("Circle"), field: [FieldDescriptorProto { name: Some("radius"), number: Some(1), label: Some(Optional), r#type: Some(Float), type_name: None, extendee: None, default_value: None, oneof_index: None, json_name: Some("radius"), options: None, proto3_optional: None }], extension: [], nested_type: [], enum_type: [], extension_range: [], oneof_decl: [], options: None, reserved_range: [], reserved_name: [] }, DescriptorProto { name: Some("Triangle"), field: [FieldDescriptorProto { name: Some("edge_a"), number: Some(1), label: Some(Optional), r#type: Some(Float), type_name: None, extendee: None, default_value: None, oneof_index: None, json_name: Some("edgeA"), options: None, proto3_optional: None }, FieldDescriptorProto { name: Some("edge_b"), number: Some(2), label: Some(Optional), r#type: Some(Float), type_name: None, extendee: None, default_value: None, oneof_index: None, json_name: Some("edgeB"), options: None, proto3_optional: None }, FieldDescriptorProto { name: Some("edge_c"), number: Some(3), label: Some(Optional), r#type: Some(Float), type_name: None, extendee: None, default_value: None, oneof_index: None, json_name: Some("edgeC"), options: None, proto3_optional: None }], extension: [], nested_type: [], enum_type: [], extension_range: [], oneof_decl: [], options: None, reserved_range: [], reserved_name: [] }, DescriptorProto { name: Some("Parallelogram"), field: [FieldDescriptorProto { name: Some("base_length"), number: Some(1), label: Some(Optional), r#type: Some(Float), type_name: None, extendee: None, default_value: None, oneof_index: None, json_name: Some("baseLength"), options: None, proto3_optional: None }, FieldDescriptorProto { name: Some("height"), number: Some(2), label: Some(Optional), r#type: Some(Float), type_name: None, extendee: None, default_value: None, oneof_index: None, json_name: Some("height"), options: None, proto3_optional: None }], extension: [], nested_type: [], enum_type: [], extension_range: [], oneof_decl: [], options: None, reserved_range: [], reserved_name: [] }, DescriptorProto { name: Some("AreaRequest"), field: [FieldDescriptorProto { name: Some("shapes"), number: Some(1), label: Some(Repeated), r#type: Some(Message), type_name: Some(".area_calculator.ShapeMessage"), extendee: None, default_value: None, oneof_index: None, json_name: Some("shapes"), options: None, proto3_optional: None }], extension: [], nested_type: [], enum_type: [], extension_range: [], oneof_decl: [], options: None, reserved_range: [], reserved_name: [] }, DescriptorProto { name: Some("AreaResponse"), field: [FieldDescriptorProto { name: Some("value"), number: Some(1), label: Some(Repeated), r#type: Some(Float), type_name: None, extendee: None, default_value: None, oneof_index: None, json_name: Some("value"), options: None, proto3_optional: None }], extension: [], nested_type: [], enum_type: [], extension_range: [], oneof_decl: [], options: None, reserved_range: [], reserved_name: [] }], enum_type: [], service: [ServiceDescriptorProto { name: Some("Calculator"), method: [MethodDescriptorProto { name: Some("calculateOne"), input_type: Some(".area_calculator.ShapeMessage"), output_type: Some(".area_calculator.AreaResponse"), options: Some(MethodOptions { deprecated: None, idempotency_level: None, uninterpreted_option: [] }), client_streaming: None, server_streaming: None }, MethodDescriptorProto { name: Some("calculateMulti"), input_type: Some(".area_calculator.AreaRequest"), output_type: Some(".area_calculator.AreaResponse"), options: Some(MethodOptions { deprecated: None, idempotency_level: None, uninterpreted_option: [] }), client_streaming: None, server_streaming: None }], options: None }], extension: [], options: Some(FileOptions { java_package: None, java_outer_classname: None, java_multiple_files: None, java_generate_equals_and_hash: None, java_string_check_utf8: None, optimize_for: None, go_package: Some("io.pact/area_calculator"), cc_generic_services: None, java_generic_services: None, py_generic_services: None, php_generic_services: Some(true), deprecated: None, cc_enable_arenas: None, objc_class_prefix: None, csharp_namespace: None, swift_prefix: None, php_class_prefix: None, php_namespace: None, php_metadata_namespace: None, ruby_package: None, uninterpreted_option: [] }), source_code_info: None, syntax: Some("proto3") }, descriptor: DescriptorProto { name: Some("Rectangle"), field: [FieldDescriptorProto { name: Some("length"), number: Some(1), label: Some(Optional), r#type: Some(Float), type_name: None, extendee: None, default_value: None, oneof_index: None, json_name: Some("length"), options: None, proto3_optional: None }, FieldDescriptorProto { name: Some("width"), number: Some(2), label: Some(Optional), r#type: Some(Float), type_name: None, extendee: None, default_value: None, oneof_index: None, json_name: Some("width"), options: None, proto3_optional: None }], extension: [], nested_type: [], enum_type: [], extension_range: [], oneof_decl: [], options: None, reserved_range: [], reserved_name: [] }, message_name: "Rectangle", fields: {"length": FieldValueInner { values: [MessageFieldValue { name: "length", raw_value: Some("3"), rtype: Float(3.0) }], descriptor: FieldDescriptorProto { name: Some("length"), number: Some(1), label: Some(Optional), r#type: Some(Float), type_name: None, extendee: None, default_value: None, oneof_index: None, json_name: Some("length"), options: None, proto3_optional: None }, field_type: Normal, proto_type: Float }} }, MatchingRuleCategory { name: BODY, rules: {DocPath { path_tokens: [Root, Field("rectangle"), Field("length")], expr: "$.rectangle.length" }: RuleList { rules: [Number], rule_logic: And, cascaded: false }} }, {})
15:05:16.050 [Thread-5] DEBUG i.pact.plugins.jvm.core.ChildProcess - Plugin protobuf [46038] || ?[2m2023-03-27T09:35:16.049160Z?[0m ?[35mTRACE?[0m tokio-runtime-worker ?[1mrequest?[0m?[1m{?[0m?[3mmethod?[0m?[2m=?[0mPOST ?[3muri?[0m?[2m=?[0mhttp://[::1]:53788/io.pact.plugin.PactPlugin/ConfigureInteraction ?[3mversion?[0m?[2m=?[0mHTTP/2.0 ?[3mheaders?[0m?[2m=?[0m{"content-type": "application/grpc", "te": "trailers", "user-agent": "grpc-java-netty/1.49.0", "grpc-accept-encoding": "gzip", "authorization": Sensitive}?[1m}?[0m?[2m:?[0m ?[2mpact_protobuf_plugin::protobuf?[0m?[2m:?[0m >> build_field_value($.rectangle.width, width, String("matching(number, 4)"))
15:05:16.050 [Thread-5] DEBUG i.pact.plugins.jvm.core.ChildProcess - Plugin protobuf [46038] || ?[2m2023-03-27T09:35:16.049177Z?[0m ?[35mTRACE?[0m tokio-runtime-worker ?[1mrequest?[0m?[1m{?[0m?[3mmethod?[0m?[2m=?[0mPOST ?[3muri?[0m?[2m=?[0mhttp://[::1]:53788/io.pact.plugin.PactPlugin/ConfigureInteraction ?[3mversion?[0m?[2m=?[0mHTTP/2.0 ?[3mheaders?[0m?[2m=?[0m{"content-type": "application/grpc", "te": "trailers", "user-agent": "grpc-java-netty/1.49.0", "grpc-accept-encoding": "gzip", "authorization": Sensitive}?[1m}?[0m?[2m:?[0m ?[2mpact_protobuf_plugin::protobuf?[0m?[2m:?[0m value_for_type(width, 4, _)
15:05:16.050 [Thread-5] DEBUG i.pact.plugins.jvm.core.ChildProcess - Plugin protobuf [46038] || ?[2m2023-03-27T09:35:16.049190Z?[0m ?[34mDEBUG?[0m tokio-runtime-worker ?[1mrequest?[0m?[1m{?[0m?[3mmethod?[0m?[2m=?[0mPOST ?[3muri?[0m?[2m=?[0mhttp://[::1]:53788/io.pact.plugin.PactPlugin/ConfigureInteraction ?[3mversion?[0m?[2m=?[0mHTTP/2.0 ?[3mheaders?[0m?[2m=?[0m{"content-type": "application/grpc", "te": "trailers", "user-agent": "grpc-java-netty/1.49.0", "grpc-accept-encoding": "gzip", "authorization": Sensitive}?[1m}?[0m?[2m:?[0m ?[2mpact_protobuf_plugin::protobuf?[0m?[2m:?[0m Creating value for type "" from '4'
15:05:16.050 [Thread-5] DEBUG i.pact.plugins.jvm.core.ChildProcess - Plugin protobuf [46038] || ?[2m2023-03-27T09:35:16.049203Z?[0m ?[34mDEBUG?[0m tokio-runtime-worker ?[1mrequest?[0m?[1m{?[0m?[3mmethod?[0m?[2m=?[0mPOST ?[3muri?[0m?[2m=?[0mhttp://[::1]:53788/io.pact.plugin.PactPlugin/ConfigureInteraction ?[3mversion?[0m?[2m=?[0mHTTP/2.0 ?[3mheaders?[0m?[2m=?[0m{"content-type": "application/grpc", "te": "trailers", "user-agent": "grpc-java-netty/1.49.0", "grpc-accept-encoding": "gzip", "authorization": Sensitive}?[1m}?[0m?[2m:?[0m ?[2mpact_protobuf_plugin::protobuf?[0m?[2m:?[0m Setting field "width" to value MessageFieldValue { name: "width", raw_value: Some("4"), rtype: Float(4.0) }
15:05:16.050 [Thread-5] DEBUG i.pact.plugins.jvm.core.ChildProcess - Plugin protobuf [46038] || ?[2m2023-03-27T09:35:16.049219Z?[0m ?[35mTRACE?[0m tokio-runtime-worker ?[1mrequest?[0m?[1m{?[0m?[3mmethod?[0m?[2m=?[0mPOST ?[3muri?[0m?[2m=?[0mhttp://[::1]:53788/io.pact.plugin.PactPlugin/ConfigureInteraction ?[3mversion?[0m?[2m=?[0mHTTP/2.0 ?[3mheaders?[0m?[2m=?[0m{"content-type": "application/grpc", "te": "trailers", "user-agent": "grpc-java-netty/1.49.0", "grpc-accept-encoding": "gzip", "authorization": Sensitive}?[1m}?[0m?[2m:?[0m ?[2mpact_protobuf_plugin::protobuf?[0m?[2m:?[0m >> construct_message_field done (width, $.rectangle.width)
15:05:16.050 [Thread-5] DEBUG i.pact.plugins.jvm.core.ChildProcess - Plugin protobuf [46038] || ?[2m2023-03-27T09:35:16.049261Z?[0m ?[35mTRACE?[0m tokio-runtime-worker ?[1mrequest?[0m?[1m{?[0m?[3mmethod?[0m?[2m=?[0mPOST ?[3muri?[0m?[2m=?[0mhttp://[::1]:53788/io.pact.plugin.PactPlugin/ConfigureInteraction ?[3mversion?[0m?[2m=?[0mHTTP/2.0 ?[3mheaders?[0m?[2m=?[0m{"content-type": "application/grpc", "te": "trailers", "user-agent": "grpc-java-netty/1.49.0", "grpc-accept-encoding": "gzip", "authorization": Sensitive}?[1m}?[0m?[2m:?[0m ?[2mpact_protobuf_plugin::protobuf?[0m?[2m:?[0m >> construct_message_field done (rectangle, $.rectangle)
15:05:16.050 [Thread-5] DEBUG i.pact.plugins.jvm.core.ChildProcess - Plugin protobuf [46038] || ?[2m2023-03-27T09:35:16.049276Z?[0m ?[34mDEBUG?[0m tokio-runtime-worker ?[1mrequest?[0m?[1m{?[0m?[3mmethod?[0m?[2m=?[0mPOST ?[3muri?[0m?[2m=?[0mhttp://[::1]:53788/io.pact.plugin.PactPlugin/ConfigureInteraction ?[3mversion?[0m?[2m=?[0mHTTP/2.0 ?[3mheaders?[0m?[2m=?[0m{"content-type": "application/grpc", "te": "trailers", "user-agent": "grpc-java-netty/1.49.0", "grpc-accept-encoding": "gzip", "authorization": Sensitive}?[1m}?[0m?[2m:?[0m ?[2mpact_protobuf_plugin::protobuf?[0m?[2m:?[0m Constructing response to return
15:05:16.050 [Thread-5] DEBUG i.pact.plugins.jvm.core.ChildProcess - Plugin protobuf [46038] || ?[2m2023-03-27T09:35:16.049287Z?[0m ?[35mTRACE?[0m tokio-runtime-worker ?[1mrequest?[0m?[1m{?[0m?[3mmethod?[0m?[2m=?[0mPOST ?[3muri?[0m?[2m=?[0mhttp://[::1]:53788/io.pact.plugin.PactPlugin/ConfigureInteraction ?[3mversion?[0m?[2m=?[0mHTTP/2.0 ?[3mheaders?[0m?[2m=?[0m{"content-type": "application/grpc", "te": "trailers", "user-agent": "grpc-java-netty/1.49.0", "grpc-accept-encoding": "gzip", "authorization": Sensitive}?[1m}?[0m?[2m:?[0m ?[2mpact_protobuf_plugin::protobuf?[0m?[2m:?[0m Final message builder: MessageBuilder { file_descriptor: FileDescriptorProto { name: Some("area_calculator.proto"), package: Some("area_calculator"), dependency: [], public_dependency: [], weak_dependency: [], message_type: [DescriptorProto { name: Some("ShapeMessage"), field: [FieldDescriptorProto { name: Some("square"), number: Some(1), label: Some(Optional), r#type: Some(Message), type_name: Some(".area_calculator.Square"), extendee: None, default_value: None, oneof_index: Some(0), json_name: Some("square"), options: None, proto3_optional: None }, FieldDescriptorProto { name: Some("rectangle"), number: Some(2), label: Some(Optional), r#type: Some(Message), type_name: Some(".area_calculator.Rectangle"), extendee: None, default_value: None, oneof_index: Some(0), json_name: Some("rectangle"), options: None, proto3_optional: None }, FieldDescriptorProto { name: Some("circle"), number: Some(3), label: Some(Optional), r#type: Some(Message), type_name: Some(".area_calculator.Circle"), extendee: None, default_value: None, oneof_index: Some(0), json_name: Some("circle"), options: None, proto3_optional: None }, FieldDescriptorProto { name: Some("triangle"), number: Some(4), label: Some(Optional), r#type: Some(Message), type_name: Some(".area_calculator.Triangle"), extendee: None, default_value: None, oneof_index: Some(0), json_name: Some("triangle"), options: None, proto3_optional: None }, FieldDescriptorProto { name: Some("parallelogram"), number: Some(5), label: Some(Optional), r#type: Some(Message), type_name: Some(".area_calculator.Parallelogram"), extendee: None, default_value: None, oneof_index: Some(0), json_name: Some("parallelogram"), options: None, proto3_optional: None }], extension: [], nested_type: [], enum_type: [], extension_range: [], oneof_decl: [OneofDescriptorProto { name: Some("shape"), options: None }], options: None, reserved_range: [], reserved_name: [] }, DescriptorProto { name: Some("Square"), field: [FieldDescriptorProto { name: Some("edge_length"), number: Some(1), label: Some(Optional), r#type: Some(Float), type_name: None, extendee: None, default_value: None, oneof_index: None, json_name: Some("edgeLength"), options: None, proto3_optional: None }], extension: [], nested_type: [], enum_type: [], extension_range: [], oneof_decl: [], options: None, reserved_range: [], reserved_name: [] }, DescriptorProto { name: Some("Rectangle"), field: [FieldDescriptorProto { name: Some("length"), number: Some(1), label: Some(Optional), r#type: Some(Float), type_name: None, extendee: None, default_value: None, oneof_index: None, json_name: Some("length"), options: None, proto3_optional: None }, FieldDescriptorProto { name: Some("width"), number: Some(2), label: Some(Optional), r#type: Some(Float), type_name: None, extendee: None, default_value: None, oneof_index: None, json_name: Some("width"), options: None, proto3_optional: None }], extension: [], nested_type: [], enum_type: [], extension_range: [], oneof_decl: [], options: None, reserved_range: [], reserved_name: [] }, DescriptorProto { name: Some("Circle"), field: [FieldDescriptorProto { name: Some("radius"), number: Some(1), label: Some(Optional), r#type: Some(Float), type_name: None, extendee: None, default_value: None, oneof_index: None, json_name: Some("radius"), options: None, proto3_optional: None }], extension: [], nested_type: [], enum_type: [], extension_range: [], oneof_decl: [], options: None, reserved_range: [], reserved_name: [] }, DescriptorProto { name: Some("Triangle"), field: [FieldDescriptorProto { name: Some("edge_a"), number: Some(1), label: Some(Optional), r#type: Some(Float), type_name: None, extendee: None, default_value: None, oneof_index: None, json_name: Some("edgeA"), options: None, proto3_optional: None }, FieldDescriptorProto { name: Some("edge_b"), number: Some(2), label: Some(Optional), r#type: Some(Float), type_name: None, extendee: None, default_value: None, oneof_index: None, json_name: Some("edgeB"), options: None, proto3_optional: None }, FieldDescriptorProto { name: Some("edge_c"), number: Some(3), label: Some(Optional), r#type: Some(Float), type_name: None, extendee: None, default_value: None, oneof_index: None, json_name: Some("edgeC"), options: None, proto3_optional: None }], extension: [], nested_type: [], enum_type: [], extension_range: [], oneof_decl: [], options: None, reserved_range: [], reserved_name: [] }, DescriptorProto { name: Some("Parallelogram"), field: [FieldDescriptorProto { name: Some("base_length"), number: Some(1), label: Some(Optional), r#type: Some(Float), type_name: None, extendee: None, default_value: None, oneof_index: None, json_name: Some("baseLength"), options: None, proto3_optional: None }, FieldDescriptorProto { name: Some("height"), number: Some(2), label: Some(Optional), r#type: Some(Float), type_name: None, extendee: None, default_value: None, oneof_index: None, json_name: Some("height"), options: None, proto3_optional: None }], extension: [], nested_type: [], enum_type: [], extension_range: [], oneof_decl: [], options: None, reserved_range: [], reserved_name: [] }, DescriptorProto { name: Some("AreaRequest"), field: [FieldDescriptorProto { name: Some("shapes"), number: Some(1), label: Some(Repeated), r#type: Some(Message), type_name: Some(".area_calculator.ShapeMessage"), extendee: None, default_value: None, oneof_index: None, json_name: Some("shapes"), options: None, proto3_optional: None }], extension: [], nested_type: [], enum_type: [], extension_range: [], oneof_decl: [], options: None, reserved_range: [], reserved_name: [] }, DescriptorProto { name: Some("AreaResponse"), field: [FieldDescriptorProto { name: Some("value"), number: Some(1), label: Some(Repeated), r#type: Some(Float), type_name: None, extendee: None, default_value: None, oneof_index: None, json_name: Some("value"), options: None, proto3_optional: None }], extension: [], nested_type: [], enum_type: [], extension_range: [], oneof_decl: [], options: None, reserved_range: [], reserved_name: [] }], enum_type: [], service: [ServiceDescriptorProto { name: Some("Calculator"), method: [MethodDescriptorProto { name: Some("calculateOne"), input_type: Some(".area_calculator.ShapeMessage"), output_type: Some(".area_calculator.AreaResponse"), options: Some(MethodOptions { deprecated: None, idempotency_level: None, uninterpreted_option: [] }), client_streaming: None, server_streaming: None }, MethodDescriptorProto { name: Some("calculateMulti"), input_type: Some(".area_calculator.AreaRequest"), output_type: Some(".area_calculator.AreaResponse"), options: Some(MethodOptions { deprecated: None, idempotency_level: None, uninterpreted_option: [] }), client_streaming: None, server_streaming: None }], options: None }], extension: [], options: Some(FileOptions { java_package: None, java_outer_classname: None, java_multiple_files: None, java_generate_equals_and_hash: None, java_string_check_utf8: None, optimize_for: None, go_package: Some("io.pact/area_calculator"), cc_generic_services: None, java_generic_services: None, py_generic_services: None, php_generic_services: Some(true), deprecated: None, cc_enable_arenas: None, objc_class_prefix: None, csharp_namespace: None, swift_prefix: None, php_class_prefix: None, php_namespace: None, php_metadata_namespace: None, ruby_package: None, uninterpreted_option: [] }), source_code_info: None, syntax: Some("proto3") }, descriptor: DescriptorProto { name: Some("ShapeMessage"), field: [FieldDescriptorProto { name: Some("square"), number: Some(1), label: Some(Optional), r#type: Some(Message), type_name: Some(".area_calculator.Square"), extendee: None, default_value: None, oneof_index: Some(0), json_name: Some("square"), options: None, proto3_optional: None }, FieldDescriptorProto { name: Some("rectangle"), number: Some(2), label: Some(Optional), r#type: Some(Message), type_name: Some(".area_calculator.Rectangle"), extendee: None, default_value: None, oneof_index: Some(0), json_name: Some("rectangle"), options: None, proto3_optional: None }, FieldDescriptorProto { name: Some("circle"), number: Some(3), label: Some(Optional), r#type: Some(Message), type_name: Some(".area_calculator.Circle"), extendee: None, default_value: None, oneof_index: Some(0), json_name: Some("circle"), options: None, proto3_optional: None }, FieldDescriptorProto { name: Some("triangle"), number: Some(4), label: Some(Optional), r#type: Some(Message), type_name: Some(".area_calculator.Triangle"), extendee: None, default_value: None, oneof_index: Some(0), json_name: Some("triangle"), options: None, proto3_optional: None }, FieldDescriptorProto { name: Some("parallelogram"), number: Some(5), label: Some(Optional), r#type: Some(Message), type_name: Some(".area_calculator.Parallelogram"), extendee: None, default_value: None, oneof_index: Some(0), json_name: Some("parallelogram"), options: None, proto3_optional: None }], extension: [], nested_type: [], enum_type: [], extension_range: [], oneof_decl: [OneofDescriptorProto { name: Some("shape"), options: None }], options: None, reserved_range: [], reserved_name: [] }, message_name: "ShapeMessage", fields: {"rectangle": FieldValueInner { values: [MessageFieldValue { name: "rectangle", raw_value: None, rtype: Message(MessageBuilder { file_descriptor: FileDescriptorProto { name: Some("area_calculator.proto"), package: Some("area_calculator"), dependency: [], public_dependency: [], weak_dependency: [], message_type: [DescriptorProto { name: Some("ShapeMessage"), field: [FieldDescriptorProto { name: Some("square"), number: Some(1), label: Some(Optional), r#type: Some(Message), type_name: Some(".area_calculator.Square"), extendee: None, default_value: None, oneof_index: Some(0), json_name: Some("square"), options: None, proto3_optional: None }, FieldDescriptorProto { name: Some("rectangle"), number: Some(2), label: Some(Optional), r#type: Some(Message), type_name: Some(".area_calculator.Rectangle"), extendee: None, default_value: None, oneof_index: Some(0), json_name: Some("rectangle"), options: None, proto3_optional: None }, FieldDescriptorProto { name: Some("circle"), number: Some(3), label: Some(Optional), r#type: Some(Message), type_name: Some(".area_calculator.Circle"), extendee: None, default_value: None, oneof_index: Some(0), json_name: Some("circle"), options: None, proto3_optional: None }, FieldDescriptorProto { name: Some("triangle"), number: Some(4), label: Some(Optional), r#type: Some(Message), type_name: Some(".area_calculator.Triangle"), extendee: None, default_value: None, oneof_index: Some(0), json_name: Some("triangle"), options: None, proto3_optional: None }, FieldDescriptorProto { name: Some("parallelogram"), number: Some(5), label: Some(Optional), r#type: Some(Message), type_name: Some(".area_calculator.Parallelogram"), extendee: None, default_value: None, oneof_index: Some(0), json_name: Some("parallelogram"), options: None, proto3_optional: None }], extension: [], nested_type: [], enum_type: [], extension_range: [], oneof_decl: [OneofDescriptorProto { name: Some("shape"), options: None }], options: None, reserved_range: [], reserved_name: [] }, DescriptorProto { name: Some("Square"), field: [FieldDescriptorProto { name: Some("edge_length"), number: Some(1), label: Some(Optional), r#type: Some(Float), type_name: None, extendee: None, default_value: None, oneof_index: None, json_name: Some("edgeLength"), options: None, proto3_optional: None }], extension: [], nested_type: [], enum_type: [], extension_range: [], oneof_decl: [], options: None, reserved_range: [], reserved_name: [] }, DescriptorProto { name: Some("Rectangle"), field: [FieldDescriptorProto { name: Some("length"), number: Some(1), label: Some(Optional), r#type: Some(Float), type_name: None, extendee: None, default_value: None, oneof_index: None, json_name: Some("length"), options: None, proto3_optional: None }, FieldDescriptorProto { name: Some("width"), number: Some(2), label: Some(Optional), r#type: Some(Float), type_name: None, extendee: None, default_value: None, oneof_index: None, json_name: Some("width"), options: None, proto3_optional: None }], extension: [], nested_type: [], enum_type: [], extension_range: [], oneof_decl: [], options: None, reserved_range: [], reserved_name: [] }, DescriptorProto { name: Some("Circle"), field: [FieldDescriptorProto { name: Some("radius"), number: Some(1), label: Some(Optional), r#type: Some(Float), type_name: None, extendee: None, default_value: None, oneof_index: None, json_name: Some("radius"), options: None, proto3_optional: None }], extension: [], nested_type: [], enum_type: [], extension_range: [], oneof_decl: [], options: None, reserved_range: [], reserved_name: [] }, DescriptorProto { name: Some("Triangle"), field: [FieldDescriptorProto { name: Some("edge_a"), number: Some(1), label: Some(Optional), r#type: Some(Float), type_name: None, extendee: None, default_value: None, oneof_index: None, json_name: Some("edgeA"), options: None, proto3_optional: None }, FieldDescriptorProto { name: Some("edge_b"), number: Some(2), label: Some(Optional), r#type: Some(Float), type_name: None, extendee: None, default_value: None, oneof_index: None, json_name: Some("edgeB"), options: None, proto3_optional: None }, FieldDescriptorProto { name: Some("edge_c"), number: Some(3), label: Some(Optional), r#type: Some(Float), type_name: None, extendee: None, default_value: None, oneof_index: None, json_name: Some("edgeC"), options: None, proto3_optional: None }], extension: [], nested_type: [], enum_type: [], extension_range: [], oneof_decl: [], options: None, reserved_range: [], reserved_name: [] }, DescriptorProto { name: Some("Parallelogram"), field: [FieldDescriptorProto { name: Some("base_length"), number: Some(1), label: Some(Optional), r#type: Some(Float), type_name: None, extendee: None, default_value: None, oneof_index: None, json_name: Some("baseLength"), options: None, proto3_optional: None }, FieldDescriptorProto { name: Some("height"), number: Some(2), label: Some(Optional), r#type: Some(Float), type_name: None, extendee: None, default_value: None, oneof_index: None, json_name: Some("height"), options: None, proto3_optional: None }], extension: [], nested_type: [], enum_type: [], extension_range: [], oneof_decl: [], options: None, reserved_range: [], reserved_name: [] }, DescriptorProto { name: Some("AreaRequest"), field: [FieldDescriptorProto { name: Some("shapes"), number: Some(1), label: Some(Repeated), r#type: Some(Message), type_name: Some(".area_calculator.ShapeMessage"), extendee: None, default_value: None, oneof_index: None, json_name: Some("shapes"), options: None, proto3_optional: None }], extension: [], nested_type: [], enum_type: [], extension_range: [], oneof_decl: [], options: None, reserved_range: [], reserved_name: [] }, DescriptorProto { name: Some("AreaResponse"), field: [FieldDescriptorProto { name: Some("value"), number: Some(1), label: Some(Repeated), r#type: Some(Float), type_name: None, extendee: None, default_value: None, oneof_index: None, json_name: Some("value"), options: None, proto3_optional: None }], extension: [], nested_type: [], enum_type: [], extension_range: [], oneof_decl: [], options: None, reserved_range: [], reserved_name: [] }], enum_type: [], service: [ServiceDescriptorProto { name: Some("Calculator"), method: [MethodDescriptorProto { name: Some("calculateOne"), input_type: Some(".area_calculator.ShapeMessage"), output_type: Some(".area_calculator.AreaResponse"), options: Some(MethodOptions { deprecated: None, idempotency_level: None, uninterpreted_option: [] }), client_streaming: None, server_streaming: None }, MethodDescriptorProto { name: Some("calculateMulti"), input_type: Some(".area_calculator.AreaRequest"), output_type: Some(".area_calculator.AreaResponse"), options: Some(MethodOptions { deprecated: None, idempotency_level: None, uninterpreted_option: [] }), client_streaming: None, server_streaming: None }], options: None }], extension: [], options: Some(FileOptions { java_package: None, java_outer_classname: None, java_multiple_files: None, java_generate_equals_and_hash: None, java_string_check_utf8: None, optimize_for: None, go_package: Some("io.pact/area_calculator"), cc_generic_services: None, java_generic_services: None, py_generic_services: None, php_generic_services: Some(true), deprecated: None, cc_enable_arenas: None, objc_class_prefix: None, csharp_namespace: None, swift_prefix: None, php_class_prefix: None, php_namespace: None, php_metadata_namespace: None, ruby_package: None, uninterpreted_option: [] }), source_code_info: None, syntax: Some("proto3") }, descriptor: DescriptorProto { name: Some("Rectangle"), field: [FieldDescriptorProto { name: Some("length"), number: Some(1), label: Some(Optional), r#type: Some(Float), type_name: None, extendee: None, default_value: None, oneof_index: None, json_name: Some("length"), options: None, proto3_optional: None }, FieldDescriptorProto { name: Some("width"), number: Some(2), label: Some(Optional), r#type: Some(Float), type_name: None, extendee: None, default_value: None, oneof_index: None, json_name: Some("width"), options: None, proto3_optional: None }], extension: [], nested_type: [], enum_type: [], extension_range: [], oneof_decl: [], options: None, reserved_range: [], reserved_name: [] }, message_name: "Rectangle", fields: {"length": FieldValueInner { values: [MessageFieldValue { name: "length", raw_value: Some("3"), rtype: Float(3.0) }], descriptor: FieldDescriptorProto { name: Some("length"), number: Some(1), label: Some(Optional), r#type: Some(Float), type_name: None, extendee: None, default_value: None, oneof_index: None, json_name: Some("length"), options: None, proto3_optional: None }, field_type: Normal, proto_type: Float }, "width": FieldValueInner { values: [MessageFieldValue { name: "width", raw_value: Some("4"), rtype: Float(4.0) }], descriptor: FieldDescriptorProto { name: Some("width"), number: Some(2), label: Some(Optional), r#type: Some(Float), type_name: None, extendee: None, default_value: None, oneof_index: None, json_name: Some("width"), options: None, proto3_optional: None }, field_type: Normal, proto_type: Float }} }) }], descriptor: FieldDescriptorProto { name: Some("rectangle"), number: Some(2), label: Some(Optional), r#type: Some(Message), type_name: Some(".area_calculator.Rectangle"), extendee: None, default_value: None, oneof_index: Some(0), json_name: Some("rectangle"), options: None, proto3_optional: None }, field_type: Normal, proto_type: Message }} }
15:05:16.050 [Thread-5] DEBUG i.pact.plugins.jvm.core.ChildProcess - Plugin protobuf [46038] || ?[2m2023-03-27T09:35:16.049515Z?[0m ?[35mTRACE?[0m tokio-runtime-worker ?[1mrequest?[0m?[1m{?[0m?[3mmethod?[0m?[2m=?[0mPOST ?[3muri?[0m?[2m=?[0mhttp://[::1]:53788/io.pact.plugin.PactPlugin/ConfigureInteraction ?[3mversion?[0m?[2m=?[0mHTTP/2.0 ?[3mheaders?[0m?[2m=?[0m{"content-type": "application/grpc", "te": "trailers", "user-agent": "grpc-java-netty/1.49.0", "grpc-accept-encoding": "gzip", "authorization": Sensitive}?[1m}?[0m?[2m:?[0m ?[2mpact_protobuf_plugin::protobuf?[0m?[2m:?[0m matching rules: MatchingRuleCategory { name: BODY, rules: {DocPath { path_tokens: [Root, Field("rectangle"), Field("length")], expr: "$.rectangle.length" }: RuleList { rules: [Number], rule_logic: And, cascaded: false }, DocPath { path_tokens: [Root, Field("rectangle"), Field("width")], expr: "$.rectangle.width" }: RuleList { rules: [Number], rule_logic: And, cascaded: false }} }
15:05:16.051 [Thread-5] DEBUG i.pact.plugins.jvm.core.ChildProcess - Plugin protobuf [46038] || ?[2m2023-03-27T09:35:16.049534Z?[0m ?[35mTRACE?[0m tokio-runtime-worker ?[1mrequest?[0m?[1m{?[0m?[3mmethod?[0m?[2m=?[0mPOST ?[3muri?[0m?[2m=?[0mhttp://[::1]:53788/io.pact.plugin.PactPlugin/ConfigureInteraction ?[3mversion?[0m?[2m=?[0mHTTP/2.0 ?[3mheaders?[0m?[2m=?[0m{"content-type": "application/grpc", "te": "trailers", "user-agent": "grpc-java-netty/1.49.0", "grpc-accept-encoding": "gzip", "authorization": Sensitive}?[1m}?[0m?[2m:?[0m ?[2mpact_protobuf_plugin::protobuf?[0m?[2m:?[0m generators: {}
15:05:16.051 [Thread-5] DEBUG i.pact.plugins.jvm.core.ChildProcess - Plugin protobuf [46038] || ?[2m2023-03-27T09:35:16.049555Z?[0m ?[35mTRACE?[0m tokio-runtime-worker ?[1mrequest?[0m?[1m{?[0m?[3mmethod?[0m?[2m=?[0mPOST ?[3muri?[0m?[2m=?[0mhttp://[::1]:53788/io.pact.plugin.PactPlugin/ConfigureInteraction ?[3mversion?[0m?[2m=?[0mHTTP/2.0 ?[3mheaders?[0m?[2m=?[0m{"content-type": "application/grpc", "te": "trailers", "user-agent": "grpc-java-netty/1.49.0", "grpc-accept-encoding": "gzip", "authorization": Sensitive}?[1m}?[0m?[2m:?[0m ?[2mpact_protobuf_plugin::message_builder?[0m?[2m:?[0m >> encode_message ShapeMessage, 1 fields
15:05:16.051 [Thread-5] DEBUG i.pact.plugins.jvm.core.ChildProcess - Plugin protobuf [46038] || ?[2m2023-03-27T09:35:16.049577Z?[0m ?[35mTRACE?[0m tokio-runtime-worker ?[1mrequest?[0m?[1m{?[0m?[3mmethod?[0m?[2m=?[0mPOST ?[3muri?[0m?[2m=?[0mhttp://[::1]:53788/io.pact.plugin.PactPlugin/ConfigureInteraction ?[3mversion?[0m?[2m=?[0mHTTP/2.0 ?[3mheaders?[0m?[2m=?[0m{"content-type": "application/grpc", "te": "trailers", "user-agent": "grpc-java-netty/1.49.0", "grpc-accept-encoding": "gzip", "authorization": Sensitive}?[1m}?[0m?[2m:?[0m ?[2mpact_protobuf_plugin::message_builder?[0m?[2m:?[0m >> encode_single_field(Some(MessageFieldValue { name: "rectangle", raw_value: None, rtype: Message(MessageBuilder { file_descriptor: FileDescriptorProto { name: Some("area_calculator.proto"), package: Some("area_calculator"), dependency: [], public_dependency: [], weak_dependency: [], message_type: [DescriptorProto { name: Some("ShapeMessage"), field: [FieldDescriptorProto { name: Some("square"), number: Some(1), label: Some(Optional), r#type: Some(Message), type_name: Some(".area_calculator.Square"), extendee: None, default_value: None, oneof_index: Some(0), json_name: Some("square"), options: None, proto3_optional: None }, FieldDescriptorProto { name: Some("rectangle"), number: Some(2), label: Some(Optional), r#type: Some(Message), type_name: Some(".area_calculator.Rectangle"), extendee: None, default_value: None, oneof_index: Some(0), json_name: Some("rectangle"), options: None, proto3_optional: None }, FieldDescriptorProto { name: Some("circle"), number: Some(3), label: Some(Optional), r#type: Some(Message), type_name: Some(".area_calculator.Circle"), extendee: None, default_value: None, oneof_index: Some(0), json_name: Some("circle"), options: None, proto3_optional: None }, FieldDescriptorProto { name: Some("triangle"), number: Some(4), label: Some(Optional), r#type: Some(Message), type_name: Some(".area_calculator.Triangle"), extendee: None, default_value: None, oneof_index: Some(0), json_name: Some("triangle"), options: None, proto3_optional: None }, FieldDescriptorProto { name: Some("parallelogram"), number: Some(5), label: Some(Optional), r#type: Some(Message), type_name: Some(".area_calculator.Parallelogram"), extendee: None, default_value: None, oneof_index: Some(0), json_name: Some("parallelogram"), options: None, proto3_optional: None }], extension: [], nested_type: [], enum_type: [], extension_range: [], oneof_decl: [OneofDescriptorProto { name: Some("shape"), options: None }], options: None, reserved_range: [], reserved_name: [] }, DescriptorProto { name: Some("Square"), field: [FieldDescriptorProto { name: Some("edge_length"), number: Some(1), label: Some(Optional), r#type: Some(Float), type_name: None, extendee: None, default_value: None, oneof_index: None, json_name: Some("edgeLength"), options: None, proto3_optional: None }], extension: [], nested_type: [], enum_type: [], extension_range: [], oneof_decl: [], options: None, reserved_range: [], reserved_name: [] }, DescriptorProto { name: Some("Rectangle"), field: [FieldDescriptorProto { name: Some("length"), number: Some(1), label: Some(Optional), r#type: Some(Float), type_name: None, extendee: None, default_value: None, oneof_index: None, json_name: Some("length"), options: None, proto3_optional: None }, FieldDescriptorProto { name: Some("width"), number: Some(2), label: Some(Optional), r#type: Some(Float), type_name: None, extendee: None, default_value: None, oneof_index: None, json_name: Some("width"), options: None, proto3_optional: None }], extension: [], nested_type: [], enum_type: [], extension_range: [], oneof_decl: [], options: None, reserved_range: [], reserved_name: [] }, DescriptorProto { name: Some("Circle"), field: [FieldDescriptorProto { name: Some("radius"), number: Some(1), label: Some(Optional), r#type: Some(Float), type_name: None, extendee: None, default_value: None, oneof_index: None, json_name: Some("radius"), options: None, proto3_optional: None }], extension: [], nested_type: [], enum_type: [], extension_range: [], oneof_decl: [], options: None, reserved_range: [], reserved_name: [] }, DescriptorProto { name: Some("Triangle"), field: [FieldDescriptorProto { name: Some("edge_a"), number: Some(1), label: Some(Optional), r#type: Some(Float), type_name: None, extendee: None, default_value: None, oneof_index: None, json_name: Some("edgeA"), options: None, proto3_optional: None }, FieldDescriptorProto { name: Some("edge_b"), number: Some(2), label: Some(Optional), r#type: Some(Float), type_name: None, extendee: None, default_value: None, oneof_index: None, json_name: Some("edgeB"), options: None, proto3_optional: None }, FieldDescriptorProto { name: Some("edge_c"), number: Some(3), label: Some(Optional), r#type: Some(Float), type_name: None, extendee: None, default_value: None, oneof_index: None, json_name: Some("edgeC"), options: None, proto3_optional: None }], extension: [], nested_type: [], enum_type: [], extension_range: [], oneof_decl: [], options: None, reserved_range: [], reserved_name: [] }, DescriptorProto { name: Some("Parallelogram"), field: [FieldDescriptorProto { name: Some("base_length"), number: Some(1), label: Some(Optional), r#type: Some(Float), type_name: None, extendee: None, default_value: None, oneof_index: None, json_name: Some("baseLength"), options: None, proto3_optional: None }, FieldDescriptorProto { name: Some("height"), number: Some(2), label: Some(Optional), r#type: Some(Float), type_name: None, extendee: None, default_value: None, oneof_index: None, json_name: Some("height"), options: None, proto3_optional: None }], extension: [], nested_type: [], enum_type: [], extension_range: [], oneof_decl: [], options: None, reserved_range: [], reserved_name: [] }, DescriptorProto { name: Some("AreaRequest"), field: [FieldDescriptorProto { name: Some("shapes"), number: Some(1), label: Some(Repeated), r#type: Some(Message), type_name: Some(".area_calculator.ShapeMessage"), extendee: None, default_value: None, oneof_index: None, json_name: Some("shapes"), options: None, proto3_optional: None }], extension: [], nested_type: [], enum_type: [], extension_range: [], oneof_decl: [], options: None, reserved_range: [], reserved_name: [] }, DescriptorProto { name: Some("AreaResponse"), field: [FieldDescriptorProto { name: Some("value"), number: Some(1), label: Some(Repeated), r#type: Some(Float), type_name: None, extendee: None, default_value: None, oneof_index: None, json_name: Some("value"), options: None, proto3_optional: None }], extension: [], nested_type: [], enum_type: [], extension_range: [], oneof_decl: [], options: None, reserved_range: [], reserved_name: [] }], enum_type: [], service: [ServiceDescriptorProto { name: Some("Calculator"), method: [MethodDescriptorProto { name: Some("calculateOne"), input_type: Some(".area_calculator.ShapeMessage"), output_type: Some(".area_calculator.AreaResponse"), options: Some(MethodOptions { deprecated: None, idempotency_level: None, uninterpreted_option: [] }), client_streaming: None, server_streaming: None }, MethodDescriptorProto { name: Some("calculateMulti"), input_type: Some(".area_calculator.AreaRequest"), output_type: Some(".area_calculator.AreaResponse"), options: Some(MethodOptions { deprecated: None, idempotency_level: None, uninterpreted_option: [] }), client_streaming: None, server_streaming: None }], options: None }], extension: [], options: Some(FileOptions { java_package: None, java_outer_classname: None, java_multiple_files: None, java_generate_equals_and_hash: None, java_string_check_utf8: None, optimize_for: None, go_package: Some("io.pact/area_calculator"), cc_generic_services: None, java_generic_services: None, py_generic_services: None, php_generic_services: Some(true), deprecated: None, cc_enable_arenas: None, objc_class_prefix: None, csharp_namespace: None, swift_prefix: None, php_class_prefix: None, php_namespace: None, php_metadata_namespace: None, ruby_package: None, uninterpreted_option: [] }), source_code_info: None, syntax: Some("proto3") }, descriptor: DescriptorProto { name: Some("Rectangle"), field: [FieldDescriptorProto { name: Some("length"), number: Some(1), label: Some(Optional), r#type: Some(Float), type_name: None, extendee: None, default_value: None, oneof_index: None, json_name: Some("length"), options: None, proto3_optional: None }, FieldDescriptorProto { name: Some("width"), number: Some(2), label: Some(Optional), r#type: Some(Float), type_name: None, extendee: None, default_value: None, oneof_index: None, json_name: Some("width"), options: None, proto3_optional: None }], extension: [], nested_type: [], enum_type: [], extension_range: [], oneof_decl: [], options: None, reserved_range: [], reserved_name: [] }, message_name: "Rectangle", fields: {"length": FieldValueInner { values: [MessageFieldValue { name: "length", raw_value: Some("3"), rtype: Float(3.0) }], descriptor: FieldDescriptorProto { name: Some("length"), number: Some(1), label: Some(Optional), r#type: Some(Float), type_name: None, extendee: None, default_value: None, oneof_index: None, json_name: Some("length"), options: None, proto3_optional: None }, field_type: Normal, proto_type: Float }, "width": FieldValueInner { values: [MessageFieldValue { name: "width", raw_value: Some("4"), rtype: Float(4.0) }], descriptor: FieldDescriptorProto { name: Some("width"), number: Some(2), label: Some(Optional), r#type: Some(Float), type_name: None, extendee: None, default_value: None, oneof_index: None, json_name: Some("width"), options: None, proto3_optional: None }, field_type: Normal, proto_type: Float }} }) }), Some(2), FieldValueInner { values: [MessageFieldValue { name: "rectangle", raw_value: None, rtype: Message(MessageBuilder { file_descriptor: FileDescriptorProto { name: Some("area_calculator.proto"), package: Some("area_calculator"), dependency: [], public_dependency: [], weak_dependency: [], message_type: [DescriptorProto { name: Some("ShapeMessage"), field: [FieldDescriptorProto { name: Some("square"), number: Some(1), label: Some(Optional), r#type: Some(Message), type_name: Some(".area_calculator.Square"), extendee: None, default_value: None, oneof_index: Some(0), json_name: Some("square"), options: None, proto3_optional: None }, FieldDescriptorProto { name: Some("rectangle"), number: Some(2), label: Some(Optional), r#type: Some(Message), type_name: Some(".area_calculator.Rectangle"), extendee: None, default_value: None, oneof_index: Some(0), json_name: Some("rectangle"), options: None, proto3_optional: None }, FieldDescriptorProto { name: Some("circle"), number: Some(3), label: Some(Optional), r#type: Some(Message), type_name: Some(".area_calculator.Circle"), extendee: None, default_value: None, oneof_index: Some(0), json_name: Some("circle"), options: None, proto3_optional: None }, FieldDescriptorProto { name: Some("triangle"), number: Some(4), label: Some(Optional), r#type: Some(Message), type_name: Some(".area_calculator.Triangle"), extendee: None, default_value: None, oneof_index: Some(0), json_name: Some("triangle"), options: None, proto3_optional: None }, FieldDescriptorProto { name: Some("parallelogram"), number: Some(5), label: Some(Optional), r#type: Some(Message), type_name: Some(".area_calculator.Parallelogram"), extendee: None, default_value: None, oneof_index: Some(0), json_name: Some("parallelogram"), options: None, proto3_optional: None }], extension: [], nested_type: [], enum_type: [], extension_range: [], oneof_decl: [OneofDescriptorProto { name: Some("shape"), options: None }], options: None, reserved_range: [], reserved_name: [] }, DescriptorProto { name: Some("Square"), field: [FieldDescriptorProto { name: Some("edge_length"), number: Some(1), label: Some(Optional), r#type: Some(Float), type_name: None, extendee: None, default_value: None, oneof_index: None, json_name: Some("edgeLength"), options: None, proto3_optional: None }], extension: [], nested_type: [], enum_type: [], extension_range: [], oneof_decl: [], options: None, reserved_range: [], reserved_name: [] }, DescriptorProto { name: Some("Rectangle"), field: [FieldDescriptorProto { name: Some("length"), number: Some(1), label: Some(Optional), r#type: Some(Float), type_name: None, extendee: None, default_value: None, oneof_index: None, json_name: Some("length"), options: None, proto3_optional: None }, FieldDescriptorProto { name: Some("width"), number: Some(2), label: Some(Optional), r#type: Some(Float), type_name: None, extendee: None, default_value: None, oneof_index: None, json_name: Some("width"), options: None, proto3_optional: None }], extension: [], nested_type: [], enum_type: [], extension_range: [], oneof_decl: [], options: None, reserved_range: [], reserved_name: [] }, DescriptorProto { name: Some("Circle"), field: [FieldDescriptorProto { name: Some("radius"), number: Some(1), label: Some(Optional), r#type: Some(Float), type_name: None, extendee: None, default_value: None, oneof_index: None, json_name: Some("radius"), options: None, proto3_optional: None }], extension: [], nested_type: [], enum_type: [], extension_range: [], oneof_decl: [], options: None, reserved_range: [], reserved_name: [] }, DescriptorProto { name: Some("Triangle"), field: [FieldDescriptorProto { name: Some("edge_a"), number: Some(1), label: Some(Optional), r#type: Some(Float), type_name: None, extendee: None, default_value: None, oneof_index: None, json_name: Some("edgeA"), options: None, proto3_optional: None }, FieldDescriptorProto { name: Some("edge_b"), number: Some(2), label: Some(Optional), r#type: Some(Float), type_name: None, extendee: None, default_value: None, oneof_index: None, json_name: Some("edgeB"), options: None, proto3_optional: None }, FieldDescriptorProto { name: Some("edge_c"), number: Some(3), label: Some(Optional), r#type: Some(Float), type_name: None, extendee: None, default_value: None, oneof_index: None, json_name: Some("edgeC"), options: None, proto3_optional: None }], extension: [], nested_type: [], enum_type: [], extension_range: [], oneof_decl: [], options: None, reserved_range: [], reserved_name: [] }, DescriptorProto { name: Some("Parallelogram"), field: [FieldDescriptorProto { name: Some("base_length"), number: Some(1), label: Some(Optional), r#type: Some(Float), type_name: None, extendee: None, default_value: None, oneof_index: None, json_name: Some("baseLength"), options: None, proto3_optional: None }, FieldDescriptorProto { name: Some("height"), number: Some(2), label: Some(Optional), r#type: Some(Float), type_name: None, extendee: None, default_value: None, oneof_index: None, json_name: Some("height"), options: None, proto3_optional: None }], extension: [], nested_type: [], enum_type: [], extension_range: [], oneof_decl: [], options: None, reserved_range: [], reserved_name: [] }, DescriptorProto { name: Some("AreaRequest"), field: [FieldDescriptorProto { name: Some("shapes"), number: Some(1), label: Some(Repeated), r#type: Some(Message), type_name: Some(".area_calculator.ShapeMessage"), extendee: None, default_value: None, oneof_index: None, json_name: Some("shapes"), options: None, proto3_optional: None }], extension: [], nested_type: [], enum_type: [], extension_range: [], oneof_decl: [], options: None, reserved_range: [], reserved_name: [] }, DescriptorProto { name: Some("AreaResponse"), field: [FieldDescriptorProto { name: Some("value"), number: Some(1), label: Some(Repeated), r#type: Some(Float), type_name: None, extendee: None, default_value: None, oneof_index: None, json_name: Some("value"), options: None, proto3_optional: None }], extension: [], nested_type: [], enum_type: [], extension_range: [], oneof_decl: [], options: None, reserved_range: [], reserved_name: [] }], enum_type: [], service: [ServiceDescriptorProto { name: Some("Calculator"), method: [MethodDescriptorProto { name: Some("calculateOne"), input_type: Some(".area_calculator.ShapeMessage"), output_type: Some(".area_calculator.AreaResponse"), options: Some(MethodOptions { deprecated: None, idempotency_level: None, uninterpreted_option: [] }), client_streaming: None, server_streaming: None }, MethodDescriptorProto { name: Some("calculateMulti"), input_type: Some(".area_calculator.AreaRequest"), output_type: Some(".area_calculator.AreaResponse"), options: Some(MethodOptions { deprecated: None, idempotency_level: None, uninterpreted_option: [] }), client_streaming: None, server_streaming: None }], options: None }], extension: [], options: Some(FileOptions { java_package: None, java_outer_classname: None, java_multiple_files: None, java_generate_equals_and_hash: None, java_string_check_utf8: None, optimize_for: None, go_package: Some("io.pact/area_calculator"), cc_generic_services: None, java_generic_services: None, py_generic_services: None, php_generic_services: Some(true), deprecated: None, cc_enable_arenas: None, objc_class_prefix: None, csharp_namespace: None, swift_prefix: None, php_class_prefix: None, php_namespace: None, php_metadata_namespace: None, ruby_package: None, uninterpreted_option: [] }), source_code_info: None, syntax: Some("proto3") }, descriptor: DescriptorProto { name: Some("Rectangle"), field: [FieldDescriptorProto { name: Some("length"), number: Some(1), label: Some(Optional), r#type: Some(Float), type_name: None, extendee: None, default_value: None, oneof_index: None, json_name: Some("length"), options: None, proto3_optional: None }, FieldDescriptorProto { name: Some("width"), number: Some(2), label: Some(Optional), r#type: Some(Float), type_name: None, extendee: None, default_value: None, oneof_index: None, json_name: Some("width"), options: None, proto3_optional: None }], extension: [], nested_type: [], enum_type: [], extension_range: [], oneof_decl: [], options: None, reserved_range: [], reserved_name: [] }, message_name: "Rectangle", fields: {"length": FieldValueInner { values: [MessageFieldValue { name: "length", raw_value: Some("3"), rtype: Float(3.0) }], descriptor: FieldDescriptorProto { name: Some("length"), number: Some(1), label: Some(Optional), r#type: Some(Float), type_name: None, extendee: None, default_value: None, oneof_index: None, json_name: Some("length"), options: None, proto3_optional: None }, field_type: Normal, proto_type: Float }, "width": FieldValueInner { values: [MessageFieldValue { name: "width", raw_value: Some("4"), rtype: Float(4.0) }], descriptor: FieldDescriptorProto { name: Some("width"), number: Some(2), label: Some(Optional), r#type: Some(Float), type_name: None, extendee: None, default_value: None, oneof_index: None, json_name: Some("width"), options: None, proto3_optional: None }, field_type: Normal, proto_type: Float }} }) }], descriptor: FieldDescriptorProto { name: Some("rectangle"), number: Some(2), label: Some(Optional), r#type: Some(Message), type_name: Some(".area_calculator.Rectangle"), extendee: None, default_value: None, oneof_index: Some(0), json_name: Some("rectangle"), options: None, proto3_optional: None }, field_type: Normal, proto_type: Message })
15:05:16.052 [Thread-5] DEBUG i.pact.plugins.jvm.core.ChildProcess - Plugin protobuf [46038] || ?[2m2023-03-27T09:35:16.049770Z?[0m ?[35mTRACE?[0m tokio-runtime-worker ?[1mrequest?[0m?[1m{?[0m?[3mmethod?[0m?[2m=?[0mPOST ?[3muri?[0m?[2m=?[0mhttp://[::1]:53788/io.pact.plugin.PactPlugin/ConfigureInteraction ?[3mversion?[0m?[2m=?[0mHTTP/2.0 ?[3mheaders?[0m?[2m=?[0m{"content-type": "application/grpc", "te": "trailers", "user-agent": "grpc-java-netty/1.49.0", "grpc-accept-encoding": "gzip", "authorization": Sensitive}?[1m}?[0m?[2m:?[0m ?[2mpact_protobuf_plugin::message_builder?[0m?[2m:?[0m >> encode_message Rectangle, 2 fields
15:05:16.052 [Thread-5] DEBUG i.pact.plugins.jvm.core.ChildProcess - Plugin protobuf [46038] || ?[2m2023-03-27T09:35:16.049784Z?[0m ?[35mTRACE?[0m tokio-runtime-worker ?[1mrequest?[0m?[1m{?[0m?[3mmethod?[0m?[2m=?[0mPOST ?[3muri?[0m?[2m=?[0mhttp://[::1]:53788/io.pact.plugin.PactPlugin/ConfigureInteraction ?[3mversion?[0m?[2m=?[0mHTTP/2.0 ?[3mheaders?[0m?[2m=?[0m{"content-type": "application/grpc", "te": "trailers", "user-agent": "grpc-java-netty/1.49.0", "grpc-accept-encoding": "gzip", "authorization": Sensitive}?[1m}?[0m?[2m:?[0m ?[2mpact_protobuf_plugin::message_builder?[0m?[2m:?[0m >> encode_single_field(Some(MessageFieldValue { name: "length", raw_value: Some("3"), rtype: Float(3.0) }), Some(1), FieldValueInner { values: [MessageFieldValue { name: "length", raw_value: Some("3"), rtype: Float(3.0) }], descriptor: FieldDescriptorProto { name: Some("length"), number: Some(1), label: Some(Optional), r#type: Some(Float), type_name: None, extendee: None, default_value: None, oneof_index: None, json_name: Some("length"), options: None, proto3_optional: None }, field_type: Normal, proto_type: Float })
15:05:16.052 [Thread-5] DEBUG i.pact.plugins.jvm.core.ChildProcess - Plugin protobuf [46038] || ?[2m2023-03-27T09:35:16.049813Z?[0m ?[35mTRACE?[0m tokio-runtime-worker ?[1mrequest?[0m?[1m{?[0m?[3mmethod?[0m?[2m=?[0mPOST ?[3muri?[0m?[2m=?[0mhttp://[::1]:53788/io.pact.plugin.PactPlugin/ConfigureInteraction ?[3mversion?[0m?[2m=?[0mHTTP/2.0 ?[3mheaders?[0m?[2m=?[0m{"content-type": "application/grpc", "te": "trailers", "user-agent": "grpc-java-netty/1.49.0", "grpc-accept-encoding": "gzip", "authorization": Sensitive}?[1m}?[0m?[2m:?[0m ?[2mpact_protobuf_plugin::message_builder?[0m?[2m:?[0m >> encode_single_field(Some(MessageFieldValue { name: "width", raw_value: Some("4"), rtype: Float(4.0) }), Some(2), FieldValueInner { values: [MessageFieldValue { name: "width", raw_value: Some("4"), rtype: Float(4.0) }], descriptor: FieldDescriptorProto { name: Some("width"), number: Some(2), label: Some(Optional), r#type: Some(Float), type_name: None, extendee: None, default_value: None, oneof_index: None, json_name: Some("width"), options: None, proto3_optional: None }, field_type: Normal, proto_type: Float })
15:05:16.052 [Thread-5] DEBUG i.pact.plugins.jvm.core.ChildProcess - Plugin protobuf [46038] || ?[2m2023-03-27T09:35:16.049844Z?[0m ?[35mTRACE?[0m tokio-runtime-worker ?[1mrequest?[0m?[1m{?[0m?[3mmethod?[0m?[2m=?[0mPOST ?[3muri?[0m?[2m=?[0mhttp://[::1]:53788/io.pact.plugin.PactPlugin/ConfigureInteraction ?[3mversion?[0m?[2m=?[0mHTTP/2.0 ?[3mheaders?[0m?[2m=?[0m{"content-type": "application/grpc", "te": "trailers", "user-agent": "grpc-java-netty/1.49.0", "grpc-accept-encoding": "gzip", "authorization": Sensitive}?[1m}?[0m?[2m:?[0m ?[2mpact_protobuf_plugin::message_builder?[0m?[2m:?[0m encode_message: 10 bytes
15:05:16.052 [Thread-5] DEBUG i.pact.plugins.jvm.core.ChildProcess - Plugin protobuf [46038] || ?[2m2023-03-27T09:35:16.049871Z?[0m ?[35mTRACE?[0m tokio-runtime-worker ?[1mrequest?[0m?[1m{?[0m?[3mmethod?[0m?[2m=?[0mPOST ?[3muri?[0m?[2m=?[0mhttp://[::1]:53788/io.pact.plugin.PactPlugin/ConfigureInteraction ?[3mversion?[0m?[2m=?[0mHTTP/2.0 ?[3mheaders?[0m?[2m=?[0m{"content-type": "application/grpc", "te": "trailers", "user-agent": "grpc-java-netty/1.49.0", "grpc-accept-encoding": "gzip", "authorization": Sensitive}?[1m}?[0m?[2m:?[0m ?[2mpact_protobuf_plugin::message_builder?[0m?[2m:?[0m encode_message: 12 bytes
15:05:16.052 [Thread-5] DEBUG i.pact.plugins.jvm.core.ChildProcess - Plugin protobuf [46038] || ?[2m2023-03-27T09:35:16.049904Z?[0m ?[35mTRACE?[0m tokio-runtime-worker ?[1mrequest?[0m?[1m{?[0m?[3mmethod?[0m?[2m=?[0mPOST ?[3muri?[0m?[2m=?[0mhttp://[::1]:53788/io.pact.plugin.PactPlugin/ConfigureInteraction ?[3mversion?[0m?[2m=?[0mHTTP/2.0 ?[3mheaders?[0m?[2m=?[0m{"content-type": "application/grpc", "te": "trailers", "user-agent": "grpc-java-netty/1.49.0", "grpc-accept-encoding": "gzip", "authorization": Sensitive}?[1m}?[0m?[2m:?[0m ?[2mpact_protobuf_plugin::protobuf?[0m?[2m:?[0m >> construct_protobuf_interaction_for_message(AreaResponse, , Some("area_calculator.proto"), ["value"])
15:05:16.052 [Thread-5] DEBUG i.pact.plugins.jvm.core.ChildProcess - Plugin protobuf [46038] || ?[2m2023-03-27T09:35:16.049927Z?[0m ?[34mDEBUG?[0m tokio-runtime-worker ?[1mrequest?[0m?[1m{?[0m?[3mmethod?[0m?[2m=?[0mPOST ?[3muri?[0m?[2m=?[0mhttp://[::1]:53788/io.pact.plugin.PactPlugin/ConfigureInteraction ?[3mversion?[0m?[2m=?[0mHTTP/2.0 ?[3mheaders?[0m?[2m=?[0m{"content-type": "application/grpc", "te": "trailers", "user-agent": "grpc-java-netty/1.49.0", "grpc-accept-encoding": "gzip", "authorization": Sensitive}?[1m}?[0m?[2m:?[0m ?[2mpact_protobuf_plugin::protobuf?[0m?[2m:?[0m Building message AreaResponse from Protobuf descriptor
15:05:16.052 [Thread-5] DEBUG i.pact.plugins.jvm.core.ChildProcess - Plugin protobuf [46038] || ?[2m2023-03-27T09:35:16.049942Z?[0m ?[34mDEBUG?[0m tokio-runtime-worker ?[1mrequest?[0m?[1m{?[0m?[3mmethod?[0m?[2m=?[0mPOST ?[3muri?[0m?[2m=?[0mhttp://[::1]:53788/io.pact.plugin.PactPlugin/ConfigureInteraction ?[3mversion?[0m?[2m=?[0mHTTP/2.0 ?[3mheaders?[0m?[2m=?[0m{"content-type": "application/grpc", "te": "trailers", "user-agent": "grpc-java-netty/1.49.0", "grpc-accept-encoding": "gzip", "authorization": Sensitive}?[1m}?[0m?[2m:?[0m ?[2mpact_protobuf_plugin::protobuf?[0m?[2m:?[0m Building field for key value, '$.value'
15:05:16.052 [Thread-5] DEBUG i.pact.plugins.jvm.core.ChildProcess - Plugin protobuf [46038] || ?[2m2023-03-27T09:35:16.049953Z?[0m ?[35mTRACE?[0m tokio-runtime-worker ?[1mrequest?[0m?[1m{?[0m?[3mmethod?[0m?[2m=?[0mPOST ?[3muri?[0m?[2m=?[0mhttp://[::1]:53788/io.pact.plugin.PactPlugin/ConfigureInteraction ?[3mversion?[0m?[2m=?[0mHTTP/2.0 ?[3mheaders?[0m?[2m=?[0m{"content-type": "application/grpc", "te": "trailers", "user-agent": "grpc-java-netty/1.49.0", "grpc-accept-encoding": "gzip", "authorization": Sensitive}?[1m}?[0m?[2m:?[0m ?[2mpact_protobuf_plugin::protobuf?[0m?[2m:?[0m >> construct_message_field(value, $.value, MessageBuilder { file_descriptor: FileDescriptorProto { name: Some("area_calculator.proto"), package: Some("area_calculator"), dependency: [], public_dependency: [], weak_dependency: [], message_type: [DescriptorProto { name: Some("ShapeMessage"), field: [FieldDescriptorProto { name: Some("square"), number: Some(1), label: Some(Optional), r#type: Some(Message), type_name: Some(".area_calculator.Square"), extendee: None, default_value: None, oneof_index: Some(0), json_name: Some("square"), options: None, proto3_optional: None }, FieldDescriptorProto { name: Some("rectangle"), number: Some(2), label: Some(Optional), r#type: Some(Message), type_name: Some(".area_calculator.Rectangle"), extendee: None, default_value: None, oneof_index: Some(0), json_name: Some("rectangle"), options: None, proto3_optional: None }, FieldDescriptorProto { name: Some("circle"), number: Some(3), label: Some(Optional), r#type: Some(Message), type_name: Some(".area_calculator.Circle"), extendee: None, default_value: None, oneof_index: Some(0), json_name: Some("circle"), options: None, proto3_optional: None }, FieldDescriptorProto { name: Some("triangle"), number: Some(4), label: Some(Optional), r#type: Some(Message), type_name: Some(".area_calculator.Triangle"), extendee: None, default_value: None, oneof_index: Some(0), json_name: Some("triangle"), options: None, proto3_optional: None }, FieldDescriptorProto { name: Some("parallelogram"), number: Some(5), label: Some(Optional), r#type: Some(Message), type_name: Some(".area_calculator.Parallelogram"), extendee: None, default_value: None, oneof_index: Some(0), json_name: Some("parallelogram"), options: None, proto3_optional: None }], extension: [], nested_type: [], enum_type: [], extension_range: [], oneof_decl: [OneofDescriptorProto { name: Some("shape"), options: None }], options: None, reserved_range: [], reserved_name: [] }, DescriptorProto { name: Some("Square"), field: [FieldDescriptorProto { name: Some("edge_length"), number: Some(1), label: Some(Optional), r#type: Some(Float), type_name: None, extendee: None, default_value: None, oneof_index: None, json_name: Some("edgeLength"), options: None, proto3_optional: None }], extension: [], nested_type: [], enum_type: [], extension_range: [], oneof_decl: [], options: None, reserved_range: [], reserved_name: [] }, DescriptorProto { name: Some("Rectangle"), field: [FieldDescriptorProto { name: Some("length"), number: Some(1), label: Some(Optional), r#type: Some(Float), type_name: None, extendee: None, default_value: None, oneof_index: None, json_name: Some("length"), options: None, proto3_optional: None }, FieldDescriptorProto { name: Some("width"), number: Some(2), label: Some(Optional), r#type: Some(Float), type_name: None, extendee: None, default_value: None, oneof_index: None, json_name: Some("width"), options: None, proto3_optional: None }], extension: [], nested_type: [], enum_type: [], extension_range: [], oneof_decl: [], options: None, reserved_range: [], reserved_name: [] }, DescriptorProto { name: Some("Circle"), field: [FieldDescriptorProto { name: Some("radius"), number: Some(1), label: Some(Optional), r#type: Some(Float), type_name: None, extendee: None, default_value: None, oneof_index: None, json_name: Some("radius"), options: None, proto3_optional: None }], extension: [], nested_type: [], enum_type: [], extension_range: [], oneof_decl: [], options: None, reserved_range: [], reserved_name: [] }, DescriptorProto { name: Some("Triangle"), field: [FieldDescriptorProto { name: Some("edge_a"), number: Some(1), label: Some(Optional), r#type: Some(Float), type_name: None, extendee: None, default_value: None, oneof_index: None, json_name: Some("edgeA"), options: None, proto3_optional: None }, FieldDescriptorProto { name: Some("edge_b"), number: Some(2), label: Some(Optional), r#type: Some(Float), type_name: None, extendee: None, default_value: None, oneof_index: None, json_name: Some("edgeB"), options: None, proto3_optional: None }, FieldDescriptorProto { name: Some("edge_c"), number: Some(3), label: Some(Optional), r#type: Some(Float), type_name: None, extendee: None, default_value: None, oneof_index: None, json_name: Some("edgeC"), options: None, proto3_optional: None }], extension: [], nested_type: [], enum_type: [], extension_range: [], oneof_decl: [], options: None, reserved_range: [], reserved_name: [] }, DescriptorProto { name: Some("Parallelogram"), field: [FieldDescriptorProto { name: Some("base_length"), number: Some(1), label: Some(Optional), r#type: Some(Float), type_name: None, extendee: None, default_value: None, oneof_index: None, json_name: Some("baseLength"), options: None, proto3_optional: None }, FieldDescriptorProto { name: Some("height"), number: Some(2), label: Some(Optional), r#type: Some(Float), type_name: None, extendee: None, default_value: None, oneof_index: None, json_name: Some("height"), options: None, proto3_optional: None }], extension: [], nested_type: [], enum_type: [], extension_range: [], oneof_decl: [], options: None, reserved_range: [], reserved_name: [] }, DescriptorProto { name: Some("AreaRequest"), field: [FieldDescriptorProto { name: Some("shapes"), number: Some(1), label: Some(Repeated), r#type: Some(Message), type_name: Some(".area_calculator.ShapeMessage"), extendee: None, default_value: None, oneof_index: None, json_name: Some("shapes"), options: None, proto3_optional: None }], extension: [], nested_type: [], enum_type: [], extension_range: [], oneof_decl: [], options: None, reserved_range: [], reserved_name: [] }, DescriptorProto { name: Some("AreaResponse"), field: [FieldDescriptorProto { name: Some("value"), number: Some(1), label: Some(Repeated), r#type: Some(Float), type_name: None, extendee: None, default_value: None, oneof_index: None, json_name: Some("value"), options: None, proto3_optional: None }], extension: [], nested_type: [], enum_type: [], extension_range: [], oneof_decl: [], options: None, reserved_range: [], reserved_name: [] }], enum_type: [], service: [ServiceDescriptorProto { name: Some("Calculator"), method: [MethodDescriptorProto { name: Some("calculateOne"), input_type: Some(".area_calculator.ShapeMessage"), output_type: Some(".area_calculator.AreaResponse"), options: Some(MethodOptions { deprecated: None, idempotency_level: None, uninterpreted_option: [] }), client_streaming: None, server_streaming: None }, MethodDescriptorProto { name: Some("calculateMulti"), input_type: Some(".area_calculator.AreaRequest"), output_type: Some(".area_calculator.AreaResponse"), options: Some(MethodOptions { deprecated: None, idempotency_level: None, uninterpreted_option: [] }), client_streaming: None, server_streaming: None }], options: None }], extension: [], options: Some(FileOptions { java_package: None, java_outer_classname: None, java_multiple_files: None, java_generate_equals_and_hash: None, java_string_check_utf8: None, optimize_for: None, go_package: Some("io.pact/area_calculator"), cc_generic_services: None, java_generic_services: None, py_generic_services: None, php_generic_services: Some(true), deprecated: None, cc_enable_arenas: None, objc_class_prefix: None, csharp_namespace: None, swift_prefix: None, php_class_prefix: None, php_namespace: None, php_metadata_namespace: None, ruby_package: None, uninterpreted_option: [] }), source_code_info: None, syntax: Some("proto3") }, descriptor: DescriptorProto { name: Some("AreaResponse"), field: [FieldDescriptorProto { name: Some("value"), number: Some(1), label: Some(Repeated), r#type: Some(Float), type_name: None, extendee: None, default_value: None, oneof_index: None, json_name: Some("value"), options: None, proto3_optional: None }], extension: [], nested_type: [], enum_type: [], extension_range: [], oneof_decl: [], options: None, reserved_range: [], reserved_name: [] }, message_name: "AreaResponse", fields: {} }, MatchingRuleCategory { name: BODY, rules: {} }, {})
15:05:16.052 [grpc-nio-worker-ELG-1-2] DEBUG io.grpc.netty.NettyClientHandler - [id: 0x3c962551, L:/0:0:0:0:0:0:0:1:53790 - R:/0:0:0:0:0:0:0:1:53788] INBOUND HEADERS: streamId=7 headers=GrpcHttp2ResponseHeaders[:status: 200, content-type: application/grpc, date: Mon, 27 Mar 2023 09:35:16 GMT] padding=0 endStream=false
15:05:16.053 [Thread-5] DEBUG i.pact.plugins.jvm.core.ChildProcess - Plugin protobuf [46038] || ?[2m2023-03-27T09:35:16.050056Z?[0m ?[35mTRACE?[0m tokio-runtime-worker ?[1mrequest?[0m?[1m{?[0m?[3mmethod?[0m?[2m=?[0mPOST ?[3muri?[0m?[2m=?[0mhttp://[::1]:53788/io.pact.plugin.PactPlugin/ConfigureInteraction ?[3mversion?[0m?[2m=?[0mHTTP/2.0 ?[3mheaders?[0m?[2m=?[0m{"content-type": "application/grpc", "te": "trailers", "user-agent": "grpc-java-netty/1.49.0", "grpc-accept-encoding": "gzip", "authorization": Sensitive}?[1m}?[0m?[2m:?[0m ?[2mpact_protobuf_plugin::protobuf?[0m?[2m:?[0m >> build_field_value($.value, value, String("matching(number, 12)"))
15:05:16.053 [Thread-5] DEBUG i.pact.plugins.jvm.core.ChildProcess - Plugin protobuf [46038] || ?[2m2023-03-27T09:35:16.050074Z?[0m ?[35mTRACE?[0m tokio-runtime-worker ?[1mrequest?[0m?[1m{?[0m?[3mmethod?[0m?[2m=?[0mPOST ?[3muri?[0m?[2m=?[0mhttp://[::1]:53788/io.pact.plugin.PactPlugin/ConfigureInteraction ?[3mversion?[0m?[2m=?[0mHTTP/2.0 ?[3mheaders?[0m?[2m=?[0m{"content-type": "application/grpc", "te": "trailers", "user-agent": "grpc-java-netty/1.49.0", "grpc-accept-encoding": "gzip", "authorization": Sensitive}?[1m}?[0m?[2m:?[0m ?[2mpact_protobuf_plugin::protobuf?[0m?[2m:?[0m value_for_type(value, 12, _)
15:05:16.053 [Thread-5] DEBUG i.pact.plugins.jvm.core.ChildProcess - Plugin protobuf [46038] || ?[2m2023-03-27T09:35:16.050086Z?[0m ?[34mDEBUG?[0m tokio-runtime-worker ?[1mrequest?[0m?[1m{?[0m?[3mmethod?[0m?[2m=?[0mPOST ?[3muri?[0m?[2m=?[0mhttp://[::1]:53788/io.pact.plugin.PactPlugin/ConfigureInteraction ?[3mversion?[0m?[2m=?[0mHTTP/2.0 ?[3mheaders?[0m?[2m=?[0m{"content-type": "application/grpc", "te": "trailers", "user-agent": "grpc-java-netty/1.49.0", "grpc-accept-encoding": "gzip", "authorization": Sensitive}?[1m}?[0m?[2m:?[0m ?[2mpact_protobuf_plugin::protobuf?[0m?[2m:?[0m Creating value for type "" from '12'
15:05:16.053 [Thread-5] DEBUG i.pact.plugins.jvm.core.ChildProcess - Plugin protobuf [46038] || ?[2m2023-03-27T09:35:16.050098Z?[0m ?[34mDEBUG?[0m tokio-runtime-worker ?[1mrequest?[0m?[1m{?[0m?[3mmethod?[0m?[2m=?[0mPOST ?[3muri?[0m?[2m=?[0mhttp://[::1]:53788/io.pact.plugin.PactPlugin/ConfigureInteraction ?[3mversion?[0m?[2m=?[0mHTTP/2.0 ?[3mheaders?[0m?[2m=?[0m{"content-type": "application/grpc", "te": "trailers", "user-agent": "grpc-java-netty/1.49.0", "grpc-accept-encoding": "gzip", "authorization": Sensitive}?[1m}?[0m?[2m:?[0m ?[2mpact_protobuf_plugin::protobuf?[0m?[2m:?[0m Setting field "value" to value MessageFieldValue { name: "value", raw_value: Some("12"), rtype: Float(12.0) }
15:05:16.053 [Thread-5] DEBUG i.pact.plugins.jvm.core.ChildProcess - Plugin protobuf [46038] || ?[2m2023-03-27T09:35:16.050114Z?[0m ?[35mTRACE?[0m tokio-runtime-worker ?[1mrequest?[0m?[1m{?[0m?[3mmethod?[0m?[2m=?[0mPOST ?[3muri?[0m?[2m=?[0mhttp://[::1]:53788/io.pact.plugin.PactPlugin/ConfigureInteraction ?[3mversion?[0m?[2m=?[0mHTTP/2.0 ?[3mheaders?[0m?[2m=?[0m{"content-type": "application/grpc", "te": "trailers", "user-agent": "grpc-java-netty/1.49.0", "grpc-accept-encoding": "gzip", "authorization": Sensitive}?[1m}?[0m?[2m:?[0m ?[2mpact_protobuf_plugin::protobuf?[0m?[2m:?[0m >> construct_message_field done (value, $.value)
15:05:16.053 [Thread-5] DEBUG i.pact.plugins.jvm.core.ChildProcess - Plugin protobuf [46038] || ?[2m2023-03-27T09:35:16.050126Z?[0m ?[34mDEBUG?[0m tokio-runtime-worker ?[1mrequest?[0m?[1m{?[0m?[3mmethod?[0m?[2m=?[0mPOST ?[3muri?[0m?[2m=?[0mhttp://[::1]:53788/io.pact.plugin.PactPlugin/ConfigureInteraction ?[3mversion?[0m?[2m=?[0mHTTP/2.0 ?[3mheaders?[0m?[2m=?[0m{"content-type": "application/grpc", "te": "trailers", "user-agent": "grpc-java-netty/1.49.0", "grpc-accept-encoding": "gzip", "authorization": Sensitive}?[1m}?[0m?[2m:?[0m ?[2mpact_protobuf_plugin::protobuf?[0m?[2m:?[0m Constructing response to return
15:05:16.054 [Thread-5] DEBUG i.pact.plugins.jvm.core.ChildProcess - Plugin protobuf [46038] || ?[2m2023-03-27T09:35:16.050136Z?[0m ?[35mTRACE?[0m tokio-runtime-worker ?[1mrequest?[0m?[1m{?[0m?[3mmethod?[0m?[2m=?[0mPOST ?[3muri?[0m?[2m=?[0mhttp://[::1]:53788/io.pact.plugin.PactPlugin/ConfigureInteraction ?[3mversion?[0m?[2m=?[0mHTTP/2.0 ?[3mheaders?[0m?[2m=?[0m{"content-type": "application/grpc", "te": "trailers", "user-agent": "grpc-java-netty/1.49.0", "grpc-accept-encoding": "gzip", "authorization": Sensitive}?[1m}?[0m?[2m:?[0m ?[2mpact_protobuf_plugin::protobuf?[0m?[2m:?[0m Final message builder: MessageBuilder { file_descriptor: FileDescriptorProto { name: Some("area_calculator.proto"), package: Some("area_calculator"), dependency: [], public_dependency: [], weak_dependency: [], message_type: [DescriptorProto { name: Some("ShapeMessage"), field: [FieldDescriptorProto { name: Some("square"), number: Some(1), label: Some(Optional), r#type: Some(Message), type_name: Some(".area_calculator.Square"), extendee: None, default_value: None, oneof_index: Some(0), json_name: Some("square"), options: None, proto3_optional: None }, FieldDescriptorProto { name: Some("rectangle"), number: Some(2), label: Some(Optional), r#type: Some(Message), type_name: Some(".area_calculator.Rectangle"), extendee: None, default_value: None, oneof_index: Some(0), json_name: Some("rectangle"), options: None, proto3_optional: None }, FieldDescriptorProto { name: Some("circle"), number: Some(3), label: Some(Optional), r#type: Some(Message), type_name: Some(".area_calculator.Circle"), extendee: None, default_value: None, oneof_index: Some(0), json_name: Some("circle"), options: None, proto3_optional: None }, FieldDescriptorProto { name: Some("triangle"), number: Some(4), label: Some(Optional), r#type: Some(Message), type_name: Some(".area_calculator.Triangle"), extendee: None, default_value: None, oneof_index: Some(0), json_name: Some("triangle"), options: None, proto3_optional: None }, FieldDescriptorProto { name: Some("parallelogram"), number: Some(5), label: Some(Optional), r#type: Some(Message), type_name: Some(".area_calculator.Parallelogram"), extendee: None, default_value: None, oneof_index: Some(0), json_name: Some("parallelogram"), options: None, proto3_optional: None }], extension: [], nested_type: [], enum_type: [], extension_range: [], oneof_decl: [OneofDescriptorProto { name: Some("shape"), options: None }], options: None, reserved_range: [], reserved_name: [] }, DescriptorProto { name: Some("Square"), field: [FieldDescriptorProto { name: Some("edge_length"), number: Some(1), label: Some(Optional), r#type: Some(Float), type_name: None, extendee: None, default_value: None, oneof_index: None, json_name: Some("edgeLength"), options: None, proto3_optional: None }], extension: [], nested_type: [], enum_type: [], extension_range: [], oneof_decl: [], options: None, reserved_range: [], reserved_name: [] }, DescriptorProto { name: Some("Rectangle"), field: [FieldDescriptorProto { name: Some("length"), number: Some(1), label: Some(Optional), r#type: Some(Float), type_name: None, extendee: None, default_value: None, oneof_index: None, json_name: Some("length"), options: None, proto3_optional: None }, FieldDescriptorProto { name: Some("width"), number: Some(2), label: Some(Optional), r#type: Some(Float), type_name: None, extendee: None, default_value: None, oneof_index: None, json_name: Some("width"), options: None, proto3_optional: None }], extension: [], nested_type: [], enum_type: [], extension_range: [], oneof_decl: [], options: None, reserved_range: [], reserved_name: [] }, DescriptorProto { name: Some("Circle"), field: [FieldDescriptorProto { name: Some("radius"), number: Some(1), label: Some(Optional), r#type: Some(Float), type_name: None, extendee: None, default_value: None, oneof_index: None, json_name: Some("radius"), options: None, proto3_optional: None }], extension: [], nested_type: [], enum_type: [], extension_range: [], oneof_decl: [], options: None, reserved_range: [], reserved_name: [] }, DescriptorProto { name: Some("Triangle"), field: [FieldDescriptorProto { name: Some("edge_a"), number: Some(1), label: Some(Optional), r#type: Some(Float), type_name: None, extendee: None, default_value: None, oneof_index: None, json_name: Some("edgeA"), options: None, proto3_optional: None }, FieldDescriptorProto { name: Some("edge_b"), number: Some(2), label: Some(Optional), r#type: Some(Float), type_name: None, extendee: None, default_value: None, oneof_index: None, json_name: Some("edgeB"), options: None, proto3_optional: None }, FieldDescriptorProto { name: Some("edge_c"), number: Some(3), label: Some(Optional), r#type: Some(Float), type_name: None, extendee: None, default_value: None, oneof_index: None, json_name: Some("edgeC"), options: None, proto3_optional: None }], extension: [], nested_type: [], enum_type: [], extension_range: [], oneof_decl: [], options: None, reserved_range: [], reserved_name: [] }, DescriptorProto { name: Some("Parallelogram"), field: [FieldDescriptorProto { name: Some("base_length"), number: Some(1), label: Some(Optional), r#type: Some(Float), type_name: None, extendee: None, default_value: None, oneof_index: None, json_name: Some("baseLength"), options: None, proto3_optional: None }, FieldDescriptorProto { name: Some("height"), number: Some(2), label: Some(Optional), r#type: Some(Float), type_name: None, extendee: None, default_value: None, oneof_index: None, json_name: Some("height"), options: None, proto3_optional: None }], extension: [], nested_type: [], enum_type: [], extension_range: [], oneof_decl: [], options: None, reserved_range: [], reserved_name: [] }, DescriptorProto { name: Some("AreaRequest"), field: [FieldDescriptorProto { name: Some("shapes"), number: Some(1), label: Some(Repeated), r#type: Some(Message), type_name: Some(".area_calculator.ShapeMessage"), extendee: None, default_value: None, oneof_index: None, json_name: Some("shapes"), options: None, proto3_optional: None }], extension: [], nested_type: [], enum_type: [], extension_range: [], oneof_decl: [], options: None, reserved_range: [], reserved_name: [] }, DescriptorProto { name: Some("AreaResponse"), field: [FieldDescriptorProto { name: Some("value"), number: Some(1), label: Some(Repeated), r#type: Some(Float), type_name: None, extendee: None, default_value: None, oneof_index: None, json_name: Some("value"), options: None, proto3_optional: None }], extension: [], nested_type: [], enum_type: [], extension_range: [], oneof_decl: [], options: None, reserved_range: [], reserved_name: [] }], enum_type: [], service: [ServiceDescriptorProto { name: Some("Calculator"), method: [MethodDescriptorProto { name: Some("calculateOne"), input_type: Some(".area_calculator.ShapeMessage"), output_type: Some(".area_calculator.AreaResponse"), options: Some(MethodOptions { deprecated: None, idempotency_level: None, uninterpreted_option: [] }), client_streaming: None, server_streaming: None }, MethodDescriptorProto { name: Some("calculateMulti"), input_type: Some(".area_calculator.AreaRequest"), output_type: Some(".area_calculator.AreaResponse"), options: Some(MethodOptions { deprecated: None, idempotency_level: None, uninterpreted_option: [] }), client_streaming: None, server_streaming: None }], options: None }], extension: [], options: Some(FileOptions { java_package: None, java_outer_classname: None, java_multiple_files: None, java_generate_equals_and_hash: None, java_string_check_utf8: None, optimize_for: None, go_package: Some("io.pact/area_calculator"), cc_generic_services: None, java_generic_services: None, py_generic_services: None, php_generic_services: Some(true), deprecated: None, cc_enable_arenas: None, objc_class_prefix: None, csharp_namespace: None, swift_prefix: None, php_class_prefix: None, php_namespace: None, php_metadata_namespace: None, ruby_package: None, uninterpreted_option: [] }), source_code_info: None, syntax: Some("proto3") }, descriptor: DescriptorProto { name: Some("AreaResponse"), field: [FieldDescriptorProto { name: Some("value"), number: Some(1), label: Some(Repeated), r#type: Some(Float), type_name: None, extendee: None, default_value: None, oneof_index: None, json_name: Some("value"), options: None, proto3_optional: None }], extension: [], nested_type: [], enum_type: [], extension_range: [], oneof_decl: [], options: None, reserved_range: [], reserved_name: [] }, message_name: "AreaResponse", fields: {"value": FieldValueInner { values: [MessageFieldValue { name: "value", raw_value: Some("12"), rtype: Float(12.0) }], descriptor: FieldDescriptorProto { name: Some("value"), number: Some(1), label: Some(Repeated), r#type: Some(Float), type_name: None, extendee: None, default_value: None, oneof_index: None, json_name: Some("value"), options: None, proto3_optional: None }, field_type: Normal, proto_type: Float }} }
15:05:16.054 [Thread-5] DEBUG i.pact.plugins.jvm.core.ChildProcess - Plugin protobuf [46038] || ?[2m2023-03-27T09:35:16.050232Z?[0m ?[35mTRACE?[0m tokio-runtime-worker ?[1mrequest?[0m?[1m{?[0m?[3mmethod?[0m?[2m=?[0mPOST ?[3muri?[0m?[2m=?[0mhttp://[::1]:53788/io.pact.plugin.PactPlugin/ConfigureInteraction ?[3mversion?[0m?[2m=?[0mHTTP/2.0 ?[3mheaders?[0m?[2m=?[0m{"content-type": "application/grpc", "te": "trailers", "user-agent": "grpc-java-netty/1.49.0", "grpc-accept-encoding": "gzip", "authorization": Sensitive}?[1m}?[0m?[2m:?[0m ?[2mpact_protobuf_plugin::protobuf?[0m?[2m:?[0m matching rules: MatchingRuleCategory { name: BODY, rules: {DocPath { path_tokens: [Root, Field("value")], expr: "$.value" }: RuleList { rules: [Number], rule_logic: And, cascaded: false }} }
15:05:16.054 [grpc-nio-worker-ELG-1-2] DEBUG io.grpc.netty.NettyClientHandler - [id: 0x3c962551, L:/0:0:0:0:0:0:0:1:53790 - R:/0:0:0:0:0:0:0:1:53788] INBOUND DATA: streamId=7 padding=0 endStream=false length=2861 bytes=0000000b2812cb020a3d0a296170706c69636174696f6e2f70726f746f6275663b6d6573736167653d53686170654d657373616765120e0a0c120a0d00004040...
15:05:16.054 [Thread-5] DEBUG i.pact.plugins.jvm.core.ChildProcess - Plugin protobuf [46038] || ?[2m2023-03-27T09:35:16.050249Z?[0m ?[35mTRACE?[0m tokio-runtime-worker ?[1mrequest?[0m?[1m{?[0m?[3mmethod?[0m?[2m=?[0mPOST ?[3muri?[0m?[2m=?[0mhttp://[::1]:53788/io.pact.plugin.PactPlugin/ConfigureInteraction ?[3mversion?[0m?[2m=?[0mHTTP/2.0 ?[3mheaders?[0m?[2m=?[0m{"content-type": "application/grpc", "te": "trailers", "user-agent": "grpc-java-netty/1.49.0", "grpc-accept-encoding": "gzip", "authorization": Sensitive}?[1m}?[0m?[2m:?[0m ?[2mpact_protobuf_plugin::protobuf?[0m?[2m:?[0m generators: {}
15:05:16.054 [grpc-nio-worker-ELG-1-2] DEBUG io.grpc.netty.NettyClientHandler - [id: 0x3c962551, L:/0:0:0:0:0:0:0:1:53790 - R:/0:0:0:0:0:0:0:1:53788] OUTBOUND PING: ack=false bytes=1234
15:05:16.054 [Thread-5] DEBUG i.pact.plugins.jvm.core.ChildProcess - Plugin protobuf [46038] || ?[2m2023-03-27T09:35:16.050262Z?[0m ?[35mTRACE?[0m tokio-runtime-worker ?[1mrequest?[0m?[1m{?[0m?[3mmethod?[0m?[2m=?[0mPOST ?[3muri?[0m?[2m=?[0mhttp://[::1]:53788/io.pact.plugin.PactPlugin/ConfigureInteraction ?[3mversion?[0m?[2m=?[0mHTTP/2.0 ?[3mheaders?[0m?[2m=?[0m{"content-type": "application/grpc", "te": "trailers", "user-agent": "grpc-java-netty/1.49.0", "grpc-accept-encoding": "gzip", "authorization": Sensitive}?[1m}?[0m?[2m:?[0m ?[2mpact_protobuf_plugin::message_builder?[0m?[2m:?[0m >> encode_message AreaResponse, 1 fields
15:05:16.054 [Thread-5] DEBUG i.pact.plugins.jvm.core.ChildProcess - Plugin protobuf [46038] || ?[2m2023-03-27T09:35:16.050411Z?[0m ?[35mTRACE?[0m tokio-runtime-worker ?[1mrequest?[0m?[1m{?[0m?[3mmethod?[0m?[2m=?[0mPOST ?[3muri?[0m?[2m=?[0mhttp://[::1]:53788/io.pact.plugin.PactPlugin/ConfigureInteraction ?[3mversion?[0m?[2m=?[0mHTTP/2.0 ?[3mheaders?[0m?[2m=?[0m{"content-type": "application/grpc", "te": "trailers", "user-agent": "grpc-java-netty/1.49.0", "grpc-accept-encoding": "gzip", "authorization": Sensitive}?[1m}?[0m?[2m:?[0m ?[2mpact_protobuf_plugin::message_builder?[0m?[2m:?[0m >> encode_single_field(Some(MessageFieldValue { name: "value", raw_value: Some("12"), rtype: Float(12.0) }), Some(1), FieldValueInner { values: [MessageFieldValue { name: "value", raw_value: Some("12"), rtype: Float(12.0) }], descriptor: FieldDescriptorProto { name: Some("value"), number: Some(1), label: Some(Repeated), r#type: Some(Float), type_name: None, extendee: None, default_value: None, oneof_index: None, json_name: Some("value"), options: None, proto3_optional: None }, field_type: Normal, proto_type: Float })
15:05:16.054 [Thread-5] DEBUG i.pact.plugins.jvm.core.ChildProcess - Plugin protobuf [46038] || ?[2m2023-03-27T09:35:16.050448Z?[0m ?[35mTRACE?[0m tokio-runtime-worker ?[1mrequest?[0m?[1m{?[0m?[3mmethod?[0m?[2m=?[0mPOST ?[3muri?[0m?[2m=?[0mhttp://[::1]:53788/io.pact.plugin.PactPlugin/ConfigureInteraction ?[3mversion?[0m?[2m=?[0mHTTP/2.0 ?[3mheaders?[0m?[2m=?[0m{"content-type": "application/grpc", "te": "trailers", "user-agent": "grpc-java-netty/1.49.0", "grpc-accept-encoding": "gzip", "authorization": Sensitive}?[1m}?[0m?[2m:?[0m ?[2mpact_protobuf_plugin::message_builder?[0m?[2m:?[0m encode_message: 5 bytes
15:05:16.054 [Thread-5] DEBUG i.pact.plugins.jvm.core.ChildProcess - Plugin protobuf [46038] || ?[2m2023-03-27T09:35:16.050490Z?[0m ?[35mTRACE?[0m tokio-runtime-worker ?[1mrequest?[0m?[1m{?[0m?[3mmethod?[0m?[2m=?[0mPOST ?[3muri?[0m?[2m=?[0mhttp://[::1]:53788/io.pact.plugin.PactPlugin/ConfigureInteraction ?[3mversion?[0m?[2m=?[0mHTTP/2.0 ?[3mheaders?[0m?[2m=?[0m{"content-type": "application/grpc", "te": "trailers", "user-agent": "grpc-java-netty/1.49.0", "grpc-accept-encoding": "gzip", "authorization": Sensitive}?[1m}?[0m?[2m:?[0m ?[2mpact_protobuf_plugin::protobuf?[0m?[2m:?[0m request = Some(InteractionResponse { contents: Some(Body { content_type: "application/protobuf;message=ShapeMessage", content: Some([18, 10, 13, 0, 0, 64, 64, 21, 0, 0, 128, 64]), content_type_hint: Binary }), rules: {"$.rectangle.length": MatchingRules { rule: [MatchingRule { r#type: "number", values: None }] }, "$.rectangle.width": MatchingRules { rule: [MatchingRule { r#type: "number", values: None }] }}, generators: {}, message_metadata: None, plugin_configuration: None, interaction_markup: "```protobuf\nmessage ShapeMessage {\n    message .area_calculator.Rectangle rectangle = 2;\n}\n```\n", interaction_markup_type: CommonMark, part_name: "request" })
15:05:16.054 [Thread-5] DEBUG i.pact.plugins.jvm.core.ChildProcess - Plugin protobuf [46038] || ?[2m2023-03-27T09:35:16.050545Z?[0m ?[35mTRACE?[0m tokio-runtime-worker ?[1mrequest?[0m?[1m{?[0m?[3mmethod?[0m?[2m=?[0mPOST ?[3muri?[0m?[2m=?[0mhttp://[::1]:53788/io.pact.plugin.PactPlugin/ConfigureInteraction ?[3mversion?[0m?[2m=?[0mHTTP/2.0 ?[3mheaders?[0m?[2m=?[0m{"content-type": "application/grpc", "te": "trailers", "user-agent": "grpc-java-netty/1.49.0", "grpc-accept-encoding": "gzip", "authorization": Sensitive}?[1m}?[0m?[2m:?[0m ?[2mpact_protobuf_plugin::protobuf?[0m?[2m:?[0m response = [InteractionResponse { contents: Some(Body { content_type: "application/protobuf;message=AreaResponse", content: Some([13, 0, 0, 64, 65]), content_type_hint: Binary }), rules: {"$.value": MatchingRules { rule: [MatchingRule { r#type: "number", values: None }] }}, generators: {}, message_metadata: None, plugin_configuration: None, interaction_markup: "```protobuf\nmessage AreaResponse {\n    float value = 1;\n}\n```\n", interaction_markup_type: CommonMark, part_name: "response" }]
15:05:16.054 [Thread-5] DEBUG i.pact.plugins.jvm.core.ChildProcess - Plugin protobuf [46038] || ?[2m2023-03-27T09:35:16.051018Z?[0m ?[34mDEBUG?[0m tokio-runtime-worker ?[1mrequest?[0m?[1m{?[0m?[3mmethod?[0m?[2m=?[0mPOST ?[3muri?[0m?[2m=?[0mhttp://[::1]:53788/io.pact.plugin.PactPlugin/ConfigureInteraction ?[3mversion?[0m?[2m=?[0mHTTP/2.0 ?[3mheaders?[0m?[2m=?[0m{"content-type": "application/grpc", "te": "trailers", "user-agent": "grpc-java-netty/1.49.0", "grpc-accept-encoding": "gzip", "authorization": Sensitive}?[1m}?[0m?[2m:?[0m ?[2mtower_http::trace::on_response?[0m?[2m:?[0m finished processing request ?[3mlatency?[0m?[2m=?[0m56 ms
15:05:16.054 [Thread-5] DEBUG i.pact.plugins.jvm.core.ChildProcess - Plugin protobuf [46038] || ?[2m2023-03-27T09:35:16.051059Z?[0m ?[35mTRACE?[0m tokio-runtime-worker ?[2mh2::proto::streams::send?[0m?[2m:?[0m send_headers; frame=Headers { stream_id: StreamId(7), flags: (0x4: END_HEADERS) }; init_window=1048576
15:05:16.054 [grpc-nio-worker-ELG-1-2] DEBUG io.grpc.netty.NettyClientHandler - [id: 0x3c962551, L:/0:0:0:0:0:0:0:1:53790 - R:/0:0:0:0:0:0:0:1:53788] INBOUND HEADERS: streamId=7 headers=GrpcHttp2ResponseHeaders[grpc-status: 0] padding=0 endStream=true
15:05:16.054 [Thread-5] DEBUG i.pact.plugins.jvm.core.ChildProcess - Plugin protobuf [46038] || ?[2m2023-03-27T09:35:16.051089Z?[0m ?[35mTRACE?[0m tokio-runtime-worker ?[1mPrioritize::queue_frame?[0m?[1m{?[0m?[3mstream.id?[0m?[2m=?[0mStreamId(7)?[1m}?[0m?[2m:?[0m ?[2mh2::proto::streams::prioritize?[0m?[2m:?[0m schedule_send ?[3mstream.id?[0m?[2m=?[0mStreamId(7)
15:05:16.054 [Thread-5] DEBUG i.pact.plugins.jvm.core.ChildProcess - Plugin protobuf [46038] || ?[2m2023-03-27T09:35:16.051104Z?[0m ?[35mTRACE?[0m tokio-runtime-worker ?[1mPrioritize::queue_frame?[0m?[1m{?[0m?[3mstream.id?[0m?[2m=?[0mStreamId(7)?[1m}?[0m?[2m:?[0m ?[2mh2::proto::streams::store?[0m?[2m:?[0m Queue::push
15:05:16.054 [Thread-5] DEBUG i.pact.plugins.jvm.core.ChildProcess - Plugin protobuf [46038] || ?[2m2023-03-27T09:35:16.051115Z?[0m ?[35mTRACE?[0m tokio-runtime-worker ?[1mPrioritize::queue_frame?[0m?[1m{?[0m?[3mstream.id?[0m?[2m=?[0mStreamId(7)?[1m}?[0m?[2m:?[0m ?[2mh2::proto::streams::store?[0m?[2m:?[0m  -> first entry
15:05:16.054 [Thread-5] DEBUG i.pact.plugins.jvm.core.ChildProcess - Plugin protobuf [46038] || ?[2m2023-03-27T09:35:16.051133Z?[0m ?[35mTRACE?[0m tokio-runtime-worker ?[2mh2::proto::streams::counts?[0m?[2m:?[0m transition_after; stream=StreamId(7); state=State { inner: HalfClosedRemote(Streaming) }; is_closed=false; pending_send_empty=false; buffered_send_data=0; num_recv=1; num_send=0
15:05:16.054 [Thread-5] DEBUG i.pact.plugins.jvm.core.ChildProcess - Plugin protobuf [46038] || ?[2m2023-03-27T09:35:16.051167Z?[0m ?[35mTRACE?[0m tokio-runtime-worker ?[1mreserve_capacity?[0m?[1m{?[0m?[3mstream.id?[0m?[2m=?[0mStreamId(7) ?[3mrequested?[0m?[2m=?[0m1 ?[3meffective?[0m?[2m=?[0m1 ?[3mcurr?[0m?[2m=?[0m0?[1m}?[0m?[2m:?[0m?[1mtry_assign_capacity?[0m?[1m{?[0m?[3mstream.id?[0m?[2m=?[0mStreamId(7)?[1m}?[0m?[2m:?[0m ?[2mh2::proto::streams::prioritize?[0m?[2m:?[0m ?[3mrequested?[0m?[2m=?[0m1 ?[3madditional?[0m?[2m=?[0m1 ?[3mbuffered?[0m?[2m=?[0m0 ?[3mwindow?[0m?[2m=?[0m1048576 ?[3mconn?[0m?[2m=?[0m1048418
15:05:16.054 [Thread-5] DEBUG i.pact.plugins.jvm.core.ChildProcess - Plugin protobuf [46038] || ?[2m2023-03-27T09:35:16.051186Z?[0m ?[35mTRACE?[0m tokio-runtime-worker ?[1mreserve_capacity?[0m?[1m{?[0m?[3mstream.id?[0m?[2m=?[0mStreamId(7) ?[3mrequested?[0m?[2m=?[0m1 ?[3meffective?[0m?[2m=?[0m1 ?[3mcurr?[0m?[2m=?[0m0?[1m}?[0m?[2m:?[0m?[1mtry_assign_capacity?[0m?[1m{?[0m?[3mstream.id?[0m?[2m=?[0mStreamId(7)?[1m}?[0m?[2m:?[0m ?[2mh2::proto::streams::prioritize?[0m?[2m:?[0m assigning ?[3mcapacity?[0m?[2m=?[0m1
15:05:16.055 [Thread-5] DEBUG i.pact.plugins.jvm.core.ChildProcess - Plugin protobuf [46038] || ?[2m2023-03-27T09:35:16.051198Z?[0m ?[35mTRACE?[0m tokio-runtime-worker ?[1mreserve_capacity?[0m?[1m{?[0m?[3mstream.id?[0m?[2m=?[0mStreamId(7) ?[3mrequested?[0m?[2m=?[0m1 ?[3meffective?[0m?[2m=?[0m1 ?[3mcurr?[0m?[2m=?[0m0?[1m}?[0m?[2m:?[0m?[1mtry_assign_capacity?[0m?[1m{?[0m?[3mstream.id?[0m?[2m=?[0mStreamId(7)?[1m}?[0m?[2m:?[0m ?[2mh2::proto::streams::stream?[0m?[2m:?[0m   assigned capacity to stream; available=1; buffered=0; id=StreamId(7); max_buffer_size=409600
15:05:16.055 [Thread-5] DEBUG i.pact.plugins.jvm.core.ChildProcess - Plugin protobuf [46038] || ?[2m2023-03-27T09:35:16.051213Z?[0m ?[35mTRACE?[0m tokio-runtime-worker ?[1mreserve_capacity?[0m?[1m{?[0m?[3mstream.id?[0m?[2m=?[0mStreamId(7) ?[3mrequested?[0m?[2m=?[0m1 ?[3meffective?[0m?[2m=?[0m1 ?[3mcurr?[0m?[2m=?[0m0?[1m}?[0m?[2m:?[0m?[1mtry_assign_capacity?[0m?[1m{?[0m?[3mstream.id?[0m?[2m=?[0mStreamId(7)?[1m}?[0m?[2m:?[0m ?[2mh2::proto::streams::stream?[0m?[2m:?[0m   notifying task
15:05:16.055 [Thread-5] DEBUG i.pact.plugins.jvm.core.ChildProcess - Plugin protobuf [46038] || ?[2m2023-03-27T09:35:16.051224Z?[0m ?[35mTRACE?[0m tokio-runtime-worker ?[1mreserve_capacity?[0m?[1m{?[0m?[3mstream.id?[0m?[2m=?[0mStreamId(7) ?[3mrequested?[0m?[2m=?[0m1 ?[3meffective?[0m?[2m=?[0m1 ?[3mcurr?[0m?[2m=?[0m0?[1m}?[0m?[2m:?[0m?[1mtry_assign_capacity?[0m?[1m{?[0m?[3mstream.id?[0m?[2m=?[0mStreamId(7)?[1m}?[0m?[2m:?[0m ?[2mh2::proto::streams::prioritize?[0m?[2m:?[0m ?[3mavailable?[0m?[2m=?[0m1 ?[3mrequested?[0m?[2m=?[0m1 ?[3mbuffered?[0m?[2m=?[0m0 ?[3mhas_unavailable?[0m?[2m=?[0mtrue
15:05:16.055 [Thread-5] DEBUG i.pact.plugins.jvm.core.ChildProcess - Plugin protobuf [46038] || ?[2m2023-03-27T09:35:16.051291Z?[0m ?[35mTRACE?[0m tokio-runtime-worker ?[2mhyper::proto::h2?[0m?[2m:?[0m send body chunk: 2861 bytes, eos=false
15:05:16.055 [Thread-5] DEBUG i.pact.plugins.jvm.core.ChildProcess - Plugin protobuf [46038] || ?[2m2023-03-27T09:35:16.051311Z?[0m ?[35mTRACE?[0m tokio-runtime-worker ?[1msend_data?[0m?[1m{?[0m?[3msz?[0m?[2m=?[0m2861 ?[3mrequested?[0m?[2m=?[0m1?[1m}?[0m?[2m:?[0m ?[2mh2::proto::streams::prioritize?[0m?[2m:?[0m ?[3mbuffered?[0m?[2m=?[0m2861
15:05:16.055 [Thread-5] DEBUG i.pact.plugins.jvm.core.ChildProcess - Plugin protobuf [46038] || ?[2m2023-03-27T09:35:16.051330Z?[0m ?[35mTRACE?[0m tokio-runtime-worker ?[1msend_data?[0m?[1m{?[0m?[3msz?[0m?[2m=?[0m2861 ?[3mrequested?[0m?[2m=?[0m1?[1m}?[0m?[2m:?[0m?[1mtry_assign_capacity?[0m?[1m{?[0m?[3mstream.id?[0m?[2m=?[0mStreamId(7)?[1m}?[0m?[2m:?[0m ?[2mh2::proto::streams::prioritize?[0m?[2m:?[0m ?[3mrequested?[0m?[2m=?[0m2861 ?[3madditional?[0m?[2m=?[0m2860 ?[3mbuffered?[0m?[2m=?[0m2861 ?[3mwindow?[0m?[2m=?[0m1048576 ?[3mconn?[0m?[2m=?[0m1048417
15:05:16.055 [Thread-5] DEBUG i.pact.plugins.jvm.core.ChildProcess - Plugin protobuf [46038] || ?[2m2023-03-27T09:35:16.051344Z?[0m ?[35mTRACE?[0m tokio-runtime-worker ?[1msend_data?[0m?[1m{?[0m?[3msz?[0m?[2m=?[0m2861 ?[3mrequested?[0m?[2m=?[0m1?[1m}?[0m?[2m:?[0m?[1mtry_assign_capacity?[0m?[1m{?[0m?[3mstream.id?[0m?[2m=?[0mStreamId(7)?[1m}?[0m?[2m:?[0m ?[2mh2::proto::streams::prioritize?[0m?[2m:?[0m assigning ?[3mcapacity?[0m?[2m=?[0m2860
15:05:16.055 [Thread-5] DEBUG i.pact.plugins.jvm.core.ChildProcess - Plugin protobuf [46038] || ?[2m2023-03-27T09:35:16.051356Z?[0m ?[35mTRACE?[0m tokio-runtime-worker ?[1msend_data?[0m?[1m{?[0m?[3msz?[0m?[2m=?[0m2861 ?[3mrequested?[0m?[2m=?[0m1?[1m}?[0m?[2m:?[0m?[1mtry_assign_capacity?[0m?[1m{?[0m?[3mstream.id?[0m?[2m=?[0mStreamId(7)?[1m}?[0m?[2m:?[0m ?[2mh2::proto::streams::stream?[0m?[2m:?[0m   assigned capacity to stream; available=2861; buffered=2861; id=StreamId(7); max_buffer_size=409600
15:05:16.055 [Thread-5] DEBUG i.pact.plugins.jvm.core.ChildProcess - Plugin protobuf [46038] || ?[2m2023-03-27T09:35:16.051368Z?[0m ?[35mTRACE?[0m tokio-runtime-worker ?[1msend_data?[0m?[1m{?[0m?[3msz?[0m?[2m=?[0m2861 ?[3mrequested?[0m?[2m=?[0m1?[1m}?[0m?[2m:?[0m?[1mtry_assign_capacity?[0m?[1m{?[0m?[3mstream.id?[0m?[2m=?[0mStreamId(7)?[1m}?[0m?[2m:?[0m ?[2mh2::proto::streams::prioritize?[0m?[2m:?[0m ?[3mavailable?[0m?[2m=?[0m2861 ?[3mrequested?[0m?[2m=?[0m2861 ?[3mbuffered?[0m?[2m=?[0m2861 ?[3mhas_unavailable?[0m?[2m=?[0mtrue
15:05:16.055 [Thread-5] DEBUG i.pact.plugins.jvm.core.ChildProcess - Plugin protobuf [46038] || ?[2m2023-03-27T09:35:16.051382Z?[0m ?[35mTRACE?[0m tokio-runtime-worker ?[1msend_data?[0m?[1m{?[0m?[3msz?[0m?[2m=?[0m2861 ?[3mrequested?[0m?[2m=?[0m1?[1m}?[0m?[2m:?[0m?[1mtry_assign_capacity?[0m?[1m{?[0m?[3mstream.id?[0m?[2m=?[0mStreamId(7)?[1m}?[0m?[2m:?[0m ?[2mh2::proto::streams::store?[0m?[2m:?[0m Queue::push
15:05:16.055 [Thread-5] DEBUG i.pact.plugins.jvm.core.ChildProcess - Plugin protobuf [46038] || ?[2m2023-03-27T09:35:16.051393Z?[0m ?[35mTRACE?[0m tokio-runtime-worker ?[1msend_data?[0m?[1m{?[0m?[3msz?[0m?[2m=?[0m2861 ?[3mrequested?[0m?[2m=?[0m1?[1m}?[0m?[2m:?[0m?[1mtry_assign_capacity?[0m?[1m{?[0m?[3mstream.id?[0m?[2m=?[0mStreamId(7)?[1m}?[0m?[2m:?[0m ?[2mh2::proto::streams::store?[0m?[2m:?[0m  -> already queued
15:05:16.055 [Thread-5] DEBUG i.pact.plugins.jvm.core.ChildProcess - Plugin protobuf [46038] || ?[2m2023-03-27T09:35:16.051412Z?[0m ?[35mTRACE?[0m tokio-runtime-worker ?[1msend_data?[0m?[1m{?[0m?[3msz?[0m?[2m=?[0m2861 ?[3mrequested?[0m?[2m=?[0m1?[1m}?[0m?[2m:?[0m ?[2mh2::proto::streams::prioritize?[0m?[2m:?[0m ?[3mavailable?[0m?[2m=?[0m2861 ?[3mbuffered?[0m?[2m=?[0m2861
15:05:16.055 [Thread-5] DEBUG i.pact.plugins.jvm.core.ChildProcess - Plugin protobuf [46038] || ?[2m2023-03-27T09:35:16.051432Z?[0m ?[35mTRACE?[0m tokio-runtime-worker ?[1msend_data?[0m?[1m{?[0m?[3msz?[0m?[2m=?[0m2861 ?[3mrequested?[0m?[2m=?[0m1?[1m}?[0m?[2m:?[0m?[1mPrioritize::queue_frame?[0m?[1m{?[0m?[3mstream.id?[0m?[2m=?[0mStreamId(7)?[1m}?[0m?[2m:?[0m ?[2mh2::proto::streams::prioritize?[0m?[2m:?[0m schedule_send ?[3mstream.id?[0m?[2m=?[0mStreamId(7)
15:05:16.055 [Thread-5] DEBUG i.pact.plugins.jvm.core.ChildProcess - Plugin protobuf [46038] || ?[2m2023-03-27T09:35:16.051443Z?[0m ?[35mTRACE?[0m tokio-runtime-worker ?[1msend_data?[0m?[1m{?[0m?[3msz?[0m?[2m=?[0m2861 ?[3mrequested?[0m?[2m=?[0m1?[1m}?[0m?[2m:?[0m?[1mPrioritize::queue_frame?[0m?[1m{?[0m?[3mstream.id?[0m?[2m=?[0mStreamId(7)?[1m}?[0m?[2m:?[0m ?[2mh2::proto::streams::store?[0m?[2m:?[0m Queue::push
15:05:16.055 [Thread-5] DEBUG i.pact.plugins.jvm.core.ChildProcess - Plugin protobuf [46038] || ?[2m2023-03-27T09:35:16.051454Z?[0m ?[35mTRACE?[0m tokio-runtime-worker ?[1msend_data?[0m?[1m{?[0m?[3msz?[0m?[2m=?[0m2861 ?[3mrequested?[0m?[2m=?[0m1?[1m}?[0m?[2m:?[0m?[1mPrioritize::queue_frame?[0m?[1m{?[0m?[3mstream.id?[0m?[2m=?[0mStreamId(7)?[1m}?[0m?[2m:?[0m ?[2mh2::proto::streams::store?[0m?[2m:?[0m  -> already queued
15:05:16.055 [Thread-5] DEBUG i.pact.plugins.jvm.core.ChildProcess - Plugin protobuf [46038] || ?[2m2023-03-27T09:35:16.051476Z?[0m ?[35mTRACE?[0m tokio-runtime-worker ?[2mh2::proto::streams::counts?[0m?[2m:?[0m transition_after; stream=StreamId(7); state=State { inner: HalfClosedRemote(Streaming) }; is_closed=false; pending_send_empty=false; buffered_send_data=2861; num_recv=1; num_send=0
15:05:16.055 [Thread-5] DEBUG i.pact.plugins.jvm.core.ChildProcess - Plugin protobuf [46038] || ?[2m2023-03-27T09:35:16.051506Z?[0m ?[35mTRACE?[0m tokio-runtime-worker ?[1mreserve_capacity?[0m?[1m{?[0m?[3mstream.id?[0m?[2m=?[0mStreamId(7) ?[3mrequested?[0m?[2m=?[0m1 ?[3meffective?[0m?[2m=?[0m2862 ?[3mcurr?[0m?[2m=?[0m2861?[1m}?[0m?[2m:?[0m?[1mtry_assign_capacity?[0m?[1m{?[0m?[3mstream.id?[0m?[2m=?[0mStreamId(7)?[1m}?[0m?[2m:?[0m ?[2mh2::proto::streams::prioritize?[0m?[2m:?[0m ?[3mrequested?[0m?[2m=?[0m2862 ?[3madditional?[0m?[2m=?[0m1 ?[3mbuffered?[0m?[2m=?[0m2861 ?[3mwindow?[0m?[2m=?[0m1048576 ?[3mconn?[0m?[2m=?[0m1045557
15:05:16.055 [grpc-nio-worker-ELG-1-2] DEBUG io.grpc.netty.NettyClientHandler - [id: 0x3c962551, L:/0:0:0:0:0:0:0:1:53790 - R:/0:0:0:0:0:0:0:1:53788] INBOUND PING: ack=true bytes=1234
15:05:16.055 [Thread-5] DEBUG i.pact.plugins.jvm.core.ChildProcess - Plugin protobuf [46038] || ?[2m2023-03-27T09:35:16.051524Z?[0m ?[35mTRACE?[0m tokio-runtime-worker ?[1mreserve_capacity?[0m?[1m{?[0m?[3mstream.id?[0m?[2m=?[0mStreamId(7) ?[3mrequested?[0m?[2m=?[0m1 ?[3meffective?[0m?[2m=?[0m2862 ?[3mcurr?[0m?[2m=?[0m2861?[1m}?[0m?[2m:?[0m?[1mtry_assign_capacity?[0m?[1m{?[0m?[3mstream.id?[0m?[2m=?[0mStreamId(7)?[1m}?[0m?[2m:?[0m ?[2mh2::proto::streams::prioritize?[0m?[2m:?[0m assigning ?[3mcapacity?[0m?[2m=?[0m1
15:05:16.055 [Thread-5] DEBUG i.pact.plugins.jvm.core.ChildProcess - Plugin protobuf [46038] || ?[2m2023-03-27T09:35:16.051535Z?[0m ?[35mTRACE?[0m tokio-runtime-worker ?[1mreserve_capacity?[0m?[1m{?[0m?[3mstream.id?[0m?[2m=?[0mStreamId(7) ?[3mrequested?[0m?[2m=?[0m1 ?[3meffective?[0m?[2m=?[0m2862 ?[3mcurr?[0m?[2m=?[0m2861?[1m}?[0m?[2m:?[0m?[1mtry_assign_capacity?[0m?[1m{?[0m?[3mstream.id?[0m?[2m=?[0mStreamId(7)?[1m}?[0m?[2m:?[0m ?[2mh2::proto::streams::stream?[0m?[2m:?[0m   assigned capacity to stream; available=2862; buffered=2861; id=StreamId(7); max_buffer_size=409600
15:05:16.055 [Thread-5] DEBUG i.pact.plugins.jvm.core.ChildProcess - Plugin protobuf [46038] || ?[2m2023-03-27T09:35:16.051548Z?[0m ?[35mTRACE?[0m tokio-runtime-worker ?[1mreserve_capacity?[0m?[1m{?[0m?[3mstream.id?[0m?[2m=?[0mStreamId(7) ?[3mrequested?[0m?[2m=?[0m1 ?[3meffective?[0m?[2m=?[0m2862 ?[3mcurr?[0m?[2m=?[0m2861?[1m}?[0m?[2m:?[0m?[1mtry_assign_capacity?[0m?[1m{?[0m?[3mstream.id?[0m?[2m=?[0mStreamId(7)?[1m}?[0m?[2m:?[0m ?[2mh2::proto::streams::stream?[0m?[2m:?[0m   notifying task
15:05:16.055 [Thread-5] DEBUG i.pact.plugins.jvm.core.ChildProcess - Plugin protobuf [46038] || ?[2m2023-03-27T09:35:16.051558Z?[0m ?[35mTRACE?[0m tokio-runtime-worker ?[1mreserve_capacity?[0m?[1m{?[0m?[3mstream.id?[0m?[2m=?[0mStreamId(7) ?[3mrequested?[0m?[2m=?[0m1 ?[3meffective?[0m?[2m=?[0m2862 ?[3mcurr?[0m?[2m=?[0m2861?[1m}?[0m?[2m:?[0m?[1mtry_assign_capacity?[0m?[1m{?[0m?[3mstream.id?[0m?[2m=?[0mStreamId(7)?[1m}?[0m?[2m:?[0m ?[2mh2::proto::streams::prioritize?[0m?[2m:?[0m ?[3mavailable?[0m?[2m=?[0m2862 ?[3mrequested?[0m?[2m=?[0m2862 ?[3mbuffered?[0m?[2m=?[0m2861 ?[3mhas_unavailable?[0m?[2m=?[0mtrue
15:05:16.055 [Thread-5] DEBUG i.pact.plugins.jvm.core.ChildProcess - Plugin protobuf [46038] || ?[2m2023-03-27T09:35:16.051572Z?[0m ?[35mTRACE?[0m tokio-runtime-worker ?[1mreserve_capacity?[0m?[1m{?[0m?[3mstream.id?[0m?[2m=?[0mStreamId(7) ?[3mrequested?[0m?[2m=?[0m1 ?[3meffective?[0m?[2m=?[0m2862 ?[3mcurr?[0m?[2m=?[0m2861?[1m}?[0m?[2m:?[0m?[1mtry_assign_capacity?[0m?[1m{?[0m?[3mstream.id?[0m?[2m=?[0mStreamId(7)?[1m}?[0m?[2m:?[0m ?[2mh2::proto::streams::store?[0m?[2m:?[0m Queue::push
15:05:16.056 [Thread-5] DEBUG i.pact.plugins.jvm.core.ChildProcess - Plugin protobuf [46038] || ?[2m2023-03-27T09:35:16.051582Z?[0m ?[35mTRACE?[0m tokio-runtime-worker ?[1mreserve_capacity?[0m?[1m{?[0m?[3mstream.id?[0m?[2m=?[0mStreamId(7) ?[3mrequested?[0m?[2m=?[0m1 ?[3meffective?[0m?[2m=?[0m2862 ?[3mcurr?[0m?[2m=?[0m2861?[1m}?[0m?[2m:?[0m?[1mtry_assign_capacity?[0m?[1m{?[0m?[3mstream.id?[0m?[2m=?[0mStreamId(7)?[1m}?[0m?[2m:?[0m ?[2mh2::proto::streams::store?[0m?[2m:?[0m  -> already queued
15:05:16.056 [Thread-5] DEBUG i.pact.plugins.jvm.core.ChildProcess - Plugin protobuf [46038] || ?[2m2023-03-27T09:35:16.051640Z?[0m ?[34mDEBUG?[0m tokio-runtime-worker ?[1mrequest?[0m?[1m{?[0m?[3mmethod?[0m?[2m=?[0mPOST ?[3muri?[0m?[2m=?[0mhttp://[::1]:53788/io.pact.plugin.PactPlugin/ConfigureInteraction ?[3mversion?[0m?[2m=?[0mHTTP/2.0 ?[3mheaders?[0m?[2m=?[0m{"content-type": "application/grpc", "te": "trailers", "user-agent": "grpc-java-netty/1.49.0", "grpc-accept-encoding": "gzip", "authorization": Sensitive}?[1m}?[0m?[2m:?[0m ?[2mtower_http::trace::on_eos?[0m?[2m:?[0m end of stream ?[3mstream_duration?[0m?[2m=?[0m0 ms ?[3mstatus?[0m?[2m=?[0m0
15:05:16.056 [Thread-5] DEBUG i.pact.plugins.jvm.core.ChildProcess - Plugin protobuf [46038] || ?[2m2023-03-27T09:35:16.051661Z?[0m ?[35mTRACE?[0m tokio-runtime-worker ?[2mh2::proto::streams::state?[0m?[2m:?[0m send_close: HalfClosedRemote => Closed
15:05:16.056 [Thread-5] DEBUG i.pact.plugins.jvm.core.ChildProcess - Plugin protobuf [46038] || ?[2m2023-03-27T09:35:16.051669Z?[0m ?[35mTRACE?[0m tokio-runtime-worker ?[2mh2::proto::streams::send?[0m?[2m:?[0m send_trailers -- queuing; frame=Headers { stream_id: StreamId(7), flags: (0x5: END_HEADERS | END_STREAM) }
15:05:16.056 [Thread-5] DEBUG i.pact.plugins.jvm.core.ChildProcess - Plugin protobuf [46038] || ?[2m2023-03-27T09:35:16.051686Z?[0m ?[35mTRACE?[0m tokio-runtime-worker ?[1mPrioritize::queue_frame?[0m?[1m{?[0m?[3mstream.id?[0m?[2m=?[0mStreamId(7)?[1m}?[0m?[2m:?[0m ?[2mh2::proto::streams::prioritize?[0m?[2m:?[0m schedule_send ?[3mstream.id?[0m?[2m=?[0mStreamId(7)
15:05:16.056 [Thread-5] DEBUG i.pact.plugins.jvm.core.ChildProcess - Plugin protobuf [46038] || ?[2m2023-03-27T09:35:16.051697Z?[0m ?[35mTRACE?[0m tokio-runtime-worker ?[1mPrioritize::queue_frame?[0m?[1m{?[0m?[3mstream.id?[0m?[2m=?[0mStreamId(7)?[1m}?[0m?[2m:?[0m ?[2mh2::proto::streams::store?[0m?[2m:?[0m Queue::push
15:05:16.056 [Thread-5] DEBUG i.pact.plugins.jvm.core.ChildProcess - Plugin protobuf [46038] || ?[2m2023-03-27T09:35:16.051706Z?[0m ?[35mTRACE?[0m tokio-runtime-worker ?[1mPrioritize::queue_frame?[0m?[1m{?[0m?[3mstream.id?[0m?[2m=?[0mStreamId(7)?[1m}?[0m?[2m:?[0m ?[2mh2::proto::streams::store?[0m?[2m:?[0m  -> already queued
15:05:16.056 [Thread-5] DEBUG i.pact.plugins.jvm.core.ChildProcess - Plugin protobuf [46038] || ?[2m2023-03-27T09:35:16.051735Z?[0m ?[35mTRACE?[0m tokio-runtime-worker ?[2mh2::proto::streams::counts?[0m?[2m:?[0m transition_after; stream=StreamId(7); state=State { inner: Closed(EndStream) }; is_closed=false; pending_send_empty=false; buffered_send_data=2861; num_recv=1; num_send=0
15:05:16.056 [Thread-5] DEBUG i.pact.plugins.jvm.core.ChildProcess - Plugin protobuf [46038] || ?[2m2023-03-27T09:35:16.051748Z?[0m ?[35mTRACE?[0m tokio-runtime-worker ?[2mh2::proto::streams::streams?[0m?[2m:?[0m drop_stream_ref; stream=Stream { id: StreamId(7), state: State { inner: Closed(EndStream) }, is_counted: true, ref_count: 2, next_pending_send: None, is_pending_send: true, send_flow: FlowControl { window_size: Window(1048576), available: Window(2861) }, requested_send_capacity: 2861, buffered_send_data: 2861, send_task: Some(Waker { data: 0x600001868000, vtable: 0x103cec458 }), pending_send: Deque { indices: Some(Indices { head: 0, tail: 2 }) }, next_pending_send_capacity: None, is_pending_send_capacity: false, send_capacity_inc: true, next_open: None, is_pending_open: false, is_pending_push: false, next_pending_accept: None, is_pending_accept: false, recv_flow: FlowControl { window_size: Window(1048233), available: Window(1048576) }, in_flight_recv_data: 0, next_window_update: None, is_pending_window_update: false, reset_at: None, next_reset_expire: None, pending_recv: Deque { indices: None }, recv_task: None, pending_push_promises: Queue { indices: None, _p: PhantomData }, content_length: Omitted }
15:05:16.056 [Thread-5] DEBUG i.pact.plugins.jvm.core.ChildProcess - Plugin protobuf [46038] || ?[2m2023-03-27T09:35:16.051782Z?[0m ?[35mTRACE?[0m tokio-runtime-worker ?[2mh2::proto::streams::counts?[0m?[2m:?[0m transition_after; stream=StreamId(7); state=State { inner: Closed(EndStream) }; is_closed=false; pending_send_empty=false; buffered_send_data=2861; num_recv=1; num_send=0
15:05:16.056 [Thread-5] DEBUG i.pact.plugins.jvm.core.ChildProcess - Plugin protobuf [46038] || ?[2m2023-03-27T09:35:16.051794Z?[0m ?[35mTRACE?[0m tokio-runtime-worker ?[2mh2::proto::streams::streams?[0m?[2m:?[0m drop_stream_ref; stream=Stream { id: StreamId(7), state: State { inner: Closed(EndStream) }, is_counted: true, ref_count: 1, next_pending_send: None, is_pending_send: true, send_flow: FlowControl { window_size: Window(1048576), available: Window(2861) }, requested_send_capacity: 2861, buffered_send_data: 2861, send_task: Some(Waker { data: 0x600001868000, vtable: 0x103cec458 }), pending_send: Deque { indices: Some(Indices { head: 0, tail: 2 }) }, next_pending_send_capacity: None, is_pending_send_capacity: false, send_capacity_inc: true, next_open: None, is_pending_open: false, is_pending_push: false, next_pending_accept: None, is_pending_accept: false, recv_flow: FlowControl { window_size: Window(1048233), available: Window(1048576) }, in_flight_recv_data: 0, next_window_update: None, is_pending_window_update: false, reset_at: None, next_reset_expire: None, pending_recv: Deque { indices: None }, recv_task: None, pending_push_promises: Queue { indices: None, _p: PhantomData }, content_length: Omitted }
15:05:16.056 [Thread-5] DEBUG i.pact.plugins.jvm.core.ChildProcess - Plugin protobuf [46038] || ?[2m2023-03-27T09:35:16.051813Z?[0m ?[35mTRACE?[0m tokio-runtime-worker ?[2mh2::proto::streams::counts?[0m?[2m:?[0m transition_after; stream=StreamId(7); state=State { inner: Closed(EndStream) }; is_closed=false; pending_send_empty=false; buffered_send_data=2861; num_recv=1; num_send=0
15:05:16.056 [Thread-5] DEBUG i.pact.plugins.jvm.core.ChildProcess - Plugin protobuf [46038] || ?[2m2023-03-27T09:35:16.051844Z?[0m ?[35mTRACE?[0m tokio-runtime-worker ?[1mserver_handshake?[0m?[2m:?[0m?[1mConnection?[0m?[1m{?[0m?[3mpeer?[0m?[2m=?[0mServer?[1m}?[0m?[2m:?[0m?[1mpoll?[0m?[2m:?[0m ?[2mh2::proto::connection?[0m?[2m:?[0m ?[3mconnection.state?[0m?[2m=?[0mOpen
15:05:16.056 [Thread-5] DEBUG i.pact.plugins.jvm.core.ChildProcess - Plugin protobuf [46038] || ?[2m2023-03-27T09:35:16.051879Z?[0m ?[35mTRACE?[0m tokio-runtime-worker ?[1mserver_handshake?[0m?[2m:?[0m?[1mConnection?[0m?[1m{?[0m?[3mpeer?[0m?[2m=?[0mServer?[1m}?[0m?[2m:?[0m?[1mpoll?[0m?[2m:?[0m?[1mFramedRead::poll_next?[0m?[2m:?[0m ?[2mh2::codec::framed_read?[0m?[2m:?[0m poll
15:05:16.056 [Thread-5] DEBUG i.pact.plugins.jvm.core.ChildProcess - Plugin protobuf [46038] || ?[2m2023-03-27T09:35:16.051909Z?[0m ?[35mTRACE?[0m tokio-runtime-worker ?[1mserver_handshake?[0m?[2m:?[0m?[1mConnection?[0m?[1m{?[0m?[3mpeer?[0m?[2m=?[0mServer?[1m}?[0m?[2m:?[0m?[1mpoll?[0m?[2m:?[0m ?[2mh2::proto::streams::prioritize?[0m?[2m:?[0m poll_complete
15:05:16.056 [Thread-5] DEBUG i.pact.plugins.jvm.core.ChildProcess - Plugin protobuf [46038] || ?[2m2023-03-27T09:35:16.051921Z?[0m ?[35mTRACE?[0m tokio-runtime-worker ?[1mserver_handshake?[0m?[2m:?[0m?[1mConnection?[0m?[1m{?[0m?[3mpeer?[0m?[2m=?[0mServer?[1m}?[0m?[2m:?[0m?[1mpoll?[0m?[2m:?[0m ?[2mh2::proto::streams::prioritize?[0m?[2m:?[0m schedule_pending_open
15:05:16.056 [Thread-5] DEBUG i.pact.plugins.jvm.core.ChildProcess - Plugin protobuf [46038] || ?[2m2023-03-27T09:35:16.051949Z?[0m ?[35mTRACE?[0m tokio-runtime-worker ?[1mserver_handshake?[0m?[2m:?[0m?[1mConnection?[0m?[1m{?[0m?[3mpeer?[0m?[2m=?[0mServer?[1m}?[0m?[2m:?[0m?[1mpoll?[0m?[2m:?[0m?[1mpop_frame?[0m?[2m:?[0m?[1mpopped?[0m?[1m{?[0m?[3mstream.id?[0m?[2m=?[0mStreamId(7) ?[3mstream.state?[0m?[2m=?[0mState { inner: Closed(EndStream) }?[1m}?[0m?[2m:?[0m ?[2mh2::proto::streams::prioritize?[0m?[2m:?[0m ?[3mis_pending_reset?[0m?[2m=?[0mfalse
15:05:16.056 [Thread-5] DEBUG i.pact.plugins.jvm.core.ChildProcess - Plugin protobuf [46038] || ?[2m2023-03-27T09:35:16.051963Z?[0m ?[35mTRACE?[0m tokio-runtime-worker ?[1mserver_handshake?[0m?[2m:?[0m?[1mConnection?[0m?[1m{?[0m?[3mpeer?[0m?[2m=?[0mServer?[1m}?[0m?[2m:?[0m?[1mpoll?[0m?[2m:?[0m?[1mpop_frame?[0m?[2m:?[0m?[1mpopped?[0m?[1m{?[0m?[3mstream.id?[0m?[2m=?[0mStreamId(7) ?[3mstream.state?[0m?[2m=?[0mState { inner: Closed(EndStream) }?[1m}?[0m?[2m:?[0m ?[2mh2::proto::streams::prioritize?[0m?[2m:?[0m pop_frame; frame=Headers { stream_id: StreamId(7), flags: (0x4: END_HEADERS) }
15:05:16.056 [Thread-5] DEBUG i.pact.plugins.jvm.core.ChildProcess - Plugin protobuf [46038] || ?[2m2023-03-27T09:35:16.051978Z?[0m ?[35mTRACE?[0m tokio-runtime-worker ?[1mserver_handshake?[0m?[2m:?[0m?[1mConnection?[0m?[1m{?[0m?[3mpeer?[0m?[2m=?[0mServer?[1m}?[0m?[2m:?[0m?[1mpoll?[0m?[2m:?[0m?[1mpop_frame?[0m?[2m:?[0m?[1mpopped?[0m?[1m{?[0m?[3mstream.id?[0m?[2m=?[0mStreamId(7) ?[3mstream.state?[0m?[2m=?[0mState { inner: Closed(EndStream) }?[1m}?[0m?[2m:?[0m ?[2mh2::proto::streams::store?[0m?[2m:?[0m Queue::push
15:05:16.056 [Thread-5] DEBUG i.pact.plugins.jvm.core.ChildProcess - Plugin protobuf [46038] || ?[2m2023-03-27T09:35:16.051990Z?[0m ?[35mTRACE?[0m tokio-runtime-worker ?[1mserver_handshake?[0m?[2m:?[0m?[1mConnection?[0m?[1m{?[0m?[3mpeer?[0m?[2m=?[0mServer?[1m}?[0m?[2m:?[0m?[1mpoll?[0m?[2m:?[0m?[1mpop_frame?[0m?[2m:?[0m?[1mpopped?[0m?[1m{?[0m?[3mstream.id?[0m?[2m=?[0mStreamId(7) ?[3mstream.state?[0m?[2m=?[0mState { inner: Closed(EndStream) }?[1m}?[0m?[2m:?[0m ?[2mh2::proto::streams::store?[0m?[2m:?[0m  -> first entry
15:05:16.056 [Thread-5] DEBUG i.pact.plugins.jvm.core.ChildProcess - Plugin protobuf [46038] || ?[2m2023-03-27T09:35:16.052002Z?[0m ?[35mTRACE?[0m tokio-runtime-worker ?[1mserver_handshake?[0m?[2m:?[0m?[1mConnection?[0m?[1m{?[0m?[3mpeer?[0m?[2m=?[0mServer?[1m}?[0m?[2m:?[0m?[1mpoll?[0m?[2m:?[0m?[1mpop_frame?[0m?[2m:?[0m?[1mpopped?[0m?[1m{?[0m?[3mstream.id?[0m?[2m=?[0mStreamId(7) ?[3mstream.state?[0m?[2m=?[0mState { inner: Closed(EndStream) }?[1m}?[0m?[2m:?[0m ?[2mh2::proto::streams::counts?[0m?[2m:?[0m transition_after; stream=StreamId(7); state=State { inner: Closed(EndStream) }; is_closed=false; pending_send_empty=false; buffered_send_data=2861; num_recv=1; num_send=0
15:05:16.056 [Thread-5] DEBUG i.pact.plugins.jvm.core.ChildProcess - Plugin protobuf [46038] || ?[2m2023-03-27T09:35:16.052053Z?[0m ?[35mTRACE?[0m tokio-runtime-worker ?[1mserver_handshake?[0m?[2m:?[0m?[1mConnection?[0m?[1m{?[0m?[3mpeer?[0m?[2m=?[0mServer?[1m}?[0m?[2m:?[0m?[1mpoll?[0m?[2m:?[0m ?[2mh2::proto::streams::prioritize?[0m?[2m:?[0m writing ?[3mframe?[0m?[2m=?[0mHeaders { stream_id: StreamId(7), flags: (0x4: END_HEADERS) }
15:05:16.056 [Thread-5] DEBUG i.pact.plugins.jvm.core.ChildProcess - Plugin protobuf [46038] || ?[2m2023-03-27T09:35:16.052113Z?[0m ?[34mDEBUG?[0m tokio-runtime-worker ?[1mserver_handshake?[0m?[2m:?[0m?[1mConnection?[0m?[1m{?[0m?[3mpeer?[0m?[2m=?[0mServer?[1m}?[0m?[2m:?[0m?[1mpoll?[0m?[2m:?[0m?[1mFramedWrite::buffer?[0m?[1m{?[0m?[3mframe?[0m?[2m=?[0mHeaders { stream_id: StreamId(7), flags: (0x4: END_HEADERS) }?[1m}?[0m?[2m:?[0m ?[2mh2::codec::framed_write?[0m?[2m:?[0m send ?[3mframe?[0m?[2m=?[0mHeaders { stream_id: StreamId(7), flags: (0x4: END_HEADERS) }
15:05:16.056 [Thread-5] DEBUG i.pact.plugins.jvm.core.ChildProcess - Plugin protobuf [46038] || ?[2m2023-03-27T09:35:16.052173Z?[0m ?[35mTRACE?[0m tokio-runtime-worker ?[1mserver_handshake?[0m?[2m:?[0m?[1mConnection?[0m?[1m{?[0m?[3mpeer?[0m?[2m=?[0mServer?[1m}?[0m?[2m:?[0m?[1mpoll?[0m?[2m:?[0m ?[2mh2::proto::streams::prioritize?[0m?[2m:?[0m schedule_pending_open
15:05:16.056 [Thread-5] DEBUG i.pact.plugins.jvm.core.ChildProcess - Plugin protobuf [46038] || ?[2m2023-03-27T09:35:16.052208Z?[0m ?[35mTRACE?[0m tokio-runtime-worker ?[1mserver_handshake?[0m?[2m:?[0m?[1mConnection?[0m?[1m{?[0m?[3mpeer?[0m?[2m=?[0mServer?[1m}?[0m?[2m:?[0m?[1mpoll?[0m?[2m:?[0m?[1mpop_frame?[0m?[2m:?[0m?[1mpopped?[0m?[1m{?[0m?[3mstream.id?[0m?[2m=?[0mStreamId(7) ?[3mstream.state?[0m?[2m=?[0mState { inner: Closed(EndStream) }?[1m}?[0m?[2m:?[0m ?[2mh2::proto::streams::prioritize?[0m?[2m:?[0m ?[3mis_pending_reset?[0m?[2m=?[0mfalse
15:05:16.056 [Thread-5] DEBUG i.pact.plugins.jvm.core.ChildProcess - Plugin protobuf [46038] || ?[2m2023-03-27T09:35:16.052228Z?[0m ?[35mTRACE?[0m tokio-runtime-worker ?[1mserver_handshake?[0m?[2m:?[0m?[1mConnection?[0m?[1m{?[0m?[3mpeer?[0m?[2m=?[0mServer?[1m}?[0m?[2m:?[0m?[1mpoll?[0m?[2m:?[0m?[1mpop_frame?[0m?[2m:?[0m?[1mpopped?[0m?[1m{?[0m?[3mstream.id?[0m?[2m=?[0mStreamId(7) ?[3mstream.state?[0m?[2m=?[0mState { inner: Closed(EndStream) }?[1m}?[0m?[2m:?[0m ?[2mh2::proto::streams::prioritize?[0m?[2m:?[0m data frame ?[3msz?[0m?[2m=?[0m2861 ?[3meos?[0m?[2m=?[0mfalse ?[3mwindow?[0m?[2m=?[0m2861 ?[3mavailable?[0m?[2m=?[0m2861 ?[3mrequested?[0m?[2m=?[0m2861 ?[3mbuffered?[0m?[2m=?[0m2861
15:05:16.056 [Thread-5] DEBUG i.pact.plugins.jvm.core.ChildProcess - Plugin protobuf [46038] || ?[2m2023-03-27T09:35:16.052247Z?[0m ?[35mTRACE?[0m tokio-runtime-worker ?[1mserver_handshake?[0m?[2m:?[0m?[1mConnection?[0m?[1m{?[0m?[3mpeer?[0m?[2m=?[0mServer?[1m}?[0m?[2m:?[0m?[1mpoll?[0m?[2m:?[0m?[1mpop_frame?[0m?[2m:?[0m?[1mpopped?[0m?[1m{?[0m?[3mstream.id?[0m?[2m=?[0mStreamId(7) ?[3mstream.state?[0m?[2m=?[0mState { inner: Closed(EndStream) }?[1m}?[0m?[2m:?[0m ?[2mh2::proto::streams::prioritize?[0m?[2m:?[0m sending data frame ?[3mlen?[0m?[2m=?[0m2861
15:05:16.057 [Thread-5] DEBUG i.pact.plugins.jvm.core.ChildProcess - Plugin protobuf [46038] || ?[2m2023-03-27T09:35:16.052270Z?[0m ?[35mTRACE?[0m tokio-runtime-worker ?[1mserver_handshake?[0m?[2m:?[0m?[1mConnection?[0m?[1m{?[0m?[3mpeer?[0m?[2m=?[0mServer?[1m}?[0m?[2m:?[0m?[1mpoll?[0m?[2m:?[0m?[1mpop_frame?[0m?[2m:?[0m?[1mpopped?[0m?[1m{?[0m?[3mstream.id?[0m?[2m=?[0mStreamId(7) ?[3mstream.state?[0m?[2m=?[0mState { inner: Closed(EndStream) }?[1m}?[0m?[2m:?[0m?[1mupdating stream flow?[0m?[2m:?[0m ?[2mh2::proto::streams::flow_control?[0m?[2m:?[0m send_data; sz=2861; window=1048576; available=2861
15:05:16.057 [Thread-5] DEBUG i.pact.plugins.jvm.core.ChildProcess - Plugin protobuf [46038] || ?[2m2023-03-27T09:35:16.052298Z?[0m ?[35mTRACE?[0m tokio-runtime-worker ?[1mserver_handshake?[0m?[2m:?[0m?[1mConnection?[0m?[1m{?[0m?[3mpeer?[0m?[2m=?[0mServer?[1m}?[0m?[2m:?[0m?[1mpoll?[0m?[2m:?[0m?[1mpop_frame?[0m?[2m:?[0m?[1mpopped?[0m?[1m{?[0m?[3mstream.id?[0m?[2m=?[0mStreamId(7) ?[3mstream.state?[0m?[2m=?[0mState { inner: Closed(EndStream) }?[1m}?[0m?[2m:?[0m?[1mupdating connection flow?[0m?[2m:?[0m ?[2mh2::proto::streams::flow_control?[0m?[2m:?[0m send_data; sz=2861; window=1048418; available=1048418
15:05:16.057 [Thread-5] DEBUG i.pact.plugins.jvm.core.ChildProcess - Plugin protobuf [46038] || ?[2m2023-03-27T09:35:16.052319Z?[0m ?[35mTRACE?[0m tokio-runtime-worker ?[1mserver_handshake?[0m?[2m:?[0m?[1mConnection?[0m?[1m{?[0m?[3mpeer?[0m?[2m=?[0mServer?[1m}?[0m?[2m:?[0m?[1mpoll?[0m?[2m:?[0m?[1mpop_frame?[0m?[2m:?[0m?[1mpopped?[0m?[1m{?[0m?[3mstream.id?[0m?[2m=?[0mStreamId(7) ?[3mstream.state?[0m?[2m=?[0mState { inner: Closed(EndStream) }?[1m}?[0m?[2m:?[0m ?[2mh2::proto::streams::prioritize?[0m?[2m:?[0m pop_frame; frame=Data { stream_id: StreamId(7) }
15:05:16.057 [Thread-5] DEBUG i.pact.plugins.jvm.core.ChildProcess - Plugin protobuf [46038] || ?[2m2023-03-27T09:35:16.052333Z?[0m ?[35mTRACE?[0m tokio-runtime-worker ?[1mserver_handshake?[0m?[2m:?[0m?[1mConnection?[0m?[1m{?[0m?[3mpeer?[0m?[2m=?[0mServer?[1m}?[0m?[2m:?[0m?[1mpoll?[0m?[2m:?[0m?[1mpop_frame?[0m?[2m:?[0m?[1mpopped?[0m?[1m{?[0m?[3mstream.id?[0m?[2m=?[0mStreamId(7) ?[3mstream.state?[0m?[2m=?[0mState { inner: Closed(EndStream) }?[1m}?[0m?[2m:?[0m ?[2mh2::proto::streams::store?[0m?[2m:?[0m Queue::push
15:05:16.057 [Thread-5] DEBUG i.pact.plugins.jvm.core.ChildProcess - Plugin protobuf [46038] || ?[2m2023-03-27T09:35:16.052347Z?[0m ?[35mTRACE?[0m tokio-runtime-worker ?[1mserver_handshake?[0m?[2m:?[0m?[1mConnection?[0m?[1m{?[0m?[3mpeer?[0m?[2m=?[0mServer?[1m}?[0m?[2m:?[0m?[1mpoll?[0m?[2m:?[0m?[1mpop_frame?[0m?[2m:?[0m?[1mpopped?[0m?[1m{?[0m?[3mstream.id?[0m?[2m=?[0mStreamId(7) ?[3mstream.state?[0m?[2m=?[0mState { inner: Closed(EndStream) }?[1m}?[0m?[2m:?[0m ?[2mh2::proto::streams::store?[0m?[2m:?[0m  -> first entry
15:05:16.057 [Thread-5] DEBUG i.pact.plugins.jvm.core.ChildProcess - Plugin protobuf [46038] || ?[2m2023-03-27T09:35:16.052360Z?[0m ?[35mTRACE?[0m tokio-runtime-worker ?[1mserver_handshake?[0m?[2m:?[0m?[1mConnection?[0m?[1m{?[0m?[3mpeer?[0m?[2m=?[0mServer?[1m}?[0m?[2m:?[0m?[1mpoll?[0m?[2m:?[0m?[1mpop_frame?[0m?[2m:?[0m?[1mpopped?[0m?[1m{?[0m?[3mstream.id?[0m?[2m=?[0mStreamId(7) ?[3mstream.state?[0m?[2m=?[0mState { inner: Closed(EndStream) }?[1m}?[0m?[2m:?[0m ?[2mh2::proto::streams::counts?[0m?[2m:?[0m transition_after; stream=StreamId(7); state=State { inner: Closed(EndStream) }; is_closed=false; pending_send_empty=false; buffered_send_data=0; num_recv=1; num_send=0
15:05:16.057 [Thread-5] DEBUG i.pact.plugins.jvm.core.ChildProcess - Plugin protobuf [46038] || ?[2m2023-03-27T09:35:16.052395Z?[0m ?[35mTRACE?[0m tokio-runtime-worker ?[1mserver_handshake?[0m?[2m:?[0m?[1mConnection?[0m?[1m{?[0m?[3mpeer?[0m?[2m=?[0mServer?[1m}?[0m?[2m:?[0m?[1mpoll?[0m?[2m:?[0m ?[2mh2::proto::streams::prioritize?[0m?[2m:?[0m writing ?[3mframe?[0m?[2m=?[0mData { stream_id: StreamId(7) }
15:05:16.057 [Thread-5] DEBUG i.pact.plugins.jvm.core.ChildProcess - Plugin protobuf [46038] || ?[2m2023-03-27T09:35:16.052419Z?[0m ?[34mDEBUG?[0m tokio-runtime-worker ?[1mserver_handshake?[0m?[2m:?[0m?[1mConnection?[0m?[1m{?[0m?[3mpeer?[0m?[2m=?[0mServer?[1m}?[0m?[2m:?[0m?[1mpoll?[0m?[2m:?[0m?[1mFramedWrite::buffer?[0m?[1m{?[0m?[3mframe?[0m?[2m=?[0mData { stream_id: StreamId(7) }?[1m}?[0m?[2m:?[0m ?[2mh2::codec::framed_write?[0m?[2m:?[0m send ?[3mframe?[0m?[2m=?[0mData { stream_id: StreamId(7) }
15:05:16.057 [Thread-5] DEBUG i.pact.plugins.jvm.core.ChildProcess - Plugin protobuf [46038] || ?[2m2023-03-27T09:35:16.052446Z?[0m ?[35mTRACE?[0m tokio-runtime-worker ?[1mserver_handshake?[0m?[2m:?[0m?[1mConnection?[0m?[1m{?[0m?[3mpeer?[0m?[2m=?[0mServer?[1m}?[0m?[2m:?[0m?[1mpoll?[0m?[2m:?[0m?[1mFramedWrite::flush?[0m?[2m:?[0m ?[2mh2::codec::framed_write?[0m?[2m:?[0m ?[3mqueued_data_frame?[0m?[2m=?[0mtrue
15:05:16.057 [Thread-5] DEBUG i.pact.plugins.jvm.core.ChildProcess - Plugin protobuf [46038] || ?[2m2023-03-27T09:35:16.052494Z?[0m ?[35mTRACE?[0m tokio-runtime-worker ?[1mserver_handshake?[0m?[2m:?[0m?[1mConnection?[0m?[1m{?[0m?[3mpeer?[0m?[2m=?[0mServer?[1m}?[0m?[2m:?[0m?[1mpoll?[0m?[2m:?[0m?[1mFramedWrite::flush?[0m?[2m:?[0m ?[2mh2::codec::framed_write?[0m?[2m:?[0m ?[3mqueued_data_frame?[0m?[2m=?[0mtrue
15:05:16.057 [Thread-5] DEBUG i.pact.plugins.jvm.core.ChildProcess - Plugin protobuf [46038] || ?[2m2023-03-27T09:35:16.052550Z?[0m ?[35mTRACE?[0m tokio-runtime-worker ?[1mserver_handshake?[0m?[2m:?[0m?[1mConnection?[0m?[1m{?[0m?[3mpeer?[0m?[2m=?[0mServer?[1m}?[0m?[2m:?[0m?[1mpoll?[0m?[2m:?[0m?[1mFramedWrite::flush?[0m?[2m:?[0m ?[2mh2::codec::framed_write?[0m?[2m:?[0m flushing buffer
15:05:16.057 [Thread-5] DEBUG i.pact.plugins.jvm.core.ChildProcess - Plugin protobuf [46038] || ?[2m2023-03-27T09:35:16.052588Z?[0m ?[35mTRACE?[0m tokio-runtime-worker ?[1mserver_handshake?[0m?[2m:?[0m?[1mConnection?[0m?[1m{?[0m?[3mpeer?[0m?[2m=?[0mServer?[1m}?[0m?[2m:?[0m?[1mpoll?[0m?[2m:?[0m?[1mtry_reclaim_frame?[0m?[2m:?[0m ?[2mh2::proto::streams::prioritize?[0m?[2m:?[0m reclaimed ?[3mframe?[0m?[2m=?[0mData { stream_id: StreamId(7) } ?[3msz?[0m?[2m=?[0m0
15:05:16.057 [Thread-5] DEBUG i.pact.plugins.jvm.core.ChildProcess - Plugin protobuf [46038] || ?[2m2023-03-27T09:35:16.052621Z?[0m ?[35mTRACE?[0m tokio-runtime-worker ?[1mserver_handshake?[0m?[2m:?[0m?[1mConnection?[0m?[1m{?[0m?[3mpeer?[0m?[2m=?[0mServer?[1m}?[0m?[2m:?[0m?[1mpoll?[0m?[2m:?[0m ?[2mh2::proto::streams::prioritize?[0m?[2m:?[0m schedule_pending_open
15:05:16.057 [Thread-5] DEBUG i.pact.plugins.jvm.core.ChildProcess - Plugin protobuf [46038] || ?[2m2023-03-27T09:35:16.052650Z?[0m ?[35mTRACE?[0m tokio-runtime-worker ?[1mserver_handshake?[0m?[2m:?[0m?[1mConnection?[0m?[1m{?[0m?[3mpeer?[0m?[2m=?[0mServer?[1m}?[0m?[2m:?[0m?[1mpoll?[0m?[2m:?[0m?[1mpop_frame?[0m?[2m:?[0m?[1mpopped?[0m?[1m{?[0m?[3mstream.id?[0m?[2m=?[0mStreamId(7) ?[3mstream.state?[0m?[2m=?[0mState { inner: Closed(EndStream) }?[1m}?[0m?[2m:?[0m ?[2mh2::proto::streams::prioritize?[0m?[2m:?[0m ?[3mis_pending_reset?[0m?[2m=?[0mfalse
15:05:16.057 [Thread-5] DEBUG i.pact.plugins.jvm.core.ChildProcess - Plugin protobuf [46038] || ?[2m2023-03-27T09:35:16.052665Z?[0m ?[35mTRACE?[0m tokio-runtime-worker ?[1mserver_handshake?[0m?[2m:?[0m?[1mConnection?[0m?[1m{?[0m?[3mpeer?[0m?[2m=?[0mServer?[1m}?[0m?[2m:?[0m?[1mpoll?[0m?[2m:?[0m?[1mpop_frame?[0m?[2m:?[0m?[1mpopped?[0m?[1m{?[0m?[3mstream.id?[0m?[2m=?[0mStreamId(7) ?[3mstream.state?[0m?[2m=?[0mState { inner: Closed(EndStream) }?[1m}?[0m?[2m:?[0m ?[2mh2::proto::streams::prioritize?[0m?[2m:?[0m pop_frame; frame=Headers { stream_id: StreamId(7), flags: (0x5: END_HEADERS | END_STREAM) }
15:05:16.057 [Thread-5] DEBUG i.pact.plugins.jvm.core.ChildProcess - Plugin protobuf [46038] || ?[2m2023-03-27T09:35:16.052690Z?[0m ?[35mTRACE?[0m tokio-runtime-worker ?[1mserver_handshake?[0m?[2m:?[0m?[1mConnection?[0m?[1m{?[0m?[3mpeer?[0m?[2m=?[0mServer?[1m}?[0m?[2m:?[0m?[1mpoll?[0m?[2m:?[0m?[1mpop_frame?[0m?[2m:?[0m?[1mpopped?[0m?[1m{?[0m?[3mstream.id?[0m?[2m=?[0mStreamId(7) ?[3mstream.state?[0m?[2m=?[0mState { inner: Closed(EndStream) }?[1m}?[0m?[2m:?[0m ?[2mh2::proto::streams::counts?[0m?[2m:?[0m transition_after; stream=StreamId(7); state=State { inner: Closed(EndStream) }; is_closed=true; pending_send_empty=true; buffered_send_data=0; num_recv=1; num_send=0
15:05:16.057 [Thread-5] DEBUG i.pact.plugins.jvm.core.ChildProcess - Plugin protobuf [46038] || ?[2m2023-03-27T09:35:16.052717Z?[0m ?[35mTRACE?[0m tokio-runtime-worker ?[1mserver_handshake?[0m?[2m:?[0m?[1mConnection?[0m?[1m{?[0m?[3mpeer?[0m?[2m=?[0mServer?[1m}?[0m?[2m:?[0m?[1mpoll?[0m?[2m:?[0m?[1mpop_frame?[0m?[2m:?[0m?[1mpopped?[0m?[1m{?[0m?[3mstream.id?[0m?[2m=?[0mStreamId(7) ?[3mstream.state?[0m?[2m=?[0mState { inner: Closed(EndStream) }?[1m}?[0m?[2m:?[0m ?[2mh2::proto::streams::counts?[0m?[2m:?[0m dec_num_streams; stream=StreamId(7)
15:05:16.057 [Thread-5] DEBUG i.pact.plugins.jvm.core.ChildProcess - Plugin protobuf [46038] || ?[2m2023-03-27T09:35:16.052748Z?[0m ?[35mTRACE?[0m tokio-runtime-worker ?[1mserver_handshake?[0m?[2m:?[0m?[1mConnection?[0m?[1m{?[0m?[3mpeer?[0m?[2m=?[0mServer?[1m}?[0m?[2m:?[0m?[1mpoll?[0m?[2m:?[0m ?[2mh2::proto::streams::prioritize?[0m?[2m:?[0m writing ?[3mframe?[0m?[2m=?[0mHeaders { stream_id: StreamId(7), flags: (0x5: END_HEADERS | END_STREAM) }
15:05:16.057 [Thread-5] DEBUG i.pact.plugins.jvm.core.ChildProcess - Plugin protobuf [46038] || ?[2m2023-03-27T09:35:16.052774Z?[0m ?[34mDEBUG?[0m tokio-runtime-worker ?[1mserver_handshake?[0m?[2m:?[0m?[1mConnection?[0m?[1m{?[0m?[3mpeer?[0m?[2m=?[0mServer?[1m}?[0m?[2m:?[0m?[1mpoll?[0m?[2m:?[0m?[1mFramedWrite::buffer?[0m?[1m{?[0m?[3mframe?[0m?[2m=?[0mHeaders { stream_id: StreamId(7), flags: (0x5: END_HEADERS | END_STREAM) }?[1m}?[0m?[2m:?[0m ?[2mh2::codec::framed_write?[0m?[2m:?[0m send ?[3mframe?[0m?[2m=?[0mHeaders { stream_id: StreamId(7), flags: (0x5: END_HEADERS | END_STREAM) }
15:05:16.057 [Thread-5] DEBUG i.pact.plugins.jvm.core.ChildProcess - Plugin protobuf [46038] || ?[2m2023-03-27T09:35:16.052824Z?[0m ?[35mTRACE?[0m tokio-runtime-worker ?[1mserver_handshake?[0m?[2m:?[0m?[1mConnection?[0m?[1m{?[0m?[3mpeer?[0m?[2m=?[0mServer?[1m}?[0m?[2m:?[0m?[1mpoll?[0m?[2m:?[0m ?[2mh2::proto::streams::prioritize?[0m?[2m:?[0m schedule_pending_open
15:05:16.057 [Thread-5] DEBUG i.pact.plugins.jvm.core.ChildProcess - Plugin protobuf [46038] || ?[2m2023-03-27T09:35:16.052851Z?[0m ?[35mTRACE?[0m tokio-runtime-worker ?[1mserver_handshake?[0m?[2m:?[0m?[1mConnection?[0m?[1m{?[0m?[3mpeer?[0m?[2m=?[0mServer?[1m}?[0m?[2m:?[0m?[1mpoll?[0m?[2m:?[0m?[1mFramedWrite::flush?[0m?[2m:?[0m ?[2mh2::codec::framed_write?[0m?[2m:?[0m ?[3mqueued_data_frame?[0m?[2m=?[0mfalse
15:05:16.057 [Thread-5] DEBUG i.pact.plugins.jvm.core.ChildProcess - Plugin protobuf [46038] || ?[2m2023-03-27T09:35:16.052877Z?[0m ?[35mTRACE?[0m tokio-runtime-worker ?[1mserver_handshake?[0m?[2m:?[0m?[1mConnection?[0m?[1m{?[0m?[3mpeer?[0m?[2m=?[0mServer?[1m}?[0m?[2m:?[0m?[1mpoll?[0m?[2m:?[0m?[1mFramedWrite::flush?[0m?[2m:?[0m ?[2mh2::codec::framed_write?[0m?[2m:?[0m flushing buffer
15:05:16.057 [Thread-5] DEBUG i.pact.plugins.jvm.core.ChildProcess - Plugin protobuf [46038] || ?[2m2023-03-27T09:35:16.055181Z?[0m ?[35mTRACE?[0m tokio-runtime-worker ?[1mserver_handshake?[0m?[2m:?[0m?[1mConnection?[0m?[1m{?[0m?[3mpeer?[0m?[2m=?[0mServer?[1m}?[0m?[2m:?[0m?[1mpoll?[0m?[2m:?[0m ?[2mh2::proto::connection?[0m?[2m:?[0m ?[3mconnection.state?[0m?[2m=?[0mOpen
15:05:16.058 [Thread-5] DEBUG i.pact.plugins.jvm.core.ChildProcess - Plugin protobuf [46038] || ?[2m2023-03-27T09:35:16.055234Z?[0m ?[35mTRACE?[0m tokio-runtime-worker ?[1mserver_handshake?[0m?[2m:?[0m?[1mConnection?[0m?[1m{?[0m?[3mpeer?[0m?[2m=?[0mServer?[1m}?[0m?[2m:?[0m?[1mpoll?[0m?[2m:?[0m?[1mFramedRead::poll_next?[0m?[2m:?[0m ?[2mh2::codec::framed_read?[0m?[2m:?[0m poll
15:05:16.058 [Thread-5] DEBUG i.pact.plugins.jvm.core.ChildProcess - Plugin protobuf [46038] || ?[2m2023-03-27T09:35:16.055257Z?[0m ?[35mTRACE?[0m tokio-runtime-worker ?[1mserver_handshake?[0m?[2m:?[0m?[1mConnection?[0m?[1m{?[0m?[3mpeer?[0m?[2m=?[0mServer?[1m}?[0m?[2m:?[0m?[1mpoll?[0m?[2m:?[0m?[1mFramedRead::poll_next?[0m?[2m:?[0m ?[2mtokio_util::codec::framed_impl?[0m?[2m:?[0m attempting to decode a frame
15:05:16.058 [Thread-5] DEBUG i.pact.plugins.jvm.core.ChildProcess - Plugin protobuf [46038] || ?[2m2023-03-27T09:35:16.055269Z?[0m ?[35mTRACE?[0m tokio-runtime-worker ?[1mserver_handshake?[0m?[2m:?[0m?[1mConnection?[0m?[1m{?[0m?[3mpeer?[0m?[2m=?[0mServer?[1m}?[0m?[2m:?[0m?[1mpoll?[0m?[2m:?[0m?[1mFramedRead::poll_next?[0m?[2m:?[0m ?[2mtokio_util::codec::framed_impl?[0m?[2m:?[0m frame decoded from buffer
15:05:16.058 [Thread-5] DEBUG i.pact.plugins.jvm.core.ChildProcess - Plugin protobuf [46038] || ?[2m2023-03-27T09:35:16.055279Z?[0m ?[35mTRACE?[0m tokio-runtime-worker ?[1mserver_handshake?[0m?[2m:?[0m?[1mConnection?[0m?[1m{?[0m?[3mpeer?[0m?[2m=?[0mServer?[1m}?[0m?[2m:?[0m?[1mpoll?[0m?[2m:?[0m?[1mFramedRead::poll_next?[0m?[2m:?[0m ?[2mh2::codec::framed_read?[0m?[2m:?[0m ?[3mread.bytes?[0m?[2m=?[0m17
15:05:16.058 [Thread-5] DEBUG i.pact.plugins.jvm.core.ChildProcess - Plugin protobuf [46038] || ?[2m2023-03-27T09:35:16.055299Z?[0m ?[35mTRACE?[0m tokio-runtime-worker ?[1mserver_handshake?[0m?[2m:?[0m?[1mConnection?[0m?[1m{?[0m?[3mpeer?[0m?[2m=?[0mServer?[1m}?[0m?[2m:?[0m?[1mpoll?[0m?[2m:?[0m?[1mFramedRead::poll_next?[0m?[2m:?[0m?[1mFramedRead::decode_frame?[0m?[1m{?[0m?[3moffset?[0m?[2m=?[0m17?[1m}?[0m?[2m:?[0m ?[2mh2::codec::framed_read?[0m?[2m:?[0m decoding frame from 17B
15:05:16.058 [Thread-5] DEBUG i.pact.plugins.jvm.core.ChildProcess - Plugin protobuf [46038] || ?[2m2023-03-27T09:35:16.055312Z?[0m ?[35mTRACE?[0m tokio-runtime-worker ?[1mserver_handshake?[0m?[2m:?[0m?[1mConnection?[0m?[1m{?[0m?[3mpeer?[0m?[2m=?[0mServer?[1m}?[0m?[2m:?[0m?[1mpoll?[0m?[2m:?[0m?[1mFramedRead::poll_next?[0m?[2m:?[0m?[1mFramedRead::decode_frame?[0m?[1m{?[0m?[3moffset?[0m?[2m=?[0m17?[1m}?[0m?[2m:?[0m ?[2mh2::codec::framed_read?[0m?[2m:?[0m ?[3mframe.kind?[0m?[2m=?[0mPing
15:05:16.058 [Thread-5] DEBUG i.pact.plugins.jvm.core.ChildProcess - Plugin protobuf [46038] || ?[2m2023-03-27T09:35:16.055331Z?[0m ?[34mDEBUG?[0m tokio-runtime-worker ?[1mserver_handshake?[0m?[2m:?[0m?[1mConnection?[0m?[1m{?[0m?[3mpeer?[0m?[2m=?[0mServer?[1m}?[0m?[2m:?[0m?[1mpoll?[0m?[2m:?[0m?[1mFramedRead::poll_next?[0m?[2m:?[0m ?[2mh2::codec::framed_read?[0m?[2m:?[0m received ?[3mframe?[0m?[2m=?[0mPing { ack: false, payload: [0, 0, 0, 0, 0, 0, 4, 210] }
15:05:16.058 [Thread-5] DEBUG i.pact.plugins.jvm.core.ChildProcess - Plugin protobuf [46038] || ?[2m2023-03-27T09:35:16.055351Z?[0m ?[35mTRACE?[0m tokio-runtime-worker ?[1mserver_handshake?[0m?[2m:?[0m?[1mConnection?[0m?[1m{?[0m?[3mpeer?[0m?[2m=?[0mServer?[1m}?[0m?[2m:?[0m?[1mpoll?[0m?[2m:?[0m ?[2mh2::proto::connection?[0m?[2m:?[0m recv PING ?[3mframe?[0m?[2m=?[0mPing { ack: false, payload: [0, 0, 0, 0, 0, 0, 4, 210] }
15:05:16.058 [Thread-5] DEBUG i.pact.plugins.jvm.core.ChildProcess - Plugin protobuf [46038] || ?[2m2023-03-27T09:35:16.055379Z?[0m ?[34mDEBUG?[0m tokio-runtime-worker ?[1mserver_handshake?[0m?[2m:?[0m?[1mConnection?[0m?[1m{?[0m?[3mpeer?[0m?[2m=?[0mServer?[1m}?[0m?[2m:?[0m?[1mpoll?[0m?[2m:?[0m?[1mpoll_ready?[0m?[2m:?[0m?[1mFramedWrite::buffer?[0m?[1m{?[0m?[3mframe?[0m?[2m=?[0mPing { ack: true, payload: [0, 0, 0, 0, 0, 0, 4, 210] }?[1m}?[0m?[2m:?[0m ?[2mh2::codec::framed_write?[0m?[2m:?[0m send ?[3mframe?[0m?[2m=?[0mPing { ack: true, payload: [0, 0, 0, 0, 0, 0, 4, 210] }
15:05:16.058 [Thread-5] DEBUG i.pact.plugins.jvm.core.ChildProcess - Plugin protobuf [46038] || ?[2m2023-03-27T09:35:16.055393Z?[0m ?[35mTRACE?[0m tokio-runtime-worker ?[1mserver_handshake?[0m?[2m:?[0m?[1mConnection?[0m?[1m{?[0m?[3mpeer?[0m?[2m=?[0mServer?[1m}?[0m?[2m:?[0m?[1mpoll?[0m?[2m:?[0m?[1mpoll_ready?[0m?[2m:?[0m?[1mFramedWrite::buffer?[0m?[1m{?[0m?[3mframe?[0m?[2m=?[0mPing { ack: true, payload: [0, 0, 0, 0, 0, 0, 4, 210] }?[1m}?[0m?[2m:?[0m ?[2mh2::frame::ping?[0m?[2m:?[0m encoding PING; ack=true len=8
15:05:16.058 [Thread-5] DEBUG i.pact.plugins.jvm.core.ChildProcess - Plugin protobuf [46038] || ?[2m2023-03-27T09:35:16.055406Z?[0m ?[35mTRACE?[0m tokio-runtime-worker ?[1mserver_handshake?[0m?[2m:?[0m?[1mConnection?[0m?[1m{?[0m?[3mpeer?[0m?[2m=?[0mServer?[1m}?[0m?[2m:?[0m?[1mpoll?[0m?[2m:?[0m?[1mpoll_ready?[0m?[2m:?[0m?[1mFramedWrite::buffer?[0m?[1m{?[0m?[3mframe?[0m?[2m=?[0mPing { ack: true, payload: [0, 0, 0, 0, 0, 0, 4, 210] }?[1m}?[0m?[2m:?[0m ?[2mh2::codec::framed_write?[0m?[2m:?[0m encoded ping ?[3mrem?[0m?[2m=?[0m17
15:05:16.058 [Thread-5] DEBUG i.pact.plugins.jvm.core.ChildProcess - Plugin protobuf [46038] || ?[2m2023-03-27T09:35:16.055432Z?[0m ?[35mTRACE?[0m tokio-runtime-worker ?[1mserver_handshake?[0m?[2m:?[0m?[1mConnection?[0m?[1m{?[0m?[3mpeer?[0m?[2m=?[0mServer?[1m}?[0m?[2m:?[0m?[1mpoll?[0m?[2m:?[0m?[1mFramedRead::poll_next?[0m?[2m:?[0m ?[2mh2::codec::framed_read?[0m?[2m:?[0m poll
15:05:16.058 [Thread-5] DEBUG i.pact.plugins.jvm.core.ChildProcess - Plugin protobuf [46038] || ?[2m2023-03-27T09:35:16.055442Z?[0m ?[35mTRACE?[0m tokio-runtime-worker ?[1mserver_handshake?[0m?[2m:?[0m?[1mConnection?[0m?[1m{?[0m?[3mpeer?[0m?[2m=?[0mServer?[1m}?[0m?[2m:?[0m?[1mpoll?[0m?[2m:?[0m?[1mFramedRead::poll_next?[0m?[2m:?[0m ?[2mtokio_util::codec::framed_impl?[0m?[2m:?[0m attempting to decode a frame
15:05:16.058 [Thread-5] DEBUG i.pact.plugins.jvm.core.ChildProcess - Plugin protobuf [46038] || ?[2m2023-03-27T09:35:16.055473Z?[0m ?[35mTRACE?[0m tokio-runtime-worker ?[1mserver_handshake?[0m?[2m:?[0m?[1mConnection?[0m?[1m{?[0m?[3mpeer?[0m?[2m=?[0mServer?[1m}?[0m?[2m:?[0m?[1mpoll?[0m?[2m:?[0m ?[2mh2::proto::streams::prioritize?[0m?[2m:?[0m poll_complete
15:05:16.058 [Thread-5] DEBUG i.pact.plugins.jvm.core.ChildProcess - Plugin protobuf [46038] || ?[2m2023-03-27T09:35:16.055483Z?[0m ?[35mTRACE?[0m tokio-runtime-worker ?[1mserver_handshake?[0m?[2m:?[0m?[1mConnection?[0m?[1m{?[0m?[3mpeer?[0m?[2m=?[0mServer?[1m}?[0m?[2m:?[0m?[1mpoll?[0m?[2m:?[0m ?[2mh2::proto::streams::prioritize?[0m?[2m:?[0m schedule_pending_open
15:05:16.058 [Thread-5] DEBUG i.pact.plugins.jvm.core.ChildProcess - Plugin protobuf [46038] || ?[2m2023-03-27T09:35:16.055508Z?[0m ?[35mTRACE?[0m tokio-runtime-worker ?[1mserver_handshake?[0m?[2m:?[0m?[1mConnection?[0m?[1m{?[0m?[3mpeer?[0m?[2m=?[0mServer?[1m}?[0m?[2m:?[0m?[1mpoll?[0m?[2m:?[0m?[1mFramedWrite::flush?[0m?[2m:?[0m ?[2mh2::codec::framed_write?[0m?[2m:?[0m ?[3mqueued_data_frame?[0m?[2m=?[0mfalse
15:05:16.058 [Thread-5] DEBUG i.pact.plugins.jvm.core.ChildProcess - Plugin protobuf [46038] || ?[2m2023-03-27T09:35:16.055531Z?[0m ?[35mTRACE?[0m tokio-runtime-worker ?[1mserver_handshake?[0m?[2m:?[0m?[1mConnection?[0m?[1m{?[0m?[3mpeer?[0m?[2m=?[0mServer?[1m}?[0m?[2m:?[0m?[1mpoll?[0m?[2m:?[0m?[1mFramedWrite::flush?[0m?[2m:?[0m ?[2mh2::codec::framed_write?[0m?[2m:?[0m flushing buffer
15:05:16.083 [Test worker] DEBUG i.p.p.jvm.core.DefaultPluginManager - Got response: interaction {
  contents {
    contentType: "application/protobuf;message=ShapeMessage"
    content {
      value: "\022\n\r\000\000@@\025\000\000\200@"
    }
    contentTypeHint: BINARY
  }
  rules {
    key: "$.rectangle.length"
    value {
      rule {
        type: "number"
      }
    }
  }
  rules {
    key: "$.rectangle.width"
    value {
      rule {
        type: "number"
      }
    }
  }
  pluginConfiguration {
    interactionConfiguration {
      fields {
        key: "descriptorKey"
        value {
          string_value: "a85dff8f82655a9681aad113575dcfbb"
        }
      }
      fields {
        key: "service"
        value {
          string_value: "Calculator/calculateOne"
        }
      }
    }
  }
  interactionMarkup: "```protobuf\nmessage ShapeMessage {\n    message .area_calculator.Rectangle rectangle = 2;\n}\n```\n"
  partName: "request"
}
interaction {
  contents {
    contentType: "application/protobuf;message=AreaResponse"
    content {
      value: "\r\000\000@A"
    }
    contentTypeHint: BINARY
  }
  rules {
    key: "$.value"
    value {
      rule {
        type: "number"
      }
    }
  }
  pluginConfiguration {
    interactionConfiguration {
      fields {
        key: "descriptorKey"
        value {
          string_value: "a85dff8f82655a9681aad113575dcfbb"
        }
      }
      fields {
        key: "service"
        value {
          string_value: "Calculator/calculateOne"
        }
      }
    }
  }
  interactionMarkup: "```protobuf\nmessage AreaResponse {\n    float value = 1;\n}\n```\n"
  partName: "response"
}
pluginConfiguration {
  pactConfiguration {
    fields {
      key: "a85dff8f82655a9681aad113575dcfbb"
      value {
        struct_value {
          fields {
            key: "protoDescriptors"
            value {
              string_value: "CsoHChVhcmVhX2NhbGN1bGF0b3IucHJvdG8SD2FyZWFfY2FsY3VsYXRvciK6AgoMU2hhcGVNZXNzYWdlEjEKBnNxdWFyZRgBIAEoCzIXLmFyZWFfY2FsY3VsYXRvci5TcXVhcmVIAFIGc3F1YXJlEjoKCXJlY3RhbmdsZRgCIAEoCzIaLmFyZWFfY2FsY3VsYXRvci5SZWN0YW5nbGVIAFIJcmVjdGFuZ2xlEjEKBmNpcmNsZRgDIAEoCzIXLmFyZWFfY2FsY3VsYXRvci5DaXJjbGVIAFIGY2lyY2xlEjcKCHRyaWFuZ2xlGAQgASgLMhkuYXJlYV9jYWxjdWxhdG9yLlRyaWFuZ2xlSABSCHRyaWFuZ2xlEkYKDXBhcmFsbGVsb2dyYW0YBSABKAsyHi5hcmVhX2NhbGN1bGF0b3IuUGFyYWxsZWxvZ3JhbUgAUg1wYXJhbGxlbG9ncmFtQgcKBXNoYXBlIikKBlNxdWFyZRIfCgtlZGdlX2xlbmd0aBgBIAEoAlIKZWRnZUxlbmd0aCI5CglSZWN0YW5nbGUSFgoGbGVuZ3RoGAEgASgCUgZsZW5ndGgSFAoFd2lkdGgYAiABKAJSBXdpZHRoIiAKBkNpcmNsZRIWCgZyYWRpdXMYASABKAJSBnJhZGl1cyJPCghUcmlhbmdsZRIVCgZlZGdlX2EYASABKAJSBWVkZ2VBEhUKBmVkZ2VfYhgCIAEoAlIFZWRnZUISFQoGZWRnZV9jGAMgASgCUgVlZGdlQyJICg1QYXJhbGxlbG9ncmFtEh8KC2Jhc2VfbGVuZ3RoGAEgASgCUgpiYXNlTGVuZ3RoEhYKBmhlaWdodBgCIAEoAlIGaGVpZ2h0IkQKC0FyZWFSZXF1ZXN0EjUKBnNoYXBlcxgBIAMoCzIdLmFyZWFfY2FsY3VsYXRvci5TaGFwZU1lc3NhZ2VSBnNoYXBlcyIkCgxBcmVhUmVzcG9uc2USFAoFdmFsdWUYASADKAJSBXZhbHVlMq0BCgpDYWxjdWxhdG9yEk4KDGNhbGN1bGF0ZU9uZRIdLmFyZWFfY2FsY3VsYXRvci5TaGFwZU1lc3NhZ2UaHS5hcmVhX2NhbGN1bGF0b3IuQXJlYVJlc3BvbnNlIgASTwoOY2FsY3VsYXRlTXVsdGkSHC5hcmVhX2NhbGN1bGF0b3IuQXJlYVJlcXVlc3QaHS5hcmVhX2NhbGN1bGF0b3IuQXJlYVJlc3BvbnNlIgBCHFoXaW8ucGFjdC9hcmVhX2NhbGN1bGF0b3LQAgFiBnByb3RvMw=="
            }
          }
          fields {
            key: "protoFile"
            value {
              string_value: "syntax = \"proto3\";\n\npackage area_calculator;\n\noption php_generic_services = true;\noption go_package = \"io.pact/area_calculator\";\n\nservice Calculator {\n  rpc calculateOne (ShapeMessage) returns (AreaResponse) {}\n  rpc calculateMulti (AreaRequest) returns (AreaResponse) {}\n}\n\nmessage ShapeMessage {\n  oneof shape {\n    Square square = 1;\n    Rectangle rectangle = 2;\n    Circle circle = 3;\n    Triangle triangle = 4;\n    Parallelogram parallelogram = 5;\n  }\n}\n\nmessage Square {\n  float edge_length = 1;\n}\n\nmessage Rectangle {\n  float length = 1;\n  float width = 2;\n}\n\nmessage Circle {\n  float radius = 1;\n}\n\nmessage Triangle {\n  float edge_a = 1;\n  float edge_b = 2;\n  float edge_c = 3;\n}\n\nmessage Parallelogram {\n  float base_length = 1;\n  float height = 2;\n}\n\nmessage AreaRequest {\n  repeated ShapeMessage shapes = 1;\n}\n\nmessage AreaResponse {\n  repeated float value = 1;\n}\n"
            }
          }
        }
      }
    }
  }
}

15:05:16.089 [Test worker] TRACE a.c.d.p.c.m.m.MatchingRule - MatchingRule.create(number, {})
15:05:16.091 [Test worker] TRACE a.c.d.p.c.m.m.MatchingRule - MatchingRule.create(number, {})
15:05:16.096 [Test worker] DEBUG i.p.p.jvm.core.DefaultPluginManager - body=PRESENT(12 bytes starting with 120a0d000040401500008040...)
15:05:16.103 [Test worker] DEBUG i.p.p.jvm.core.DefaultPluginManager - rules=MatchingRuleCategory(name=body, matchingRules={$.rectangle.length=MatchingRuleGroup(rules=[NumberTypeMatcher(numberType=NUMBER)], ruleLogic=AND, cascaded=false), $.rectangle.width=MatchingRuleGroup(rules=[NumberTypeMatcher(numberType=NUMBER)], ruleLogic=AND, cascaded=false)})
15:05:16.104 [Test worker] DEBUG i.p.p.jvm.core.DefaultPluginManager - generators=Generators(categories={BODY={}})
15:05:16.105 [Test worker] DEBUG i.p.p.jvm.core.DefaultPluginManager - metadata={}
15:05:16.109 [Test worker] DEBUG i.p.p.jvm.core.DefaultPluginManager - pluginConfig=PluginConfiguration(interactionConfiguration={descriptorKey=a85dff8f82655a9681aad113575dcfbb, service=Calculator/calculateOne}, pactConfiguration={a85dff8f82655a9681aad113575dcfbb={"protoDescriptors":"CsoHChVhcmVhX2NhbGN1bGF0b3IucHJvdG8SD2FyZWFfY2FsY3VsYXRvciK6AgoMU2hhcGVNZXNzYWdlEjEKBnNxdWFyZRgBIAEoCzIXLmFyZWFfY2FsY3VsYXRvci5TcXVhcmVIAFIGc3F1YXJlEjoKCXJlY3RhbmdsZRgCIAEoCzIaLmFyZWFfY2FsY3VsYXRvci5SZWN0YW5nbGVIAFIJcmVjdGFuZ2xlEjEKBmNpcmNsZRgDIAEoCzIXLmFyZWFfY2FsY3VsYXRvci5DaXJjbGVIAFIGY2lyY2xlEjcKCHRyaWFuZ2xlGAQgASgLMhkuYXJlYV9jYWxjdWxhdG9yLlRyaWFuZ2xlSABSCHRyaWFuZ2xlEkYKDXBhcmFsbGVsb2dyYW0YBSABKAsyHi5hcmVhX2NhbGN1bGF0b3IuUGFyYWxsZWxvZ3JhbUgAUg1wYXJhbGxlbG9ncmFtQgcKBXNoYXBlIikKBlNxdWFyZRIfCgtlZGdlX2xlbmd0aBgBIAEoAlIKZWRnZUxlbmd0aCI5CglSZWN0YW5nbGUSFgoGbGVuZ3RoGAEgASgCUgZsZW5ndGgSFAoFd2lkdGgYAiABKAJSBXdpZHRoIiAKBkNpcmNsZRIWCgZyYWRpdXMYASABKAJSBnJhZGl1cyJPCghUcmlhbmdsZRIVCgZlZGdlX2EYASABKAJSBWVkZ2VBEhUKBmVkZ2VfYhgCIAEoAlIFZWRnZUISFQoGZWRnZV9jGAMgASgCUgVlZGdlQyJICg1QYXJhbGxlbG9ncmFtEh8KC2Jhc2VfbGVuZ3RoGAEgASgCUgpiYXNlTGVuZ3RoEhYKBmhlaWdodBgCIAEoAlIGaGVpZ2h0IkQKC0FyZWFSZXF1ZXN0EjUKBnNoYXBlcxgBIAMoCzIdLmFyZWFfY2FsY3VsYXRvci5TaGFwZU1lc3NhZ2VSBnNoYXBlcyIkCgxBcmVhUmVzcG9uc2USFAoFdmFsdWUYASADKAJSBXZhbHVlMq0BCgpDYWxjdWxhdG9yEk4KDGNhbGN1bGF0ZU9uZRIdLmFyZWFfY2FsY3VsYXRvci5TaGFwZU1lc3NhZ2UaHS5hcmVhX2NhbGN1bGF0b3IuQXJlYVJlc3BvbnNlIgASTwoOY2FsY3VsYXRlTXVsdGkSHC5hcmVhX2NhbGN1bGF0b3IuQXJlYVJlcXVlc3QaHS5hcmVhX2NhbGN1bGF0b3IuQXJlYVJlc3BvbnNlIgBCHFoXaW8ucGFjdC9hcmVhX2NhbGN1bGF0b3LQAgFiBnByb3RvMw==","protoFile":"syntax = \"proto3\";\n\npackage area_calculator;\n\noption php_generic_services = true;\noption go_package = \"io.pact/area_calculator\";\n\nservice Calculator {\n  rpc calculateOne (ShapeMessage) returns (AreaResponse) {}\n  rpc calculateMulti (AreaRequest) returns (AreaResponse) {}\n}\n\nmessage ShapeMessage {\n  oneof shape {\n    Square square = 1;\n    Rectangle rectangle = 2;\n    Circle circle = 3;\n    Triangle triangle = 4;\n    Parallelogram parallelogram = 5;\n  }\n}\n\nmessage Square {\n  float edge_length = 1;\n}\n\nmessage Rectangle {\n  float length = 1;\n  float width = 2;\n}\n\nmessage Circle {\n  float radius = 1;\n}\n\nmessage Triangle {\n  float edge_a = 1;\n  float edge_b = 2;\n  float edge_c = 3;\n}\n\nmessage Parallelogram {\n  float base_length = 1;\n  float height = 2;\n}\n\nmessage AreaRequest {\n  repeated ShapeMessage shapes = 1;\n}\n\nmessage AreaResponse {\n  repeated float value = 1;\n}\n"}})
15:05:16.110 [Test worker] TRACE a.c.d.p.c.m.m.MatchingRule - MatchingRule.create(number, {})
15:05:16.110 [Test worker] DEBUG i.p.p.jvm.core.DefaultPluginManager - body=PRESENT(5 bytes starting with 0d00004041...)
15:05:16.110 [Test worker] DEBUG i.p.p.jvm.core.DefaultPluginManager - rules=MatchingRuleCategory(name=body, matchingRules={$.value=MatchingRuleGroup(rules=[NumberTypeMatcher(numberType=NUMBER)], ruleLogic=AND, cascaded=false)})
15:05:16.110 [Test worker] DEBUG i.p.p.jvm.core.DefaultPluginManager - generators=Generators(categories={BODY={}})
15:05:16.110 [Test worker] DEBUG i.p.p.jvm.core.DefaultPluginManager - metadata={}
15:05:16.111 [Test worker] DEBUG i.p.p.jvm.core.DefaultPluginManager - pluginConfig=PluginConfiguration(interactionConfiguration={descriptorKey=a85dff8f82655a9681aad113575dcfbb, service=Calculator/calculateOne}, pactConfiguration={a85dff8f82655a9681aad113575dcfbb={"protoDescriptors":"CsoHChVhcmVhX2NhbGN1bGF0b3IucHJvdG8SD2FyZWFfY2FsY3VsYXRvciK6AgoMU2hhcGVNZXNzYWdlEjEKBnNxdWFyZRgBIAEoCzIXLmFyZWFfY2FsY3VsYXRvci5TcXVhcmVIAFIGc3F1YXJlEjoKCXJlY3RhbmdsZRgCIAEoCzIaLmFyZWFfY2FsY3VsYXRvci5SZWN0YW5nbGVIAFIJcmVjdGFuZ2xlEjEKBmNpcmNsZRgDIAEoCzIXLmFyZWFfY2FsY3VsYXRvci5DaXJjbGVIAFIGY2lyY2xlEjcKCHRyaWFuZ2xlGAQgASgLMhkuYXJlYV9jYWxjdWxhdG9yLlRyaWFuZ2xlSABSCHRyaWFuZ2xlEkYKDXBhcmFsbGVsb2dyYW0YBSABKAsyHi5hcmVhX2NhbGN1bGF0b3IuUGFyYWxsZWxvZ3JhbUgAUg1wYXJhbGxlbG9ncmFtQgcKBXNoYXBlIikKBlNxdWFyZRIfCgtlZGdlX2xlbmd0aBgBIAEoAlIKZWRnZUxlbmd0aCI5CglSZWN0YW5nbGUSFgoGbGVuZ3RoGAEgASgCUgZsZW5ndGgSFAoFd2lkdGgYAiABKAJSBXdpZHRoIiAKBkNpcmNsZRIWCgZyYWRpdXMYASABKAJSBnJhZGl1cyJPCghUcmlhbmdsZRIVCgZlZGdlX2EYASABKAJSBWVkZ2VBEhUKBmVkZ2VfYhgCIAEoAlIFZWRnZUISFQoGZWRnZV9jGAMgASgCUgVlZGdlQyJICg1QYXJhbGxlbG9ncmFtEh8KC2Jhc2VfbGVuZ3RoGAEgASgCUgpiYXNlTGVuZ3RoEhYKBmhlaWdodBgCIAEoAlIGaGVpZ2h0IkQKC0FyZWFSZXF1ZXN0EjUKBnNoYXBlcxgBIAMoCzIdLmFyZWFfY2FsY3VsYXRvci5TaGFwZU1lc3NhZ2VSBnNoYXBlcyIkCgxBcmVhUmVzcG9uc2USFAoFdmFsdWUYASADKAJSBXZhbHVlMq0BCgpDYWxjdWxhdG9yEk4KDGNhbGN1bGF0ZU9uZRIdLmFyZWFfY2FsY3VsYXRvci5TaGFwZU1lc3NhZ2UaHS5hcmVhX2NhbGN1bGF0b3IuQXJlYVJlc3BvbnNlIgASTwoOY2FsY3VsYXRlTXVsdGkSHC5hcmVhX2NhbGN1bGF0b3IuQXJlYVJlcXVlc3QaHS5hcmVhX2NhbGN1bGF0b3IuQXJlYVJlc3BvbnNlIgBCHFoXaW8ucGFjdC9hcmVhX2NhbGN1bGF0b3LQAgFiBnByb3RvMw==","protoFile":"syntax = \"proto3\";\n\npackage area_calculator;\n\noption php_generic_services = true;\noption go_package = \"io.pact/area_calculator\";\n\nservice Calculator {\n  rpc calculateOne (ShapeMessage) returns (AreaResponse) {}\n  rpc calculateMulti (AreaRequest) returns (AreaResponse) {}\n}\n\nmessage ShapeMessage {\n  oneof shape {\n    Square square = 1;\n    Rectangle rectangle = 2;\n    Circle circle = 3;\n    Triangle triangle = 4;\n    Parallelogram parallelogram = 5;\n  }\n}\n\nmessage Square {\n  float edge_length = 1;\n}\n\nmessage Rectangle {\n  float length = 1;\n  float width = 2;\n}\n\nmessage Circle {\n  float radius = 1;\n}\n\nmessage Triangle {\n  float edge_a = 1;\n  float edge_b = 2;\n  float edge_c = 3;\n}\n\nmessage Parallelogram {\n  float base_length = 1;\n  float height = 2;\n}\n\nmessage AreaRequest {\n  repeated ShapeMessage shapes = 1;\n}\n\nmessage AreaResponse {\n  repeated float value = 1;\n}\n"}})
15:05:16.467 [Test worker] DEBUG i.p.p.jvm.core.DefaultPluginManager - Sending startMockServer request to plugin DefaultPactPluginManifest(pluginDir=/Users/karthik/.pact/plugins/protobuf-0.1.5, pluginInterfaceVersion=1, name=protobuf, version=0.1.5, executableType=exec, minimumRequiredVersion=null, entryPoint=pact-protobuf-plugin, entryPoints={}, args=[], dependencies=[])
15:05:16.471 [grpc-nio-worker-ELG-1-2] DEBUG io.grpc.netty.NettyClientHandler - [id: 0x3c962551, L:/0:0:0:0:0:0:0:1:53790 - R:/0:0:0:0:0:0:0:1:53788] OUTBOUND HEADERS: streamId=9 headers=GrpcHttp2OutboundHeaders[:authority: [::1]:53788, :path: /io.pact.plugin.PactPlugin/StartMockServer, :method: POST, :scheme: http, content-type: application/grpc, te: trailers, user-agent: grpc-java-netty/1.49.0, grpc-accept-encoding: gzip, authorization: bdd563c9-e9e9-44a7-bce6-cc7f37c23df2] streamDependency=0 weight=16 exclusive=false padding=0 endStream=false
15:05:16.471 [grpc-nio-worker-ELG-1-2] DEBUG io.grpc.netty.NettyClientHandler - [id: 0x3c962551, L:/0:0:0:0:0:0:0:1:53790 - R:/0:0:0:0:0:0:0:1:53788] OUTBOUND DATA: streamId=9 padding=0 endStream=true length=4786 bytes=00000012ad0a093132372e302e302e31229f257b0a202022636f6e73756d6572223a207b0a20202020226e616d65223a2022677270632d636f6e73756d65722d...
15:05:16.472 [Thread-5] DEBUG i.pact.plugins.jvm.core.ChildProcess - Plugin protobuf [46038] || ?[2m2023-03-27T09:35:16.472011Z?[0m ?[35mTRACE?[0m tokio-runtime-worker ?[1mserver_handshake?[0m?[2m:?[0m?[1mConnection?[0m?[1m{?[0m?[3mpeer?[0m?[2m=?[0mServer?[1m}?[0m?[2m:?[0m?[1mpoll?[0m?[2m:?[0m ?[2mh2::proto::connection?[0m?[2m:?[0m ?[3mconnection.state?[0m?[2m=?[0mOpen
15:05:16.472 [Thread-5] DEBUG i.pact.plugins.jvm.core.ChildProcess - Plugin protobuf [46038] || ?[2m2023-03-27T09:35:16.472073Z?[0m ?[35mTRACE?[0m tokio-runtime-worker ?[1mserver_handshake?[0m?[2m:?[0m?[1mConnection?[0m?[1m{?[0m?[3mpeer?[0m?[2m=?[0mServer?[1m}?[0m?[2m:?[0m?[1mpoll?[0m?[2m:?[0m?[1mFramedRead::poll_next?[0m?[2m:?[0m ?[2mh2::codec::framed_read?[0m?[2m:?[0m poll
15:05:16.473 [Thread-5] DEBUG i.pact.plugins.jvm.core.ChildProcess - Plugin protobuf [46038] || ?[2m2023-03-27T09:35:16.472121Z?[0m ?[35mTRACE?[0m tokio-runtime-worker ?[1mserver_handshake?[0m?[2m:?[0m?[1mConnection?[0m?[1m{?[0m?[3mpeer?[0m?[2m=?[0mServer?[1m}?[0m?[2m:?[0m?[1mpoll?[0m?[2m:?[0m?[1mFramedRead::poll_next?[0m?[2m:?[0m ?[2mtokio_util::codec::framed_impl?[0m?[2m:?[0m attempting to decode a frame
15:05:16.473 [Thread-5] DEBUG i.pact.plugins.jvm.core.ChildProcess - Plugin protobuf [46038] || ?[2m2023-03-27T09:35:16.472151Z?[0m ?[35mTRACE?[0m tokio-runtime-worker ?[1mserver_handshake?[0m?[2m:?[0m?[1mConnection?[0m?[1m{?[0m?[3mpeer?[0m?[2m=?[0mServer?[1m}?[0m?[2m:?[0m?[1mpoll?[0m?[2m:?[0m?[1mFramedRead::poll_next?[0m?[2m:?[0m ?[2mtokio_util::codec::framed_impl?[0m?[2m:?[0m frame decoded from buffer
15:05:16.473 [Thread-5] DEBUG i.pact.plugins.jvm.core.ChildProcess - Plugin protobuf [46038] || ?[2m2023-03-27T09:35:16.472167Z?[0m ?[35mTRACE?[0m tokio-runtime-worker ?[1mserver_handshake?[0m?[2m:?[0m?[1mConnection?[0m?[1m{?[0m?[3mpeer?[0m?[2m=?[0mServer?[1m}?[0m?[2m:?[0m?[1mpoll?[0m?[2m:?[0m?[1mFramedRead::poll_next?[0m?[2m:?[0m ?[2mh2::codec::framed_read?[0m?[2m:?[0m ?[3mread.bytes?[0m?[2m=?[0m66
15:05:16.473 [Thread-5] DEBUG i.pact.plugins.jvm.core.ChildProcess - Plugin protobuf [46038] || ?[2m2023-03-27T09:35:16.472196Z?[0m ?[35mTRACE?[0m tokio-runtime-worker ?[1mserver_handshake?[0m?[2m:?[0m?[1mConnection?[0m?[1m{?[0m?[3mpeer?[0m?[2m=?[0mServer?[1m}?[0m?[2m:?[0m?[1mpoll?[0m?[2m:?[0m?[1mFramedRead::poll_next?[0m?[2m:?[0m?[1mFramedRead::decode_frame?[0m?[1m{?[0m?[3moffset?[0m?[2m=?[0m66?[1m}?[0m?[2m:?[0m ?[2mh2::codec::framed_read?[0m?[2m:?[0m decoding frame from 66B
15:05:16.473 [Thread-5] DEBUG i.pact.plugins.jvm.core.ChildProcess - Plugin protobuf [46038] || ?[2m2023-03-27T09:35:16.472213Z?[0m ?[35mTRACE?[0m tokio-runtime-worker ?[1mserver_handshake?[0m?[2m:?[0m?[1mConnection?[0m?[1m{?[0m?[3mpeer?[0m?[2m=?[0mServer?[1m}?[0m?[2m:?[0m?[1mpoll?[0m?[2m:?[0m?[1mFramedRead::poll_next?[0m?[2m:?[0m?[1mFramedRead::decode_frame?[0m?[1m{?[0m?[3moffset?[0m?[2m=?[0m66?[1m}?[0m?[2m:?[0m ?[2mh2::codec::framed_read?[0m?[2m:?[0m ?[3mframe.kind?[0m?[2m=?[0mHeaders
15:05:16.473 [Thread-5] DEBUG i.pact.plugins.jvm.core.ChildProcess - Plugin protobuf [46038] || ?[2m2023-03-27T09:35:16.472230Z?[0m ?[35mTRACE?[0m tokio-runtime-worker ?[1mserver_handshake?[0m?[2m:?[0m?[1mConnection?[0m?[1m{?[0m?[3mpeer?[0m?[2m=?[0mServer?[1m}?[0m?[2m:?[0m?[1mpoll?[0m?[2m:?[0m?[1mFramedRead::poll_next?[0m?[2m:?[0m?[1mFramedRead::decode_frame?[0m?[1m{?[0m?[3moffset?[0m?[2m=?[0m66?[1m}?[0m?[2m:?[0m ?[2mh2::frame::headers?[0m?[2m:?[0m loading headers; flags=(0x24: END_HEADERS | PRIORITY)
15:05:16.473 [Thread-5] DEBUG i.pact.plugins.jvm.core.ChildProcess - Plugin protobuf [46038] || ?[2m2023-03-27T09:35:16.472257Z?[0m ?[35mTRACE?[0m tokio-runtime-worker ?[1mserver_handshake?[0m?[2m:?[0m?[1mConnection?[0m?[1m{?[0m?[3mpeer?[0m?[2m=?[0mServer?[1m}?[0m?[2m:?[0m?[1mpoll?[0m?[2m:?[0m?[1mFramedRead::poll_next?[0m?[2m:?[0m?[1mFramedRead::decode_frame?[0m?[1m{?[0m?[3moffset?[0m?[2m=?[0m66?[1m}?[0m?[2m:?[0m?[1mhpack::decode?[0m?[2m:?[0m ?[2mh2::hpack::decoder?[0m?[2m:?[0m decode
15:05:16.473 [Thread-5] DEBUG i.pact.plugins.jvm.core.ChildProcess - Plugin protobuf [46038] || ?[2m2023-03-27T09:35:16.472272Z?[0m ?[35mTRACE?[0m tokio-runtime-worker ?[1mserver_handshake?[0m?[2m:?[0m?[1mConnection?[0m?[1m{?[0m?[3mpeer?[0m?[2m=?[0mServer?[1m}?[0m?[2m:?[0m?[1mpoll?[0m?[2m:?[0m?[1mFramedRead::poll_next?[0m?[2m:?[0m?[1mFramedRead::decode_frame?[0m?[1m{?[0m?[3moffset?[0m?[2m=?[0m66?[1m}?[0m?[2m:?[0m?[1mhpack::decode?[0m?[2m:?[0m ?[2mh2::hpack::decoder?[0m?[2m:?[0m ?[3mrem?[0m?[2m=?[0m52 ?[3mkind?[0m?[2m=?[0mIndexed
15:05:16.473 [Thread-5] DEBUG i.pact.plugins.jvm.core.ChildProcess - Plugin protobuf [46038] || ?[2m2023-03-27T09:35:16.472290Z?[0m ?[35mTRACE?[0m tokio-runtime-worker ?[1mserver_handshake?[0m?[2m:?[0m?[1mConnection?[0m?[1m{?[0m?[3mpeer?[0m?[2m=?[0mServer?[1m}?[0m?[2m:?[0m?[1mpoll?[0m?[2m:?[0m?[1mFramedRead::poll_next?[0m?[2m:?[0m?[1mFramedRead::decode_frame?[0m?[1m{?[0m?[3moffset?[0m?[2m=?[0m66?[1m}?[0m?[2m:?[0m?[1mhpack::decode?[0m?[2m:?[0m ?[2mh2::hpack::decoder?[0m?[2m:?[0m ?[3mrem?[0m?[2m=?[0m51 ?[3mkind?[0m?[2m=?[0mLiteralWithIndexing
15:05:16.473 [Thread-5] DEBUG i.pact.plugins.jvm.core.ChildProcess - Plugin protobuf [46038] || ?[2m2023-03-27T09:35:16.472307Z?[0m ?[35mTRACE?[0m tokio-runtime-worker ?[1mserver_handshake?[0m?[2m:?[0m?[1mConnection?[0m?[1m{?[0m?[3mpeer?[0m?[2m=?[0mServer?[1m}?[0m?[2m:?[0m?[1mpoll?[0m?[2m:?[0m?[1mFramedRead::poll_next?[0m?[2m:?[0m?[1mFramedRead::decode_frame?[0m?[1m{?[0m?[3moffset?[0m?[2m=?[0m66?[1m}?[0m?[2m:?[0m?[1mhpack::decode?[0m?[2m:?[0m ?[2mh2::hpack::decoder?[0m?[2m:?[0m ?[3mrem?[0m?[2m=?[0m7 ?[3mkind?[0m?[2m=?[0mIndexed
15:05:16.473 [Thread-5] DEBUG i.pact.plugins.jvm.core.ChildProcess - Plugin protobuf [46038] || ?[2m2023-03-27T09:35:16.472323Z?[0m ?[35mTRACE?[0m tokio-runtime-worker ?[1mserver_handshake?[0m?[2m:?[0m?[1mConnection?[0m?[1m{?[0m?[3mpeer?[0m?[2m=?[0mServer?[1m}?[0m?[2m:?[0m?[1mpoll?[0m?[2m:?[0m?[1mFramedRead::poll_next?[0m?[2m:?[0m?[1mFramedRead::decode_frame?[0m?[1m{?[0m?[3moffset?[0m?[2m=?[0m66?[1m}?[0m?[2m:?[0m?[1mhpack::decode?[0m?[2m:?[0m ?[2mh2::hpack::decoder?[0m?[2m:?[0m ?[3mrem?[0m?[2m=?[0m6 ?[3mkind?[0m?[2m=?[0mIndexed
15:05:16.473 [Thread-5] DEBUG i.pact.plugins.jvm.core.ChildProcess - Plugin protobuf [46038] || ?[2m2023-03-27T09:35:16.472338Z?[0m ?[35mTRACE?[0m tokio-runtime-worker ?[1mserver_handshake?[0m?[2m:?[0m?[1mConnection?[0m?[1m{?[0m?[3mpeer?[0m?[2m=?[0mServer?[1m}?[0m?[2m:?[0m?[1mpoll?[0m?[2m:?[0m?[1mFramedRead::poll_next?[0m?[2m:?[0m?[1mFramedRead::decode_frame?[0m?[1m{?[0m?[3moffset?[0m?[2m=?[0m66?[1m}?[0m?[2m:?[0m?[1mhpack::decode?[0m?[2m:?[0m ?[2mh2::hpack::decoder?[0m?[2m:?[0m ?[3mrem?[0m?[2m=?[0m5 ?[3mkind?[0m?[2m=?[0mIndexed
15:05:16.473 [Thread-5] DEBUG i.pact.plugins.jvm.core.ChildProcess - Plugin protobuf [46038] || ?[2m2023-03-27T09:35:16.472354Z?[0m ?[35mTRACE?[0m tokio-runtime-worker ?[1mserver_handshake?[0m?[2m:?[0m?[1mConnection?[0m?[1m{?[0m?[3mpeer?[0m?[2m=?[0mServer?[1m}?[0m?[2m:?[0m?[1mpoll?[0m?[2m:?[0m?[1mFramedRead::poll_next?[0m?[2m:?[0m?[1mFramedRead::decode_frame?[0m?[1m{?[0m?[3moffset?[0m?[2m=?[0m66?[1m}?[0m?[2m:?[0m?[1mhpack::decode?[0m?[2m:?[0m ?[2mh2::hpack::decoder?[0m?[2m:?[0m ?[3mrem?[0m?[2m=?[0m4 ?[3mkind?[0m?[2m=?[0mIndexed
15:05:16.473 [Thread-5] DEBUG i.pact.plugins.jvm.core.ChildProcess - Plugin protobuf [46038] || ?[2m2023-03-27T09:35:16.472376Z?[0m ?[35mTRACE?[0m tokio-runtime-worker ?[1mserver_handshake?[0m?[2m:?[0m?[1mConnection?[0m?[1m{?[0m?[3mpeer?[0m?[2m=?[0mServer?[1m}?[0m?[2m:?[0m?[1mpoll?[0m?[2m:?[0m?[1mFramedRead::poll_next?[0m?[2m:?[0m?[1mFramedRead::decode_frame?[0m?[1m{?[0m?[3moffset?[0m?[2m=?[0m66?[1m}?[0m?[2m:?[0m?[1mhpack::decode?[0m?[2m:?[0m ?[2mh2::hpack::decoder?[0m?[2m:?[0m ?[3mrem?[0m?[2m=?[0m3 ?[3mkind?[0m?[2m=?[0mIndexed
15:05:16.473 [Thread-5] DEBUG i.pact.plugins.jvm.core.ChildProcess - Plugin protobuf [46038] || ?[2m2023-03-27T09:35:16.472392Z?[0m ?[35mTRACE?[0m tokio-runtime-worker ?[1mserver_handshake?[0m?[2m:?[0m?[1mConnection?[0m?[1m{?[0m?[3mpeer?[0m?[2m=?[0mServer?[1m}?[0m?[2m:?[0m?[1mpoll?[0m?[2m:?[0m?[1mFramedRead::poll_next?[0m?[2m:?[0m?[1mFramedRead::decode_frame?[0m?[1m{?[0m?[3moffset?[0m?[2m=?[0m66?[1m}?[0m?[2m:?[0m?[1mhpack::decode?[0m?[2m:?[0m ?[2mh2::hpack::decoder?[0m?[2m:?[0m ?[3mrem?[0m?[2m=?[0m2 ?[3mkind?[0m?[2m=?[0mIndexed
15:05:16.474 [Thread-5] DEBUG i.pact.plugins.jvm.core.ChildProcess - Plugin protobuf [46038] || ?[2m2023-03-27T09:35:16.472408Z?[0m ?[35mTRACE?[0m tokio-runtime-worker ?[1mserver_handshake?[0m?[2m:?[0m?[1mConnection?[0m?[1m{?[0m?[3mpeer?[0m?[2m=?[0mServer?[1m}?[0m?[2m:?[0m?[1mpoll?[0m?[2m:?[0m?[1mFramedRead::poll_next?[0m?[2m:?[0m?[1mFramedRead::decode_frame?[0m?[1m{?[0m?[3moffset?[0m?[2m=?[0m66?[1m}?[0m?[2m:?[0m?[1mhpack::decode?[0m?[2m:?[0m ?[2mh2::hpack::decoder?[0m?[2m:?[0m ?[3mrem?[0m?[2m=?[0m1 ?[3mkind?[0m?[2m=?[0mIndexed
15:05:16.474 [Thread-5] DEBUG i.pact.plugins.jvm.core.ChildProcess - Plugin protobuf [46038] || ?[2m2023-03-27T09:35:16.472437Z?[0m ?[34mDEBUG?[0m tokio-runtime-worker ?[1mserver_handshake?[0m?[2m:?[0m?[1mConnection?[0m?[1m{?[0m?[3mpeer?[0m?[2m=?[0mServer?[1m}?[0m?[2m:?[0m?[1mpoll?[0m?[2m:?[0m?[1mFramedRead::poll_next?[0m?[2m:?[0m ?[2mh2::codec::framed_read?[0m?[2m:?[0m received ?[3mframe?[0m?[2m=?[0mHeaders { stream_id: StreamId(9), flags: (0x24: END_HEADERS | PRIORITY), stream_dep: StreamDependency { dependency_id: StreamId(0), weight: 15, is_exclusive: false } }
15:05:16.474 [Thread-5] DEBUG i.pact.plugins.jvm.core.ChildProcess - Plugin protobuf [46038] || ?[2m2023-03-27T09:35:16.472470Z?[0m ?[35mTRACE?[0m tokio-runtime-worker ?[1mserver_handshake?[0m?[2m:?[0m?[1mConnection?[0m?[1m{?[0m?[3mpeer?[0m?[2m=?[0mServer?[1m}?[0m?[2m:?[0m?[1mpoll?[0m?[2m:?[0m ?[2mh2::proto::connection?[0m?[2m:?[0m recv HEADERS ?[3mframe?[0m?[2m=?[0mHeaders { stream_id: StreamId(9), flags: (0x24: END_HEADERS | PRIORITY), stream_dep: StreamDependency { dependency_id: StreamId(0), weight: 15, is_exclusive: false } }
15:05:16.474 [Thread-5] DEBUG i.pact.plugins.jvm.core.ChildProcess - Plugin protobuf [46038] || ?[2m2023-03-27T09:35:16.472493Z?[0m ?[35mTRACE?[0m tokio-runtime-worker ?[1mserver_handshake?[0m?[2m:?[0m?[1mConnection?[0m?[1m{?[0m?[3mpeer?[0m?[2m=?[0mServer?[1m}?[0m?[2m:?[0m?[1mpoll?[0m?[2m:?[0m ?[2mh2::proto::streams::flow_control?[0m?[2m:?[0m inc_window; sz=1048576; old=0; new=1048576
15:05:16.474 [Thread-5] DEBUG i.pact.plugins.jvm.core.ChildProcess - Plugin protobuf [46038] || ?[2m2023-03-27T09:35:16.472509Z?[0m ?[35mTRACE?[0m tokio-runtime-worker ?[1mserver_handshake?[0m?[2m:?[0m?[1mConnection?[0m?[1m{?[0m?[3mpeer?[0m?[2m=?[0mServer?[1m}?[0m?[2m:?[0m?[1mpoll?[0m?[2m:?[0m ?[2mh2::proto::streams::flow_control?[0m?[2m:?[0m inc_window; sz=1048576; old=0; new=1048576
15:05:16.474 [Thread-5] DEBUG i.pact.plugins.jvm.core.ChildProcess - Plugin protobuf [46038] || ?[2m2023-03-27T09:35:16.472525Z?[0m ?[35mTRACE?[0m tokio-runtime-worker ?[1mserver_handshake?[0m?[2m:?[0m?[1mConnection?[0m?[1m{?[0m?[3mpeer?[0m?[2m=?[0mServer?[1m}?[0m?[2m:?[0m?[1mpoll?[0m?[2m:?[0m ?[2mh2::proto::streams::streams?[0m?[2m:?[0m recv_headers; stream=StreamId(9); state=State { inner: Idle }
15:05:16.474 [Thread-5] DEBUG i.pact.plugins.jvm.core.ChildProcess - Plugin protobuf [46038] || ?[2m2023-03-27T09:35:16.472540Z?[0m ?[35mTRACE?[0m tokio-runtime-worker ?[1mserver_handshake?[0m?[2m:?[0m?[1mConnection?[0m?[1m{?[0m?[3mpeer?[0m?[2m=?[0mServer?[1m}?[0m?[2m:?[0m?[1mpoll?[0m?[2m:?[0m ?[2mh2::proto::streams::recv?[0m?[2m:?[0m opening stream; init_window=1048576
15:05:16.474 [Thread-5] DEBUG i.pact.plugins.jvm.core.ChildProcess - Plugin protobuf [46038] || ?[2m2023-03-27T09:35:16.472559Z?[0m ?[35mTRACE?[0m tokio-runtime-worker ?[1mserver_handshake?[0m?[2m:?[0m?[1mConnection?[0m?[1m{?[0m?[3mpeer?[0m?[2m=?[0mServer?[1m}?[0m?[2m:?[0m?[1mpoll?[0m?[2m:?[0m ?[2mh2::proto::streams::store?[0m?[2m:?[0m Queue::push
15:05:16.474 [Thread-5] DEBUG i.pact.plugins.jvm.core.ChildProcess - Plugin protobuf [46038] || ?[2m2023-03-27T09:35:16.472572Z?[0m ?[35mTRACE?[0m tokio-runtime-worker ?[1mserver_handshake?[0m?[2m:?[0m?[1mConnection?[0m?[1m{?[0m?[3mpeer?[0m?[2m=?[0mServer?[1m}?[0m?[2m:?[0m?[1mpoll?[0m?[2m:?[0m ?[2mh2::proto::streams::store?[0m?[2m:?[0m  -> first entry
15:05:16.474 [Thread-5] DEBUG i.pact.plugins.jvm.core.ChildProcess - Plugin protobuf [46038] || ?[2m2023-03-27T09:35:16.472584Z?[0m ?[35mTRACE?[0m tokio-runtime-worker ?[1mserver_handshake?[0m?[2m:?[0m?[1mConnection?[0m?[1m{?[0m?[3mpeer?[0m?[2m=?[0mServer?[1m}?[0m?[2m:?[0m?[1mpoll?[0m?[2m:?[0m ?[2mh2::proto::streams::counts?[0m?[2m:?[0m transition_after; stream=StreamId(9); state=State { inner: Open { local: AwaitingHeaders, remote: Streaming } }; is_closed=false; pending_send_empty=true; buffered_send_data=0; num_recv=1; num_send=0
15:05:16.474 [Thread-5] DEBUG i.pact.plugins.jvm.core.ChildProcess - Plugin protobuf [46038] || ?[2m2023-03-27T09:35:16.472624Z?[0m ?[35mTRACE?[0m tokio-runtime-worker ?[1mserver_handshake?[0m?[2m:?[0m?[1mConnection?[0m?[1m{?[0m?[3mpeer?[0m?[2m=?[0mServer?[1m}?[0m?[2m:?[0m?[1mpoll?[0m?[2m:?[0m?[1mFramedRead::poll_next?[0m?[2m:?[0m ?[2mh2::codec::framed_read?[0m?[2m:?[0m poll
15:05:16.474 [Thread-5] DEBUG i.pact.plugins.jvm.core.ChildProcess - Plugin protobuf [46038] || ?[2m2023-03-27T09:35:16.472637Z?[0m ?[35mTRACE?[0m tokio-runtime-worker ?[1mserver_handshake?[0m?[2m:?[0m?[1mConnection?[0m?[1m{?[0m?[3mpeer?[0m?[2m=?[0mServer?[1m}?[0m?[2m:?[0m?[1mpoll?[0m?[2m:?[0m?[1mFramedRead::poll_next?[0m?[2m:?[0m ?[2mtokio_util::codec::framed_impl?[0m?[2m:?[0m attempting to decode a frame
15:05:16.474 [Thread-5] DEBUG i.pact.plugins.jvm.core.ChildProcess - Plugin protobuf [46038] || ?[2m2023-03-27T09:35:16.472652Z?[0m ?[35mTRACE?[0m tokio-runtime-worker ?[1mserver_handshake?[0m?[2m:?[0m?[1mConnection?[0m?[1m{?[0m?[3mpeer?[0m?[2m=?[0mServer?[1m}?[0m?[2m:?[0m?[1mpoll?[0m?[2m:?[0m?[1mFramedRead::poll_next?[0m?[2m:?[0m ?[2mtokio_util::codec::framed_impl?[0m?[2m:?[0m frame decoded from buffer
15:05:16.474 [Thread-5] DEBUG i.pact.plugins.jvm.core.ChildProcess - Plugin protobuf [46038] || ?[2m2023-03-27T09:35:16.472664Z?[0m ?[35mTRACE?[0m tokio-runtime-worker ?[1mserver_handshake?[0m?[2m:?[0m?[1mConnection?[0m?[1m{?[0m?[3mpeer?[0m?[2m=?[0mServer?[1m}?[0m?[2m:?[0m?[1mpoll?[0m?[2m:?[0m?[1mFramedRead::poll_next?[0m?[2m:?[0m ?[2mh2::codec::framed_read?[0m?[2m:?[0m ?[3mread.bytes?[0m?[2m=?[0m4795
15:05:16.474 [Thread-5] DEBUG i.pact.plugins.jvm.core.ChildProcess - Plugin protobuf [46038] || ?[2m2023-03-27T09:35:16.472685Z?[0m ?[35mTRACE?[0m tokio-runtime-worker ?[1mserver_handshake?[0m?[2m:?[0m?[1mConnection?[0m?[1m{?[0m?[3mpeer?[0m?[2m=?[0mServer?[1m}?[0m?[2m:?[0m?[1mpoll?[0m?[2m:?[0m?[1mFramedRead::poll_next?[0m?[2m:?[0m?[1mFramedRead::decode_frame?[0m?[1m{?[0m?[3moffset?[0m?[2m=?[0m4795?[1m}?[0m?[2m:?[0m ?[2mh2::codec::framed_read?[0m?[2m:?[0m decoding frame from 4795B
15:05:16.474 [Thread-5] DEBUG i.pact.plugins.jvm.core.ChildProcess - Plugin protobuf [46038] || ?[2m2023-03-27T09:35:16.472700Z?[0m ?[35mTRACE?[0m tokio-runtime-worker ?[1mserver_handshake?[0m?[2m:?[0m?[1mConnection?[0m?[1m{?[0m?[3mpeer?[0m?[2m=?[0mServer?[1m}?[0m?[2m:?[0m?[1mpoll?[0m?[2m:?[0m?[1mFramedRead::poll_next?[0m?[2m:?[0m?[1mFramedRead::decode_frame?[0m?[1m{?[0m?[3moffset?[0m?[2m=?[0m4795?[1m}?[0m?[2m:?[0m ?[2mh2::codec::framed_read?[0m?[2m:?[0m ?[3mframe.kind?[0m?[2m=?[0mData
15:05:16.474 [Thread-5] DEBUG i.pact.plugins.jvm.core.ChildProcess - Plugin protobuf [46038] || ?[2m2023-03-27T09:35:16.472721Z?[0m ?[34mDEBUG?[0m tokio-runtime-worker ?[1mserver_handshake?[0m?[2m:?[0m?[1mConnection?[0m?[1m{?[0m?[3mpeer?[0m?[2m=?[0mServer?[1m}?[0m?[2m:?[0m?[1mpoll?[0m?[2m:?[0m?[1mFramedRead::poll_next?[0m?[2m:?[0m ?[2mh2::codec::framed_read?[0m?[2m:?[0m received ?[3mframe?[0m?[2m=?[0mData { stream_id: StreamId(9), flags: (0x1: END_STREAM) }
15:05:16.475 [Thread-5] DEBUG i.pact.plugins.jvm.core.ChildProcess - Plugin protobuf [46038] || ?[2m2023-03-27T09:35:16.472744Z?[0m ?[35mTRACE?[0m tokio-runtime-worker ?[1mserver_handshake?[0m?[2m:?[0m?[1mConnection?[0m?[1m{?[0m?[3mpeer?[0m?[2m=?[0mServer?[1m}?[0m?[2m:?[0m?[1mpoll?[0m?[2m:?[0m ?[2mh2::proto::connection?[0m?[2m:?[0m recv DATA ?[3mframe?[0m?[2m=?[0mData { stream_id: StreamId(9), flags: (0x1: END_STREAM) }
15:05:16.475 [Thread-5] DEBUG i.pact.plugins.jvm.core.ChildProcess - Plugin protobuf [46038] || ?[2m2023-03-27T09:35:16.472760Z?[0m ?[35mTRACE?[0m tokio-runtime-worker ?[1mserver_handshake?[0m?[2m:?[0m?[1mConnection?[0m?[1m{?[0m?[3mpeer?[0m?[2m=?[0mServer?[1m}?[0m?[2m:?[0m?[1mpoll?[0m?[2m:?[0m ?[2mh2::proto::streams::recv?[0m?[2m:?[0m recv_data; size=4786; connection=1046709; stream=1048576
15:05:16.475 [Thread-5] DEBUG i.pact.plugins.jvm.core.ChildProcess - Plugin protobuf [46038] || ?[2m2023-03-27T09:35:16.472774Z?[0m ?[35mTRACE?[0m tokio-runtime-worker ?[1mserver_handshake?[0m?[2m:?[0m?[1mConnection?[0m?[1m{?[0m?[3mpeer?[0m?[2m=?[0mServer?[1m}?[0m?[2m:?[0m?[1mpoll?[0m?[2m:?[0m ?[2mh2::proto::streams::flow_control?[0m?[2m:?[0m send_data; sz=4786; window=1046709; available=1048576
15:05:16.475 [Thread-5] DEBUG i.pact.plugins.jvm.core.ChildProcess - Plugin protobuf [46038] || ?[2m2023-03-27T09:35:16.472788Z?[0m ?[35mTRACE?[0m tokio-runtime-worker ?[1mserver_handshake?[0m?[2m:?[0m?[1mConnection?[0m?[1m{?[0m?[3mpeer?[0m?[2m=?[0mServer?[1m}?[0m?[2m:?[0m?[1mpoll?[0m?[2m:?[0m ?[2mh2::proto::streams::state?[0m?[2m:?[0m recv_close: Open => HalfClosedRemote(AwaitingHeaders)
15:05:16.475 [Thread-5] DEBUG i.pact.plugins.jvm.core.ChildProcess - Plugin protobuf [46038] || ?[2m2023-03-27T09:35:16.472800Z?[0m ?[35mTRACE?[0m tokio-runtime-worker ?[1mserver_handshake?[0m?[2m:?[0m?[1mConnection?[0m?[1m{?[0m?[3mpeer?[0m?[2m=?[0mServer?[1m}?[0m?[2m:?[0m?[1mpoll?[0m?[2m:?[0m ?[2mh2::proto::streams::flow_control?[0m?[2m:?[0m send_data; sz=4786; window=1048576; available=1048576
15:05:16.476 [Thread-5] DEBUG i.pact.plugins.jvm.core.ChildProcess - Plugin protobuf [46038] || ?[2m2023-03-27T09:35:16.472812Z?[0m ?[35mTRACE?[0m tokio-runtime-worker ?[1mserver_handshake?[0m?[2m:?[0m?[1mConnection?[0m?[1m{?[0m?[3mpeer?[0m?[2m=?[0mServer?[1m}?[0m?[2m:?[0m?[1mpoll?[0m?[2m:?[0m ?[2mh2::proto::streams::counts?[0m?[2m:?[0m transition_after; stream=StreamId(9); state=State { inner: HalfClosedRemote(AwaitingHeaders) }; is_closed=false; pending_send_empty=true; buffered_send_data=0; num_recv=1; num_send=0
15:05:16.476 [Thread-5] DEBUG i.pact.plugins.jvm.core.ChildProcess - Plugin protobuf [46038] || ?[2m2023-03-27T09:35:16.472844Z?[0m ?[35mTRACE?[0m tokio-runtime-worker ?[1mserver_handshake?[0m?[2m:?[0m?[1mConnection?[0m?[1m{?[0m?[3mpeer?[0m?[2m=?[0mServer?[1m}?[0m?[2m:?[0m?[1mpoll?[0m?[2m:?[0m?[1mFramedRead::poll_next?[0m?[2m:?[0m ?[2mh2::codec::framed_read?[0m?[2m:?[0m poll
15:05:16.476 [Thread-5] DEBUG i.pact.plugins.jvm.core.ChildProcess - Plugin protobuf [46038] || ?[2m2023-03-27T09:35:16.472856Z?[0m ?[35mTRACE?[0m tokio-runtime-worker ?[1mserver_handshake?[0m?[2m:?[0m?[1mConnection?[0m?[1m{?[0m?[3mpeer?[0m?[2m=?[0mServer?[1m}?[0m?[2m:?[0m?[1mpoll?[0m?[2m:?[0m?[1mFramedRead::poll_next?[0m?[2m:?[0m ?[2mtokio_util::codec::framed_impl?[0m?[2m:?[0m attempting to decode a frame
15:05:16.476 [Thread-5] DEBUG i.pact.plugins.jvm.core.ChildProcess - Plugin protobuf [46038] || ?[2m2023-03-27T09:35:16.472894Z?[0m ?[35mTRACE?[0m tokio-runtime-worker ?[1mserver_handshake?[0m?[2m:?[0m?[1mConnection?[0m?[1m{?[0m?[3mpeer?[0m?[2m=?[0mServer?[1m}?[0m?[2m:?[0m?[1mpoll?[0m?[2m:?[0m ?[2mh2::proto::streams::prioritize?[0m?[2m:?[0m poll_complete
15:05:16.476 [Thread-5] DEBUG i.pact.plugins.jvm.core.ChildProcess - Plugin protobuf [46038] || ?[2m2023-03-27T09:35:16.472907Z?[0m ?[35mTRACE?[0m tokio-runtime-worker ?[1mserver_handshake?[0m?[2m:?[0m?[1mConnection?[0m?[1m{?[0m?[3mpeer?[0m?[2m=?[0mServer?[1m}?[0m?[2m:?[0m?[1mpoll?[0m?[2m:?[0m ?[2mh2::proto::streams::prioritize?[0m?[2m:?[0m schedule_pending_open
15:05:16.476 [Thread-5] DEBUG i.pact.plugins.jvm.core.ChildProcess - Plugin protobuf [46038] || ?[2m2023-03-27T09:35:16.472941Z?[0m ?[35mTRACE?[0m tokio-runtime-worker ?[1mserver_handshake?[0m?[2m:?[0m?[1mConnection?[0m?[1m{?[0m?[3mpeer?[0m?[2m=?[0mServer?[1m}?[0m?[2m:?[0m?[1mpoll?[0m?[2m:?[0m?[1mFramedWrite::flush?[0m?[2m:?[0m ?[2mh2::codec::framed_write?[0m?[2m:?[0m flushing buffer
15:05:16.476 [Thread-5] DEBUG i.pact.plugins.jvm.core.ChildProcess - Plugin protobuf [46038] || ?[2m2023-03-27T09:35:16.472977Z?[0m ?[35mTRACE?[0m tokio-runtime-worker ?[2mh2::proto::streams::streams?[0m?[2m:?[0m next_incoming; id=StreamId(9), state=State { inner: HalfClosedRemote(AwaitingHeaders) }
15:05:16.476 [Thread-5] DEBUG i.pact.plugins.jvm.core.ChildProcess - Plugin protobuf [46038] || ?[2m2023-03-27T09:35:16.472988Z?[0m ?[35mTRACE?[0m tokio-runtime-worker ?[2mh2::server?[0m?[2m:?[0m received incoming
15:05:16.477 [Thread-5] DEBUG i.pact.plugins.jvm.core.ChildProcess - Plugin protobuf [46038] || ?[2m2023-03-27T09:35:16.472998Z?[0m ?[35mTRACE?[0m tokio-runtime-worker ?[2mhyper::proto::h2::server?[0m?[2m:?[0m incoming request
15:05:16.477 [Thread-5] DEBUG i.pact.plugins.jvm.core.ChildProcess - Plugin protobuf [46038] || ?[2m2023-03-27T09:35:16.473080Z?[0m ?[34mDEBUG?[0m tokio-runtime-worker ?[1mrequest?[0m?[1m{?[0m?[3mmethod?[0m?[2m=?[0mPOST ?[3muri?[0m?[2m=?[0mhttp://[::1]:53788/io.pact.plugin.PactPlugin/StartMockServer ?[3mversion?[0m?[2m=?[0mHTTP/2.0 ?[3mheaders?[0m?[2m=?[0m{"content-type": "application/grpc", "te": "trailers", "user-agent": "grpc-java-netty/1.49.0", "grpc-accept-encoding": "gzip", "authorization": Sensitive}?[1m}?[0m?[2m:?[0m ?[2mtower_http::trace::on_request?[0m?[2m:?[0m started processing request
15:05:16.477 [Thread-5] DEBUG i.pact.plugins.jvm.core.ChildProcess - Plugin protobuf [46038] || ?[2m2023-03-27T09:35:16.473122Z?[0m ?[35mTRACE?[0m tokio-runtime-worker ?[1mserver_handshake?[0m?[2m:?[0m?[1mConnection?[0m?[1m{?[0m?[3mpeer?[0m?[2m=?[0mServer?[1m}?[0m?[2m:?[0m?[1mpoll?[0m?[2m:?[0m ?[2mh2::proto::connection?[0m?[2m:?[0m ?[3mconnection.state?[0m?[2m=?[0mOpen
15:05:16.477 [Thread-5] DEBUG i.pact.plugins.jvm.core.ChildProcess - Plugin protobuf [46038] || ?[2m2023-03-27T09:35:16.473157Z?[0m ?[35mTRACE?[0m tokio-runtime-worker ?[1mserver_handshake?[0m?[2m:?[0m?[1mConnection?[0m?[1m{?[0m?[3mpeer?[0m?[2m=?[0mServer?[1m}?[0m?[2m:?[0m?[1mpoll?[0m?[2m:?[0m?[1mFramedRead::poll_next?[0m?[2m:?[0m ?[2mh2::codec::framed_read?[0m?[2m:?[0m poll
15:05:16.477 [Thread-5] DEBUG i.pact.plugins.jvm.core.ChildProcess - Plugin protobuf [46038] || ?[2m2023-03-27T09:35:16.473195Z?[0m ?[35mTRACE?[0m tokio-runtime-worker ?[1mserver_handshake?[0m?[2m:?[0m?[1mConnection?[0m?[1m{?[0m?[3mpeer?[0m?[2m=?[0mServer?[1m}?[0m?[2m:?[0m?[1mpoll?[0m?[2m:?[0m ?[2mh2::proto::streams::prioritize?[0m?[2m:?[0m poll_complete
15:05:16.477 [Thread-5] DEBUG i.pact.plugins.jvm.core.ChildProcess - Plugin protobuf [46038] || ?[2m2023-03-27T09:35:16.473208Z?[0m ?[35mTRACE?[0m tokio-runtime-worker ?[1mserver_handshake?[0m?[2m:?[0m?[1mConnection?[0m?[1m{?[0m?[3mpeer?[0m?[2m=?[0mServer?[1m}?[0m?[2m:?[0m?[1mpoll?[0m?[2m:?[0m ?[2mh2::proto::streams::prioritize?[0m?[2m:?[0m schedule_pending_open
15:05:16.477 [Thread-5] DEBUG i.pact.plugins.jvm.core.ChildProcess - Plugin protobuf [46038] || ?[2m2023-03-27T09:35:16.473236Z?[0m ?[35mTRACE?[0m tokio-runtime-worker ?[1mserver_handshake?[0m?[2m:?[0m?[1mConnection?[0m?[1m{?[0m?[3mpeer?[0m?[2m=?[0mServer?[1m}?[0m?[2m:?[0m?[1mpoll?[0m?[2m:?[0m?[1mFramedWrite::flush?[0m?[2m:?[0m ?[2mh2::codec::framed_write?[0m?[2m:?[0m flushing buffer
15:05:16.477 [Thread-5] DEBUG i.pact.plugins.jvm.core.ChildProcess - Plugin protobuf [46038] || ?[2m2023-03-27T09:35:16.473324Z?[0m ?[35mTRACE?[0m tokio-runtime-worker ?[1mrequest?[0m?[1m{?[0m?[3mmethod?[0m?[2m=?[0mPOST ?[3muri?[0m?[2m=?[0mhttp://[::1]:53788/io.pact.plugin.PactPlugin/StartMockServer ?[3mversion?[0m?[2m=?[0mHTTP/2.0 ?[3mheaders?[0m?[2m=?[0m{"content-type": "application/grpc", "te": "trailers", "user-agent": "grpc-java-netty/1.49.0", "grpc-accept-encoding": "gzip", "authorization": Sensitive}?[1m}?[0m?[2m:?[0m ?[2mh2::proto::streams::recv?[0m?[2m:?[0m release_capacity; size=4786
15:05:16.477 [Thread-5] DEBUG i.pact.plugins.jvm.core.ChildProcess - Plugin protobuf [46038] || ?[2m2023-03-27T09:35:16.473352Z?[0m ?[35mTRACE?[0m tokio-runtime-worker ?[1mrequest?[0m?[1m{?[0m?[3mmethod?[0m?[2m=?[0mPOST ?[3muri?[0m?[2m=?[0mhttp://[::1]:53788/io.pact.plugin.PactPlugin/StartMockServer ?[3mversion?[0m?[2m=?[0mHTTP/2.0 ?[3mheaders?[0m?[2m=?[0m{"content-type": "application/grpc", "te": "trailers", "user-agent": "grpc-java-netty/1.49.0", "grpc-accept-encoding": "gzip", "authorization": Sensitive}?[1m}?[0m?[2m:?[0m ?[2mh2::proto::streams::recv?[0m?[2m:?[0m release_connection_capacity; size=4786, connection in_flight_data=4786
15:05:16.477 [grpc-nio-worker-ELG-1-2] DEBUG io.grpc.netty.NettyClientHandler - [id: 0x3c962551, L:/0:0:0:0:0:0:0:1:53790 - R:/0:0:0:0:0:0:0:1:53788] INBOUND HEADERS: streamId=9 headers=GrpcHttp2ResponseHeaders[:status: 200, content-type: application/grpc, date: Mon, 27 Mar 2023 09:35:15 GMT] padding=0 endStream=false
15:05:16.477 [grpc-nio-worker-ELG-1-2] DEBUG io.grpc.netty.NettyClientHandler - [id: 0x3c962551, L:/0:0:0:0:0:0:0:1:53790 - R:/0:0:0:0:0:0:0:1:53788] INBOUND DATA: streamId=9 padding=0 endStream=false length=73 bytes=000000004412420a2435636165356638322d666563322d343363362d393733392d363064303338336438346563109fa4031a16687474703a2f2f3132372e302e...
15:05:16.478 [grpc-nio-worker-ELG-1-2] DEBUG io.grpc.netty.NettyClientHandler - [id: 0x3c962551, L:/0:0:0:0:0:0:0:1:53790 - R:/0:0:0:0:0:0:0:1:53788] OUTBOUND PING: ack=false bytes=1234
15:05:16.477 [Thread-5] DEBUG i.pact.plugins.jvm.core.ChildProcess - Plugin protobuf [46038] || ?[2m2023-03-27T09:35:16.473410Z?[0m ?[35mTRACE?[0m tokio-runtime-worker ?[1mrequest?[0m?[1m{?[0m?[3mmethod?[0m?[2m=?[0mPOST ?[3muri?[0m?[2m=?[0mhttp://[::1]:53788/io.pact.plugin.PactPlugin/StartMockServer ?[3mversion?[0m?[2m=?[0mHTTP/2.0 ?[3mheaders?[0m?[2m=?[0m{"content-type": "application/grpc", "te": "trailers", "user-agent": "grpc-java-netty/1.49.0", "grpc-accept-encoding": "gzip", "authorization": Sensitive}?[1m}?[0m?[2m:?[0m ?[2mh2::proto::streams::streams?[0m?[2m:?[0m drop_stream_ref; stream=Stream { id: StreamId(9), state: State { inner: HalfClosedRemote(AwaitingHeaders) }, is_counted: true, ref_count: 2, next_pending_send: None, is_pending_send: false, send_flow: FlowControl { window_size: Window(1048576), available: Window(0) }, requested_send_capacity: 0, buffered_send_data: 0, send_task: None, pending_send: Deque { indices: None }, next_pending_send_capacity: None, is_pending_send_capacity: false, send_capacity_inc: false, next_open: None, is_pending_open: false, is_pending_push: false, next_pending_accept: None, is_pending_accept: false, recv_flow: FlowControl { window_size: Window(1043790), available: Window(1048576) }, in_flight_recv_data: 0, next_window_update: None, is_pending_window_update: false, reset_at: None, next_reset_expire: None, pending_recv: Deque { indices: None }, recv_task: None, pending_push_promises: Queue { indices: None, _p: PhantomData }, content_length: Omitted }
15:05:16.478 [Thread-5] DEBUG i.pact.plugins.jvm.core.ChildProcess - Plugin protobuf [46038] || ?[2m2023-03-27T09:35:16.473447Z?[0m ?[35mTRACE?[0m tokio-runtime-worker ?[1mrequest?[0m?[1m{?[0m?[3mmethod?[0m?[2m=?[0mPOST ?[3muri?[0m?[2m=?[0mhttp://[::1]:53788/io.pact.plugin.PactPlugin/StartMockServer ?[3mversion?[0m?[2m=?[0mHTTP/2.0 ?[3mheaders?[0m?[2m=?[0m{"content-type": "application/grpc", "te": "trailers", "user-agent": "grpc-java-netty/1.49.0", "grpc-accept-encoding": "gzip", "authorization": Sensitive}?[1m}?[0m?[2m:?[0m ?[2mh2::proto::streams::counts?[0m?[2m:?[0m transition_after; stream=StreamId(9); state=State { inner: HalfClosedRemote(AwaitingHeaders) }; is_closed=false; pending_send_empty=true; buffered_send_data=0; num_recv=1; num_send=0
15:05:16.478 [Thread-5] DEBUG i.pact.plugins.jvm.core.ChildProcess - Plugin protobuf [46038] || ?[2m2023-03-27T09:35:16.473477Z?[0m ?[34mDEBUG?[0m tokio-runtime-worker ?[1mrequest?[0m?[1m{?[0m?[3mmethod?[0m?[2m=?[0mPOST ?[3muri?[0m?[2m=?[0mhttp://[::1]:53788/io.pact.plugin.PactPlugin/StartMockServer ?[3mversion?[0m?[2m=?[0mHTTP/2.0 ?[3mheaders?[0m?[2m=?[0m{"content-type": "application/grpc", "te": "trailers", "user-agent": "grpc-java-netty/1.49.0", "grpc-accept-encoding": "gzip", "authorization": Sensitive}?[1m}?[0m?[2m:?[0m ?[2mpact_protobuf_plugin::server?[0m?[2m:?[0m Received start mock server request
15:05:16.478 [Thread-5] DEBUG i.pact.plugins.jvm.core.ChildProcess - Plugin protobuf [46038] || ?[2m2023-03-27T09:35:16.473613Z?[0m ?[35mTRACE?[0m tokio-runtime-worker ?[1mrequest?[0m?[1m{?[0m?[3mmethod?[0m?[2m=?[0mPOST ?[3muri?[0m?[2m=?[0mhttp://[::1]:53788/io.pact.plugin.PactPlugin/StartMockServer ?[3mversion?[0m?[2m=?[0mHTTP/2.0 ?[3mheaders?[0m?[2m=?[0m{"content-type": "application/grpc", "te": "trailers", "user-agent": "grpc-java-netty/1.49.0", "grpc-accept-encoding": "gzip", "authorization": Sensitive}?[1m}?[0m?[2m:?[0m ?[2mpact_models::pact?[0m?[2m:?[0m load_pact_from_json: found spec version V4 in metadata
15:05:16.478 [grpc-nio-worker-ELG-1-2] DEBUG io.grpc.netty.NettyClientHandler - [id: 0x3c962551, L:/0:0:0:0:0:0:0:1:53790 - R:/0:0:0:0:0:0:0:1:53788] INBOUND HEADERS: streamId=9 headers=GrpcHttp2ResponseHeaders[grpc-status: 0] padding=0 endStream=true
15:05:16.478 [Thread-5] DEBUG i.pact.plugins.jvm.core.ChildProcess - Plugin protobuf [46038] || ?[2m2023-03-27T09:35:16.473643Z?[0m ?[35mTRACE?[0m tokio-runtime-worker ?[1mrequest?[0m?[1m{?[0m?[3mmethod?[0m?[2m=?[0mPOST ?[3muri?[0m?[2m=?[0mhttp://[::1]:53788/io.pact.plugin.PactPlugin/StartMockServer ?[3mversion?[0m?[2m=?[0mHTTP/2.0 ?[3mheaders?[0m?[2m=?[0m{"content-type": "application/grpc", "te": "trailers", "user-agent": "grpc-java-netty/1.49.0", "grpc-accept-encoding": "gzip", "authorization": Sensitive}?[1m}?[0m?[2m:?[0m ?[2mpact_models::v4::pact?[0m?[2m:?[0m from_json: Loading a V4 pact from JSON
15:05:16.478 [Thread-5] DEBUG i.pact.plugins.jvm.core.ChildProcess - Plugin protobuf [46038] || ?[2m2023-03-27T09:35:16.473811Z?[0m ?[35mTRACE?[0m tokio-runtime-worker ?[1mrequest?[0m?[1m{?[0m?[3mmethod?[0m?[2m=?[0mPOST ?[3muri?[0m?[2m=?[0mhttp://[::1]:53788/io.pact.plugin.PactPlugin/StartMockServer ?[3mversion?[0m?[2m=?[0mHTTP/2.0 ?[3mheaders?[0m?[2m=?[0m{"content-type": "application/grpc", "te": "trailers", "user-agent": "grpc-java-netty/1.49.0", "grpc-accept-encoding": "gzip", "authorization": Sensitive}?[1m}?[0m?[2m:?[0m ?[2mpact_models::matchingrules?[0m?[2m:?[0m rule_type: number, attributes: {"match":"number"}
15:05:16.478 [Thread-5] DEBUG i.pact.plugins.jvm.core.ChildProcess - Plugin protobuf [46038] || ?[2m2023-03-27T09:35:16.473866Z?[0m ?[35mTRACE?[0m tokio-runtime-worker ?[1mrequest?[0m?[1m{?[0m?[3mmethod?[0m?[2m=?[0mPOST ?[3muri?[0m?[2m=?[0mhttp://[::1]:53788/io.pact.plugin.PactPlugin/StartMockServer ?[3mversion?[0m?[2m=?[0mHTTP/2.0 ?[3mheaders?[0m?[2m=?[0m{"content-type": "application/grpc", "te": "trailers", "user-agent": "grpc-java-netty/1.49.0", "grpc-accept-encoding": "gzip", "authorization": Sensitive}?[1m}?[0m?[2m:?[0m ?[2mpact_models::matchingrules?[0m?[2m:?[0m rule_type: number, attributes: {"match":"number"}
15:05:16.478 [Thread-5] DEBUG i.pact.plugins.jvm.core.ChildProcess - Plugin protobuf [46038] || ?[2m2023-03-27T09:35:16.473887Z?[0m ?[35mTRACE?[0m tokio-runtime-worker ?[1mrequest?[0m?[1m{?[0m?[3mmethod?[0m?[2m=?[0mPOST ?[3muri?[0m?[2m=?[0mhttp://[::1]:53788/io.pact.plugin.PactPlugin/StartMockServer ?[3mversion?[0m?[2m=?[0mHTTP/2.0 ?[3mheaders?[0m?[2m=?[0m{"content-type": "application/grpc", "te": "trailers", "user-agent": "grpc-java-netty/1.49.0", "grpc-accept-encoding": "gzip", "authorization": Sensitive}?[1m}?[0m?[2m:?[0m ?[2mpact_models::matchingrules?[0m?[2m:?[0m rule_type: number, attributes: {"match":"number"}
15:05:16.478 [Thread-5] DEBUG i.pact.plugins.jvm.core.ChildProcess - Plugin protobuf [46038] || ?[2m2023-03-27T09:35:16.473994Z?[0m ?[35mTRACE?[0m tokio-runtime-worker ?[1mrequest?[0m?[1m{?[0m?[3mmethod?[0m?[2m=?[0mPOST ?[3muri?[0m?[2m=?[0mhttp://[::1]:53788/io.pact.plugin.PactPlugin/StartMockServer ?[3mversion?[0m?[2m=?[0mHTTP/2.0 ?[3mheaders?[0m?[2m=?[0m{"content-type": "application/grpc", "te": "trailers", "user-agent": "grpc-java-netty/1.49.0", "grpc-accept-encoding": "gzip", "authorization": Sensitive}?[1m}?[0m?[2m:?[0m ?[2mpact_protobuf_plugin::server?[0m?[2m:?[0m Got pact V4Pact { consumer: Consumer { name: "grpc-consumer-jvm" }, provider: Provider { name: "area-calculator-provider" }, interactions: [SynchronousMessage { id: None, key: Some("c7fbe3ee"), description: "calculate rectangle area request", provider_states: [], comments: {"testname": String("io.pact.example.grpc.consumer.PactConsumerTest.calculateRectangleArea(MockServer, SynchronousMessages)")}, request: MessageContents { contents: Present(b"\x12\n\r\0\0@@\x15\0\0\x80@", Some(ContentType { main_type: "application", sub_type: "protobuf", attributes: {"message": "ShapeMessage"}, suffix: None }), Some(BINARY)), metadata: {}, matching_rules: MatchingRules { rules: {BODY: MatchingRuleCategory { name: BODY, rules: {DocPath { path_tokens: [Root, Field("rectangle"), Field("length")], expr: "$.rectangle.length" }: RuleList { rules: [Number], rule_logic: And, cascaded: false }, DocPath { path_tokens: [Root, Field("rectangle"), Field("width")], expr: "$.rectangle.width" }: RuleList { rules: [Number], rule_logic: And, cascaded: false }} }} }, generators: Generators { categories: {} } }, response: [MessageContents { contents: Present(b"\r\0\0@A", Some(ContentType { main_type: "application", sub_type: "protobuf", attributes: {"message": "AreaResponse"}, suffix: None }), Some(BINARY)), metadata: {}, matching_rules: MatchingRules { rules: {BODY: MatchingRuleCategory { name: BODY, rules: {DocPath { path_tokens: [Root, Field("value")], expr: "$.value" }: RuleList { rules: [Number], rule_logic: And, cascaded: false }} }} }, generators: Generators { categories: {} } }], pending: false, plugin_config: {"protobuf": {"service": String("Calculator/calculateOne"), "descriptorKey": String("a85dff8f82655a9681aad113575dcfbb")}}, interaction_markup: InteractionMarkup { markup: "```protobuf\nmessage ShapeMessage {\n    message .area_calculator.Rectangle rectangle = 2;\n}\n```\n\n```protobuf\nmessage AreaResponse {\n    float value = 1;\n}\n```\n", markup_type: "COMMON_MARK" }, transport: None }], metadata: {"pact-jvm": Object({"version": String("4.4.2")}), "pactSpecification": Object({"version": String("4.0")})}, plugin_data: [PluginData { name: "protobuf", version: "0.1.5", configuration: {"a85dff8f82655a9681aad113575dcfbb": Object({"protoDescriptors": String("CsoHChVhcmVhX2NhbGN1bGF0b3IucHJvdG8SD2FyZWFfY2FsY3VsYXRvciK6AgoMU2hhcGVNZXNzYWdlEjEKBnNxdWFyZRgBIAEoCzIXLmFyZWFfY2FsY3VsYXRvci5TcXVhcmVIAFIGc3F1YXJlEjoKCXJlY3RhbmdsZRgCIAEoCzIaLmFyZWFfY2FsY3VsYXRvci5SZWN0YW5nbGVIAFIJcmVjdGFuZ2xlEjEKBmNpcmNsZRgDIAEoCzIXLmFyZWFfY2FsY3VsYXRvci5DaXJjbGVIAFIGY2lyY2xlEjcKCHRyaWFuZ2xlGAQgASgLMhkuYXJlYV9jYWxjdWxhdG9yLlRyaWFuZ2xlSABSCHRyaWFuZ2xlEkYKDXBhcmFsbGVsb2dyYW0YBSABKAsyHi5hcmVhX2NhbGN1bGF0b3IuUGFyYWxsZWxvZ3JhbUgAUg1wYXJhbGxlbG9ncmFtQgcKBXNoYXBlIikKBlNxdWFyZRIfCgtlZGdlX2xlbmd0aBgBIAEoAlIKZWRnZUxlbmd0aCI5CglSZWN0YW5nbGUSFgoGbGVuZ3RoGAEgASgCUgZsZW5ndGgSFAoFd2lkdGgYAiABKAJSBXdpZHRoIiAKBkNpcmNsZRIWCgZyYWRpdXMYASABKAJSBnJhZGl1cyJPCghUcmlhbmdsZRIVCgZlZGdlX2EYASABKAJSBWVkZ2VBEhUKBmVkZ2VfYhgCIAEoAlIFZWRnZUISFQoGZWRnZV9jGAMgASgCUgVlZGdlQyJICg1QYXJhbGxlbG9ncmFtEh8KC2Jhc2VfbGVuZ3RoGAEgASgCUgpiYXNlTGVuZ3RoEhYKBmhlaWdodBgCIAEoAlIGaGVpZ2h0IkQKC0FyZWFSZXF1ZXN0EjUKBnNoYXBlcxgBIAMoCzIdLmFyZWFfY2FsY3VsYXRvci5TaGFwZU1lc3NhZ2VSBnNoYXBlcyIkCgxBcmVhUmVzcG9uc2USFAoFdmFsdWUYASADKAJSBXZhbHVlMq0BCgpDYWxjdWxhdG9yEk4KDGNhbGN1bGF0ZU9uZRIdLmFyZWFfY2FsY3VsYXRvci5TaGFwZU1lc3NhZ2UaHS5hcmVhX2NhbGN1bGF0b3IuQXJlYVJlc3BvbnNlIgASTwoOY2FsY3VsYXRlTXVsdGkSHC5hcmVhX2NhbGN1bGF0b3IuQXJlYVJlcXVlc3QaHS5hcmVhX2NhbGN1bGF0b3IuQXJlYVJlc3BvbnNlIgBCHFoXaW8ucGFjdC9hcmVhX2NhbGN1bGF0b3LQAgFiBnByb3RvMw=="), "protoFile": String("syntax = \"proto3\";\n\npackage area_calculator;\n\noption php_generic_services = true;\noption go_package = \"io.pact/area_calculator\";\n\nservice Calculator {\n  rpc calculateOne (ShapeMessage) returns (AreaResponse) {}\n  rpc calculateMulti (AreaRequest) returns (AreaResponse) {}\n}\n\nmessage ShapeMessage {\n  oneof shape {\n    Square square = 1;\n    Rectangle rectangle = 2;\n    Circle circle = 3;\n    Triangle triangle = 4;\n    Parallelogram parallelogram = 5;\n  }\n}\n\nmessage Square {\n  float edge_length = 1;\n}\n\nmessage Rectangle {\n  float length = 1;\n  float width = 2;\n}\n\nmessage Circle {\n  float radius = 1;\n}\n\nmessage Triangle {\n  float edge_a = 1;\n  float edge_b = 2;\n  float edge_c = 3;\n}\n\nmessage Parallelogram {\n  float base_length = 1;\n  float height = 2;\n}\n\nmessage AreaRequest {\n  repeated ShapeMessage shapes = 1;\n}\n\nmessage AreaResponse {\n  repeated float value = 1;\n}\n")})} }] }
15:05:16.478 [Thread-5] DEBUG i.pact.plugins.jvm.core.ChildProcess - Plugin protobuf [46038] || ?[2m2023-03-27T09:35:16.474926Z?[0m ?[35mTRACE?[0m tokio-runtime-worker ?[1mrequest?[0m?[1m{?[0m?[3mmethod?[0m?[2m=?[0mPOST ?[3muri?[0m?[2m=?[0mhttp://[::1]:53788/io.pact.plugin.PactPlugin/StartMockServer ?[3mversion?[0m?[2m=?[0mHTTP/2.0 ?[3mheaders?[0m?[2m=?[0m{"content-type": "application/grpc", "te": "trailers", "user-agent": "grpc-java-netty/1.49.0", "grpc-accept-encoding": "gzip", "authorization": Sensitive}?[1m}?[0m?[2m:?[0m?[1mstart_server?[0m?[1m{?[0m?[3mself?[0m?[2m=?[0mGrpcMockServer { pact: V4Pact { consumer: Consumer { name: "grpc-consumer-jvm" }, provider: Provider { name: "area-calculator-provider" }, interactions: [SynchronousMessage { id: None, key: Some("c7fbe3ee"), description: "calculate rectangle area request", provider_states: [], comments: {"testname": String("io.pact.example.grpc.consumer.PactConsumerTest.calculateRectangleArea(MockServer, SynchronousMessages)")}, request: MessageContents { contents: Present(b"\x12\n\r\0\0@@\x15\0\0\x80@", Some(ContentType { main_type: "application", sub_type: "protobuf", attributes: {"message": "ShapeMessage"}, suffix: None }), Some(BINARY)), metadata: {}, matching_rules: MatchingRules { rules: {BODY: MatchingRuleCategory { name: BODY, rules: {DocPath { path_tokens: [Root, Field("rectangle"), Field("length")], expr: "$.rectangle.length" }: RuleList { rules: [Number], rule_logic: And, cascaded: false }, DocPath { path_tokens: [Root, Field("rectangle"), Field("width")], expr: "$.rectangle.width" }: RuleList { rules: [Number], rule_logic: And, cascaded: false }} }} }, generators: Generators { categories: {} } }, response: [MessageContents { contents: Present(b"\r\0\0@A", Some(ContentType { main_type: "application", sub_type: "protobuf", attributes: {"message": "AreaResponse"}, suffix: None }), Some(BINARY)), metadata: {}, matching_rules: MatchingRules { rules: {BODY: MatchingRuleCategory { name: BODY, rules: {DocPath { path_tokens: [Root, Field("value")], expr: "$.value" }: RuleList { rules: [Number], rule_logic: And, cascaded: false }} }} }, generators: Generators { categories: {} } }], pending: false, plugin_config: {"protobuf": {"service": String("Calculator/calculateOne"), "descriptorKey": String("a85dff8f82655a9681aad113575dcfbb")}}, interaction_markup: InteractionMarkup { markup: "```protobuf\nmessage ShapeMessage {\n    message .area_calculator.Rectangle rectangle = 2;\n}\n```\n\n```protobuf\nmessage AreaResponse {\n    float value = 1;\n}\n```\n", markup_type: "COMMON_MARK" }, transport: None }], metadata: {"pact-jvm": Object({"version": String("4.4.2")}), "pactSpecification": Object({"version": String("4.0")})}, plugin_data: [PluginData { name: "protobuf", version: "0.1.5", configuration: {"a85dff8f82655a9681aad113575dcfbb": Object({"protoDescriptors": String("CsoHChVhcmVhX2NhbGN1bGF0b3IucHJvdG8SD2FyZWFfY2FsY3VsYXRvciK6AgoMU2hhcGVNZXNzYWdlEjEKBnNxdWFyZRgBIAEoCzIXLmFyZWFfY2FsY3VsYXRvci5TcXVhcmVIAFIGc3F1YXJlEjoKCXJlY3RhbmdsZRgCIAEoCzIaLmFyZWFfY2FsY3VsYXRvci5SZWN0YW5nbGVIAFIJcmVjdGFuZ2xlEjEKBmNpcmNsZRgDIAEoCzIXLmFyZWFfY2FsY3VsYXRvci5DaXJjbGVIAFIGY2lyY2xlEjcKCHRyaWFuZ2xlGAQgASgLMhkuYXJlYV9jYWxjdWxhdG9yLlRyaWFuZ2xlSABSCHRyaWFuZ2xlEkYKDXBhcmFsbGVsb2dyYW0YBSABKAsyHi5hcmVhX2NhbGN1bGF0b3IuUGFyYWxsZWxvZ3JhbUgAUg1wYXJhbGxlbG9ncmFtQgcKBXNoYXBlIikKBlNxdWFyZRIfCgtlZGdlX2xlbmd0aBgBIAEoAlIKZWRnZUxlbmd0aCI5CglSZWN0YW5nbGUSFgoGbGVuZ3RoGAEgASgCUgZsZW5ndGgSFAoFd2lkdGgYAiABKAJSBXdpZHRoIiAKBkNpcmNsZRIWCgZyYWRpdXMYASABKAJSBnJhZGl1cyJPCghUcmlhbmdsZRIVCgZlZGdlX2EYASABKAJSBWVkZ2VBEhUKBmVkZ2VfYhgCIAEoAlIFZWRnZUISFQoGZWRnZV9jGAMgASgCUgVlZGdlQyJICg1QYXJhbGxlbG9ncmFtEh8KC2Jhc2VfbGVuZ3RoGAEgASgCUgpiYXNlTGVuZ3RoEhYKBmhlaWdodBgCIAEoAlIGaGVpZ2h0IkQKC0FyZWFSZXF1ZXN0EjUKBnNoYXBlcxgBIAMoCzIdLmFyZWFfY2FsY3VsYXRvci5TaGFwZU1lc3NhZ2VSBnNoYXBlcyIkCgxBcmVhUmVzcG9uc2USFAoFdmFsdWUYASADKAJSBXZhbHVlMq0BCgpDYWxjdWxhdG9yEk4KDGNhbGN1bGF0ZU9uZRIdLmFyZWFfY2FsY3VsYXRvci5TaGFwZU1lc3NhZ2UaHS5hcmVhX2NhbGN1bGF0b3IuQXJlYVJlc3BvbnNlIgASTwoOY2FsY3VsYXRlTXVsdGkSHC5hcmVhX2NhbGN1bGF0b3IuQXJlYVJlcXVlc3QaHS5hcmVhX2NhbGN1bGF0b3IuQXJlYVJlc3BvbnNlIgBCHFoXaW8ucGFjdC9hcmVhX2NhbGN1bGF0b3LQAgFiBnByb3RvMw=="), "protoFile": String("syntax = \"proto3\";\n\npackage area_calculator;\n\noption php_generic_services = true;\noption go_package = \"io.pact/area_calculator\";\n\nservice Calculator {\n  rpc calculateOne (ShapeMessage) returns (AreaResponse) {}\n  rpc calculateMulti (AreaRequest) returns (AreaResponse) {}\n}\n\nmessage ShapeMessage {\n  oneof shape {\n    Square square = 1;\n    Rectangle rectangle = 2;\n    Circle circle = 3;\n    Triangle triangle = 4;\n    Parallelogram parallelogram = 5;\n  }\n}\n\nmessage Square {\n  float edge_length = 1;\n}\n\nmessage Rectangle {\n  float length = 1;\n  float width = 2;\n}\n\nmessage Circle {\n  float radius = 1;\n}\n\nmessage Triangle {\n  float edge_a = 1;\n  float edge_b = 2;\n  float edge_c = 3;\n}\n\nmessage Parallelogram {\n  float base_length = 1;\n  float height = 2;\n}\n\nmessage AreaRequest {\n  repeated ShapeMessage shapes = 1;\n}\n\nmessage AreaResponse {\n  repeated float value = 1;\n}\n")})} }] }, plugin_config: PluginData { name: "protobuf", version: "0.1.5", configuration: {"a85dff8f82655a9681aad113575dcfbb": Object({"protoDescriptors": String("CsoHChVhcmVhX2NhbGN1bGF0b3IucHJvdG8SD2FyZWFfY2FsY3VsYXRvciK6AgoMU2hhcGVNZXNzYWdlEjEKBnNxdWFyZRgBIAEoCzIXLmFyZWFfY2FsY3VsYXRvci5TcXVhcmVIAFIGc3F1YXJlEjoKCXJlY3RhbmdsZRgCIAEoCzIaLmFyZWFfY2FsY3VsYXRvci5SZWN0YW5nbGVIAFIJcmVjdGFuZ2xlEjEKBmNpcmNsZRgDIAEoCzIXLmFyZWFfY2FsY3VsYXRvci5DaXJjbGVIAFIGY2lyY2xlEjcKCHRyaWFuZ2xlGAQgASgLMhkuYXJlYV9jYWxjdWxhdG9yLlRyaWFuZ2xlSABSCHRyaWFuZ2xlEkYKDXBhcmFsbGVsb2dyYW0YBSABKAsyHi5hcmVhX2NhbGN1bGF0b3IuUGFyYWxsZWxvZ3JhbUgAUg1wYXJhbGxlbG9ncmFtQgcKBXNoYXBlIikKBlNxdWFyZRIfCgtlZGdlX2xlbmd0aBgBIAEoAlIKZWRnZUxlbmd0aCI5CglSZWN0YW5nbGUSFgoGbGVuZ3RoGAEgASgCUgZsZW5ndGgSFAoFd2lkdGgYAiABKAJSBXdpZHRoIiAKBkNpcmNsZRIWCgZyYWRpdXMYASABKAJSBnJhZGl1cyJPCghUcmlhbmdsZRIVCgZlZGdlX2EYASABKAJSBWVkZ2VBEhUKBmVkZ2VfYhgCIAEoAlIFZWRnZUISFQoGZWRnZV9jGAMgASgCUgVlZGdlQyJICg1QYXJhbGxlbG9ncmFtEh8KC2Jhc2VfbGVuZ3RoGAEgASgCUgpiYXNlTGVuZ3RoEhYKBmhlaWdodBgCIAEoAlIGaGVpZ2h0IkQKC0FyZWFSZXF1ZXN0EjUKBnNoYXBlcxgBIAMoCzIdLmFyZWFfY2FsY3VsYXRvci5TaGFwZU1lc3NhZ2VSBnNoYXBlcyIkCgxBcmVhUmVzcG9uc2USFAoFdmFsdWUYASADKAJSBXZhbHVlMq0BCgpDYWxjdWxhdG9yEk4KDGNhbGN1bGF0ZU9uZRIdLmFyZWFfY2FsY3VsYXRvci5TaGFwZU1lc3NhZ2UaHS5hcmVhX2NhbGN1bGF0b3IuQXJlYVJlc3BvbnNlIgASTwoOY2FsY3VsYXRlTXVsdGkSHC5hcmVhX2NhbGN1bGF0b3IuQXJlYVJlcXVlc3QaHS5hcmVhX2NhbGN1bGF0b3IuQXJlYVJlc3BvbnNlIgBCHFoXaW8ucGFjdC9hcmVhX2NhbGN1bGF0b3LQAgFiBnByb3RvMw=="), "protoFile": String("syntax = \"proto3\";\n\npackage area_calculator;\n\noption php_generic_services = true;\noption go_package = \"io.pact/area_calculator\";\n\nservice Calculator {\n  rpc calculateOne (ShapeMessage) returns (AreaResponse) {}\n  rpc calculateMulti (AreaRequest) returns (AreaResponse) {}\n}\n\nmessage ShapeMessage {\n  oneof shape {\n    Square square = 1;\n    Rectangle rectangle = 2;\n    Circle circle = 3;\n    Triangle triangle = 4;\n    Parallelogram parallelogram = 5;\n  }\n}\n\nmessage Square {\n  float edge_length = 1;\n}\n\nmessage Rectangle {\n  float length = 1;\n  float width = 2;\n}\n\nmessage Circle {\n  float radius = 1;\n}\n\nmessage Triangle {\n  float edge_a = 1;\n  float edge_b = 2;\n  float edge_c = 3;\n}\n\nmessage Parallelogram {\n  float base_length = 1;\n  float height = 2;\n}\n\nmessage AreaRequest {\n  repeated ShapeMessage shapes = 1;\n}\n\nmessage AreaResponse {\n  repeated float value = 1;\n}\n")})} }, descriptors: {}, routes: {}, server_key: "5cae5f82-fec2-43c6-9739-60d0383d84ec" } ?[3mhost_interface?[0m?[2m=?[0m"127.0.0.1" ?[3mport?[0m?[2m=?[0m0 ?[3mtls?[0m?[2m=?[0mfalse?[1m}?[0m?[2m:?[0m ?[2mpact_protobuf_plugin::mock_server?[0m?[2m:?[0m setting up mock server 127.0.0.1:0
15:05:16.479 [Thread-5] DEBUG i.pact.plugins.jvm.core.ChildProcess - Plugin protobuf [46038] || ?[2m2023-03-27T09:35:16.475147Z?[0m ?[35mTRACE?[0m ThreadId(17) ?[2mpact_protobuf_plugin::mock_server?[0m?[2m:?[0m setting up middleware
15:05:16.479 [Thread-5] DEBUG i.pact.plugins.jvm.core.ChildProcess - Plugin protobuf [46038] || ?[2m2023-03-27T09:35:16.475182Z?[0m ?[35mTRACE?[0m ThreadId(17) ?[2mpact_protobuf_plugin::mock_server?[0m?[2m:?[0m setting up HTTP server
15:05:16.479 [Thread-5] DEBUG i.pact.plugins.jvm.core.ChildProcess - Plugin protobuf [46038] || ?[2m2023-03-27T09:35:16.475220Z?[0m ?[35mTRACE?[0m ThreadId(17) ?[2mpact_protobuf_plugin::mock_server?[0m?[2m:?[0m spawning server onto runtime
15:05:16.479 [Thread-5] DEBUG i.pact.plugins.jvm.core.ChildProcess - Plugin protobuf [46038] || ?[2m2023-03-27T09:35:16.475242Z?[0m ?[35mTRACE?[0m ThreadId(17) ?[2mpact_protobuf_plugin::mock_server?[0m?[2m:?[0m spawning server onto runtime - done
15:05:16.479 [Thread-5] DEBUG i.pact.plugins.jvm.core.ChildProcess - Plugin protobuf [46038] || ?[2m2023-03-27T09:35:16.475315Z?[0m ?[35mTRACE?[0m tokio-runtime-worker ?[1mrequest?[0m?[1m{?[0m?[3mmethod?[0m?[2m=?[0mPOST ?[3muri?[0m?[2m=?[0mhttp://[::1]:53788/io.pact.plugin.PactPlugin/StartMockServer ?[3mversion?[0m?[2m=?[0mHTTP/2.0 ?[3mheaders?[0m?[2m=?[0m{"content-type": "application/grpc", "te": "trailers", "user-agent": "grpc-java-netty/1.49.0", "grpc-accept-encoding": "gzip", "authorization": Sensitive}?[1m}?[0m?[2m:?[0m?[1mstart_server?[0m?[1m{?[0m?[3mself?[0m?[2m=?[0mGrpcMockServer { pact: V4Pact { consumer: Consumer { name: "grpc-consumer-jvm" }, provider: Provider { name: "area-calculator-provider" }, interactions: [SynchronousMessage { id: None, key: Some("c7fbe3ee"), description: "calculate rectangle area request", provider_states: [], comments: {"testname": String("io.pact.example.grpc.consumer.PactConsumerTest.calculateRectangleArea(MockServer, SynchronousMessages)")}, request: MessageContents { contents: Present(b"\x12\n\r\0\0@@\x15\0\0\x80@", Some(ContentType { main_type: "application", sub_type: "protobuf", attributes: {"message": "ShapeMessage"}, suffix: None }), Some(BINARY)), metadata: {}, matching_rules: MatchingRules { rules: {BODY: MatchingRuleCategory { name: BODY, rules: {DocPath { path_tokens: [Root, Field("rectangle"), Field("length")], expr: "$.rectangle.length" }: RuleList { rules: [Number], rule_logic: And, cascaded: false }, DocPath { path_tokens: [Root, Field("rectangle"), Field("width")], expr: "$.rectangle.width" }: RuleList { rules: [Number], rule_logic: And, cascaded: false }} }} }, generators: Generators { categories: {} } }, response: [MessageContents { contents: Present(b"\r\0\0@A", Some(ContentType { main_type: "application", sub_type: "protobuf", attributes: {"message": "AreaResponse"}, suffix: None }), Some(BINARY)), metadata: {}, matching_rules: MatchingRules { rules: {BODY: MatchingRuleCategory { name: BODY, rules: {DocPath { path_tokens: [Root, Field("value")], expr: "$.value" }: RuleList { rules: [Number], rule_logic: And, cascaded: false }} }} }, generators: Generators { categories: {} } }], pending: false, plugin_config: {"protobuf": {"service": String("Calculator/calculateOne"), "descriptorKey": String("a85dff8f82655a9681aad113575dcfbb")}}, interaction_markup: InteractionMarkup { markup: "```protobuf\nmessage ShapeMessage {\n    message .area_calculator.Rectangle rectangle = 2;\n}\n```\n\n```protobuf\nmessage AreaResponse {\n    float value = 1;\n}\n```\n", markup_type: "COMMON_MARK" }, transport: None }], metadata: {"pact-jvm": Object({"version": String("4.4.2")}), "pactSpecification": Object({"version": String("4.0")})}, plugin_data: [PluginData { name: "protobuf", version: "0.1.5", configuration: {"a85dff8f82655a9681aad113575dcfbb": Object({"protoDescriptors": String("CsoHChVhcmVhX2NhbGN1bGF0b3IucHJvdG8SD2FyZWFfY2FsY3VsYXRvciK6AgoMU2hhcGVNZXNzYWdlEjEKBnNxdWFyZRgBIAEoCzIXLmFyZWFfY2FsY3VsYXRvci5TcXVhcmVIAFIGc3F1YXJlEjoKCXJlY3RhbmdsZRgCIAEoCzIaLmFyZWFfY2FsY3VsYXRvci5SZWN0YW5nbGVIAFIJcmVjdGFuZ2xlEjEKBmNpcmNsZRgDIAEoCzIXLmFyZWFfY2FsY3VsYXRvci5DaXJjbGVIAFIGY2lyY2xlEjcKCHRyaWFuZ2xlGAQgASgLMhkuYXJlYV9jYWxjdWxhdG9yLlRyaWFuZ2xlSABSCHRyaWFuZ2xlEkYKDXBhcmFsbGVsb2dyYW0YBSABKAsyHi5hcmVhX2NhbGN1bGF0b3IuUGFyYWxsZWxvZ3JhbUgAUg1wYXJhbGxlbG9ncmFtQgcKBXNoYXBlIikKBlNxdWFyZRIfCgtlZGdlX2xlbmd0aBgBIAEoAlIKZWRnZUxlbmd0aCI5CglSZWN0YW5nbGUSFgoGbGVuZ3RoGAEgASgCUgZsZW5ndGgSFAoFd2lkdGgYAiABKAJSBXdpZHRoIiAKBkNpcmNsZRIWCgZyYWRpdXMYASABKAJSBnJhZGl1cyJPCghUcmlhbmdsZRIVCgZlZGdlX2EYASABKAJSBWVkZ2VBEhUKBmVkZ2VfYhgCIAEoAlIFZWRnZUISFQoGZWRnZV9jGAMgASgCUgVlZGdlQyJICg1QYXJhbGxlbG9ncmFtEh8KC2Jhc2VfbGVuZ3RoGAEgASgCUgpiYXNlTGVuZ3RoEhYKBmhlaWdodBgCIAEoAlIGaGVpZ2h0IkQKC0FyZWFSZXF1ZXN0EjUKBnNoYXBlcxgBIAMoCzIdLmFyZWFfY2FsY3VsYXRvci5TaGFwZU1lc3NhZ2VSBnNoYXBlcyIkCgxBcmVhUmVzcG9uc2USFAoFdmFsdWUYASADKAJSBXZhbHVlMq0BCgpDYWxjdWxhdG9yEk4KDGNhbGN1bGF0ZU9uZRIdLmFyZWFfY2FsY3VsYXRvci5TaGFwZU1lc3NhZ2UaHS5hcmVhX2NhbGN1bGF0b3IuQXJlYVJlc3BvbnNlIgASTwoOY2FsY3VsYXRlTXVsdGkSHC5hcmVhX2NhbGN1bGF0b3IuQXJlYVJlcXVlc3QaHS5hcmVhX2NhbGN1bGF0b3IuQXJlYVJlc3BvbnNlIgBCHFoXaW8ucGFjdC9hcmVhX2NhbGN1bGF0b3LQAgFiBnByb3RvMw=="), "protoFile": String("syntax = \"proto3\";\n\npackage area_calculator;\n\noption php_generic_services = true;\noption go_package = \"io.pact/area_calculator\";\n\nservice Calculator {\n  rpc calculateOne (ShapeMessage) returns (AreaResponse) {}\n  rpc calculateMulti (AreaRequest) returns (AreaResponse) {}\n}\n\nmessage ShapeMessage {\n  oneof shape {\n    Square square = 1;\n    Rectangle rectangle = 2;\n    Circle circle = 3;\n    Triangle triangle = 4;\n    Parallelogram parallelogram = 5;\n  }\n}\n\nmessage Square {\n  float edge_length = 1;\n}\n\nmessage Rectangle {\n  float length = 1;\n  float width = 2;\n}\n\nmessage Circle {\n  float radius = 1;\n}\n\nmessage Triangle {\n  float edge_a = 1;\n  float edge_b = 2;\n  float edge_c = 3;\n}\n\nmessage Parallelogram {\n  float base_length = 1;\n  float height = 2;\n}\n\nmessage AreaRequest {\n  repeated ShapeMessage shapes = 1;\n}\n\nmessage AreaResponse {\n  repeated float value = 1;\n}\n")})} }] }, plugin_config: PluginData { name: "protobuf", version: "0.1.5", configuration: {"a85dff8f82655a9681aad113575dcfbb": Object({"protoDescriptors": String("CsoHChVhcmVhX2NhbGN1bGF0b3IucHJvdG8SD2FyZWFfY2FsY3VsYXRvciK6AgoMU2hhcGVNZXNzYWdlEjEKBnNxdWFyZRgBIAEoCzIXLmFyZWFfY2FsY3VsYXRvci5TcXVhcmVIAFIGc3F1YXJlEjoKCXJlY3RhbmdsZRgCIAEoCzIaLmFyZWFfY2FsY3VsYXRvci5SZWN0YW5nbGVIAFIJcmVjdGFuZ2xlEjEKBmNpcmNsZRgDIAEoCzIXLmFyZWFfY2FsY3VsYXRvci5DaXJjbGVIAFIGY2lyY2xlEjcKCHRyaWFuZ2xlGAQgASgLMhkuYXJlYV9jYWxjdWxhdG9yLlRyaWFuZ2xlSABSCHRyaWFuZ2xlEkYKDXBhcmFsbGVsb2dyYW0YBSABKAsyHi5hcmVhX2NhbGN1bGF0b3IuUGFyYWxsZWxvZ3JhbUgAUg1wYXJhbGxlbG9ncmFtQgcKBXNoYXBlIikKBlNxdWFyZRIfCgtlZGdlX2xlbmd0aBgBIAEoAlIKZWRnZUxlbmd0aCI5CglSZWN0YW5nbGUSFgoGbGVuZ3RoGAEgASgCUgZsZW5ndGgSFAoFd2lkdGgYAiABKAJSBXdpZHRoIiAKBkNpcmNsZRIWCgZyYWRpdXMYASABKAJSBnJhZGl1cyJPCghUcmlhbmdsZRIVCgZlZGdlX2EYASABKAJSBWVkZ2VBEhUKBmVkZ2VfYhgCIAEoAlIFZWRnZUISFQoGZWRnZV9jGAMgASgCUgVlZGdlQyJICg1QYXJhbGxlbG9ncmFtEh8KC2Jhc2VfbGVuZ3RoGAEgASgCUgpiYXNlTGVuZ3RoEhYKBmhlaWdodBgCIAEoAlIGaGVpZ2h0IkQKC0FyZWFSZXF1ZXN0EjUKBnNoYXBlcxgBIAMoCzIdLmFyZWFfY2FsY3VsYXRvci5TaGFwZU1lc3NhZ2VSBnNoYXBlcyIkCgxBcmVhUmVzcG9uc2USFAoFdmFsdWUYASADKAJSBXZhbHVlMq0BCgpDYWxjdWxhdG9yEk4KDGNhbGN1bGF0ZU9uZRIdLmFyZWFfY2FsY3VsYXRvci5TaGFwZU1lc3NhZ2UaHS5hcmVhX2NhbGN1bGF0b3IuQXJlYVJlc3BvbnNlIgASTwoOY2FsY3VsYXRlTXVsdGkSHC5hcmVhX2NhbGN1bGF0b3IuQXJlYVJlcXVlc3QaHS5hcmVhX2NhbGN1bGF0b3IuQXJlYVJlc3BvbnNlIgBCHFoXaW8ucGFjdC9hcmVhX2NhbGN1bGF0b3LQAgFiBnByb3RvMw=="), "protoFile": String("syntax = \"proto3\";\n\npackage area_calculator;\n\noption php_generic_services = true;\noption go_package = \"io.pact/area_calculator\";\n\nservice Calculator {\n  rpc calculateOne (ShapeMessage) returns (AreaResponse) {}\n  rpc calculateMulti (AreaRequest) returns (AreaResponse) {}\n}\n\nmessage ShapeMessage {\n  oneof shape {\n    Square square = 1;\n    Rectangle rectangle = 2;\n    Circle circle = 3;\n    Triangle triangle = 4;\n    Parallelogram parallelogram = 5;\n  }\n}\n\nmessage Square {\n  float edge_length = 1;\n}\n\nmessage Rectangle {\n  float length = 1;\n  float width = 2;\n}\n\nmessage Circle {\n  float radius = 1;\n}\n\nmessage Triangle {\n  float edge_a = 1;\n  float edge_b = 2;\n  float edge_c = 3;\n}\n\nmessage Parallelogram {\n  float base_length = 1;\n  float height = 2;\n}\n\nmessage AreaRequest {\n  repeated ShapeMessage shapes = 1;\n}\n\nmessage AreaResponse {\n  repeated float value = 1;\n}\n")})} }, descriptors: {}, routes: {}, server_key: "5cae5f82-fec2-43c6-9739-60d0383d84ec" } ?[3mhost_interface?[0m?[2m=?[0m"127.0.0.1" ?[3mport?[0m?[2m=?[0m0 ?[3mtls?[0m?[2m=?[0mfalse?[1m}?[0m?[2m:?[0m ?[2mpact_protobuf_plugin::mock_server?[0m?[2m:?[0m Mock server setup OK
15:05:16.479 [grpc-nio-worker-ELG-1-2] DEBUG io.grpc.netty.NettyClientHandler - [id: 0x3c962551, L:/0:0:0:0:0:0:0:1:53790 - R:/0:0:0:0:0:0:0:1:53788] INBOUND PING: ack=true bytes=1234
15:05:16.479 [Thread-5] DEBUG i.pact.plugins.jvm.core.ChildProcess - Plugin protobuf [46038] || ?[2m2023-03-27T09:35:16.475410Z?[0m ?[32m INFO?[0m tokio-runtime-worker ?[1mrequest?[0m?[1m{?[0m?[3mmethod?[0m?[2m=?[0mPOST ?[3muri?[0m?[2m=?[0mhttp://[::1]:53788/io.pact.plugin.PactPlugin/StartMockServer ?[3mversion?[0m?[2m=?[0mHTTP/2.0 ?[3mheaders?[0m?[2m=?[0m{"content-type": "application/grpc", "te": "trailers", "user-agent": "grpc-java-netty/1.49.0", "grpc-accept-encoding": "gzip", "authorization": Sensitive}?[1m}?[0m?[2m:?[0m ?[2mpact_protobuf_plugin::server?[0m?[2m:?[0m Started mock gRPC server on 127.0.0.1:53791
15:05:16.479 [Thread-5] DEBUG i.pact.plugins.jvm.core.ChildProcess - Plugin protobuf [46038] || ?[2m2023-03-27T09:35:16.475443Z?[0m ?[34mDEBUG?[0m tokio-runtime-worker ?[1mrequest?[0m?[1m{?[0m?[3mmethod?[0m?[2m=?[0mPOST ?[3muri?[0m?[2m=?[0mhttp://[::1]:53788/io.pact.plugin.PactPlugin/StartMockServer ?[3mversion?[0m?[2m=?[0mHTTP/2.0 ?[3mheaders?[0m?[2m=?[0m{"content-type": "application/grpc", "te": "trailers", "user-agent": "grpc-java-netty/1.49.0", "grpc-accept-encoding": "gzip", "authorization": Sensitive}?[1m}?[0m?[2m:?[0m ?[2mtower_http::trace::on_response?[0m?[2m:?[0m finished processing request ?[3mlatency?[0m?[2m=?[0m2 ms
15:05:16.479 [Thread-5] DEBUG i.pact.plugins.jvm.core.ChildProcess - Plugin protobuf [46038] || ?[2m2023-03-27T09:35:16.475473Z?[0m ?[35mTRACE?[0m tokio-runtime-worker ?[2mh2::proto::streams::send?[0m?[2m:?[0m send_headers; frame=Headers { stream_id: StreamId(9), flags: (0x4: END_HEADERS) }; init_window=1048576
15:05:16.479 [Thread-5] DEBUG i.pact.plugins.jvm.core.ChildProcess - Plugin protobuf [46038] || ?[2m2023-03-27T09:35:16.475501Z?[0m ?[35mTRACE?[0m tokio-runtime-worker ?[1mPrioritize::queue_frame?[0m?[1m{?[0m?[3mstream.id?[0m?[2m=?[0mStreamId(9)?[1m}?[0m?[2m:?[0m ?[2mh2::proto::streams::prioritize?[0m?[2m:?[0m schedule_send ?[3mstream.id?[0m?[2m=?[0mStreamId(9)
15:05:16.479 [Thread-5] DEBUG i.pact.plugins.jvm.core.ChildProcess - Plugin protobuf [46038] || ?[2m2023-03-27T09:35:16.475515Z?[0m ?[35mTRACE?[0m tokio-runtime-worker ?[1mPrioritize::queue_frame?[0m?[1m{?[0m?[3mstream.id?[0m?[2m=?[0mStreamId(9)?[1m}?[0m?[2m:?[0m ?[2mh2::proto::streams::store?[0m?[2m:?[0m Queue::push
15:05:16.479 [Thread-5] DEBUG i.pact.plugins.jvm.core.ChildProcess - Plugin protobuf [46038] || ?[2m2023-03-27T09:35:16.475526Z?[0m ?[35mTRACE?[0m tokio-runtime-worker ?[1mPrioritize::queue_frame?[0m?[1m{?[0m?[3mstream.id?[0m?[2m=?[0mStreamId(9)?[1m}?[0m?[2m:?[0m ?[2mh2::proto::streams::store?[0m?[2m:?[0m  -> first entry
15:05:16.479 [Thread-5] DEBUG i.pact.plugins.jvm.core.ChildProcess - Plugin protobuf [46038] || ?[2m2023-03-27T09:35:16.475545Z?[0m ?[35mTRACE?[0m tokio-runtime-worker ?[2mh2::proto::streams::counts?[0m?[2m:?[0m transition_after; stream=StreamId(9); state=State { inner: HalfClosedRemote(Streaming) }; is_closed=false; pending_send_empty=false; buffered_send_data=0; num_recv=1; num_send=0
15:05:16.479 [Thread-5] DEBUG i.pact.plugins.jvm.core.ChildProcess - Plugin protobuf [46038] || ?[2m2023-03-27T09:35:16.475581Z?[0m ?[35mTRACE?[0m tokio-runtime-worker ?[1mreserve_capacity?[0m?[1m{?[0m?[3mstream.id?[0m?[2m=?[0mStreamId(9) ?[3mrequested?[0m?[2m=?[0m1 ?[3meffective?[0m?[2m=?[0m1 ?[3mcurr?[0m?[2m=?[0m0?[1m}?[0m?[2m:?[0m?[1mtry_assign_capacity?[0m?[1m{?[0m?[3mstream.id?[0m?[2m=?[0mStreamId(9)?[1m}?[0m?[2m:?[0m ?[2mh2::proto::streams::prioritize?[0m?[2m:?[0m ?[3mrequested?[0m?[2m=?[0m1 ?[3madditional?[0m?[2m=?[0m1 ?[3mbuffered?[0m?[2m=?[0m0 ?[3mwindow?[0m?[2m=?[0m1048576 ?[3mconn?[0m?[2m=?[0m1045557
15:05:16.479 [Thread-5] DEBUG i.pact.plugins.jvm.core.ChildProcess - Plugin protobuf [46038] || ?[2m2023-03-27T09:35:16.475599Z?[0m ?[35mTRACE?[0m tokio-runtime-worker ?[1mreserve_capacity?[0m?[1m{?[0m?[3mstream.id?[0m?[2m=?[0mStreamId(9) ?[3mrequested?[0m?[2m=?[0m1 ?[3meffective?[0m?[2m=?[0m1 ?[3mcurr?[0m?[2m=?[0m0?[1m}?[0m?[2m:?[0m?[1mtry_assign_capacity?[0m?[1m{?[0m?[3mstream.id?[0m?[2m=?[0mStreamId(9)?[1m}?[0m?[2m:?[0m ?[2mh2::proto::streams::prioritize?[0m?[2m:?[0m assigning ?[3mcapacity?[0m?[2m=?[0m1
15:05:16.479 [Thread-5] DEBUG i.pact.plugins.jvm.core.ChildProcess - Plugin protobuf [46038] || ?[2m2023-03-27T09:35:16.475612Z?[0m ?[35mTRACE?[0m tokio-runtime-worker ?[1mreserve_capacity?[0m?[1m{?[0m?[3mstream.id?[0m?[2m=?[0mStreamId(9) ?[3mrequested?[0m?[2m=?[0m1 ?[3meffective?[0m?[2m=?[0m1 ?[3mcurr?[0m?[2m=?[0m0?[1m}?[0m?[2m:?[0m?[1mtry_assign_capacity?[0m?[1m{?[0m?[3mstream.id?[0m?[2m=?[0mStreamId(9)?[1m}?[0m?[2m:?[0m ?[2mh2::proto::streams::stream?[0m?[2m:?[0m   assigned capacity to stream; available=1; buffered=0; id=StreamId(9); max_buffer_size=409600
15:05:16.479 [Thread-5] DEBUG i.pact.plugins.jvm.core.ChildProcess - Plugin protobuf [46038] || ?[2m2023-03-27T09:35:16.475627Z?[0m ?[35mTRACE?[0m tokio-runtime-worker ?[1mreserve_capacity?[0m?[1m{?[0m?[3mstream.id?[0m?[2m=?[0mStreamId(9) ?[3mrequested?[0m?[2m=?[0m1 ?[3meffective?[0m?[2m=?[0m1 ?[3mcurr?[0m?[2m=?[0m0?[1m}?[0m?[2m:?[0m?[1mtry_assign_capacity?[0m?[1m{?[0m?[3mstream.id?[0m?[2m=?[0mStreamId(9)?[1m}?[0m?[2m:?[0m ?[2mh2::proto::streams::stream?[0m?[2m:?[0m   notifying task
15:05:16.479 [Thread-5] DEBUG i.pact.plugins.jvm.core.ChildProcess - Plugin protobuf [46038] || ?[2m2023-03-27T09:35:16.475639Z?[0m ?[35mTRACE?[0m tokio-runtime-worker ?[1mreserve_capacity?[0m?[1m{?[0m?[3mstream.id?[0m?[2m=?[0mStreamId(9) ?[3mrequested?[0m?[2m=?[0m1 ?[3meffective?[0m?[2m=?[0m1 ?[3mcurr?[0m?[2m=?[0m0?[1m}?[0m?[2m:?[0m?[1mtry_assign_capacity?[0m?[1m{?[0m?[3mstream.id?[0m?[2m=?[0mStreamId(9)?[1m}?[0m?[2m:?[0m ?[2mh2::proto::streams::prioritize?[0m?[2m:?[0m ?[3mavailable?[0m?[2m=?[0m1 ?[3mrequested?[0m?[2m=?[0m1 ?[3mbuffered?[0m?[2m=?[0m0 ?[3mhas_unavailable?[0m?[2m=?[0mtrue
15:05:16.480 [Thread-5] DEBUG i.pact.plugins.jvm.core.ChildProcess - Plugin protobuf [46038] || ?[2m2023-03-27T09:35:16.475683Z?[0m ?[35mTRACE?[0m tokio-runtime-worker ?[2mhyper::proto::h2?[0m?[2m:?[0m send body chunk: 73 bytes, eos=false
15:05:16.480 [Thread-5] DEBUG i.pact.plugins.jvm.core.ChildProcess - Plugin protobuf [46038] || ?[2m2023-03-27T09:35:16.475703Z?[0m ?[35mTRACE?[0m tokio-runtime-worker ?[1msend_data?[0m?[1m{?[0m?[3msz?[0m?[2m=?[0m73 ?[3mrequested?[0m?[2m=?[0m1?[1m}?[0m?[2m:?[0m ?[2mh2::proto::streams::prioritize?[0m?[2m:?[0m ?[3mbuffered?[0m?[2m=?[0m73
15:05:16.480 [Thread-5] DEBUG i.pact.plugins.jvm.core.ChildProcess - Plugin protobuf [46038] || ?[2m2023-03-27T09:35:16.475722Z?[0m ?[35mTRACE?[0m tokio-runtime-worker ?[1msend_data?[0m?[1m{?[0m?[3msz?[0m?[2m=?[0m73 ?[3mrequested?[0m?[2m=?[0m1?[1m}?[0m?[2m:?[0m?[1mtry_assign_capacity?[0m?[1m{?[0m?[3mstream.id?[0m?[2m=?[0mStreamId(9)?[1m}?[0m?[2m:?[0m ?[2mh2::proto::streams::prioritize?[0m?[2m:?[0m ?[3mrequested?[0m?[2m=?[0m73 ?[3madditional?[0m?[2m=?[0m72 ?[3mbuffered?[0m?[2m=?[0m73 ?[3mwindow?[0m?[2m=?[0m1048576 ?[3mconn?[0m?[2m=?[0m1045556
15:05:16.480 [Thread-5] DEBUG i.pact.plugins.jvm.core.ChildProcess - Plugin protobuf [46038] || ?[2m2023-03-27T09:35:16.475739Z?[0m ?[35mTRACE?[0m tokio-runtime-worker ?[1msend_data?[0m?[1m{?[0m?[3msz?[0m?[2m=?[0m73 ?[3mrequested?[0m?[2m=?[0m1?[1m}?[0m?[2m:?[0m?[1mtry_assign_capacity?[0m?[1m{?[0m?[3mstream.id?[0m?[2m=?[0mStreamId(9)?[1m}?[0m?[2m:?[0m ?[2mh2::proto::streams::prioritize?[0m?[2m:?[0m assigning ?[3mcapacity?[0m?[2m=?[0m72
15:05:16.480 [Thread-5] DEBUG i.pact.plugins.jvm.core.ChildProcess - Plugin protobuf [46038] || ?[2m2023-03-27T09:35:16.475756Z?[0m ?[35mTRACE?[0m tokio-runtime-worker ?[1msend_data?[0m?[1m{?[0m?[3msz?[0m?[2m=?[0m73 ?[3mrequested?[0m?[2m=?[0m1?[1m}?[0m?[2m:?[0m?[1mtry_assign_capacity?[0m?[1m{?[0m?[3mstream.id?[0m?[2m=?[0mStreamId(9)?[1m}?[0m?[2m:?[0m ?[2mh2::proto::streams::stream?[0m?[2m:?[0m   assigned capacity to stream; available=73; buffered=73; id=StreamId(9); max_buffer_size=409600
15:05:16.480 [Thread-5] DEBUG i.pact.plugins.jvm.core.ChildProcess - Plugin protobuf [46038] || ?[2m2023-03-27T09:35:16.475769Z?[0m ?[35mTRACE?[0m tokio-runtime-worker ?[1msend_data?[0m?[1m{?[0m?[3msz?[0m?[2m=?[0m73 ?[3mrequested?[0m?[2m=?[0m1?[1m}?[0m?[2m:?[0m?[1mtry_assign_capacity?[0m?[1m{?[0m?[3mstream.id?[0m?[2m=?[0mStreamId(9)?[1m}?[0m?[2m:?[0m ?[2mh2::proto::streams::prioritize?[0m?[2m:?[0m ?[3mavailable?[0m?[2m=?[0m73 ?[3mrequested?[0m?[2m=?[0m73 ?[3mbuffered?[0m?[2m=?[0m73 ?[3mhas_unavailable?[0m?[2m=?[0mtrue
15:05:16.480 [Thread-5] DEBUG i.pact.plugins.jvm.core.ChildProcess - Plugin protobuf [46038] || ?[2m2023-03-27T09:35:16.475783Z?[0m ?[35mTRACE?[0m tokio-runtime-worker ?[1msend_data?[0m?[1m{?[0m?[3msz?[0m?[2m=?[0m73 ?[3mrequested?[0m?[2m=?[0m1?[1m}?[0m?[2m:?[0m?[1mtry_assign_capacity?[0m?[1m{?[0m?[3mstream.id?[0m?[2m=?[0mStreamId(9)?[1m}?[0m?[2m:?[0m ?[2mh2::proto::streams::store?[0m?[2m:?[0m Queue::push
15:05:16.480 [Thread-5] DEBUG i.pact.plugins.jvm.core.ChildProcess - Plugin protobuf [46038] || ?[2m2023-03-27T09:35:16.475800Z?[0m ?[35mTRACE?[0m tokio-runtime-worker ?[1msend_data?[0m?[1m{?[0m?[3msz?[0m?[2m=?[0m73 ?[3mrequested?[0m?[2m=?[0m1?[1m}?[0m?[2m:?[0m?[1mtry_assign_capacity?[0m?[1m{?[0m?[3mstream.id?[0m?[2m=?[0mStreamId(9)?[1m}?[0m?[2m:?[0m ?[2mh2::proto::streams::store?[0m?[2m:?[0m  -> already queued
15:05:16.480 [Thread-5] DEBUG i.pact.plugins.jvm.core.ChildProcess - Plugin protobuf [46038] || ?[2m2023-03-27T09:35:16.475820Z?[0m ?[35mTRACE?[0m tokio-runtime-worker ?[1msend_data?[0m?[1m{?[0m?[3msz?[0m?[2m=?[0m73 ?[3mrequested?[0m?[2m=?[0m1?[1m}?[0m?[2m:?[0m ?[2mh2::proto::streams::prioritize?[0m?[2m:?[0m ?[3mavailable?[0m?[2m=?[0m73 ?[3mbuffered?[0m?[2m=?[0m73
15:05:16.480 [Thread-5] DEBUG i.pact.plugins.jvm.core.ChildProcess - Plugin protobuf [46038] || ?[2m2023-03-27T09:35:16.475843Z?[0m ?[35mTRACE?[0m tokio-runtime-worker ?[1msend_data?[0m?[1m{?[0m?[3msz?[0m?[2m=?[0m73 ?[3mrequested?[0m?[2m=?[0m1?[1m}?[0m?[2m:?[0m?[1mPrioritize::queue_frame?[0m?[1m{?[0m?[3mstream.id?[0m?[2m=?[0mStreamId(9)?[1m}?[0m?[2m:?[0m ?[2mh2::proto::streams::prioritize?[0m?[2m:?[0m schedule_send ?[3mstream.id?[0m?[2m=?[0mStreamId(9)
15:05:16.481 [Thread-5] DEBUG i.pact.plugins.jvm.core.ChildProcess - Plugin protobuf [46038] || ?[2m2023-03-27T09:35:16.475856Z?[0m ?[35mTRACE?[0m tokio-runtime-worker ?[1msend_data?[0m?[1m{?[0m?[3msz?[0m?[2m=?[0m73 ?[3mrequested?[0m?[2m=?[0m1?[1m}?[0m?[2m:?[0m?[1mPrioritize::queue_frame?[0m?[1m{?[0m?[3mstream.id?[0m?[2m=?[0mStreamId(9)?[1m}?[0m?[2m:?[0m ?[2mh2::proto::streams::store?[0m?[2m:?[0m Queue::push
15:05:16.481 [Thread-5] DEBUG i.pact.plugins.jvm.core.ChildProcess - Plugin protobuf [46038] || ?[2m2023-03-27T09:35:16.475868Z?[0m ?[35mTRACE?[0m tokio-runtime-worker ?[1msend_data?[0m?[1m{?[0m?[3msz?[0m?[2m=?[0m73 ?[3mrequested?[0m?[2m=?[0m1?[1m}?[0m?[2m:?[0m?[1mPrioritize::queue_frame?[0m?[1m{?[0m?[3mstream.id?[0m?[2m=?[0mStreamId(9)?[1m}?[0m?[2m:?[0m ?[2mh2::proto::streams::store?[0m?[2m:?[0m  -> already queued
15:05:16.481 [Thread-5] DEBUG i.pact.plugins.jvm.core.ChildProcess - Plugin protobuf [46038] || ?[2m2023-03-27T09:35:16.475895Z?[0m ?[35mTRACE?[0m tokio-runtime-worker ?[2mh2::proto::streams::counts?[0m?[2m:?[0m transition_after; stream=StreamId(9); state=State { inner: HalfClosedRemote(Streaming) }; is_closed=false; pending_send_empty=false; buffered_send_data=73; num_recv=1; num_send=0
15:05:16.481 [Thread-5] DEBUG i.pact.plugins.jvm.core.ChildProcess - Plugin protobuf [46038] || ?[2m2023-03-27T09:35:16.475928Z?[0m ?[35mTRACE?[0m tokio-runtime-worker ?[1mreserve_capacity?[0m?[1m{?[0m?[3mstream.id?[0m?[2m=?[0mStreamId(9) ?[3mrequested?[0m?[2m=?[0m1 ?[3meffective?[0m?[2m=?[0m74 ?[3mcurr?[0m?[2m=?[0m73?[1m}?[0m?[2m:?[0m?[1mtry_assign_capacity?[0m?[1m{?[0m?[3mstream.id?[0m?[2m=?[0mStreamId(9)?[1m}?[0m?[2m:?[0m ?[2mh2::proto::streams::prioritize?[0m?[2m:?[0m ?[3mrequested?[0m?[2m=?[0m74 ?[3madditional?[0m?[2m=?[0m1 ?[3mbuffered?[0m?[2m=?[0m73 ?[3mwindow?[0m?[2m=?[0m1048576 ?[3mconn?[0m?[2m=?[0m1045484
15:05:16.481 [Thread-5] DEBUG i.pact.plugins.jvm.core.ChildProcess - Plugin protobuf [46038] || ?[2m2023-03-27T09:35:16.475945Z?[0m ?[35mTRACE?[0m tokio-runtime-worker ?[1mreserve_capacity?[0m?[1m{?[0m?[3mstream.id?[0m?[2m=?[0mStreamId(9) ?[3mrequested?[0m?[2m=?[0m1 ?[3meffective?[0m?[2m=?[0m74 ?[3mcurr?[0m?[2m=?[0m73?[1m}?[0m?[2m:?[0m?[1mtry_assign_capacity?[0m?[1m{?[0m?[3mstream.id?[0m?[2m=?[0mStreamId(9)?[1m}?[0m?[2m:?[0m ?[2mh2::proto::streams::prioritize?[0m?[2m:?[0m assigning ?[3mcapacity?[0m?[2m=?[0m1
15:05:16.481 [Thread-5] DEBUG i.pact.plugins.jvm.core.ChildProcess - Plugin protobuf [46038] || ?[2m2023-03-27T09:35:16.475957Z?[0m ?[35mTRACE?[0m tokio-runtime-worker ?[1mreserve_capacity?[0m?[1m{?[0m?[3mstream.id?[0m?[2m=?[0mStreamId(9) ?[3mrequested?[0m?[2m=?[0m1 ?[3meffective?[0m?[2m=?[0m74 ?[3mcurr?[0m?[2m=?[0m73?[1m}?[0m?[2m:?[0m?[1mtry_assign_capacity?[0m?[1m{?[0m?[3mstream.id?[0m?[2m=?[0mStreamId(9)?[1m}?[0m?[2m:?[0m ?[2mh2::proto::streams::stream?[0m?[2m:?[0m   assigned capacity to stream; available=74; buffered=73; id=StreamId(9); max_buffer_size=409600
15:05:16.481 [Thread-5] DEBUG i.pact.plugins.jvm.core.ChildProcess - Plugin protobuf [46038] || ?[2m2023-03-27T09:35:16.475970Z?[0m ?[35mTRACE?[0m tokio-runtime-worker ?[1mreserve_capacity?[0m?[1m{?[0m?[3mstream.id?[0m?[2m=?[0mStreamId(9) ?[3mrequested?[0m?[2m=?[0m1 ?[3meffective?[0m?[2m=?[0m74 ?[3mcurr?[0m?[2m=?[0m73?[1m}?[0m?[2m:?[0m?[1mtry_assign_capacity?[0m?[1m{?[0m?[3mstream.id?[0m?[2m=?[0mStreamId(9)?[1m}?[0m?[2m:?[0m ?[2mh2::proto::streams::stream?[0m?[2m:?[0m   notifying task
15:05:16.481 [Thread-5] DEBUG i.pact.plugins.jvm.core.ChildProcess - Plugin protobuf [46038] || ?[2m2023-03-27T09:35:16.475985Z?[0m ?[35mTRACE?[0m tokio-runtime-worker ?[1mreserve_capacity?[0m?[1m{?[0m?[3mstream.id?[0m?[2m=?[0mStreamId(9) ?[3mrequested?[0m?[2m=?[0m1 ?[3meffective?[0m?[2m=?[0m74 ?[3mcurr?[0m?[2m=?[0m73?[1m}?[0m?[2m:?[0m?[1mtry_assign_capacity?[0m?[1m{?[0m?[3mstream.id?[0m?[2m=?[0mStreamId(9)?[1m}?[0m?[2m:?[0m ?[2mh2::proto::streams::prioritize?[0m?[2m:?[0m ?[3mavailable?[0m?[2m=?[0m74 ?[3mrequested?[0m?[2m=?[0m74 ?[3mbuffered?[0m?[2m=?[0m73 ?[3mhas_unavailable?[0m?[2m=?[0mtrue
15:05:16.481 [Thread-5] DEBUG i.pact.plugins.jvm.core.ChildProcess - Plugin protobuf [46038] || ?[2m2023-03-27T09:35:16.476000Z?[0m ?[35mTRACE?[0m tokio-runtime-worker ?[1mreserve_capacity?[0m?[1m{?[0m?[3mstream.id?[0m?[2m=?[0mStreamId(9) ?[3mrequested?[0m?[2m=?[0m1 ?[3meffective?[0m?[2m=?[0m74 ?[3mcurr?[0m?[2m=?[0m73?[1m}?[0m?[2m:?[0m?[1mtry_assign_capacity?[0m?[1m{?[0m?[3mstream.id?[0m?[2m=?[0mStreamId(9)?[1m}?[0m?[2m:?[0m ?[2mh2::proto::streams::store?[0m?[2m:?[0m Queue::push
15:05:16.481 [Thread-5] DEBUG i.pact.plugins.jvm.core.ChildProcess - Plugin protobuf [46038] || ?[2m2023-03-27T09:35:16.476012Z?[0m ?[35mTRACE?[0m tokio-runtime-worker ?[1mreserve_capacity?[0m?[1m{?[0m?[3mstream.id?[0m?[2m=?[0mStreamId(9) ?[3mrequested?[0m?[2m=?[0m1 ?[3meffective?[0m?[2m=?[0m74 ?[3mcurr?[0m?[2m=?[0m73?[1m}?[0m?[2m:?[0m?[1mtry_assign_capacity?[0m?[1m{?[0m?[3mstream.id?[0m?[2m=?[0mStreamId(9)?[1m}?[0m?[2m:?[0m ?[2mh2::proto::streams::store?[0m?[2m:?[0m  -> already queued
15:05:16.481 [Thread-5] DEBUG i.pact.plugins.jvm.core.ChildProcess - Plugin protobuf [46038] || ?[2m2023-03-27T09:35:16.476080Z?[0m ?[34mDEBUG?[0m tokio-runtime-worker ?[1mrequest?[0m?[1m{?[0m?[3mmethod?[0m?[2m=?[0mPOST ?[3muri?[0m?[2m=?[0mhttp://[::1]:53788/io.pact.plugin.PactPlugin/StartMockServer ?[3mversion?[0m?[2m=?[0mHTTP/2.0 ?[3mheaders?[0m?[2m=?[0m{"content-type": "application/grpc", "te": "trailers", "user-agent": "grpc-java-netty/1.49.0", "grpc-accept-encoding": "gzip", "authorization": Sensitive}?[1m}?[0m?[2m:?[0m ?[2mtower_http::trace::on_eos?[0m?[2m:?[0m end of stream ?[3mstream_duration?[0m?[2m=?[0m0 ms ?[3mstatus?[0m?[2m=?[0m0
15:05:16.481 [Thread-5] DEBUG i.pact.plugins.jvm.core.ChildProcess - Plugin protobuf [46038] || ?[2m2023-03-27T09:35:16.476099Z?[0m ?[35mTRACE?[0m tokio-runtime-worker ?[2mh2::proto::streams::state?[0m?[2m:?[0m send_close: HalfClosedRemote => Closed
15:05:16.481 [Thread-5] DEBUG i.pact.plugins.jvm.core.ChildProcess - Plugin protobuf [46038] || ?[2m2023-03-27T09:35:16.476108Z?[0m ?[35mTRACE?[0m tokio-runtime-worker ?[2mh2::proto::streams::send?[0m?[2m:?[0m send_trailers -- queuing; frame=Headers { stream_id: StreamId(9), flags: (0x5: END_HEADERS | END_STREAM) }
15:05:16.481 [Thread-5] DEBUG i.pact.plugins.jvm.core.ChildProcess - Plugin protobuf [46038] || ?[2m2023-03-27T09:35:16.476131Z?[0m ?[35mTRACE?[0m tokio-runtime-worker ?[1mPrioritize::queue_frame?[0m?[1m{?[0m?[3mstream.id?[0m?[2m=?[0mStreamId(9)?[1m}?[0m?[2m:?[0m ?[2mh2::proto::streams::prioritize?[0m?[2m:?[0m schedule_send ?[3mstream.id?[0m?[2m=?[0mStreamId(9)
15:05:16.481 [Thread-5] DEBUG i.pact.plugins.jvm.core.ChildProcess - Plugin protobuf [46038] || ?[2m2023-03-27T09:35:16.476144Z?[0m ?[35mTRACE?[0m tokio-runtime-worker ?[1mPrioritize::queue_frame?[0m?[1m{?[0m?[3mstream.id?[0m?[2m=?[0mStreamId(9)?[1m}?[0m?[2m:?[0m ?[2mh2::proto::streams::store?[0m?[2m:?[0m Queue::push
15:05:16.481 [Thread-5] DEBUG i.pact.plugins.jvm.core.ChildProcess - Plugin protobuf [46038] || ?[2m2023-03-27T09:35:16.476154Z?[0m ?[35mTRACE?[0m tokio-runtime-worker ?[1mPrioritize::queue_frame?[0m?[1m{?[0m?[3mstream.id?[0m?[2m=?[0mStreamId(9)?[1m}?[0m?[2m:?[0m ?[2mh2::proto::streams::store?[0m?[2m:?[0m  -> already queued
15:05:16.481 [Thread-5] DEBUG i.pact.plugins.jvm.core.ChildProcess - Plugin protobuf [46038] || ?[2m2023-03-27T09:35:16.476186Z?[0m ?[35mTRACE?[0m tokio-runtime-worker ?[2mh2::proto::streams::counts?[0m?[2m:?[0m transition_after; stream=StreamId(9); state=State { inner: Closed(EndStream) }; is_closed=false; pending_send_empty=false; buffered_send_data=73; num_recv=1; num_send=0
15:05:16.481 [Thread-5] DEBUG i.pact.plugins.jvm.core.ChildProcess - Plugin protobuf [46038] || ?[2m2023-03-27T09:35:16.476201Z?[0m ?[35mTRACE?[0m tokio-runtime-worker ?[2mh2::proto::streams::streams?[0m?[2m:?[0m drop_stream_ref; stream=Stream { id: StreamId(9), state: State { inner: Closed(EndStream) }, is_counted: true, ref_count: 2, next_pending_send: None, is_pending_send: true, send_flow: FlowControl { window_size: Window(1048576), available: Window(73) }, requested_send_capacity: 73, buffered_send_data: 73, send_task: Some(Waker { data: 0x600001864000, vtable: 0x103cec458 }), pending_send: Deque { indices: Some(Indices { head: 2, tail: 0 }) }, next_pending_send_capacity: None, is_pending_send_capacity: false, send_capacity_inc: true, next_open: None, is_pending_open: false, is_pending_push: false, next_pending_accept: None, is_pending_accept: false, recv_flow: FlowControl { window_size: Window(1043790), available: Window(1048576) }, in_flight_recv_data: 0, next_window_update: None, is_pending_window_update: false, reset_at: None, next_reset_expire: None, pending_recv: Deque { indices: None }, recv_task: None, pending_push_promises: Queue { indices: None, _p: PhantomData }, content_length: Omitted }
15:05:16.481 [Thread-5] DEBUG i.pact.plugins.jvm.core.ChildProcess - Plugin protobuf [46038] || ?[2m2023-03-27T09:35:16.476234Z?[0m ?[35mTRACE?[0m tokio-runtime-worker ?[2mh2::proto::streams::counts?[0m?[2m:?[0m transition_after; stream=StreamId(9); state=State { inner: Closed(EndStream) }; is_closed=false; pending_send_empty=false; buffered_send_data=73; num_recv=1; num_send=0
15:05:16.481 [Thread-5] DEBUG i.pact.plugins.jvm.core.ChildProcess - Plugin protobuf [46038] || ?[2m2023-03-27T09:35:16.476245Z?[0m ?[35mTRACE?[0m tokio-runtime-worker ?[2mh2::proto::streams::streams?[0m?[2m:?[0m drop_stream_ref; stream=Stream { id: StreamId(9), state: State { inner: Closed(EndStream) }, is_counted: true, ref_count: 1, next_pending_send: None, is_pending_send: true, send_flow: FlowControl { window_size: Window(1048576), available: Window(73) }, requested_send_capacity: 73, buffered_send_data: 73, send_task: Some(Waker { data: 0x600001864000, vtable: 0x103cec458 }), pending_send: Deque { indices: Some(Indices { head: 2, tail: 0 }) }, next_pending_send_capacity: None, is_pending_send_capacity: false, send_capacity_inc: true, next_open: None, is_pending_open: false, is_pending_push: false, next_pending_accept: None, is_pending_accept: false, recv_flow: FlowControl { window_size: Window(1043790), available: Window(1048576) }, in_flight_recv_data: 0, next_window_update: None, is_pending_window_update: false, reset_at: None, next_reset_expire: None, pending_recv: Deque { indices: None }, recv_task: None, pending_push_promises: Queue { indices: None, _p: PhantomData }, content_length: Omitted }
15:05:16.481 [Thread-5] DEBUG i.pact.plugins.jvm.core.ChildProcess - Plugin protobuf [46038] || ?[2m2023-03-27T09:35:16.476267Z?[0m ?[35mTRACE?[0m tokio-runtime-worker ?[2mh2::proto::streams::counts?[0m?[2m:?[0m transition_after; stream=StreamId(9); state=State { inner: Closed(EndStream) }; is_closed=false; pending_send_empty=false; buffered_send_data=73; num_recv=1; num_send=0
15:05:16.481 [Thread-5] DEBUG i.pact.plugins.jvm.core.ChildProcess - Plugin protobuf [46038] || ?[2m2023-03-27T09:35:16.476299Z?[0m ?[35mTRACE?[0m tokio-runtime-worker ?[1mserver_handshake?[0m?[2m:?[0m?[1mConnection?[0m?[1m{?[0m?[3mpeer?[0m?[2m=?[0mServer?[1m}?[0m?[2m:?[0m?[1mpoll?[0m?[2m:?[0m ?[2mh2::proto::connection?[0m?[2m:?[0m ?[3mconnection.state?[0m?[2m=?[0mOpen
15:05:16.482 [Thread-5] DEBUG i.pact.plugins.jvm.core.ChildProcess - Plugin protobuf [46038] || ?[2m2023-03-27T09:35:16.476334Z?[0m ?[35mTRACE?[0m tokio-runtime-worker ?[1mserver_handshake?[0m?[2m:?[0m?[1mConnection?[0m?[1m{?[0m?[3mpeer?[0m?[2m=?[0mServer?[1m}?[0m?[2m:?[0m?[1mpoll?[0m?[2m:?[0m?[1mFramedRead::poll_next?[0m?[2m:?[0m ?[2mh2::codec::framed_read?[0m?[2m:?[0m poll
15:05:16.482 [Thread-5] DEBUG i.pact.plugins.jvm.core.ChildProcess - Plugin protobuf [46038] || ?[2m2023-03-27T09:35:16.476373Z?[0m ?[35mTRACE?[0m tokio-runtime-worker ?[1mserver_handshake?[0m?[2m:?[0m?[1mConnection?[0m?[1m{?[0m?[3mpeer?[0m?[2m=?[0mServer?[1m}?[0m?[2m:?[0m?[1mpoll?[0m?[2m:?[0m ?[2mh2::proto::streams::prioritize?[0m?[2m:?[0m poll_complete
15:05:16.482 [Thread-5] DEBUG i.pact.plugins.jvm.core.ChildProcess - Plugin protobuf [46038] || ?[2m2023-03-27T09:35:16.476385Z?[0m ?[35mTRACE?[0m tokio-runtime-worker ?[1mserver_handshake?[0m?[2m:?[0m?[1mConnection?[0m?[1m{?[0m?[3mpeer?[0m?[2m=?[0mServer?[1m}?[0m?[2m:?[0m?[1mpoll?[0m?[2m:?[0m ?[2mh2::proto::streams::prioritize?[0m?[2m:?[0m schedule_pending_open
15:05:16.482 [Thread-5] DEBUG i.pact.plugins.jvm.core.ChildProcess - Plugin protobuf [46038] || ?[2m2023-03-27T09:35:16.476414Z?[0m ?[35mTRACE?[0m tokio-runtime-worker ?[1mserver_handshake?[0m?[2m:?[0m?[1mConnection?[0m?[1m{?[0m?[3mpeer?[0m?[2m=?[0mServer?[1m}?[0m?[2m:?[0m?[1mpoll?[0m?[2m:?[0m?[1mpop_frame?[0m?[2m:?[0m?[1mpopped?[0m?[1m{?[0m?[3mstream.id?[0m?[2m=?[0mStreamId(9) ?[3mstream.state?[0m?[2m=?[0mState { inner: Closed(EndStream) }?[1m}?[0m?[2m:?[0m ?[2mh2::proto::streams::prioritize?[0m?[2m:?[0m ?[3mis_pending_reset?[0m?[2m=?[0mfalse
15:05:16.482 [Thread-5] DEBUG i.pact.plugins.jvm.core.ChildProcess - Plugin protobuf [46038] || ?[2m2023-03-27T09:35:16.476433Z?[0m ?[35mTRACE?[0m tokio-runtime-worker ?[1mserver_handshake?[0m?[2m:?[0m?[1mConnection?[0m?[1m{?[0m?[3mpeer?[0m?[2m=?[0mServer?[1m}?[0m?[2m:?[0m?[1mpoll?[0m?[2m:?[0m?[1mpop_frame?[0m?[2m:?[0m?[1mpopped?[0m?[1m{?[0m?[3mstream.id?[0m?[2m=?[0mStreamId(9) ?[3mstream.state?[0m?[2m=?[0mState { inner: Closed(EndStream) }?[1m}?[0m?[2m:?[0m ?[2mh2::proto::streams::prioritize?[0m?[2m:?[0m pop_frame; frame=Headers { stream_id: StreamId(9), flags: (0x4: END_HEADERS) }
15:05:16.482 [Thread-5] DEBUG i.pact.plugins.jvm.core.ChildProcess - Plugin protobuf [46038] || ?[2m2023-03-27T09:35:16.476449Z?[0m ?[35mTRACE?[0m tokio-runtime-worker ?[1mserver_handshake?[0m?[2m:?[0m?[1mConnection?[0m?[1m{?[0m?[3mpeer?[0m?[2m=?[0mServer?[1m}?[0m?[2m:?[0m?[1mpoll?[0m?[2m:?[0m?[1mpop_frame?[0m?[2m:?[0m?[1mpopped?[0m?[1m{?[0m?[3mstream.id?[0m?[2m=?[0mStreamId(9) ?[3mstream.state?[0m?[2m=?[0mState { inner: Closed(EndStream) }?[1m}?[0m?[2m:?[0m ?[2mh2::proto::streams::store?[0m?[2m:?[0m Queue::push
15:05:16.482 [Thread-5] DEBUG i.pact.plugins.jvm.core.ChildProcess - Plugin protobuf [46038] || ?[2m2023-03-27T09:35:16.476462Z?[0m ?[35mTRACE?[0m tokio-runtime-worker ?[1mserver_handshake?[0m?[2m:?[0m?[1mConnection?[0m?[1m{?[0m?[3mpeer?[0m?[2m=?[0mServer?[1m}?[0m?[2m:?[0m?[1mpoll?[0m?[2m:?[0m?[1mpop_frame?[0m?[2m:?[0m?[1mpopped?[0m?[1m{?[0m?[3mstream.id?[0m?[2m=?[0mStreamId(9) ?[3mstream.state?[0m?[2m=?[0mState { inner: Closed(EndStream) }?[1m}?[0m?[2m:?[0m ?[2mh2::proto::streams::store?[0m?[2m:?[0m  -> first entry
15:05:16.482 [Thread-5] DEBUG i.pact.plugins.jvm.core.ChildProcess - Plugin protobuf [46038] || ?[2m2023-03-27T09:35:16.476474Z?[0m ?[35mTRACE?[0m tokio-runtime-worker ?[1mserver_handshake?[0m?[2m:?[0m?[1mConnection?[0m?[1m{?[0m?[3mpeer?[0m?[2m=?[0mServer?[1m}?[0m?[2m:?[0m?[1mpoll?[0m?[2m:?[0m?[1mpop_frame?[0m?[2m:?[0m?[1mpopped?[0m?[1m{?[0m?[3mstream.id?[0m?[2m=?[0mStreamId(9) ?[3mstream.state?[0m?[2m=?[0mState { inner: Closed(EndStream) }?[1m}?[0m?[2m:?[0m ?[2mh2::proto::streams::counts?[0m?[2m:?[0m transition_after; stream=StreamId(9); state=State { inner: Closed(EndStream) }; is_closed=false; pending_send_empty=false; buffered_send_data=73; num_recv=1; num_send=0
15:05:16.482 [Thread-5] DEBUG i.pact.plugins.jvm.core.ChildProcess - Plugin protobuf [46038] || ?[2m2023-03-27T09:35:16.476505Z?[0m ?[35mTRACE?[0m tokio-runtime-worker ?[1mserver_handshake?[0m?[2m:?[0m?[1mConnection?[0m?[1m{?[0m?[3mpeer?[0m?[2m=?[0mServer?[1m}?[0m?[2m:?[0m?[1mpoll?[0m?[2m:?[0m ?[2mh2::proto::streams::prioritize?[0m?[2m:?[0m writing ?[3mframe?[0m?[2m=?[0mHeaders { stream_id: StreamId(9), flags: (0x4: END_HEADERS) }
15:05:16.482 [Thread-5] DEBUG i.pact.plugins.jvm.core.ChildProcess - Plugin protobuf [46038] || ?[2m2023-03-27T09:35:16.476530Z?[0m ?[34mDEBUG?[0m tokio-runtime-worker ?[1mserver_handshake?[0m?[2m:?[0m?[1mConnection?[0m?[1m{?[0m?[3mpeer?[0m?[2m=?[0mServer?[1m}?[0m?[2m:?[0m?[1mpoll?[0m?[2m:?[0m?[1mFramedWrite::buffer?[0m?[1m{?[0m?[3mframe?[0m?[2m=?[0mHeaders { stream_id: StreamId(9), flags: (0x4: END_HEADERS) }?[1m}?[0m?[2m:?[0m ?[2mh2::codec::framed_write?[0m?[2m:?[0m send ?[3mframe?[0m?[2m=?[0mHeaders { stream_id: StreamId(9), flags: (0x4: END_HEADERS) }
15:05:16.482 [Thread-5] DEBUG i.pact.plugins.jvm.core.ChildProcess - Plugin protobuf [46038] || ?[2m2023-03-27T09:35:16.476600Z?[0m ?[35mTRACE?[0m tokio-runtime-worker ?[1mserver_handshake?[0m?[2m:?[0m?[1mConnection?[0m?[1m{?[0m?[3mpeer?[0m?[2m=?[0mServer?[1m}?[0m?[2m:?[0m?[1mpoll?[0m?[2m:?[0m ?[2mh2::proto::streams::prioritize?[0m?[2m:?[0m schedule_pending_open
15:05:16.482 [Thread-5] DEBUG i.pact.plugins.jvm.core.ChildProcess - Plugin protobuf [46038] || ?[2m2023-03-27T09:35:16.476629Z?[0m ?[35mTRACE?[0m tokio-runtime-worker ?[1mserver_handshake?[0m?[2m:?[0m?[1mConnection?[0m?[1m{?[0m?[3mpeer?[0m?[2m=?[0mServer?[1m}?[0m?[2m:?[0m?[1mpoll?[0m?[2m:?[0m?[1mpop_frame?[0m?[2m:?[0m?[1mpopped?[0m?[1m{?[0m?[3mstream.id?[0m?[2m=?[0mStreamId(9) ?[3mstream.state?[0m?[2m=?[0mState { inner: Closed(EndStream) }?[1m}?[0m?[2m:?[0m ?[2mh2::proto::streams::prioritize?[0m?[2m:?[0m ?[3mis_pending_reset?[0m?[2m=?[0mfalse
15:05:16.482 [Thread-5] DEBUG i.pact.plugins.jvm.core.ChildProcess - Plugin protobuf [46038] || ?[2m2023-03-27T09:35:16.476648Z?[0m ?[35mTRACE?[0m tokio-runtime-worker ?[1mserver_handshake?[0m?[2m:?[0m?[1mConnection?[0m?[1m{?[0m?[3mpeer?[0m?[2m=?[0mServer?[1m}?[0m?[2m:?[0m?[1mpoll?[0m?[2m:?[0m?[1mpop_frame?[0m?[2m:?[0m?[1mpopped?[0m?[1m{?[0m?[3mstream.id?[0m?[2m=?[0mStreamId(9) ?[3mstream.state?[0m?[2m=?[0mState { inner: Closed(EndStream) }?[1m}?[0m?[2m:?[0m ?[2mh2::proto::streams::prioritize?[0m?[2m:?[0m data frame ?[3msz?[0m?[2m=?[0m73 ?[3meos?[0m?[2m=?[0mfalse ?[3mwindow?[0m?[2m=?[0m73 ?[3mavailable?[0m?[2m=?[0m73 ?[3mrequested?[0m?[2m=?[0m73 ?[3mbuffered?[0m?[2m=?[0m73
15:05:16.482 [Thread-5] DEBUG i.pact.plugins.jvm.core.ChildProcess - Plugin protobuf [46038] || ?[2m2023-03-27T09:35:16.476670Z?[0m ?[35mTRACE?[0m tokio-runtime-worker ?[1mserver_handshake?[0m?[2m:?[0m?[1mConnection?[0m?[1m{?[0m?[3mpeer?[0m?[2m=?[0mServer?[1m}?[0m?[2m:?[0m?[1mpoll?[0m?[2m:?[0m?[1mpop_frame?[0m?[2m:?[0m?[1mpopped?[0m?[1m{?[0m?[3mstream.id?[0m?[2m=?[0mStreamId(9) ?[3mstream.state?[0m?[2m=?[0mState { inner: Closed(EndStream) }?[1m}?[0m?[2m:?[0m ?[2mh2::proto::streams::prioritize?[0m?[2m:?[0m sending data frame ?[3mlen?[0m?[2m=?[0m73
15:05:16.482 [Thread-5] DEBUG i.pact.plugins.jvm.core.ChildProcess - Plugin protobuf [46038] || ?[2m2023-03-27T09:35:16.476693Z?[0m ?[35mTRACE?[0m tokio-runtime-worker ?[1mserver_handshake?[0m?[2m:?[0m?[1mConnection?[0m?[1m{?[0m?[3mpeer?[0m?[2m=?[0mServer?[1m}?[0m?[2m:?[0m?[1mpoll?[0m?[2m:?[0m?[1mpop_frame?[0m?[2m:?[0m?[1mpopped?[0m?[1m{?[0m?[3mstream.id?[0m?[2m=?[0mStreamId(9) ?[3mstream.state?[0m?[2m=?[0mState { inner: Closed(EndStream) }?[1m}?[0m?[2m:?[0m?[1mupdating stream flow?[0m?[2m:?[0m ?[2mh2::proto::streams::flow_control?[0m?[2m:?[0m send_data; sz=73; window=1048576; available=73
15:05:16.482 [Thread-5] DEBUG i.pact.plugins.jvm.core.ChildProcess - Plugin protobuf [46038] || ?[2m2023-03-27T09:35:16.476728Z?[0m ?[35mTRACE?[0m tokio-runtime-worker ?[1mserver_handshake?[0m?[2m:?[0m?[1mConnection?[0m?[1m{?[0m?[3mpeer?[0m?[2m=?[0mServer?[1m}?[0m?[2m:?[0m?[1mpoll?[0m?[2m:?[0m?[1mpop_frame?[0m?[2m:?[0m?[1mpopped?[0m?[1m{?[0m?[3mstream.id?[0m?[2m=?[0mStreamId(9) ?[3mstream.state?[0m?[2m=?[0mState { inner: Closed(EndStream) }?[1m}?[0m?[2m:?[0m?[1mupdating connection flow?[0m?[2m:?[0m ?[2mh2::proto::streams::flow_control?[0m?[2m:?[0m send_data; sz=73; window=1045557; available=1045557
15:05:16.482 [Thread-5] DEBUG i.pact.plugins.jvm.core.ChildProcess - Plugin protobuf [46038] || ?[2m2023-03-27T09:35:16.476750Z?[0m ?[35mTRACE?[0m tokio-runtime-worker ?[1mserver_handshake?[0m?[2m:?[0m?[1mConnection?[0m?[1m{?[0m?[3mpeer?[0m?[2m=?[0mServer?[1m}?[0m?[2m:?[0m?[1mpoll?[0m?[2m:?[0m?[1mpop_frame?[0m?[2m:?[0m?[1mpopped?[0m?[1m{?[0m?[3mstream.id?[0m?[2m=?[0mStreamId(9) ?[3mstream.state?[0m?[2m=?[0mState { inner: Closed(EndStream) }?[1m}?[0m?[2m:?[0m ?[2mh2::proto::streams::prioritize?[0m?[2m:?[0m pop_frame; frame=Data { stream_id: StreamId(9) }
15:05:16.482 [Thread-5] DEBUG i.pact.plugins.jvm.core.ChildProcess - Plugin protobuf [46038] || ?[2m2023-03-27T09:35:16.476766Z?[0m ?[35mTRACE?[0m tokio-runtime-worker ?[1mserver_handshake?[0m?[2m:?[0m?[1mConnection?[0m?[1m{?[0m?[3mpeer?[0m?[2m=?[0mServer?[1m}?[0m?[2m:?[0m?[1mpoll?[0m?[2m:?[0m?[1mpop_frame?[0m?[2m:?[0m?[1mpopped?[0m?[1m{?[0m?[3mstream.id?[0m?[2m=?[0mStreamId(9) ?[3mstream.state?[0m?[2m=?[0mState { inner: Closed(EndStream) }?[1m}?[0m?[2m:?[0m ?[2mh2::proto::streams::store?[0m?[2m:?[0m Queue::push
15:05:16.482 [Thread-5] DEBUG i.pact.plugins.jvm.core.ChildProcess - Plugin protobuf [46038] || ?[2m2023-03-27T09:35:16.476782Z?[0m ?[35mTRACE?[0m tokio-runtime-worker ?[1mserver_handshake?[0m?[2m:?[0m?[1mConnection?[0m?[1m{?[0m?[3mpeer?[0m?[2m=?[0mServer?[1m}?[0m?[2m:?[0m?[1mpoll?[0m?[2m:?[0m?[1mpop_frame?[0m?[2m:?[0m?[1mpopped?[0m?[1m{?[0m?[3mstream.id?[0m?[2m=?[0mStreamId(9) ?[3mstream.state?[0m?[2m=?[0mState { inner: Closed(EndStream) }?[1m}?[0m?[2m:?[0m ?[2mh2::proto::streams::store?[0m?[2m:?[0m  -> first entry
15:05:16.482 [Thread-5] DEBUG i.pact.plugins.jvm.core.ChildProcess - Plugin protobuf [46038] || ?[2m2023-03-27T09:35:16.476796Z?[0m ?[35mTRACE?[0m tokio-runtime-worker ?[1mserver_handshake?[0m?[2m:?[0m?[1mConnection?[0m?[1m{?[0m?[3mpeer?[0m?[2m=?[0mServer?[1m}?[0m?[2m:?[0m?[1mpoll?[0m?[2m:?[0m?[1mpop_frame?[0m?[2m:?[0m?[1mpopped?[0m?[1m{?[0m?[3mstream.id?[0m?[2m=?[0mStreamId(9) ?[3mstream.state?[0m?[2m=?[0mState { inner: Closed(EndStream) }?[1m}?[0m?[2m:?[0m ?[2mh2::proto::streams::counts?[0m?[2m:?[0m transition_after; stream=StreamId(9); state=State { inner: Closed(EndStream) }; is_closed=false; pending_send_empty=false; buffered_send_data=0; num_recv=1; num_send=0
15:05:16.483 [Thread-5] DEBUG i.pact.plugins.jvm.core.ChildProcess - Plugin protobuf [46038] || ?[2m2023-03-27T09:35:16.476824Z?[0m ?[35mTRACE?[0m tokio-runtime-worker ?[1mserver_handshake?[0m?[2m:?[0m?[1mConnection?[0m?[1m{?[0m?[3mpeer?[0m?[2m=?[0mServer?[1m}?[0m?[2m:?[0m?[1mpoll?[0m?[2m:?[0m ?[2mh2::proto::streams::prioritize?[0m?[2m:?[0m writing ?[3mframe?[0m?[2m=?[0mData { stream_id: StreamId(9) }
15:05:16.483 [Thread-5] DEBUG i.pact.plugins.jvm.core.ChildProcess - Plugin protobuf [46038] || ?[2m2023-03-27T09:35:16.476847Z?[0m ?[34mDEBUG?[0m tokio-runtime-worker ?[1mserver_handshake?[0m?[2m:?[0m?[1mConnection?[0m?[1m{?[0m?[3mpeer?[0m?[2m=?[0mServer?[1m}?[0m?[2m:?[0m?[1mpoll?[0m?[2m:?[0m?[1mFramedWrite::buffer?[0m?[1m{?[0m?[3mframe?[0m?[2m=?[0mData { stream_id: StreamId(9) }?[1m}?[0m?[2m:?[0m ?[2mh2::codec::framed_write?[0m?[2m:?[0m send ?[3mframe?[0m?[2m=?[0mData { stream_id: StreamId(9) }
15:05:16.483 [Thread-5] DEBUG i.pact.plugins.jvm.core.ChildProcess - Plugin protobuf [46038] || ?[2m2023-03-27T09:35:16.476876Z?[0m ?[35mTRACE?[0m tokio-runtime-worker ?[1mserver_handshake?[0m?[2m:?[0m?[1mConnection?[0m?[1m{?[0m?[3mpeer?[0m?[2m=?[0mServer?[1m}?[0m?[2m:?[0m?[1mpoll?[0m?[2m:?[0m?[1mtry_reclaim_frame?[0m?[2m:?[0m ?[2mh2::proto::streams::prioritize?[0m?[2m:?[0m reclaimed ?[3mframe?[0m?[2m=?[0mData { stream_id: StreamId(9) } ?[3msz?[0m?[2m=?[0m0
15:05:16.483 [Thread-5] DEBUG i.pact.plugins.jvm.core.ChildProcess - Plugin protobuf [46038] || ?[2m2023-03-27T09:35:16.476900Z?[0m ?[35mTRACE?[0m tokio-runtime-worker ?[1mserver_handshake?[0m?[2m:?[0m?[1mConnection?[0m?[1m{?[0m?[3mpeer?[0m?[2m=?[0mServer?[1m}?[0m?[2m:?[0m?[1mpoll?[0m?[2m:?[0m ?[2mh2::proto::streams::prioritize?[0m?[2m:?[0m schedule_pending_open
15:05:16.483 [Thread-5] DEBUG i.pact.plugins.jvm.core.ChildProcess - Plugin protobuf [46038] || ?[2m2023-03-27T09:35:16.476928Z?[0m ?[35mTRACE?[0m tokio-runtime-worker ?[1mserver_handshake?[0m?[2m:?[0m?[1mConnection?[0m?[1m{?[0m?[3mpeer?[0m?[2m=?[0mServer?[1m}?[0m?[2m:?[0m?[1mpoll?[0m?[2m:?[0m?[1mpop_frame?[0m?[2m:?[0m?[1mpopped?[0m?[1m{?[0m?[3mstream.id?[0m?[2m=?[0mStreamId(9) ?[3mstream.state?[0m?[2m=?[0mState { inner: Closed(EndStream) }?[1m}?[0m?[2m:?[0m ?[2mh2::proto::streams::prioritize?[0m?[2m:?[0m ?[3mis_pending_reset?[0m?[2m=?[0mfalse
15:05:16.483 [Thread-5] DEBUG i.pact.plugins.jvm.core.ChildProcess - Plugin protobuf [46038] || ?[2m2023-03-27T09:35:16.476944Z?[0m ?[35mTRACE?[0m tokio-runtime-worker ?[1mserver_handshake?[0m?[2m:?[0m?[1mConnection?[0m?[1m{?[0m?[3mpeer?[0m?[2m=?[0mServer?[1m}?[0m?[2m:?[0m?[1mpoll?[0m?[2m:?[0m?[1mpop_frame?[0m?[2m:?[0m?[1mpopped?[0m?[1m{?[0m?[3mstream.id?[0m?[2m=?[0mStreamId(9) ?[3mstream.state?[0m?[2m=?[0mState { inner: Closed(EndStream) }?[1m}?[0m?[2m:?[0m ?[2mh2::proto::streams::prioritize?[0m?[2m:?[0m pop_frame; frame=Headers { stream_id: StreamId(9), flags: (0x5: END_HEADERS | END_STREAM) }
15:05:16.483 [Thread-5] DEBUG i.pact.plugins.jvm.core.ChildProcess - Plugin protobuf [46038] || ?[2m2023-03-27T09:35:16.476962Z?[0m ?[35mTRACE?[0m tokio-runtime-worker ?[1mserver_handshake?[0m?[2m:?[0m?[1mConnection?[0m?[1m{?[0m?[3mpeer?[0m?[2m=?[0mServer?[1m}?[0m?[2m:?[0m?[1mpoll?[0m?[2m:?[0m?[1mpop_frame?[0m?[2m:?[0m?[1mpopped?[0m?[1m{?[0m?[3mstream.id?[0m?[2m=?[0mStreamId(9) ?[3mstream.state?[0m?[2m=?[0mState { inner: Closed(EndStream) }?[1m}?[0m?[2m:?[0m ?[2mh2::proto::streams::counts?[0m?[2m:?[0m transition_after; stream=StreamId(9); state=State { inner: Closed(EndStream) }; is_closed=true; pending_send_empty=true; buffered_send_data=0; num_recv=1; num_send=0
15:05:16.483 [Thread-5] DEBUG i.pact.plugins.jvm.core.ChildProcess - Plugin protobuf [46038] || ?[2m2023-03-27T09:35:16.476984Z?[0m ?[35mTRACE?[0m tokio-runtime-worker ?[1mserver_handshake?[0m?[2m:?[0m?[1mConnection?[0m?[1m{?[0m?[3mpeer?[0m?[2m=?[0mServer?[1m}?[0m?[2m:?[0m?[1mpoll?[0m?[2m:?[0m?[1mpop_frame?[0m?[2m:?[0m?[1mpopped?[0m?[1m{?[0m?[3mstream.id?[0m?[2m=?[0mStreamId(9) ?[3mstream.state?[0m?[2m=?[0mState { inner: Closed(EndStream) }?[1m}?[0m?[2m:?[0m ?[2mh2::proto::streams::counts?[0m?[2m:?[0m dec_num_streams; stream=StreamId(9)
15:05:16.483 [Thread-5] DEBUG i.pact.plugins.jvm.core.ChildProcess - Plugin protobuf [46038] || ?[2m2023-03-27T09:35:16.477011Z?[0m ?[35mTRACE?[0m tokio-runtime-worker ?[1mserver_handshake?[0m?[2m:?[0m?[1mConnection?[0m?[1m{?[0m?[3mpeer?[0m?[2m=?[0mServer?[1m}?[0m?[2m:?[0m?[1mpoll?[0m?[2m:?[0m ?[2mh2::proto::streams::prioritize?[0m?[2m:?[0m writing ?[3mframe?[0m?[2m=?[0mHeaders { stream_id: StreamId(9), flags: (0x5: END_HEADERS | END_STREAM) }
15:05:16.483 [Thread-5] DEBUG i.pact.plugins.jvm.core.ChildProcess - Plugin protobuf [46038] || ?[2m2023-03-27T09:35:16.477037Z?[0m ?[34mDEBUG?[0m tokio-runtime-worker ?[1mserver_handshake?[0m?[2m:?[0m?[1mConnection?[0m?[1m{?[0m?[3mpeer?[0m?[2m=?[0mServer?[1m}?[0m?[2m:?[0m?[1mpoll?[0m?[2m:?[0m?[1mFramedWrite::buffer?[0m?[1m{?[0m?[3mframe?[0m?[2m=?[0mHeaders { stream_id: StreamId(9), flags: (0x5: END_HEADERS | END_STREAM) }?[1m}?[0m?[2m:?[0m ?[2mh2::codec::framed_write?[0m?[2m:?[0m send ?[3mframe?[0m?[2m=?[0mHeaders { stream_id: StreamId(9), flags: (0x5: END_HEADERS | END_STREAM) }
15:05:16.483 [Thread-5] DEBUG i.pact.plugins.jvm.core.ChildProcess - Plugin protobuf [46038] || ?[2m2023-03-27T09:35:16.477094Z?[0m ?[35mTRACE?[0m tokio-runtime-worker ?[1mserver_handshake?[0m?[2m:?[0m?[1mConnection?[0m?[1m{?[0m?[3mpeer?[0m?[2m=?[0mServer?[1m}?[0m?[2m:?[0m?[1mpoll?[0m?[2m:?[0m ?[2mh2::proto::streams::prioritize?[0m?[2m:?[0m schedule_pending_open
15:05:16.483 [Thread-5] DEBUG i.pact.plugins.jvm.core.ChildProcess - Plugin protobuf [46038] || ?[2m2023-03-27T09:35:16.477134Z?[0m ?[35mTRACE?[0m tokio-runtime-worker ?[1mserver_handshake?[0m?[2m:?[0m?[1mConnection?[0m?[1m{?[0m?[3mpeer?[0m?[2m=?[0mServer?[1m}?[0m?[2m:?[0m?[1mpoll?[0m?[2m:?[0m?[1mFramedWrite::flush?[0m?[2m:?[0m ?[2mh2::codec::framed_write?[0m?[2m:?[0m ?[3mqueued_data_frame?[0m?[2m=?[0mfalse
15:05:16.483 [Thread-5] DEBUG i.pact.plugins.jvm.core.ChildProcess - Plugin protobuf [46038] || ?[2m2023-03-27T09:35:16.477173Z?[0m ?[35mTRACE?[0m tokio-runtime-worker ?[1mserver_handshake?[0m?[2m:?[0m?[1mConnection?[0m?[1m{?[0m?[3mpeer?[0m?[2m=?[0mServer?[1m}?[0m?[2m:?[0m?[1mpoll?[0m?[2m:?[0m?[1mFramedWrite::flush?[0m?[2m:?[0m ?[2mh2::codec::framed_write?[0m?[2m:?[0m flushing buffer
15:05:16.484 [Thread-5] DEBUG i.pact.plugins.jvm.core.ChildProcess - Plugin protobuf [46038] || ?[2m2023-03-27T09:35:16.478820Z?[0m ?[35mTRACE?[0m tokio-runtime-worker ?[1mserver_handshake?[0m?[2m:?[0m?[1mConnection?[0m?[1m{?[0m?[3mpeer?[0m?[2m=?[0mServer?[1m}?[0m?[2m:?[0m?[1mpoll?[0m?[2m:?[0m ?[2mh2::proto::connection?[0m?[2m:?[0m ?[3mconnection.state?[0m?[2m=?[0mOpen
15:05:16.484 [Thread-5] DEBUG i.pact.plugins.jvm.core.ChildProcess - Plugin protobuf [46038] || ?[2m2023-03-27T09:35:16.478885Z?[0m ?[35mTRACE?[0m tokio-runtime-worker ?[1mserver_handshake?[0m?[2m:?[0m?[1mConnection?[0m?[1m{?[0m?[3mpeer?[0m?[2m=?[0mServer?[1m}?[0m?[2m:?[0m?[1mpoll?[0m?[2m:?[0m?[1mFramedRead::poll_next?[0m?[2m:?[0m ?[2mh2::codec::framed_read?[0m?[2m:?[0m poll
15:05:16.484 [Thread-5] DEBUG i.pact.plugins.jvm.core.ChildProcess - Plugin protobuf [46038] || ?[2m2023-03-27T09:35:16.478910Z?[0m ?[35mTRACE?[0m tokio-runtime-worker ?[1mserver_handshake?[0m?[2m:?[0m?[1mConnection?[0m?[1m{?[0m?[3mpeer?[0m?[2m=?[0mServer?[1m}?[0m?[2m:?[0m?[1mpoll?[0m?[2m:?[0m?[1mFramedRead::poll_next?[0m?[2m:?[0m ?[2mtokio_util::codec::framed_impl?[0m?[2m:?[0m attempting to decode a frame
15:05:16.484 [Thread-5] DEBUG i.pact.plugins.jvm.core.ChildProcess - Plugin protobuf [46038] || ?[2m2023-03-27T09:35:16.478927Z?[0m ?[35mTRACE?[0m tokio-runtime-worker ?[1mserver_handshake?[0m?[2m:?[0m?[1mConnection?[0m?[1m{?[0m?[3mpeer?[0m?[2m=?[0mServer?[1m}?[0m?[2m:?[0m?[1mpoll?[0m?[2m:?[0m?[1mFramedRead::poll_next?[0m?[2m:?[0m ?[2mtokio_util::codec::framed_impl?[0m?[2m:?[0m frame decoded from buffer
15:05:16.484 [Thread-5] DEBUG i.pact.plugins.jvm.core.ChildProcess - Plugin protobuf [46038] || ?[2m2023-03-27T09:35:16.478941Z?[0m ?[35mTRACE?[0m tokio-runtime-worker ?[1mserver_handshake?[0m?[2m:?[0m?[1mConnection?[0m?[1m{?[0m?[3mpeer?[0m?[2m=?[0mServer?[1m}?[0m?[2m:?[0m?[1mpoll?[0m?[2m:?[0m?[1mFramedRead::poll_next?[0m?[2m:?[0m ?[2mh2::codec::framed_read?[0m?[2m:?[0m ?[3mread.bytes?[0m?[2m=?[0m17
15:05:16.484 [Thread-5] DEBUG i.pact.plugins.jvm.core.ChildProcess - Plugin protobuf [46038] || ?[2m2023-03-27T09:35:16.478965Z?[0m ?[35mTRACE?[0m tokio-runtime-worker ?[1mserver_handshake?[0m?[2m:?[0m?[1mConnection?[0m?[1m{?[0m?[3mpeer?[0m?[2m=?[0mServer?[1m}?[0m?[2m:?[0m?[1mpoll?[0m?[2m:?[0m?[1mFramedRead::poll_next?[0m?[2m:?[0m?[1mFramedRead::decode_frame?[0m?[1m{?[0m?[3moffset?[0m?[2m=?[0m17?[1m}?[0m?[2m:?[0m ?[2mh2::codec::framed_read?[0m?[2m:?[0m decoding frame from 17B
15:05:16.484 [Thread-5] DEBUG i.pact.plugins.jvm.core.ChildProcess - Plugin protobuf [46038] || ?[2m2023-03-27T09:35:16.478981Z?[0m ?[35mTRACE?[0m tokio-runtime-worker ?[1mserver_handshake?[0m?[2m:?[0m?[1mConnection?[0m?[1m{?[0m?[3mpeer?[0m?[2m=?[0mServer?[1m}?[0m?[2m:?[0m?[1mpoll?[0m?[2m:?[0m?[1mFramedRead::poll_next?[0m?[2m:?[0m?[1mFramedRead::decode_frame?[0m?[1m{?[0m?[3moffset?[0m?[2m=?[0m17?[1m}?[0m?[2m:?[0m ?[2mh2::codec::framed_read?[0m?[2m:?[0m ?[3mframe.kind?[0m?[2m=?[0mPing
15:05:16.484 [Thread-5] DEBUG i.pact.plugins.jvm.core.ChildProcess - Plugin protobuf [46038] || ?[2m2023-03-27T09:35:16.479006Z?[0m ?[34mDEBUG?[0m tokio-runtime-worker ?[1mserver_handshake?[0m?[2m:?[0m?[1mConnection?[0m?[1m{?[0m?[3mpeer?[0m?[2m=?[0mServer?[1m}?[0m?[2m:?[0m?[1mpoll?[0m?[2m:?[0m?[1mFramedRead::poll_next?[0m?[2m:?[0m ?[2mh2::codec::framed_read?[0m?[2m:?[0m received ?[3mframe?[0m?[2m=?[0mPing { ack: false, payload: [0, 0, 0, 0, 0, 0, 4, 210] }
15:05:16.484 [Thread-5] DEBUG i.pact.plugins.jvm.core.ChildProcess - Plugin protobuf [46038] || ?[2m2023-03-27T09:35:16.479031Z?[0m ?[35mTRACE?[0m tokio-runtime-worker ?[1mserver_handshake?[0m?[2m:?[0m?[1mConnection?[0m?[1m{?[0m?[3mpeer?[0m?[2m=?[0mServer?[1m}?[0m?[2m:?[0m?[1mpoll?[0m?[2m:?[0m ?[2mh2::proto::connection?[0m?[2m:?[0m recv PING ?[3mframe?[0m?[2m=?[0mPing { ack: false, payload: [0, 0, 0, 0, 0, 0, 4, 210] }
15:05:16.484 [Thread-5] DEBUG i.pact.plugins.jvm.core.ChildProcess - Plugin protobuf [46038] || ?[2m2023-03-27T09:35:16.479074Z?[0m ?[34mDEBUG?[0m tokio-runtime-worker ?[1mserver_handshake?[0m?[2m:?[0m?[1mConnection?[0m?[1m{?[0m?[3mpeer?[0m?[2m=?[0mServer?[1m}?[0m?[2m:?[0m?[1mpoll?[0m?[2m:?[0m?[1mpoll_ready?[0m?[2m:?[0m?[1mFramedWrite::buffer?[0m?[1m{?[0m?[3mframe?[0m?[2m=?[0mPing { ack: true, payload: [0, 0, 0, 0, 0, 0, 4, 210] }?[1m}?[0m?[2m:?[0m ?[2mh2::codec::framed_write?[0m?[2m:?[0m send ?[3mframe?[0m?[2m=?[0mPing { ack: true, payload: [0, 0, 0, 0, 0, 0, 4, 210] }
15:05:16.484 [Thread-5] DEBUG i.pact.plugins.jvm.core.ChildProcess - Plugin protobuf [46038] || ?[2m2023-03-27T09:35:16.479094Z?[0m ?[35mTRACE?[0m tokio-runtime-worker ?[1mserver_handshake?[0m?[2m:?[0m?[1mConnection?[0m?[1m{?[0m?[3mpeer?[0m?[2m=?[0mServer?[1m}?[0m?[2m:?[0m?[1mpoll?[0m?[2m:?[0m?[1mpoll_ready?[0m?[2m:?[0m?[1mFramedWrite::buffer?[0m?[1m{?[0m?[3mframe?[0m?[2m=?[0mPing { ack: true, payload: [0, 0, 0, 0, 0, 0, 4, 210] }?[1m}?[0m?[2m:?[0m ?[2mh2::frame::ping?[0m?[2m:?[0m encoding PING; ack=true len=8
15:05:16.484 [Thread-5] DEBUG i.pact.plugins.jvm.core.ChildProcess - Plugin protobuf [46038] || ?[2m2023-03-27T09:35:16.479111Z?[0m ?[35mTRACE?[0m tokio-runtime-worker ?[1mserver_handshake?[0m?[2m:?[0m?[1mConnection?[0m?[1m{?[0m?[3mpeer?[0m?[2m=?[0mServer?[1m}?[0m?[2m:?[0m?[1mpoll?[0m?[2m:?[0m?[1mpoll_ready?[0m?[2m:?[0m?[1mFramedWrite::buffer?[0m?[1m{?[0m?[3mframe?[0m?[2m=?[0mPing { ack: true, payload: [0, 0, 0, 0, 0, 0, 4, 210] }?[1m}?[0m?[2m:?[0m ?[2mh2::codec::framed_write?[0m?[2m:?[0m encoded ping ?[3mrem?[0m?[2m=?[0m17
15:05:16.484 [Thread-5] DEBUG i.pact.plugins.jvm.core.ChildProcess - Plugin protobuf [46038] || ?[2m2023-03-27T09:35:16.479152Z?[0m ?[35mTRACE?[0m tokio-runtime-worker ?[1mserver_handshake?[0m?[2m:?[0m?[1mConnection?[0m?[1m{?[0m?[3mpeer?[0m?[2m=?[0mServer?[1m}?[0m?[2m:?[0m?[1mpoll?[0m?[2m:?[0m?[1mFramedRead::poll_next?[0m?[2m:?[0m ?[2mh2::codec::framed_read?[0m?[2m:?[0m poll
15:05:16.484 [Thread-5] DEBUG i.pact.plugins.jvm.core.ChildProcess - Plugin protobuf [46038] || ?[2m2023-03-27T09:35:16.479168Z?[0m ?[35mTRACE?[0m tokio-runtime-worker ?[1mserver_handshake?[0m?[2m:?[0m?[1mConnection?[0m?[1m{?[0m?[3mpeer?[0m?[2m=?[0mServer?[1m}?[0m?[2m:?[0m?[1mpoll?[0m?[2m:?[0m?[1mFramedRead::poll_next?[0m?[2m:?[0m ?[2mtokio_util::codec::framed_impl?[0m?[2m:?[0m attempting to decode a frame
15:05:16.484 [Thread-5] DEBUG i.pact.plugins.jvm.core.ChildProcess - Plugin protobuf [46038] || ?[2m2023-03-27T09:35:16.479210Z?[0m ?[35mTRACE?[0m tokio-runtime-worker ?[1mserver_handshake?[0m?[2m:?[0m?[1mConnection?[0m?[1m{?[0m?[3mpeer?[0m?[2m=?[0mServer?[1m}?[0m?[2m:?[0m?[1mpoll?[0m?[2m:?[0m ?[2mh2::proto::streams::prioritize?[0m?[2m:?[0m poll_complete
15:05:16.484 [Thread-5] DEBUG i.pact.plugins.jvm.core.ChildProcess - Plugin protobuf [46038] || ?[2m2023-03-27T09:35:16.479223Z?[0m ?[35mTRACE?[0m tokio-runtime-worker ?[1mserver_handshake?[0m?[2m:?[0m?[1mConnection?[0m?[1m{?[0m?[3mpeer?[0m?[2m=?[0mServer?[1m}?[0m?[2m:?[0m?[1mpoll?[0m?[2m:?[0m ?[2mh2::proto::streams::prioritize?[0m?[2m:?[0m schedule_pending_open
15:05:16.485 [Thread-5] DEBUG i.pact.plugins.jvm.core.ChildProcess - Plugin protobuf [46038] || ?[2m2023-03-27T09:35:16.479253Z?[0m ?[35mTRACE?[0m tokio-runtime-worker ?[1mserver_handshake?[0m?[2m:?[0m?[1mConnection?[0m?[1m{?[0m?[3mpeer?[0m?[2m=?[0mServer?[1m}?[0m?[2m:?[0m?[1mpoll?[0m?[2m:?[0m?[1mFramedWrite::flush?[0m?[2m:?[0m ?[2mh2::codec::framed_write?[0m?[2m:?[0m ?[3mqueued_data_frame?[0m?[2m=?[0mfalse
15:05:16.485 [Thread-5] DEBUG i.pact.plugins.jvm.core.ChildProcess - Plugin protobuf [46038] || ?[2m2023-03-27T09:35:16.479285Z?[0m ?[35mTRACE?[0m tokio-runtime-worker ?[1mserver_handshake?[0m?[2m:?[0m?[1mConnection?[0m?[1m{?[0m?[3mpeer?[0m?[2m=?[0mServer?[1m}?[0m?[2m:?[0m?[1mpoll?[0m?[2m:?[0m?[1mFramedWrite::flush?[0m?[2m:?[0m ?[2mh2::codec::framed_write?[0m?[2m:?[0m flushing buffer
15:05:16.487 [Test worker] DEBUG i.p.p.jvm.core.DefaultPluginManager - Got response: details {
  key: "5cae5f82-fec2-43c6-9739-60d0383d84ec"
  port: 53791
  address: "http://127.0.0.1:53791"
}

15:05:16.489 [Test worker] TRACE a.c.d.p.c.junit5.PactConsumerTestExt - lookupProviderInfo(org.junit.jupiter.engine.descriptor.MethodExtensionContext@5a9b4b3d)
15:05:16.489 [Test worker] TRACE a.c.d.p.c.junit5.PactConsumerTestExt - providers = [(ProviderInfo(providerName=area-calculator-provider, hostInterface=, port=, pactVersion=V4, providerType=SYNCH_MESSAGE, https=false, mockServerImplementation=Default, keyStorePath=, keyStoreAlias=, keyStorePassword=, privateKeyPassword=), calculateRectangleArea)]
15:05:16.489 [Test worker] TRACE a.c.d.p.c.junit5.PactConsumerTestExt - lookupProviderInfo(org.junit.jupiter.engine.descriptor.MethodExtensionContext@5a9b4b3d)
15:05:16.489 [Test worker] TRACE a.c.d.p.c.junit5.PactConsumerTestExt - providers = [(ProviderInfo(providerName=area-calculator-provider, hostInterface=, port=, pactVersion=V4, providerType=SYNCH_MESSAGE, https=false, mockServerImplementation=Default, keyStorePath=, keyStoreAlias=, keyStorePassword=, privateKeyPassword=), calculateRectangleArea)]
15:05:16.491 [Test worker] TRACE a.c.d.p.c.junit5.PactConsumerTestExt - lookupProviderInfo(org.junit.jupiter.engine.descriptor.MethodExtensionContext@5a9b4b3d)
15:05:16.491 [Test worker] TRACE a.c.d.p.c.junit5.PactConsumerTestExt - providers = [(ProviderInfo(providerName=area-calculator-provider, hostInterface=, port=, pactVersion=V4, providerType=SYNCH_MESSAGE, https=false, mockServerImplementation=Default, keyStorePath=, keyStoreAlias=, keyStorePassword=, privateKeyPassword=), calculateRectangleArea)]
15:05:16.491 [Test worker] TRACE a.c.d.p.c.junit5.PactConsumerTestExt - lookupProviderInfo(org.junit.jupiter.engine.descriptor.MethodExtensionContext@5a9b4b3d)
15:05:16.491 [Test worker] TRACE a.c.d.p.c.junit5.PactConsumerTestExt - providers = [(ProviderInfo(providerName=area-calculator-provider, hostInterface=, port=, pactVersion=V4, providerType=SYNCH_MESSAGE, https=false, mockServerImplementation=Default, keyStorePath=, keyStoreAlias=, keyStorePassword=, privateKeyPassword=), calculateRectangleArea)]
15:05:16.512 [Thread-5] DEBUG i.pact.plugins.jvm.core.ChildProcess - Plugin protobuf [46038] || ?[2m2023-03-27T09:35:16.512546Z?[0m ?[34mDEBUG?[0m tokio-runtime-worker ?[1mserver_handshake?[0m?[2m:?[0m?[1mFramedWrite::buffer?[0m?[1m{?[0m?[3mframe?[0m?[2m=?[0mSettings { flags: (0x0), initial_window_size: 1048576, max_frame_size: 16384 }?[1m}?[0m?[2m:?[0m ?[2mh2::codec::framed_write?[0m?[2m:?[0m send ?[3mframe?[0m?[2m=?[0mSettings { flags: (0x0), initial_window_size: 1048576, max_frame_size: 16384 }
15:05:16.512 [Thread-5] DEBUG i.pact.plugins.jvm.core.ChildProcess - Plugin protobuf [46038] || ?[2m2023-03-27T09:35:16.512579Z?[0m ?[35mTRACE?[0m tokio-runtime-worker ?[1mserver_handshake?[0m?[2m:?[0m?[1mFramedWrite::buffer?[0m?[1m{?[0m?[3mframe?[0m?[2m=?[0mSettings { flags: (0x0), initial_window_size: 1048576, max_frame_size: 16384 }?[1m}?[0m?[2m:?[0m ?[2mh2::frame::settings?[0m?[2m:?[0m encoding SETTINGS; len=12
15:05:16.512 [Thread-5] DEBUG i.pact.plugins.jvm.core.ChildProcess - Plugin protobuf [46038] || ?[2m2023-03-27T09:35:16.512594Z?[0m ?[35mTRACE?[0m tokio-runtime-worker ?[1mserver_handshake?[0m?[2m:?[0m?[1mFramedWrite::buffer?[0m?[1m{?[0m?[3mframe?[0m?[2m=?[0mSettings { flags: (0x0), initial_window_size: 1048576, max_frame_size: 16384 }?[1m}?[0m?[2m:?[0m ?[2mh2::frame::settings?[0m?[2m:?[0m encoding setting; val=InitialWindowSize(1048576)
15:05:16.512 [Thread-5] DEBUG i.pact.plugins.jvm.core.ChildProcess - Plugin protobuf [46038] || ?[2m2023-03-27T09:35:16.512608Z?[0m ?[35mTRACE?[0m tokio-runtime-worker ?[1mserver_handshake?[0m?[2m:?[0m?[1mFramedWrite::buffer?[0m?[1m{?[0m?[3mframe?[0m?[2m=?[0mSettings { flags: (0x0), initial_window_size: 1048576, max_frame_size: 16384 }?[1m}?[0m?[2m:?[0m ?[2mh2::frame::settings?[0m?[2m:?[0m encoding setting; val=MaxFrameSize(16384)
15:05:16.512 [grpc-nio-worker-ELG-1-4] DEBUG io.grpc.netty.NettyClientHandler - [id: 0x3f9b4665, L:/127.0.0.1:53792 - R:/127.0.0.1:53791] OUTBOUND SETTINGS: ack=false settings={ENABLE_PUSH=0, MAX_CONCURRENT_STREAMS=0, INITIAL_WINDOW_SIZE=1048576, MAX_HEADER_LIST_SIZE=8192}
15:05:16.512 [Thread-5] DEBUG i.pact.plugins.jvm.core.ChildProcess - Plugin protobuf [46038] || ?[2m2023-03-27T09:35:16.512622Z?[0m ?[35mTRACE?[0m tokio-runtime-worker ?[1mserver_handshake?[0m?[2m:?[0m?[1mFramedWrite::buffer?[0m?[1m{?[0m?[3mframe?[0m?[2m=?[0mSettings { flags: (0x0), initial_window_size: 1048576, max_frame_size: 16384 }?[1m}?[0m?[2m:?[0m ?[2mh2::codec::framed_write?[0m?[2m:?[0m encoded settings ?[3mrem?[0m?[2m=?[0m21
15:05:16.513 [Thread-5] DEBUG i.pact.plugins.jvm.core.ChildProcess - Plugin protobuf [46038] || ?[2m2023-03-27T09:35:16.512667Z?[0m ?[35mTRACE?[0m tokio-runtime-worker ?[1mserver_handshake?[0m?[2m:?[0m ?[2mh2::server?[0m?[2m:?[0m ?[3mstate?[0m?[2m=?[0mFlushing(_)
15:05:16.513 [Thread-5] DEBUG i.pact.plugins.jvm.core.ChildProcess - Plugin protobuf [46038] || ?[2m2023-03-27T09:35:16.512696Z?[0m ?[35mTRACE?[0m tokio-runtime-worker ?[1mserver_handshake?[0m?[2m:?[0m?[1mflush?[0m?[2m:?[0m?[1mFramedWrite::flush?[0m?[2m:?[0m ?[2mh2::codec::framed_write?[0m?[2m:?[0m ?[3mqueued_data_frame?[0m?[2m=?[0mfalse
15:05:16.513 [Thread-5] DEBUG i.pact.plugins.jvm.core.ChildProcess - Plugin protobuf [46038] || ?[2m2023-03-27T09:35:16.512731Z?[0m ?[35mTRACE?[0m tokio-runtime-worker ?[1mserver_handshake?[0m?[2m:?[0m ?[2mh2::server?[0m?[2m:?[0m ?[3mflush.poll?[0m?[2m=?[0mPending
15:05:16.513 [Thread-5] DEBUG i.pact.plugins.jvm.core.ChildProcess - Plugin protobuf [46038] || ?[2m2023-03-27T09:35:16.512765Z?[0m ?[35mTRACE?[0m tokio-runtime-worker ?[1mserver_handshake?[0m?[2m:?[0m ?[2mh2::server?[0m?[2m:?[0m ?[3mstate?[0m?[2m=?[0mFlushing(_)
15:05:16.513 [Thread-5] DEBUG i.pact.plugins.jvm.core.ChildProcess - Plugin protobuf [46038] || ?[2m2023-03-27T09:35:16.512783Z?[0m ?[35mTRACE?[0m tokio-runtime-worker ?[1mserver_handshake?[0m?[2m:?[0m?[1mflush?[0m?[2m:?[0m?[1mFramedWrite::flush?[0m?[2m:?[0m ?[2mh2::codec::framed_write?[0m?[2m:?[0m ?[3mqueued_data_frame?[0m?[2m=?[0mfalse
15:05:16.513 [Thread-5] DEBUG i.pact.plugins.jvm.core.ChildProcess - Plugin protobuf [46038] || ?[2m2023-03-27T09:35:16.512810Z?[0m ?[35mTRACE?[0m tokio-runtime-worker ?[1mserver_handshake?[0m?[2m:?[0m?[1mflush?[0m?[2m:?[0m?[1mFramedWrite::flush?[0m?[2m:?[0m ?[2mh2::codec::framed_write?[0m?[2m:?[0m flushing buffer
15:05:16.513 [Thread-5] DEBUG i.pact.plugins.jvm.core.ChildProcess - Plugin protobuf [46038] || ?[2m2023-03-27T09:35:16.512830Z?[0m ?[35mTRACE?[0m tokio-runtime-worker ?[1mserver_handshake?[0m?[2m:?[0m ?[2mh2::server?[0m?[2m:?[0m ?[3mflush.poll?[0m?[2m=?[0mReady
15:05:16.513 [grpc-nio-worker-ELG-1-4] DEBUG io.grpc.netty.NettyClientHandler - [id: 0x3f9b4665, L:/127.0.0.1:53792 - R:/127.0.0.1:53791] OUTBOUND WINDOW_UPDATE: streamId=0 windowSizeIncrement=983041
15:05:16.513 [Thread-5] DEBUG i.pact.plugins.jvm.core.ChildProcess - Plugin protobuf [46038] || ?[2m2023-03-27T09:35:16.513748Z?[0m ?[35mTRACE?[0m tokio-runtime-worker ?[1mserver_handshake?[0m?[2m:?[0m ?[2mh2::server?[0m?[2m:?[0m ?[3mstate?[0m?[2m=?[0mReadingPreface(_)
15:05:16.513 [Thread-5] DEBUG i.pact.plugins.jvm.core.ChildProcess - Plugin protobuf [46038] || ?[2m2023-03-27T09:35:16.513846Z?[0m ?[35mTRACE?[0m tokio-runtime-worker ?[1mserver_handshake?[0m?[2m:?[0m ?[2mh2::proto::streams::flow_control?[0m?[2m:?[0m inc_window; sz=65535; old=0; new=65535
15:05:16.513 [Thread-5] DEBUG i.pact.plugins.jvm.core.ChildProcess - Plugin protobuf [46038] || ?[2m2023-03-27T09:35:16.513877Z?[0m ?[35mTRACE?[0m tokio-runtime-worker ?[1mserver_handshake?[0m?[2m:?[0m ?[2mh2::proto::streams::flow_control?[0m?[2m:?[0m inc_window; sz=65535; old=0; new=65535
15:05:16.514 [Thread-5] DEBUG i.pact.plugins.jvm.core.ChildProcess - Plugin protobuf [46038] || ?[2m2023-03-27T09:35:16.513891Z?[0m ?[35mTRACE?[0m tokio-runtime-worker ?[1mserver_handshake?[0m?[2m:?[0m ?[2mh2::proto::streams::prioritize?[0m?[2m:?[0m Prioritize::new; flow=FlowControl { window_size: Window(65535), available: Window(65535) }
15:05:16.514 [Thread-5] DEBUG i.pact.plugins.jvm.core.ChildProcess - Plugin protobuf [46038] || ?[2m2023-03-27T09:35:16.513930Z?[0m ?[35mTRACE?[0m tokio-runtime-worker ?[1mserver_handshake?[0m?[2m:?[0m ?[2mh2::server?[0m?[2m:?[0m connection established!
15:05:16.514 [Thread-5] DEBUG i.pact.plugins.jvm.core.ChildProcess - Plugin protobuf [46038] || ?[2m2023-03-27T09:35:16.513973Z?[0m ?[35mTRACE?[0m tokio-runtime-worker ?[1mserver_handshake?[0m?[2m:?[0m ?[2mh2::proto::streams::recv?[0m?[2m:?[0m set_target_connection_window; target=1048576; available=65535, reserved=0
15:05:16.514 [Thread-5] DEBUG i.pact.plugins.jvm.core.ChildProcess - Plugin protobuf [46038] || ?[2m2023-03-27T09:35:16.514009Z?[0m ?[35mTRACE?[0m tokio-runtime-worker ?[1mserver_handshake?[0m?[2m:?[0m?[1mConnection?[0m?[1m{?[0m?[3mpeer?[0m?[2m=?[0mServer?[1m}?[0m?[2m:?[0m?[1mpoll?[0m?[2m:?[0m ?[2mh2::proto::connection?[0m?[2m:?[0m ?[3mconnection.state?[0m?[2m=?[0mOpen
15:05:16.514 [Thread-5] DEBUG i.pact.plugins.jvm.core.ChildProcess - Plugin protobuf [46038] || ?[2m2023-03-27T09:35:16.514069Z?[0m ?[35mTRACE?[0m tokio-runtime-worker ?[1mserver_handshake?[0m?[2m:?[0m?[1mConnection?[0m?[1m{?[0m?[3mpeer?[0m?[2m=?[0mServer?[1m}?[0m?[2m:?[0m?[1mpoll?[0m?[2m:?[0m?[1mFramedRead::poll_next?[0m?[2m:?[0m ?[2mh2::codec::framed_read?[0m?[2m:?[0m poll
15:05:16.514 [Thread-5] DEBUG i.pact.plugins.jvm.core.ChildProcess - Plugin protobuf [46038] || ?[2m2023-03-27T09:35:16.514153Z?[0m ?[35mTRACE?[0m tokio-runtime-worker ?[1mserver_handshake?[0m?[2m:?[0m?[1mConnection?[0m?[1m{?[0m?[3mpeer?[0m?[2m=?[0mServer?[1m}?[0m?[2m:?[0m?[1mpoll?[0m?[2m:?[0m?[1mFramedRead::poll_next?[0m?[2m:?[0m ?[2mtokio_util::codec::framed_impl?[0m?[2m:?[0m attempting to decode a frame
15:05:16.514 [Thread-5] DEBUG i.pact.plugins.jvm.core.ChildProcess - Plugin protobuf [46038] || ?[2m2023-03-27T09:35:16.514187Z?[0m ?[35mTRACE?[0m tokio-runtime-worker ?[1mserver_handshake?[0m?[2m:?[0m?[1mConnection?[0m?[1m{?[0m?[3mpeer?[0m?[2m=?[0mServer?[1m}?[0m?[2m:?[0m?[1mpoll?[0m?[2m:?[0m?[1mFramedRead::poll_next?[0m?[2m:?[0m ?[2mtokio_util::codec::framed_impl?[0m?[2m:?[0m frame decoded from buffer
15:05:16.514 [Thread-5] DEBUG i.pact.plugins.jvm.core.ChildProcess - Plugin protobuf [46038] || ?[2m2023-03-27T09:35:16.514203Z?[0m ?[35mTRACE?[0m tokio-runtime-worker ?[1mserver_handshake?[0m?[2m:?[0m?[1mConnection?[0m?[1m{?[0m?[3mpeer?[0m?[2m=?[0mServer?[1m}?[0m?[2m:?[0m?[1mpoll?[0m?[2m:?[0m?[1mFramedRead::poll_next?[0m?[2m:?[0m ?[2mh2::codec::framed_read?[0m?[2m:?[0m ?[3mread.bytes?[0m?[2m=?[0m33
15:05:16.514 [Thread-5] DEBUG i.pact.plugins.jvm.core.ChildProcess - Plugin protobuf [46038] || ?[2m2023-03-27T09:35:16.514254Z?[0m ?[35mTRACE?[0m tokio-runtime-worker ?[1mserver_handshake?[0m?[2m:?[0m?[1mConnection?[0m?[1m{?[0m?[3mpeer?[0m?[2m=?[0mServer?[1m}?[0m?[2m:?[0m?[1mpoll?[0m?[2m:?[0m?[1mFramedRead::poll_next?[0m?[2m:?[0m?[1mFramedRead::decode_frame?[0m?[1m{?[0m?[3moffset?[0m?[2m=?[0m33?[1m}?[0m?[2m:?[0m ?[2mh2::codec::framed_read?[0m?[2m:?[0m decoding frame from 33B
15:05:16.514 [Thread-5] DEBUG i.pact.plugins.jvm.core.ChildProcess - Plugin protobuf [46038] || ?[2m2023-03-27T09:35:16.514280Z?[0m ?[35mTRACE?[0m tokio-runtime-worker ?[1mserver_handshake?[0m?[2m:?[0m?[1mConnection?[0m?[1m{?[0m?[3mpeer?[0m?[2m=?[0mServer?[1m}?[0m?[2m:?[0m?[1mpoll?[0m?[2m:?[0m?[1mFramedRead::poll_next?[0m?[2m:?[0m?[1mFramedRead::decode_frame?[0m?[1m{?[0m?[3moffset?[0m?[2m=?[0m33?[1m}?[0m?[2m:?[0m ?[2mh2::codec::framed_read?[0m?[2m:?[0m ?[3mframe.kind?[0m?[2m=?[0mSettings
15:05:16.514 [Thread-5] DEBUG i.pact.plugins.jvm.core.ChildProcess - Plugin protobuf [46038] || ?[2m2023-03-27T09:35:16.514310Z?[0m ?[34mDEBUG?[0m tokio-runtime-worker ?[1mserver_handshake?[0m?[2m:?[0m?[1mConnection?[0m?[1m{?[0m?[3mpeer?[0m?[2m=?[0mServer?[1m}?[0m?[2m:?[0m?[1mpoll?[0m?[2m:?[0m?[1mFramedRead::poll_next?[0m?[2m:?[0m ?[2mh2::codec::framed_read?[0m?[2m:?[0m received ?[3mframe?[0m?[2m=?[0mSettings { flags: (0x0), enable_push: 0, max_concurrent_streams: 0, initial_window_size: 1048576, max_header_list_size: 8192 }
15:05:16.514 [Thread-5] DEBUG i.pact.plugins.jvm.core.ChildProcess - Plugin protobuf [46038] || ?[2m2023-03-27T09:35:16.514348Z?[0m ?[35mTRACE?[0m tokio-runtime-worker ?[1mserver_handshake?[0m?[2m:?[0m?[1mConnection?[0m?[1m{?[0m?[3mpeer?[0m?[2m=?[0mServer?[1m}?[0m?[2m:?[0m?[1mpoll?[0m?[2m:?[0m ?[2mh2::proto::connection?[0m?[2m:?[0m recv SETTINGS ?[3mframe?[0m?[2m=?[0mSettings { flags: (0x0), enable_push: 0, max_concurrent_streams: 0, initial_window_size: 1048576, max_header_list_size: 8192 }
15:05:16.514 [grpc-nio-worker-ELG-1-4] DEBUG io.grpc.netty.NettyClientHandler - [id: 0x3f9b4665, L:/127.0.0.1:53792 - R:/127.0.0.1:53791] INBOUND SETTINGS: ack=false settings={INITIAL_WINDOW_SIZE=1048576, MAX_FRAME_SIZE=16384}
15:05:16.514 [Thread-5] DEBUG i.pact.plugins.jvm.core.ChildProcess - Plugin protobuf [46038] || ?[2m2023-03-27T09:35:16.514414Z?[0m ?[34mDEBUG?[0m tokio-runtime-worker ?[1mserver_handshake?[0m?[2m:?[0m?[1mConnection?[0m?[1m{?[0m?[3mpeer?[0m?[2m=?[0mServer?[1m}?[0m?[2m:?[0m?[1mpoll?[0m?[2m:?[0m?[1mpoll_ready?[0m?[2m:?[0m?[1mFramedWrite::buffer?[0m?[1m{?[0m?[3mframe?[0m?[2m=?[0mSettings { flags: (0x1: ACK) }?[1m}?[0m?[2m:?[0m ?[2mh2::codec::framed_write?[0m?[2m:?[0m send ?[3mframe?[0m?[2m=?[0mSettings { flags: (0x1: ACK) }
15:05:16.514 [Thread-5] DEBUG i.pact.plugins.jvm.core.ChildProcess - Plugin protobuf [46038] || ?[2m2023-03-27T09:35:16.514458Z?[0m ?[35mTRACE?[0m tokio-runtime-worker ?[1mserver_handshake?[0m?[2m:?[0m?[1mConnection?[0m?[1m{?[0m?[3mpeer?[0m?[2m=?[0mServer?[1m}?[0m?[2m:?[0m?[1mpoll?[0m?[2m:?[0m?[1mpoll_ready?[0m?[2m:?[0m?[1mFramedWrite::buffer?[0m?[1m{?[0m?[3mframe?[0m?[2m=?[0mSettings { flags: (0x1: ACK) }?[1m}?[0m?[2m:?[0m ?[2mh2::frame::settings?[0m?[2m:?[0m encoding SETTINGS; len=0
15:05:16.514 [grpc-nio-worker-ELG-1-4] DEBUG io.grpc.netty.NettyClientHandler - [id: 0x3f9b4665, L:/127.0.0.1:53792 - R:/127.0.0.1:53791] OUTBOUND SETTINGS: ack=true
15:05:16.514 [Thread-5] DEBUG i.pact.plugins.jvm.core.ChildProcess - Plugin protobuf [46038] || ?[2m2023-03-27T09:35:16.514475Z?[0m ?[35mTRACE?[0m tokio-runtime-worker ?[1mserver_handshake?[0m?[2m:?[0m?[1mConnection?[0m?[1m{?[0m?[3mpeer?[0m?[2m=?[0mServer?[1m}?[0m?[2m:?[0m?[1mpoll?[0m?[2m:?[0m?[1mpoll_ready?[0m?[2m:?[0m?[1mFramedWrite::buffer?[0m?[1m{?[0m?[3mframe?[0m?[2m=?[0mSettings { flags: (0x1: ACK) }?[1m}?[0m?[2m:?[0m ?[2mh2::codec::framed_write?[0m?[2m:?[0m encoded settings ?[3mrem?[0m?[2m=?[0m9
15:05:16.514 [Thread-5] DEBUG i.pact.plugins.jvm.core.ChildProcess - Plugin protobuf [46038] || ?[2m2023-03-27T09:35:16.514501Z?[0m ?[35mTRACE?[0m tokio-runtime-worker ?[1mserver_handshake?[0m?[2m:?[0m?[1mConnection?[0m?[1m{?[0m?[3mpeer?[0m?[2m=?[0mServer?[1m}?[0m?[2m:?[0m?[1mpoll?[0m?[2m:?[0m?[1mpoll_ready?[0m?[2m:?[0m ?[2mh2::proto::settings?[0m?[2m:?[0m ACK sent; applying settings
15:05:16.514 [Thread-5] DEBUG i.pact.plugins.jvm.core.ChildProcess - Plugin protobuf [46038] || ?[2m2023-03-27T09:35:16.514541Z?[0m ?[35mTRACE?[0m tokio-runtime-worker ?[1mserver_handshake?[0m?[2m:?[0m?[1mConnection?[0m?[1m{?[0m?[3mpeer?[0m?[2m=?[0mServer?[1m}?[0m?[2m:?[0m?[1mpoll?[0m?[2m:?[0m?[1mFramedRead::poll_next?[0m?[2m:?[0m ?[2mh2::codec::framed_read?[0m?[2m:?[0m poll
15:05:16.514 [Thread-5] DEBUG i.pact.plugins.jvm.core.ChildProcess - Plugin protobuf [46038] || ?[2m2023-03-27T09:35:16.514555Z?[0m ?[35mTRACE?[0m tokio-runtime-worker ?[1mserver_handshake?[0m?[2m:?[0m?[1mConnection?[0m?[1m{?[0m?[3mpeer?[0m?[2m=?[0mServer?[1m}?[0m?[2m:?[0m?[1mpoll?[0m?[2m:?[0m?[1mFramedRead::poll_next?[0m?[2m:?[0m ?[2mtokio_util::codec::framed_impl?[0m?[2m:?[0m attempting to decode a frame
15:05:16.514 [Thread-5] DEBUG i.pact.plugins.jvm.core.ChildProcess - Plugin protobuf [46038] || ?[2m2023-03-27T09:35:16.514592Z?[0m ?[35mTRACE?[0m tokio-runtime-worker ?[1mserver_handshake?[0m?[2m:?[0m?[1mConnection?[0m?[1m{?[0m?[3mpeer?[0m?[2m=?[0mServer?[1m}?[0m?[2m:?[0m?[1mpoll?[0m?[2m:?[0m?[1mFramedRead::poll_next?[0m?[2m:?[0m ?[2mtokio_util::codec::framed_impl?[0m?[2m:?[0m frame decoded from buffer
15:05:16.514 [Thread-5] DEBUG i.pact.plugins.jvm.core.ChildProcess - Plugin protobuf [46038] || ?[2m2023-03-27T09:35:16.514608Z?[0m ?[35mTRACE?[0m tokio-runtime-worker ?[1mserver_handshake?[0m?[2m:?[0m?[1mConnection?[0m?[1m{?[0m?[3mpeer?[0m?[2m=?[0mServer?[1m}?[0m?[2m:?[0m?[1mpoll?[0m?[2m:?[0m?[1mFramedRead::poll_next?[0m?[2m:?[0m ?[2mh2::codec::framed_read?[0m?[2m:?[0m ?[3mread.bytes?[0m?[2m=?[0m13
15:05:16.514 [Thread-5] DEBUG i.pact.plugins.jvm.core.ChildProcess - Plugin protobuf [46038] || ?[2m2023-03-27T09:35:16.514632Z?[0m ?[35mTRACE?[0m tokio-runtime-worker ?[1mserver_handshake?[0m?[2m:?[0m?[1mConnection?[0m?[1m{?[0m?[3mpeer?[0m?[2m=?[0mServer?[1m}?[0m?[2m:?[0m?[1mpoll?[0m?[2m:?[0m?[1mFramedRead::poll_next?[0m?[2m:?[0m?[1mFramedRead::decode_frame?[0m?[1m{?[0m?[3moffset?[0m?[2m=?[0m13?[1m}?[0m?[2m:?[0m ?[2mh2::codec::framed_read?[0m?[2m:?[0m decoding frame from 13B
15:05:16.514 [Thread-5] DEBUG i.pact.plugins.jvm.core.ChildProcess - Plugin protobuf [46038] || ?[2m2023-03-27T09:35:16.514649Z?[0m ?[35mTRACE?[0m tokio-runtime-worker ?[1mserver_handshake?[0m?[2m:?[0m?[1mConnection?[0m?[1m{?[0m?[3mpeer?[0m?[2m=?[0mServer?[1m}?[0m?[2m:?[0m?[1mpoll?[0m?[2m:?[0m?[1mFramedRead::poll_next?[0m?[2m:?[0m?[1mFramedRead::decode_frame?[0m?[1m{?[0m?[3moffset?[0m?[2m=?[0m13?[1m}?[0m?[2m:?[0m ?[2mh2::codec::framed_read?[0m?[2m:?[0m ?[3mframe.kind?[0m?[2m=?[0mWindowUpdate
15:05:16.514 [Thread-5] DEBUG i.pact.plugins.jvm.core.ChildProcess - Plugin protobuf [46038] || ?[2m2023-03-27T09:35:16.514674Z?[0m ?[34mDEBUG?[0m tokio-runtime-worker ?[1mserver_handshake?[0m?[2m:?[0m?[1mConnection?[0m?[1m{?[0m?[3mpeer?[0m?[2m=?[0mServer?[1m}?[0m?[2m:?[0m?[1mpoll?[0m?[2m:?[0m?[1mFramedRead::poll_next?[0m?[2m:?[0m ?[2mh2::codec::framed_read?[0m?[2m:?[0m received ?[3mframe?[0m?[2m=?[0mWindowUpdate { stream_id: StreamId(0), size_increment: 983041 }
15:05:16.514 [Thread-5] DEBUG i.pact.plugins.jvm.core.ChildProcess - Plugin protobuf [46038] || ?[2m2023-03-27T09:35:16.514699Z?[0m ?[35mTRACE?[0m tokio-runtime-worker ?[1mserver_handshake?[0m?[2m:?[0m?[1mConnection?[0m?[1m{?[0m?[3mpeer?[0m?[2m=?[0mServer?[1m}?[0m?[2m:?[0m?[1mpoll?[0m?[2m:?[0m ?[2mh2::proto::connection?[0m?[2m:?[0m recv WINDOW_UPDATE ?[3mframe?[0m?[2m=?[0mWindowUpdate { stream_id: StreamId(0), size_increment: 983041 }
15:05:16.514 [Thread-5] DEBUG i.pact.plugins.jvm.core.ChildProcess - Plugin protobuf [46038] || ?[2m2023-03-27T09:35:16.514721Z?[0m ?[35mTRACE?[0m tokio-runtime-worker ?[1mserver_handshake?[0m?[2m:?[0m?[1mConnection?[0m?[1m{?[0m?[3mpeer?[0m?[2m=?[0mServer?[1m}?[0m?[2m:?[0m?[1mpoll?[0m?[2m:?[0m ?[2mh2::proto::streams::flow_control?[0m?[2m:?[0m inc_window; sz=983041; old=65535; new=1048576
15:05:16.514 [Thread-5] DEBUG i.pact.plugins.jvm.core.ChildProcess - Plugin protobuf [46038] || ?[2m2023-03-27T09:35:16.514771Z?[0m ?[35mTRACE?[0m tokio-runtime-worker ?[1mserver_handshake?[0m?[2m:?[0m?[1mConnection?[0m?[1m{?[0m?[3mpeer?[0m?[2m=?[0mServer?[1m}?[0m?[2m:?[0m?[1mpoll?[0m?[2m:?[0m?[1mFramedRead::poll_next?[0m?[2m:?[0m ?[2mh2::codec::framed_read?[0m?[2m:?[0m poll
15:05:16.514 [Thread-5] DEBUG i.pact.plugins.jvm.core.ChildProcess - Plugin protobuf [46038] || ?[2m2023-03-27T09:35:16.514786Z?[0m ?[35mTRACE?[0m tokio-runtime-worker ?[1mserver_handshake?[0m?[2m:?[0m?[1mConnection?[0m?[1m{?[0m?[3mpeer?[0m?[2m=?[0mServer?[1m}?[0m?[2m:?[0m?[1mpoll?[0m?[2m:?[0m?[1mFramedRead::poll_next?[0m?[2m:?[0m ?[2mtokio_util::codec::framed_impl?[0m?[2m:?[0m attempting to decode a frame
15:05:16.514 [Thread-5] DEBUG i.pact.plugins.jvm.core.ChildProcess - Plugin protobuf [46038] || ?[2m2023-03-27T09:35:16.514825Z?[0m ?[34mDEBUG?[0m tokio-runtime-worker ?[1mserver_handshake?[0m?[2m:?[0m?[1mConnection?[0m?[1m{?[0m?[3mpeer?[0m?[2m=?[0mServer?[1m}?[0m?[2m:?[0m?[1mpoll?[0m?[2m:?[0m?[1mFramedWrite::buffer?[0m?[1m{?[0m?[3mframe?[0m?[2m=?[0mWindowUpdate { stream_id: StreamId(0), size_increment: 983041 }?[1m}?[0m?[2m:?[0m ?[2mh2::codec::framed_write?[0m?[2m:?[0m send ?[3mframe?[0m?[2m=?[0mWindowUpdate { stream_id: StreamId(0), size_increment: 983041 }
15:05:16.514 [Thread-5] DEBUG i.pact.plugins.jvm.core.ChildProcess - Plugin protobuf [46038] || ?[2m2023-03-27T09:35:16.514843Z?[0m ?[35mTRACE?[0m tokio-runtime-worker ?[1mserver_handshake?[0m?[2m:?[0m?[1mConnection?[0m?[1m{?[0m?[3mpeer?[0m?[2m=?[0mServer?[1m}?[0m?[2m:?[0m?[1mpoll?[0m?[2m:?[0m?[1mFramedWrite::buffer?[0m?[1m{?[0m?[3mframe?[0m?[2m=?[0mWindowUpdate { stream_id: StreamId(0), size_increment: 983041 }?[1m}?[0m?[2m:?[0m ?[2mh2::frame::window_update?[0m?[2m:?[0m encoding WINDOW_UPDATE; id=StreamId(0)
15:05:16.514 [Thread-5] DEBUG i.pact.plugins.jvm.core.ChildProcess - Plugin protobuf [46038] || ?[2m2023-03-27T09:35:16.514857Z?[0m ?[35mTRACE?[0m tokio-runtime-worker ?[1mserver_handshake?[0m?[2m:?[0m?[1mConnection?[0m?[1m{?[0m?[3mpeer?[0m?[2m=?[0mServer?[1m}?[0m?[2m:?[0m?[1mpoll?[0m?[2m:?[0m?[1mFramedWrite::buffer?[0m?[1m{?[0m?[3mframe?[0m?[2m=?[0mWindowUpdate { stream_id: StreamId(0), size_increment: 983041 }?[1m}?[0m?[2m:?[0m ?[2mh2::codec::framed_write?[0m?[2m:?[0m encoded window_update ?[3mrem?[0m?[2m=?[0m22
15:05:16.514 [Thread-5] DEBUG i.pact.plugins.jvm.core.ChildProcess - Plugin protobuf [46038] || ?[2m2023-03-27T09:35:16.514877Z?[0m ?[35mTRACE?[0m tokio-runtime-worker ?[1mserver_handshake?[0m?[2m:?[0m?[1mConnection?[0m?[1m{?[0m?[3mpeer?[0m?[2m=?[0mServer?[1m}?[0m?[2m:?[0m?[1mpoll?[0m?[2m:?[0m ?[2mh2::proto::streams::flow_control?[0m?[2m:?[0m inc_window; sz=983041; old=65535; new=1048576
15:05:16.515 [Thread-5] DEBUG i.pact.plugins.jvm.core.ChildProcess - Plugin protobuf [46038] || ?[2m2023-03-27T09:35:16.514940Z?[0m ?[35mTRACE?[0m tokio-runtime-worker ?[1mserver_handshake?[0m?[2m:?[0m?[1mConnection?[0m?[1m{?[0m?[3mpeer?[0m?[2m=?[0mServer?[1m}?[0m?[2m:?[0m?[1mpoll?[0m?[2m:?[0m ?[2mh2::proto::streams::prioritize?[0m?[2m:?[0m poll_complete
15:05:16.515 [Thread-5] DEBUG i.pact.plugins.jvm.core.ChildProcess - Plugin protobuf [46038] || ?[2m2023-03-27T09:35:16.514961Z?[0m ?[35mTRACE?[0m tokio-runtime-worker ?[1mserver_handshake?[0m?[2m:?[0m?[1mConnection?[0m?[1m{?[0m?[3mpeer?[0m?[2m=?[0mServer?[1m}?[0m?[2m:?[0m?[1mpoll?[0m?[2m:?[0m ?[2mh2::proto::streams::prioritize?[0m?[2m:?[0m schedule_pending_open
15:05:16.515 [Thread-5] DEBUG i.pact.plugins.jvm.core.ChildProcess - Plugin protobuf [46038] || ?[2m2023-03-27T09:35:16.515003Z?[0m ?[35mTRACE?[0m tokio-runtime-worker ?[1mserver_handshake?[0m?[2m:?[0m?[1mConnection?[0m?[1m{?[0m?[3mpeer?[0m?[2m=?[0mServer?[1m}?[0m?[2m:?[0m?[1mpoll?[0m?[2m:?[0m?[1mFramedWrite::flush?[0m?[2m:?[0m ?[2mh2::codec::framed_write?[0m?[2m:?[0m ?[3mqueued_data_frame?[0m?[2m=?[0mfalse
15:05:16.515 [Thread-5] DEBUG i.pact.plugins.jvm.core.ChildProcess - Plugin protobuf [46038] || ?[2m2023-03-27T09:35:16.515032Z?[0m ?[35mTRACE?[0m tokio-runtime-worker ?[1mserver_handshake?[0m?[2m:?[0m?[1mConnection?[0m?[1m{?[0m?[3mpeer?[0m?[2m=?[0mServer?[1m}?[0m?[2m:?[0m?[1mpoll?[0m?[2m:?[0m?[1mFramedWrite::flush?[0m?[2m:?[0m ?[2mh2::codec::framed_write?[0m?[2m:?[0m flushing buffer
15:05:16.515 [Thread-5] DEBUG i.pact.plugins.jvm.core.ChildProcess - Plugin protobuf [46038] || ?[2m2023-03-27T09:35:16.515095Z?[0m ?[35mTRACE?[0m tokio-runtime-worker ?[1mserver_handshake?[0m?[2m:?[0m?[1mConnection?[0m?[1m{?[0m?[3mpeer?[0m?[2m=?[0mServer?[1m}?[0m?[2m:?[0m?[1mpoll?[0m?[2m:?[0m ?[2mh2::proto::connection?[0m?[2m:?[0m ?[3mconnection.state?[0m?[2m=?[0mOpen
15:05:16.515 [Thread-5] DEBUG i.pact.plugins.jvm.core.ChildProcess - Plugin protobuf [46038] || ?[2m2023-03-27T09:35:16.515129Z?[0m ?[35mTRACE?[0m tokio-runtime-worker ?[1mserver_handshake?[0m?[2m:?[0m?[1mConnection?[0m?[1m{?[0m?[3mpeer?[0m?[2m=?[0mServer?[1m}?[0m?[2m:?[0m?[1mpoll?[0m?[2m:?[0m?[1mFramedRead::poll_next?[0m?[2m:?[0m ?[2mh2::codec::framed_read?[0m?[2m:?[0m poll
15:05:16.515 [grpc-nio-worker-ELG-1-4] DEBUG io.grpc.netty.NettyClientHandler - [id: 0x3f9b4665, L:/127.0.0.1:53792 - R:/127.0.0.1:53791] INBOUND SETTINGS: ack=true
15:05:16.515 [Thread-5] DEBUG i.pact.plugins.jvm.core.ChildProcess - Plugin protobuf [46038] || ?[2m2023-03-27T09:35:16.515151Z?[0m ?[35mTRACE?[0m tokio-runtime-worker ?[1mserver_handshake?[0m?[2m:?[0m?[1mConnection?[0m?[1m{?[0m?[3mpeer?[0m?[2m=?[0mServer?[1m}?[0m?[2m:?[0m?[1mpoll?[0m?[2m:?[0m?[1mFramedRead::poll_next?[0m?[2m:?[0m ?[2mtokio_util::codec::framed_impl?[0m?[2m:?[0m attempting to decode a frame
15:05:16.515 [Thread-5] DEBUG i.pact.plugins.jvm.core.ChildProcess - Plugin protobuf [46038] || ?[2m2023-03-27T09:35:16.515191Z?[0m ?[35mTRACE?[0m tokio-runtime-worker ?[1mserver_handshake?[0m?[2m:?[0m?[1mConnection?[0m?[1m{?[0m?[3mpeer?[0m?[2m=?[0mServer?[1m}?[0m?[2m:?[0m?[1mpoll?[0m?[2m:?[0m?[1mFramedRead::poll_next?[0m?[2m:?[0m ?[2mtokio_util::codec::framed_impl?[0m?[2m:?[0m frame decoded from buffer
15:05:16.515 [grpc-nio-worker-ELG-1-4] DEBUG io.grpc.netty.NettyClientHandler - [id: 0x3f9b4665, L:/127.0.0.1:53792 - R:/127.0.0.1:53791] INBOUND WINDOW_UPDATE: streamId=0 windowSizeIncrement=983041
15:05:16.515 [Thread-5] DEBUG i.pact.plugins.jvm.core.ChildProcess - Plugin protobuf [46038] || ?[2m2023-03-27T09:35:16.515213Z?[0m ?[35mTRACE?[0m tokio-runtime-worker ?[1mserver_handshake?[0m?[2m:?[0m?[1mConnection?[0m?[1m{?[0m?[3mpeer?[0m?[2m=?[0mServer?[1m}?[0m?[2m:?[0m?[1mpoll?[0m?[2m:?[0m?[1mFramedRead::poll_next?[0m?[2m:?[0m ?[2mh2::codec::framed_read?[0m?[2m:?[0m ?[3mread.bytes?[0m?[2m=?[0m9
15:05:16.515 [Thread-5] DEBUG i.pact.plugins.jvm.core.ChildProcess - Plugin protobuf [46038] || ?[2m2023-03-27T09:35:16.515246Z?[0m ?[35mTRACE?[0m tokio-runtime-worker ?[1mserver_handshake?[0m?[2m:?[0m?[1mConnection?[0m?[1m{?[0m?[3mpeer?[0m?[2m=?[0mServer?[1m}?[0m?[2m:?[0m?[1mpoll?[0m?[2m:?[0m?[1mFramedRead::poll_next?[0m?[2m:?[0m?[1mFramedRead::decode_frame?[0m?[1m{?[0m?[3moffset?[0m?[2m=?[0m9?[1m}?[0m?[2m:?[0m ?[2mh2::codec::framed_read?[0m?[2m:?[0m decoding frame from 9B
15:05:16.515 [Thread-5] DEBUG i.pact.plugins.jvm.core.ChildProcess - Plugin protobuf [46038] || ?[2m2023-03-27T09:35:16.515263Z?[0m ?[35mTRACE?[0m tokio-runtime-worker ?[1mserver_handshake?[0m?[2m:?[0m?[1mConnection?[0m?[1m{?[0m?[3mpeer?[0m?[2m=?[0mServer?[1m}?[0m?[2m:?[0m?[1mpoll?[0m?[2m:?[0m?[1mFramedRead::poll_next?[0m?[2m:?[0m?[1mFramedRead::decode_frame?[0m?[1m{?[0m?[3moffset?[0m?[2m=?[0m9?[1m}?[0m?[2m:?[0m ?[2mh2::codec::framed_read?[0m?[2m:?[0m ?[3mframe.kind?[0m?[2m=?[0mSettings
15:05:16.515 [Thread-5] DEBUG i.pact.plugins.jvm.core.ChildProcess - Plugin protobuf [46038] || ?[2m2023-03-27T09:35:16.515288Z?[0m ?[34mDEBUG?[0m tokio-runtime-worker ?[1mserver_handshake?[0m?[2m:?[0m?[1mConnection?[0m?[1m{?[0m?[3mpeer?[0m?[2m=?[0mServer?[1m}?[0m?[2m:?[0m?[1mpoll?[0m?[2m:?[0m?[1mFramedRead::poll_next?[0m?[2m:?[0m ?[2mh2::codec::framed_read?[0m?[2m:?[0m received ?[3mframe?[0m?[2m=?[0mSettings { flags: (0x1: ACK) }
15:05:16.515 [Thread-5] DEBUG i.pact.plugins.jvm.core.ChildProcess - Plugin protobuf [46038] || ?[2m2023-03-27T09:35:16.515314Z?[0m ?[35mTRACE?[0m tokio-runtime-worker ?[1mserver_handshake?[0m?[2m:?[0m?[1mConnection?[0m?[1m{?[0m?[3mpeer?[0m?[2m=?[0mServer?[1m}?[0m?[2m:?[0m?[1mpoll?[0m?[2m:?[0m ?[2mh2::proto::connection?[0m?[2m:?[0m recv SETTINGS ?[3mframe?[0m?[2m=?[0mSettings { flags: (0x1: ACK) }
15:05:16.515 [Thread-5] DEBUG i.pact.plugins.jvm.core.ChildProcess - Plugin protobuf [46038] || ?[2m2023-03-27T09:35:16.515335Z?[0m ?[34mDEBUG?[0m tokio-runtime-worker ?[1mserver_handshake?[0m?[2m:?[0m?[1mConnection?[0m?[1m{?[0m?[3mpeer?[0m?[2m=?[0mServer?[1m}?[0m?[2m:?[0m?[1mpoll?[0m?[2m:?[0m ?[2mh2::proto::settings?[0m?[2m:?[0m received settings ACK; applying Settings { flags: (0x0), initial_window_size: 1048576, max_frame_size: 16384 }
15:05:16.515 [Thread-5] DEBUG i.pact.plugins.jvm.core.ChildProcess - Plugin protobuf [46038] || ?[2m2023-03-27T09:35:16.515352Z?[0m ?[35mTRACE?[0m tokio-runtime-worker ?[1mserver_handshake?[0m?[2m:?[0m?[1mConnection?[0m?[1m{?[0m?[3mpeer?[0m?[2m=?[0mServer?[1m}?[0m?[2m:?[0m?[1mpoll?[0m?[2m:?[0m ?[2mh2::proto::streams::recv?[0m?[2m:?[0m update_initial_window_size; new=1048576; old=1048576
15:05:16.515 [Thread-5] DEBUG i.pact.plugins.jvm.core.ChildProcess - Plugin protobuf [46038] || ?[2m2023-03-27T09:35:16.515407Z?[0m ?[35mTRACE?[0m tokio-runtime-worker ?[1mserver_handshake?[0m?[2m:?[0m?[1mConnection?[0m?[1m{?[0m?[3mpeer?[0m?[2m=?[0mServer?[1m}?[0m?[2m:?[0m?[1mpoll?[0m?[2m:?[0m?[1mFramedRead::poll_next?[0m?[2m:?[0m ?[2mh2::codec::framed_read?[0m?[2m:?[0m poll
15:05:16.515 [Thread-5] DEBUG i.pact.plugins.jvm.core.ChildProcess - Plugin protobuf [46038] || ?[2m2023-03-27T09:35:16.515428Z?[0m ?[35mTRACE?[0m tokio-runtime-worker ?[1mserver_handshake?[0m?[2m:?[0m?[1mConnection?[0m?[1m{?[0m?[3mpeer?[0m?[2m=?[0mServer?[1m}?[0m?[2m:?[0m?[1mpoll?[0m?[2m:?[0m?[1mFramedRead::poll_next?[0m?[2m:?[0m ?[2mtokio_util::codec::framed_impl?[0m?[2m:?[0m attempting to decode a frame
15:05:16.515 [Thread-5] DEBUG i.pact.plugins.jvm.core.ChildProcess - Plugin protobuf [46038] || ?[2m2023-03-27T09:35:16.515476Z?[0m ?[35mTRACE?[0m tokio-runtime-worker ?[1mserver_handshake?[0m?[2m:?[0m?[1mConnection?[0m?[1m{?[0m?[3mpeer?[0m?[2m=?[0mServer?[1m}?[0m?[2m:?[0m?[1mpoll?[0m?[2m:?[0m ?[2mh2::proto::streams::prioritize?[0m?[2m:?[0m poll_complete
15:05:16.515 [Thread-5] DEBUG i.pact.plugins.jvm.core.ChildProcess - Plugin protobuf [46038] || ?[2m2023-03-27T09:35:16.515489Z?[0m ?[35mTRACE?[0m tokio-runtime-worker ?[1mserver_handshake?[0m?[2m:?[0m?[1mConnection?[0m?[1m{?[0m?[3mpeer?[0m?[2m=?[0mServer?[1m}?[0m?[2m:?[0m?[1mpoll?[0m?[2m:?[0m ?[2mh2::proto::streams::prioritize?[0m?[2m:?[0m schedule_pending_open
15:05:16.515 [Thread-5] DEBUG i.pact.plugins.jvm.core.ChildProcess - Plugin protobuf [46038] || ?[2m2023-03-27T09:35:16.515518Z?[0m ?[35mTRACE?[0m tokio-runtime-worker ?[1mserver_handshake?[0m?[2m:?[0m?[1mConnection?[0m?[1m{?[0m?[3mpeer?[0m?[2m=?[0mServer?[1m}?[0m?[2m:?[0m?[1mpoll?[0m?[2m:?[0m?[1mFramedWrite::flush?[0m?[2m:?[0m ?[2mh2::codec::framed_write?[0m?[2m:?[0m flushing buffer
15:05:16.515 [grpc-nio-worker-ELG-1-4] DEBUG io.grpc.netty.NettyClientHandler - [id: 0x3f9b4665, L:/127.0.0.1:53792 - R:/127.0.0.1:53791] OUTBOUND HEADERS: streamId=3 headers=GrpcHttp2OutboundHeaders[:authority: 127.0.0.1:53791, :path: /area_calculator.Calculator/calculateOne, :method: POST, :scheme: http, content-type: application/grpc, te: trailers, user-agent: grpc-java-netty/1.49.0, grpc-accept-encoding: gzip] streamDependency=0 weight=16 exclusive=false padding=0 endStream=false
15:05:16.516 [grpc-nio-worker-ELG-1-4] DEBUG io.grpc.netty.NettyClientHandler - [id: 0x3f9b4665, L:/127.0.0.1:53792 - R:/127.0.0.1:53791] OUTBOUND DATA: streamId=3 padding=0 endStream=true length=17 bytes=000000000c120a0d000040401500008040
15:05:16.516 [Thread-5] DEBUG i.pact.plugins.jvm.core.ChildProcess - Plugin protobuf [46038] || ?[2m2023-03-27T09:35:16.516846Z?[0m ?[35mTRACE?[0m tokio-runtime-worker ?[1mserver_handshake?[0m?[2m:?[0m?[1mConnection?[0m?[1m{?[0m?[3mpeer?[0m?[2m=?[0mServer?[1m}?[0m?[2m:?[0m?[1mpoll?[0m?[2m:?[0m ?[2mh2::proto::connection?[0m?[2m:?[0m ?[3mconnection.state?[0m?[2m=?[0mOpen
15:05:16.517 [Thread-5] DEBUG i.pact.plugins.jvm.core.ChildProcess - Plugin protobuf [46038] || ?[2m2023-03-27T09:35:16.516902Z?[0m ?[35mTRACE?[0m tokio-runtime-worker ?[1mserver_handshake?[0m?[2m:?[0m?[1mConnection?[0m?[1m{?[0m?[3mpeer?[0m?[2m=?[0mServer?[1m}?[0m?[2m:?[0m?[1mpoll?[0m?[2m:?[0m?[1mFramedRead::poll_next?[0m?[2m:?[0m ?[2mh2::codec::framed_read?[0m?[2m:?[0m poll
15:05:16.517 [Thread-5] DEBUG i.pact.plugins.jvm.core.ChildProcess - Plugin protobuf [46038] || ?[2m2023-03-27T09:35:16.516926Z?[0m ?[35mTRACE?[0m tokio-runtime-worker ?[1mserver_handshake?[0m?[2m:?[0m?[1mConnection?[0m?[1m{?[0m?[3mpeer?[0m?[2m=?[0mServer?[1m}?[0m?[2m:?[0m?[1mpoll?[0m?[2m:?[0m?[1mFramedRead::poll_next?[0m?[2m:?[0m ?[2mtokio_util::codec::framed_impl?[0m?[2m:?[0m attempting to decode a frame
15:05:16.517 [Thread-5] DEBUG i.pact.plugins.jvm.core.ChildProcess - Plugin protobuf [46038] || ?[2m2023-03-27T09:35:16.516940Z?[0m ?[35mTRACE?[0m tokio-runtime-worker ?[1mserver_handshake?[0m?[2m:?[0m?[1mConnection?[0m?[1m{?[0m?[3mpeer?[0m?[2m=?[0mServer?[1m}?[0m?[2m:?[0m?[1mpoll?[0m?[2m:?[0m?[1mFramedRead::poll_next?[0m?[2m:?[0m ?[2mtokio_util::codec::framed_impl?[0m?[2m:?[0m frame decoded from buffer
15:05:16.517 [Thread-5] DEBUG i.pact.plugins.jvm.core.ChildProcess - Plugin protobuf [46038] || ?[2m2023-03-27T09:35:16.516953Z?[0m ?[35mTRACE?[0m tokio-runtime-worker ?[1mserver_handshake?[0m?[2m:?[0m?[1mConnection?[0m?[1m{?[0m?[3mpeer?[0m?[2m=?[0mServer?[1m}?[0m?[2m:?[0m?[1mpoll?[0m?[2m:?[0m?[1mFramedRead::poll_next?[0m?[2m:?[0m ?[2mh2::codec::framed_read?[0m?[2m:?[0m ?[3mread.bytes?[0m?[2m=?[0m157
15:05:16.517 [Thread-5] DEBUG i.pact.plugins.jvm.core.ChildProcess - Plugin protobuf [46038] || ?[2m2023-03-27T09:35:16.516975Z?[0m ?[35mTRACE?[0m tokio-runtime-worker ?[1mserver_handshake?[0m?[2m:?[0m?[1mConnection?[0m?[1m{?[0m?[3mpeer?[0m?[2m=?[0mServer?[1m}?[0m?[2m:?[0m?[1mpoll?[0m?[2m:?[0m?[1mFramedRead::poll_next?[0m?[2m:?[0m?[1mFramedRead::decode_frame?[0m?[1m{?[0m?[3moffset?[0m?[2m=?[0m157?[1m}?[0m?[2m:?[0m ?[2mh2::codec::framed_read?[0m?[2m:?[0m decoding frame from 157B
15:05:16.517 [Thread-5] DEBUG i.pact.plugins.jvm.core.ChildProcess - Plugin protobuf [46038] || ?[2m2023-03-27T09:35:16.516990Z?[0m ?[35mTRACE?[0m tokio-runtime-worker ?[1mserver_handshake?[0m?[2m:?[0m?[1mConnection?[0m?[1m{?[0m?[3mpeer?[0m?[2m=?[0mServer?[1m}?[0m?[2m:?[0m?[1mpoll?[0m?[2m:?[0m?[1mFramedRead::poll_next?[0m?[2m:?[0m?[1mFramedRead::decode_frame?[0m?[1m{?[0m?[3moffset?[0m?[2m=?[0m157?[1m}?[0m?[2m:?[0m ?[2mh2::codec::framed_read?[0m?[2m:?[0m ?[3mframe.kind?[0m?[2m=?[0mHeaders
15:05:16.517 [Thread-5] DEBUG i.pact.plugins.jvm.core.ChildProcess - Plugin protobuf [46038] || ?[2m2023-03-27T09:35:16.517005Z?[0m ?[35mTRACE?[0m tokio-runtime-worker ?[1mserver_handshake?[0m?[2m:?[0m?[1mConnection?[0m?[1m{?[0m?[3mpeer?[0m?[2m=?[0mServer?[1m}?[0m?[2m:?[0m?[1mpoll?[0m?[2m:?[0m?[1mFramedRead::poll_next?[0m?[2m:?[0m?[1mFramedRead::decode_frame?[0m?[1m{?[0m?[3moffset?[0m?[2m=?[0m157?[1m}?[0m?[2m:?[0m ?[2mh2::frame::headers?[0m?[2m:?[0m loading headers; flags=(0x24: END_HEADERS | PRIORITY)
15:05:16.517 [Thread-5] DEBUG i.pact.plugins.jvm.core.ChildProcess - Plugin protobuf [46038] || ?[2m2023-03-27T09:35:16.517029Z?[0m ?[35mTRACE?[0m tokio-runtime-worker ?[1mserver_handshake?[0m?[2m:?[0m?[1mConnection?[0m?[1m{?[0m?[3mpeer?[0m?[2m=?[0mServer?[1m}?[0m?[2m:?[0m?[1mpoll?[0m?[2m:?[0m?[1mFramedRead::poll_next?[0m?[2m:?[0m?[1mFramedRead::decode_frame?[0m?[1m{?[0m?[3moffset?[0m?[2m=?[0m157?[1m}?[0m?[2m:?[0m?[1mhpack::decode?[0m?[2m:?[0m ?[2mh2::hpack::decoder?[0m?[2m:?[0m decode
15:05:16.517 [Thread-5] DEBUG i.pact.plugins.jvm.core.ChildProcess - Plugin protobuf [46038] || ?[2m2023-03-27T09:35:16.517049Z?[0m ?[35mTRACE?[0m tokio-runtime-worker ?[1mserver_handshake?[0m?[2m:?[0m?[1mConnection?[0m?[1m{?[0m?[3mpeer?[0m?[2m=?[0mServer?[1m}?[0m?[2m:?[0m?[1mpoll?[0m?[2m:?[0m?[1mFramedRead::poll_next?[0m?[2m:?[0m?[1mFramedRead::decode_frame?[0m?[1m{?[0m?[3moffset?[0m?[2m=?[0m157?[1m}?[0m?[2m:?[0m?[1mhpack::decode?[0m?[2m:?[0m ?[2mh2::hpack::decoder?[0m?[2m:?[0m ?[3mrem?[0m?[2m=?[0m143 ?[3mkind?[0m?[2m=?[0mLiteralWithIndexing
15:05:16.517 [Thread-5] DEBUG i.pact.plugins.jvm.core.ChildProcess - Plugin protobuf [46038] || ?[2m2023-03-27T09:35:16.517068Z?[0m ?[35mTRACE?[0m tokio-runtime-worker ?[1mserver_handshake?[0m?[2m:?[0m?[1mConnection?[0m?[1m{?[0m?[3mpeer?[0m?[2m=?[0mServer?[1m}?[0m?[2m:?[0m?[1mpoll?[0m?[2m:?[0m?[1mFramedRead::poll_next?[0m?[2m:?[0m?[1mFramedRead::decode_frame?[0m?[1m{?[0m?[3moffset?[0m?[2m=?[0m157?[1m}?[0m?[2m:?[0m?[1mhpack::decode?[0m?[2m:?[0m ?[2mh2::hpack::decoder?[0m?[2m:?[0m ?[3mrem?[0m?[2m=?[0m126 ?[3mkind?[0m?[2m=?[0mLiteralWithIndexing
15:05:16.517 [Thread-5] DEBUG i.pact.plugins.jvm.core.ChildProcess - Plugin protobuf [46038] || ?[2m2023-03-27T09:35:16.517084Z?[0m ?[35mTRACE?[0m tokio-runtime-worker ?[1mserver_handshake?[0m?[2m:?[0m?[1mConnection?[0m?[1m{?[0m?[3mpeer?[0m?[2m=?[0mServer?[1m}?[0m?[2m:?[0m?[1mpoll?[0m?[2m:?[0m?[1mFramedRead::poll_next?[0m?[2m:?[0m?[1mFramedRead::decode_frame?[0m?[1m{?[0m?[3moffset?[0m?[2m=?[0m157?[1m}?[0m?[2m:?[0m?[1mhpack::decode?[0m?[2m:?[0m ?[2mh2::hpack::decoder?[0m?[2m:?[0m ?[3mrem?[0m?[2m=?[0m84 ?[3mkind?[0m?[2m=?[0mIndexed
15:05:16.517 [Thread-5] DEBUG i.pact.plugins.jvm.core.ChildProcess - Plugin protobuf [46038] || ?[2m2023-03-27T09:35:16.517099Z?[0m ?[35mTRACE?[0m tokio-runtime-worker ?[1mserver_handshake?[0m?[2m:?[0m?[1mConnection?[0m?[1m{?[0m?[3mpeer?[0m?[2m=?[0mServer?[1m}?[0m?[2m:?[0m?[1mpoll?[0m?[2m:?[0m?[1mFramedRead::poll_next?[0m?[2m:?[0m?[1mFramedRead::decode_frame?[0m?[1m{?[0m?[3moffset?[0m?[2m=?[0m157?[1m}?[0m?[2m:?[0m?[1mhpack::decode?[0m?[2m:?[0m ?[2mh2::hpack::decoder?[0m?[2m:?[0m ?[3mrem?[0m?[2m=?[0m83 ?[3mkind?[0m?[2m=?[0mIndexed
15:05:16.517 [Thread-5] DEBUG i.pact.plugins.jvm.core.ChildProcess - Plugin protobuf [46038] || ?[2m2023-03-27T09:35:16.517115Z?[0m ?[35mTRACE?[0m tokio-runtime-worker ?[1mserver_handshake?[0m?[2m:?[0m?[1mConnection?[0m?[1m{?[0m?[3mpeer?[0m?[2m=?[0mServer?[1m}?[0m?[2m:?[0m?[1mpoll?[0m?[2m:?[0m?[1mFramedRead::poll_next?[0m?[2m:?[0m?[1mFramedRead::decode_frame?[0m?[1m{?[0m?[3moffset?[0m?[2m=?[0m157?[1m}?[0m?[2m:?[0m?[1mhpack::decode?[0m?[2m:?[0m ?[2mh2::hpack::decoder?[0m?[2m:?[0m ?[3mrem?[0m?[2m=?[0m82 ?[3mkind?[0m?[2m=?[0mLiteralWithIndexing
15:05:16.517 [Thread-5] DEBUG i.pact.plugins.jvm.core.ChildProcess - Plugin protobuf [46038] || ?[2m2023-03-27T09:35:16.517134Z?[0m ?[35mTRACE?[0m tokio-runtime-worker ?[1mserver_handshake?[0m?[2m:?[0m?[1mConnection?[0m?[1m{?[0m?[3mpeer?[0m?[2m=?[0mServer?[1m}?[0m?[2m:?[0m?[1mpoll?[0m?[2m:?[0m?[1mFramedRead::poll_next?[0m?[2m:?[0m?[1mFramedRead::decode_frame?[0m?[1m{?[0m?[3moffset?[0m?[2m=?[0m157?[1m}?[0m?[2m:?[0m?[1mhpack::decode?[0m?[2m:?[0m ?[2mh2::hpack::decoder?[0m?[2m:?[0m ?[3mrem?[0m?[2m=?[0m64 ?[3mkind?[0m?[2m=?[0mLiteralWithIndexing
15:05:16.517 [Thread-5] DEBUG i.pact.plugins.jvm.core.ChildProcess - Plugin protobuf [46038] || ?[2m2023-03-27T09:35:16.517151Z?[0m ?[35mTRACE?[0m tokio-runtime-worker ?[1mserver_handshake?[0m?[2m:?[0m?[1mConnection?[0m?[1m{?[0m?[3mpeer?[0m?[2m=?[0mServer?[1m}?[0m?[2m:?[0m?[1mpoll?[0m?[2m:?[0m?[1mFramedRead::poll_next?[0m?[2m:?[0m?[1mFramedRead::decode_frame?[0m?[1m{?[0m?[3moffset?[0m?[2m=?[0m157?[1m}?[0m?[2m:?[0m?[1mhpack::decode?[0m?[2m:?[0m ?[2mh2::hpack::decoder?[0m?[2m:?[0m ?[3mrem?[0m?[2m=?[0m51 ?[3mkind?[0m?[2m=?[0mLiteralWithIndexing
15:05:16.517 [Thread-5] DEBUG i.pact.plugins.jvm.core.ChildProcess - Plugin protobuf [46038] || ?[2m2023-03-27T09:35:16.517167Z?[0m ?[35mTRACE?[0m tokio-runtime-worker ?[1mserver_handshake?[0m?[2m:?[0m?[1mConnection?[0m?[1m{?[0m?[3mpeer?[0m?[2m=?[0mServer?[1m}?[0m?[2m:?[0m?[1mpoll?[0m?[2m:?[0m?[1mFramedRead::poll_next?[0m?[2m:?[0m?[1mFramedRead::decode_frame?[0m?[1m{?[0m?[3moffset?[0m?[2m=?[0m157?[1m}?[0m?[2m:?[0m?[1mhpack::decode?[0m?[2m:?[0m ?[2mh2::hpack::decoder?[0m?[2m:?[0m ?[3mrem?[0m?[2m=?[0m27 ?[3mkind?[0m?[2m=?[0mLiteralWithIndexing
15:05:16.517 [Thread-5] DEBUG i.pact.plugins.jvm.core.ChildProcess - Plugin protobuf [46038] || ?[2m2023-03-27T09:35:16.517195Z?[0m ?[34mDEBUG?[0m tokio-runtime-worker ?[1mserver_handshake?[0m?[2m:?[0m?[1mConnection?[0m?[1m{?[0m?[3mpeer?[0m?[2m=?[0mServer?[1m}?[0m?[2m:?[0m?[1mpoll?[0m?[2m:?[0m?[1mFramedRead::poll_next?[0m?[2m:?[0m ?[2mh2::codec::framed_read?[0m?[2m:?[0m received ?[3mframe?[0m?[2m=?[0mHeaders { stream_id: StreamId(3), flags: (0x24: END_HEADERS | PRIORITY), stream_dep: StreamDependency { dependency_id: StreamId(0), weight: 15, is_exclusive: false } }
15:05:16.517 [Thread-5] DEBUG i.pact.plugins.jvm.core.ChildProcess - Plugin protobuf [46038] || ?[2m2023-03-27T09:35:16.517228Z?[0m ?[35mTRACE?[0m tokio-runtime-worker ?[1mserver_handshake?[0m?[2m:?[0m?[1mConnection?[0m?[1m{?[0m?[3mpeer?[0m?[2m=?[0mServer?[1m}?[0m?[2m:?[0m?[1mpoll?[0m?[2m:?[0m ?[2mh2::proto::connection?[0m?[2m:?[0m recv HEADERS ?[3mframe?[0m?[2m=?[0mHeaders { stream_id: StreamId(3), flags: (0x24: END_HEADERS | PRIORITY), stream_dep: StreamDependency { dependency_id: StreamId(0), weight: 15, is_exclusive: false } }
15:05:16.517 [Thread-5] DEBUG i.pact.plugins.jvm.core.ChildProcess - Plugin protobuf [46038] || ?[2m2023-03-27T09:35:16.517251Z?[0m ?[35mTRACE?[0m tokio-runtime-worker ?[1mserver_handshake?[0m?[2m:?[0m?[1mConnection?[0m?[1m{?[0m?[3mpeer?[0m?[2m=?[0mServer?[1m}?[0m?[2m:?[0m?[1mpoll?[0m?[2m:?[0m ?[2mh2::proto::streams::flow_control?[0m?[2m:?[0m inc_window; sz=1048576; old=0; new=1048576
15:05:16.517 [Thread-5] DEBUG i.pact.plugins.jvm.core.ChildProcess - Plugin protobuf [46038] || ?[2m2023-03-27T09:35:16.517265Z?[0m ?[35mTRACE?[0m tokio-runtime-worker ?[1mserver_handshake?[0m?[2m:?[0m?[1mConnection?[0m?[1m{?[0m?[3mpeer?[0m?[2m=?[0mServer?[1m}?[0m?[2m:?[0m?[1mpoll?[0m?[2m:?[0m ?[2mh2::proto::streams::flow_control?[0m?[2m:?[0m inc_window; sz=1048576; old=0; new=1048576
15:05:16.517 [Thread-5] DEBUG i.pact.plugins.jvm.core.ChildProcess - Plugin protobuf [46038] || ?[2m2023-03-27T09:35:16.517284Z?[0m ?[35mTRACE?[0m tokio-runtime-worker ?[1mserver_handshake?[0m?[2m:?[0m?[1mConnection?[0m?[1m{?[0m?[3mpeer?[0m?[2m=?[0mServer?[1m}?[0m?[2m:?[0m?[1mpoll?[0m?[2m:?[0m ?[2mh2::proto::streams::streams?[0m?[2m:?[0m recv_headers; stream=StreamId(3); state=State { inner: Idle }
15:05:16.517 [Thread-5] DEBUG i.pact.plugins.jvm.core.ChildProcess - Plugin protobuf [46038] || ?[2m2023-03-27T09:35:16.517328Z?[0m ?[35mTRACE?[0m tokio-runtime-worker ?[1mserver_handshake?[0m?[2m:?[0m?[1mConnection?[0m?[1m{?[0m?[3mpeer?[0m?[2m=?[0mServer?[1m}?[0m?[2m:?[0m?[1mpoll?[0m?[2m:?[0m ?[2mh2::proto::streams::recv?[0m?[2m:?[0m opening stream; init_window=1048576
15:05:16.517 [Thread-5] DEBUG i.pact.plugins.jvm.core.ChildProcess - Plugin protobuf [46038] || ?[2m2023-03-27T09:35:16.517352Z?[0m ?[35mTRACE?[0m tokio-runtime-worker ?[1mserver_handshake?[0m?[2m:?[0m?[1mConnection?[0m?[1m{?[0m?[3mpeer?[0m?[2m=?[0mServer?[1m}?[0m?[2m:?[0m?[1mpoll?[0m?[2m:?[0m ?[2mh2::proto::streams::store?[0m?[2m:?[0m Queue::push
15:05:16.517 [Thread-5] DEBUG i.pact.plugins.jvm.core.ChildProcess - Plugin protobuf [46038] || ?[2m2023-03-27T09:35:16.517367Z?[0m ?[35mTRACE?[0m tokio-runtime-worker ?[1mserver_handshake?[0m?[2m:?[0m?[1mConnection?[0m?[1m{?[0m?[3mpeer?[0m?[2m=?[0mServer?[1m}?[0m?[2m:?[0m?[1mpoll?[0m?[2m:?[0m ?[2mh2::proto::streams::store?[0m?[2m:?[0m  -> first entry
15:05:16.517 [Thread-5] DEBUG i.pact.plugins.jvm.core.ChildProcess - Plugin protobuf [46038] || ?[2m2023-03-27T09:35:16.517385Z?[0m ?[35mTRACE?[0m tokio-runtime-worker ?[1mserver_handshake?[0m?[2m:?[0m?[1mConnection?[0m?[1m{?[0m?[3mpeer?[0m?[2m=?[0mServer?[1m}?[0m?[2m:?[0m?[1mpoll?[0m?[2m:?[0m ?[2mh2::proto::streams::counts?[0m?[2m:?[0m transition_after; stream=StreamId(3); state=State { inner: Open { local: AwaitingHeaders, remote: Streaming } }; is_closed=false; pending_send_empty=true; buffered_send_data=0; num_recv=1; num_send=0
15:05:16.517 [Thread-5] DEBUG i.pact.plugins.jvm.core.ChildProcess - Plugin protobuf [46038] || ?[2m2023-03-27T09:35:16.517449Z?[0m ?[35mTRACE?[0m tokio-runtime-worker ?[1mserver_handshake?[0m?[2m:?[0m?[1mConnection?[0m?[1m{?[0m?[3mpeer?[0m?[2m=?[0mServer?[1m}?[0m?[2m:?[0m?[1mpoll?[0m?[2m:?[0m?[1mFramedRead::poll_next?[0m?[2m:?[0m ?[2mh2::codec::framed_read?[0m?[2m:?[0m poll
15:05:16.517 [Thread-5] DEBUG i.pact.plugins.jvm.core.ChildProcess - Plugin protobuf [46038] || ?[2m2023-03-27T09:35:16.517474Z?[0m ?[35mTRACE?[0m tokio-runtime-worker ?[1mserver_handshake?[0m?[2m:?[0m?[1mConnection?[0m?[1m{?[0m?[3mpeer?[0m?[2m=?[0mServer?[1m}?[0m?[2m:?[0m?[1mpoll?[0m?[2m:?[0m?[1mFramedRead::poll_next?[0m?[2m:?[0m ?[2mtokio_util::codec::framed_impl?[0m?[2m:?[0m attempting to decode a frame
15:05:16.517 [Thread-5] DEBUG i.pact.plugins.jvm.core.ChildProcess - Plugin protobuf [46038] || ?[2m2023-03-27T09:35:16.517490Z?[0m ?[35mTRACE?[0m tokio-runtime-worker ?[1mserver_handshake?[0m?[2m:?[0m?[1mConnection?[0m?[1m{?[0m?[3mpeer?[0m?[2m=?[0mServer?[1m}?[0m?[2m:?[0m?[1mpoll?[0m?[2m:?[0m?[1mFramedRead::poll_next?[0m?[2m:?[0m ?[2mtokio_util::codec::framed_impl?[0m?[2m:?[0m frame decoded from buffer
15:05:16.517 [Thread-5] DEBUG i.pact.plugins.jvm.core.ChildProcess - Plugin protobuf [46038] || ?[2m2023-03-27T09:35:16.517540Z?[0m ?[35mTRACE?[0m tokio-runtime-worker ?[1mserver_handshake?[0m?[2m:?[0m?[1mConnection?[0m?[1m{?[0m?[3mpeer?[0m?[2m=?[0mServer?[1m}?[0m?[2m:?[0m?[1mpoll?[0m?[2m:?[0m?[1mFramedRead::poll_next?[0m?[2m:?[0m ?[2mh2::codec::framed_read?[0m?[2m:?[0m ?[3mread.bytes?[0m?[2m=?[0m26
15:05:16.517 [Thread-5] DEBUG i.pact.plugins.jvm.core.ChildProcess - Plugin protobuf [46038] || ?[2m2023-03-27T09:35:16.517568Z?[0m ?[35mTRACE?[0m tokio-runtime-worker ?[1mserver_handshake?[0m?[2m:?[0m?[1mConnection?[0m?[1m{?[0m?[3mpeer?[0m?[2m=?[0mServer?[1m}?[0m?[2m:?[0m?[1mpoll?[0m?[2m:?[0m?[1mFramedRead::poll_next?[0m?[2m:?[0m?[1mFramedRead::decode_frame?[0m?[1m{?[0m?[3moffset?[0m?[2m=?[0m26?[1m}?[0m?[2m:?[0m ?[2mh2::codec::framed_read?[0m?[2m:?[0m decoding frame from 26B
15:05:16.517 [Thread-5] DEBUG i.pact.plugins.jvm.core.ChildProcess - Plugin protobuf [46038] || ?[2m2023-03-27T09:35:16.517584Z?[0m ?[35mTRACE?[0m tokio-runtime-worker ?[1mserver_handshake?[0m?[2m:?[0m?[1mConnection?[0m?[1m{?[0m?[3mpeer?[0m?[2m=?[0mServer?[1m}?[0m?[2m:?[0m?[1mpoll?[0m?[2m:?[0m?[1mFramedRead::poll_next?[0m?[2m:?[0m?[1mFramedRead::decode_frame?[0m?[1m{?[0m?[3moffset?[0m?[2m=?[0m26?[1m}?[0m?[2m:?[0m ?[2mh2::codec::framed_read?[0m?[2m:?[0m ?[3mframe.kind?[0m?[2m=?[0mData
15:05:16.517 [Thread-5] DEBUG i.pact.plugins.jvm.core.ChildProcess - Plugin protobuf [46038] || ?[2m2023-03-27T09:35:16.517609Z?[0m ?[34mDEBUG?[0m tokio-runtime-worker ?[1mserver_handshake?[0m?[2m:?[0m?[1mConnection?[0m?[1m{?[0m?[3mpeer?[0m?[2m=?[0mServer?[1m}?[0m?[2m:?[0m?[1mpoll?[0m?[2m:?[0m?[1mFramedRead::poll_next?[0m?[2m:?[0m ?[2mh2::codec::framed_read?[0m?[2m:?[0m received ?[3mframe?[0m?[2m=?[0mData { stream_id: StreamId(3), flags: (0x1: END_STREAM) }
15:05:16.517 [Thread-5] DEBUG i.pact.plugins.jvm.core.ChildProcess - Plugin protobuf [46038] || ?[2m2023-03-27T09:35:16.517640Z?[0m ?[35mTRACE?[0m tokio-runtime-worker ?[1mserver_handshake?[0m?[2m:?[0m?[1mConnection?[0m?[1m{?[0m?[3mpeer?[0m?[2m=?[0mServer?[1m}?[0m?[2m:?[0m?[1mpoll?[0m?[2m:?[0m ?[2mh2::proto::connection?[0m?[2m:?[0m recv DATA ?[3mframe?[0m?[2m=?[0mData { stream_id: StreamId(3), flags: (0x1: END_STREAM) }
15:05:16.517 [Thread-5] DEBUG i.pact.plugins.jvm.core.ChildProcess - Plugin protobuf [46038] || ?[2m2023-03-27T09:35:16.517661Z?[0m ?[35mTRACE?[0m tokio-runtime-worker ?[1mserver_handshake?[0m?[2m:?[0m?[1mConnection?[0m?[1m{?[0m?[3mpeer?[0m?[2m=?[0mServer?[1m}?[0m?[2m:?[0m?[1mpoll?[0m?[2m:?[0m ?[2mh2::proto::streams::recv?[0m?[2m:?[0m recv_data; size=17; connection=1048576; stream=1048576
15:05:16.517 [Thread-5] DEBUG i.pact.plugins.jvm.core.ChildProcess - Plugin protobuf [46038] || ?[2m2023-03-27T09:35:16.517693Z?[0m ?[35mTRACE?[0m tokio-runtime-worker ?[1mserver_handshake?[0m?[2m:?[0m?[1mConnection?[0m?[1m{?[0m?[3mpeer?[0m?[2m=?[0mServer?[1m}?[0m?[2m:?[0m?[1mpoll?[0m?[2m:?[0m ?[2mh2::proto::streams::flow_control?[0m?[2m:?[0m send_data; sz=17; window=1048576; available=1048576
15:05:16.517 [Thread-5] DEBUG i.pact.plugins.jvm.core.ChildProcess - Plugin protobuf [46038] || ?[2m2023-03-27T09:35:16.517717Z?[0m ?[35mTRACE?[0m tokio-runtime-worker ?[1mserver_handshake?[0m?[2m:?[0m?[1mConnection?[0m?[1m{?[0m?[3mpeer?[0m?[2m=?[0mServer?[1m}?[0m?[2m:?[0m?[1mpoll?[0m?[2m:?[0m ?[2mh2::proto::streams::state?[0m?[2m:?[0m recv_close: Open => HalfClosedRemote(AwaitingHeaders)
15:05:16.517 [Thread-5] DEBUG i.pact.plugins.jvm.core.ChildProcess - Plugin protobuf [46038] || ?[2m2023-03-27T09:35:16.517734Z?[0m ?[35mTRACE?[0m tokio-runtime-worker ?[1mserver_handshake?[0m?[2m:?[0m?[1mConnection?[0m?[1m{?[0m?[3mpeer?[0m?[2m=?[0mServer?[1m}?[0m?[2m:?[0m?[1mpoll?[0m?[2m:?[0m ?[2mh2::proto::streams::flow_control?[0m?[2m:?[0m send_data; sz=17; window=1048576; available=1048576
15:05:16.517 [Thread-5] DEBUG i.pact.plugins.jvm.core.ChildProcess - Plugin protobuf [46038] || ?[2m2023-03-27T09:35:16.517769Z?[0m ?[35mTRACE?[0m tokio-runtime-worker ?[1mserver_handshake?[0m?[2m:?[0m?[1mConnection?[0m?[1m{?[0m?[3mpeer?[0m?[2m=?[0mServer?[1m}?[0m?[2m:?[0m?[1mpoll?[0m?[2m:?[0m ?[2mh2::proto::streams::counts?[0m?[2m:?[0m transition_after; stream=StreamId(3); state=State { inner: HalfClosedRemote(AwaitingHeaders) }; is_closed=false; pending_send_empty=true; buffered_send_data=0; num_recv=1; num_send=0
15:05:16.517 [Thread-5] DEBUG i.pact.plugins.jvm.core.ChildProcess - Plugin protobuf [46038] || ?[2m2023-03-27T09:35:16.517814Z?[0m ?[35mTRACE?[0m tokio-runtime-worker ?[1mserver_handshake?[0m?[2m:?[0m?[1mConnection?[0m?[1m{?[0m?[3mpeer?[0m?[2m=?[0mServer?[1m}?[0m?[2m:?[0m?[1mpoll?[0m?[2m:?[0m?[1mFramedRead::poll_next?[0m?[2m:?[0m ?[2mh2::codec::framed_read?[0m?[2m:?[0m poll
15:05:16.517 [Thread-5] DEBUG i.pact.plugins.jvm.core.ChildProcess - Plugin protobuf [46038] || ?[2m2023-03-27T09:35:16.517831Z?[0m ?[35mTRACE?[0m tokio-runtime-worker ?[1mserver_handshake?[0m?[2m:?[0m?[1mConnection?[0m?[1m{?[0m?[3mpeer?[0m?[2m=?[0mServer?[1m}?[0m?[2m:?[0m?[1mpoll?[0m?[2m:?[0m?[1mFramedRead::poll_next?[0m?[2m:?[0m ?[2mtokio_util::codec::framed_impl?[0m?[2m:?[0m attempting to decode a frame
15:05:16.517 [Thread-5] DEBUG i.pact.plugins.jvm.core.ChildProcess - Plugin protobuf [46038] || ?[2m2023-03-27T09:35:16.517873Z?[0m ?[35mTRACE?[0m tokio-runtime-worker ?[1mserver_handshake?[0m?[2m:?[0m?[1mConnection?[0m?[1m{?[0m?[3mpeer?[0m?[2m=?[0mServer?[1m}?[0m?[2m:?[0m?[1mpoll?[0m?[2m:?[0m ?[2mh2::proto::streams::prioritize?[0m?[2m:?[0m poll_complete
15:05:16.517 [Thread-5] DEBUG i.pact.plugins.jvm.core.ChildProcess - Plugin protobuf [46038] || ?[2m2023-03-27T09:35:16.517887Z?[0m ?[35mTRACE?[0m tokio-runtime-worker ?[1mserver_handshake?[0m?[2m:?[0m?[1mConnection?[0m?[1m{?[0m?[3mpeer?[0m?[2m=?[0mServer?[1m}?[0m?[2m:?[0m?[1mpoll?[0m?[2m:?[0m ?[2mh2::proto::streams::prioritize?[0m?[2m:?[0m schedule_pending_open
15:05:16.517 [Thread-5] DEBUG i.pact.plugins.jvm.core.ChildProcess - Plugin protobuf [46038] || ?[2m2023-03-27T09:35:16.517920Z?[0m ?[35mTRACE?[0m tokio-runtime-worker ?[1mserver_handshake?[0m?[2m:?[0m?[1mConnection?[0m?[1m{?[0m?[3mpeer?[0m?[2m=?[0mServer?[1m}?[0m?[2m:?[0m?[1mpoll?[0m?[2m:?[0m?[1mFramedWrite::flush?[0m?[2m:?[0m ?[2mh2::codec::framed_write?[0m?[2m:?[0m flushing buffer
15:05:16.518 [Thread-5] DEBUG i.pact.plugins.jvm.core.ChildProcess - Plugin protobuf [46038] || ?[2m2023-03-27T09:35:16.517961Z?[0m ?[35mTRACE?[0m tokio-runtime-worker ?[2mh2::proto::streams::streams?[0m?[2m:?[0m next_incoming; id=StreamId(3), state=State { inner: HalfClosedRemote(AwaitingHeaders) }
15:05:16.518 [Thread-5] DEBUG i.pact.plugins.jvm.core.ChildProcess - Plugin protobuf [46038] || ?[2m2023-03-27T09:35:16.517974Z?[0m ?[35mTRACE?[0m tokio-runtime-worker ?[2mh2::server?[0m?[2m:?[0m received incoming
15:05:16.518 [Thread-5] DEBUG i.pact.plugins.jvm.core.ChildProcess - Plugin protobuf [46038] || ?[2m2023-03-27T09:35:16.517993Z?[0m ?[35mTRACE?[0m tokio-runtime-worker ?[2mhyper::proto::h2::server?[0m?[2m:?[0m incoming request
15:05:16.518 [Thread-5] DEBUG i.pact.plugins.jvm.core.ChildProcess - Plugin protobuf [46038] || ?[2m2023-03-27T09:35:16.518035Z?[0m ?[34mDEBUG?[0m tokio-runtime-worker ?[1mrequest?[0m?[1m{?[0m?[3mmethod?[0m?[2m=?[0mPOST ?[3muri?[0m?[2m=?[0mhttp://127.0.0.1:53791/area_calculator.Calculator/calculateOne ?[3mversion?[0m?[2m=?[0mHTTP/2.0?[1m}?[0m?[2m:?[0m ?[2mtower_http::trace::on_request?[0m?[2m:?[0m started processing request
15:05:16.519 [Thread-5] DEBUG i.pact.plugins.jvm.core.ChildProcess - Plugin protobuf [46038] || ?[2m2023-03-27T09:35:16.519528Z?[0m ?[35mTRACE?[0m tokio-runtime-worker ?[1mserver_handshake?[0m?[2m:?[0m?[1mConnection?[0m?[1m{?[0m?[3mpeer?[0m?[2m=?[0mServer?[1m}?[0m?[2m:?[0m?[1mpoll?[0m?[2m:?[0m ?[2mh2::proto::connection?[0m?[2m:?[0m ?[3mconnection.state?[0m?[2m=?[0mOpen
15:05:16.519 [Thread-5] DEBUG i.pact.plugins.jvm.core.ChildProcess - Plugin protobuf [46038] || ?[2m2023-03-27T09:35:16.519571Z?[0m ?[35mTRACE?[0m tokio-runtime-worker ?[1mserver_handshake?[0m?[2m:?[0m?[1mConnection?[0m?[1m{?[0m?[3mpeer?[0m?[2m=?[0mServer?[1m}?[0m?[2m:?[0m?[1mpoll?[0m?[2m:?[0m?[1mFramedRead::poll_next?[0m?[2m:?[0m ?[2mh2::codec::framed_read?[0m?[2m:?[0m poll
15:05:16.519 [Thread-5] DEBUG i.pact.plugins.jvm.core.ChildProcess - Plugin protobuf [46038] || ?[2m2023-03-27T09:35:16.519604Z?[0m ?[35mTRACE?[0m tokio-runtime-worker ?[1mserver_handshake?[0m?[2m:?[0m?[1mConnection?[0m?[1m{?[0m?[3mpeer?[0m?[2m=?[0mServer?[1m}?[0m?[2m:?[0m?[1mpoll?[0m?[2m:?[0m ?[2mh2::proto::streams::prioritize?[0m?[2m:?[0m poll_complete
15:05:16.519 [Thread-5] DEBUG i.pact.plugins.jvm.core.ChildProcess - Plugin protobuf [46038] || ?[2m2023-03-27T09:35:16.519617Z?[0m ?[35mTRACE?[0m tokio-runtime-worker ?[1mserver_handshake?[0m?[2m:?[0m?[1mConnection?[0m?[1m{?[0m?[3mpeer?[0m?[2m=?[0mServer?[1m}?[0m?[2m:?[0m?[1mpoll?[0m?[2m:?[0m ?[2mh2::proto::streams::prioritize?[0m?[2m:?[0m schedule_pending_open
15:05:16.519 [Thread-5] DEBUG i.pact.plugins.jvm.core.ChildProcess - Plugin protobuf [46038] || ?[2m2023-03-27T09:35:16.519652Z?[0m ?[35mTRACE?[0m tokio-runtime-worker ?[1mserver_handshake?[0m?[2m:?[0m?[1mConnection?[0m?[1m{?[0m?[3mpeer?[0m?[2m=?[0mServer?[1m}?[0m?[2m:?[0m?[1mpoll?[0m?[2m:?[0m?[1mFramedWrite::flush?[0m?[2m:?[0m ?[2mh2::codec::framed_write?[0m?[2m:?[0m flushing buffer
15:05:16.520 [Thread-5] DEBUG i.pact.plugins.jvm.core.ChildProcess - Plugin protobuf [46038] || ?[2m2023-03-27T09:35:16.519728Z?[0m ?[35mTRACE?[0m tokio-runtime-worker ?[1mrequest?[0m?[1m{?[0m?[3mmethod?[0m?[2m=?[0mPOST ?[3muri?[0m?[2m=?[0mhttp://127.0.0.1:53791/area_calculator.Calculator/calculateOne ?[3mversion?[0m?[2m=?[0mHTTP/2.0?[1m}?[0m?[2m:?[0m?[1mcall?[0m?[1m{?[0m?[3mself?[0m?[2m=?[0mGrpcMockServer { pact: V4Pact { consumer: Consumer { name: "grpc-consumer-jvm" }, provider: Provider { name: "area-calculator-provider" }, interactions: [SynchronousMessage { id: None, key: Some("c7fbe3ee"), description: "calculate rectangle area request", provider_states: [], comments: {"testname": String("io.pact.example.grpc.consumer.PactConsumerTest.calculateRectangleArea(MockServer, SynchronousMessages)")}, request: MessageContents { contents: Present(b"\x12\n\r\0\0@@\x15\0\0\x80@", Some(ContentType { main_type: "application", sub_type: "protobuf", attributes: {"message": "ShapeMessage"}, suffix: None }), Some(BINARY)), metadata: {}, matching_rules: MatchingRules { rules: {BODY: MatchingRuleCategory { name: BODY, rules: {DocPath { path_tokens: [Root, Field("rectangle"), Field("length")], expr: "$.rectangle.length" }: RuleList { rules: [Number], rule_logic: And, cascaded: false }, DocPath { path_tokens: [Root, Field("rectangle"), Field("width")], expr: "$.rectangle.width" }: RuleList { rules: [Number], rule_logic: And, cascaded: false }} }} }, generators: Generators { categories: {} } }, response: [MessageContents { contents: Present(b"\r\0\0@A", Some(ContentType { main_type: "application", sub_type: "protobuf", attributes: {"message": "AreaResponse"}, suffix: None }), Some(BINARY)), metadata: {}, matching_rules: MatchingRules { rules: {BODY: MatchingRuleCategory { name: BODY, rules: {DocPath { path_tokens: [Root, Field("value")], expr: "$.value" }: RuleList { rules: [Number], rule_logic: And, cascaded: false }} }} }, generators: Generators { categories: {} } }], pending: false, plugin_config: {"protobuf": {"service": String("Calculator/calculateOne"), "descriptorKey": String("a85dff8f82655a9681aad113575dcfbb")}}, interaction_markup: InteractionMarkup { markup: "```protobuf\nmessage ShapeMessage {\n    message .area_calculator.Rectangle rectangle = 2;\n}\n```\n\n```protobuf\nmessage AreaResponse {\n    float value = 1;\n}\n```\n", markup_type: "COMMON_MARK" }, transport: None }], metadata: {"pact-jvm": Object({"version": String("4.4.2")}), "pactSpecification": Object({"version": String("4.0")})}, plugin_data: [PluginData { name: "protobuf", version: "0.1.5", configuration: {"a85dff8f82655a9681aad113575dcfbb": Object({"protoDescriptors": String("CsoHChVhcmVhX2NhbGN1bGF0b3IucHJvdG8SD2FyZWFfY2FsY3VsYXRvciK6AgoMU2hhcGVNZXNzYWdlEjEKBnNxdWFyZRgBIAEoCzIXLmFyZWFfY2FsY3VsYXRvci5TcXVhcmVIAFIGc3F1YXJlEjoKCXJlY3RhbmdsZRgCIAEoCzIaLmFyZWFfY2FsY3VsYXRvci5SZWN0YW5nbGVIAFIJcmVjdGFuZ2xlEjEKBmNpcmNsZRgDIAEoCzIXLmFyZWFfY2FsY3VsYXRvci5DaXJjbGVIAFIGY2lyY2xlEjcKCHRyaWFuZ2xlGAQgASgLMhkuYXJlYV9jYWxjdWxhdG9yLlRyaWFuZ2xlSABSCHRyaWFuZ2xlEkYKDXBhcmFsbGVsb2dyYW0YBSABKAsyHi5hcmVhX2NhbGN1bGF0b3IuUGFyYWxsZWxvZ3JhbUgAUg1wYXJhbGxlbG9ncmFtQgcKBXNoYXBlIikKBlNxdWFyZRIfCgtlZGdlX2xlbmd0aBgBIAEoAlIKZWRnZUxlbmd0aCI5CglSZWN0YW5nbGUSFgoGbGVuZ3RoGAEgASgCUgZsZW5ndGgSFAoFd2lkdGgYAiABKAJSBXdpZHRoIiAKBkNpcmNsZRIWCgZyYWRpdXMYASABKAJSBnJhZGl1cyJPCghUcmlhbmdsZRIVCgZlZGdlX2EYASABKAJSBWVkZ2VBEhUKBmVkZ2VfYhgCIAEoAlIFZWRnZUISFQoGZWRnZV9jGAMgASgCUgVlZGdlQyJICg1QYXJhbGxlbG9ncmFtEh8KC2Jhc2VfbGVuZ3RoGAEgASgCUgpiYXNlTGVuZ3RoEhYKBmhlaWdodBgCIAEoAlIGaGVpZ2h0IkQKC0FyZWFSZXF1ZXN0EjUKBnNoYXBlcxgBIAMoCzIdLmFyZWFfY2FsY3VsYXRvci5TaGFwZU1lc3NhZ2VSBnNoYXBlcyIkCgxBcmVhUmVzcG9uc2USFAoFdmFsdWUYASADKAJSBXZhbHVlMq0BCgpDYWxjdWxhdG9yEk4KDGNhbGN1bGF0ZU9uZRIdLmFyZWFfY2FsY3VsYXRvci5TaGFwZU1lc3NhZ2UaHS5hcmVhX2NhbGN1bGF0b3IuQXJlYVJlc3BvbnNlIgASTwoOY2FsY3VsYXRlTXVsdGkSHC5hcmVhX2NhbGN1bGF0b3IuQXJlYVJlcXVlc3QaHS5hcmVhX2NhbGN1bGF0b3IuQXJlYVJlc3BvbnNlIgBCHFoXaW8ucGFjdC9hcmVhX2NhbGN1bGF0b3LQAgFiBnByb3RvMw=="), "protoFile": String("syntax = \"proto3\";\n\npackage area_calculator;\n\noption php_generic_services = true;\noption go_package = \"io.pact/area_calculator\";\n\nservice Calculator {\n  rpc calculateOne (ShapeMessage) returns (AreaResponse) {}\n  rpc calculateMulti (AreaRequest) returns (AreaResponse) {}\n}\n\nmessage ShapeMessage {\n  oneof shape {\n    Square square = 1;\n    Rectangle rectangle = 2;\n    Circle circle = 3;\n    Triangle triangle = 4;\n    Parallelogram parallelogram = 5;\n  }\n}\n\nmessage Square {\n  float edge_length = 1;\n}\n\nmessage Rectangle {\n  float length = 1;\n  float width = 2;\n}\n\nmessage Circle {\n  float radius = 1;\n}\n\nmessage Triangle {\n  float edge_a = 1;\n  float edge_b = 2;\n  float edge_c = 3;\n}\n\nmessage Parallelogram {\n  float base_length = 1;\n  float height = 2;\n}\n\nmessage AreaRequest {\n  repeated ShapeMessage shapes = 1;\n}\n\nmessage AreaResponse {\n  repeated float value = 1;\n}\n")})} }] }, plugin_config: PluginData { name: "protobuf", version: "0.1.5", configuration: {"a85dff8f82655a9681aad113575dcfbb": Object({"protoDescriptors": String("CsoHChVhcmVhX2NhbGN1bGF0b3IucHJvdG8SD2FyZWFfY2FsY3VsYXRvciK6AgoMU2hhcGVNZXNzYWdlEjEKBnNxdWFyZRgBIAEoCzIXLmFyZWFfY2FsY3VsYXRvci5TcXVhcmVIAFIGc3F1YXJlEjoKCXJlY3RhbmdsZRgCIAEoCzIaLmFyZWFfY2FsY3VsYXRvci5SZWN0YW5nbGVIAFIJcmVjdGFuZ2xlEjEKBmNpcmNsZRgDIAEoCzIXLmFyZWFfY2FsY3VsYXRvci5DaXJjbGVIAFIGY2lyY2xlEjcKCHRyaWFuZ2xlGAQgASgLMhkuYXJlYV9jYWxjdWxhdG9yLlRyaWFuZ2xlSABSCHRyaWFuZ2xlEkYKDXBhcmFsbGVsb2dyYW0YBSABKAsyHi5hcmVhX2NhbGN1bGF0b3IuUGFyYWxsZWxvZ3JhbUgAUg1wYXJhbGxlbG9ncmFtQgcKBXNoYXBlIikKBlNxdWFyZRIfCgtlZGdlX2xlbmd0aBgBIAEoAlIKZWRnZUxlbmd0aCI5CglSZWN0YW5nbGUSFgoGbGVuZ3RoGAEgASgCUgZsZW5ndGgSFAoFd2lkdGgYAiABKAJSBXdpZHRoIiAKBkNpcmNsZRIWCgZyYWRpdXMYASABKAJSBnJhZGl1cyJPCghUcmlhbmdsZRIVCgZlZGdlX2EYASABKAJSBWVkZ2VBEhUKBmVkZ2VfYhgCIAEoAlIFZWRnZUISFQoGZWRnZV9jGAMgASgCUgVlZGdlQyJICg1QYXJhbGxlbG9ncmFtEh8KC2Jhc2VfbGVuZ3RoGAEgASgCUgpiYXNlTGVuZ3RoEhYKBmhlaWdodBgCIAEoAlIGaGVpZ2h0IkQKC0FyZWFSZXF1ZXN0EjUKBnNoYXBlcxgBIAMoCzIdLmFyZWFfY2FsY3VsYXRvci5TaGFwZU1lc3NhZ2VSBnNoYXBlcyIkCgxBcmVhUmVzcG9uc2USFAoFdmFsdWUYASADKAJSBXZhbHVlMq0BCgpDYWxjdWxhdG9yEk4KDGNhbGN1bGF0ZU9uZRIdLmFyZWFfY2FsY3VsYXRvci5TaGFwZU1lc3NhZ2UaHS5hcmVhX2NhbGN1bGF0b3IuQXJlYVJlc3BvbnNlIgASTwoOY2FsY3VsYXRlTXVsdGkSHC5hcmVhX2NhbGN1bGF0b3IuQXJlYVJlcXVlc3QaHS5hcmVhX2NhbGN1bGF0b3IuQXJlYVJlc3BvbnNlIgBCHFoXaW8ucGFjdC9hcmVhX2NhbGN1bGF0b3LQAgFiBnByb3RvMw=="), "protoFile": String("syntax = \"proto3\";\n\npackage area_calculator;\n\noption php_generic_services = true;\noption go_package = \"io.pact/area_calculator\";\n\nservice Calculator {\n  rpc calculateOne (ShapeMessage) returns (AreaResponse) {}\n  rpc calculateMulti (AreaRequest) returns (AreaResponse) {}\n}\n\nmessage ShapeMessage {\n  oneof shape {\n    Square square = 1;\n    Rectangle rectangle = 2;\n    Circle circle = 3;\n    Triangle triangle = 4;\n    Parallelogram parallelogram = 5;\n  }\n}\n\nmessage Square {\n  float edge_length = 1;\n}\n\nmessage Rectangle {\n  float length = 1;\n  float width = 2;\n}\n\nmessage Circle {\n  float radius = 1;\n}\n\nmessage Triangle {\n  float edge_a = 1;\n  float edge_b = 2;\n  float edge_c = 3;\n}\n\nmessage Parallelogram {\n  float base_length = 1;\n  float height = 2;\n}\n\nmessage AreaRequest {\n  repeated ShapeMessage shapes = 1;\n}\n\nmessage AreaResponse {\n  repeated float value = 1;\n}\n")})} }, descriptors: {"a85dff8f82655a9681aad113575dcfbb": FileDescriptorSet { file: [FileDescriptorProto { name: Some("area_calculator.proto"), package: Some("area_calculator"), dependency: [], public_dependency: [], weak_dependency: [], message_type: [DescriptorProto { name: Some("ShapeMessage"), field: [FieldDescriptorProto { name: Some("square"), number: Some(1), label: Some(Optional), r#type: Some(Message), type_name: Some(".area_calculator.Square"), extendee: None, default_value: None, oneof_index: Some(0), json_name: Some("square"), options: None, proto3_optional: None }, FieldDescriptorProto { name: Some("rectangle"), number: Some(2), label: Some(Optional), r#type: Some(Message), type_name: Some(".area_calculator.Rectangle"), extendee: None, default_value: None, oneof_index: Some(0), json_name: Some("rectangle"), options: None, proto3_optional: None }, FieldDescriptorProto { name: Some("circle"), number: Some(3), label: Some(Optional), r#type: Some(Message), type_name: Some(".area_calculator.Circle"), extendee: None, default_value: None, oneof_index: Some(0), json_name: Some("circle"), options: None, proto3_optional: None }, FieldDescriptorProto { name: Some("triangle"), number: Some(4), label: Some(Optional), r#type: Some(Message), type_name: Some(".area_calculator.Triangle"), extendee: None, default_value: None, oneof_index: Some(0), json_name: Some("triangle"), options: None, proto3_optional: None }, FieldDescriptorProto { name: Some("parallelogram"), number: Some(5), label: Some(Optional), r#type: Some(Message), type_name: Some(".area_calculator.Parallelogram"), extendee: None, default_value: None, oneof_index: Some(0), json_name: Some("parallelogram"), options: None, proto3_optional: None }], extension: [], nested_type: [], enum_type: [], extension_range: [], oneof_decl: [OneofDescriptorProto { name: Some("shape"), options: None }], options: None, reserved_range: [], reserved_name: [] }, DescriptorProto { name: Some("Square"), field: [FieldDescriptorProto { name: Some("edge_length"), number: Some(1), label: Some(Optional), r#type: Some(Float), type_name: None, extendee: None, default_value: None, oneof_index: None, json_name: Some("edgeLength"), options: None, proto3_optional: None }], extension: [], nested_type: [], enum_type: [], extension_range: [], oneof_decl: [], options: None, reserved_range: [], reserved_name: [] }, DescriptorProto { name: Some("Rectangle"), field: [FieldDescriptorProto { name: Some("length"), number: Some(1), label: Some(Optional), r#type: Some(Float), type_name: None, extendee: None, default_value: None, oneof_index: None, json_name: Some("length"), options: None, proto3_optional: None }, FieldDescriptorProto { name: Some("width"), number: Some(2), label: Some(Optional), r#type: Some(Float), type_name: None, extendee: None, default_value: None, oneof_index: None, json_name: Some("width"), options: None, proto3_optional: None }], extension: [], nested_type: [], enum_type: [], extension_range: [], oneof_decl: [], options: None, reserved_range: [], reserved_name: [] }, DescriptorProto { name: Some("Circle"), field: [FieldDescriptorProto { name: Some("radius"), number: Some(1), label: Some(Optional), r#type: Some(Float), type_name: None, extendee: None, default_value: None, oneof_index: None, json_name: Some("radius"), options: None, proto3_optional: None }], extension: [], nested_type: [], enum_type: [], extension_range: [], oneof_decl: [], options: None, reserved_range: [], reserved_name: [] }, DescriptorProto { name: Some("Triangle"), field: [FieldDescriptorProto { name: Some("edge_a"), number: Some(1), label: Some(Optional), r#type: Some(Float), type_name: None, extendee: None, default_value: None, oneof_index: None, json_name: Some("edgeA"), options: None, proto3_optional: None }, FieldDescriptorProto { name: Some("edge_b"), number: Some(2), label: Some(Optional), r#type: Some(Float), type_name: None, extendee: None, default_value: None, oneof_index: None, json_name: Some("edgeB"), options: None, proto3_optional: None }, FieldDescriptorProto { name: Some("edge_c"), number: Some(3), label: Some(Optional), r#type: Some(Float), type_name: None, extendee: None, default_value: None, oneof_index: None, json_name: Some("edgeC"), options: None, proto3_optional: None }], extension: [], nested_type: [], enum_type: [], extension_range: [], oneof_decl: [], options: None, reserved_range: [], reserved_name: [] }, DescriptorProto { name: Some("Parallelogram"), field: [FieldDescriptorProto { name: Some("base_length"), number: Some(1), label: Some(Optional), r#type: Some(Float), type_name: None, extendee: None, default_value: None, oneof_index: None, json_name: Some("baseLength"), options: None, proto3_optional: None }, FieldDescriptorProto { name: Some("height"), number: Some(2), label: Some(Optional), r#type: Some(Float), type_name: None, extendee: None, default_value: None, oneof_index: None, json_name: Some("height"), options: None, proto3_optional: None }], extension: [], nested_type: [], enum_type: [], extension_range: [], oneof_decl: [], options: None, reserved_range: [], reserved_name: [] }, DescriptorProto { name: Some("AreaRequest"), field: [FieldDescriptorProto { name: Some("shapes"), number: Some(1), label: Some(Repeated), r#type: Some(Message), type_name: Some(".area_calculator.ShapeMessage"), extendee: None, default_value: None, oneof_index: None, json_name: Some("shapes"), options: None, proto3_optional: None }], extension: [], nested_type: [], enum_type: [], extension_range: [], oneof_decl: [], options: None, reserved_range: [], reserved_name: [] }, DescriptorProto { name: Some("AreaResponse"), field: [FieldDescriptorProto { name: Some("value"), number: Some(1), label: Some(Repeated), r#type: Some(Float), type_name: None, extendee: None, default_value: None, oneof_index: None, json_name: Some("value"), options: None, proto3_optional: None }], extension: [], nested_type: [], enum_type: [], extension_range: [], oneof_decl: [], options: None, reserved_range: [], reserved_name: [] }], enum_type: [], service: [ServiceDescriptorProto { name: Some("Calculator"), method: [MethodDescriptorProto { name: Some("calculateOne"), input_type: Some(".area_calculator.ShapeMessage"), output_type: Some(".area_calculator.AreaResponse"), options: Some(MethodOptions { deprecated: None, idempotency_level: None, uninterpreted_option: [] }), client_streaming: None, server_streaming: None }, MethodDescriptorProto { name: Some("calculateMulti"), input_type: Some(".area_calculator.AreaRequest"), output_type: Some(".area_calculator.AreaResponse"), options: Some(MethodOptions { deprecated: None, idempotency_level: None, uninterpreted_option: [] }), client_streaming: None, server_streaming: None }], options: None }], extension: [], options: Some(FileOptions { java_package: None, java_outer_classname: None, java_multiple_files: None, java_generate_equals_and_hash: None, java_string_check_utf8: None, optimize_for: None, go_package: Some("io.pact/area_calculator"), cc_generic_services: None, java_generic_services: None, py_generic_services: None, php_generic_services: Some(true), deprecated: None, cc_enable_arenas: None, objc_class_prefix: None, csharp_namespace: None, swift_prefix: None, php_class_prefix: None, php_namespace: None, php_metadata_namespace: None, ruby_package: None, uninterpreted_option: [] }), source_code_info: None, syntax: Some("proto3") }] }}, routes: {"Calculator/calculateOne": (FileDescriptorSet { file: [FileDescriptorProto { name: Some("area_calculator.proto"), package: Some("area_calculator"), dependency: [], public_dependency: [], weak_dependency: [], message_type: [DescriptorProto { name: Some("ShapeMessage"), field: [FieldDescriptorProto { name: Some("square"), number: Some(1), label: Some(Optional), r#type: Some(Message), type_name: Some(".area_calculator.Square"), extendee: None, default_value: None, oneof_index: Some(0), json_name: Some("square"), options: None, proto3_optional: None }, FieldDescriptorProto { name: Some("rectangle"), number: Some(2), label: Some(Optional), r#type: Some(Message), type_name: Some(".area_calculator.Rectangle"), extendee: None, default_value: None, oneof_index: Some(0), json_name: Some("rectangle"), options: None, proto3_optional: None }, FieldDescriptorProto { name: Some("circle"), number: Some(3), label: Some(Optional), r#type: Some(Message), type_name: Some(".area_calculator.Circle"), extendee: None, default_value: None, oneof_index: Some(0), json_name: Some("circle"), options: None, proto3_optional: None }, FieldDescriptorProto { name: Some("triangle"), number: Some(4), label: Some(Optional), r#type: Some(Message), type_name: Some(".area_calculator.Triangle"), extendee: None, default_value: None, oneof_index: Some(0), json_name: Some("triangle"), options: None, proto3_optional: None }, FieldDescriptorProto { name: Some("parallelogram"), number: Some(5), label: Some(Optional), r#type: Some(Message), type_name: Some(".area_calculator.Parallelogram"), extendee: None, default_value: None, oneof_index: Some(0), json_name: Some("parallelogram"), options: None, proto3_optional: None }], extension: [], nested_type: [], enum_type: [], extension_range: [], oneof_decl: [OneofDescriptorProto { name: Some("shape"), options: None }], options: None, reserved_range: [], reserved_name: [] }, DescriptorProto { name: Some("Square"), field: [FieldDescriptorProto { name: Some("edge_length"), number: Some(1), label: Some(Optional), r#type: Some(Float), type_name: None, extendee: None, default_value: None, oneof_index: None, json_name: Some("edgeLength"), options: None, proto3_optional: None }], extension: [], nested_type: [], enum_type: [], extension_range: [], oneof_decl: [], options: None, reserved_range: [], reserved_name: [] }, DescriptorProto { name: Some("Rectangle"), field: [FieldDescriptorProto { name: Some("length"), number: Some(1), label: Some(Optional), r#type: Some(Float), type_name: None, extendee: None, default_value: None, oneof_index: None, json_name: Some("length"), options: None, proto3_optional: None }, FieldDescriptorProto { name: Some("width"), number: Some(2), label: Some(Optional), r#type: Some(Float), type_name: None, extendee: None, default_value: None, oneof_index: None, json_name: Some("width"), options: None, proto3_optional: None }], extension: [], nested_type: [], enum_type: [], extension_range: [], oneof_decl: [], options: None, reserved_range: [], reserved_name: [] }, DescriptorProto { name: Some("Circle"), field: [FieldDescriptorProto { name: Some("radius"), number: Some(1), label: Some(Optional), r#type: Some(Float), type_name: None, extendee: None, default_value: None, oneof_index: None, json_name: Some("radius"), options: None, proto3_optional: None }], extension: [], nested_type: [], enum_type: [], extension_range: [], oneof_decl: [], options: None, reserved_range: [], reserved_name: [] }, DescriptorProto { name: Some("Triangle"), field: [FieldDescriptorProto { name: Some("edge_a"), number: Some(1), label: Some(Optional), r#type: Some(Float), type_name: None, extendee: None, default_value: None, oneof_index: None, json_name: Some("edgeA"), options: None, proto3_optional: None }, FieldDescriptorProto { name: Some("edge_b"), number: Some(2), label: Some(Optional), r#type: Some(Float), type_name: None, extendee: None, default_value: None, oneof_index: None, json_name: Some("edgeB"), options: None, proto3_optional: None }, FieldDescriptorProto { name: Some("edge_c"), number: Some(3), label: Some(Optional), r#type: Some(Float), type_name: None, extendee: None, default_value: None, oneof_index: None, json_name: Some("edgeC"), options: None, proto3_optional: None }], extension: [], nested_type: [], enum_type: [], extension_range: [], oneof_decl: [], options: None, reserved_range: [], reserved_name: [] }, DescriptorProto { name: Some("Parallelogram"), field: [FieldDescriptorProto { name: Some("base_length"), number: Some(1), label: Some(Optional), r#type: Some(Float), type_name: None, extendee: None, default_value: None, oneof_index: None, json_name: Some("baseLength"), options: None, proto3_optional: None }, FieldDescriptorProto { name: Some("height"), number: Some(2), label: Some(Optional), r#type: Some(Float), type_name: None, extendee: None, default_value: None, oneof_index: None, json_name: Some("height"), options: None, proto3_optional: None }], extension: [], nested_type: [], enum_type: [], extension_range: [], oneof_decl: [], options: None, reserved_range: [], reserved_name: [] }, DescriptorProto { name: Some("AreaRequest"), field: [FieldDescriptorProto { name: Some("shapes"), number: Some(1), label: Some(Repeated), r#type: Some(Message), type_name: Some(".area_calculator.ShapeMessage"), extendee: None, default_value: None, oneof_index: None, json_name: Some("shapes"), options: None, proto3_optional: None }], extension: [], nested_type: [], enum_type: [], extension_range: [], oneof_decl: [], options: None, reserved_range: [], reserved_name: [] }, DescriptorProto { name: Some("AreaResponse"), field: [FieldDescriptorProto { name: Some("value"), number: Some(1), label: Some(Repeated), r#type: Some(Float), type_name: None, extendee: None, default_value: None, oneof_index: None, json_name: Some("value"), options: None, proto3_optional: None }], extension: [], nested_type: [], enum_type: [], extension_range: [], oneof_decl: [], options: None, reserved_range: [], reserved_name: [] }], enum_type: [], service: [ServiceDescriptorProto { name: Some("Calculator"), method: [MethodDescriptorProto { name: Some("calculateOne"), input_type: Some(".area_calculator.ShapeMessage"), output_type: Some(".area_calculator.AreaResponse"), options: Some(MethodOptions { deprecated: None, idempotency_level: None, uninterpreted_option: [] }), client_streaming: None, server_streaming: None }, MethodDescriptorProto { name: Some("calculateMulti"), input_type: Some(".area_calculator.AreaRequest"), output_type: Some(".area_calculator.AreaResponse"), options: Some(MethodOptions { deprecated: None, idempotency_level: None, uninterpreted_option: [] }), client_streaming: None, server_streaming: None }], options: None }], extension: [], options: Some(FileOptions { java_package: None, java_outer_classname: None, java_multiple_files: None, java_generate_equals_and_hash: None, java_string_check_utf8: None, optimize_for: None, go_package: Some("io.pact/area_calculator"), cc_generic_services: None, java_generic_services: None, py_generic_services: None, php_generic_services: Some(true), deprecated: None, cc_enable_arenas: None, objc_class_prefix: None, csharp_namespace: None, swift_prefix: None, php_class_prefix: None, php_namespace: None, php_metadata_namespace: None, ruby_package: None, uninterpreted_option: [] }), source_code_info: None, syntax: Some("proto3") }] }, MethodDescriptorProto { name: Some("calculateOne"), input_type: Some(".area_calculator.ShapeMessage"), output_type: Some(".area_calculator.AreaResponse"), options: Some(MethodOptions { deprecated: None, idempotency_level: None, uninterpreted_option: [] }), client_streaming: None, server_streaming: None }, SynchronousMessage { id: None, key: Some("c7fbe3ee"), description: "calculate rectangle area request", provider_states: [], comments: {"testname": String("io.pact.example.grpc.consumer.PactConsumerTest.calculateRectangleArea(MockServer, SynchronousMessages)")}, request: MessageContents { contents: Present(b"\x12\n\r\0\0@@\x15\0\0\x80@", Some(ContentType { main_type: "application", sub_type: "protobuf", attributes: {"message": "ShapeMessage"}, suffix: None }), Some(BINARY)), metadata: {}, matching_rules: MatchingRules { rules: {BODY: MatchingRuleCategory { name: BODY, rules: {DocPath { path_tokens: [Root, Field("rectangle"), Field("length")], expr: "$.rectangle.length" }: RuleList { rules: [Number], rule_logic: And, cascaded: false }, DocPath { path_tokens: [Root, Field("rectangle"), Field("width")], expr: "$.rectangle.width" }: RuleList { rules: [Number], rule_logic: And, cascaded: false }} }} }, generators: Generators { categories: {} } }, response: [MessageContents { contents: Present(b"\r\0\0@A", Some(ContentType { main_type: "application", sub_type: "protobuf", attributes: {"message": "AreaResponse"}, suffix: None }), Some(BINARY)), metadata: {}, matching_rules: MatchingRules { rules: {BODY: MatchingRuleCategory { name: BODY, rules: {DocPath { path_tokens: [Root, Field("value")], expr: "$.value" }: RuleList { rules: [Number], rule_logic: And, cascaded: false }} }} }, generators: Generators { categories: {} } }], pending: false, plugin_config: {"protobuf": {"service": String("Calculator/calculateOne"), "descriptorKey": String("a85dff8f82655a9681aad113575dcfbb")}}, interaction_markup: InteractionMarkup { markup: "```protobuf\nmessage ShapeMessage {\n    message .area_calculator.Rectangle rectangle = 2;\n}\n```\n\n```protobuf\nmessage AreaResponse {\n    float value = 1;\n}\n```\n", markup_type: "COMMON_MARK" }, transport: None })}, server_key: "5cae5f82-fec2-43c6-9739-60d0383d84ec" } ?[3mreq?[0m?[2m=?[0mRequest { method: POST, uri: http://127.0.0.1:53791/area_calculator.Calculator/calculateOne, version: HTTP/2.0, headers: {"content-type": "application/grpc", "te": "trailers", "user-agent": "grpc-java-netty/1.49.0", "grpc-accept-encoding": "gzip"}, body: Body(Streaming) }?[1m}?[0m?[2m:?[0m?[1mmock_server_handler?[0m?[1m{?[0m?[3mkey?[0m?[2m=?[0m"5cae5f82-fec2-43c6-9739-60d0383d84ec"?[1m}?[0m?[2m:?[0m ?[2mpact_protobuf_plugin::mock_server?[0m?[2m:?[0m Got request Request { method: POST, uri: http://127.0.0.1:53791/area_calculator.Calculator/calculateOne, version: HTTP/2.0, headers: {"content-type": "application/grpc", "te": "trailers", "user-agent": "grpc-java-netty/1.49.0", "grpc-accept-encoding": "gzip"}, body: Body(Streaming) }
15:05:16.520 [Thread-5] DEBUG i.pact.plugins.jvm.core.ChildProcess - Plugin protobuf [46038] || ?[2m2023-03-27T09:35:16.519928Z?[0m ?[34mDEBUG?[0m tokio-runtime-worker ?[1mrequest?[0m?[1m{?[0m?[3mmethod?[0m?[2m=?[0mPOST ?[3muri?[0m?[2m=?[0mhttp://127.0.0.1:53791/area_calculator.Calculator/calculateOne ?[3mversion?[0m?[2m=?[0mHTTP/2.0?[1m}?[0m?[2m:?[0m?[1mcall?[0m?[1m{?[0m?[3mself?[0m?[2m=?[0mGrpcMockServer { pact: V4Pact { consumer: Consumer { name: "grpc-consumer-jvm" }, provider: Provider { name: "area-calculator-provider" }, interactions: [SynchronousMessage { id: None, key: Some("c7fbe3ee"), description: "calculate rectangle area request", provider_states: [], comments: {"testname": String("io.pact.example.grpc.consumer.PactConsumerTest.calculateRectangleArea(MockServer, SynchronousMessages)")}, request: MessageContents { contents: Present(b"\x12\n\r\0\0@@\x15\0\0\x80@", Some(ContentType { main_type: "application", sub_type: "protobuf", attributes: {"message": "ShapeMessage"}, suffix: None }), Some(BINARY)), metadata: {}, matching_rules: MatchingRules { rules: {BODY: MatchingRuleCategory { name: BODY, rules: {DocPath { path_tokens: [Root, Field("rectangle"), Field("length")], expr: "$.rectangle.length" }: RuleList { rules: [Number], rule_logic: And, cascaded: false }, DocPath { path_tokens: [Root, Field("rectangle"), Field("width")], expr: "$.rectangle.width" }: RuleList { rules: [Number], rule_logic: And, cascaded: false }} }} }, generators: Generators { categories: {} } }, response: [MessageContents { contents: Present(b"\r\0\0@A", Some(ContentType { main_type: "application", sub_type: "protobuf", attributes: {"message": "AreaResponse"}, suffix: None }), Some(BINARY)), metadata: {}, matching_rules: MatchingRules { rules: {BODY: MatchingRuleCategory { name: BODY, rules: {DocPath { path_tokens: [Root, Field("value")], expr: "$.value" }: RuleList { rules: [Number], rule_logic: And, cascaded: false }} }} }, generators: Generators { categories: {} } }], pending: false, plugin_config: {"protobuf": {"service": String("Calculator/calculateOne"), "descriptorKey": String("a85dff8f82655a9681aad113575dcfbb")}}, interaction_markup: InteractionMarkup { markup: "```protobuf\nmessage ShapeMessage {\n    message .area_calculator.Rectangle rectangle = 2;\n}\n```\n\n```protobuf\nmessage AreaResponse {\n    float value = 1;\n}\n```\n", markup_type: "COMMON_MARK" }, transport: None }], metadata: {"pact-jvm": Object({"version": String("4.4.2")}), "pactSpecification": Object({"version": String("4.0")})}, plugin_data: [PluginData { name: "protobuf", version: "0.1.5", configuration: {"a85dff8f82655a9681aad113575dcfbb": Object({"protoDescriptors": String("CsoHChVhcmVhX2NhbGN1bGF0b3IucHJvdG8SD2FyZWFfY2FsY3VsYXRvciK6AgoMU2hhcGVNZXNzYWdlEjEKBnNxdWFyZRgBIAEoCzIXLmFyZWFfY2FsY3VsYXRvci5TcXVhcmVIAFIGc3F1YXJlEjoKCXJlY3RhbmdsZRgCIAEoCzIaLmFyZWFfY2FsY3VsYXRvci5SZWN0YW5nbGVIAFIJcmVjdGFuZ2xlEjEKBmNpcmNsZRgDIAEoCzIXLmFyZWFfY2FsY3VsYXRvci5DaXJjbGVIAFIGY2lyY2xlEjcKCHRyaWFuZ2xlGAQgASgLMhkuYXJlYV9jYWxjdWxhdG9yLlRyaWFuZ2xlSABSCHRyaWFuZ2xlEkYKDXBhcmFsbGVsb2dyYW0YBSABKAsyHi5hcmVhX2NhbGN1bGF0b3IuUGFyYWxsZWxvZ3JhbUgAUg1wYXJhbGxlbG9ncmFtQgcKBXNoYXBlIikKBlNxdWFyZRIfCgtlZGdlX2xlbmd0aBgBIAEoAlIKZWRnZUxlbmd0aCI5CglSZWN0YW5nbGUSFgoGbGVuZ3RoGAEgASgCUgZsZW5ndGgSFAoFd2lkdGgYAiABKAJSBXdpZHRoIiAKBkNpcmNsZRIWCgZyYWRpdXMYASABKAJSBnJhZGl1cyJPCghUcmlhbmdsZRIVCgZlZGdlX2EYASABKAJSBWVkZ2VBEhUKBmVkZ2VfYhgCIAEoAlIFZWRnZUISFQoGZWRnZV9jGAMgASgCUgVlZGdlQyJICg1QYXJhbGxlbG9ncmFtEh8KC2Jhc2VfbGVuZ3RoGAEgASgCUgpiYXNlTGVuZ3RoEhYKBmhlaWdodBgCIAEoAlIGaGVpZ2h0IkQKC0FyZWFSZXF1ZXN0EjUKBnNoYXBlcxgBIAMoCzIdLmFyZWFfY2FsY3VsYXRvci5TaGFwZU1lc3NhZ2VSBnNoYXBlcyIkCgxBcmVhUmVzcG9uc2USFAoFdmFsdWUYASADKAJSBXZhbHVlMq0BCgpDYWxjdWxhdG9yEk4KDGNhbGN1bGF0ZU9uZRIdLmFyZWFfY2FsY3VsYXRvci5TaGFwZU1lc3NhZ2UaHS5hcmVhX2NhbGN1bGF0b3IuQXJlYVJlc3BvbnNlIgASTwoOY2FsY3VsYXRlTXVsdGkSHC5hcmVhX2NhbGN1bGF0b3IuQXJlYVJlcXVlc3QaHS5hcmVhX2NhbGN1bGF0b3IuQXJlYVJlc3BvbnNlIgBCHFoXaW8ucGFjdC9hcmVhX2NhbGN1bGF0b3LQAgFiBnByb3RvMw=="), "protoFile": String("syntax = \"proto3\";\n\npackage area_calculator;\n\noption php_generic_services = true;\noption go_package = \"io.pact/area_calculator\";\n\nservice Calculator {\n  rpc calculateOne (ShapeMessage) returns (AreaResponse) {}\n  rpc calculateMulti (AreaRequest) returns (AreaResponse) {}\n}\n\nmessage ShapeMessage {\n  oneof shape {\n    Square square = 1;\n    Rectangle rectangle = 2;\n    Circle circle = 3;\n    Triangle triangle = 4;\n    Parallelogram parallelogram = 5;\n  }\n}\n\nmessage Square {\n  float edge_length = 1;\n}\n\nmessage Rectangle {\n  float length = 1;\n  float width = 2;\n}\n\nmessage Circle {\n  float radius = 1;\n}\n\nmessage Triangle {\n  float edge_a = 1;\n  float edge_b = 2;\n  float edge_c = 3;\n}\n\nmessage Parallelogram {\n  float base_length = 1;\n  float height = 2;\n}\n\nmessage AreaRequest {\n  repeated ShapeMessage shapes = 1;\n}\n\nmessage AreaResponse {\n  repeated float value = 1;\n}\n")})} }] }, plugin_config: PluginData { name: "protobuf", version: "0.1.5", configuration: {"a85dff8f82655a9681aad113575dcfbb": Object({"protoDescriptors": String("CsoHChVhcmVhX2NhbGN1bGF0b3IucHJvdG8SD2FyZWFfY2FsY3VsYXRvciK6AgoMU2hhcGVNZXNzYWdlEjEKBnNxdWFyZRgBIAEoCzIXLmFyZWFfY2FsY3VsYXRvci5TcXVhcmVIAFIGc3F1YXJlEjoKCXJlY3RhbmdsZRgCIAEoCzIaLmFyZWFfY2FsY3VsYXRvci5SZWN0YW5nbGVIAFIJcmVjdGFuZ2xlEjEKBmNpcmNsZRgDIAEoCzIXLmFyZWFfY2FsY3VsYXRvci5DaXJjbGVIAFIGY2lyY2xlEjcKCHRyaWFuZ2xlGAQgASgLMhkuYXJlYV9jYWxjdWxhdG9yLlRyaWFuZ2xlSABSCHRyaWFuZ2xlEkYKDXBhcmFsbGVsb2dyYW0YBSABKAsyHi5hcmVhX2NhbGN1bGF0b3IuUGFyYWxsZWxvZ3JhbUgAUg1wYXJhbGxlbG9ncmFtQgcKBXNoYXBlIikKBlNxdWFyZRIfCgtlZGdlX2xlbmd0aBgBIAEoAlIKZWRnZUxlbmd0aCI5CglSZWN0YW5nbGUSFgoGbGVuZ3RoGAEgASgCUgZsZW5ndGgSFAoFd2lkdGgYAiABKAJSBXdpZHRoIiAKBkNpcmNsZRIWCgZyYWRpdXMYASABKAJSBnJhZGl1cyJPCghUcmlhbmdsZRIVCgZlZGdlX2EYASABKAJSBWVkZ2VBEhUKBmVkZ2VfYhgCIAEoAlIFZWRnZUISFQoGZWRnZV9jGAMgASgCUgVlZGdlQyJICg1QYXJhbGxlbG9ncmFtEh8KC2Jhc2VfbGVuZ3RoGAEgASgCUgpiYXNlTGVuZ3RoEhYKBmhlaWdodBgCIAEoAlIGaGVpZ2h0IkQKC0FyZWFSZXF1ZXN0EjUKBnNoYXBlcxgBIAMoCzIdLmFyZWFfY2FsY3VsYXRvci5TaGFwZU1lc3NhZ2VSBnNoYXBlcyIkCgxBcmVhUmVzcG9uc2USFAoFdmFsdWUYASADKAJSBXZhbHVlMq0BCgpDYWxjdWxhdG9yEk4KDGNhbGN1bGF0ZU9uZRIdLmFyZWFfY2FsY3VsYXRvci5TaGFwZU1lc3NhZ2UaHS5hcmVhX2NhbGN1bGF0b3IuQXJlYVJlc3BvbnNlIgASTwoOY2FsY3VsYXRlTXVsdGkSHC5hcmVhX2NhbGN1bGF0b3IuQXJlYVJlcXVlc3QaHS5hcmVhX2NhbGN1bGF0b3IuQXJlYVJlc3BvbnNlIgBCHFoXaW8ucGFjdC9hcmVhX2NhbGN1bGF0b3LQAgFiBnByb3RvMw=="), "protoFile": String("syntax = \"proto3\";\n\npackage area_calculator;\n\noption php_generic_services = true;\noption go_package = \"io.pact/area_calculator\";\n\nservice Calculator {\n  rpc calculateOne (ShapeMessage) returns (AreaResponse) {}\n  rpc calculateMulti (AreaRequest) returns (AreaResponse) {}\n}\n\nmessage ShapeMessage {\n  oneof shape {\n    Square square = 1;\n    Rectangle rectangle = 2;\n    Circle circle = 3;\n    Triangle triangle = 4;\n    Parallelogram parallelogram = 5;\n  }\n}\n\nmessage Square {\n  float edge_length = 1;\n}\n\nmessage Rectangle {\n  float length = 1;\n  float width = 2;\n}\n\nmessage Circle {\n  float radius = 1;\n}\n\nmessage Triangle {\n  float edge_a = 1;\n  float edge_b = 2;\n  float edge_c = 3;\n}\n\nmessage Parallelogram {\n  float base_length = 1;\n  float height = 2;\n}\n\nmessage AreaRequest {\n  repeated ShapeMessage shapes = 1;\n}\n\nmessage AreaResponse {\n  repeated float value = 1;\n}\n")})} }, descriptors: {"a85dff8f82655a9681aad113575dcfbb": FileDescriptorSet { file: [FileDescriptorProto { name: Some("area_calculator.proto"), package: Some("area_calculator"), dependency: [], public_dependency: [], weak_dependency: [], message_type: [DescriptorProto { name: Some("ShapeMessage"), field: [FieldDescriptorProto { name: Some("square"), number: Some(1), label: Some(Optional), r#type: Some(Message), type_name: Some(".area_calculator.Square"), extendee: None, default_value: None, oneof_index: Some(0), json_name: Some("square"), options: None, proto3_optional: None }, FieldDescriptorProto { name: Some("rectangle"), number: Some(2), label: Some(Optional), r#type: Some(Message), type_name: Some(".area_calculator.Rectangle"), extendee: None, default_value: None, oneof_index: Some(0), json_name: Some("rectangle"), options: None, proto3_optional: None }, FieldDescriptorProto { name: Some("circle"), number: Some(3), label: Some(Optional), r#type: Some(Message), type_name: Some(".area_calculator.Circle"), extendee: None, default_value: None, oneof_index: Some(0), json_name: Some("circle"), options: None, proto3_optional: None }, FieldDescriptorProto { name: Some("triangle"), number: Some(4), label: Some(Optional), r#type: Some(Message), type_name: Some(".area_calculator.Triangle"), extendee: None, default_value: None, oneof_index: Some(0), json_name: Some("triangle"), options: None, proto3_optional: None }, FieldDescriptorProto { name: Some("parallelogram"), number: Some(5), label: Some(Optional), r#type: Some(Message), type_name: Some(".area_calculator.Parallelogram"), extendee: None, default_value: None, oneof_index: Some(0), json_name: Some("parallelogram"), options: None, proto3_optional: None }], extension: [], nested_type: [], enum_type: [], extension_range: [], oneof_decl: [OneofDescriptorProto { name: Some("shape"), options: None }], options: None, reserved_range: [], reserved_name: [] }, DescriptorProto { name: Some("Square"), field: [FieldDescriptorProto { name: Some("edge_length"), number: Some(1), label: Some(Optional), r#type: Some(Float), type_name: None, extendee: None, default_value: None, oneof_index: None, json_name: Some("edgeLength"), options: None, proto3_optional: None }], extension: [], nested_type: [], enum_type: [], extension_range: [], oneof_decl: [], options: None, reserved_range: [], reserved_name: [] }, DescriptorProto { name: Some("Rectangle"), field: [FieldDescriptorProto { name: Some("length"), number: Some(1), label: Some(Optional), r#type: Some(Float), type_name: None, extendee: None, default_value: None, oneof_index: None, json_name: Some("length"), options: None, proto3_optional: None }, FieldDescriptorProto { name: Some("width"), number: Some(2), label: Some(Optional), r#type: Some(Float), type_name: None, extendee: None, default_value: None, oneof_index: None, json_name: Some("width"), options: None, proto3_optional: None }], extension: [], nested_type: [], enum_type: [], extension_range: [], oneof_decl: [], options: None, reserved_range: [], reserved_name: [] }, DescriptorProto { name: Some("Circle"), field: [FieldDescriptorProto { name: Some("radius"), number: Some(1), label: Some(Optional), r#type: Some(Float), type_name: None, extendee: None, default_value: None, oneof_index: None, json_name: Some("radius"), options: None, proto3_optional: None }], extension: [], nested_type: [], enum_type: [], extension_range: [], oneof_decl: [], options: None, reserved_range: [], reserved_name: [] }, DescriptorProto { name: Some("Triangle"), field: [FieldDescriptorProto { name: Some("edge_a"), number: Some(1), label: Some(Optional), r#type: Some(Float), type_name: None, extendee: None, default_value: None, oneof_index: None, json_name: Some("edgeA"), options: None, proto3_optional: None }, FieldDescriptorProto { name: Some("edge_b"), number: Some(2), label: Some(Optional), r#type: Some(Float), type_name: None, extendee: None, default_value: None, oneof_index: None, json_name: Some("edgeB"), options: None, proto3_optional: None }, FieldDescriptorProto { name: Some("edge_c"), number: Some(3), label: Some(Optional), r#type: Some(Float), type_name: None, extendee: None, default_value: None, oneof_index: None, json_name: Some("edgeC"), options: None, proto3_optional: None }], extension: [], nested_type: [], enum_type: [], extension_range: [], oneof_decl: [], options: None, reserved_range: [], reserved_name: [] }, DescriptorProto { name: Some("Parallelogram"), field: [FieldDescriptorProto { name: Some("base_length"), number: Some(1), label: Some(Optional), r#type: Some(Float), type_name: None, extendee: None, default_value: None, oneof_index: None, json_name: Some("baseLength"), options: None, proto3_optional: None }, FieldDescriptorProto { name: Some("height"), number: Some(2), label: Some(Optional), r#type: Some(Float), type_name: None, extendee: None, default_value: None, oneof_index: None, json_name: Some("height"), options: None, proto3_optional: None }], extension: [], nested_type: [], enum_type: [], extension_range: [], oneof_decl: [], options: None, reserved_range: [], reserved_name: [] }, DescriptorProto { name: Some("AreaRequest"), field: [FieldDescriptorProto { name: Some("shapes"), number: Some(1), label: Some(Repeated), r#type: Some(Message), type_name: Some(".area_calculator.ShapeMessage"), extendee: None, default_value: None, oneof_index: None, json_name: Some("shapes"), options: None, proto3_optional: None }], extension: [], nested_type: [], enum_type: [], extension_range: [], oneof_decl: [], options: None, reserved_range: [], reserved_name: [] }, DescriptorProto { name: Some("AreaResponse"), field: [FieldDescriptorProto { name: Some("value"), number: Some(1), label: Some(Repeated), r#type: Some(Float), type_name: None, extendee: None, default_value: None, oneof_index: None, json_name: Some("value"), options: None, proto3_optional: None }], extension: [], nested_type: [], enum_type: [], extension_range: [], oneof_decl: [], options: None, reserved_range: [], reserved_name: [] }], enum_type: [], service: [ServiceDescriptorProto { name: Some("Calculator"), method: [MethodDescriptorProto { name: Some("calculateOne"), input_type: Some(".area_calculator.ShapeMessage"), output_type: Some(".area_calculator.AreaResponse"), options: Some(MethodOptions { deprecated: None, idempotency_level: None, uninterpreted_option: [] }), client_streaming: None, server_streaming: None }, MethodDescriptorProto { name: Some("calculateMulti"), input_type: Some(".area_calculator.AreaRequest"), output_type: Some(".area_calculator.AreaResponse"), options: Some(MethodOptions { deprecated: None, idempotency_level: None, uninterpreted_option: [] }), client_streaming: None, server_streaming: None }], options: None }], extension: [], options: Some(FileOptions { java_package: None, java_outer_classname: None, java_multiple_files: None, java_generate_equals_and_hash: None, java_string_check_utf8: None, optimize_for: None, go_package: Some("io.pact/area_calculator"), cc_generic_services: None, java_generic_services: None, py_generic_services: None, php_generic_services: Some(true), deprecated: None, cc_enable_arenas: None, objc_class_prefix: None, csharp_namespace: None, swift_prefix: None, php_class_prefix: None, php_namespace: None, php_metadata_namespace: None, ruby_package: None, uninterpreted_option: [] }), source_code_info: None, syntax: Some("proto3") }] }}, routes: {"Calculator/calculateOne": (FileDescriptorSet { file: [FileDescriptorProto { name: Some("area_calculator.proto"), package: Some("area_calculator"), dependency: [], public_dependency: [], weak_dependency: [], message_type: [DescriptorProto { name: Some("ShapeMessage"), field: [FieldDescriptorProto { name: Some("square"), number: Some(1), label: Some(Optional), r#type: Some(Message), type_name: Some(".area_calculator.Square"), extendee: None, default_value: None, oneof_index: Some(0), json_name: Some("square"), options: None, proto3_optional: None }, FieldDescriptorProto { name: Some("rectangle"), number: Some(2), label: Some(Optional), r#type: Some(Message), type_name: Some(".area_calculator.Rectangle"), extendee: None, default_value: None, oneof_index: Some(0), json_name: Some("rectangle"), options: None, proto3_optional: None }, FieldDescriptorProto { name: Some("circle"), number: Some(3), label: Some(Optional), r#type: Some(Message), type_name: Some(".area_calculator.Circle"), extendee: None, default_value: None, oneof_index: Some(0), json_name: Some("circle"), options: None, proto3_optional: None }, FieldDescriptorProto { name: Some("triangle"), number: Some(4), label: Some(Optional), r#type: Some(Message), type_name: Some(".area_calculator.Triangle"), extendee: None, default_value: None, oneof_index: Some(0), json_name: Some("triangle"), options: None, proto3_optional: None }, FieldDescriptorProto { name: Some("parallelogram"), number: Some(5), label: Some(Optional), r#type: Some(Message), type_name: Some(".area_calculator.Parallelogram"), extendee: None, default_value: None, oneof_index: Some(0), json_name: Some("parallelogram"), options: None, proto3_optional: None }], extension: [], nested_type: [], enum_type: [], extension_range: [], oneof_decl: [OneofDescriptorProto { name: Some("shape"), options: None }], options: None, reserved_range: [], reserved_name: [] }, DescriptorProto { name: Some("Square"), field: [FieldDescriptorProto { name: Some("edge_length"), number: Some(1), label: Some(Optional), r#type: Some(Float), type_name: None, extendee: None, default_value: None, oneof_index: None, json_name: Some("edgeLength"), options: None, proto3_optional: None }], extension: [], nested_type: [], enum_type: [], extension_range: [], oneof_decl: [], options: None, reserved_range: [], reserved_name: [] }, DescriptorProto { name: Some("Rectangle"), field: [FieldDescriptorProto { name: Some("length"), number: Some(1), label: Some(Optional), r#type: Some(Float), type_name: None, extendee: None, default_value: None, oneof_index: None, json_name: Some("length"), options: None, proto3_optional: None }, FieldDescriptorProto { name: Some("width"), number: Some(2), label: Some(Optional), r#type: Some(Float), type_name: None, extendee: None, default_value: None, oneof_index: None, json_name: Some("width"), options: None, proto3_optional: None }], extension: [], nested_type: [], enum_type: [], extension_range: [], oneof_decl: [], options: None, reserved_range: [], reserved_name: [] }, DescriptorProto { name: Some("Circle"), field: [FieldDescriptorProto { name: Some("radius"), number: Some(1), label: Some(Optional), r#type: Some(Float), type_name: None, extendee: None, default_value: None, oneof_index: None, json_name: Some("radius"), options: None, proto3_optional: None }], extension: [], nested_type: [], enum_type: [], extension_range: [], oneof_decl: [], options: None, reserved_range: [], reserved_name: [] }, DescriptorProto { name: Some("Triangle"), field: [FieldDescriptorProto { name: Some("edge_a"), number: Some(1), label: Some(Optional), r#type: Some(Float), type_name: None, extendee: None, default_value: None, oneof_index: None, json_name: Some("edgeA"), options: None, proto3_optional: None }, FieldDescriptorProto { name: Some("edge_b"), number: Some(2), label: Some(Optional), r#type: Some(Float), type_name: None, extendee: None, default_value: None, oneof_index: None, json_name: Some("edgeB"), options: None, proto3_optional: None }, FieldDescriptorProto { name: Some("edge_c"), number: Some(3), label: Some(Optional), r#type: Some(Float), type_name: None, extendee: None, default_value: None, oneof_index: None, json_name: Some("edgeC"), options: None, proto3_optional: None }], extension: [], nested_type: [], enum_type: [], extension_range: [], oneof_decl: [], options: None, reserved_range: [], reserved_name: [] }, DescriptorProto { name: Some("Parallelogram"), field: [FieldDescriptorProto { name: Some("base_length"), number: Some(1), label: Some(Optional), r#type: Some(Float), type_name: None, extendee: None, default_value: None, oneof_index: None, json_name: Some("baseLength"), options: None, proto3_optional: None }, FieldDescriptorProto { name: Some("height"), number: Some(2), label: Some(Optional), r#type: Some(Float), type_name: None, extendee: None, default_value: None, oneof_index: None, json_name: Some("height"), options: None, proto3_optional: None }], extension: [], nested_type: [], enum_type: [], extension_range: [], oneof_decl: [], options: None, reserved_range: [], reserved_name: [] }, DescriptorProto { name: Some("AreaRequest"), field: [FieldDescriptorProto { name: Some("shapes"), number: Some(1), label: Some(Repeated), r#type: Some(Message), type_name: Some(".area_calculator.ShapeMessage"), extendee: None, default_value: None, oneof_index: None, json_name: Some("shapes"), options: None, proto3_optional: None }], extension: [], nested_type: [], enum_type: [], extension_range: [], oneof_decl: [], options: None, reserved_range: [], reserved_name: [] }, DescriptorProto { name: Some("AreaResponse"), field: [FieldDescriptorProto { name: Some("value"), number: Some(1), label: Some(Repeated), r#type: Some(Float), type_name: None, extendee: None, default_value: None, oneof_index: None, json_name: Some("value"), options: None, proto3_optional: None }], extension: [], nested_type: [], enum_type: [], extension_range: [], oneof_decl: [], options: None, reserved_range: [], reserved_name: [] }], enum_type: [], service: [ServiceDescriptorProto { name: Some("Calculator"), method: [MethodDescriptorProto { name: Some("calculateOne"), input_type: Some(".area_calculator.ShapeMessage"), output_type: Some(".area_calculator.AreaResponse"), options: Some(MethodOptions { deprecated: None, idempotency_level: None, uninterpreted_option: [] }), client_streaming: None, server_streaming: None }, MethodDescriptorProto { name: Some("calculateMulti"), input_type: Some(".area_calculator.AreaRequest"), output_type: Some(".area_calculator.AreaResponse"), options: Some(MethodOptions { deprecated: None, idempotency_level: None, uninterpreted_option: [] }), client_streaming: None, server_streaming: None }], options: None }], extension: [], options: Some(FileOptions { java_package: None, java_outer_classname: None, java_multiple_files: None, java_generate_equals_and_hash: None, java_string_check_utf8: None, optimize_for: None, go_package: Some("io.pact/area_calculator"), cc_generic_services: None, java_generic_services: None, py_generic_services: None, php_generic_services: Some(true), deprecated: None, cc_enable_arenas: None, objc_class_prefix: None, csharp_namespace: None, swift_prefix: None, php_class_prefix: None, php_namespace: None, php_metadata_namespace: None, ruby_package: None, uninterpreted_option: [] }), source_code_info: None, syntax: Some("proto3") }] }, MethodDescriptorProto { name: Some("calculateOne"), input_type: Some(".area_calculator.ShapeMessage"), output_type: Some(".area_calculator.AreaResponse"), options: Some(MethodOptions { deprecated: None, idempotency_level: None, uninterpreted_option: [] }), client_streaming: None, server_streaming: None }, SynchronousMessage { id: None, key: Some("c7fbe3ee"), description: "calculate rectangle area request", provider_states: [], comments: {"testname": String("io.pact.example.grpc.consumer.PactConsumerTest.calculateRectangleArea(MockServer, SynchronousMessages)")}, request: MessageContents { contents: Present(b"\x12\n\r\0\0@@\x15\0\0\x80@", Some(ContentType { main_type: "application", sub_type: "protobuf", attributes: {"message": "ShapeMessage"}, suffix: None }), Some(BINARY)), metadata: {}, matching_rules: MatchingRules { rules: {BODY: MatchingRuleCategory { name: BODY, rules: {DocPath { path_tokens: [Root, Field("rectangle"), Field("length")], expr: "$.rectangle.length" }: RuleList { rules: [Number], rule_logic: And, cascaded: false }, DocPath { path_tokens: [Root, Field("rectangle"), Field("width")], expr: "$.rectangle.width" }: RuleList { rules: [Number], rule_logic: And, cascaded: false }} }} }, generators: Generators { categories: {} } }, response: [MessageContents { contents: Present(b"\r\0\0@A", Some(ContentType { main_type: "application", sub_type: "protobuf", attributes: {"message": "AreaResponse"}, suffix: None }), Some(BINARY)), metadata: {}, matching_rules: MatchingRules { rules: {BODY: MatchingRuleCategory { name: BODY, rules: {DocPath { path_tokens: [Root, Field("value")], expr: "$.value" }: RuleList { rules: [Number], rule_logic: And, cascaded: false }} }} }, generators: Generators { categories: {} } }], pending: false, plugin_config: {"protobuf": {"service": String("Calculator/calculateOne"), "descriptorKey": String("a85dff8f82655a9681aad113575dcfbb")}}, interaction_markup: InteractionMarkup { markup: "```protobuf\nmessage ShapeMessage {\n    message .area_calculator.Rectangle rectangle = 2;\n}\n```\n\n```protobuf\nmessage AreaResponse {\n    float value = 1;\n}\n```\n", markup_type: "COMMON_MARK" }, transport: None })}, server_key: "5cae5f82-fec2-43c6-9739-60d0383d84ec" } ?[3mreq?[0m?[2m=?[0mRequest { method: POST, uri: http://127.0.0.1:53791/area_calculator.Calculator/calculateOne, version: HTTP/2.0, headers: {"content-type": "application/grpc", "te": "trailers", "user-agent": "grpc-java-netty/1.49.0", "grpc-accept-encoding": "gzip"}, body: Body(Streaming) }?[1m}?[0m?[2m:?[0m?[1mmock_server_handler?[0m?[1m{?[0m?[3mkey?[0m?[2m=?[0m"5cae5f82-fec2-43c6-9739-60d0383d84ec"?[1m}?[0m?[2m:?[0m ?[2mpact_protobuf_plugin::mock_server?[0m?[2m:?[0m gRPC request received /area_calculator.Calculator/calculateOne
15:05:16.520 [Thread-5] DEBUG i.pact.plugins.jvm.core.ChildProcess - Plugin protobuf [46038] || ?[2m2023-03-27T09:35:16.520015Z?[0m ?[35mTRACE?[0m tokio-runtime-worker ?[1mrequest?[0m?[1m{?[0m?[3mmethod?[0m?[2m=?[0mPOST ?[3muri?[0m?[2m=?[0mhttp://127.0.0.1:53791/area_calculator.Calculator/calculateOne ?[3mversion?[0m?[2m=?[0mHTTP/2.0?[1m}?[0m?[2m:?[0m?[1mcall?[0m?[1m{?[0m?[3mself?[0m?[2m=?[0mGrpcMockServer { pact: V4Pact { consumer: Consumer { name: "grpc-consumer-jvm" }, provider: Provider { name: "area-calculator-provider" }, interactions: [SynchronousMessage { id: None, key: Some("c7fbe3ee"), description: "calculate rectangle area request", provider_states: [], comments: {"testname": String("io.pact.example.grpc.consumer.PactConsumerTest.calculateRectangleArea(MockServer, SynchronousMessages)")}, request: MessageContents { contents: Present(b"\x12\n\r\0\0@@\x15\0\0\x80@", Some(ContentType { main_type: "application", sub_type: "protobuf", attributes: {"message": "ShapeMessage"}, suffix: None }), Some(BINARY)), metadata: {}, matching_rules: MatchingRules { rules: {BODY: MatchingRuleCategory { name: BODY, rules: {DocPath { path_tokens: [Root, Field("rectangle"), Field("length")], expr: "$.rectangle.length" }: RuleList { rules: [Number], rule_logic: And, cascaded: false }, DocPath { path_tokens: [Root, Field("rectangle"), Field("width")], expr: "$.rectangle.width" }: RuleList { rules: [Number], rule_logic: And, cascaded: false }} }} }, generators: Generators { categories: {} } }, response: [MessageContents { contents: Present(b"\r\0\0@A", Some(ContentType { main_type: "application", sub_type: "protobuf", attributes: {"message": "AreaResponse"}, suffix: None }), Some(BINARY)), metadata: {}, matching_rules: MatchingRules { rules: {BODY: MatchingRuleCategory { name: BODY, rules: {DocPath { path_tokens: [Root, Field("value")], expr: "$.value" }: RuleList { rules: [Number], rule_logic: And, cascaded: false }} }} }, generators: Generators { categories: {} } }], pending: false, plugin_config: {"protobuf": {"service": String("Calculator/calculateOne"), "descriptorKey": String("a85dff8f82655a9681aad113575dcfbb")}}, interaction_markup: InteractionMarkup { markup: "```protobuf\nmessage ShapeMessage {\n    message .area_calculator.Rectangle rectangle = 2;\n}\n```\n\n```protobuf\nmessage AreaResponse {\n    float value = 1;\n}\n```\n", markup_type: "COMMON_MARK" }, transport: None }], metadata: {"pact-jvm": Object({"version": String("4.4.2")}), "pactSpecification": Object({"version": String("4.0")})}, plugin_data: [PluginData { name: "protobuf", version: "0.1.5", configuration: {"a85dff8f82655a9681aad113575dcfbb": Object({"protoDescriptors": String("CsoHChVhcmVhX2NhbGN1bGF0b3IucHJvdG8SD2FyZWFfY2FsY3VsYXRvciK6AgoMU2hhcGVNZXNzYWdlEjEKBnNxdWFyZRgBIAEoCzIXLmFyZWFfY2FsY3VsYXRvci5TcXVhcmVIAFIGc3F1YXJlEjoKCXJlY3RhbmdsZRgCIAEoCzIaLmFyZWFfY2FsY3VsYXRvci5SZWN0YW5nbGVIAFIJcmVjdGFuZ2xlEjEKBmNpcmNsZRgDIAEoCzIXLmFyZWFfY2FsY3VsYXRvci5DaXJjbGVIAFIGY2lyY2xlEjcKCHRyaWFuZ2xlGAQgASgLMhkuYXJlYV9jYWxjdWxhdG9yLlRyaWFuZ2xlSABSCHRyaWFuZ2xlEkYKDXBhcmFsbGVsb2dyYW0YBSABKAsyHi5hcmVhX2NhbGN1bGF0b3IuUGFyYWxsZWxvZ3JhbUgAUg1wYXJhbGxlbG9ncmFtQgcKBXNoYXBlIikKBlNxdWFyZRIfCgtlZGdlX2xlbmd0aBgBIAEoAlIKZWRnZUxlbmd0aCI5CglSZWN0YW5nbGUSFgoGbGVuZ3RoGAEgASgCUgZsZW5ndGgSFAoFd2lkdGgYAiABKAJSBXdpZHRoIiAKBkNpcmNsZRIWCgZyYWRpdXMYASABKAJSBnJhZGl1cyJPCghUcmlhbmdsZRIVCgZlZGdlX2EYASABKAJSBWVkZ2VBEhUKBmVkZ2VfYhgCIAEoAlIFZWRnZUISFQoGZWRnZV9jGAMgASgCUgVlZGdlQyJICg1QYXJhbGxlbG9ncmFtEh8KC2Jhc2VfbGVuZ3RoGAEgASgCUgpiYXNlTGVuZ3RoEhYKBmhlaWdodBgCIAEoAlIGaGVpZ2h0IkQKC0FyZWFSZXF1ZXN0EjUKBnNoYXBlcxgBIAMoCzIdLmFyZWFfY2FsY3VsYXRvci5TaGFwZU1lc3NhZ2VSBnNoYXBlcyIkCgxBcmVhUmVzcG9uc2USFAoFdmFsdWUYASADKAJSBXZhbHVlMq0BCgpDYWxjdWxhdG9yEk4KDGNhbGN1bGF0ZU9uZRIdLmFyZWFfY2FsY3VsYXRvci5TaGFwZU1lc3NhZ2UaHS5hcmVhX2NhbGN1bGF0b3IuQXJlYVJlc3BvbnNlIgASTwoOY2FsY3VsYXRlTXVsdGkSHC5hcmVhX2NhbGN1bGF0b3IuQXJlYVJlcXVlc3QaHS5hcmVhX2NhbGN1bGF0b3IuQXJlYVJlc3BvbnNlIgBCHFoXaW8ucGFjdC9hcmVhX2NhbGN1bGF0b3LQAgFiBnByb3RvMw=="), "protoFile": String("syntax = \"proto3\";\n\npackage area_calculator;\n\noption php_generic_services = true;\noption go_package = \"io.pact/area_calculator\";\n\nservice Calculator {\n  rpc calculateOne (ShapeMessage) returns (AreaResponse) {}\n  rpc calculateMulti (AreaRequest) returns (AreaResponse) {}\n}\n\nmessage ShapeMessage {\n  oneof shape {\n    Square square = 1;\n    Rectangle rectangle = 2;\n    Circle circle = 3;\n    Triangle triangle = 4;\n    Parallelogram parallelogram = 5;\n  }\n}\n\nmessage Square {\n  float edge_length = 1;\n}\n\nmessage Rectangle {\n  float length = 1;\n  float width = 2;\n}\n\nmessage Circle {\n  float radius = 1;\n}\n\nmessage Triangle {\n  float edge_a = 1;\n  float edge_b = 2;\n  float edge_c = 3;\n}\n\nmessage Parallelogram {\n  float base_length = 1;\n  float height = 2;\n}\n\nmessage AreaRequest {\n  repeated ShapeMessage shapes = 1;\n}\n\nmessage AreaResponse {\n  repeated float value = 1;\n}\n")})} }] }, plugin_config: PluginData { name: "protobuf", version: "0.1.5", configuration: {"a85dff8f82655a9681aad113575dcfbb": Object({"protoDescriptors": String("CsoHChVhcmVhX2NhbGN1bGF0b3IucHJvdG8SD2FyZWFfY2FsY3VsYXRvciK6AgoMU2hhcGVNZXNzYWdlEjEKBnNxdWFyZRgBIAEoCzIXLmFyZWFfY2FsY3VsYXRvci5TcXVhcmVIAFIGc3F1YXJlEjoKCXJlY3RhbmdsZRgCIAEoCzIaLmFyZWFfY2FsY3VsYXRvci5SZWN0YW5nbGVIAFIJcmVjdGFuZ2xlEjEKBmNpcmNsZRgDIAEoCzIXLmFyZWFfY2FsY3VsYXRvci5DaXJjbGVIAFIGY2lyY2xlEjcKCHRyaWFuZ2xlGAQgASgLMhkuYXJlYV9jYWxjdWxhdG9yLlRyaWFuZ2xlSABSCHRyaWFuZ2xlEkYKDXBhcmFsbGVsb2dyYW0YBSABKAsyHi5hcmVhX2NhbGN1bGF0b3IuUGFyYWxsZWxvZ3JhbUgAUg1wYXJhbGxlbG9ncmFtQgcKBXNoYXBlIikKBlNxdWFyZRIfCgtlZGdlX2xlbmd0aBgBIAEoAlIKZWRnZUxlbmd0aCI5CglSZWN0YW5nbGUSFgoGbGVuZ3RoGAEgASgCUgZsZW5ndGgSFAoFd2lkdGgYAiABKAJSBXdpZHRoIiAKBkNpcmNsZRIWCgZyYWRpdXMYASABKAJSBnJhZGl1cyJPCghUcmlhbmdsZRIVCgZlZGdlX2EYASABKAJSBWVkZ2VBEhUKBmVkZ2VfYhgCIAEoAlIFZWRnZUISFQoGZWRnZV9jGAMgASgCUgVlZGdlQyJICg1QYXJhbGxlbG9ncmFtEh8KC2Jhc2VfbGVuZ3RoGAEgASgCUgpiYXNlTGVuZ3RoEhYKBmhlaWdodBgCIAEoAlIGaGVpZ2h0IkQKC0FyZWFSZXF1ZXN0EjUKBnNoYXBlcxgBIAMoCzIdLmFyZWFfY2FsY3VsYXRvci5TaGFwZU1lc3NhZ2VSBnNoYXBlcyIkCgxBcmVhUmVzcG9uc2USFAoFdmFsdWUYASADKAJSBXZhbHVlMq0BCgpDYWxjdWxhdG9yEk4KDGNhbGN1bGF0ZU9uZRIdLmFyZWFfY2FsY3VsYXRvci5TaGFwZU1lc3NhZ2UaHS5hcmVhX2NhbGN1bGF0b3IuQXJlYVJlc3BvbnNlIgASTwoOY2FsY3VsYXRlTXVsdGkSHC5hcmVhX2NhbGN1bGF0b3IuQXJlYVJlcXVlc3QaHS5hcmVhX2NhbGN1bGF0b3IuQXJlYVJlc3BvbnNlIgBCHFoXaW8ucGFjdC9hcmVhX2NhbGN1bGF0b3LQAgFiBnByb3RvMw=="), "protoFile": String("syntax = \"proto3\";\n\npackage area_calculator;\n\noption php_generic_services = true;\noption go_package = \"io.pact/area_calculator\";\n\nservice Calculator {\n  rpc calculateOne (ShapeMessage) returns (AreaResponse) {}\n  rpc calculateMulti (AreaRequest) returns (AreaResponse) {}\n}\n\nmessage ShapeMessage {\n  oneof shape {\n    Square square = 1;\n    Rectangle rectangle = 2;\n    Circle circle = 3;\n    Triangle triangle = 4;\n    Parallelogram parallelogram = 5;\n  }\n}\n\nmessage Square {\n  float edge_length = 1;\n}\n\nmessage Rectangle {\n  float length = 1;\n  float width = 2;\n}\n\nmessage Circle {\n  float radius = 1;\n}\n\nmessage Triangle {\n  float edge_a = 1;\n  float edge_b = 2;\n  float edge_c = 3;\n}\n\nmessage Parallelogram {\n  float base_length = 1;\n  float height = 2;\n}\n\nmessage AreaRequest {\n  repeated ShapeMessage shapes = 1;\n}\n\nmessage AreaResponse {\n  repeated float value = 1;\n}\n")})} }, descriptors: {"a85dff8f82655a9681aad113575dcfbb": FileDescriptorSet { file: [FileDescriptorProto { name: Some("area_calculator.proto"), package: Some("area_calculator"), dependency: [], public_dependency: [], weak_dependency: [], message_type: [DescriptorProto { name: Some("ShapeMessage"), field: [FieldDescriptorProto { name: Some("square"), number: Some(1), label: Some(Optional), r#type: Some(Message), type_name: Some(".area_calculator.Square"), extendee: None, default_value: None, oneof_index: Some(0), json_name: Some("square"), options: None, proto3_optional: None }, FieldDescriptorProto { name: Some("rectangle"), number: Some(2), label: Some(Optional), r#type: Some(Message), type_name: Some(".area_calculator.Rectangle"), extendee: None, default_value: None, oneof_index: Some(0), json_name: Some("rectangle"), options: None, proto3_optional: None }, FieldDescriptorProto { name: Some("circle"), number: Some(3), label: Some(Optional), r#type: Some(Message), type_name: Some(".area_calculator.Circle"), extendee: None, default_value: None, oneof_index: Some(0), json_name: Some("circle"), options: None, proto3_optional: None }, FieldDescriptorProto { name: Some("triangle"), number: Some(4), label: Some(Optional), r#type: Some(Message), type_name: Some(".area_calculator.Triangle"), extendee: None, default_value: None, oneof_index: Some(0), json_name: Some("triangle"), options: None, proto3_optional: None }, FieldDescriptorProto { name: Some("parallelogram"), number: Some(5), label: Some(Optional), r#type: Some(Message), type_name: Some(".area_calculator.Parallelogram"), extendee: None, default_value: None, oneof_index: Some(0), json_name: Some("parallelogram"), options: None, proto3_optional: None }], extension: [], nested_type: [], enum_type: [], extension_range: [], oneof_decl: [OneofDescriptorProto { name: Some("shape"), options: None }], options: None, reserved_range: [], reserved_name: [] }, DescriptorProto { name: Some("Square"), field: [FieldDescriptorProto { name: Some("edge_length"), number: Some(1), label: Some(Optional), r#type: Some(Float), type_name: None, extendee: None, default_value: None, oneof_index: None, json_name: Some("edgeLength"), options: None, proto3_optional: None }], extension: [], nested_type: [], enum_type: [], extension_range: [], oneof_decl: [], options: None, reserved_range: [], reserved_name: [] }, DescriptorProto { name: Some("Rectangle"), field: [FieldDescriptorProto { name: Some("length"), number: Some(1), label: Some(Optional), r#type: Some(Float), type_name: None, extendee: None, default_value: None, oneof_index: None, json_name: Some("length"), options: None, proto3_optional: None }, FieldDescriptorProto { name: Some("width"), number: Some(2), label: Some(Optional), r#type: Some(Float), type_name: None, extendee: None, default_value: None, oneof_index: None, json_name: Some("width"), options: None, proto3_optional: None }], extension: [], nested_type: [], enum_type: [], extension_range: [], oneof_decl: [], options: None, reserved_range: [], reserved_name: [] }, DescriptorProto { name: Some("Circle"), field: [FieldDescriptorProto { name: Some("radius"), number: Some(1), label: Some(Optional), r#type: Some(Float), type_name: None, extendee: None, default_value: None, oneof_index: None, json_name: Some("radius"), options: None, proto3_optional: None }], extension: [], nested_type: [], enum_type: [], extension_range: [], oneof_decl: [], options: None, reserved_range: [], reserved_name: [] }, DescriptorProto { name: Some("Triangle"), field: [FieldDescriptorProto { name: Some("edge_a"), number: Some(1), label: Some(Optional), r#type: Some(Float), type_name: None, extendee: None, default_value: None, oneof_index: None, json_name: Some("edgeA"), options: None, proto3_optional: None }, FieldDescriptorProto { name: Some("edge_b"), number: Some(2), label: Some(Optional), r#type: Some(Float), type_name: None, extendee: None, default_value: None, oneof_index: None, json_name: Some("edgeB"), options: None, proto3_optional: None }, FieldDescriptorProto { name: Some("edge_c"), number: Some(3), label: Some(Optional), r#type: Some(Float), type_name: None, extendee: None, default_value: None, oneof_index: None, json_name: Some("edgeC"), options: None, proto3_optional: None }], extension: [], nested_type: [], enum_type: [], extension_range: [], oneof_decl: [], options: None, reserved_range: [], reserved_name: [] }, DescriptorProto { name: Some("Parallelogram"), field: [FieldDescriptorProto { name: Some("base_length"), number: Some(1), label: Some(Optional), r#type: Some(Float), type_name: None, extendee: None, default_value: None, oneof_index: None, json_name: Some("baseLength"), options: None, proto3_optional: None }, FieldDescriptorProto { name: Some("height"), number: Some(2), label: Some(Optional), r#type: Some(Float), type_name: None, extendee: None, default_value: None, oneof_index: None, json_name: Some("height"), options: None, proto3_optional: None }], extension: [], nested_type: [], enum_type: [], extension_range: [], oneof_decl: [], options: None, reserved_range: [], reserved_name: [] }, DescriptorProto { name: Some("AreaRequest"), field: [FieldDescriptorProto { name: Some("shapes"), number: Some(1), label: Some(Repeated), r#type: Some(Message), type_name: Some(".area_calculator.ShapeMessage"), extendee: None, default_value: None, oneof_index: None, json_name: Some("shapes"), options: None, proto3_optional: None }], extension: [], nested_type: [], enum_type: [], extension_range: [], oneof_decl: [], options: None, reserved_range: [], reserved_name: [] }, DescriptorProto { name: Some("AreaResponse"), field: [FieldDescriptorProto { name: Some("value"), number: Some(1), label: Some(Repeated), r#type: Some(Float), type_name: None, extendee: None, default_value: None, oneof_index: None, json_name: Some("value"), options: None, proto3_optional: None }], extension: [], nested_type: [], enum_type: [], extension_range: [], oneof_decl: [], options: None, reserved_range: [], reserved_name: [] }], enum_type: [], service: [ServiceDescriptorProto { name: Some("Calculator"), method: [MethodDescriptorProto { name: Some("calculateOne"), input_type: Some(".area_calculator.ShapeMessage"), output_type: Some(".area_calculator.AreaResponse"), options: Some(MethodOptions { deprecated: None, idempotency_level: None, uninterpreted_option: [] }), client_streaming: None, server_streaming: None }, MethodDescriptorProto { name: Some("calculateMulti"), input_type: Some(".area_calculator.AreaRequest"), output_type: Some(".area_calculator.AreaResponse"), options: Some(MethodOptions { deprecated: None, idempotency_level: None, uninterpreted_option: [] }), client_streaming: None, server_streaming: None }], options: None }], extension: [], options: Some(FileOptions { java_package: None, java_outer_classname: None, java_multiple_files: None, java_generate_equals_and_hash: None, java_string_check_utf8: None, optimize_for: None, go_package: Some("io.pact/area_calculator"), cc_generic_services: None, java_generic_services: None, py_generic_services: None, php_generic_services: Some(true), deprecated: None, cc_enable_arenas: None, objc_class_prefix: None, csharp_namespace: None, swift_prefix: None, php_class_prefix: None, php_namespace: None, php_metadata_namespace: None, ruby_package: None, uninterpreted_option: [] }), source_code_info: None, syntax: Some("proto3") }] }}, routes: {"Calculator/calculateOne": (FileDescriptorSet { file: [FileDescriptorProto { name: Some("area_calculator.proto"), package: Some("area_calculator"), dependency: [], public_dependency: [], weak_dependency: [], message_type: [DescriptorProto { name: Some("ShapeMessage"), field: [FieldDescriptorProto { name: Some("square"), number: Some(1), label: Some(Optional), r#type: Some(Message), type_name: Some(".area_calculator.Square"), extendee: None, default_value: None, oneof_index: Some(0), json_name: Some("square"), options: None, proto3_optional: None }, FieldDescriptorProto { name: Some("rectangle"), number: Some(2), label: Some(Optional), r#type: Some(Message), type_name: Some(".area_calculator.Rectangle"), extendee: None, default_value: None, oneof_index: Some(0), json_name: Some("rectangle"), options: None, proto3_optional: None }, FieldDescriptorProto { name: Some("circle"), number: Some(3), label: Some(Optional), r#type: Some(Message), type_name: Some(".area_calculator.Circle"), extendee: None, default_value: None, oneof_index: Some(0), json_name: Some("circle"), options: None, proto3_optional: None }, FieldDescriptorProto { name: Some("triangle"), number: Some(4), label: Some(Optional), r#type: Some(Message), type_name: Some(".area_calculator.Triangle"), extendee: None, default_value: None, oneof_index: Some(0), json_name: Some("triangle"), options: None, proto3_optional: None }, FieldDescriptorProto { name: Some("parallelogram"), number: Some(5), label: Some(Optional), r#type: Some(Message), type_name: Some(".area_calculator.Parallelogram"), extendee: None, default_value: None, oneof_index: Some(0), json_name: Some("parallelogram"), options: None, proto3_optional: None }], extension: [], nested_type: [], enum_type: [], extension_range: [], oneof_decl: [OneofDescriptorProto { name: Some("shape"), options: None }], options: None, reserved_range: [], reserved_name: [] }, DescriptorProto { name: Some("Square"), field: [FieldDescriptorProto { name: Some("edge_length"), number: Some(1), label: Some(Optional), r#type: Some(Float), type_name: None, extendee: None, default_value: None, oneof_index: None, json_name: Some("edgeLength"), options: None, proto3_optional: None }], extension: [], nested_type: [], enum_type: [], extension_range: [], oneof_decl: [], options: None, reserved_range: [], reserved_name: [] }, DescriptorProto { name: Some("Rectangle"), field: [FieldDescriptorProto { name: Some("length"), number: Some(1), label: Some(Optional), r#type: Some(Float), type_name: None, extendee: None, default_value: None, oneof_index: None, json_name: Some("length"), options: None, proto3_optional: None }, FieldDescriptorProto { name: Some("width"), number: Some(2), label: Some(Optional), r#type: Some(Float), type_name: None, extendee: None, default_value: None, oneof_index: None, json_name: Some("width"), options: None, proto3_optional: None }], extension: [], nested_type: [], enum_type: [], extension_range: [], oneof_decl: [], options: None, reserved_range: [], reserved_name: [] }, DescriptorProto { name: Some("Circle"), field: [FieldDescriptorProto { name: Some("radius"), number: Some(1), label: Some(Optional), r#type: Some(Float), type_name: None, extendee: None, default_value: None, oneof_index: None, json_name: Some("radius"), options: None, proto3_optional: None }], extension: [], nested_type: [], enum_type: [], extension_range: [], oneof_decl: [], options: None, reserved_range: [], reserved_name: [] }, DescriptorProto { name: Some("Triangle"), field: [FieldDescriptorProto { name: Some("edge_a"), number: Some(1), label: Some(Optional), r#type: Some(Float), type_name: None, extendee: None, default_value: None, oneof_index: None, json_name: Some("edgeA"), options: None, proto3_optional: None }, FieldDescriptorProto { name: Some("edge_b"), number: Some(2), label: Some(Optional), r#type: Some(Float), type_name: None, extendee: None, default_value: None, oneof_index: None, json_name: Some("edgeB"), options: None, proto3_optional: None }, FieldDescriptorProto { name: Some("edge_c"), number: Some(3), label: Some(Optional), r#type: Some(Float), type_name: None, extendee: None, default_value: None, oneof_index: None, json_name: Some("edgeC"), options: None, proto3_optional: None }], extension: [], nested_type: [], enum_type: [], extension_range: [], oneof_decl: [], options: None, reserved_range: [], reserved_name: [] }, DescriptorProto { name: Some("Parallelogram"), field: [FieldDescriptorProto { name: Some("base_length"), number: Some(1), label: Some(Optional), r#type: Some(Float), type_name: None, extendee: None, default_value: None, oneof_index: None, json_name: Some("baseLength"), options: None, proto3_optional: None }, FieldDescriptorProto { name: Some("height"), number: Some(2), label: Some(Optional), r#type: Some(Float), type_name: None, extendee: None, default_value: None, oneof_index: None, json_name: Some("height"), options: None, proto3_optional: None }], extension: [], nested_type: [], enum_type: [], extension_range: [], oneof_decl: [], options: None, reserved_range: [], reserved_name: [] }, DescriptorProto { name: Some("AreaRequest"), field: [FieldDescriptorProto { name: Some("shapes"), number: Some(1), label: Some(Repeated), r#type: Some(Message), type_name: Some(".area_calculator.ShapeMessage"), extendee: None, default_value: None, oneof_index: None, json_name: Some("shapes"), options: None, proto3_optional: None }], extension: [], nested_type: [], enum_type: [], extension_range: [], oneof_decl: [], options: None, reserved_range: [], reserved_name: [] }, DescriptorProto { name: Some("AreaResponse"), field: [FieldDescriptorProto { name: Some("value"), number: Some(1), label: Some(Repeated), r#type: Some(Float), type_name: None, extendee: None, default_value: None, oneof_index: None, json_name: Some("value"), options: None, proto3_optional: None }], extension: [], nested_type: [], enum_type: [], extension_range: [], oneof_decl: [], options: None, reserved_range: [], reserved_name: [] }], enum_type: [], service: [ServiceDescriptorProto { name: Some("Calculator"), method: [MethodDescriptorProto { name: Some("calculateOne"), input_type: Some(".area_calculator.ShapeMessage"), output_type: Some(".area_calculator.AreaResponse"), options: Some(MethodOptions { deprecated: None, idempotency_level: None, uninterpreted_option: [] }), client_streaming: None, server_streaming: None }, MethodDescriptorProto { name: Some("calculateMulti"), input_type: Some(".area_calculator.AreaRequest"), output_type: Some(".area_calculator.AreaResponse"), options: Some(MethodOptions { deprecated: None, idempotency_level: None, uninterpreted_option: [] }), client_streaming: None, server_streaming: None }], options: None }], extension: [], options: Some(FileOptions { java_package: None, java_outer_classname: None, java_multiple_files: None, java_generate_equals_and_hash: None, java_string_check_utf8: None, optimize_for: None, go_package: Some("io.pact/area_calculator"), cc_generic_services: None, java_generic_services: None, py_generic_services: None, php_generic_services: Some(true), deprecated: None, cc_enable_arenas: None, objc_class_prefix: None, csharp_namespace: None, swift_prefix: None, php_class_prefix: None, php_namespace: None, php_metadata_namespace: None, ruby_package: None, uninterpreted_option: [] }), source_code_info: None, syntax: Some("proto3") }] }, MethodDescriptorProto { name: Some("calculateOne"), input_type: Some(".area_calculator.ShapeMessage"), output_type: Some(".area_calculator.AreaResponse"), options: Some(MethodOptions { deprecated: None, idempotency_level: None, uninterpreted_option: [] }), client_streaming: None, server_streaming: None }, SynchronousMessage { id: None, key: Some("c7fbe3ee"), description: "calculate rectangle area request", provider_states: [], comments: {"testname": String("io.pact.example.grpc.consumer.PactConsumerTest.calculateRectangleArea(MockServer, SynchronousMessages)")}, request: MessageContents { contents: Present(b"\x12\n\r\0\0@@\x15\0\0\x80@", Some(ContentType { main_type: "application", sub_type: "protobuf", attributes: {"message": "ShapeMessage"}, suffix: None }), Some(BINARY)), metadata: {}, matching_rules: MatchingRules { rules: {BODY: MatchingRuleCategory { name: BODY, rules: {DocPath { path_tokens: [Root, Field("rectangle"), Field("length")], expr: "$.rectangle.length" }: RuleList { rules: [Number], rule_logic: And, cascaded: false }, DocPath { path_tokens: [Root, Field("rectangle"), Field("width")], expr: "$.rectangle.width" }: RuleList { rules: [Number], rule_logic: And, cascaded: false }} }} }, generators: Generators { categories: {} } }, response: [MessageContents { contents: Present(b"\r\0\0@A", Some(ContentType { main_type: "application", sub_type: "protobuf", attributes: {"message": "AreaResponse"}, suffix: None }), Some(BINARY)), metadata: {}, matching_rules: MatchingRules { rules: {BODY: MatchingRuleCategory { name: BODY, rules: {DocPath { path_tokens: [Root, Field("value")], expr: "$.value" }: RuleList { rules: [Number], rule_logic: And, cascaded: false }} }} }, generators: Generators { categories: {} } }], pending: false, plugin_config: {"protobuf": {"service": String("Calculator/calculateOne"), "descriptorKey": String("a85dff8f82655a9681aad113575dcfbb")}}, interaction_markup: InteractionMarkup { markup: "```protobuf\nmessage ShapeMessage {\n    message .area_calculator.Rectangle rectangle = 2;\n}\n```\n\n```protobuf\nmessage AreaResponse {\n    float value = 1;\n}\n```\n", markup_type: "COMMON_MARK" }, transport: None })}, server_key: "5cae5f82-fec2-43c6-9739-60d0383d84ec" } ?[3mreq?[0m?[2m=?[0mRequest { method: POST, uri: http://127.0.0.1:53791/area_calculator.Calculator/calculateOne, version: HTTP/2.0, headers: {"content-type": "application/grpc", "te": "trailers", "user-agent": "grpc-java-netty/1.49.0", "grpc-accept-encoding": "gzip"}, body: Body(Streaming) }?[1m}?[0m?[2m:?[0m?[1mmock_server_handler?[0m?[1m{?[0m?[3mkey?[0m?[2m=?[0m"5cae5f82-fec2-43c6-9739-60d0383d84ec"?[1m}?[0m?[2m:?[0m ?[2mpact_protobuf_plugin::mock_server?[0m?[2m:?[0m Found route for service call calculate rectangle area request
15:05:16.521 [Thread-5] DEBUG i.pact.plugins.jvm.core.ChildProcess - Plugin protobuf [46038] || ?[2m2023-03-27T09:35:16.520150Z?[0m ?[35mTRACE?[0m tokio-runtime-worker ?[1mrequest?[0m?[1m{?[0m?[3mmethod?[0m?[2m=?[0mPOST ?[3muri?[0m?[2m=?[0mhttp://127.0.0.1:53791/area_calculator.Calculator/calculateOne ?[3mversion?[0m?[2m=?[0mHTTP/2.0?[1m}?[0m?[2m:?[0m?[1mcall?[0m?[1m{?[0m?[3mself?[0m?[2m=?[0mGrpcMockServer { pact: V4Pact { consumer: Consumer { name: "grpc-consumer-jvm" }, provider: Provider { name: "area-calculator-provider" }, interactions: [SynchronousMessage { id: None, key: Some("c7fbe3ee"), description: "calculate rectangle area request", provider_states: [], comments: {"testname": String("io.pact.example.grpc.consumer.PactConsumerTest.calculateRectangleArea(MockServer, SynchronousMessages)")}, request: MessageContents { contents: Present(b"\x12\n\r\0\0@@\x15\0\0\x80@", Some(ContentType { main_type: "application", sub_type: "protobuf", attributes: {"message": "ShapeMessage"}, suffix: None }), Some(BINARY)), metadata: {}, matching_rules: MatchingRules { rules: {BODY: MatchingRuleCategory { name: BODY, rules: {DocPath { path_tokens: [Root, Field("rectangle"), Field("length")], expr: "$.rectangle.length" }: RuleList { rules: [Number], rule_logic: And, cascaded: false }, DocPath { path_tokens: [Root, Field("rectangle"), Field("width")], expr: "$.rectangle.width" }: RuleList { rules: [Number], rule_logic: And, cascaded: false }} }} }, generators: Generators { categories: {} } }, response: [MessageContents { contents: Present(b"\r\0\0@A", Some(ContentType { main_type: "application", sub_type: "protobuf", attributes: {"message": "AreaResponse"}, suffix: None }), Some(BINARY)), metadata: {}, matching_rules: MatchingRules { rules: {BODY: MatchingRuleCategory { name: BODY, rules: {DocPath { path_tokens: [Root, Field("value")], expr: "$.value" }: RuleList { rules: [Number], rule_logic: And, cascaded: false }} }} }, generators: Generators { categories: {} } }], pending: false, plugin_config: {"protobuf": {"service": String("Calculator/calculateOne"), "descriptorKey": String("a85dff8f82655a9681aad113575dcfbb")}}, interaction_markup: InteractionMarkup { markup: "```protobuf\nmessage ShapeMessage {\n    message .area_calculator.Rectangle rectangle = 2;\n}\n```\n\n```protobuf\nmessage AreaResponse {\n    float value = 1;\n}\n```\n", markup_type: "COMMON_MARK" }, transport: None }], metadata: {"pact-jvm": Object({"version": String("4.4.2")}), "pactSpecification": Object({"version": String("4.0")})}, plugin_data: [PluginData { name: "protobuf", version: "0.1.5", configuration: {"a85dff8f82655a9681aad113575dcfbb": Object({"protoDescriptors": String("CsoHChVhcmVhX2NhbGN1bGF0b3IucHJvdG8SD2FyZWFfY2FsY3VsYXRvciK6AgoMU2hhcGVNZXNzYWdlEjEKBnNxdWFyZRgBIAEoCzIXLmFyZWFfY2FsY3VsYXRvci5TcXVhcmVIAFIGc3F1YXJlEjoKCXJlY3RhbmdsZRgCIAEoCzIaLmFyZWFfY2FsY3VsYXRvci5SZWN0YW5nbGVIAFIJcmVjdGFuZ2xlEjEKBmNpcmNsZRgDIAEoCzIXLmFyZWFfY2FsY3VsYXRvci5DaXJjbGVIAFIGY2lyY2xlEjcKCHRyaWFuZ2xlGAQgASgLMhkuYXJlYV9jYWxjdWxhdG9yLlRyaWFuZ2xlSABSCHRyaWFuZ2xlEkYKDXBhcmFsbGVsb2dyYW0YBSABKAsyHi5hcmVhX2NhbGN1bGF0b3IuUGFyYWxsZWxvZ3JhbUgAUg1wYXJhbGxlbG9ncmFtQgcKBXNoYXBlIikKBlNxdWFyZRIfCgtlZGdlX2xlbmd0aBgBIAEoAlIKZWRnZUxlbmd0aCI5CglSZWN0YW5nbGUSFgoGbGVuZ3RoGAEgASgCUgZsZW5ndGgSFAoFd2lkdGgYAiABKAJSBXdpZHRoIiAKBkNpcmNsZRIWCgZyYWRpdXMYASABKAJSBnJhZGl1cyJPCghUcmlhbmdsZRIVCgZlZGdlX2EYASABKAJSBWVkZ2VBEhUKBmVkZ2VfYhgCIAEoAlIFZWRnZUISFQoGZWRnZV9jGAMgASgCUgVlZGdlQyJICg1QYXJhbGxlbG9ncmFtEh8KC2Jhc2VfbGVuZ3RoGAEgASgCUgpiYXNlTGVuZ3RoEhYKBmhlaWdodBgCIAEoAlIGaGVpZ2h0IkQKC0FyZWFSZXF1ZXN0EjUKBnNoYXBlcxgBIAMoCzIdLmFyZWFfY2FsY3VsYXRvci5TaGFwZU1lc3NhZ2VSBnNoYXBlcyIkCgxBcmVhUmVzcG9uc2USFAoFdmFsdWUYASADKAJSBXZhbHVlMq0BCgpDYWxjdWxhdG9yEk4KDGNhbGN1bGF0ZU9uZRIdLmFyZWFfY2FsY3VsYXRvci5TaGFwZU1lc3NhZ2UaHS5hcmVhX2NhbGN1bGF0b3IuQXJlYVJlc3BvbnNlIgASTwoOY2FsY3VsYXRlTXVsdGkSHC5hcmVhX2NhbGN1bGF0b3IuQXJlYVJlcXVlc3QaHS5hcmVhX2NhbGN1bGF0b3IuQXJlYVJlc3BvbnNlIgBCHFoXaW8ucGFjdC9hcmVhX2NhbGN1bGF0b3LQAgFiBnByb3RvMw=="), "protoFile": String("syntax = \"proto3\";\n\npackage area_calculator;\n\noption php_generic_services = true;\noption go_package = \"io.pact/area_calculator\";\n\nservice Calculator {\n  rpc calculateOne (ShapeMessage) returns (AreaResponse) {}\n  rpc calculateMulti (AreaRequest) returns (AreaResponse) {}\n}\n\nmessage ShapeMessage {\n  oneof shape {\n    Square square = 1;\n    Rectangle rectangle = 2;\n    Circle circle = 3;\n    Triangle triangle = 4;\n    Parallelogram parallelogram = 5;\n  }\n}\n\nmessage Square {\n  float edge_length = 1;\n}\n\nmessage Rectangle {\n  float length = 1;\n  float width = 2;\n}\n\nmessage Circle {\n  float radius = 1;\n}\n\nmessage Triangle {\n  float edge_a = 1;\n  float edge_b = 2;\n  float edge_c = 3;\n}\n\nmessage Parallelogram {\n  float base_length = 1;\n  float height = 2;\n}\n\nmessage AreaRequest {\n  repeated ShapeMessage shapes = 1;\n}\n\nmessage AreaResponse {\n  repeated float value = 1;\n}\n")})} }] }, plugin_config: PluginData { name: "protobuf", version: "0.1.5", configuration: {"a85dff8f82655a9681aad113575dcfbb": Object({"protoDescriptors": String("CsoHChVhcmVhX2NhbGN1bGF0b3IucHJvdG8SD2FyZWFfY2FsY3VsYXRvciK6AgoMU2hhcGVNZXNzYWdlEjEKBnNxdWFyZRgBIAEoCzIXLmFyZWFfY2FsY3VsYXRvci5TcXVhcmVIAFIGc3F1YXJlEjoKCXJlY3RhbmdsZRgCIAEoCzIaLmFyZWFfY2FsY3VsYXRvci5SZWN0YW5nbGVIAFIJcmVjdGFuZ2xlEjEKBmNpcmNsZRgDIAEoCzIXLmFyZWFfY2FsY3VsYXRvci5DaXJjbGVIAFIGY2lyY2xlEjcKCHRyaWFuZ2xlGAQgASgLMhkuYXJlYV9jYWxjdWxhdG9yLlRyaWFuZ2xlSABSCHRyaWFuZ2xlEkYKDXBhcmFsbGVsb2dyYW0YBSABKAsyHi5hcmVhX2NhbGN1bGF0b3IuUGFyYWxsZWxvZ3JhbUgAUg1wYXJhbGxlbG9ncmFtQgcKBXNoYXBlIikKBlNxdWFyZRIfCgtlZGdlX2xlbmd0aBgBIAEoAlIKZWRnZUxlbmd0aCI5CglSZWN0YW5nbGUSFgoGbGVuZ3RoGAEgASgCUgZsZW5ndGgSFAoFd2lkdGgYAiABKAJSBXdpZHRoIiAKBkNpcmNsZRIWCgZyYWRpdXMYASABKAJSBnJhZGl1cyJPCghUcmlhbmdsZRIVCgZlZGdlX2EYASABKAJSBWVkZ2VBEhUKBmVkZ2VfYhgCIAEoAlIFZWRnZUISFQoGZWRnZV9jGAMgASgCUgVlZGdlQyJICg1QYXJhbGxlbG9ncmFtEh8KC2Jhc2VfbGVuZ3RoGAEgASgCUgpiYXNlTGVuZ3RoEhYKBmhlaWdodBgCIAEoAlIGaGVpZ2h0IkQKC0FyZWFSZXF1ZXN0EjUKBnNoYXBlcxgBIAMoCzIdLmFyZWFfY2FsY3VsYXRvci5TaGFwZU1lc3NhZ2VSBnNoYXBlcyIkCgxBcmVhUmVzcG9uc2USFAoFdmFsdWUYASADKAJSBXZhbHVlMq0BCgpDYWxjdWxhdG9yEk4KDGNhbGN1bGF0ZU9uZRIdLmFyZWFfY2FsY3VsYXRvci5TaGFwZU1lc3NhZ2UaHS5hcmVhX2NhbGN1bGF0b3IuQXJlYVJlc3BvbnNlIgASTwoOY2FsY3VsYXRlTXVsdGkSHC5hcmVhX2NhbGN1bGF0b3IuQXJlYVJlcXVlc3QaHS5hcmVhX2NhbGN1bGF0b3IuQXJlYVJlc3BvbnNlIgBCHFoXaW8ucGFjdC9hcmVhX2NhbGN1bGF0b3LQAgFiBnByb3RvMw=="), "protoFile": String("syntax = \"proto3\";\n\npackage area_calculator;\n\noption php_generic_services = true;\noption go_package = \"io.pact/area_calculator\";\n\nservice Calculator {\n  rpc calculateOne (ShapeMessage) returns (AreaResponse) {}\n  rpc calculateMulti (AreaRequest) returns (AreaResponse) {}\n}\n\nmessage ShapeMessage {\n  oneof shape {\n    Square square = 1;\n    Rectangle rectangle = 2;\n    Circle circle = 3;\n    Triangle triangle = 4;\n    Parallelogram parallelogram = 5;\n  }\n}\n\nmessage Square {\n  float edge_length = 1;\n}\n\nmessage Rectangle {\n  float length = 1;\n  float width = 2;\n}\n\nmessage Circle {\n  float radius = 1;\n}\n\nmessage Triangle {\n  float edge_a = 1;\n  float edge_b = 2;\n  float edge_c = 3;\n}\n\nmessage Parallelogram {\n  float base_length = 1;\n  float height = 2;\n}\n\nmessage AreaRequest {\n  repeated ShapeMessage shapes = 1;\n}\n\nmessage AreaResponse {\n  repeated float value = 1;\n}\n")})} }, descriptors: {"a85dff8f82655a9681aad113575dcfbb": FileDescriptorSet { file: [FileDescriptorProto { name: Some("area_calculator.proto"), package: Some("area_calculator"), dependency: [], public_dependency: [], weak_dependency: [], message_type: [DescriptorProto { name: Some("ShapeMessage"), field: [FieldDescriptorProto { name: Some("square"), number: Some(1), label: Some(Optional), r#type: Some(Message), type_name: Some(".area_calculator.Square"), extendee: None, default_value: None, oneof_index: Some(0), json_name: Some("square"), options: None, proto3_optional: None }, FieldDescriptorProto { name: Some("rectangle"), number: Some(2), label: Some(Optional), r#type: Some(Message), type_name: Some(".area_calculator.Rectangle"), extendee: None, default_value: None, oneof_index: Some(0), json_name: Some("rectangle"), options: None, proto3_optional: None }, FieldDescriptorProto { name: Some("circle"), number: Some(3), label: Some(Optional), r#type: Some(Message), type_name: Some(".area_calculator.Circle"), extendee: None, default_value: None, oneof_index: Some(0), json_name: Some("circle"), options: None, proto3_optional: None }, FieldDescriptorProto { name: Some("triangle"), number: Some(4), label: Some(Optional), r#type: Some(Message), type_name: Some(".area_calculator.Triangle"), extendee: None, default_value: None, oneof_index: Some(0), json_name: Some("triangle"), options: None, proto3_optional: None }, FieldDescriptorProto { name: Some("parallelogram"), number: Some(5), label: Some(Optional), r#type: Some(Message), type_name: Some(".area_calculator.Parallelogram"), extendee: None, default_value: None, oneof_index: Some(0), json_name: Some("parallelogram"), options: None, proto3_optional: None }], extension: [], nested_type: [], enum_type: [], extension_range: [], oneof_decl: [OneofDescriptorProto { name: Some("shape"), options: None }], options: None, reserved_range: [], reserved_name: [] }, DescriptorProto { name: Some("Square"), field: [FieldDescriptorProto { name: Some("edge_length"), number: Some(1), label: Some(Optional), r#type: Some(Float), type_name: None, extendee: None, default_value: None, oneof_index: None, json_name: Some("edgeLength"), options: None, proto3_optional: None }], extension: [], nested_type: [], enum_type: [], extension_range: [], oneof_decl: [], options: None, reserved_range: [], reserved_name: [] }, DescriptorProto { name: Some("Rectangle"), field: [FieldDescriptorProto { name: Some("length"), number: Some(1), label: Some(Optional), r#type: Some(Float), type_name: None, extendee: None, default_value: None, oneof_index: None, json_name: Some("length"), options: None, proto3_optional: None }, FieldDescriptorProto { name: Some("width"), number: Some(2), label: Some(Optional), r#type: Some(Float), type_name: None, extendee: None, default_value: None, oneof_index: None, json_name: Some("width"), options: None, proto3_optional: None }], extension: [], nested_type: [], enum_type: [], extension_range: [], oneof_decl: [], options: None, reserved_range: [], reserved_name: [] }, DescriptorProto { name: Some("Circle"), field: [FieldDescriptorProto { name: Some("radius"), number: Some(1), label: Some(Optional), r#type: Some(Float), type_name: None, extendee: None, default_value: None, oneof_index: None, json_name: Some("radius"), options: None, proto3_optional: None }], extension: [], nested_type: [], enum_type: [], extension_range: [], oneof_decl: [], options: None, reserved_range: [], reserved_name: [] }, DescriptorProto { name: Some("Triangle"), field: [FieldDescriptorProto { name: Some("edge_a"), number: Some(1), label: Some(Optional), r#type: Some(Float), type_name: None, extendee: None, default_value: None, oneof_index: None, json_name: Some("edgeA"), options: None, proto3_optional: None }, FieldDescriptorProto { name: Some("edge_b"), number: Some(2), label: Some(Optional), r#type: Some(Float), type_name: None, extendee: None, default_value: None, oneof_index: None, json_name: Some("edgeB"), options: None, proto3_optional: None }, FieldDescriptorProto { name: Some("edge_c"), number: Some(3), label: Some(Optional), r#type: Some(Float), type_name: None, extendee: None, default_value: None, oneof_index: None, json_name: Some("edgeC"), options: None, proto3_optional: None }], extension: [], nested_type: [], enum_type: [], extension_range: [], oneof_decl: [], options: None, reserved_range: [], reserved_name: [] }, DescriptorProto { name: Some("Parallelogram"), field: [FieldDescriptorProto { name: Some("base_length"), number: Some(1), label: Some(Optional), r#type: Some(Float), type_name: None, extendee: None, default_value: None, oneof_index: None, json_name: Some("baseLength"), options: None, proto3_optional: None }, FieldDescriptorProto { name: Some("height"), number: Some(2), label: Some(Optional), r#type: Some(Float), type_name: None, extendee: None, default_value: None, oneof_index: None, json_name: Some("height"), options: None, proto3_optional: None }], extension: [], nested_type: [], enum_type: [], extension_range: [], oneof_decl: [], options: None, reserved_range: [], reserved_name: [] }, DescriptorProto { name: Some("AreaRequest"), field: [FieldDescriptorProto { name: Some("shapes"), number: Some(1), label: Some(Repeated), r#type: Some(Message), type_name: Some(".area_calculator.ShapeMessage"), extendee: None, default_value: None, oneof_index: None, json_name: Some("shapes"), options: None, proto3_optional: None }], extension: [], nested_type: [], enum_type: [], extension_range: [], oneof_decl: [], options: None, reserved_range: [], reserved_name: [] }, DescriptorProto { name: Some("AreaResponse"), field: [FieldDescriptorProto { name: Some("value"), number: Some(1), label: Some(Repeated), r#type: Some(Float), type_name: None, extendee: None, default_value: None, oneof_index: None, json_name: Some("value"), options: None, proto3_optional: None }], extension: [], nested_type: [], enum_type: [], extension_range: [], oneof_decl: [], options: None, reserved_range: [], reserved_name: [] }], enum_type: [], service: [ServiceDescriptorProto { name: Some("Calculator"), method: [MethodDescriptorProto { name: Some("calculateOne"), input_type: Some(".area_calculator.ShapeMessage"), output_type: Some(".area_calculator.AreaResponse"), options: Some(MethodOptions { deprecated: None, idempotency_level: None, uninterpreted_option: [] }), client_streaming: None, server_streaming: None }, MethodDescriptorProto { name: Some("calculateMulti"), input_type: Some(".area_calculator.AreaRequest"), output_type: Some(".area_calculator.AreaResponse"), options: Some(MethodOptions { deprecated: None, idempotency_level: None, uninterpreted_option: [] }), client_streaming: None, server_streaming: None }], options: None }], extension: [], options: Some(FileOptions { java_package: None, java_outer_classname: None, java_multiple_files: None, java_generate_equals_and_hash: None, java_string_check_utf8: None, optimize_for: None, go_package: Some("io.pact/area_calculator"), cc_generic_services: None, java_generic_services: None, py_generic_services: None, php_generic_services: Some(true), deprecated: None, cc_enable_arenas: None, objc_class_prefix: None, csharp_namespace: None, swift_prefix: None, php_class_prefix: None, php_namespace: None, php_metadata_namespace: None, ruby_package: None, uninterpreted_option: [] }), source_code_info: None, syntax: Some("proto3") }] }}, routes: {"Calculator/calculateOne": (FileDescriptorSet { file: [FileDescriptorProto { name: Some("area_calculator.proto"), package: Some("area_calculator"), dependency: [], public_dependency: [], weak_dependency: [], message_type: [DescriptorProto { name: Some("ShapeMessage"), field: [FieldDescriptorProto { name: Some("square"), number: Some(1), label: Some(Optional), r#type: Some(Message), type_name: Some(".area_calculator.Square"), extendee: None, default_value: None, oneof_index: Some(0), json_name: Some("square"), options: None, proto3_optional: None }, FieldDescriptorProto { name: Some("rectangle"), number: Some(2), label: Some(Optional), r#type: Some(Message), type_name: Some(".area_calculator.Rectangle"), extendee: None, default_value: None, oneof_index: Some(0), json_name: Some("rectangle"), options: None, proto3_optional: None }, FieldDescriptorProto { name: Some("circle"), number: Some(3), label: Some(Optional), r#type: Some(Message), type_name: Some(".area_calculator.Circle"), extendee: None, default_value: None, oneof_index: Some(0), json_name: Some("circle"), options: None, proto3_optional: None }, FieldDescriptorProto { name: Some("triangle"), number: Some(4), label: Some(Optional), r#type: Some(Message), type_name: Some(".area_calculator.Triangle"), extendee: None, default_value: None, oneof_index: Some(0), json_name: Some("triangle"), options: None, proto3_optional: None }, FieldDescriptorProto { name: Some("parallelogram"), number: Some(5), label: Some(Optional), r#type: Some(Message), type_name: Some(".area_calculator.Parallelogram"), extendee: None, default_value: None, oneof_index: Some(0), json_name: Some("parallelogram"), options: None, proto3_optional: None }], extension: [], nested_type: [], enum_type: [], extension_range: [], oneof_decl: [OneofDescriptorProto { name: Some("shape"), options: None }], options: None, reserved_range: [], reserved_name: [] }, DescriptorProto { name: Some("Square"), field: [FieldDescriptorProto { name: Some("edge_length"), number: Some(1), label: Some(Optional), r#type: Some(Float), type_name: None, extendee: None, default_value: None, oneof_index: None, json_name: Some("edgeLength"), options: None, proto3_optional: None }], extension: [], nested_type: [], enum_type: [], extension_range: [], oneof_decl: [], options: None, reserved_range: [], reserved_name: [] }, DescriptorProto { name: Some("Rectangle"), field: [FieldDescriptorProto { name: Some("length"), number: Some(1), label: Some(Optional), r#type: Some(Float), type_name: None, extendee: None, default_value: None, oneof_index: None, json_name: Some("length"), options: None, proto3_optional: None }, FieldDescriptorProto { name: Some("width"), number: Some(2), label: Some(Optional), r#type: Some(Float), type_name: None, extendee: None, default_value: None, oneof_index: None, json_name: Some("width"), options: None, proto3_optional: None }], extension: [], nested_type: [], enum_type: [], extension_range: [], oneof_decl: [], options: None, reserved_range: [], reserved_name: [] }, DescriptorProto { name: Some("Circle"), field: [FieldDescriptorProto { name: Some("radius"), number: Some(1), label: Some(Optional), r#type: Some(Float), type_name: None, extendee: None, default_value: None, oneof_index: None, json_name: Some("radius"), options: None, proto3_optional: None }], extension: [], nested_type: [], enum_type: [], extension_range: [], oneof_decl: [], options: None, reserved_range: [], reserved_name: [] }, DescriptorProto { name: Some("Triangle"), field: [FieldDescriptorProto { name: Some("edge_a"), number: Some(1), label: Some(Optional), r#type: Some(Float), type_name: None, extendee: None, default_value: None, oneof_index: None, json_name: Some("edgeA"), options: None, proto3_optional: None }, FieldDescriptorProto { name: Some("edge_b"), number: Some(2), label: Some(Optional), r#type: Some(Float), type_name: None, extendee: None, default_value: None, oneof_index: None, json_name: Some("edgeB"), options: None, proto3_optional: None }, FieldDescriptorProto { name: Some("edge_c"), number: Some(3), label: Some(Optional), r#type: Some(Float), type_name: None, extendee: None, default_value: None, oneof_index: None, json_name: Some("edgeC"), options: None, proto3_optional: None }], extension: [], nested_type: [], enum_type: [], extension_range: [], oneof_decl: [], options: None, reserved_range: [], reserved_name: [] }, DescriptorProto { name: Some("Parallelogram"), field: [FieldDescriptorProto { name: Some("base_length"), number: Some(1), label: Some(Optional), r#type: Some(Float), type_name: None, extendee: None, default_value: None, oneof_index: None, json_name: Some("baseLength"), options: None, proto3_optional: None }, FieldDescriptorProto { name: Some("height"), number: Some(2), label: Some(Optional), r#type: Some(Float), type_name: None, extendee: None, default_value: None, oneof_index: None, json_name: Some("height"), options: None, proto3_optional: None }], extension: [], nested_type: [], enum_type: [], extension_range: [], oneof_decl: [], options: None, reserved_range: [], reserved_name: [] }, DescriptorProto { name: Some("AreaRequest"), field: [FieldDescriptorProto { name: Some("shapes"), number: Some(1), label: Some(Repeated), r#type: Some(Message), type_name: Some(".area_calculator.ShapeMessage"), extendee: None, default_value: None, oneof_index: None, json_name: Some("shapes"), options: None, proto3_optional: None }], extension: [], nested_type: [], enum_type: [], extension_range: [], oneof_decl: [], options: None, reserved_range: [], reserved_name: [] }, DescriptorProto { name: Some("AreaResponse"), field: [FieldDescriptorProto { name: Some("value"), number: Some(1), label: Some(Repeated), r#type: Some(Float), type_name: None, extendee: None, default_value: None, oneof_index: None, json_name: Some("value"), options: None, proto3_optional: None }], extension: [], nested_type: [], enum_type: [], extension_range: [], oneof_decl: [], options: None, reserved_range: [], reserved_name: [] }], enum_type: [], service: [ServiceDescriptorProto { name: Some("Calculator"), method: [MethodDescriptorProto { name: Some("calculateOne"), input_type: Some(".area_calculator.ShapeMessage"), output_type: Some(".area_calculator.AreaResponse"), options: Some(MethodOptions { deprecated: None, idempotency_level: None, uninterpreted_option: [] }), client_streaming: None, server_streaming: None }, MethodDescriptorProto { name: Some("calculateMulti"), input_type: Some(".area_calculator.AreaRequest"), output_type: Some(".area_calculator.AreaResponse"), options: Some(MethodOptions { deprecated: None, idempotency_level: None, uninterpreted_option: [] }), client_streaming: None, server_streaming: None }], options: None }], extension: [], options: Some(FileOptions { java_package: None, java_outer_classname: None, java_multiple_files: None, java_generate_equals_and_hash: None, java_string_check_utf8: None, optimize_for: None, go_package: Some("io.pact/area_calculator"), cc_generic_services: None, java_generic_services: None, py_generic_services: None, php_generic_services: Some(true), deprecated: None, cc_enable_arenas: None, objc_class_prefix: None, csharp_namespace: None, swift_prefix: None, php_class_prefix: None, php_namespace: None, php_metadata_namespace: None, ruby_package: None, uninterpreted_option: [] }), source_code_info: None, syntax: Some("proto3") }] }, MethodDescriptorProto { name: Some("calculateOne"), input_type: Some(".area_calculator.ShapeMessage"), output_type: Some(".area_calculator.AreaResponse"), options: Some(MethodOptions { deprecated: None, idempotency_level: None, uninterpreted_option: [] }), client_streaming: None, server_streaming: None }, SynchronousMessage { id: None, key: Some("c7fbe3ee"), description: "calculate rectangle area request", provider_states: [], comments: {"testname": String("io.pact.example.grpc.consumer.PactConsumerTest.calculateRectangleArea(MockServer, SynchronousMessages)")}, request: MessageContents { contents: Present(b"\x12\n\r\0\0@@\x15\0\0\x80@", Some(ContentType { main_type: "application", sub_type: "protobuf", attributes: {"message": "ShapeMessage"}, suffix: None }), Some(BINARY)), metadata: {}, matching_rules: MatchingRules { rules: {BODY: MatchingRuleCategory { name: BODY, rules: {DocPath { path_tokens: [Root, Field("rectangle"), Field("length")], expr: "$.rectangle.length" }: RuleList { rules: [Number], rule_logic: And, cascaded: false }, DocPath { path_tokens: [Root, Field("rectangle"), Field("width")], expr: "$.rectangle.width" }: RuleList { rules: [Number], rule_logic: And, cascaded: false }} }} }, generators: Generators { categories: {} } }, response: [MessageContents { contents: Present(b"\r\0\0@A", Some(ContentType { main_type: "application", sub_type: "protobuf", attributes: {"message": "AreaResponse"}, suffix: None }), Some(BINARY)), metadata: {}, matching_rules: MatchingRules { rules: {BODY: MatchingRuleCategory { name: BODY, rules: {DocPath { path_tokens: [Root, Field("value")], expr: "$.value" }: RuleList { rules: [Number], rule_logic: And, cascaded: false }} }} }, generators: Generators { categories: {} } }], pending: false, plugin_config: {"protobuf": {"service": String("Calculator/calculateOne"), "descriptorKey": String("a85dff8f82655a9681aad113575dcfbb")}}, interaction_markup: InteractionMarkup { markup: "```protobuf\nmessage ShapeMessage {\n    message .area_calculator.Rectangle rectangle = 2;\n}\n```\n\n```protobuf\nmessage AreaResponse {\n    float value = 1;\n}\n```\n", markup_type: "COMMON_MARK" }, transport: None })}, server_key: "5cae5f82-fec2-43c6-9739-60d0383d84ec" } ?[3mreq?[0m?[2m=?[0mRequest { method: POST, uri: http://127.0.0.1:53791/area_calculator.Calculator/calculateOne, version: HTTP/2.0, headers: {"content-type": "application/grpc", "te": "trailers", "user-agent": "grpc-java-netty/1.49.0", "grpc-accept-encoding": "gzip"}, body: Body(Streaming) }?[1m}?[0m?[2m:?[0m?[1mmock_server_handler?[0m?[1m{?[0m?[3mkey?[0m?[2m=?[0m"5cae5f82-fec2-43c6-9739-60d0383d84ec"?[1m}?[0m?[2m:?[0m ?[2mh2::proto::streams::recv?[0m?[2m:?[0m release_capacity; size=17
15:05:16.521 [Thread-5] DEBUG i.pact.plugins.jvm.core.ChildProcess - Plugin protobuf [46038] || ?[2m2023-03-27T09:35:16.520400Z?[0m ?[35mTRACE?[0m tokio-runtime-worker ?[1mrequest?[0m?[1m{?[0m?[3mmethod?[0m?[2m=?[0mPOST ?[3muri?[0m?[2m=?[0mhttp://127.0.0.1:53791/area_calculator.Calculator/calculateOne ?[3mversion?[0m?[2m=?[0mHTTP/2.0?[1m}?[0m?[2m:?[0m?[1mcall?[0m?[1m{?[0m?[3mself?[0m?[2m=?[0mGrpcMockServer { pact: V4Pact { consumer: Consumer { name: "grpc-consumer-jvm" }, provider: Provider { name: "area-calculator-provider" }, interactions: [SynchronousMessage { id: None, key: Some("c7fbe3ee"), description: "calculate rectangle area request", provider_states: [], comments: {"testname": String("io.pact.example.grpc.consumer.PactConsumerTest.calculateRectangleArea(MockServer, SynchronousMessages)")}, request: MessageContents { contents: Present(b"\x12\n\r\0\0@@\x15\0\0\x80@", Some(ContentType { main_type: "application", sub_type: "protobuf", attributes: {"message": "ShapeMessage"}, suffix: None }), Some(BINARY)), metadata: {}, matching_rules: MatchingRules { rules: {BODY: MatchingRuleCategory { name: BODY, rules: {DocPath { path_tokens: [Root, Field("rectangle"), Field("length")], expr: "$.rectangle.length" }: RuleList { rules: [Number], rule_logic: And, cascaded: false }, DocPath { path_tokens: [Root, Field("rectangle"), Field("width")], expr: "$.rectangle.width" }: RuleList { rules: [Number], rule_logic: And, cascaded: false }} }} }, generators: Generators { categories: {} } }, response: [MessageContents { contents: Present(b"\r\0\0@A", Some(ContentType { main_type: "application", sub_type: "protobuf", attributes: {"message": "AreaResponse"}, suffix: None }), Some(BINARY)), metadata: {}, matching_rules: MatchingRules { rules: {BODY: MatchingRuleCategory { name: BODY, rules: {DocPath { path_tokens: [Root, Field("value")], expr: "$.value" }: RuleList { rules: [Number], rule_logic: And, cascaded: false }} }} }, generators: Generators { categories: {} } }], pending: false, plugin_config: {"protobuf": {"service": String("Calculator/calculateOne"), "descriptorKey": String("a85dff8f82655a9681aad113575dcfbb")}}, interaction_markup: InteractionMarkup { markup: "```protobuf\nmessage ShapeMessage {\n    message .area_calculator.Rectangle rectangle = 2;\n}\n```\n\n```protobuf\nmessage AreaResponse {\n    float value = 1;\n}\n```\n", markup_type: "COMMON_MARK" }, transport: None }], metadata: {"pact-jvm": Object({"version": String("4.4.2")}), "pactSpecification": Object({"version": String("4.0")})}, plugin_data: [PluginData { name: "protobuf", version: "0.1.5", configuration: {"a85dff8f82655a9681aad113575dcfbb": Object({"protoDescriptors": String("CsoHChVhcmVhX2NhbGN1bGF0b3IucHJvdG8SD2FyZWFfY2FsY3VsYXRvciK6AgoMU2hhcGVNZXNzYWdlEjEKBnNxdWFyZRgBIAEoCzIXLmFyZWFfY2FsY3VsYXRvci5TcXVhcmVIAFIGc3F1YXJlEjoKCXJlY3RhbmdsZRgCIAEoCzIaLmFyZWFfY2FsY3VsYXRvci5SZWN0YW5nbGVIAFIJcmVjdGFuZ2xlEjEKBmNpcmNsZRgDIAEoCzIXLmFyZWFfY2FsY3VsYXRvci5DaXJjbGVIAFIGY2lyY2xlEjcKCHRyaWFuZ2xlGAQgASgLMhkuYXJlYV9jYWxjdWxhdG9yLlRyaWFuZ2xlSABSCHRyaWFuZ2xlEkYKDXBhcmFsbGVsb2dyYW0YBSABKAsyHi5hcmVhX2NhbGN1bGF0b3IuUGFyYWxsZWxvZ3JhbUgAUg1wYXJhbGxlbG9ncmFtQgcKBXNoYXBlIikKBlNxdWFyZRIfCgtlZGdlX2xlbmd0aBgBIAEoAlIKZWRnZUxlbmd0aCI5CglSZWN0YW5nbGUSFgoGbGVuZ3RoGAEgASgCUgZsZW5ndGgSFAoFd2lkdGgYAiABKAJSBXdpZHRoIiAKBkNpcmNsZRIWCgZyYWRpdXMYASABKAJSBnJhZGl1cyJPCghUcmlhbmdsZRIVCgZlZGdlX2EYASABKAJSBWVkZ2VBEhUKBmVkZ2VfYhgCIAEoAlIFZWRnZUISFQoGZWRnZV9jGAMgASgCUgVlZGdlQyJICg1QYXJhbGxlbG9ncmFtEh8KC2Jhc2VfbGVuZ3RoGAEgASgCUgpiYXNlTGVuZ3RoEhYKBmhlaWdodBgCIAEoAlIGaGVpZ2h0IkQKC0FyZWFSZXF1ZXN0EjUKBnNoYXBlcxgBIAMoCzIdLmFyZWFfY2FsY3VsYXRvci5TaGFwZU1lc3NhZ2VSBnNoYXBlcyIkCgxBcmVhUmVzcG9uc2USFAoFdmFsdWUYASADKAJSBXZhbHVlMq0BCgpDYWxjdWxhdG9yEk4KDGNhbGN1bGF0ZU9uZRIdLmFyZWFfY2FsY3VsYXRvci5TaGFwZU1lc3NhZ2UaHS5hcmVhX2NhbGN1bGF0b3IuQXJlYVJlc3BvbnNlIgASTwoOY2FsY3VsYXRlTXVsdGkSHC5hcmVhX2NhbGN1bGF0b3IuQXJlYVJlcXVlc3QaHS5hcmVhX2NhbGN1bGF0b3IuQXJlYVJlc3BvbnNlIgBCHFoXaW8ucGFjdC9hcmVhX2NhbGN1bGF0b3LQAgFiBnByb3RvMw=="), "protoFile": String("syntax = \"proto3\";\n\npackage area_calculator;\n\noption php_generic_services = true;\noption go_package = \"io.pact/area_calculator\";\n\nservice Calculator {\n  rpc calculateOne (ShapeMessage) returns (AreaResponse) {}\n  rpc calculateMulti (AreaRequest) returns (AreaResponse) {}\n}\n\nmessage ShapeMessage {\n  oneof shape {\n    Square square = 1;\n    Rectangle rectangle = 2;\n    Circle circle = 3;\n    Triangle triangle = 4;\n    Parallelogram parallelogram = 5;\n  }\n}\n\nmessage Square {\n  float edge_length = 1;\n}\n\nmessage Rectangle {\n  float length = 1;\n  float width = 2;\n}\n\nmessage Circle {\n  float radius = 1;\n}\n\nmessage Triangle {\n  float edge_a = 1;\n  float edge_b = 2;\n  float edge_c = 3;\n}\n\nmessage Parallelogram {\n  float base_length = 1;\n  float height = 2;\n}\n\nmessage AreaRequest {\n  repeated ShapeMessage shapes = 1;\n}\n\nmessage AreaResponse {\n  repeated float value = 1;\n}\n")})} }] }, plugin_config: PluginData { name: "protobuf", version: "0.1.5", configuration: {"a85dff8f82655a9681aad113575dcfbb": Object({"protoDescriptors": String("CsoHChVhcmVhX2NhbGN1bGF0b3IucHJvdG8SD2FyZWFfY2FsY3VsYXRvciK6AgoMU2hhcGVNZXNzYWdlEjEKBnNxdWFyZRgBIAEoCzIXLmFyZWFfY2FsY3VsYXRvci5TcXVhcmVIAFIGc3F1YXJlEjoKCXJlY3RhbmdsZRgCIAEoCzIaLmFyZWFfY2FsY3VsYXRvci5SZWN0YW5nbGVIAFIJcmVjdGFuZ2xlEjEKBmNpcmNsZRgDIAEoCzIXLmFyZWFfY2FsY3VsYXRvci5DaXJjbGVIAFIGY2lyY2xlEjcKCHRyaWFuZ2xlGAQgASgLMhkuYXJlYV9jYWxjdWxhdG9yLlRyaWFuZ2xlSABSCHRyaWFuZ2xlEkYKDXBhcmFsbGVsb2dyYW0YBSABKAsyHi5hcmVhX2NhbGN1bGF0b3IuUGFyYWxsZWxvZ3JhbUgAUg1wYXJhbGxlbG9ncmFtQgcKBXNoYXBlIikKBlNxdWFyZRIfCgtlZGdlX2xlbmd0aBgBIAEoAlIKZWRnZUxlbmd0aCI5CglSZWN0YW5nbGUSFgoGbGVuZ3RoGAEgASgCUgZsZW5ndGgSFAoFd2lkdGgYAiABKAJSBXdpZHRoIiAKBkNpcmNsZRIWCgZyYWRpdXMYASABKAJSBnJhZGl1cyJPCghUcmlhbmdsZRIVCgZlZGdlX2EYASABKAJSBWVkZ2VBEhUKBmVkZ2VfYhgCIAEoAlIFZWRnZUISFQoGZWRnZV9jGAMgASgCUgVlZGdlQyJICg1QYXJhbGxlbG9ncmFtEh8KC2Jhc2VfbGVuZ3RoGAEgASgCUgpiYXNlTGVuZ3RoEhYKBmhlaWdodBgCIAEoAlIGaGVpZ2h0IkQKC0FyZWFSZXF1ZXN0EjUKBnNoYXBlcxgBIAMoCzIdLmFyZWFfY2FsY3VsYXRvci5TaGFwZU1lc3NhZ2VSBnNoYXBlcyIkCgxBcmVhUmVzcG9uc2USFAoFdmFsdWUYASADKAJSBXZhbHVlMq0BCgpDYWxjdWxhdG9yEk4KDGNhbGN1bGF0ZU9uZRIdLmFyZWFfY2FsY3VsYXRvci5TaGFwZU1lc3NhZ2UaHS5hcmVhX2NhbGN1bGF0b3IuQXJlYVJlc3BvbnNlIgASTwoOY2FsY3VsYXRlTXVsdGkSHC5hcmVhX2NhbGN1bGF0b3IuQXJlYVJlcXVlc3QaHS5hcmVhX2NhbGN1bGF0b3IuQXJlYVJlc3BvbnNlIgBCHFoXaW8ucGFjdC9hcmVhX2NhbGN1bGF0b3LQAgFiBnByb3RvMw=="), "protoFile": String("syntax = \"proto3\";\n\npackage area_calculator;\n\noption php_generic_services = true;\noption go_package = \"io.pact/area_calculator\";\n\nservice Calculator {\n  rpc calculateOne (ShapeMessage) returns (AreaResponse) {}\n  rpc calculateMulti (AreaRequest) returns (AreaResponse) {}\n}\n\nmessage ShapeMessage {\n  oneof shape {\n    Square square = 1;\n    Rectangle rectangle = 2;\n    Circle circle = 3;\n    Triangle triangle = 4;\n    Parallelogram parallelogram = 5;\n  }\n}\n\nmessage Square {\n  float edge_length = 1;\n}\n\nmessage Rectangle {\n  float length = 1;\n  float width = 2;\n}\n\nmessage Circle {\n  float radius = 1;\n}\n\nmessage Triangle {\n  float edge_a = 1;\n  float edge_b = 2;\n  float edge_c = 3;\n}\n\nmessage Parallelogram {\n  float base_length = 1;\n  float height = 2;\n}\n\nmessage AreaRequest {\n  repeated ShapeMessage shapes = 1;\n}\n\nmessage AreaResponse {\n  repeated float value = 1;\n}\n")})} }, descriptors: {"a85dff8f82655a9681aad113575dcfbb": FileDescriptorSet { file: [FileDescriptorProto { name: Some("area_calculator.proto"), package: Some("area_calculator"), dependency: [], public_dependency: [], weak_dependency: [], message_type: [DescriptorProto { name: Some("ShapeMessage"), field: [FieldDescriptorProto { name: Some("square"), number: Some(1), label: Some(Optional), r#type: Some(Message), type_name: Some(".area_calculator.Square"), extendee: None, default_value: None, oneof_index: Some(0), json_name: Some("square"), options: None, proto3_optional: None }, FieldDescriptorProto { name: Some("rectangle"), number: Some(2), label: Some(Optional), r#type: Some(Message), type_name: Some(".area_calculator.Rectangle"), extendee: None, default_value: None, oneof_index: Some(0), json_name: Some("rectangle"), options: None, proto3_optional: None }, FieldDescriptorProto { name: Some("circle"), number: Some(3), label: Some(Optional), r#type: Some(Message), type_name: Some(".area_calculator.Circle"), extendee: None, default_value: None, oneof_index: Some(0), json_name: Some("circle"), options: None, proto3_optional: None }, FieldDescriptorProto { name: Some("triangle"), number: Some(4), label: Some(Optional), r#type: Some(Message), type_name: Some(".area_calculator.Triangle"), extendee: None, default_value: None, oneof_index: Some(0), json_name: Some("triangle"), options: None, proto3_optional: None }, FieldDescriptorProto { name: Some("parallelogram"), number: Some(5), label: Some(Optional), r#type: Some(Message), type_name: Some(".area_calculator.Parallelogram"), extendee: None, default_value: None, oneof_index: Some(0), json_name: Some("parallelogram"), options: None, proto3_optional: None }], extension: [], nested_type: [], enum_type: [], extension_range: [], oneof_decl: [OneofDescriptorProto { name: Some("shape"), options: None }], options: None, reserved_range: [], reserved_name: [] }, DescriptorProto { name: Some("Square"), field: [FieldDescriptorProto { name: Some("edge_length"), number: Some(1), label: Some(Optional), r#type: Some(Float), type_name: None, extendee: None, default_value: None, oneof_index: None, json_name: Some("edgeLength"), options: None, proto3_optional: None }], extension: [], nested_type: [], enum_type: [], extension_range: [], oneof_decl: [], options: None, reserved_range: [], reserved_name: [] }, DescriptorProto { name: Some("Rectangle"), field: [FieldDescriptorProto { name: Some("length"), number: Some(1), label: Some(Optional), r#type: Some(Float), type_name: None, extendee: None, default_value: None, oneof_index: None, json_name: Some("length"), options: None, proto3_optional: None }, FieldDescriptorProto { name: Some("width"), number: Some(2), label: Some(Optional), r#type: Some(Float), type_name: None, extendee: None, default_value: None, oneof_index: None, json_name: Some("width"), options: None, proto3_optional: None }], extension: [], nested_type: [], enum_type: [], extension_range: [], oneof_decl: [], options: None, reserved_range: [], reserved_name: [] }, DescriptorProto { name: Some("Circle"), field: [FieldDescriptorProto { name: Some("radius"), number: Some(1), label: Some(Optional), r#type: Some(Float), type_name: None, extendee: None, default_value: None, oneof_index: None, json_name: Some("radius"), options: None, proto3_optional: None }], extension: [], nested_type: [], enum_type: [], extension_range: [], oneof_decl: [], options: None, reserved_range: [], reserved_name: [] }, DescriptorProto { name: Some("Triangle"), field: [FieldDescriptorProto { name: Some("edge_a"), number: Some(1), label: Some(Optional), r#type: Some(Float), type_name: None, extendee: None, default_value: None, oneof_index: None, json_name: Some("edgeA"), options: None, proto3_optional: None }, FieldDescriptorProto { name: Some("edge_b"), number: Some(2), label: Some(Optional), r#type: Some(Float), type_name: None, extendee: None, default_value: None, oneof_index: None, json_name: Some("edgeB"), options: None, proto3_optional: None }, FieldDescriptorProto { name: Some("edge_c"), number: Some(3), label: Some(Optional), r#type: Some(Float), type_name: None, extendee: None, default_value: None, oneof_index: None, json_name: Some("edgeC"), options: None, proto3_optional: None }], extension: [], nested_type: [], enum_type: [], extension_range: [], oneof_decl: [], options: None, reserved_range: [], reserved_name: [] }, DescriptorProto { name: Some("Parallelogram"), field: [FieldDescriptorProto { name: Some("base_length"), number: Some(1), label: Some(Optional), r#type: Some(Float), type_name: None, extendee: None, default_value: None, oneof_index: None, json_name: Some("baseLength"), options: None, proto3_optional: None }, FieldDescriptorProto { name: Some("height"), number: Some(2), label: Some(Optional), r#type: Some(Float), type_name: None, extendee: None, default_value: None, oneof_index: None, json_name: Some("height"), options: None, proto3_optional: None }], extension: [], nested_type: [], enum_type: [], extension_range: [], oneof_decl: [], options: None, reserved_range: [], reserved_name: [] }, DescriptorProto { name: Some("AreaRequest"), field: [FieldDescriptorProto { name: Some("shapes"), number: Some(1), label: Some(Repeated), r#type: Some(Message), type_name: Some(".area_calculator.ShapeMessage"), extendee: None, default_value: None, oneof_index: None, json_name: Some("shapes"), options: None, proto3_optional: None }], extension: [], nested_type: [], enum_type: [], extension_range: [], oneof_decl: [], options: None, reserved_range: [], reserved_name: [] }, DescriptorProto { name: Some("AreaResponse"), field: [FieldDescriptorProto { name: Some("value"), number: Some(1), label: Some(Repeated), r#type: Some(Float), type_name: None, extendee: None, default_value: None, oneof_index: None, json_name: Some("value"), options: None, proto3_optional: None }], extension: [], nested_type: [], enum_type: [], extension_range: [], oneof_decl: [], options: None, reserved_range: [], reserved_name: [] }], enum_type: [], service: [ServiceDescriptorProto { name: Some("Calculator"), method: [MethodDescriptorProto { name: Some("calculateOne"), input_type: Some(".area_calculator.ShapeMessage"), output_type: Some(".area_calculator.AreaResponse"), options: Some(MethodOptions { deprecated: None, idempotency_level: None, uninterpreted_option: [] }), client_streaming: None, server_streaming: None }, MethodDescriptorProto { name: Some("calculateMulti"), input_type: Some(".area_calculator.AreaRequest"), output_type: Some(".area_calculator.AreaResponse"), options: Some(MethodOptions { deprecated: None, idempotency_level: None, uninterpreted_option: [] }), client_streaming: None, server_streaming: None }], options: None }], extension: [], options: Some(FileOptions { java_package: None, java_outer_classname: None, java_multiple_files: None, java_generate_equals_and_hash: None, java_string_check_utf8: None, optimize_for: None, go_package: Some("io.pact/area_calculator"), cc_generic_services: None, java_generic_services: None, py_generic_services: None, php_generic_services: Some(true), deprecated: None, cc_enable_arenas: None, objc_class_prefix: None, csharp_namespace: None, swift_prefix: None, php_class_prefix: None, php_namespace: None, php_metadata_namespace: None, ruby_package: None, uninterpreted_option: [] }), source_code_info: None, syntax: Some("proto3") }] }}, routes: {"Calculator/calculateOne": (FileDescriptorSet { file: [FileDescriptorProto { name: Some("area_calculator.proto"), package: Some("area_calculator"), dependency: [], public_dependency: [], weak_dependency: [], message_type: [DescriptorProto { name: Some("ShapeMessage"), field: [FieldDescriptorProto { name: Some("square"), number: Some(1), label: Some(Optional), r#type: Some(Message), type_name: Some(".area_calculator.Square"), extendee: None, default_value: None, oneof_index: Some(0), json_name: Some("square"), options: None, proto3_optional: None }, FieldDescriptorProto { name: Some("rectangle"), number: Some(2), label: Some(Optional), r#type: Some(Message), type_name: Some(".area_calculator.Rectangle"), extendee: None, default_value: None, oneof_index: Some(0), json_name: Some("rectangle"), options: None, proto3_optional: None }, FieldDescriptorProto { name: Some("circle"), number: Some(3), label: Some(Optional), r#type: Some(Message), type_name: Some(".area_calculator.Circle"), extendee: None, default_value: None, oneof_index: Some(0), json_name: Some("circle"), options: None, proto3_optional: None }, FieldDescriptorProto { name: Some("triangle"), number: Some(4), label: Some(Optional), r#type: Some(Message), type_name: Some(".area_calculator.Triangle"), extendee: None, default_value: None, oneof_index: Some(0), json_name: Some("triangle"), options: None, proto3_optional: None }, FieldDescriptorProto { name: Some("parallelogram"), number: Some(5), label: Some(Optional), r#type: Some(Message), type_name: Some(".area_calculator.Parallelogram"), extendee: None, default_value: None, oneof_index: Some(0), json_name: Some("parallelogram"), options: None, proto3_optional: None }], extension: [], nested_type: [], enum_type: [], extension_range: [], oneof_decl: [OneofDescriptorProto { name: Some("shape"), options: None }], options: None, reserved_range: [], reserved_name: [] }, DescriptorProto { name: Some("Square"), field: [FieldDescriptorProto { name: Some("edge_length"), number: Some(1), label: Some(Optional), r#type: Some(Float), type_name: None, extendee: None, default_value: None, oneof_index: None, json_name: Some("edgeLength"), options: None, proto3_optional: None }], extension: [], nested_type: [], enum_type: [], extension_range: [], oneof_decl: [], options: None, reserved_range: [], reserved_name: [] }, DescriptorProto { name: Some("Rectangle"), field: [FieldDescriptorProto { name: Some("length"), number: Some(1), label: Some(Optional), r#type: Some(Float), type_name: None, extendee: None, default_value: None, oneof_index: None, json_name: Some("length"), options: None, proto3_optional: None }, FieldDescriptorProto { name: Some("width"), number: Some(2), label: Some(Optional), r#type: Some(Float), type_name: None, extendee: None, default_value: None, oneof_index: None, json_name: Some("width"), options: None, proto3_optional: None }], extension: [], nested_type: [], enum_type: [], extension_range: [], oneof_decl: [], options: None, reserved_range: [], reserved_name: [] }, DescriptorProto { name: Some("Circle"), field: [FieldDescriptorProto { name: Some("radius"), number: Some(1), label: Some(Optional), r#type: Some(Float), type_name: None, extendee: None, default_value: None, oneof_index: None, json_name: Some("radius"), options: None, proto3_optional: None }], extension: [], nested_type: [], enum_type: [], extension_range: [], oneof_decl: [], options: None, reserved_range: [], reserved_name: [] }, DescriptorProto { name: Some("Triangle"), field: [FieldDescriptorProto { name: Some("edge_a"), number: Some(1), label: Some(Optional), r#type: Some(Float), type_name: None, extendee: None, default_value: None, oneof_index: None, json_name: Some("edgeA"), options: None, proto3_optional: None }, FieldDescriptorProto { name: Some("edge_b"), number: Some(2), label: Some(Optional), r#type: Some(Float), type_name: None, extendee: None, default_value: None, oneof_index: None, json_name: Some("edgeB"), options: None, proto3_optional: None }, FieldDescriptorProto { name: Some("edge_c"), number: Some(3), label: Some(Optional), r#type: Some(Float), type_name: None, extendee: None, default_value: None, oneof_index: None, json_name: Some("edgeC"), options: None, proto3_optional: None }], extension: [], nested_type: [], enum_type: [], extension_range: [], oneof_decl: [], options: None, reserved_range: [], reserved_name: [] }, DescriptorProto { name: Some("Parallelogram"), field: [FieldDescriptorProto { name: Some("base_length"), number: Some(1), label: Some(Optional), r#type: Some(Float), type_name: None, extendee: None, default_value: None, oneof_index: None, json_name: Some("baseLength"), options: None, proto3_optional: None }, FieldDescriptorProto { name: Some("height"), number: Some(2), label: Some(Optional), r#type: Some(Float), type_name: None, extendee: None, default_value: None, oneof_index: None, json_name: Some("height"), options: None, proto3_optional: None }], extension: [], nested_type: [], enum_type: [], extension_range: [], oneof_decl: [], options: None, reserved_range: [], reserved_name: [] }, DescriptorProto { name: Some("AreaRequest"), field: [FieldDescriptorProto { name: Some("shapes"), number: Some(1), label: Some(Repeated), r#type: Some(Message), type_name: Some(".area_calculator.ShapeMessage"), extendee: None, default_value: None, oneof_index: None, json_name: Some("shapes"), options: None, proto3_optional: None }], extension: [], nested_type: [], enum_type: [], extension_range: [], oneof_decl: [], options: None, reserved_range: [], reserved_name: [] }, DescriptorProto { name: Some("AreaResponse"), field: [FieldDescriptorProto { name: Some("value"), number: Some(1), label: Some(Repeated), r#type: Some(Float), type_name: None, extendee: None, default_value: None, oneof_index: None, json_name: Some("value"), options: None, proto3_optional: None }], extension: [], nested_type: [], enum_type: [], extension_range: [], oneof_decl: [], options: None, reserved_range: [], reserved_name: [] }], enum_type: [], service: [ServiceDescriptorProto { name: Some("Calculator"), method: [MethodDescriptorProto { name: Some("calculateOne"), input_type: Some(".area_calculator.ShapeMessage"), output_type: Some(".area_calculator.AreaResponse"), options: Some(MethodOptions { deprecated: None, idempotency_level: None, uninterpreted_option: [] }), client_streaming: None, server_streaming: None }, MethodDescriptorProto { name: Some("calculateMulti"), input_type: Some(".area_calculator.AreaRequest"), output_type: Some(".area_calculator.AreaResponse"), options: Some(MethodOptions { deprecated: None, idempotency_level: None, uninterpreted_option: [] }), client_streaming: None, server_streaming: None }], options: None }], extension: [], options: Some(FileOptions { java_package: None, java_outer_classname: None, java_multiple_files: None, java_generate_equals_and_hash: None, java_string_check_utf8: None, optimize_for: None, go_package: Some("io.pact/area_calculator"), cc_generic_services: None, java_generic_services: None, py_generic_services: None, php_generic_services: Some(true), deprecated: None, cc_enable_arenas: None, objc_class_prefix: None, csharp_namespace: None, swift_prefix: None, php_class_prefix: None, php_namespace: None, php_metadata_namespace: None, ruby_package: None, uninterpreted_option: [] }), source_code_info: None, syntax: Some("proto3") }] }, MethodDescriptorProto { name: Some("calculateOne"), input_type: Some(".area_calculator.ShapeMessage"), output_type: Some(".area_calculator.AreaResponse"), options: Some(MethodOptions { deprecated: None, idempotency_level: None, uninterpreted_option: [] }), client_streaming: None, server_streaming: None }, SynchronousMessage { id: None, key: Some("c7fbe3ee"), description: "calculate rectangle area request", provider_states: [], comments: {"testname": String("io.pact.example.grpc.consumer.PactConsumerTest.calculateRectangleArea(MockServer, SynchronousMessages)")}, request: MessageContents { contents: Present(b"\x12\n\r\0\0@@\x15\0\0\x80@", Some(ContentType { main_type: "application", sub_type: "protobuf", attributes: {"message": "ShapeMessage"}, suffix: None }), Some(BINARY)), metadata: {}, matching_rules: MatchingRules { rules: {BODY: MatchingRuleCategory { name: BODY, rules: {DocPath { path_tokens: [Root, Field("rectangle"), Field("length")], expr: "$.rectangle.length" }: RuleList { rules: [Number], rule_logic: And, cascaded: false }, DocPath { path_tokens: [Root, Field("rectangle"), Field("width")], expr: "$.rectangle.width" }: RuleList { rules: [Number], rule_logic: And, cascaded: false }} }} }, generators: Generators { categories: {} } }, response: [MessageContents { contents: Present(b"\r\0\0@A", Some(ContentType { main_type: "application", sub_type: "protobuf", attributes: {"message": "AreaResponse"}, suffix: None }), Some(BINARY)), metadata: {}, matching_rules: MatchingRules { rules: {BODY: MatchingRuleCategory { name: BODY, rules: {DocPath { path_tokens: [Root, Field("value")], expr: "$.value" }: RuleList { rules: [Number], rule_logic: And, cascaded: false }} }} }, generators: Generators { categories: {} } }], pending: false, plugin_config: {"protobuf": {"service": String("Calculator/calculateOne"), "descriptorKey": String("a85dff8f82655a9681aad113575dcfbb")}}, interaction_markup: InteractionMarkup { markup: "```protobuf\nmessage ShapeMessage {\n    message .area_calculator.Rectangle rectangle = 2;\n}\n```\n\n```protobuf\nmessage AreaResponse {\n    float value = 1;\n}\n```\n", markup_type: "COMMON_MARK" }, transport: None })}, server_key: "5cae5f82-fec2-43c6-9739-60d0383d84ec" } ?[3mreq?[0m?[2m=?[0mRequest { method: POST, uri: http://127.0.0.1:53791/area_calculator.Calculator/calculateOne, version: HTTP/2.0, headers: {"content-type": "application/grpc", "te": "trailers", "user-agent": "grpc-java-netty/1.49.0", "grpc-accept-encoding": "gzip"}, body: Body(Streaming) }?[1m}?[0m?[2m:?[0m?[1mmock_server_handler?[0m?[1m{?[0m?[3mkey?[0m?[2m=?[0m"5cae5f82-fec2-43c6-9739-60d0383d84ec"?[1m}?[0m?[2m:?[0m ?[2mh2::proto::streams::recv?[0m?[2m:?[0m release_connection_capacity; size=17, connection in_flight_data=17
15:05:16.521 [Thread-5] DEBUG i.pact.plugins.jvm.core.ChildProcess - Plugin protobuf [46038] || ?[2m2023-03-27T09:35:16.521079Z?[0m ?[35mTRACE?[0m tokio-runtime-worker ?[1mrequest?[0m?[1m{?[0m?[3mmethod?[0m?[2m=?[0mPOST ?[3muri?[0m?[2m=?[0mhttp://127.0.0.1:53791/area_calculator.Calculator/calculateOne ?[3mversion?[0m?[2m=?[0mHTTP/2.0?[1m}?[0m?[2m:?[0m?[1mcall?[0m?[1m{?[0m?[3mself?[0m?[2m=?[0mGrpcMockServer { pact: V4Pact { consumer: Consumer { name: "grpc-consumer-jvm" }, provider: Provider { name: "area-calculator-provider" }, interactions: [SynchronousMessage { id: None, key: Some("c7fbe3ee"), description: "calculate rectangle area request", provider_states: [], comments: {"testname": String("io.pact.example.grpc.consumer.PactConsumerTest.calculateRectangleArea(MockServer, SynchronousMessages)")}, request: MessageContents { contents: Present(b"\x12\n\r\0\0@@\x15\0\0\x80@", Some(ContentType { main_type: "application", sub_type: "protobuf", attributes: {"message": "ShapeMessage"}, suffix: None }), Some(BINARY)), metadata: {}, matching_rules: MatchingRules { rules: {BODY: MatchingRuleCategory { name: BODY, rules: {DocPath { path_tokens: [Root, Field("rectangle"), Field("length")], expr: "$.rectangle.length" }: RuleList { rules: [Number], rule_logic: And, cascaded: false }, DocPath { path_tokens: [Root, Field("rectangle"), Field("width")], expr: "$.rectangle.width" }: RuleList { rules: [Number], rule_logic: And, cascaded: false }} }} }, generators: Generators { categories: {} } }, response: [MessageContents { contents: Present(b"\r\0\0@A", Some(ContentType { main_type: "application", sub_type: "protobuf", attributes: {"message": "AreaResponse"}, suffix: None }), Some(BINARY)), metadata: {}, matching_rules: MatchingRules { rules: {BODY: MatchingRuleCategory { name: BODY, rules: {DocPath { path_tokens: [Root, Field("value")], expr: "$.value" }: RuleList { rules: [Number], rule_logic: And, cascaded: false }} }} }, generators: Generators { categories: {} } }], pending: false, plugin_config: {"protobuf": {"service": String("Calculator/calculateOne"), "descriptorKey": String("a85dff8f82655a9681aad113575dcfbb")}}, interaction_markup: InteractionMarkup { markup: "```protobuf\nmessage ShapeMessage {\n    message .area_calculator.Rectangle rectangle = 2;\n}\n```\n\n```protobuf\nmessage AreaResponse {\n    float value = 1;\n}\n```\n", markup_type: "COMMON_MARK" }, transport: None }], metadata: {"pact-jvm": Object({"version": String("4.4.2")}), "pactSpecification": Object({"version": String("4.0")})}, plugin_data: [PluginData { name: "protobuf", version: "0.1.5", configuration: {"a85dff8f82655a9681aad113575dcfbb": Object({"protoDescriptors": String("CsoHChVhcmVhX2NhbGN1bGF0b3IucHJvdG8SD2FyZWFfY2FsY3VsYXRvciK6AgoMU2hhcGVNZXNzYWdlEjEKBnNxdWFyZRgBIAEoCzIXLmFyZWFfY2FsY3VsYXRvci5TcXVhcmVIAFIGc3F1YXJlEjoKCXJlY3RhbmdsZRgCIAEoCzIaLmFyZWFfY2FsY3VsYXRvci5SZWN0YW5nbGVIAFIJcmVjdGFuZ2xlEjEKBmNpcmNsZRgDIAEoCzIXLmFyZWFfY2FsY3VsYXRvci5DaXJjbGVIAFIGY2lyY2xlEjcKCHRyaWFuZ2xlGAQgASgLMhkuYXJlYV9jYWxjdWxhdG9yLlRyaWFuZ2xlSABSCHRyaWFuZ2xlEkYKDXBhcmFsbGVsb2dyYW0YBSABKAsyHi5hcmVhX2NhbGN1bGF0b3IuUGFyYWxsZWxvZ3JhbUgAUg1wYXJhbGxlbG9ncmFtQgcKBXNoYXBlIikKBlNxdWFyZRIfCgtlZGdlX2xlbmd0aBgBIAEoAlIKZWRnZUxlbmd0aCI5CglSZWN0YW5nbGUSFgoGbGVuZ3RoGAEgASgCUgZsZW5ndGgSFAoFd2lkdGgYAiABKAJSBXdpZHRoIiAKBkNpcmNsZRIWCgZyYWRpdXMYASABKAJSBnJhZGl1cyJPCghUcmlhbmdsZRIVCgZlZGdlX2EYASABKAJSBWVkZ2VBEhUKBmVkZ2VfYhgCIAEoAlIFZWRnZUISFQoGZWRnZV9jGAMgASgCUgVlZGdlQyJICg1QYXJhbGxlbG9ncmFtEh8KC2Jhc2VfbGVuZ3RoGAEgASgCUgpiYXNlTGVuZ3RoEhYKBmhlaWdodBgCIAEoAlIGaGVpZ2h0IkQKC0FyZWFSZXF1ZXN0EjUKBnNoYXBlcxgBIAMoCzIdLmFyZWFfY2FsY3VsYXRvci5TaGFwZU1lc3NhZ2VSBnNoYXBlcyIkCgxBcmVhUmVzcG9uc2USFAoFdmFsdWUYASADKAJSBXZhbHVlMq0BCgpDYWxjdWxhdG9yEk4KDGNhbGN1bGF0ZU9uZRIdLmFyZWFfY2FsY3VsYXRvci5TaGFwZU1lc3NhZ2UaHS5hcmVhX2NhbGN1bGF0b3IuQXJlYVJlc3BvbnNlIgASTwoOY2FsY3VsYXRlTXVsdGkSHC5hcmVhX2NhbGN1bGF0b3IuQXJlYVJlcXVlc3QaHS5hcmVhX2NhbGN1bGF0b3IuQXJlYVJlc3BvbnNlIgBCHFoXaW8ucGFjdC9hcmVhX2NhbGN1bGF0b3LQAgFiBnByb3RvMw=="), "protoFile": String("syntax = \"proto3\";\n\npackage area_calculator;\n\noption php_generic_services = true;\noption go_package = \"io.pact/area_calculator\";\n\nservice Calculator {\n  rpc calculateOne (ShapeMessage) returns (AreaResponse) {}\n  rpc calculateMulti (AreaRequest) returns (AreaResponse) {}\n}\n\nmessage ShapeMessage {\n  oneof shape {\n    Square square = 1;\n    Rectangle rectangle = 2;\n    Circle circle = 3;\n    Triangle triangle = 4;\n    Parallelogram parallelogram = 5;\n  }\n}\n\nmessage Square {\n  float edge_length = 1;\n}\n\nmessage Rectangle {\n  float length = 1;\n  float width = 2;\n}\n\nmessage Circle {\n  float radius = 1;\n}\n\nmessage Triangle {\n  float edge_a = 1;\n  float edge_b = 2;\n  float edge_c = 3;\n}\n\nmessage Parallelogram {\n  float base_length = 1;\n  float height = 2;\n}\n\nmessage AreaRequest {\n  repeated ShapeMessage shapes = 1;\n}\n\nmessage AreaResponse {\n  repeated float value = 1;\n}\n")})} }] }, plugin_config: PluginData { name: "protobuf", version: "0.1.5", configuration: {"a85dff8f82655a9681aad113575dcfbb": Object({"protoDescriptors": String("CsoHChVhcmVhX2NhbGN1bGF0b3IucHJvdG8SD2FyZWFfY2FsY3VsYXRvciK6AgoMU2hhcGVNZXNzYWdlEjEKBnNxdWFyZRgBIAEoCzIXLmFyZWFfY2FsY3VsYXRvci5TcXVhcmVIAFIGc3F1YXJlEjoKCXJlY3RhbmdsZRgCIAEoCzIaLmFyZWFfY2FsY3VsYXRvci5SZWN0YW5nbGVIAFIJcmVjdGFuZ2xlEjEKBmNpcmNsZRgDIAEoCzIXLmFyZWFfY2FsY3VsYXRvci5DaXJjbGVIAFIGY2lyY2xlEjcKCHRyaWFuZ2xlGAQgASgLMhkuYXJlYV9jYWxjdWxhdG9yLlRyaWFuZ2xlSABSCHRyaWFuZ2xlEkYKDXBhcmFsbGVsb2dyYW0YBSABKAsyHi5hcmVhX2NhbGN1bGF0b3IuUGFyYWxsZWxvZ3JhbUgAUg1wYXJhbGxlbG9ncmFtQgcKBXNoYXBlIikKBlNxdWFyZRIfCgtlZGdlX2xlbmd0aBgBIAEoAlIKZWRnZUxlbmd0aCI5CglSZWN0YW5nbGUSFgoGbGVuZ3RoGAEgASgCUgZsZW5ndGgSFAoFd2lkdGgYAiABKAJSBXdpZHRoIiAKBkNpcmNsZRIWCgZyYWRpdXMYASABKAJSBnJhZGl1cyJPCghUcmlhbmdsZRIVCgZlZGdlX2EYASABKAJSBWVkZ2VBEhUKBmVkZ2VfYhgCIAEoAlIFZWRnZUISFQoGZWRnZV9jGAMgASgCUgVlZGdlQyJICg1QYXJhbGxlbG9ncmFtEh8KC2Jhc2VfbGVuZ3RoGAEgASgCUgpiYXNlTGVuZ3RoEhYKBmhlaWdodBgCIAEoAlIGaGVpZ2h0IkQKC0FyZWFSZXF1ZXN0EjUKBnNoYXBlcxgBIAMoCzIdLmFyZWFfY2FsY3VsYXRvci5TaGFwZU1lc3NhZ2VSBnNoYXBlcyIkCgxBcmVhUmVzcG9uc2USFAoFdmFsdWUYASADKAJSBXZhbHVlMq0BCgpDYWxjdWxhdG9yEk4KDGNhbGN1bGF0ZU9uZRIdLmFyZWFfY2FsY3VsYXRvci5TaGFwZU1lc3NhZ2UaHS5hcmVhX2NhbGN1bGF0b3IuQXJlYVJlc3BvbnNlIgASTwoOY2FsY3VsYXRlTXVsdGkSHC5hcmVhX2NhbGN1bGF0b3IuQXJlYVJlcXVlc3QaHS5hcmVhX2NhbGN1bGF0b3IuQXJlYVJlc3BvbnNlIgBCHFoXaW8ucGFjdC9hcmVhX2NhbGN1bGF0b3LQAgFiBnByb3RvMw=="), "protoFile": String("syntax = \"proto3\";\n\npackage area_calculator;\n\noption php_generic_services = true;\noption go_package = \"io.pact/area_calculator\";\n\nservice Calculator {\n  rpc calculateOne (ShapeMessage) returns (AreaResponse) {}\n  rpc calculateMulti (AreaRequest) returns (AreaResponse) {}\n}\n\nmessage ShapeMessage {\n  oneof shape {\n    Square square = 1;\n    Rectangle rectangle = 2;\n    Circle circle = 3;\n    Triangle triangle = 4;\n    Parallelogram parallelogram = 5;\n  }\n}\n\nmessage Square {\n  float edge_length = 1;\n}\n\nmessage Rectangle {\n  float length = 1;\n  float width = 2;\n}\n\nmessage Circle {\n  float radius = 1;\n}\n\nmessage Triangle {\n  float edge_a = 1;\n  float edge_b = 2;\n  float edge_c = 3;\n}\n\nmessage Parallelogram {\n  float base_length = 1;\n  float height = 2;\n}\n\nmessage AreaRequest {\n  repeated ShapeMessage shapes = 1;\n}\n\nmessage AreaResponse {\n  repeated float value = 1;\n}\n")})} }, descriptors: {"a85dff8f82655a9681aad113575dcfbb": FileDescriptorSet { file: [FileDescriptorProto { name: Some("area_calculator.proto"), package: Some("area_calculator"), dependency: [], public_dependency: [], weak_dependency: [], message_type: [DescriptorProto { name: Some("ShapeMessage"), field: [FieldDescriptorProto { name: Some("square"), number: Some(1), label: Some(Optional), r#type: Some(Message), type_name: Some(".area_calculator.Square"), extendee: None, default_value: None, oneof_index: Some(0), json_name: Some("square"), options: None, proto3_optional: None }, FieldDescriptorProto { name: Some("rectangle"), number: Some(2), label: Some(Optional), r#type: Some(Message), type_name: Some(".area_calculator.Rectangle"), extendee: None, default_value: None, oneof_index: Some(0), json_name: Some("rectangle"), options: None, proto3_optional: None }, FieldDescriptorProto { name: Some("circle"), number: Some(3), label: Some(Optional), r#type: Some(Message), type_name: Some(".area_calculator.Circle"), extendee: None, default_value: None, oneof_index: Some(0), json_name: Some("circle"), options: None, proto3_optional: None }, FieldDescriptorProto { name: Some("triangle"), number: Some(4), label: Some(Optional), r#type: Some(Message), type_name: Some(".area_calculator.Triangle"), extendee: None, default_value: None, oneof_index: Some(0), json_name: Some("triangle"), options: None, proto3_optional: None }, FieldDescriptorProto { name: Some("parallelogram"), number: Some(5), label: Some(Optional), r#type: Some(Message), type_name: Some(".area_calculator.Parallelogram"), extendee: None, default_value: None, oneof_index: Some(0), json_name: Some("parallelogram"), options: None, proto3_optional: None }], extension: [], nested_type: [], enum_type: [], extension_range: [], oneof_decl: [OneofDescriptorProto { name: Some("shape"), options: None }], options: None, reserved_range: [], reserved_name: [] }, DescriptorProto { name: Some("Square"), field: [FieldDescriptorProto { name: Some("edge_length"), number: Some(1), label: Some(Optional), r#type: Some(Float), type_name: None, extendee: None, default_value: None, oneof_index: None, json_name: Some("edgeLength"), options: None, proto3_optional: None }], extension: [], nested_type: [], enum_type: [], extension_range: [], oneof_decl: [], options: None, reserved_range: [], reserved_name: [] }, DescriptorProto { name: Some("Rectangle"), field: [FieldDescriptorProto { name: Some("length"), number: Some(1), label: Some(Optional), r#type: Some(Float), type_name: None, extendee: None, default_value: None, oneof_index: None, json_name: Some("length"), options: None, proto3_optional: None }, FieldDescriptorProto { name: Some("width"), number: Some(2), label: Some(Optional), r#type: Some(Float), type_name: None, extendee: None, default_value: None, oneof_index: None, json_name: Some("width"), options: None, proto3_optional: None }], extension: [], nested_type: [], enum_type: [], extension_range: [], oneof_decl: [], options: None, reserved_range: [], reserved_name: [] }, DescriptorProto { name: Some("Circle"), field: [FieldDescriptorProto { name: Some("radius"), number: Some(1), label: Some(Optional), r#type: Some(Float), type_name: None, extendee: None, default_value: None, oneof_index: None, json_name: Some("radius"), options: None, proto3_optional: None }], extension: [], nested_type: [], enum_type: [], extension_range: [], oneof_decl: [], options: None, reserved_range: [], reserved_name: [] }, DescriptorProto { name: Some("Triangle"), field: [FieldDescriptorProto { name: Some("edge_a"), number: Some(1), label: Some(Optional), r#type: Some(Float), type_name: None, extendee: None, default_value: None, oneof_index: None, json_name: Some("edgeA"), options: None, proto3_optional: None }, FieldDescriptorProto { name: Some("edge_b"), number: Some(2), label: Some(Optional), r#type: Some(Float), type_name: None, extendee: None, default_value: None, oneof_index: None, json_name: Some("edgeB"), options: None, proto3_optional: None }, FieldDescriptorProto { name: Some("edge_c"), number: Some(3), label: Some(Optional), r#type: Some(Float), type_name: None, extendee: None, default_value: None, oneof_index: None, json_name: Some("edgeC"), options: None, proto3_optional: None }], extension: [], nested_type: [], enum_type: [], extension_range: [], oneof_decl: [], options: None, reserved_range: [], reserved_name: [] }, DescriptorProto { name: Some("Parallelogram"), field: [FieldDescriptorProto { name: Some("base_length"), number: Some(1), label: Some(Optional), r#type: Some(Float), type_name: None, extendee: None, default_value: None, oneof_index: None, json_name: Some("baseLength"), options: None, proto3_optional: None }, FieldDescriptorProto { name: Some("height"), number: Some(2), label: Some(Optional), r#type: Some(Float), type_name: None, extendee: None, default_value: None, oneof_index: None, json_name: Some("height"), options: None, proto3_optional: None }], extension: [], nested_type: [], enum_type: [], extension_range: [], oneof_decl: [], options: None, reserved_range: [], reserved_name: [] }, DescriptorProto { name: Some("AreaRequest"), field: [FieldDescriptorProto { name: Some("shapes"), number: Some(1), label: Some(Repeated), r#type: Some(Message), type_name: Some(".area_calculator.ShapeMessage"), extendee: None, default_value: None, oneof_index: None, json_name: Some("shapes"), options: None, proto3_optional: None }], extension: [], nested_type: [], enum_type: [], extension_range: [], oneof_decl: [], options: None, reserved_range: [], reserved_name: [] }, DescriptorProto { name: Some("AreaResponse"), field: [FieldDescriptorProto { name: Some("value"), number: Some(1), label: Some(Repeated), r#type: Some(Float), type_name: None, extendee: None, default_value: None, oneof_index: None, json_name: Some("value"), options: None, proto3_optional: None }], extension: [], nested_type: [], enum_type: [], extension_range: [], oneof_decl: [], options: None, reserved_range: [], reserved_name: [] }], enum_type: [], service: [ServiceDescriptorProto { name: Some("Calculator"), method: [MethodDescriptorProto { name: Some("calculateOne"), input_type: Some(".area_calculator.ShapeMessage"), output_type: Some(".area_calculator.AreaResponse"), options: Some(MethodOptions { deprecated: None, idempotency_level: None, uninterpreted_option: [] }), client_streaming: None, server_streaming: None }, MethodDescriptorProto { name: Some("calculateMulti"), input_type: Some(".area_calculator.AreaRequest"), output_type: Some(".area_calculator.AreaResponse"), options: Some(MethodOptions { deprecated: None, idempotency_level: None, uninterpreted_option: [] }), client_streaming: None, server_streaming: None }], options: None }], extension: [], options: Some(FileOptions { java_package: None, java_outer_classname: None, java_multiple_files: None, java_generate_equals_and_hash: None, java_string_check_utf8: None, optimize_for: None, go_package: Some("io.pact/area_calculator"), cc_generic_services: None, java_generic_services: None, py_generic_services: None, php_generic_services: Some(true), deprecated: None, cc_enable_arenas: None, objc_class_prefix: None, csharp_namespace: None, swift_prefix: None, php_class_prefix: None, php_namespace: None, php_metadata_namespace: None, ruby_package: None, uninterpreted_option: [] }), source_code_info: None, syntax: Some("proto3") }] }}, routes: {"Calculator/calculateOne": (FileDescriptorSet { file: [FileDescriptorProto { name: Some("area_calculator.proto"), package: Some("area_calculator"), dependency: [], public_dependency: [], weak_dependency: [], message_type: [DescriptorProto { name: Some("ShapeMessage"), field: [FieldDescriptorProto { name: Some("square"), number: Some(1), label: Some(Optional), r#type: Some(Message), type_name: Some(".area_calculator.Square"), extendee: None, default_value: None, oneof_index: Some(0), json_name: Some("square"), options: None, proto3_optional: None }, FieldDescriptorProto { name: Some("rectangle"), number: Some(2), label: Some(Optional), r#type: Some(Message), type_name: Some(".area_calculator.Rectangle"), extendee: None, default_value: None, oneof_index: Some(0), json_name: Some("rectangle"), options: None, proto3_optional: None }, FieldDescriptorProto { name: Some("circle"), number: Some(3), label: Some(Optional), r#type: Some(Message), type_name: Some(".area_calculator.Circle"), extendee: None, default_value: None, oneof_index: Some(0), json_name: Some("circle"), options: None, proto3_optional: None }, FieldDescriptorProto { name: Some("triangle"), number: Some(4), label: Some(Optional), r#type: Some(Message), type_name: Some(".area_calculator.Triangle"), extendee: None, default_value: None, oneof_index: Some(0), json_name: Some("triangle"), options: None, proto3_optional: None }, FieldDescriptorProto { name: Some("parallelogram"), number: Some(5), label: Some(Optional), r#type: Some(Message), type_name: Some(".area_calculator.Parallelogram"), extendee: None, default_value: None, oneof_index: Some(0), json_name: Some("parallelogram"), options: None, proto3_optional: None }], extension: [], nested_type: [], enum_type: [], extension_range: [], oneof_decl: [OneofDescriptorProto { name: Some("shape"), options: None }], options: None, reserved_range: [], reserved_name: [] }, DescriptorProto { name: Some("Square"), field: [FieldDescriptorProto { name: Some("edge_length"), number: Some(1), label: Some(Optional), r#type: Some(Float), type_name: None, extendee: None, default_value: None, oneof_index: None, json_name: Some("edgeLength"), options: None, proto3_optional: None }], extension: [], nested_type: [], enum_type: [], extension_range: [], oneof_decl: [], options: None, reserved_range: [], reserved_name: [] }, DescriptorProto { name: Some("Rectangle"), field: [FieldDescriptorProto { name: Some("length"), number: Some(1), label: Some(Optional), r#type: Some(Float), type_name: None, extendee: None, default_value: None, oneof_index: None, json_name: Some("length"), options: None, proto3_optional: None }, FieldDescriptorProto { name: Some("width"), number: Some(2), label: Some(Optional), r#type: Some(Float), type_name: None, extendee: None, default_value: None, oneof_index: None, json_name: Some("width"), options: None, proto3_optional: None }], extension: [], nested_type: [], enum_type: [], extension_range: [], oneof_decl: [], options: None, reserved_range: [], reserved_name: [] }, DescriptorProto { name: Some("Circle"), field: [FieldDescriptorProto { name: Some("radius"), number: Some(1), label: Some(Optional), r#type: Some(Float), type_name: None, extendee: None, default_value: None, oneof_index: None, json_name: Some("radius"), options: None, proto3_optional: None }], extension: [], nested_type: [], enum_type: [], extension_range: [], oneof_decl: [], options: None, reserved_range: [], reserved_name: [] }, DescriptorProto { name: Some("Triangle"), field: [FieldDescriptorProto { name: Some("edge_a"), number: Some(1), label: Some(Optional), r#type: Some(Float), type_name: None, extendee: None, default_value: None, oneof_index: None, json_name: Some("edgeA"), options: None, proto3_optional: None }, FieldDescriptorProto { name: Some("edge_b"), number: Some(2), label: Some(Optional), r#type: Some(Float), type_name: None, extendee: None, default_value: None, oneof_index: None, json_name: Some("edgeB"), options: None, proto3_optional: None }, FieldDescriptorProto { name: Some("edge_c"), number: Some(3), label: Some(Optional), r#type: Some(Float), type_name: None, extendee: None, default_value: None, oneof_index: None, json_name: Some("edgeC"), options: None, proto3_optional: None }], extension: [], nested_type: [], enum_type: [], extension_range: [], oneof_decl: [], options: None, reserved_range: [], reserved_name: [] }, DescriptorProto { name: Some("Parallelogram"), field: [FieldDescriptorProto { name: Some("base_length"), number: Some(1), label: Some(Optional), r#type: Some(Float), type_name: None, extendee: None, default_value: None, oneof_index: None, json_name: Some("baseLength"), options: None, proto3_optional: None }, FieldDescriptorProto { name: Some("height"), number: Some(2), label: Some(Optional), r#type: Some(Float), type_name: None, extendee: None, default_value: None, oneof_index: None, json_name: Some("height"), options: None, proto3_optional: None }], extension: [], nested_type: [], enum_type: [], extension_range: [], oneof_decl: [], options: None, reserved_range: [], reserved_name: [] }, DescriptorProto { name: Some("AreaRequest"), field: [FieldDescriptorProto { name: Some("shapes"), number: Some(1), label: Some(Repeated), r#type: Some(Message), type_name: Some(".area_calculator.ShapeMessage"), extendee: None, default_value: None, oneof_index: None, json_name: Some("shapes"), options: None, proto3_optional: None }], extension: [], nested_type: [], enum_type: [], extension_range: [], oneof_decl: [], options: None, reserved_range: [], reserved_name: [] }, DescriptorProto { name: Some("AreaResponse"), field: [FieldDescriptorProto { name: Some("value"), number: Some(1), label: Some(Repeated), r#type: Some(Float), type_name: None, extendee: None, default_value: None, oneof_index: None, json_name: Some("value"), options: None, proto3_optional: None }], extension: [], nested_type: [], enum_type: [], extension_range: [], oneof_decl: [], options: None, reserved_range: [], reserved_name: [] }], enum_type: [], service: [ServiceDescriptorProto { name: Some("Calculator"), method: [MethodDescriptorProto { name: Some("calculateOne"), input_type: Some(".area_calculator.ShapeMessage"), output_type: Some(".area_calculator.AreaResponse"), options: Some(MethodOptions { deprecated: None, idempotency_level: None, uninterpreted_option: [] }), client_streaming: None, server_streaming: None }, MethodDescriptorProto { name: Some("calculateMulti"), input_type: Some(".area_calculator.AreaRequest"), output_type: Some(".area_calculator.AreaResponse"), options: Some(MethodOptions { deprecated: None, idempotency_level: None, uninterpreted_option: [] }), client_streaming: None, server_streaming: None }], options: None }], extension: [], options: Some(FileOptions { java_package: None, java_outer_classname: None, java_multiple_files: None, java_generate_equals_and_hash: None, java_string_check_utf8: None, optimize_for: None, go_package: Some("io.pact/area_calculator"), cc_generic_services: None, java_generic_services: None, py_generic_services: None, php_generic_services: Some(true), deprecated: None, cc_enable_arenas: None, objc_class_prefix: None, csharp_namespace: None, swift_prefix: None, php_class_prefix: None, php_namespace: None, php_metadata_namespace: None, ruby_package: None, uninterpreted_option: [] }), source_code_info: None, syntax: Some("proto3") }] }, MethodDescriptorProto { name: Some("calculateOne"), input_type: Some(".area_calculator.ShapeMessage"), output_type: Some(".area_calculator.AreaResponse"), options: Some(MethodOptions { deprecated: None, idempotency_level: None, uninterpreted_option: [] }), client_streaming: None, server_streaming: None }, SynchronousMessage { id: None, key: Some("c7fbe3ee"), description: "calculate rectangle area request", provider_states: [], comments: {"testname": String("io.pact.example.grpc.consumer.PactConsumerTest.calculateRectangleArea(MockServer, SynchronousMessages)")}, request: MessageContents { contents: Present(b"\x12\n\r\0\0@@\x15\0\0\x80@", Some(ContentType { main_type: "application", sub_type: "protobuf", attributes: {"message": "ShapeMessage"}, suffix: None }), Some(BINARY)), metadata: {}, matching_rules: MatchingRules { rules: {BODY: MatchingRuleCategory { name: BODY, rules: {DocPath { path_tokens: [Root, Field("rectangle"), Field("length")], expr: "$.rectangle.length" }: RuleList { rules: [Number], rule_logic: And, cascaded: false }, DocPath { path_tokens: [Root, Field("rectangle"), Field("width")], expr: "$.rectangle.width" }: RuleList { rules: [Number], rule_logic: And, cascaded: false }} }} }, generators: Generators { categories: {} } }, response: [MessageContents { contents: Present(b"\r\0\0@A", Some(ContentType { main_type: "application", sub_type: "protobuf", attributes: {"message": "AreaResponse"}, suffix: None }), Some(BINARY)), metadata: {}, matching_rules: MatchingRules { rules: {BODY: MatchingRuleCategory { name: BODY, rules: {DocPath { path_tokens: [Root, Field("value")], expr: "$.value" }: RuleList { rules: [Number], rule_logic: And, cascaded: false }} }} }, generators: Generators { categories: {} } }], pending: false, plugin_config: {"protobuf": {"service": String("Calculator/calculateOne"), "descriptorKey": String("a85dff8f82655a9681aad113575dcfbb")}}, interaction_markup: InteractionMarkup { markup: "```protobuf\nmessage ShapeMessage {\n    message .area_calculator.Rectangle rectangle = 2;\n}\n```\n\n```protobuf\nmessage AreaResponse {\n    float value = 1;\n}\n```\n", markup_type: "COMMON_MARK" }, transport: None })}, server_key: "5cae5f82-fec2-43c6-9739-60d0383d84ec" } ?[3mreq?[0m?[2m=?[0mRequest { method: POST, uri: http://127.0.0.1:53791/area_calculator.Calculator/calculateOne, version: HTTP/2.0, headers: {"content-type": "application/grpc", "te": "trailers", "user-agent": "grpc-java-netty/1.49.0", "grpc-accept-encoding": "gzip"}, body: Body(Streaming) }?[1m}?[0m?[2m:?[0m?[1mmock_server_handler?[0m?[1m{?[0m?[3mkey?[0m?[2m=?[0m"5cae5f82-fec2-43c6-9739-60d0383d84ec"?[1m}?[0m?[2m:?[0m?[1mdecode?[0m?[1m{?[0m?[3mself?[0m?[2m=?[0mDynamicMessageDecoder { descriptor: DescriptorProto { name: Some("ShapeMessage"), field: [FieldDescriptorProto { name: Some("square"), number: Some(1), label: Some(Optional), r#type: Some(Message), type_name: Some(".area_calculator.Square"), extendee: None, default_value: None, oneof_index: Some(0), json_name: Some("square"), options: None, proto3_optional: None }, FieldDescriptorProto { name: Some("rectangle"), number: Some(2), label: Some(Optional), r#type: Some(Message), type_name: Some(".area_calculator.Rectangle"), extendee: None, default_value: None, oneof_index: Some(0), json_name: Some("rectangle"), options: None, proto3_optional: None }, FieldDescriptorProto { name: Some("circle"), number: Some(3), label: Some(Optional), r#type: Some(Message), type_name: Some(".area_calculator.Circle"), extendee: None, default_value: None, oneof_index: Some(0), json_name: Some("circle"), options: None, proto3_optional: None }, FieldDescriptorProto { name: Some("triangle"), number: Some(4), label: Some(Optional), r#type: Some(Message), type_name: Some(".area_calculator.Triangle"), extendee: None, default_value: None, oneof_index: Some(0), json_name: Some("triangle"), options: None, proto3_optional: None }, FieldDescriptorProto { name: Some("parallelogram"), number: Some(5), label: Some(Optional), r#type: Some(Message), type_name: Some(".area_calculator.Parallelogram"), extendee: None, default_value: None, oneof_index: Some(0), json_name: Some("parallelogram"), options: None, proto3_optional: None }], extension: [], nested_type: [], enum_type: [], extension_range: [], oneof_decl: [OneofDescriptorProto { name: Some("shape"), options: None }], options: None, reserved_range: [], reserved_name: [] }, message: SynchronousMessage { id: None, key: Some("c7fbe3ee"), description: "calculate rectangle area request", provider_states: [], comments: {"testname": String("io.pact.example.grpc.consumer.PactConsumerTest.calculateRectangleArea(MockServer, SynchronousMessages)")}, request: MessageContents { contents: Present(b"\x12\n\r\0\0@@\x15\0\0\x80@", Some(ContentType { main_type: "application", sub_type: "protobuf", attributes: {"message": "ShapeMessage"}, suffix: None }), Some(BINARY)), metadata: {}, matching_rules: MatchingRules { rules: {BODY: MatchingRuleCategory { name: BODY, rules: {DocPath { path_tokens: [Root, Field("rectangle"), Field("length")], expr: "$.rectangle.length" }: RuleList { rules: [Number], rule_logic: And, cascaded: false }, DocPath { path_tokens: [Root, Field("rectangle"), Field("width")], expr: "$.rectangle.width" }: RuleList { rules: [Number], rule_logic: And, cascaded: false }} }} }, generators: Generators { categories: {} } }, response: [MessageContents { contents: Present(b"\r\0\0@A", Some(ContentType { main_type: "application", sub_type: "protobuf", attributes: {"message": "AreaResponse"}, suffix: None }), Some(BINARY)), metadata: {}, matching_rules: MatchingRules { rules: {BODY: MatchingRuleCategory { name: BODY, rules: {DocPath { path_tokens: [Root, Field("value")], expr: "$.value" }: RuleList { rules: [Number], rule_logic: And, cascaded: false }} }} }, generators: Generators { categories: {} } }], pending: false, plugin_config: {"protobuf": {"service": String("Calculator/calculateOne"), "descriptorKey": String("a85dff8f82655a9681aad113575dcfbb")}}, interaction_markup: InteractionMarkup { markup: "```protobuf\nmessage ShapeMessage {\n    message .area_calculator.Rectangle rectangle = 2;\n}\n```\n\n```protobuf\nmessage AreaResponse {\n    float value = 1;\n}\n```\n", markup_type: "COMMON_MARK" }, transport: None }, file_descriptor_set: FileDescriptorSet { file: [FileDescriptorProto { name: Some("area_calculator.proto"), package: Some("area_calculator"), dependency: [], public_dependency: [], weak_dependency: [], message_type: [DescriptorProto { name: Some("ShapeMessage"), field: [FieldDescriptorProto { name: Some("square"), number: Some(1), label: Some(Optional), r#type: Some(Message), type_name: Some(".area_calculator.Square"), extendee: None, default_value: None, oneof_index: Some(0), json_name: Some("square"), options: None, proto3_optional: None }, FieldDescriptorProto { name: Some("rectangle"), number: Some(2), label: Some(Optional), r#type: Some(Message), type_name: Some(".area_calculator.Rectangle"), extendee: None, default_value: None, oneof_index: Some(0), json_name: Some("rectangle"), options: None, proto3_optional: None }, FieldDescriptorProto { name: Some("circle"), number: Some(3), label: Some(Optional), r#type: Some(Message), type_name: Some(".area_calculator.Circle"), extendee: None, default_value: None, oneof_index: Some(0), json_name: Some("circle"), options: None, proto3_optional: None }, FieldDescriptorProto { name: Some("triangle"), number: Some(4), label: Some(Optional), r#type: Some(Message), type_name: Some(".area_calculator.Triangle"), extendee: None, default_value: None, oneof_index: Some(0), json_name: Some("triangle"), options: None, proto3_optional: None }, FieldDescriptorProto { name: Some("parallelogram"), number: Some(5), label: Some(Optional), r#type: Some(Message), type_name: Some(".area_calculator.Parallelogram"), extendee: None, default_value: None, oneof_index: Some(0), json_name: Some("parallelogram"), options: None, proto3_optional: None }], extension: [], nested_type: [], enum_type: [], extension_range: [], oneof_decl: [OneofDescriptorProto { name: Some("shape"), options: None }], options: None, reserved_range: [], reserved_name: [] }, DescriptorProto { name: Some("Square"), field: [FieldDescriptorProto { name: Some("edge_length"), number: Some(1), label: Some(Optional), r#type: Some(Float), type_name: None, extendee: None, default_value: None, oneof_index: None, json_name: Some("edgeLength"), options: None, proto3_optional: None }], extension: [], nested_type: [], enum_type: [], extension_range: [], oneof_decl: [], options: None, reserved_range: [], reserved_name: [] }, DescriptorProto { name: Some("Rectangle"), field: [FieldDescriptorProto { name: Some("length"), number: Some(1), label: Some(Optional), r#type: Some(Float), type_name: None, extendee: None, default_value: None, oneof_index: None, json_name: Some("length"), options: None, proto3_optional: None }, FieldDescriptorProto { name: Some("width"), number: Some(2), label: Some(Optional), r#type: Some(Float), type_name: None, extendee: None, default_value: None, oneof_index: None, json_name: Some("width"), options: None, proto3_optional: None }], extension: [], nested_type: [], enum_type: [], extension_range: [], oneof_decl: [], options: None, reserved_range: [], reserved_name: [] }, DescriptorProto { name: Some("Circle"), field: [FieldDescriptorProto { name: Some("radius"), number: Some(1), label: Some(Optional), r#type: Some(Float), type_name: None, extendee: None, default_value: None, oneof_index: None, json_name: Some("radius"), options: None, proto3_optional: None }], extension: [], nested_type: [], enum_type: [], extension_range: [], oneof_decl: [], options: None, reserved_range: [], reserved_name: [] }, DescriptorProto { name: Some("Triangle"), field: [FieldDescriptorProto { name: Some("edge_a"), number: Some(1), label: Some(Optional), r#type: Some(Float), type_name: None, extendee: None, default_value: None, oneof_index: None, json_name: Some("edgeA"), options: None, proto3_optional: None }, FieldDescriptorProto { name: Some("edge_b"), number: Some(2), label: Some(Optional), r#type: Some(Float), type_name: None, extendee: None, default_value: None, oneof_index: None, json_name: Some("edgeB"), options: None, proto3_optional: None }, FieldDescriptorProto { name: Some("edge_c"), number: Some(3), label: Some(Optional), r#type: Some(Float), type_name: None, extendee: None, default_value: None, oneof_index: None, json_name: Some("edgeC"), options: None, proto3_optional: None }], extension: [], nested_type: [], enum_type: [], extension_range: [], oneof_decl: [], options: None, reserved_range: [], reserved_name: [] }, DescriptorProto { name: Some("Parallelogram"), field: [FieldDescriptorProto { name: Some("base_length"), number: Some(1), label: Some(Optional), r#type: Some(Float), type_name: None, extendee: None, default_value: None, oneof_index: None, json_name: Some("baseLength"), options: None, proto3_optional: None }, FieldDescriptorProto { name: Some("height"), number: Some(2), label: Some(Optional), r#type: Some(Float), type_name: None, extendee: None, default_value: None, oneof_index: None, json_name: Some("height"), options: None, proto3_optional: None }], extension: [], nested_type: [], enum_type: [], extension_range: [], oneof_decl: [], options: None, reserved_range: [], reserved_name: [] }, DescriptorProto { name: Some("AreaRequest"), field: [FieldDescriptorProto { name: Some("shapes"), number: Some(1), label: Some(Repeated), r#type: Some(Message), type_name: Some(".area_calculator.ShapeMessage"), extendee: None, default_value: None, oneof_index: None, json_name: Some("shapes"), options: None, proto3_optional: None }], extension: [], nested_type: [], enum_type: [], extension_range: [], oneof_decl: [], options: None, reserved_range: [], reserved_name: [] }, DescriptorProto { name: Some("AreaResponse"), field: [FieldDescriptorProto { name: Some("value"), number: Some(1), label: Some(Repeated), r#type: Some(Float), type_name: None, extendee: None, default_value: None, oneof_index: None, json_name: Some("value"), options: None, proto3_optional: None }], extension: [], nested_type: [], enum_type: [], extension_range: [], oneof_decl: [], options: None, reserved_range: [], reserved_name: [] }], enum_type: [], service: [ServiceDescriptorProto { name: Some("Calculator"), method: [MethodDescriptorProto { name: Some("calculateOne"), input_type: Some(".area_calculator.ShapeMessage"), output_type: Some(".area_calculator.AreaResponse"), options: Some(MethodOptions { deprecated: None, idempotency_level: None, uninterpreted_option: [] }), client_streaming: None, server_streaming: None }, MethodDescriptorProto { name: Some("calculateMulti"), input_type: Some(".area_calculator.AreaRequest"), output_type: Some(".area_calculator.AreaResponse"), options: Some(MethodOptions { deprecated: None, idempotency_level: None, uninterpreted_option: [] }), client_streaming: None, server_streaming: None }], options: None }], extension: [], options: Some(FileOptions { java_package: None, java_outer_classname: None, java_multiple_files: None, java_generate_equals_and_hash: None, java_string_check_utf8: None, optimize_for: None, go_package: Some("io.pact/area_calculator"), cc_generic_services: None, java_generic_services: None, py_generic_services: None, php_generic_services: Some(true), deprecated: None, cc_enable_arenas: None, objc_class_prefix: None, csharp_namespace: None, swift_prefix: None, php_class_prefix: None, php_namespace: None, php_metadata_namespace: None, ruby_package: None, uninterpreted_option: [] }), source_code_info: None, syntax: Some("proto3") }] } } ?[3msrc?[0m?[2m=?[0mDecodeBuf { buf: b"\x12\n\r\0\0@@\x15\0\0\x80@", len: 12 }?[1m}?[0m?[2m:?[0m ?[2mpact_protobuf_plugin::message_decoder?[0m?[2m:?[0m field_num=2, wire_type=LengthDelimited, bytes remaining = 11
15:05:16.522 [Thread-5] DEBUG i.pact.plugins.jvm.core.ChildProcess - Plugin protobuf [46038] || ?[2m2023-03-27T09:35:16.521245Z?[0m ?[35mTRACE?[0m tokio-runtime-worker ?[1mrequest?[0m?[1m{?[0m?[3mmethod?[0m?[2m=?[0mPOST ?[3muri?[0m?[2m=?[0mhttp://127.0.0.1:53791/area_calculator.Calculator/calculateOne ?[3mversion?[0m?[2m=?[0mHTTP/2.0?[1m}?[0m?[2m:?[0m?[1mcall?[0m?[1m{?[0m?[3mself?[0m?[2m=?[0mGrpcMockServer { pact: V4Pact { consumer: Consumer { name: "grpc-consumer-jvm" }, provider: Provider { name: "area-calculator-provider" }, interactions: [SynchronousMessage { id: None, key: Some("c7fbe3ee"), description: "calculate rectangle area request", provider_states: [], comments: {"testname": String("io.pact.example.grpc.consumer.PactConsumerTest.calculateRectangleArea(MockServer, SynchronousMessages)")}, request: MessageContents { contents: Present(b"\x12\n\r\0\0@@\x15\0\0\x80@", Some(ContentType { main_type: "application", sub_type: "protobuf", attributes: {"message": "ShapeMessage"}, suffix: None }), Some(BINARY)), metadata: {}, matching_rules: MatchingRules { rules: {BODY: MatchingRuleCategory { name: BODY, rules: {DocPath { path_tokens: [Root, Field("rectangle"), Field("length")], expr: "$.rectangle.length" }: RuleList { rules: [Number], rule_logic: And, cascaded: false }, DocPath { path_tokens: [Root, Field("rectangle"), Field("width")], expr: "$.rectangle.width" }: RuleList { rules: [Number], rule_logic: And, cascaded: false }} }} }, generators: Generators { categories: {} } }, response: [MessageContents { contents: Present(b"\r\0\0@A", Some(ContentType { main_type: "application", sub_type: "protobuf", attributes: {"message": "AreaResponse"}, suffix: None }), Some(BINARY)), metadata: {}, matching_rules: MatchingRules { rules: {BODY: MatchingRuleCategory { name: BODY, rules: {DocPath { path_tokens: [Root, Field("value")], expr: "$.value" }: RuleList { rules: [Number], rule_logic: And, cascaded: false }} }} }, generators: Generators { categories: {} } }], pending: false, plugin_config: {"protobuf": {"service": String("Calculator/calculateOne"), "descriptorKey": String("a85dff8f82655a9681aad113575dcfbb")}}, interaction_markup: InteractionMarkup { markup: "```protobuf\nmessage ShapeMessage {\n    message .area_calculator.Rectangle rectangle = 2;\n}\n```\n\n```protobuf\nmessage AreaResponse {\n    float value = 1;\n}\n```\n", markup_type: "COMMON_MARK" }, transport: None }], metadata: {"pact-jvm": Object({"version": String("4.4.2")}), "pactSpecification": Object({"version": String("4.0")})}, plugin_data: [PluginData { name: "protobuf", version: "0.1.5", configuration: {"a85dff8f82655a9681aad113575dcfbb": Object({"protoDescriptors": String("CsoHChVhcmVhX2NhbGN1bGF0b3IucHJvdG8SD2FyZWFfY2FsY3VsYXRvciK6AgoMU2hhcGVNZXNzYWdlEjEKBnNxdWFyZRgBIAEoCzIXLmFyZWFfY2FsY3VsYXRvci5TcXVhcmVIAFIGc3F1YXJlEjoKCXJlY3RhbmdsZRgCIAEoCzIaLmFyZWFfY2FsY3VsYXRvci5SZWN0YW5nbGVIAFIJcmVjdGFuZ2xlEjEKBmNpcmNsZRgDIAEoCzIXLmFyZWFfY2FsY3VsYXRvci5DaXJjbGVIAFIGY2lyY2xlEjcKCHRyaWFuZ2xlGAQgASgLMhkuYXJlYV9jYWxjdWxhdG9yLlRyaWFuZ2xlSABSCHRyaWFuZ2xlEkYKDXBhcmFsbGVsb2dyYW0YBSABKAsyHi5hcmVhX2NhbGN1bGF0b3IuUGFyYWxsZWxvZ3JhbUgAUg1wYXJhbGxlbG9ncmFtQgcKBXNoYXBlIikKBlNxdWFyZRIfCgtlZGdlX2xlbmd0aBgBIAEoAlIKZWRnZUxlbmd0aCI5CglSZWN0YW5nbGUSFgoGbGVuZ3RoGAEgASgCUgZsZW5ndGgSFAoFd2lkdGgYAiABKAJSBXdpZHRoIiAKBkNpcmNsZRIWCgZyYWRpdXMYASABKAJSBnJhZGl1cyJPCghUcmlhbmdsZRIVCgZlZGdlX2EYASABKAJSBWVkZ2VBEhUKBmVkZ2VfYhgCIAEoAlIFZWRnZUISFQoGZWRnZV9jGAMgASgCUgVlZGdlQyJICg1QYXJhbGxlbG9ncmFtEh8KC2Jhc2VfbGVuZ3RoGAEgASgCUgpiYXNlTGVuZ3RoEhYKBmhlaWdodBgCIAEoAlIGaGVpZ2h0IkQKC0FyZWFSZXF1ZXN0EjUKBnNoYXBlcxgBIAMoCzIdLmFyZWFfY2FsY3VsYXRvci5TaGFwZU1lc3NhZ2VSBnNoYXBlcyIkCgxBcmVhUmVzcG9uc2USFAoFdmFsdWUYASADKAJSBXZhbHVlMq0BCgpDYWxjdWxhdG9yEk4KDGNhbGN1bGF0ZU9uZRIdLmFyZWFfY2FsY3VsYXRvci5TaGFwZU1lc3NhZ2UaHS5hcmVhX2NhbGN1bGF0b3IuQXJlYVJlc3BvbnNlIgASTwoOY2FsY3VsYXRlTXVsdGkSHC5hcmVhX2NhbGN1bGF0b3IuQXJlYVJlcXVlc3QaHS5hcmVhX2NhbGN1bGF0b3IuQXJlYVJlc3BvbnNlIgBCHFoXaW8ucGFjdC9hcmVhX2NhbGN1bGF0b3LQAgFiBnByb3RvMw=="), "protoFile": String("syntax = \"proto3\";\n\npackage area_calculator;\n\noption php_generic_services = true;\noption go_package = \"io.pact/area_calculator\";\n\nservice Calculator {\n  rpc calculateOne (ShapeMessage) returns (AreaResponse) {}\n  rpc calculateMulti (AreaRequest) returns (AreaResponse) {}\n}\n\nmessage ShapeMessage {\n  oneof shape {\n    Square square = 1;\n    Rectangle rectangle = 2;\n    Circle circle = 3;\n    Triangle triangle = 4;\n    Parallelogram parallelogram = 5;\n  }\n}\n\nmessage Square {\n  float edge_length = 1;\n}\n\nmessage Rectangle {\n  float length = 1;\n  float width = 2;\n}\n\nmessage Circle {\n  float radius = 1;\n}\n\nmessage Triangle {\n  float edge_a = 1;\n  float edge_b = 2;\n  float edge_c = 3;\n}\n\nmessage Parallelogram {\n  float base_length = 1;\n  float height = 2;\n}\n\nmessage AreaRequest {\n  repeated ShapeMessage shapes = 1;\n}\n\nmessage AreaResponse {\n  repeated float value = 1;\n}\n")})} }] }, plugin_config: PluginData { name: "protobuf", version: "0.1.5", configuration: {"a85dff8f82655a9681aad113575dcfbb": Object({"protoDescriptors": String("CsoHChVhcmVhX2NhbGN1bGF0b3IucHJvdG8SD2FyZWFfY2FsY3VsYXRvciK6AgoMU2hhcGVNZXNzYWdlEjEKBnNxdWFyZRgBIAEoCzIXLmFyZWFfY2FsY3VsYXRvci5TcXVhcmVIAFIGc3F1YXJlEjoKCXJlY3RhbmdsZRgCIAEoCzIaLmFyZWFfY2FsY3VsYXRvci5SZWN0YW5nbGVIAFIJcmVjdGFuZ2xlEjEKBmNpcmNsZRgDIAEoCzIXLmFyZWFfY2FsY3VsYXRvci5DaXJjbGVIAFIGY2lyY2xlEjcKCHRyaWFuZ2xlGAQgASgLMhkuYXJlYV9jYWxjdWxhdG9yLlRyaWFuZ2xlSABSCHRyaWFuZ2xlEkYKDXBhcmFsbGVsb2dyYW0YBSABKAsyHi5hcmVhX2NhbGN1bGF0b3IuUGFyYWxsZWxvZ3JhbUgAUg1wYXJhbGxlbG9ncmFtQgcKBXNoYXBlIikKBlNxdWFyZRIfCgtlZGdlX2xlbmd0aBgBIAEoAlIKZWRnZUxlbmd0aCI5CglSZWN0YW5nbGUSFgoGbGVuZ3RoGAEgASgCUgZsZW5ndGgSFAoFd2lkdGgYAiABKAJSBXdpZHRoIiAKBkNpcmNsZRIWCgZyYWRpdXMYASABKAJSBnJhZGl1cyJPCghUcmlhbmdsZRIVCgZlZGdlX2EYASABKAJSBWVkZ2VBEhUKBmVkZ2VfYhgCIAEoAlIFZWRnZUISFQoGZWRnZV9jGAMgASgCUgVlZGdlQyJICg1QYXJhbGxlbG9ncmFtEh8KC2Jhc2VfbGVuZ3RoGAEgASgCUgpiYXNlTGVuZ3RoEhYKBmhlaWdodBgCIAEoAlIGaGVpZ2h0IkQKC0FyZWFSZXF1ZXN0EjUKBnNoYXBlcxgBIAMoCzIdLmFyZWFfY2FsY3VsYXRvci5TaGFwZU1lc3NhZ2VSBnNoYXBlcyIkCgxBcmVhUmVzcG9uc2USFAoFdmFsdWUYASADKAJSBXZhbHVlMq0BCgpDYWxjdWxhdG9yEk4KDGNhbGN1bGF0ZU9uZRIdLmFyZWFfY2FsY3VsYXRvci5TaGFwZU1lc3NhZ2UaHS5hcmVhX2NhbGN1bGF0b3IuQXJlYVJlc3BvbnNlIgASTwoOY2FsY3VsYXRlTXVsdGkSHC5hcmVhX2NhbGN1bGF0b3IuQXJlYVJlcXVlc3QaHS5hcmVhX2NhbGN1bGF0b3IuQXJlYVJlc3BvbnNlIgBCHFoXaW8ucGFjdC9hcmVhX2NhbGN1bGF0b3LQAgFiBnByb3RvMw=="), "protoFile": String("syntax = \"proto3\";\n\npackage area_calculator;\n\noption php_generic_services = true;\noption go_package = \"io.pact/area_calculator\";\n\nservice Calculator {\n  rpc calculateOne (ShapeMessage) returns (AreaResponse) {}\n  rpc calculateMulti (AreaRequest) returns (AreaResponse) {}\n}\n\nmessage ShapeMessage {\n  oneof shape {\n    Square square = 1;\n    Rectangle rectangle = 2;\n    Circle circle = 3;\n    Triangle triangle = 4;\n    Parallelogram parallelogram = 5;\n  }\n}\n\nmessage Square {\n  float edge_length = 1;\n}\n\nmessage Rectangle {\n  float length = 1;\n  float width = 2;\n}\n\nmessage Circle {\n  float radius = 1;\n}\n\nmessage Triangle {\n  float edge_a = 1;\n  float edge_b = 2;\n  float edge_c = 3;\n}\n\nmessage Parallelogram {\n  float base_length = 1;\n  float height = 2;\n}\n\nmessage AreaRequest {\n  repeated ShapeMessage shapes = 1;\n}\n\nmessage AreaResponse {\n  repeated float value = 1;\n}\n")})} }, descriptors: {"a85dff8f82655a9681aad113575dcfbb": FileDescriptorSet { file: [FileDescriptorProto { name: Some("area_calculator.proto"), package: Some("area_calculator"), dependency: [], public_dependency: [], weak_dependency: [], message_type: [DescriptorProto { name: Some("ShapeMessage"), field: [FieldDescriptorProto { name: Some("square"), number: Some(1), label: Some(Optional), r#type: Some(Message), type_name: Some(".area_calculator.Square"), extendee: None, default_value: None, oneof_index: Some(0), json_name: Some("square"), options: None, proto3_optional: None }, FieldDescriptorProto { name: Some("rectangle"), number: Some(2), label: Some(Optional), r#type: Some(Message), type_name: Some(".area_calculator.Rectangle"), extendee: None, default_value: None, oneof_index: Some(0), json_name: Some("rectangle"), options: None, proto3_optional: None }, FieldDescriptorProto { name: Some("circle"), number: Some(3), label: Some(Optional), r#type: Some(Message), type_name: Some(".area_calculator.Circle"), extendee: None, default_value: None, oneof_index: Some(0), json_name: Some("circle"), options: None, proto3_optional: None }, FieldDescriptorProto { name: Some("triangle"), number: Some(4), label: Some(Optional), r#type: Some(Message), type_name: Some(".area_calculator.Triangle"), extendee: None, default_value: None, oneof_index: Some(0), json_name: Some("triangle"), options: None, proto3_optional: None }, FieldDescriptorProto { name: Some("parallelogram"), number: Some(5), label: Some(Optional), r#type: Some(Message), type_name: Some(".area_calculator.Parallelogram"), extendee: None, default_value: None, oneof_index: Some(0), json_name: Some("parallelogram"), options: None, proto3_optional: None }], extension: [], nested_type: [], enum_type: [], extension_range: [], oneof_decl: [OneofDescriptorProto { name: Some("shape"), options: None }], options: None, reserved_range: [], reserved_name: [] }, DescriptorProto { name: Some("Square"), field: [FieldDescriptorProto { name: Some("edge_length"), number: Some(1), label: Some(Optional), r#type: Some(Float), type_name: None, extendee: None, default_value: None, oneof_index: None, json_name: Some("edgeLength"), options: None, proto3_optional: None }], extension: [], nested_type: [], enum_type: [], extension_range: [], oneof_decl: [], options: None, reserved_range: [], reserved_name: [] }, DescriptorProto { name: Some("Rectangle"), field: [FieldDescriptorProto { name: Some("length"), number: Some(1), label: Some(Optional), r#type: Some(Float), type_name: None, extendee: None, default_value: None, oneof_index: None, json_name: Some("length"), options: None, proto3_optional: None }, FieldDescriptorProto { name: Some("width"), number: Some(2), label: Some(Optional), r#type: Some(Float), type_name: None, extendee: None, default_value: None, oneof_index: None, json_name: Some("width"), options: None, proto3_optional: None }], extension: [], nested_type: [], enum_type: [], extension_range: [], oneof_decl: [], options: None, reserved_range: [], reserved_name: [] }, DescriptorProto { name: Some("Circle"), field: [FieldDescriptorProto { name: Some("radius"), number: Some(1), label: Some(Optional), r#type: Some(Float), type_name: None, extendee: None, default_value: None, oneof_index: None, json_name: Some("radius"), options: None, proto3_optional: None }], extension: [], nested_type: [], enum_type: [], extension_range: [], oneof_decl: [], options: None, reserved_range: [], reserved_name: [] }, DescriptorProto { name: Some("Triangle"), field: [FieldDescriptorProto { name: Some("edge_a"), number: Some(1), label: Some(Optional), r#type: Some(Float), type_name: None, extendee: None, default_value: None, oneof_index: None, json_name: Some("edgeA"), options: None, proto3_optional: None }, FieldDescriptorProto { name: Some("edge_b"), number: Some(2), label: Some(Optional), r#type: Some(Float), type_name: None, extendee: None, default_value: None, oneof_index: None, json_name: Some("edgeB"), options: None, proto3_optional: None }, FieldDescriptorProto { name: Some("edge_c"), number: Some(3), label: Some(Optional), r#type: Some(Float), type_name: None, extendee: None, default_value: None, oneof_index: None, json_name: Some("edgeC"), options: None, proto3_optional: None }], extension: [], nested_type: [], enum_type: [], extension_range: [], oneof_decl: [], options: None, reserved_range: [], reserved_name: [] }, DescriptorProto { name: Some("Parallelogram"), field: [FieldDescriptorProto { name: Some("base_length"), number: Some(1), label: Some(Optional), r#type: Some(Float), type_name: None, extendee: None, default_value: None, oneof_index: None, json_name: Some("baseLength"), options: None, proto3_optional: None }, FieldDescriptorProto { name: Some("height"), number: Some(2), label: Some(Optional), r#type: Some(Float), type_name: None, extendee: None, default_value: None, oneof_index: None, json_name: Some("height"), options: None, proto3_optional: None }], extension: [], nested_type: [], enum_type: [], extension_range: [], oneof_decl: [], options: None, reserved_range: [], reserved_name: [] }, DescriptorProto { name: Some("AreaRequest"), field: [FieldDescriptorProto { name: Some("shapes"), number: Some(1), label: Some(Repeated), r#type: Some(Message), type_name: Some(".area_calculator.ShapeMessage"), extendee: None, default_value: None, oneof_index: None, json_name: Some("shapes"), options: None, proto3_optional: None }], extension: [], nested_type: [], enum_type: [], extension_range: [], oneof_decl: [], options: None, reserved_range: [], reserved_name: [] }, DescriptorProto { name: Some("AreaResponse"), field: [FieldDescriptorProto { name: Some("value"), number: Some(1), label: Some(Repeated), r#type: Some(Float), type_name: None, extendee: None, default_value: None, oneof_index: None, json_name: Some("value"), options: None, proto3_optional: None }], extension: [], nested_type: [], enum_type: [], extension_range: [], oneof_decl: [], options: None, reserved_range: [], reserved_name: [] }], enum_type: [], service: [ServiceDescriptorProto { name: Some("Calculator"), method: [MethodDescriptorProto { name: Some("calculateOne"), input_type: Some(".area_calculator.ShapeMessage"), output_type: Some(".area_calculator.AreaResponse"), options: Some(MethodOptions { deprecated: None, idempotency_level: None, uninterpreted_option: [] }), client_streaming: None, server_streaming: None }, MethodDescriptorProto { name: Some("calculateMulti"), input_type: Some(".area_calculator.AreaRequest"), output_type: Some(".area_calculator.AreaResponse"), options: Some(MethodOptions { deprecated: None, idempotency_level: None, uninterpreted_option: [] }), client_streaming: None, server_streaming: None }], options: None }], extension: [], options: Some(FileOptions { java_package: None, java_outer_classname: None, java_multiple_files: None, java_generate_equals_and_hash: None, java_string_check_utf8: None, optimize_for: None, go_package: Some("io.pact/area_calculator"), cc_generic_services: None, java_generic_services: None, py_generic_services: None, php_generic_services: Some(true), deprecated: None, cc_enable_arenas: None, objc_class_prefix: None, csharp_namespace: None, swift_prefix: None, php_class_prefix: None, php_namespace: None, php_metadata_namespace: None, ruby_package: None, uninterpreted_option: [] }), source_code_info: None, syntax: Some("proto3") }] }}, routes: {"Calculator/calculateOne": (FileDescriptorSet { file: [FileDescriptorProto { name: Some("area_calculator.proto"), package: Some("area_calculator"), dependency: [], public_dependency: [], weak_dependency: [], message_type: [DescriptorProto { name: Some("ShapeMessage"), field: [FieldDescriptorProto { name: Some("square"), number: Some(1), label: Some(Optional), r#type: Some(Message), type_name: Some(".area_calculator.Square"), extendee: None, default_value: None, oneof_index: Some(0), json_name: Some("square"), options: None, proto3_optional: None }, FieldDescriptorProto { name: Some("rectangle"), number: Some(2), label: Some(Optional), r#type: Some(Message), type_name: Some(".area_calculator.Rectangle"), extendee: None, default_value: None, oneof_index: Some(0), json_name: Some("rectangle"), options: None, proto3_optional: None }, FieldDescriptorProto { name: Some("circle"), number: Some(3), label: Some(Optional), r#type: Some(Message), type_name: Some(".area_calculator.Circle"), extendee: None, default_value: None, oneof_index: Some(0), json_name: Some("circle"), options: None, proto3_optional: None }, FieldDescriptorProto { name: Some("triangle"), number: Some(4), label: Some(Optional), r#type: Some(Message), type_name: Some(".area_calculator.Triangle"), extendee: None, default_value: None, oneof_index: Some(0), json_name: Some("triangle"), options: None, proto3_optional: None }, FieldDescriptorProto { name: Some("parallelogram"), number: Some(5), label: Some(Optional), r#type: Some(Message), type_name: Some(".area_calculator.Parallelogram"), extendee: None, default_value: None, oneof_index: Some(0), json_name: Some("parallelogram"), options: None, proto3_optional: None }], extension: [], nested_type: [], enum_type: [], extension_range: [], oneof_decl: [OneofDescriptorProto { name: Some("shape"), options: None }], options: None, reserved_range: [], reserved_name: [] }, DescriptorProto { name: Some("Square"), field: [FieldDescriptorProto { name: Some("edge_length"), number: Some(1), label: Some(Optional), r#type: Some(Float), type_name: None, extendee: None, default_value: None, oneof_index: None, json_name: Some("edgeLength"), options: None, proto3_optional: None }], extension: [], nested_type: [], enum_type: [], extension_range: [], oneof_decl: [], options: None, reserved_range: [], reserved_name: [] }, DescriptorProto { name: Some("Rectangle"), field: [FieldDescriptorProto { name: Some("length"), number: Some(1), label: Some(Optional), r#type: Some(Float), type_name: None, extendee: None, default_value: None, oneof_index: None, json_name: Some("length"), options: None, proto3_optional: None }, FieldDescriptorProto { name: Some("width"), number: Some(2), label: Some(Optional), r#type: Some(Float), type_name: None, extendee: None, default_value: None, oneof_index: None, json_name: Some("width"), options: None, proto3_optional: None }], extension: [], nested_type: [], enum_type: [], extension_range: [], oneof_decl: [], options: None, reserved_range: [], reserved_name: [] }, DescriptorProto { name: Some("Circle"), field: [FieldDescriptorProto { name: Some("radius"), number: Some(1), label: Some(Optional), r#type: Some(Float), type_name: None, extendee: None, default_value: None, oneof_index: None, json_name: Some("radius"), options: None, proto3_optional: None }], extension: [], nested_type: [], enum_type: [], extension_range: [], oneof_decl: [], options: None, reserved_range: [], reserved_name: [] }, DescriptorProto { name: Some("Triangle"), field: [FieldDescriptorProto { name: Some("edge_a"), number: Some(1), label: Some(Optional), r#type: Some(Float), type_name: None, extendee: None, default_value: None, oneof_index: None, json_name: Some("edgeA"), options: None, proto3_optional: None }, FieldDescriptorProto { name: Some("edge_b"), number: Some(2), label: Some(Optional), r#type: Some(Float), type_name: None, extendee: None, default_value: None, oneof_index: None, json_name: Some("edgeB"), options: None, proto3_optional: None }, FieldDescriptorProto { name: Some("edge_c"), number: Some(3), label: Some(Optional), r#type: Some(Float), type_name: None, extendee: None, default_value: None, oneof_index: None, json_name: Some("edgeC"), options: None, proto3_optional: None }], extension: [], nested_type: [], enum_type: [], extension_range: [], oneof_decl: [], options: None, reserved_range: [], reserved_name: [] }, DescriptorProto { name: Some("Parallelogram"), field: [FieldDescriptorProto { name: Some("base_length"), number: Some(1), label: Some(Optional), r#type: Some(Float), type_name: None, extendee: None, default_value: None, oneof_index: None, json_name: Some("baseLength"), options: None, proto3_optional: None }, FieldDescriptorProto { name: Some("height"), number: Some(2), label: Some(Optional), r#type: Some(Float), type_name: None, extendee: None, default_value: None, oneof_index: None, json_name: Some("height"), options: None, proto3_optional: None }], extension: [], nested_type: [], enum_type: [], extension_range: [], oneof_decl: [], options: None, reserved_range: [], reserved_name: [] }, DescriptorProto { name: Some("AreaRequest"), field: [FieldDescriptorProto { name: Some("shapes"), number: Some(1), label: Some(Repeated), r#type: Some(Message), type_name: Some(".area_calculator.ShapeMessage"), extendee: None, default_value: None, oneof_index: None, json_name: Some("shapes"), options: None, proto3_optional: None }], extension: [], nested_type: [], enum_type: [], extension_range: [], oneof_decl: [], options: None, reserved_range: [], reserved_name: [] }, DescriptorProto { name: Some("AreaResponse"), field: [FieldDescriptorProto { name: Some("value"), number: Some(1), label: Some(Repeated), r#type: Some(Float), type_name: None, extendee: None, default_value: None, oneof_index: None, json_name: Some("value"), options: None, proto3_optional: None }], extension: [], nested_type: [], enum_type: [], extension_range: [], oneof_decl: [], options: None, reserved_range: [], reserved_name: [] }], enum_type: [], service: [ServiceDescriptorProto { name: Some("Calculator"), method: [MethodDescriptorProto { name: Some("calculateOne"), input_type: Some(".area_calculator.ShapeMessage"), output_type: Some(".area_calculator.AreaResponse"), options: Some(MethodOptions { deprecated: None, idempotency_level: None, uninterpreted_option: [] }), client_streaming: None, server_streaming: None }, MethodDescriptorProto { name: Some("calculateMulti"), input_type: Some(".area_calculator.AreaRequest"), output_type: Some(".area_calculator.AreaResponse"), options: Some(MethodOptions { deprecated: None, idempotency_level: None, uninterpreted_option: [] }), client_streaming: None, server_streaming: None }], options: None }], extension: [], options: Some(FileOptions { java_package: None, java_outer_classname: None, java_multiple_files: None, java_generate_equals_and_hash: None, java_string_check_utf8: None, optimize_for: None, go_package: Some("io.pact/area_calculator"), cc_generic_services: None, java_generic_services: None, py_generic_services: None, php_generic_services: Some(true), deprecated: None, cc_enable_arenas: None, objc_class_prefix: None, csharp_namespace: None, swift_prefix: None, php_class_prefix: None, php_namespace: None, php_metadata_namespace: None, ruby_package: None, uninterpreted_option: [] }), source_code_info: None, syntax: Some("proto3") }] }, MethodDescriptorProto { name: Some("calculateOne"), input_type: Some(".area_calculator.ShapeMessage"), output_type: Some(".area_calculator.AreaResponse"), options: Some(MethodOptions { deprecated: None, idempotency_level: None, uninterpreted_option: [] }), client_streaming: None, server_streaming: None }, SynchronousMessage { id: None, key: Some("c7fbe3ee"), description: "calculate rectangle area request", provider_states: [], comments: {"testname": String("io.pact.example.grpc.consumer.PactConsumerTest.calculateRectangleArea(MockServer, SynchronousMessages)")}, request: MessageContents { contents: Present(b"\x12\n\r\0\0@@\x15\0\0\x80@", Some(ContentType { main_type: "application", sub_type: "protobuf", attributes: {"message": "ShapeMessage"}, suffix: None }), Some(BINARY)), metadata: {}, matching_rules: MatchingRules { rules: {BODY: MatchingRuleCategory { name: BODY, rules: {DocPath { path_tokens: [Root, Field("rectangle"), Field("length")], expr: "$.rectangle.length" }: RuleList { rules: [Number], rule_logic: And, cascaded: false }, DocPath { path_tokens: [Root, Field("rectangle"), Field("width")], expr: "$.rectangle.width" }: RuleList { rules: [Number], rule_logic: And, cascaded: false }} }} }, generators: Generators { categories: {} } }, response: [MessageContents { contents: Present(b"\r\0\0@A", Some(ContentType { main_type: "application", sub_type: "protobuf", attributes: {"message": "AreaResponse"}, suffix: None }), Some(BINARY)), metadata: {}, matching_rules: MatchingRules { rules: {BODY: MatchingRuleCategory { name: BODY, rules: {DocPath { path_tokens: [Root, Field("value")], expr: "$.value" }: RuleList { rules: [Number], rule_logic: And, cascaded: false }} }} }, generators: Generators { categories: {} } }], pending: false, plugin_config: {"protobuf": {"service": String("Calculator/calculateOne"), "descriptorKey": String("a85dff8f82655a9681aad113575dcfbb")}}, interaction_markup: InteractionMarkup { markup: "```protobuf\nmessage ShapeMessage {\n    message .area_calculator.Rectangle rectangle = 2;\n}\n```\n\n```protobuf\nmessage AreaResponse {\n    float value = 1;\n}\n```\n", markup_type: "COMMON_MARK" }, transport: None })}, server_key: "5cae5f82-fec2-43c6-9739-60d0383d84ec" } ?[3mreq?[0m?[2m=?[0mRequest { method: POST, uri: http://127.0.0.1:53791/area_calculator.Calculator/calculateOne, version: HTTP/2.0, headers: {"content-type": "application/grpc", "te": "trailers", "user-agent": "grpc-java-netty/1.49.0", "grpc-accept-encoding": "gzip"}, body: Body(Streaming) }?[1m}?[0m?[2m:?[0m?[1mmock_server_handler?[0m?[1m{?[0m?[3mkey?[0m?[2m=?[0m"5cae5f82-fec2-43c6-9739-60d0383d84ec"?[1m}?[0m?[2m:?[0m ?[2mh2::proto::streams::streams?[0m?[2m:?[0m drop_stream_ref; stream=Stream { id: StreamId(3), state: State { inner: HalfClosedRemote(AwaitingHeaders) }, is_counted: true, ref_count: 2, next_pending_send: None, is_pending_send: false, send_flow: FlowControl { window_size: Window(1048576), available: Window(0) }, requested_send_capacity: 0, buffered_send_data: 0, send_task: None, pending_send: Deque { indices: None }, next_pending_send_capacity: None, is_pending_send_capacity: false, send_capacity_inc: false, next_open: None, is_pending_open: false, is_pending_push: false, next_pending_accept: None, is_pending_accept: false, recv_flow: FlowControl { window_size: Window(1048559), available: Window(1048576) }, in_flight_recv_data: 0, next_window_update: None, is_pending_window_update: false, reset_at: None, next_reset_expire: None, pending_recv: Deque { indices: None }, recv_task: None, pending_push_promises: Queue { indices: None, _p: PhantomData }, content_length: Omitted }
15:05:16.522 [Thread-5] DEBUG i.pact.plugins.jvm.core.ChildProcess - Plugin protobuf [46038] || ?[2m2023-03-27T09:35:16.521495Z?[0m ?[35mTRACE?[0m tokio-runtime-worker ?[1mrequest?[0m?[1m{?[0m?[3mmethod?[0m?[2m=?[0mPOST ?[3muri?[0m?[2m=?[0mhttp://127.0.0.1:53791/area_calculator.Calculator/calculateOne ?[3mversion?[0m?[2m=?[0mHTTP/2.0?[1m}?[0m?[2m:?[0m?[1mcall?[0m?[1m{?[0m?[3mself?[0m?[2m=?[0mGrpcMockServer { pact: V4Pact { consumer: Consumer { name: "grpc-consumer-jvm" }, provider: Provider { name: "area-calculator-provider" }, interactions: [SynchronousMessage { id: None, key: Some("c7fbe3ee"), description: "calculate rectangle area request", provider_states: [], comments: {"testname": String("io.pact.example.grpc.consumer.PactConsumerTest.calculateRectangleArea(MockServer, SynchronousMessages)")}, request: MessageContents { contents: Present(b"\x12\n\r\0\0@@\x15\0\0\x80@", Some(ContentType { main_type: "application", sub_type: "protobuf", attributes: {"message": "ShapeMessage"}, suffix: None }), Some(BINARY)), metadata: {}, matching_rules: MatchingRules { rules: {BODY: MatchingRuleCategory { name: BODY, rules: {DocPath { path_tokens: [Root, Field("rectangle"), Field("length")], expr: "$.rectangle.length" }: RuleList { rules: [Number], rule_logic: And, cascaded: false }, DocPath { path_tokens: [Root, Field("rectangle"), Field("width")], expr: "$.rectangle.width" }: RuleList { rules: [Number], rule_logic: And, cascaded: false }} }} }, generators: Generators { categories: {} } }, response: [MessageContents { contents: Present(b"\r\0\0@A", Some(ContentType { main_type: "application", sub_type: "protobuf", attributes: {"message": "AreaResponse"}, suffix: None }), Some(BINARY)), metadata: {}, matching_rules: MatchingRules { rules: {BODY: MatchingRuleCategory { name: BODY, rules: {DocPath { path_tokens: [Root, Field("value")], expr: "$.value" }: RuleList { rules: [Number], rule_logic: And, cascaded: false }} }} }, generators: Generators { categories: {} } }], pending: false, plugin_config: {"protobuf": {"service": String("Calculator/calculateOne"), "descriptorKey": String("a85dff8f82655a9681aad113575dcfbb")}}, interaction_markup: InteractionMarkup { markup: "```protobuf\nmessage ShapeMessage {\n    message .area_calculator.Rectangle rectangle = 2;\n}\n```\n\n```protobuf\nmessage AreaResponse {\n    float value = 1;\n}\n```\n", markup_type: "COMMON_MARK" }, transport: None }], metadata: {"pact-jvm": Object({"version": String("4.4.2")}), "pactSpecification": Object({"version": String("4.0")})}, plugin_data: [PluginData { name: "protobuf", version: "0.1.5", configuration: {"a85dff8f82655a9681aad113575dcfbb": Object({"protoDescriptors": String("CsoHChVhcmVhX2NhbGN1bGF0b3IucHJvdG8SD2FyZWFfY2FsY3VsYXRvciK6AgoMU2hhcGVNZXNzYWdlEjEKBnNxdWFyZRgBIAEoCzIXLmFyZWFfY2FsY3VsYXRvci5TcXVhcmVIAFIGc3F1YXJlEjoKCXJlY3RhbmdsZRgCIAEoCzIaLmFyZWFfY2FsY3VsYXRvci5SZWN0YW5nbGVIAFIJcmVjdGFuZ2xlEjEKBmNpcmNsZRgDIAEoCzIXLmFyZWFfY2FsY3VsYXRvci5DaXJjbGVIAFIGY2lyY2xlEjcKCHRyaWFuZ2xlGAQgASgLMhkuYXJlYV9jYWxjdWxhdG9yLlRyaWFuZ2xlSABSCHRyaWFuZ2xlEkYKDXBhcmFsbGVsb2dyYW0YBSABKAsyHi5hcmVhX2NhbGN1bGF0b3IuUGFyYWxsZWxvZ3JhbUgAUg1wYXJhbGxlbG9ncmFtQgcKBXNoYXBlIikKBlNxdWFyZRIfCgtlZGdlX2xlbmd0aBgBIAEoAlIKZWRnZUxlbmd0aCI5CglSZWN0YW5nbGUSFgoGbGVuZ3RoGAEgASgCUgZsZW5ndGgSFAoFd2lkdGgYAiABKAJSBXdpZHRoIiAKBkNpcmNsZRIWCgZyYWRpdXMYASABKAJSBnJhZGl1cyJPCghUcmlhbmdsZRIVCgZlZGdlX2EYASABKAJSBWVkZ2VBEhUKBmVkZ2VfYhgCIAEoAlIFZWRnZUISFQoGZWRnZV9jGAMgASgCUgVlZGdlQyJICg1QYXJhbGxlbG9ncmFtEh8KC2Jhc2VfbGVuZ3RoGAEgASgCUgpiYXNlTGVuZ3RoEhYKBmhlaWdodBgCIAEoAlIGaGVpZ2h0IkQKC0FyZWFSZXF1ZXN0EjUKBnNoYXBlcxgBIAMoCzIdLmFyZWFfY2FsY3VsYXRvci5TaGFwZU1lc3NhZ2VSBnNoYXBlcyIkCgxBcmVhUmVzcG9uc2USFAoFdmFsdWUYASADKAJSBXZhbHVlMq0BCgpDYWxjdWxhdG9yEk4KDGNhbGN1bGF0ZU9uZRIdLmFyZWFfY2FsY3VsYXRvci5TaGFwZU1lc3NhZ2UaHS5hcmVhX2NhbGN1bGF0b3IuQXJlYVJlc3BvbnNlIgASTwoOY2FsY3VsYXRlTXVsdGkSHC5hcmVhX2NhbGN1bGF0b3IuQXJlYVJlcXVlc3QaHS5hcmVhX2NhbGN1bGF0b3IuQXJlYVJlc3BvbnNlIgBCHFoXaW8ucGFjdC9hcmVhX2NhbGN1bGF0b3LQAgFiBnByb3RvMw=="), "protoFile": String("syntax = \"proto3\";\n\npackage area_calculator;\n\noption php_generic_services = true;\noption go_package = \"io.pact/area_calculator\";\n\nservice Calculator {\n  rpc calculateOne (ShapeMessage) returns (AreaResponse) {}\n  rpc calculateMulti (AreaRequest) returns (AreaResponse) {}\n}\n\nmessage ShapeMessage {\n  oneof shape {\n    Square square = 1;\n    Rectangle rectangle = 2;\n    Circle circle = 3;\n    Triangle triangle = 4;\n    Parallelogram parallelogram = 5;\n  }\n}\n\nmessage Square {\n  float edge_length = 1;\n}\n\nmessage Rectangle {\n  float length = 1;\n  float width = 2;\n}\n\nmessage Circle {\n  float radius = 1;\n}\n\nmessage Triangle {\n  float edge_a = 1;\n  float edge_b = 2;\n  float edge_c = 3;\n}\n\nmessage Parallelogram {\n  float base_length = 1;\n  float height = 2;\n}\n\nmessage AreaRequest {\n  repeated ShapeMessage shapes = 1;\n}\n\nmessage AreaResponse {\n  repeated float value = 1;\n}\n")})} }] }, plugin_config: PluginData { name: "protobuf", version: "0.1.5", configuration: {"a85dff8f82655a9681aad113575dcfbb": Object({"protoDescriptors": String("CsoHChVhcmVhX2NhbGN1bGF0b3IucHJvdG8SD2FyZWFfY2FsY3VsYXRvciK6AgoMU2hhcGVNZXNzYWdlEjEKBnNxdWFyZRgBIAEoCzIXLmFyZWFfY2FsY3VsYXRvci5TcXVhcmVIAFIGc3F1YXJlEjoKCXJlY3RhbmdsZRgCIAEoCzIaLmFyZWFfY2FsY3VsYXRvci5SZWN0YW5nbGVIAFIJcmVjdGFuZ2xlEjEKBmNpcmNsZRgDIAEoCzIXLmFyZWFfY2FsY3VsYXRvci5DaXJjbGVIAFIGY2lyY2xlEjcKCHRyaWFuZ2xlGAQgASgLMhkuYXJlYV9jYWxjdWxhdG9yLlRyaWFuZ2xlSABSCHRyaWFuZ2xlEkYKDXBhcmFsbGVsb2dyYW0YBSABKAsyHi5hcmVhX2NhbGN1bGF0b3IuUGFyYWxsZWxvZ3JhbUgAUg1wYXJhbGxlbG9ncmFtQgcKBXNoYXBlIikKBlNxdWFyZRIfCgtlZGdlX2xlbmd0aBgBIAEoAlIKZWRnZUxlbmd0aCI5CglSZWN0YW5nbGUSFgoGbGVuZ3RoGAEgASgCUgZsZW5ndGgSFAoFd2lkdGgYAiABKAJSBXdpZHRoIiAKBkNpcmNsZRIWCgZyYWRpdXMYASABKAJSBnJhZGl1cyJPCghUcmlhbmdsZRIVCgZlZGdlX2EYASABKAJSBWVkZ2VBEhUKBmVkZ2VfYhgCIAEoAlIFZWRnZUISFQoGZWRnZV9jGAMgASgCUgVlZGdlQyJICg1QYXJhbGxlbG9ncmFtEh8KC2Jhc2VfbGVuZ3RoGAEgASgCUgpiYXNlTGVuZ3RoEhYKBmhlaWdodBgCIAEoAlIGaGVpZ2h0IkQKC0FyZWFSZXF1ZXN0EjUKBnNoYXBlcxgBIAMoCzIdLmFyZWFfY2FsY3VsYXRvci5TaGFwZU1lc3NhZ2VSBnNoYXBlcyIkCgxBcmVhUmVzcG9uc2USFAoFdmFsdWUYASADKAJSBXZhbHVlMq0BCgpDYWxjdWxhdG9yEk4KDGNhbGN1bGF0ZU9uZRIdLmFyZWFfY2FsY3VsYXRvci5TaGFwZU1lc3NhZ2UaHS5hcmVhX2NhbGN1bGF0b3IuQXJlYVJlc3BvbnNlIgASTwoOY2FsY3VsYXRlTXVsdGkSHC5hcmVhX2NhbGN1bGF0b3IuQXJlYVJlcXVlc3QaHS5hcmVhX2NhbGN1bGF0b3IuQXJlYVJlc3BvbnNlIgBCHFoXaW8ucGFjdC9hcmVhX2NhbGN1bGF0b3LQAgFiBnByb3RvMw=="), "protoFile": String("syntax = \"proto3\";\n\npackage area_calculator;\n\noption php_generic_services = true;\noption go_package = \"io.pact/area_calculator\";\n\nservice Calculator {\n  rpc calculateOne (ShapeMessage) returns (AreaResponse) {}\n  rpc calculateMulti (AreaRequest) returns (AreaResponse) {}\n}\n\nmessage ShapeMessage {\n  oneof shape {\n    Square square = 1;\n    Rectangle rectangle = 2;\n    Circle circle = 3;\n    Triangle triangle = 4;\n    Parallelogram parallelogram = 5;\n  }\n}\n\nmessage Square {\n  float edge_length = 1;\n}\n\nmessage Rectangle {\n  float length = 1;\n  float width = 2;\n}\n\nmessage Circle {\n  float radius = 1;\n}\n\nmessage Triangle {\n  float edge_a = 1;\n  float edge_b = 2;\n  float edge_c = 3;\n}\n\nmessage Parallelogram {\n  float base_length = 1;\n  float height = 2;\n}\n\nmessage AreaRequest {\n  repeated ShapeMessage shapes = 1;\n}\n\nmessage AreaResponse {\n  repeated float value = 1;\n}\n")})} }, descriptors: {"a85dff8f82655a9681aad113575dcfbb": FileDescriptorSet { file: [FileDescriptorProto { name: Some("area_calculator.proto"), package: Some("area_calculator"), dependency: [], public_dependency: [], weak_dependency: [], message_type: [DescriptorProto { name: Some("ShapeMessage"), field: [FieldDescriptorProto { name: Some("square"), number: Some(1), label: Some(Optional), r#type: Some(Message), type_name: Some(".area_calculator.Square"), extendee: None, default_value: None, oneof_index: Some(0), json_name: Some("square"), options: None, proto3_optional: None }, FieldDescriptorProto { name: Some("rectangle"), number: Some(2), label: Some(Optional), r#type: Some(Message), type_name: Some(".area_calculator.Rectangle"), extendee: None, default_value: None, oneof_index: Some(0), json_name: Some("rectangle"), options: None, proto3_optional: None }, FieldDescriptorProto { name: Some("circle"), number: Some(3), label: Some(Optional), r#type: Some(Message), type_name: Some(".area_calculator.Circle"), extendee: None, default_value: None, oneof_index: Some(0), json_name: Some("circle"), options: None, proto3_optional: None }, FieldDescriptorProto { name: Some("triangle"), number: Some(4), label: Some(Optional), r#type: Some(Message), type_name: Some(".area_calculator.Triangle"), extendee: None, default_value: None, oneof_index: Some(0), json_name: Some("triangle"), options: None, proto3_optional: None }, FieldDescriptorProto { name: Some("parallelogram"), number: Some(5), label: Some(Optional), r#type: Some(Message), type_name: Some(".area_calculator.Parallelogram"), extendee: None, default_value: None, oneof_index: Some(0), json_name: Some("parallelogram"), options: None, proto3_optional: None }], extension: [], nested_type: [], enum_type: [], extension_range: [], oneof_decl: [OneofDescriptorProto { name: Some("shape"), options: None }], options: None, reserved_range: [], reserved_name: [] }, DescriptorProto { name: Some("Square"), field: [FieldDescriptorProto { name: Some("edge_length"), number: Some(1), label: Some(Optional), r#type: Some(Float), type_name: None, extendee: None, default_value: None, oneof_index: None, json_name: Some("edgeLength"), options: None, proto3_optional: None }], extension: [], nested_type: [], enum_type: [], extension_range: [], oneof_decl: [], options: None, reserved_range: [], reserved_name: [] }, DescriptorProto { name: Some("Rectangle"), field: [FieldDescriptorProto { name: Some("length"), number: Some(1), label: Some(Optional), r#type: Some(Float), type_name: None, extendee: None, default_value: None, oneof_index: None, json_name: Some("length"), options: None, proto3_optional: None }, FieldDescriptorProto { name: Some("width"), number: Some(2), label: Some(Optional), r#type: Some(Float), type_name: None, extendee: None, default_value: None, oneof_index: None, json_name: Some("width"), options: None, proto3_optional: None }], extension: [], nested_type: [], enum_type: [], extension_range: [], oneof_decl: [], options: None, reserved_range: [], reserved_name: [] }, DescriptorProto { name: Some("Circle"), field: [FieldDescriptorProto { name: Some("radius"), number: Some(1), label: Some(Optional), r#type: Some(Float), type_name: None, extendee: None, default_value: None, oneof_index: None, json_name: Some("radius"), options: None, proto3_optional: None }], extension: [], nested_type: [], enum_type: [], extension_range: [], oneof_decl: [], options: None, reserved_range: [], reserved_name: [] }, DescriptorProto { name: Some("Triangle"), field: [FieldDescriptorProto { name: Some("edge_a"), number: Some(1), label: Some(Optional), r#type: Some(Float), type_name: None, extendee: None, default_value: None, oneof_index: None, json_name: Some("edgeA"), options: None, proto3_optional: None }, FieldDescriptorProto { name: Some("edge_b"), number: Some(2), label: Some(Optional), r#type: Some(Float), type_name: None, extendee: None, default_value: None, oneof_index: None, json_name: Some("edgeB"), options: None, proto3_optional: None }, FieldDescriptorProto { name: Some("edge_c"), number: Some(3), label: Some(Optional), r#type: Some(Float), type_name: None, extendee: None, default_value: None, oneof_index: None, json_name: Some("edgeC"), options: None, proto3_optional: None }], extension: [], nested_type: [], enum_type: [], extension_range: [], oneof_decl: [], options: None, reserved_range: [], reserved_name: [] }, DescriptorProto { name: Some("Parallelogram"), field: [FieldDescriptorProto { name: Some("base_length"), number: Some(1), label: Some(Optional), r#type: Some(Float), type_name: None, extendee: None, default_value: None, oneof_index: None, json_name: Some("baseLength"), options: None, proto3_optional: None }, FieldDescriptorProto { name: Some("height"), number: Some(2), label: Some(Optional), r#type: Some(Float), type_name: None, extendee: None, default_value: None, oneof_index: None, json_name: Some("height"), options: None, proto3_optional: None }], extension: [], nested_type: [], enum_type: [], extension_range: [], oneof_decl: [], options: None, reserved_range: [], reserved_name: [] }, DescriptorProto { name: Some("AreaRequest"), field: [FieldDescriptorProto { name: Some("shapes"), number: Some(1), label: Some(Repeated), r#type: Some(Message), type_name: Some(".area_calculator.ShapeMessage"), extendee: None, default_value: None, oneof_index: None, json_name: Some("shapes"), options: None, proto3_optional: None }], extension: [], nested_type: [], enum_type: [], extension_range: [], oneof_decl: [], options: None, reserved_range: [], reserved_name: [] }, DescriptorProto { name: Some("AreaResponse"), field: [FieldDescriptorProto { name: Some("value"), number: Some(1), label: Some(Repeated), r#type: Some(Float), type_name: None, extendee: None, default_value: None, oneof_index: None, json_name: Some("value"), options: None, proto3_optional: None }], extension: [], nested_type: [], enum_type: [], extension_range: [], oneof_decl: [], options: None, reserved_range: [], reserved_name: [] }], enum_type: [], service: [ServiceDescriptorProto { name: Some("Calculator"), method: [MethodDescriptorProto { name: Some("calculateOne"), input_type: Some(".area_calculator.ShapeMessage"), output_type: Some(".area_calculator.AreaResponse"), options: Some(MethodOptions { deprecated: None, idempotency_level: None, uninterpreted_option: [] }), client_streaming: None, server_streaming: None }, MethodDescriptorProto { name: Some("calculateMulti"), input_type: Some(".area_calculator.AreaRequest"), output_type: Some(".area_calculator.AreaResponse"), options: Some(MethodOptions { deprecated: None, idempotency_level: None, uninterpreted_option: [] }), client_streaming: None, server_streaming: None }], options: None }], extension: [], options: Some(FileOptions { java_package: None, java_outer_classname: None, java_multiple_files: None, java_generate_equals_and_hash: None, java_string_check_utf8: None, optimize_for: None, go_package: Some("io.pact/area_calculator"), cc_generic_services: None, java_generic_services: None, py_generic_services: None, php_generic_services: Some(true), deprecated: None, cc_enable_arenas: None, objc_class_prefix: None, csharp_namespace: None, swift_prefix: None, php_class_prefix: None, php_namespace: None, php_metadata_namespace: None, ruby_package: None, uninterpreted_option: [] }), source_code_info: None, syntax: Some("proto3") }] }}, routes: {"Calculator/calculateOne": (FileDescriptorSet { file: [FileDescriptorProto { name: Some("area_calculator.proto"), package: Some("area_calculator"), dependency: [], public_dependency: [], weak_dependency: [], message_type: [DescriptorProto { name: Some("ShapeMessage"), field: [FieldDescriptorProto { name: Some("square"), number: Some(1), label: Some(Optional), r#type: Some(Message), type_name: Some(".area_calculator.Square"), extendee: None, default_value: None, oneof_index: Some(0), json_name: Some("square"), options: None, proto3_optional: None }, FieldDescriptorProto { name: Some("rectangle"), number: Some(2), label: Some(Optional), r#type: Some(Message), type_name: Some(".area_calculator.Rectangle"), extendee: None, default_value: None, oneof_index: Some(0), json_name: Some("rectangle"), options: None, proto3_optional: None }, FieldDescriptorProto { name: Some("circle"), number: Some(3), label: Some(Optional), r#type: Some(Message), type_name: Some(".area_calculator.Circle"), extendee: None, default_value: None, oneof_index: Some(0), json_name: Some("circle"), options: None, proto3_optional: None }, FieldDescriptorProto { name: Some("triangle"), number: Some(4), label: Some(Optional), r#type: Some(Message), type_name: Some(".area_calculator.Triangle"), extendee: None, default_value: None, oneof_index: Some(0), json_name: Some("triangle"), options: None, proto3_optional: None }, FieldDescriptorProto { name: Some("parallelogram"), number: Some(5), label: Some(Optional), r#type: Some(Message), type_name: Some(".area_calculator.Parallelogram"), extendee: None, default_value: None, oneof_index: Some(0), json_name: Some("parallelogram"), options: None, proto3_optional: None }], extension: [], nested_type: [], enum_type: [], extension_range: [], oneof_decl: [OneofDescriptorProto { name: Some("shape"), options: None }], options: None, reserved_range: [], reserved_name: [] }, DescriptorProto { name: Some("Square"), field: [FieldDescriptorProto { name: Some("edge_length"), number: Some(1), label: Some(Optional), r#type: Some(Float), type_name: None, extendee: None, default_value: None, oneof_index: None, json_name: Some("edgeLength"), options: None, proto3_optional: None }], extension: [], nested_type: [], enum_type: [], extension_range: [], oneof_decl: [], options: None, reserved_range: [], reserved_name: [] }, DescriptorProto { name: Some("Rectangle"), field: [FieldDescriptorProto { name: Some("length"), number: Some(1), label: Some(Optional), r#type: Some(Float), type_name: None, extendee: None, default_value: None, oneof_index: None, json_name: Some("length"), options: None, proto3_optional: None }, FieldDescriptorProto { name: Some("width"), number: Some(2), label: Some(Optional), r#type: Some(Float), type_name: None, extendee: None, default_value: None, oneof_index: None, json_name: Some("width"), options: None, proto3_optional: None }], extension: [], nested_type: [], enum_type: [], extension_range: [], oneof_decl: [], options: None, reserved_range: [], reserved_name: [] }, DescriptorProto { name: Some("Circle"), field: [FieldDescriptorProto { name: Some("radius"), number: Some(1), label: Some(Optional), r#type: Some(Float), type_name: None, extendee: None, default_value: None, oneof_index: None, json_name: Some("radius"), options: None, proto3_optional: None }], extension: [], nested_type: [], enum_type: [], extension_range: [], oneof_decl: [], options: None, reserved_range: [], reserved_name: [] }, DescriptorProto { name: Some("Triangle"), field: [FieldDescriptorProto { name: Some("edge_a"), number: Some(1), label: Some(Optional), r#type: Some(Float), type_name: None, extendee: None, default_value: None, oneof_index: None, json_name: Some("edgeA"), options: None, proto3_optional: None }, FieldDescriptorProto { name: Some("edge_b"), number: Some(2), label: Some(Optional), r#type: Some(Float), type_name: None, extendee: None, default_value: None, oneof_index: None, json_name: Some("edgeB"), options: None, proto3_optional: None }, FieldDescriptorProto { name: Some("edge_c"), number: Some(3), label: Some(Optional), r#type: Some(Float), type_name: None, extendee: None, default_value: None, oneof_index: None, json_name: Some("edgeC"), options: None, proto3_optional: None }], extension: [], nested_type: [], enum_type: [], extension_range: [], oneof_decl: [], options: None, reserved_range: [], reserved_name: [] }, DescriptorProto { name: Some("Parallelogram"), field: [FieldDescriptorProto { name: Some("base_length"), number: Some(1), label: Some(Optional), r#type: Some(Float), type_name: None, extendee: None, default_value: None, oneof_index: None, json_name: Some("baseLength"), options: None, proto3_optional: None }, FieldDescriptorProto { name: Some("height"), number: Some(2), label: Some(Optional), r#type: Some(Float), type_name: None, extendee: None, default_value: None, oneof_index: None, json_name: Some("height"), options: None, proto3_optional: None }], extension: [], nested_type: [], enum_type: [], extension_range: [], oneof_decl: [], options: None, reserved_range: [], reserved_name: [] }, DescriptorProto { name: Some("AreaRequest"), field: [FieldDescriptorProto { name: Some("shapes"), number: Some(1), label: Some(Repeated), r#type: Some(Message), type_name: Some(".area_calculator.ShapeMessage"), extendee: None, default_value: None, oneof_index: None, json_name: Some("shapes"), options: None, proto3_optional: None }], extension: [], nested_type: [], enum_type: [], extension_range: [], oneof_decl: [], options: None, reserved_range: [], reserved_name: [] }, DescriptorProto { name: Some("AreaResponse"), field: [FieldDescriptorProto { name: Some("value"), number: Some(1), label: Some(Repeated), r#type: Some(Float), type_name: None, extendee: None, default_value: None, oneof_index: None, json_name: Some("value"), options: None, proto3_optional: None }], extension: [], nested_type: [], enum_type: [], extension_range: [], oneof_decl: [], options: None, reserved_range: [], reserved_name: [] }], enum_type: [], service: [ServiceDescriptorProto { name: Some("Calculator"), method: [MethodDescriptorProto { name: Some("calculateOne"), input_type: Some(".area_calculator.ShapeMessage"), output_type: Some(".area_calculator.AreaResponse"), options: Some(MethodOptions { deprecated: None, idempotency_level: None, uninterpreted_option: [] }), client_streaming: None, server_streaming: None }, MethodDescriptorProto { name: Some("calculateMulti"), input_type: Some(".area_calculator.AreaRequest"), output_type: Some(".area_calculator.AreaResponse"), options: Some(MethodOptions { deprecated: None, idempotency_level: None, uninterpreted_option: [] }), client_streaming: None, server_streaming: None }], options: None }], extension: [], options: Some(FileOptions { java_package: None, java_outer_classname: None, java_multiple_files: None, java_generate_equals_and_hash: None, java_string_check_utf8: None, optimize_for: None, go_package: Some("io.pact/area_calculator"), cc_generic_services: None, java_generic_services: None, py_generic_services: None, php_generic_services: Some(true), deprecated: None, cc_enable_arenas: None, objc_class_prefix: None, csharp_namespace: None, swift_prefix: None, php_class_prefix: None, php_namespace: None, php_metadata_namespace: None, ruby_package: None, uninterpreted_option: [] }), source_code_info: None, syntax: Some("proto3") }] }, MethodDescriptorProto { name: Some("calculateOne"), input_type: Some(".area_calculator.ShapeMessage"), output_type: Some(".area_calculator.AreaResponse"), options: Some(MethodOptions { deprecated: None, idempotency_level: None, uninterpreted_option: [] }), client_streaming: None, server_streaming: None }, SynchronousMessage { id: None, key: Some("c7fbe3ee"), description: "calculate rectangle area request", provider_states: [], comments: {"testname": String("io.pact.example.grpc.consumer.PactConsumerTest.calculateRectangleArea(MockServer, SynchronousMessages)")}, request: MessageContents { contents: Present(b"\x12\n\r\0\0@@\x15\0\0\x80@", Some(ContentType { main_type: "application", sub_type: "protobuf", attributes: {"message": "ShapeMessage"}, suffix: None }), Some(BINARY)), metadata: {}, matching_rules: MatchingRules { rules: {BODY: MatchingRuleCategory { name: BODY, rules: {DocPath { path_tokens: [Root, Field("rectangle"), Field("length")], expr: "$.rectangle.length" }: RuleList { rules: [Number], rule_logic: And, cascaded: false }, DocPath { path_tokens: [Root, Field("rectangle"), Field("width")], expr: "$.rectangle.width" }: RuleList { rules: [Number], rule_logic: And, cascaded: false }} }} }, generators: Generators { categories: {} } }, response: [MessageContents { contents: Present(b"\r\0\0@A", Some(ContentType { main_type: "application", sub_type: "protobuf", attributes: {"message": "AreaResponse"}, suffix: None }), Some(BINARY)), metadata: {}, matching_rules: MatchingRules { rules: {BODY: MatchingRuleCategory { name: BODY, rules: {DocPath { path_tokens: [Root, Field("value")], expr: "$.value" }: RuleList { rules: [Number], rule_logic: And, cascaded: false }} }} }, generators: Generators { categories: {} } }], pending: false, plugin_config: {"protobuf": {"service": String("Calculator/calculateOne"), "descriptorKey": String("a85dff8f82655a9681aad113575dcfbb")}}, interaction_markup: InteractionMarkup { markup: "```protobuf\nmessage ShapeMessage {\n    message .area_calculator.Rectangle rectangle = 2;\n}\n```\n\n```protobuf\nmessage AreaResponse {\n    float value = 1;\n}\n```\n", markup_type: "COMMON_MARK" }, transport: None })}, server_key: "5cae5f82-fec2-43c6-9739-60d0383d84ec" } ?[3mreq?[0m?[2m=?[0mRequest { method: POST, uri: http://127.0.0.1:53791/area_calculator.Calculator/calculateOne, version: HTTP/2.0, headers: {"content-type": "application/grpc", "te": "trailers", "user-agent": "grpc-java-netty/1.49.0", "grpc-accept-encoding": "gzip"}, body: Body(Streaming) }?[1m}?[0m?[2m:?[0m?[1mmock_server_handler?[0m?[1m{?[0m?[3mkey?[0m?[2m=?[0m"5cae5f82-fec2-43c6-9739-60d0383d84ec"?[1m}?[0m?[2m:?[0m ?[2mh2::proto::streams::counts?[0m?[2m:?[0m transition_after; stream=StreamId(3); state=State { inner: HalfClosedRemote(AwaitingHeaders) }; is_closed=false; pending_send_empty=true; buffered_send_data=0; num_recv=1; num_send=0
15:05:16.523 [Thread-5] DEBUG i.pact.plugins.jvm.core.ChildProcess - Plugin protobuf [46038] || ?[2m2023-03-27T09:35:16.522327Z?[0m ?[35mTRACE?[0m tokio-runtime-worker ?[1mrequest?[0m?[1m{?[0m?[3mmethod?[0m?[2m=?[0mPOST ?[3muri?[0m?[2m=?[0mhttp://127.0.0.1:53791/area_calculator.Calculator/calculateOne ?[3mversion?[0m?[2m=?[0mHTTP/2.0?[1m}?[0m?[2m:?[0m?[1mcall?[0m?[1m{?[0m?[3mself?[0m?[2m=?[0mGrpcMockServer { pact: V4Pact { consumer: Consumer { name: "grpc-consumer-jvm" }, provider: Provider { name: "area-calculator-provider" }, interactions: [SynchronousMessage { id: None, key: Some("c7fbe3ee"), description: "calculate rectangle area request", provider_states: [], comments: {"testname": String("io.pact.example.grpc.consumer.PactConsumerTest.calculateRectangleArea(MockServer, SynchronousMessages)")}, request: MessageContents { contents: Present(b"\x12\n\r\0\0@@\x15\0\0\x80@", Some(ContentType { main_type: "application", sub_type: "protobuf", attributes: {"message": "ShapeMessage"}, suffix: None }), Some(BINARY)), metadata: {}, matching_rules: MatchingRules { rules: {BODY: MatchingRuleCategory { name: BODY, rules: {DocPath { path_tokens: [Root, Field("rectangle"), Field("length")], expr: "$.rectangle.length" }: RuleList { rules: [Number], rule_logic: And, cascaded: false }, DocPath { path_tokens: [Root, Field("rectangle"), Field("width")], expr: "$.rectangle.width" }: RuleList { rules: [Number], rule_logic: And, cascaded: false }} }} }, generators: Generators { categories: {} } }, response: [MessageContents { contents: Present(b"\r\0\0@A", Some(ContentType { main_type: "application", sub_type: "protobuf", attributes: {"message": "AreaResponse"}, suffix: None }), Some(BINARY)), metadata: {}, matching_rules: MatchingRules { rules: {BODY: MatchingRuleCategory { name: BODY, rules: {DocPath { path_tokens: [Root, Field("value")], expr: "$.value" }: RuleList { rules: [Number], rule_logic: And, cascaded: false }} }} }, generators: Generators { categories: {} } }], pending: false, plugin_config: {"protobuf": {"service": String("Calculator/calculateOne"), "descriptorKey": String("a85dff8f82655a9681aad113575dcfbb")}}, interaction_markup: InteractionMarkup { markup: "```protobuf\nmessage ShapeMessage {\n    message .area_calculator.Rectangle rectangle = 2;\n}\n```\n\n```protobuf\nmessage AreaResponse {\n    float value = 1;\n}\n```\n", markup_type: "COMMON_MARK" }, transport: None }], metadata: {"pact-jvm": Object({"version": String("4.4.2")}), "pactSpecification": Object({"version": String("4.0")})}, plugin_data: [PluginData { name: "protobuf", version: "0.1.5", configuration: {"a85dff8f82655a9681aad113575dcfbb": Object({"protoDescriptors": String("CsoHChVhcmVhX2NhbGN1bGF0b3IucHJvdG8SD2FyZWFfY2FsY3VsYXRvciK6AgoMU2hhcGVNZXNzYWdlEjEKBnNxdWFyZRgBIAEoCzIXLmFyZWFfY2FsY3VsYXRvci5TcXVhcmVIAFIGc3F1YXJlEjoKCXJlY3RhbmdsZRgCIAEoCzIaLmFyZWFfY2FsY3VsYXRvci5SZWN0YW5nbGVIAFIJcmVjdGFuZ2xlEjEKBmNpcmNsZRgDIAEoCzIXLmFyZWFfY2FsY3VsYXRvci5DaXJjbGVIAFIGY2lyY2xlEjcKCHRyaWFuZ2xlGAQgASgLMhkuYXJlYV9jYWxjdWxhdG9yLlRyaWFuZ2xlSABSCHRyaWFuZ2xlEkYKDXBhcmFsbGVsb2dyYW0YBSABKAsyHi5hcmVhX2NhbGN1bGF0b3IuUGFyYWxsZWxvZ3JhbUgAUg1wYXJhbGxlbG9ncmFtQgcKBXNoYXBlIikKBlNxdWFyZRIfCgtlZGdlX2xlbmd0aBgBIAEoAlIKZWRnZUxlbmd0aCI5CglSZWN0YW5nbGUSFgoGbGVuZ3RoGAEgASgCUgZsZW5ndGgSFAoFd2lkdGgYAiABKAJSBXdpZHRoIiAKBkNpcmNsZRIWCgZyYWRpdXMYASABKAJSBnJhZGl1cyJPCghUcmlhbmdsZRIVCgZlZGdlX2EYASABKAJSBWVkZ2VBEhUKBmVkZ2VfYhgCIAEoAlIFZWRnZUISFQoGZWRnZV9jGAMgASgCUgVlZGdlQyJICg1QYXJhbGxlbG9ncmFtEh8KC2Jhc2VfbGVuZ3RoGAEgASgCUgpiYXNlTGVuZ3RoEhYKBmhlaWdodBgCIAEoAlIGaGVpZ2h0IkQKC0FyZWFSZXF1ZXN0EjUKBnNoYXBlcxgBIAMoCzIdLmFyZWFfY2FsY3VsYXRvci5TaGFwZU1lc3NhZ2VSBnNoYXBlcyIkCgxBcmVhUmVzcG9uc2USFAoFdmFsdWUYASADKAJSBXZhbHVlMq0BCgpDYWxjdWxhdG9yEk4KDGNhbGN1bGF0ZU9uZRIdLmFyZWFfY2FsY3VsYXRvci5TaGFwZU1lc3NhZ2UaHS5hcmVhX2NhbGN1bGF0b3IuQXJlYVJlc3BvbnNlIgASTwoOY2FsY3VsYXRlTXVsdGkSHC5hcmVhX2NhbGN1bGF0b3IuQXJlYVJlcXVlc3QaHS5hcmVhX2NhbGN1bGF0b3IuQXJlYVJlc3BvbnNlIgBCHFoXaW8ucGFjdC9hcmVhX2NhbGN1bGF0b3LQAgFiBnByb3RvMw=="), "protoFile": String("syntax = \"proto3\";\n\npackage area_calculator;\n\noption php_generic_services = true;\noption go_package = \"io.pact/area_calculator\";\n\nservice Calculator {\n  rpc calculateOne (ShapeMessage) returns (AreaResponse) {}\n  rpc calculateMulti (AreaRequest) returns (AreaResponse) {}\n}\n\nmessage ShapeMessage {\n  oneof shape {\n    Square square = 1;\n    Rectangle rectangle = 2;\n    Circle circle = 3;\n    Triangle triangle = 4;\n    Parallelogram parallelogram = 5;\n  }\n}\n\nmessage Square {\n  float edge_length = 1;\n}\n\nmessage Rectangle {\n  float length = 1;\n  float width = 2;\n}\n\nmessage Circle {\n  float radius = 1;\n}\n\nmessage Triangle {\n  float edge_a = 1;\n  float edge_b = 2;\n  float edge_c = 3;\n}\n\nmessage Parallelogram {\n  float base_length = 1;\n  float height = 2;\n}\n\nmessage AreaRequest {\n  repeated ShapeMessage shapes = 1;\n}\n\nmessage AreaResponse {\n  repeated float value = 1;\n}\n")})} }] }, plugin_config: PluginData { name: "protobuf", version: "0.1.5", configuration: {"a85dff8f82655a9681aad113575dcfbb": Object({"protoDescriptors": String("CsoHChVhcmVhX2NhbGN1bGF0b3IucHJvdG8SD2FyZWFfY2FsY3VsYXRvciK6AgoMU2hhcGVNZXNzYWdlEjEKBnNxdWFyZRgBIAEoCzIXLmFyZWFfY2FsY3VsYXRvci5TcXVhcmVIAFIGc3F1YXJlEjoKCXJlY3RhbmdsZRgCIAEoCzIaLmFyZWFfY2FsY3VsYXRvci5SZWN0YW5nbGVIAFIJcmVjdGFuZ2xlEjEKBmNpcmNsZRgDIAEoCzIXLmFyZWFfY2FsY3VsYXRvci5DaXJjbGVIAFIGY2lyY2xlEjcKCHRyaWFuZ2xlGAQgASgLMhkuYXJlYV9jYWxjdWxhdG9yLlRyaWFuZ2xlSABSCHRyaWFuZ2xlEkYKDXBhcmFsbGVsb2dyYW0YBSABKAsyHi5hcmVhX2NhbGN1bGF0b3IuUGFyYWxsZWxvZ3JhbUgAUg1wYXJhbGxlbG9ncmFtQgcKBXNoYXBlIikKBlNxdWFyZRIfCgtlZGdlX2xlbmd0aBgBIAEoAlIKZWRnZUxlbmd0aCI5CglSZWN0YW5nbGUSFgoGbGVuZ3RoGAEgASgCUgZsZW5ndGgSFAoFd2lkdGgYAiABKAJSBXdpZHRoIiAKBkNpcmNsZRIWCgZyYWRpdXMYASABKAJSBnJhZGl1cyJPCghUcmlhbmdsZRIVCgZlZGdlX2EYASABKAJSBWVkZ2VBEhUKBmVkZ2VfYhgCIAEoAlIFZWRnZUISFQoGZWRnZV9jGAMgASgCUgVlZGdlQyJICg1QYXJhbGxlbG9ncmFtEh8KC2Jhc2VfbGVuZ3RoGAEgASgCUgpiYXNlTGVuZ3RoEhYKBmhlaWdodBgCIAEoAlIGaGVpZ2h0IkQKC0FyZWFSZXF1ZXN0EjUKBnNoYXBlcxgBIAMoCzIdLmFyZWFfY2FsY3VsYXRvci5TaGFwZU1lc3NhZ2VSBnNoYXBlcyIkCgxBcmVhUmVzcG9uc2USFAoFdmFsdWUYASADKAJSBXZhbHVlMq0BCgpDYWxjdWxhdG9yEk4KDGNhbGN1bGF0ZU9uZRIdLmFyZWFfY2FsY3VsYXRvci5TaGFwZU1lc3NhZ2UaHS5hcmVhX2NhbGN1bGF0b3IuQXJlYVJlc3BvbnNlIgASTwoOY2FsY3VsYXRlTXVsdGkSHC5hcmVhX2NhbGN1bGF0b3IuQXJlYVJlcXVlc3QaHS5hcmVhX2NhbGN1bGF0b3IuQXJlYVJlc3BvbnNlIgBCHFoXaW8ucGFjdC9hcmVhX2NhbGN1bGF0b3LQAgFiBnByb3RvMw=="), "protoFile": String("syntax = \"proto3\";\n\npackage area_calculator;\n\noption php_generic_services = true;\noption go_package = \"io.pact/area_calculator\";\n\nservice Calculator {\n  rpc calculateOne (ShapeMessage) returns (AreaResponse) {}\n  rpc calculateMulti (AreaRequest) returns (AreaResponse) {}\n}\n\nmessage ShapeMessage {\n  oneof shape {\n    Square square = 1;\n    Rectangle rectangle = 2;\n    Circle circle = 3;\n    Triangle triangle = 4;\n    Parallelogram parallelogram = 5;\n  }\n}\n\nmessage Square {\n  float edge_length = 1;\n}\n\nmessage Rectangle {\n  float length = 1;\n  float width = 2;\n}\n\nmessage Circle {\n  float radius = 1;\n}\n\nmessage Triangle {\n  float edge_a = 1;\n  float edge_b = 2;\n  float edge_c = 3;\n}\n\nmessage Parallelogram {\n  float base_length = 1;\n  float height = 2;\n}\n\nmessage AreaRequest {\n  repeated ShapeMessage shapes = 1;\n}\n\nmessage AreaResponse {\n  repeated float value = 1;\n}\n")})} }, descriptors: {"a85dff8f82655a9681aad113575dcfbb": FileDescriptorSet { file: [FileDescriptorProto { name: Some("area_calculator.proto"), package: Some("area_calculator"), dependency: [], public_dependency: [], weak_dependency: [], message_type: [DescriptorProto { name: Some("ShapeMessage"), field: [FieldDescriptorProto { name: Some("square"), number: Some(1), label: Some(Optional), r#type: Some(Message), type_name: Some(".area_calculator.Square"), extendee: None, default_value: None, oneof_index: Some(0), json_name: Some("square"), options: None, proto3_optional: None }, FieldDescriptorProto { name: Some("rectangle"), number: Some(2), label: Some(Optional), r#type: Some(Message), type_name: Some(".area_calculator.Rectangle"), extendee: None, default_value: None, oneof_index: Some(0), json_name: Some("rectangle"), options: None, proto3_optional: None }, FieldDescriptorProto { name: Some("circle"), number: Some(3), label: Some(Optional), r#type: Some(Message), type_name: Some(".area_calculator.Circle"), extendee: None, default_value: None, oneof_index: Some(0), json_name: Some("circle"), options: None, proto3_optional: None }, FieldDescriptorProto { name: Some("triangle"), number: Some(4), label: Some(Optional), r#type: Some(Message), type_name: Some(".area_calculator.Triangle"), extendee: None, default_value: None, oneof_index: Some(0), json_name: Some("triangle"), options: None, proto3_optional: None }, FieldDescriptorProto { name: Some("parallelogram"), number: Some(5), label: Some(Optional), r#type: Some(Message), type_name: Some(".area_calculator.Parallelogram"), extendee: None, default_value: None, oneof_index: Some(0), json_name: Some("parallelogram"), options: None, proto3_optional: None }], extension: [], nested_type: [], enum_type: [], extension_range: [], oneof_decl: [OneofDescriptorProto { name: Some("shape"), options: None }], options: None, reserved_range: [], reserved_name: [] }, DescriptorProto { name: Some("Square"), field: [FieldDescriptorProto { name: Some("edge_length"), number: Some(1), label: Some(Optional), r#type: Some(Float), type_name: None, extendee: None, default_value: None, oneof_index: None, json_name: Some("edgeLength"), options: None, proto3_optional: None }], extension: [], nested_type: [], enum_type: [], extension_range: [], oneof_decl: [], options: None, reserved_range: [], reserved_name: [] }, DescriptorProto { name: Some("Rectangle"), field: [FieldDescriptorProto { name: Some("length"), number: Some(1), label: Some(Optional), r#type: Some(Float), type_name: None, extendee: None, default_value: None, oneof_index: None, json_name: Some("length"), options: None, proto3_optional: None }, FieldDescriptorProto { name: Some("width"), number: Some(2), label: Some(Optional), r#type: Some(Float), type_name: None, extendee: None, default_value: None, oneof_index: None, json_name: Some("width"), options: None, proto3_optional: None }], extension: [], nested_type: [], enum_type: [], extension_range: [], oneof_decl: [], options: None, reserved_range: [], reserved_name: [] }, DescriptorProto { name: Some("Circle"), field: [FieldDescriptorProto { name: Some("radius"), number: Some(1), label: Some(Optional), r#type: Some(Float), type_name: None, extendee: None, default_value: None, oneof_index: None, json_name: Some("radius"), options: None, proto3_optional: None }], extension: [], nested_type: [], enum_type: [], extension_range: [], oneof_decl: [], options: None, reserved_range: [], reserved_name: [] }, DescriptorProto { name: Some("Triangle"), field: [FieldDescriptorProto { name: Some("edge_a"), number: Some(1), label: Some(Optional), r#type: Some(Float), type_name: None, extendee: None, default_value: None, oneof_index: None, json_name: Some("edgeA"), options: None, proto3_optional: None }, FieldDescriptorProto { name: Some("edge_b"), number: Some(2), label: Some(Optional), r#type: Some(Float), type_name: None, extendee: None, default_value: None, oneof_index: None, json_name: Some("edgeB"), options: None, proto3_optional: None }, FieldDescriptorProto { name: Some("edge_c"), number: Some(3), label: Some(Optional), r#type: Some(Float), type_name: None, extendee: None, default_value: None, oneof_index: None, json_name: Some("edgeC"), options: None, proto3_optional: None }], extension: [], nested_type: [], enum_type: [], extension_range: [], oneof_decl: [], options: None, reserved_range: [], reserved_name: [] }, DescriptorProto { name: Some("Parallelogram"), field: [FieldDescriptorProto { name: Some("base_length"), number: Some(1), label: Some(Optional), r#type: Some(Float), type_name: None, extendee: None, default_value: None, oneof_index: None, json_name: Some("baseLength"), options: None, proto3_optional: None }, FieldDescriptorProto { name: Some("height"), number: Some(2), label: Some(Optional), r#type: Some(Float), type_name: None, extendee: None, default_value: None, oneof_index: None, json_name: Some("height"), options: None, proto3_optional: None }], extension: [], nested_type: [], enum_type: [], extension_range: [], oneof_decl: [], options: None, reserved_range: [], reserved_name: [] }, DescriptorProto { name: Some("AreaRequest"), field: [FieldDescriptorProto { name: Some("shapes"), number: Some(1), label: Some(Repeated), r#type: Some(Message), type_name: Some(".area_calculator.ShapeMessage"), extendee: None, default_value: None, oneof_index: None, json_name: Some("shapes"), options: None, proto3_optional: None }], extension: [], nested_type: [], enum_type: [], extension_range: [], oneof_decl: [], options: None, reserved_range: [], reserved_name: [] }, DescriptorProto { name: Some("AreaResponse"), field: [FieldDescriptorProto { name: Some("value"), number: Some(1), label: Some(Repeated), r#type: Some(Float), type_name: None, extendee: None, default_value: None, oneof_index: None, json_name: Some("value"), options: None, proto3_optional: None }], extension: [], nested_type: [], enum_type: [], extension_range: [], oneof_decl: [], options: None, reserved_range: [], reserved_name: [] }], enum_type: [], service: [ServiceDescriptorProto { name: Some("Calculator"), method: [MethodDescriptorProto { name: Some("calculateOne"), input_type: Some(".area_calculator.ShapeMessage"), output_type: Some(".area_calculator.AreaResponse"), options: Some(MethodOptions { deprecated: None, idempotency_level: None, uninterpreted_option: [] }), client_streaming: None, server_streaming: None }, MethodDescriptorProto { name: Some("calculateMulti"), input_type: Some(".area_calculator.AreaRequest"), output_type: Some(".area_calculator.AreaResponse"), options: Some(MethodOptions { deprecated: None, idempotency_level: None, uninterpreted_option: [] }), client_streaming: None, server_streaming: None }], options: None }], extension: [], options: Some(FileOptions { java_package: None, java_outer_classname: None, java_multiple_files: None, java_generate_equals_and_hash: None, java_string_check_utf8: None, optimize_for: None, go_package: Some("io.pact/area_calculator"), cc_generic_services: None, java_generic_services: None, py_generic_services: None, php_generic_services: Some(true), deprecated: None, cc_enable_arenas: None, objc_class_prefix: None, csharp_namespace: None, swift_prefix: None, php_class_prefix: None, php_namespace: None, php_metadata_namespace: None, ruby_package: None, uninterpreted_option: [] }), source_code_info: None, syntax: Some("proto3") }] }}, routes: {"Calculator/calculateOne": (FileDescriptorSet { file: [FileDescriptorProto { name: Some("area_calculator.proto"), package: Some("area_calculator"), dependency: [], public_dependency: [], weak_dependency: [], message_type: [DescriptorProto { name: Some("ShapeMessage"), field: [FieldDescriptorProto { name: Some("square"), number: Some(1), label: Some(Optional), r#type: Some(Message), type_name: Some(".area_calculator.Square"), extendee: None, default_value: None, oneof_index: Some(0), json_name: Some("square"), options: None, proto3_optional: None }, FieldDescriptorProto { name: Some("rectangle"), number: Some(2), label: Some(Optional), r#type: Some(Message), type_name: Some(".area_calculator.Rectangle"), extendee: None, default_value: None, oneof_index: Some(0), json_name: Some("rectangle"), options: None, proto3_optional: None }, FieldDescriptorProto { name: Some("circle"), number: Some(3), label: Some(Optional), r#type: Some(Message), type_name: Some(".area_calculator.Circle"), extendee: None, default_value: None, oneof_index: Some(0), json_name: Some("circle"), options: None, proto3_optional: None }, FieldDescriptorProto { name: Some("triangle"), number: Some(4), label: Some(Optional), r#type: Some(Message), type_name: Some(".area_calculator.Triangle"), extendee: None, default_value: None, oneof_index: Some(0), json_name: Some("triangle"), options: None, proto3_optional: None }, FieldDescriptorProto { name: Some("parallelogram"), number: Some(5), label: Some(Optional), r#type: Some(Message), type_name: Some(".area_calculator.Parallelogram"), extendee: None, default_value: None, oneof_index: Some(0), json_name: Some("parallelogram"), options: None, proto3_optional: None }], extension: [], nested_type: [], enum_type: [], extension_range: [], oneof_decl: [OneofDescriptorProto { name: Some("shape"), options: None }], options: None, reserved_range: [], reserved_name: [] }, DescriptorProto { name: Some("Square"), field: [FieldDescriptorProto { name: Some("edge_length"), number: Some(1), label: Some(Optional), r#type: Some(Float), type_name: None, extendee: None, default_value: None, oneof_index: None, json_name: Some("edgeLength"), options: None, proto3_optional: None }], extension: [], nested_type: [], enum_type: [], extension_range: [], oneof_decl: [], options: None, reserved_range: [], reserved_name: [] }, DescriptorProto { name: Some("Rectangle"), field: [FieldDescriptorProto { name: Some("length"), number: Some(1), label: Some(Optional), r#type: Some(Float), type_name: None, extendee: None, default_value: None, oneof_index: None, json_name: Some("length"), options: None, proto3_optional: None }, FieldDescriptorProto { name: Some("width"), number: Some(2), label: Some(Optional), r#type: Some(Float), type_name: None, extendee: None, default_value: None, oneof_index: None, json_name: Some("width"), options: None, proto3_optional: None }], extension: [], nested_type: [], enum_type: [], extension_range: [], oneof_decl: [], options: None, reserved_range: [], reserved_name: [] }, DescriptorProto { name: Some("Circle"), field: [FieldDescriptorProto { name: Some("radius"), number: Some(1), label: Some(Optional), r#type: Some(Float), type_name: None, extendee: None, default_value: None, oneof_index: None, json_name: Some("radius"), options: None, proto3_optional: None }], extension: [], nested_type: [], enum_type: [], extension_range: [], oneof_decl: [], options: None, reserved_range: [], reserved_name: [] }, DescriptorProto { name: Some("Triangle"), field: [FieldDescriptorProto { name: Some("edge_a"), number: Some(1), label: Some(Optional), r#type: Some(Float), type_name: None, extendee: None, default_value: None, oneof_index: None, json_name: Some("edgeA"), options: None, proto3_optional: None }, FieldDescriptorProto { name: Some("edge_b"), number: Some(2), label: Some(Optional), r#type: Some(Float), type_name: None, extendee: None, default_value: None, oneof_index: None, json_name: Some("edgeB"), options: None, proto3_optional: None }, FieldDescriptorProto { name: Some("edge_c"), number: Some(3), label: Some(Optional), r#type: Some(Float), type_name: None, extendee: None, default_value: None, oneof_index: None, json_name: Some("edgeC"), options: None, proto3_optional: None }], extension: [], nested_type: [], enum_type: [], extension_range: [], oneof_decl: [], options: None, reserved_range: [], reserved_name: [] }, DescriptorProto { name: Some("Parallelogram"), field: [FieldDescriptorProto { name: Some("base_length"), number: Some(1), label: Some(Optional), r#type: Some(Float), type_name: None, extendee: None, default_value: None, oneof_index: None, json_name: Some("baseLength"), options: None, proto3_optional: None }, FieldDescriptorProto { name: Some("height"), number: Some(2), label: Some(Optional), r#type: Some(Float), type_name: None, extendee: None, default_value: None, oneof_index: None, json_name: Some("height"), options: None, proto3_optional: None }], extension: [], nested_type: [], enum_type: [], extension_range: [], oneof_decl: [], options: None, reserved_range: [], reserved_name: [] }, DescriptorProto { name: Some("AreaRequest"), field: [FieldDescriptorProto { name: Some("shapes"), number: Some(1), label: Some(Repeated), r#type: Some(Message), type_name: Some(".area_calculator.ShapeMessage"), extendee: None, default_value: None, oneof_index: None, json_name: Some("shapes"), options: None, proto3_optional: None }], extension: [], nested_type: [], enum_type: [], extension_range: [], oneof_decl: [], options: None, reserved_range: [], reserved_name: [] }, DescriptorProto { name: Some("AreaResponse"), field: [FieldDescriptorProto { name: Some("value"), number: Some(1), label: Some(Repeated), r#type: Some(Float), type_name: None, extendee: None, default_value: None, oneof_index: None, json_name: Some("value"), options: None, proto3_optional: None }], extension: [], nested_type: [], enum_type: [], extension_range: [], oneof_decl: [], options: None, reserved_range: [], reserved_name: [] }], enum_type: [], service: [ServiceDescriptorProto { name: Some("Calculator"), method: [MethodDescriptorProto { name: Some("calculateOne"), input_type: Some(".area_calculator.ShapeMessage"), output_type: Some(".area_calculator.AreaResponse"), options: Some(MethodOptions { deprecated: None, idempotency_level: None, uninterpreted_option: [] }), client_streaming: None, server_streaming: None }, MethodDescriptorProto { name: Some("calculateMulti"), input_type: Some(".area_calculator.AreaRequest"), output_type: Some(".area_calculator.AreaResponse"), options: Some(MethodOptions { deprecated: None, idempotency_level: None, uninterpreted_option: [] }), client_streaming: None, server_streaming: None }], options: None }], extension: [], options: Some(FileOptions { java_package: None, java_outer_classname: None, java_multiple_files: None, java_generate_equals_and_hash: None, java_string_check_utf8: None, optimize_for: None, go_package: Some("io.pact/area_calculator"), cc_generic_services: None, java_generic_services: None, py_generic_services: None, php_generic_services: Some(true), deprecated: None, cc_enable_arenas: None, objc_class_prefix: None, csharp_namespace: None, swift_prefix: None, php_class_prefix: None, php_namespace: None, php_metadata_namespace: None, ruby_package: None, uninterpreted_option: [] }), source_code_info: None, syntax: Some("proto3") }] }, MethodDescriptorProto { name: Some("calculateOne"), input_type: Some(".area_calculator.ShapeMessage"), output_type: Some(".area_calculator.AreaResponse"), options: Some(MethodOptions { deprecated: None, idempotency_level: None, uninterpreted_option: [] }), client_streaming: None, server_streaming: None }, SynchronousMessage { id: None, key: Some("c7fbe3ee"), description: "calculate rectangle area request", provider_states: [], comments: {"testname": String("io.pact.example.grpc.consumer.PactConsumerTest.calculateRectangleArea(MockServer, SynchronousMessages)")}, request: MessageContents { contents: Present(b"\x12\n\r\0\0@@\x15\0\0\x80@", Some(ContentType { main_type: "application", sub_type: "protobuf", attributes: {"message": "ShapeMessage"}, suffix: None }), Some(BINARY)), metadata: {}, matching_rules: MatchingRules { rules: {BODY: MatchingRuleCategory { name: BODY, rules: {DocPath { path_tokens: [Root, Field("rectangle"), Field("length")], expr: "$.rectangle.length" }: RuleList { rules: [Number], rule_logic: And, cascaded: false }, DocPath { path_tokens: [Root, Field("rectangle"), Field("width")], expr: "$.rectangle.width" }: RuleList { rules: [Number], rule_logic: And, cascaded: false }} }} }, generators: Generators { categories: {} } }, response: [MessageContents { contents: Present(b"\r\0\0@A", Some(ContentType { main_type: "application", sub_type: "protobuf", attributes: {"message": "AreaResponse"}, suffix: None }), Some(BINARY)), metadata: {}, matching_rules: MatchingRules { rules: {BODY: MatchingRuleCategory { name: BODY, rules: {DocPath { path_tokens: [Root, Field("value")], expr: "$.value" }: RuleList { rules: [Number], rule_logic: And, cascaded: false }} }} }, generators: Generators { categories: {} } }], pending: false, plugin_config: {"protobuf": {"service": String("Calculator/calculateOne"), "descriptorKey": String("a85dff8f82655a9681aad113575dcfbb")}}, interaction_markup: InteractionMarkup { markup: "```protobuf\nmessage ShapeMessage {\n    message .area_calculator.Rectangle rectangle = 2;\n}\n```\n\n```protobuf\nmessage AreaResponse {\n    float value = 1;\n}\n```\n", markup_type: "COMMON_MARK" }, transport: None })}, server_key: "5cae5f82-fec2-43c6-9739-60d0383d84ec" } ?[3mreq?[0m?[2m=?[0mRequest { method: POST, uri: http://127.0.0.1:53791/area_calculator.Calculator/calculateOne, version: HTTP/2.0, headers: {"content-type": "application/grpc", "te": "trailers", "user-agent": "grpc-java-netty/1.49.0", "grpc-accept-encoding": "gzip"}, body: Body(Streaming) }?[1m}?[0m?[2m:?[0m?[1mmock_server_handler?[0m?[1m{?[0m?[3mkey?[0m?[2m=?[0m"5cae5f82-fec2-43c6-9739-60d0383d84ec"?[1m}?[0m?[2m:?[0m?[1mhandle_message?[0m?[1m{?[0m?[3mself?[0m?[2m=?[0mMockService { file_descriptor_set: FileDescriptorSet { file: [FileDescriptorProto { name: Some("area_calculator.proto"), package: Some("area_calculator"), dependency: [], public_dependency: [], weak_dependency: [], message_type: [DescriptorProto { name: Some("ShapeMessage"), field: [FieldDescriptorProto { name: Some("square"), number: Some(1), label: Some(Optional), r#type: Some(Message), type_name: Some(".area_calculator.Square"), extendee: None, default_value: None, oneof_index: Some(0), json_name: Some("square"), options: None, proto3_optional: None }, FieldDescriptorProto { name: Some("rectangle"), number: Some(2), label: Some(Optional), r#type: Some(Message), type_name: Some(".area_calculator.Rectangle"), extendee: None, default_value: None, oneof_index: Some(0), json_name: Some("rectangle"), options: None, proto3_optional: None }, FieldDescriptorProto { name: Some("circle"), number: Some(3), label: Some(Optional), r#type: Some(Message), type_name: Some(".area_calculator.Circle"), extendee: None, default_value: None, oneof_index: Some(0), json_name: Some("circle"), options: None, proto3_optional: None }, FieldDescriptorProto { name: Some("triangle"), number: Some(4), label: Some(Optional), r#type: Some(Message), type_name: Some(".area_calculator.Triangle"), extendee: None, default_value: None, oneof_index: Some(0), json_name: Some("triangle"), options: None, proto3_optional: None }, FieldDescriptorProto { name: Some("parallelogram"), number: Some(5), label: Some(Optional), r#type: Some(Message), type_name: Some(".area_calculator.Parallelogram"), extendee: None, default_value: None, oneof_index: Some(0), json_name: Some("parallelogram"), options: None, proto3_optional: None }], extension: [], nested_type: [], enum_type: [], extension_range: [], oneof_decl: [OneofDescriptorProto { name: Some("shape"), options: None }], options: None, reserved_range: [], reserved_name: [] }, DescriptorProto { name: Some("Square"), field: [FieldDescriptorProto { name: Some("edge_length"), number: Some(1), label: Some(Optional), r#type: Some(Float), type_name: None, extendee: None, default_value: None, oneof_index: None, json_name: Some("edgeLength"), options: None, proto3_optional: None }], extension: [], nested_type: [], enum_type: [], extension_range: [], oneof_decl: [], options: None, reserved_range: [], reserved_name: [] }, DescriptorProto { name: Some("Rectangle"), field: [FieldDescriptorProto { name: Some("length"), number: Some(1), label: Some(Optional), r#type: Some(Float), type_name: None, extendee: None, default_value: None, oneof_index: None, json_name: Some("length"), options: None, proto3_optional: None }, FieldDescriptorProto { name: Some("width"), number: Some(2), label: Some(Optional), r#type: Some(Float), type_name: None, extendee: None, default_value: None, oneof_index: None, json_name: Some("width"), options: None, proto3_optional: None }], extension: [], nested_type: [], enum_type: [], extension_range: [], oneof_decl: [], options: None, reserved_range: [], reserved_name: [] }, DescriptorProto { name: Some("Circle"), field: [FieldDescriptorProto { name: Some("radius"), number: Some(1), label: Some(Optional), r#type: Some(Float), type_name: None, extendee: None, default_value: None, oneof_index: None, json_name: Some("radius"), options: None, proto3_optional: None }], extension: [], nested_type: [], enum_type: [], extension_range: [], oneof_decl: [], options: None, reserved_range: [], reserved_name: [] }, DescriptorProto { name: Some("Triangle"), field: [FieldDescriptorProto { name: Some("edge_a"), number: Some(1), label: Some(Optional), r#type: Some(Float), type_name: None, extendee: None, default_value: None, oneof_index: None, json_name: Some("edgeA"), options: None, proto3_optional: None }, FieldDescriptorProto { name: Some("edge_b"), number: Some(2), label: Some(Optional), r#type: Some(Float), type_name: None, extendee: None, default_value: None, oneof_index: None, json_name: Some("edgeB"), options: None, proto3_optional: None }, FieldDescriptorProto { name: Some("edge_c"), number: Some(3), label: Some(Optional), r#type: Some(Float), type_name: None, extendee: None, default_value: None, oneof_index: None, json_name: Some("edgeC"), options: None, proto3_optional: None }], extension: [], nested_type: [], enum_type: [], extension_range: [], oneof_decl: [], options: None, reserved_range: [], reserved_name: [] }, DescriptorProto { name: Some("Parallelogram"), field: [FieldDescriptorProto { name: Some("base_length"), number: Some(1), label: Some(Optional), r#type: Some(Float), type_name: None, extendee: None, default_value: None, oneof_index: None, json_name: Some("baseLength"), options: None, proto3_optional: None }, FieldDescriptorProto { name: Some("height"), number: Some(2), label: Some(Optional), r#type: Some(Float), type_name: None, extendee: None, default_value: None, oneof_index: None, json_name: Some("height"), options: None, proto3_optional: None }], extension: [], nested_type: [], enum_type: [], extension_range: [], oneof_decl: [], options: None, reserved_range: [], reserved_name: [] }, DescriptorProto { name: Some("AreaRequest"), field: [FieldDescriptorProto { name: Some("shapes"), number: Some(1), label: Some(Repeated), r#type: Some(Message), type_name: Some(".area_calculator.ShapeMessage"), extendee: None, default_value: None, oneof_index: None, json_name: Some("shapes"), options: None, proto3_optional: None }], extension: [], nested_type: [], enum_type: [], extension_range: [], oneof_decl: [], options: None, reserved_range: [], reserved_name: [] }, DescriptorProto { name: Some("AreaResponse"), field: [FieldDescriptorProto { name: Some("value"), number: Some(1), label: Some(Repeated), r#type: Some(Float), type_name: None, extendee: None, default_value: None, oneof_index: None, json_name: Some("value"), options: None, proto3_optional: None }], extension: [], nested_type: [], enum_type: [], extension_range: [], oneof_decl: [], options: None, reserved_range: [], reserved_name: [] }], enum_type: [], service: [ServiceDescriptorProto { name: Some("Calculator"), method: [MethodDescriptorProto { name: Some("calculateOne"), input_type: Some(".area_calculator.ShapeMessage"), output_type: Some(".area_calculator.AreaResponse"), options: Some(MethodOptions { deprecated: None, idempotency_level: None, uninterpreted_option: [] }), client_streaming: None, server_streaming: None }, MethodDescriptorProto { name: Some("calculateMulti"), input_type: Some(".area_calculator.AreaRequest"), output_type: Some(".area_calculator.AreaResponse"), options: Some(MethodOptions { deprecated: None, idempotency_level: None, uninterpreted_option: [] }), client_streaming: None, server_streaming: None }], options: None }], extension: [], options: Some(FileOptions { java_package: None, java_outer_classname: None, java_multiple_files: None, java_generate_equals_and_hash: None, java_string_check_utf8: None, optimize_for: None, go_package: Some("io.pact/area_calculator"), cc_generic_services: None, java_generic_services: None, py_generic_services: None, php_generic_services: Some(true), deprecated: None, cc_enable_arenas: None, objc_class_prefix: None, csharp_namespace: None, swift_prefix: None, php_class_prefix: None, php_namespace: None, php_metadata_namespace: None, ruby_package: None, uninterpreted_option: [] }), source_code_info: None, syntax: Some("proto3") }] }, service_name: "Calculator", message: SynchronousMessage { id: None, key: Some("c7fbe3ee"), description: "calculate rectangle area request", provider_states: [], comments: {"testname": String("io.pact.example.grpc.consumer.PactConsumerTest.calculateRectangleArea(MockServer, SynchronousMessages)")}, request: MessageContents { contents: Present(b"\x12\n\r\0\0@@\x15\0\0\x80@", Some(ContentType { main_type: "application", sub_type: "protobuf", attributes: {"message": "ShapeMessage"}, suffix: None }), Some(BINARY)), metadata: {}, matching_rules: MatchingRules { rules: {BODY: MatchingRuleCategory { name: BODY, rules: {DocPath { path_tokens: [Root, Field("rectangle"), Field("length")], expr: "$.rectangle.length" }: RuleList { rules: [Number], rule_logic: And, cascaded: false }, DocPath { path_tokens: [Root, Field("rectangle"), Field("width")], expr: "$.rectangle.width" }: RuleList { rules: [Number], rule_logic: And, cascaded: false }} }} }, generators: Generators { categories: {} } }, response: [MessageContents { contents: Present(b"\r\0\0@A", Some(ContentType { main_type: "application", sub_type: "protobuf", attributes: {"message": "AreaResponse"}, suffix: None }), Some(BINARY)), metadata: {}, matching_rules: MatchingRules { rules: {BODY: MatchingRuleCategory { name: BODY, rules: {DocPath { path_tokens: [Root, Field("value")], expr: "$.value" }: RuleList { rules: [Number], rule_logic: And, cascaded: false }} }} }, generators: Generators { categories: {} } }], pending: false, plugin_config: {"protobuf": {"service": String("Calculator/calculateOne"), "descriptorKey": String("a85dff8f82655a9681aad113575dcfbb")}}, interaction_markup: InteractionMarkup { markup: "```protobuf\nmessage ShapeMessage {\n    message .area_calculator.Rectangle rectangle = 2;\n}\n```\n\n```protobuf\nmessage AreaResponse {\n    float value = 1;\n}\n```\n", markup_type: "COMMON_MARK" }, transport: None }, method_descriptor: MethodDescriptorProto { name: Some("calculateOne"), input_type: Some(".area_calculator.ShapeMessage"), output_type: Some(".area_calculator.AreaResponse"), options: Some(MethodOptions { deprecated: None, idempotency_level: None, uninterpreted_option: [] }), client_streaming: None, server_streaming: None }, input_message: DescriptorProto { name: Some("ShapeMessage"), field: [FieldDescriptorProto { name: Some("square"), number: Some(1), label: Some(Optional), r#type: Some(Message), type_name: Some(".area_calculator.Square"), extendee: None, default_value: None, oneof_index: Some(0), json_name: Some("square"), options: None, proto3_optional: None }, FieldDescriptorProto { name: Some("rectangle"), number: Some(2), label: Some(Optional), r#type: Some(Message), type_name: Some(".area_calculator.Rectangle"), extendee: None, default_value: None, oneof_index: Some(0), json_name: Some("rectangle"), options: None, proto3_optional: None }, FieldDescriptorProto { name: Some("circle"), number: Some(3), label: Some(Optional), r#type: Some(Message), type_name: Some(".area_calculator.Circle"), extendee: None, default_value: None, oneof_index: Some(0), json_name: Some("circle"), options: None, proto3_optional: None }, FieldDescriptorProto { name: Some("triangle"), number: Some(4), label: Some(Optional), r#type: Some(Message), type_name: Some(".area_calculator.Triangle"), extendee: None, default_value: None, oneof_index: Some(0), json_name: Some("triangle"), options: None, proto3_optional: None }, FieldDescriptorProto { name: Some("parallelogram"), number: Some(5), label: Some(Optional), r#type: Some(Message), type_name: Some(".area_calculator.Parallelogram"), extendee: None, default_value: None, oneof_index: Some(0), json_name: Some("parallelogram"), options: None, proto3_optional: None }], extension: [], nested_type: [], enum_type: [], extension_range: [], oneof_decl: [OneofDescriptorProto { name: Some("shape"), options: None }], options: None, reserved_range: [], reserved_name: [] }, output_message: DescriptorProto { name: Some("AreaResponse"), field: [FieldDescriptorProto { name: Some("value"), number: Some(1), label: Some(Repeated), r#type: Some(Float), type_name: None, extendee: None, default_value: None, oneof_index: None, json_name: Some("value"), options: None, proto3_optional: None }], extension: [], nested_type: [], enum_type: [], extension_range: [], oneof_decl: [], options: None, reserved_range: [], reserved_name: [] }, server_key: "5cae5f82-fec2-43c6-9739-60d0383d84ec" } ?[3mrequest?[0m?[2m=?[0mDynamicMessage { descriptor: DescriptorProto { name: Some("ShapeMessage"), field: [FieldDescriptorProto { name: Some("square"), number: Some(1), label: Some(Optional), r#type: Some(Message), type_name: Some(".area_calculator.Square"), extendee: None, default_value: None, oneof_index: Some(0), json_name: Some("square"), options: None, proto3_optional: None }, FieldDescriptorProto { name: Some("rectangle"), number: Some(2), label: Some(Optional), r#type: Some(Message), type_name: Some(".area_calculator.Rectangle"), extendee: None, default_value: None, oneof_index: Some(0), json_name: Some("rectangle"), options: None, proto3_optional: None }, FieldDescriptorProto { name: Some("circle"), number: Some(3), label: Some(Optional), r#type: Some(Message), type_name: Some(".area_calculator.Circle"), extendee: None, default_value: None, oneof_index: Some(0), json_name: Some("circle"), options: None, proto3_optional: None }, FieldDescriptorProto { name: Some("triangle"), number: Some(4), label: Some(Optional), r#type: Some(Message), type_name: Some(".area_calculator.Triangle"), extendee: None, default_value: None, oneof_index: Some(0), json_name: Some("triangle"), options: None, proto3_optional: None }, FieldDescriptorProto { name: Some("parallelogram"), number: Some(5), label: Some(Optional), r#type: Some(Message), type_name: Some(".area_calculator.Parallelogram"), extendee: None, default_value: None, oneof_index: Some(0), json_name: Some("parallelogram"), options: None, proto3_optional: None }], extension: [], nested_type: [], enum_type: [], extension_range: [], oneof_decl: [OneofDescriptorProto { name: Some("shape"), options: None }], options: None, reserved_range: [], reserved_name: [] }, fields: [ProtobufField { field_num: 2, wire_type: LengthDelimited, data: Message([13, 0, 0, 64, 64, 21, 0, 0, 128, 64], DescriptorProto { name: Some("Rectangle"), field: [FieldDescriptorProto { name: Some("length"), number: Some(1), label: Some(Optional), r#type: Some(Float), type_name: None, extendee: None, default_value: None, oneof_index: None, json_name: Some("length"), options: None, proto3_optional: None }, FieldDescriptorProto { name: Some("width"), number: Some(2), label: Some(Optional), r#type: Some(Float), type_name: None, extendee: None, default_value: None, oneof_index: None, json_name: Some("width"), options: None, proto3_optional: None }], extension: [], nested_type: [], enum_type: [], extension_range: [], oneof_decl: [], options: None, reserved_range: [], reserved_name: [] }) }] } ?[3mmessage_descriptor?[0m?[2m=?[0mDescriptorProto { name: Some("ShapeMessage"), field: [FieldDescriptorProto { name: Some("square"), number: Some(1), label: Some(Optional), r#type: Some(Message), type_name: Some(".area_calculator.Square"), extendee: None, default_value: None, oneof_index: Some(0), json_name: Some("square"), options: None, proto3_optional: None }, FieldDescriptorProto { name: Some("rectangle"), number: Some(2), label: Some(Optional), r#type: Some(Message), type_name: Some(".area_calculator.Rectangle"), extendee: None, default_value: None, oneof_index: Some(0), json_name: Some("rectangle"), options: None, proto3_optional: None }, FieldDescriptorProto { name: Some("circle"), number: Some(3), label: Some(Optional), r#type: Some(Message), type_name: Some(".area_calculator.Circle"), extendee: None, default_value: None, oneof_index: Some(0), json_name: Some("circle"), options: None, proto3_optional: None }, FieldDescriptorProto { name: Some("triangle"), number: Some(4), label: Some(Optional), r#type: Some(Message), type_name: Some(".area_calculator.Triangle"), extendee: None, default_value: None, oneof_index: Some(0), json_name: Some("triangle"), options: None, proto3_optional: None }, FieldDescriptorProto { name: Some("parallelogram"), number: Some(5), label: Some(Optional), r#type: Some(Message), type_name: Some(".area_calculator.Parallelogram"), extendee: None, default_value: None, oneof_index: Some(0), json_name: Some("parallelogram"), options: None, proto3_optional: None }], extension: [], nested_type: [], enum_type: [], extension_range: [], oneof_decl: [OneofDescriptorProto { name: Some("shape"), options: None }], options: None, reserved_range: [], reserved_name: [] } ?[3mresponse_descriptor?[0m?[2m=?[0mDescriptorProto { name: Some("AreaResponse"), field: [FieldDescriptorProto { name: Some("value"), number: Some(1), label: Some(Repeated), r#type: Some(Float), type_name: None, extendee: None, default_value: None, oneof_index: None, json_name: Some("value"), options: None, proto3_optional: None }], extension: [], nested_type: [], enum_type: [], extension_range: [], oneof_decl: [], options: None, reserved_range: [], reserved_name: [] }?[1m}?[0m?[2m:?[0m ?[2mpact_protobuf_plugin::message_decoder?[0m?[2m:?[0m field_num=2, wire_type=LengthDelimited, bytes remaining = 11
15:05:16.523 [Thread-5] DEBUG i.pact.plugins.jvm.core.ChildProcess - Plugin protobuf [46038] || ?[2m2023-03-27T09:35:16.522470Z?[0m ?[35mTRACE?[0m tokio-runtime-worker ?[1mrequest?[0m?[1m{?[0m?[3mmethod?[0m?[2m=?[0mPOST ?[3muri?[0m?[2m=?[0mhttp://127.0.0.1:53791/area_calculator.Calculator/calculateOne ?[3mversion?[0m?[2m=?[0mHTTP/2.0?[1m}?[0m?[2m:?[0m?[1mcall?[0m?[1m{?[0m?[3mself?[0m?[2m=?[0mGrpcMockServer { pact: V4Pact { consumer: Consumer { name: "grpc-consumer-jvm" }, provider: Provider { name: "area-calculator-provider" }, interactions: [SynchronousMessage { id: None, key: Some("c7fbe3ee"), description: "calculate rectangle area request", provider_states: [], comments: {"testname": String("io.pact.example.grpc.consumer.PactConsumerTest.calculateRectangleArea(MockServer, SynchronousMessages)")}, request: MessageContents { contents: Present(b"\x12\n\r\0\0@@\x15\0\0\x80@", Some(ContentType { main_type: "application", sub_type: "protobuf", attributes: {"message": "ShapeMessage"}, suffix: None }), Some(BINARY)), metadata: {}, matching_rules: MatchingRules { rules: {BODY: MatchingRuleCategory { name: BODY, rules: {DocPath { path_tokens: [Root, Field("rectangle"), Field("length")], expr: "$.rectangle.length" }: RuleList { rules: [Number], rule_logic: And, cascaded: false }, DocPath { path_tokens: [Root, Field("rectangle"), Field("width")], expr: "$.rectangle.width" }: RuleList { rules: [Number], rule_logic: And, cascaded: false }} }} }, generators: Generators { categories: {} } }, response: [MessageContents { contents: Present(b"\r\0\0@A", Some(ContentType { main_type: "application", sub_type: "protobuf", attributes: {"message": "AreaResponse"}, suffix: None }), Some(BINARY)), metadata: {}, matching_rules: MatchingRules { rules: {BODY: MatchingRuleCategory { name: BODY, rules: {DocPath { path_tokens: [Root, Field("value")], expr: "$.value" }: RuleList { rules: [Number], rule_logic: And, cascaded: false }} }} }, generators: Generators { categories: {} } }], pending: false, plugin_config: {"protobuf": {"service": String("Calculator/calculateOne"), "descriptorKey": String("a85dff8f82655a9681aad113575dcfbb")}}, interaction_markup: InteractionMarkup { markup: "```protobuf\nmessage ShapeMessage {\n    message .area_calculator.Rectangle rectangle = 2;\n}\n```\n\n```protobuf\nmessage AreaResponse {\n    float value = 1;\n}\n```\n", markup_type: "COMMON_MARK" }, transport: None }], metadata: {"pact-jvm": Object({"version": String("4.4.2")}), "pactSpecification": Object({"version": String("4.0")})}, plugin_data: [PluginData { name: "protobuf", version: "0.1.5", configuration: {"a85dff8f82655a9681aad113575dcfbb": Object({"protoDescriptors": String("CsoHChVhcmVhX2NhbGN1bGF0b3IucHJvdG8SD2FyZWFfY2FsY3VsYXRvciK6AgoMU2hhcGVNZXNzYWdlEjEKBnNxdWFyZRgBIAEoCzIXLmFyZWFfY2FsY3VsYXRvci5TcXVhcmVIAFIGc3F1YXJlEjoKCXJlY3RhbmdsZRgCIAEoCzIaLmFyZWFfY2FsY3VsYXRvci5SZWN0YW5nbGVIAFIJcmVjdGFuZ2xlEjEKBmNpcmNsZRgDIAEoCzIXLmFyZWFfY2FsY3VsYXRvci5DaXJjbGVIAFIGY2lyY2xlEjcKCHRyaWFuZ2xlGAQgASgLMhkuYXJlYV9jYWxjdWxhdG9yLlRyaWFuZ2xlSABSCHRyaWFuZ2xlEkYKDXBhcmFsbGVsb2dyYW0YBSABKAsyHi5hcmVhX2NhbGN1bGF0b3IuUGFyYWxsZWxvZ3JhbUgAUg1wYXJhbGxlbG9ncmFtQgcKBXNoYXBlIikKBlNxdWFyZRIfCgtlZGdlX2xlbmd0aBgBIAEoAlIKZWRnZUxlbmd0aCI5CglSZWN0YW5nbGUSFgoGbGVuZ3RoGAEgASgCUgZsZW5ndGgSFAoFd2lkdGgYAiABKAJSBXdpZHRoIiAKBkNpcmNsZRIWCgZyYWRpdXMYASABKAJSBnJhZGl1cyJPCghUcmlhbmdsZRIVCgZlZGdlX2EYASABKAJSBWVkZ2VBEhUKBmVkZ2VfYhgCIAEoAlIFZWRnZUISFQoGZWRnZV9jGAMgASgCUgVlZGdlQyJICg1QYXJhbGxlbG9ncmFtEh8KC2Jhc2VfbGVuZ3RoGAEgASgCUgpiYXNlTGVuZ3RoEhYKBmhlaWdodBgCIAEoAlIGaGVpZ2h0IkQKC0FyZWFSZXF1ZXN0EjUKBnNoYXBlcxgBIAMoCzIdLmFyZWFfY2FsY3VsYXRvci5TaGFwZU1lc3NhZ2VSBnNoYXBlcyIkCgxBcmVhUmVzcG9uc2USFAoFdmFsdWUYASADKAJSBXZhbHVlMq0BCgpDYWxjdWxhdG9yEk4KDGNhbGN1bGF0ZU9uZRIdLmFyZWFfY2FsY3VsYXRvci5TaGFwZU1lc3NhZ2UaHS5hcmVhX2NhbGN1bGF0b3IuQXJlYVJlc3BvbnNlIgASTwoOY2FsY3VsYXRlTXVsdGkSHC5hcmVhX2NhbGN1bGF0b3IuQXJlYVJlcXVlc3QaHS5hcmVhX2NhbGN1bGF0b3IuQXJlYVJlc3BvbnNlIgBCHFoXaW8ucGFjdC9hcmVhX2NhbGN1bGF0b3LQAgFiBnByb3RvMw=="), "protoFile": String("syntax = \"proto3\";\n\npackage area_calculator;\n\noption php_generic_services = true;\noption go_package = \"io.pact/area_calculator\";\n\nservice Calculator {\n  rpc calculateOne (ShapeMessage) returns (AreaResponse) {}\n  rpc calculateMulti (AreaRequest) returns (AreaResponse) {}\n}\n\nmessage ShapeMessage {\n  oneof shape {\n    Square square = 1;\n    Rectangle rectangle = 2;\n    Circle circle = 3;\n    Triangle triangle = 4;\n    Parallelogram parallelogram = 5;\n  }\n}\n\nmessage Square {\n  float edge_length = 1;\n}\n\nmessage Rectangle {\n  float length = 1;\n  float width = 2;\n}\n\nmessage Circle {\n  float radius = 1;\n}\n\nmessage Triangle {\n  float edge_a = 1;\n  float edge_b = 2;\n  float edge_c = 3;\n}\n\nmessage Parallelogram {\n  float base_length = 1;\n  float height = 2;\n}\n\nmessage AreaRequest {\n  repeated ShapeMessage shapes = 1;\n}\n\nmessage AreaResponse {\n  repeated float value = 1;\n}\n")})} }] }, plugin_config: PluginData { name: "protobuf", version: "0.1.5", configuration: {"a85dff8f82655a9681aad113575dcfbb": Object({"protoDescriptors": String("CsoHChVhcmVhX2NhbGN1bGF0b3IucHJvdG8SD2FyZWFfY2FsY3VsYXRvciK6AgoMU2hhcGVNZXNzYWdlEjEKBnNxdWFyZRgBIAEoCzIXLmFyZWFfY2FsY3VsYXRvci5TcXVhcmVIAFIGc3F1YXJlEjoKCXJlY3RhbmdsZRgCIAEoCzIaLmFyZWFfY2FsY3VsYXRvci5SZWN0YW5nbGVIAFIJcmVjdGFuZ2xlEjEKBmNpcmNsZRgDIAEoCzIXLmFyZWFfY2FsY3VsYXRvci5DaXJjbGVIAFIGY2lyY2xlEjcKCHRyaWFuZ2xlGAQgASgLMhkuYXJlYV9jYWxjdWxhdG9yLlRyaWFuZ2xlSABSCHRyaWFuZ2xlEkYKDXBhcmFsbGVsb2dyYW0YBSABKAsyHi5hcmVhX2NhbGN1bGF0b3IuUGFyYWxsZWxvZ3JhbUgAUg1wYXJhbGxlbG9ncmFtQgcKBXNoYXBlIikKBlNxdWFyZRIfCgtlZGdlX2xlbmd0aBgBIAEoAlIKZWRnZUxlbmd0aCI5CglSZWN0YW5nbGUSFgoGbGVuZ3RoGAEgASgCUgZsZW5ndGgSFAoFd2lkdGgYAiABKAJSBXdpZHRoIiAKBkNpcmNsZRIWCgZyYWRpdXMYASABKAJSBnJhZGl1cyJPCghUcmlhbmdsZRIVCgZlZGdlX2EYASABKAJSBWVkZ2VBEhUKBmVkZ2VfYhgCIAEoAlIFZWRnZUISFQoGZWRnZV9jGAMgASgCUgVlZGdlQyJICg1QYXJhbGxlbG9ncmFtEh8KC2Jhc2VfbGVuZ3RoGAEgASgCUgpiYXNlTGVuZ3RoEhYKBmhlaWdodBgCIAEoAlIGaGVpZ2h0IkQKC0FyZWFSZXF1ZXN0EjUKBnNoYXBlcxgBIAMoCzIdLmFyZWFfY2FsY3VsYXRvci5TaGFwZU1lc3NhZ2VSBnNoYXBlcyIkCgxBcmVhUmVzcG9uc2USFAoFdmFsdWUYASADKAJSBXZhbHVlMq0BCgpDYWxjdWxhdG9yEk4KDGNhbGN1bGF0ZU9uZRIdLmFyZWFfY2FsY3VsYXRvci5TaGFwZU1lc3NhZ2UaHS5hcmVhX2NhbGN1bGF0b3IuQXJlYVJlc3BvbnNlIgASTwoOY2FsY3VsYXRlTXVsdGkSHC5hcmVhX2NhbGN1bGF0b3IuQXJlYVJlcXVlc3QaHS5hcmVhX2NhbGN1bGF0b3IuQXJlYVJlc3BvbnNlIgBCHFoXaW8ucGFjdC9hcmVhX2NhbGN1bGF0b3LQAgFiBnByb3RvMw=="), "protoFile": String("syntax = \"proto3\";\n\npackage area_calculator;\n\noption php_generic_services = true;\noption go_package = \"io.pact/area_calculator\";\n\nservice Calculator {\n  rpc calculateOne (ShapeMessage) returns (AreaResponse) {}\n  rpc calculateMulti (AreaRequest) returns (AreaResponse) {}\n}\n\nmessage ShapeMessage {\n  oneof shape {\n    Square square = 1;\n    Rectangle rectangle = 2;\n    Circle circle = 3;\n    Triangle triangle = 4;\n    Parallelogram parallelogram = 5;\n  }\n}\n\nmessage Square {\n  float edge_length = 1;\n}\n\nmessage Rectangle {\n  float length = 1;\n  float width = 2;\n}\n\nmessage Circle {\n  float radius = 1;\n}\n\nmessage Triangle {\n  float edge_a = 1;\n  float edge_b = 2;\n  float edge_c = 3;\n}\n\nmessage Parallelogram {\n  float base_length = 1;\n  float height = 2;\n}\n\nmessage AreaRequest {\n  repeated ShapeMessage shapes = 1;\n}\n\nmessage AreaResponse {\n  repeated float value = 1;\n}\n")})} }, descriptors: {"a85dff8f82655a9681aad113575dcfbb": FileDescriptorSet { file: [FileDescriptorProto { name: Some("area_calculator.proto"), package: Some("area_calculator"), dependency: [], public_dependency: [], weak_dependency: [], message_type: [DescriptorProto { name: Some("ShapeMessage"), field: [FieldDescriptorProto { name: Some("square"), number: Some(1), label: Some(Optional), r#type: Some(Message), type_name: Some(".area_calculator.Square"), extendee: None, default_value: None, oneof_index: Some(0), json_name: Some("square"), options: None, proto3_optional: None }, FieldDescriptorProto { name: Some("rectangle"), number: Some(2), label: Some(Optional), r#type: Some(Message), type_name: Some(".area_calculator.Rectangle"), extendee: None, default_value: None, oneof_index: Some(0), json_name: Some("rectangle"), options: None, proto3_optional: None }, FieldDescriptorProto { name: Some("circle"), number: Some(3), label: Some(Optional), r#type: Some(Message), type_name: Some(".area_calculator.Circle"), extendee: None, default_value: None, oneof_index: Some(0), json_name: Some("circle"), options: None, proto3_optional: None }, FieldDescriptorProto { name: Some("triangle"), number: Some(4), label: Some(Optional), r#type: Some(Message), type_name: Some(".area_calculator.Triangle"), extendee: None, default_value: None, oneof_index: Some(0), json_name: Some("triangle"), options: None, proto3_optional: None }, FieldDescriptorProto { name: Some("parallelogram"), number: Some(5), label: Some(Optional), r#type: Some(Message), type_name: Some(".area_calculator.Parallelogram"), extendee: None, default_value: None, oneof_index: Some(0), json_name: Some("parallelogram"), options: None, proto3_optional: None }], extension: [], nested_type: [], enum_type: [], extension_range: [], oneof_decl: [OneofDescriptorProto { name: Some("shape"), options: None }], options: None, reserved_range: [], reserved_name: [] }, DescriptorProto { name: Some("Square"), field: [FieldDescriptorProto { name: Some("edge_length"), number: Some(1), label: Some(Optional), r#type: Some(Float), type_name: None, extendee: None, default_value: None, oneof_index: None, json_name: Some("edgeLength"), options: None, proto3_optional: None }], extension: [], nested_type: [], enum_type: [], extension_range: [], oneof_decl: [], options: None, reserved_range: [], reserved_name: [] }, DescriptorProto { name: Some("Rectangle"), field: [FieldDescriptorProto { name: Some("length"), number: Some(1), label: Some(Optional), r#type: Some(Float), type_name: None, extendee: None, default_value: None, oneof_index: None, json_name: Some("length"), options: None, proto3_optional: None }, FieldDescriptorProto { name: Some("width"), number: Some(2), label: Some(Optional), r#type: Some(Float), type_name: None, extendee: None, default_value: None, oneof_index: None, json_name: Some("width"), options: None, proto3_optional: None }], extension: [], nested_type: [], enum_type: [], extension_range: [], oneof_decl: [], options: None, reserved_range: [], reserved_name: [] }, DescriptorProto { name: Some("Circle"), field: [FieldDescriptorProto { name: Some("radius"), number: Some(1), label: Some(Optional), r#type: Some(Float), type_name: None, extendee: None, default_value: None, oneof_index: None, json_name: Some("radius"), options: None, proto3_optional: None }], extension: [], nested_type: [], enum_type: [], extension_range: [], oneof_decl: [], options: None, reserved_range: [], reserved_name: [] }, DescriptorProto { name: Some("Triangle"), field: [FieldDescriptorProto { name: Some("edge_a"), number: Some(1), label: Some(Optional), r#type: Some(Float), type_name: None, extendee: None, default_value: None, oneof_index: None, json_name: Some("edgeA"), options: None, proto3_optional: None }, FieldDescriptorProto { name: Some("edge_b"), number: Some(2), label: Some(Optional), r#type: Some(Float), type_name: None, extendee: None, default_value: None, oneof_index: None, json_name: Some("edgeB"), options: None, proto3_optional: None }, FieldDescriptorProto { name: Some("edge_c"), number: Some(3), label: Some(Optional), r#type: Some(Float), type_name: None, extendee: None, default_value: None, oneof_index: None, json_name: Some("edgeC"), options: None, proto3_optional: None }], extension: [], nested_type: [], enum_type: [], extension_range: [], oneof_decl: [], options: None, reserved_range: [], reserved_name: [] }, DescriptorProto { name: Some("Parallelogram"), field: [FieldDescriptorProto { name: Some("base_length"), number: Some(1), label: Some(Optional), r#type: Some(Float), type_name: None, extendee: None, default_value: None, oneof_index: None, json_name: Some("baseLength"), options: None, proto3_optional: None }, FieldDescriptorProto { name: Some("height"), number: Some(2), label: Some(Optional), r#type: Some(Float), type_name: None, extendee: None, default_value: None, oneof_index: None, json_name: Some("height"), options: None, proto3_optional: None }], extension: [], nested_type: [], enum_type: [], extension_range: [], oneof_decl: [], options: None, reserved_range: [], reserved_name: [] }, DescriptorProto { name: Some("AreaRequest"), field: [FieldDescriptorProto { name: Some("shapes"), number: Some(1), label: Some(Repeated), r#type: Some(Message), type_name: Some(".area_calculator.ShapeMessage"), extendee: None, default_value: None, oneof_index: None, json_name: Some("shapes"), options: None, proto3_optional: None }], extension: [], nested_type: [], enum_type: [], extension_range: [], oneof_decl: [], options: None, reserved_range: [], reserved_name: [] }, DescriptorProto { name: Some("AreaResponse"), field: [FieldDescriptorProto { name: Some("value"), number: Some(1), label: Some(Repeated), r#type: Some(Float), type_name: None, extendee: None, default_value: None, oneof_index: None, json_name: Some("value"), options: None, proto3_optional: None }], extension: [], nested_type: [], enum_type: [], extension_range: [], oneof_decl: [], options: None, reserved_range: [], reserved_name: [] }], enum_type: [], service: [ServiceDescriptorProto { name: Some("Calculator"), method: [MethodDescriptorProto { name: Some("calculateOne"), input_type: Some(".area_calculator.ShapeMessage"), output_type: Some(".area_calculator.AreaResponse"), options: Some(MethodOptions { deprecated: None, idempotency_level: None, uninterpreted_option: [] }), client_streaming: None, server_streaming: None }, MethodDescriptorProto { name: Some("calculateMulti"), input_type: Some(".area_calculator.AreaRequest"), output_type: Some(".area_calculator.AreaResponse"), options: Some(MethodOptions { deprecated: None, idempotency_level: None, uninterpreted_option: [] }), client_streaming: None, server_streaming: None }], options: None }], extension: [], options: Some(FileOptions { java_package: None, java_outer_classname: None, java_multiple_files: None, java_generate_equals_and_hash: None, java_string_check_utf8: None, optimize_for: None, go_package: Some("io.pact/area_calculator"), cc_generic_services: None, java_generic_services: None, py_generic_services: None, php_generic_services: Some(true), deprecated: None, cc_enable_arenas: None, objc_class_prefix: None, csharp_namespace: None, swift_prefix: None, php_class_prefix: None, php_namespace: None, php_metadata_namespace: None, ruby_package: None, uninterpreted_option: [] }), source_code_info: None, syntax: Some("proto3") }] }}, routes: {"Calculator/calculateOne": (FileDescriptorSet { file: [FileDescriptorProto { name: Some("area_calculator.proto"), package: Some("area_calculator"), dependency: [], public_dependency: [], weak_dependency: [], message_type: [DescriptorProto { name: Some("ShapeMessage"), field: [FieldDescriptorProto { name: Some("square"), number: Some(1), label: Some(Optional), r#type: Some(Message), type_name: Some(".area_calculator.Square"), extendee: None, default_value: None, oneof_index: Some(0), json_name: Some("square"), options: None, proto3_optional: None }, FieldDescriptorProto { name: Some("rectangle"), number: Some(2), label: Some(Optional), r#type: Some(Message), type_name: Some(".area_calculator.Rectangle"), extendee: None, default_value: None, oneof_index: Some(0), json_name: Some("rectangle"), options: None, proto3_optional: None }, FieldDescriptorProto { name: Some("circle"), number: Some(3), label: Some(Optional), r#type: Some(Message), type_name: Some(".area_calculator.Circle"), extendee: None, default_value: None, oneof_index: Some(0), json_name: Some("circle"), options: None, proto3_optional: None }, FieldDescriptorProto { name: Some("triangle"), number: Some(4), label: Some(Optional), r#type: Some(Message), type_name: Some(".area_calculator.Triangle"), extendee: None, default_value: None, oneof_index: Some(0), json_name: Some("triangle"), options: None, proto3_optional: None }, FieldDescriptorProto { name: Some("parallelogram"), number: Some(5), label: Some(Optional), r#type: Some(Message), type_name: Some(".area_calculator.Parallelogram"), extendee: None, default_value: None, oneof_index: Some(0), json_name: Some("parallelogram"), options: None, proto3_optional: None }], extension: [], nested_type: [], enum_type: [], extension_range: [], oneof_decl: [OneofDescriptorProto { name: Some("shape"), options: None }], options: None, reserved_range: [], reserved_name: [] }, DescriptorProto { name: Some("Square"), field: [FieldDescriptorProto { name: Some("edge_length"), number: Some(1), label: Some(Optional), r#type: Some(Float), type_name: None, extendee: None, default_value: None, oneof_index: None, json_name: Some("edgeLength"), options: None, proto3_optional: None }], extension: [], nested_type: [], enum_type: [], extension_range: [], oneof_decl: [], options: None, reserved_range: [], reserved_name: [] }, DescriptorProto { name: Some("Rectangle"), field: [FieldDescriptorProto { name: Some("length"), number: Some(1), label: Some(Optional), r#type: Some(Float), type_name: None, extendee: None, default_value: None, oneof_index: None, json_name: Some("length"), options: None, proto3_optional: None }, FieldDescriptorProto { name: Some("width"), number: Some(2), label: Some(Optional), r#type: Some(Float), type_name: None, extendee: None, default_value: None, oneof_index: None, json_name: Some("width"), options: None, proto3_optional: None }], extension: [], nested_type: [], enum_type: [], extension_range: [], oneof_decl: [], options: None, reserved_range: [], reserved_name: [] }, DescriptorProto { name: Some("Circle"), field: [FieldDescriptorProto { name: Some("radius"), number: Some(1), label: Some(Optional), r#type: Some(Float), type_name: None, extendee: None, default_value: None, oneof_index: None, json_name: Some("radius"), options: None, proto3_optional: None }], extension: [], nested_type: [], enum_type: [], extension_range: [], oneof_decl: [], options: None, reserved_range: [], reserved_name: [] }, DescriptorProto { name: Some("Triangle"), field: [FieldDescriptorProto { name: Some("edge_a"), number: Some(1), label: Some(Optional), r#type: Some(Float), type_name: None, extendee: None, default_value: None, oneof_index: None, json_name: Some("edgeA"), options: None, proto3_optional: None }, FieldDescriptorProto { name: Some("edge_b"), number: Some(2), label: Some(Optional), r#type: Some(Float), type_name: None, extendee: None, default_value: None, oneof_index: None, json_name: Some("edgeB"), options: None, proto3_optional: None }, FieldDescriptorProto { name: Some("edge_c"), number: Some(3), label: Some(Optional), r#type: Some(Float), type_name: None, extendee: None, default_value: None, oneof_index: None, json_name: Some("edgeC"), options: None, proto3_optional: None }], extension: [], nested_type: [], enum_type: [], extension_range: [], oneof_decl: [], options: None, reserved_range: [], reserved_name: [] }, DescriptorProto { name: Some("Parallelogram"), field: [FieldDescriptorProto { name: Some("base_length"), number: Some(1), label: Some(Optional), r#type: Some(Float), type_name: None, extendee: None, default_value: None, oneof_index: None, json_name: Some("baseLength"), options: None, proto3_optional: None }, FieldDescriptorProto { name: Some("height"), number: Some(2), label: Some(Optional), r#type: Some(Float), type_name: None, extendee: None, default_value: None, oneof_index: None, json_name: Some("height"), options: None, proto3_optional: None }], extension: [], nested_type: [], enum_type: [], extension_range: [], oneof_decl: [], options: None, reserved_range: [], reserved_name: [] }, DescriptorProto { name: Some("AreaRequest"), field: [FieldDescriptorProto { name: Some("shapes"), number: Some(1), label: Some(Repeated), r#type: Some(Message), type_name: Some(".area_calculator.ShapeMessage"), extendee: None, default_value: None, oneof_index: None, json_name: Some("shapes"), options: None, proto3_optional: None }], extension: [], nested_type: [], enum_type: [], extension_range: [], oneof_decl: [], options: None, reserved_range: [], reserved_name: [] }, DescriptorProto { name: Some("AreaResponse"), field: [FieldDescriptorProto { name: Some("value"), number: Some(1), label: Some(Repeated), r#type: Some(Float), type_name: None, extendee: None, default_value: None, oneof_index: None, json_name: Some("value"), options: None, proto3_optional: None }], extension: [], nested_type: [], enum_type: [], extension_range: [], oneof_decl: [], options: None, reserved_range: [], reserved_name: [] }], enum_type: [], service: [ServiceDescriptorProto { name: Some("Calculator"), method: [MethodDescriptorProto { name: Some("calculateOne"), input_type: Some(".area_calculator.ShapeMessage"), output_type: Some(".area_calculator.AreaResponse"), options: Some(MethodOptions { deprecated: None, idempotency_level: None, uninterpreted_option: [] }), client_streaming: None, server_streaming: None }, MethodDescriptorProto { name: Some("calculateMulti"), input_type: Some(".area_calculator.AreaRequest"), output_type: Some(".area_calculator.AreaResponse"), options: Some(MethodOptions { deprecated: None, idempotency_level: None, uninterpreted_option: [] }), client_streaming: None, server_streaming: None }], options: None }], extension: [], options: Some(FileOptions { java_package: None, java_outer_classname: None, java_multiple_files: None, java_generate_equals_and_hash: None, java_string_check_utf8: None, optimize_for: None, go_package: Some("io.pact/area_calculator"), cc_generic_services: None, java_generic_services: None, py_generic_services: None, php_generic_services: Some(true), deprecated: None, cc_enable_arenas: None, objc_class_prefix: None, csharp_namespace: None, swift_prefix: None, php_class_prefix: None, php_namespace: None, php_metadata_namespace: None, ruby_package: None, uninterpreted_option: [] }), source_code_info: None, syntax: Some("proto3") }] }, MethodDescriptorProto { name: Some("calculateOne"), input_type: Some(".area_calculator.ShapeMessage"), output_type: Some(".area_calculator.AreaResponse"), options: Some(MethodOptions { deprecated: None, idempotency_level: None, uninterpreted_option: [] }), client_streaming: None, server_streaming: None }, SynchronousMessage { id: None, key: Some("c7fbe3ee"), description: "calculate rectangle area request", provider_states: [], comments: {"testname": String("io.pact.example.grpc.consumer.PactConsumerTest.calculateRectangleArea(MockServer, SynchronousMessages)")}, request: MessageContents { contents: Present(b"\x12\n\r\0\0@@\x15\0\0\x80@", Some(ContentType { main_type: "application", sub_type: "protobuf", attributes: {"message": "ShapeMessage"}, suffix: None }), Some(BINARY)), metadata: {}, matching_rules: MatchingRules { rules: {BODY: MatchingRuleCategory { name: BODY, rules: {DocPath { path_tokens: [Root, Field("rectangle"), Field("length")], expr: "$.rectangle.length" }: RuleList { rules: [Number], rule_logic: And, cascaded: false }, DocPath { path_tokens: [Root, Field("rectangle"), Field("width")], expr: "$.rectangle.width" }: RuleList { rules: [Number], rule_logic: And, cascaded: false }} }} }, generators: Generators { categories: {} } }, response: [MessageContents { contents: Present(b"\r\0\0@A", Some(ContentType { main_type: "application", sub_type: "protobuf", attributes: {"message": "AreaResponse"}, suffix: None }), Some(BINARY)), metadata: {}, matching_rules: MatchingRules { rules: {BODY: MatchingRuleCategory { name: BODY, rules: {DocPath { path_tokens: [Root, Field("value")], expr: "$.value" }: RuleList { rules: [Number], rule_logic: And, cascaded: false }} }} }, generators: Generators { categories: {} } }], pending: false, plugin_config: {"protobuf": {"service": String("Calculator/calculateOne"), "descriptorKey": String("a85dff8f82655a9681aad113575dcfbb")}}, interaction_markup: InteractionMarkup { markup: "```protobuf\nmessage ShapeMessage {\n    message .area_calculator.Rectangle rectangle = 2;\n}\n```\n\n```protobuf\nmessage AreaResponse {\n    float value = 1;\n}\n```\n", markup_type: "COMMON_MARK" }, transport: None })}, server_key: "5cae5f82-fec2-43c6-9739-60d0383d84ec" } ?[3mreq?[0m?[2m=?[0mRequest { method: POST, uri: http://127.0.0.1:53791/area_calculator.Calculator/calculateOne, version: HTTP/2.0, headers: {"content-type": "application/grpc", "te": "trailers", "user-agent": "grpc-java-netty/1.49.0", "grpc-accept-encoding": "gzip"}, body: Body(Streaming) }?[1m}?[0m?[2m:?[0m?[1mmock_server_handler?[0m?[1m{?[0m?[3mkey?[0m?[2m=?[0m"5cae5f82-fec2-43c6-9739-60d0383d84ec"?[1m}?[0m?[2m:?[0m?[1mhandle_message?[0m?[1m{?[0m?[3mself?[0m?[2m=?[0mMockService { file_descriptor_set: FileDescriptorSet { file: [FileDescriptorProto { name: Some("area_calculator.proto"), package: Some("area_calculator"), dependency: [], public_dependency: [], weak_dependency: [], message_type: [DescriptorProto { name: Some("ShapeMessage"), field: [FieldDescriptorProto { name: Some("square"), number: Some(1), label: Some(Optional), r#type: Some(Message), type_name: Some(".area_calculator.Square"), extendee: None, default_value: None, oneof_index: Some(0), json_name: Some("square"), options: None, proto3_optional: None }, FieldDescriptorProto { name: Some("rectangle"), number: Some(2), label: Some(Optional), r#type: Some(Message), type_name: Some(".area_calculator.Rectangle"), extendee: None, default_value: None, oneof_index: Some(0), json_name: Some("rectangle"), options: None, proto3_optional: None }, FieldDescriptorProto { name: Some("circle"), number: Some(3), label: Some(Optional), r#type: Some(Message), type_name: Some(".area_calculator.Circle"), extendee: None, default_value: None, oneof_index: Some(0), json_name: Some("circle"), options: None, proto3_optional: None }, FieldDescriptorProto { name: Some("triangle"), number: Some(4), label: Some(Optional), r#type: Some(Message), type_name: Some(".area_calculator.Triangle"), extendee: None, default_value: None, oneof_index: Some(0), json_name: Some("triangle"), options: None, proto3_optional: None }, FieldDescriptorProto { name: Some("parallelogram"), number: Some(5), label: Some(Optional), r#type: Some(Message), type_name: Some(".area_calculator.Parallelogram"), extendee: None, default_value: None, oneof_index: Some(0), json_name: Some("parallelogram"), options: None, proto3_optional: None }], extension: [], nested_type: [], enum_type: [], extension_range: [], oneof_decl: [OneofDescriptorProto { name: Some("shape"), options: None }], options: None, reserved_range: [], reserved_name: [] }, DescriptorProto { name: Some("Square"), field: [FieldDescriptorProto { name: Some("edge_length"), number: Some(1), label: Some(Optional), r#type: Some(Float), type_name: None, extendee: None, default_value: None, oneof_index: None, json_name: Some("edgeLength"), options: None, proto3_optional: None }], extension: [], nested_type: [], enum_type: [], extension_range: [], oneof_decl: [], options: None, reserved_range: [], reserved_name: [] }, DescriptorProto { name: Some("Rectangle"), field: [FieldDescriptorProto { name: Some("length"), number: Some(1), label: Some(Optional), r#type: Some(Float), type_name: None, extendee: None, default_value: None, oneof_index: None, json_name: Some("length"), options: None, proto3_optional: None }, FieldDescriptorProto { name: Some("width"), number: Some(2), label: Some(Optional), r#type: Some(Float), type_name: None, extendee: None, default_value: None, oneof_index: None, json_name: Some("width"), options: None, proto3_optional: None }], extension: [], nested_type: [], enum_type: [], extension_range: [], oneof_decl: [], options: None, reserved_range: [], reserved_name: [] }, DescriptorProto { name: Some("Circle"), field: [FieldDescriptorProto { name: Some("radius"), number: Some(1), label: Some(Optional), r#type: Some(Float), type_name: None, extendee: None, default_value: None, oneof_index: None, json_name: Some("radius"), options: None, proto3_optional: None }], extension: [], nested_type: [], enum_type: [], extension_range: [], oneof_decl: [], options: None, reserved_range: [], reserved_name: [] }, DescriptorProto { name: Some("Triangle"), field: [FieldDescriptorProto { name: Some("edge_a"), number: Some(1), label: Some(Optional), r#type: Some(Float), type_name: None, extendee: None, default_value: None, oneof_index: None, json_name: Some("edgeA"), options: None, proto3_optional: None }, FieldDescriptorProto { name: Some("edge_b"), number: Some(2), label: Some(Optional), r#type: Some(Float), type_name: None, extendee: None, default_value: None, oneof_index: None, json_name: Some("edgeB"), options: None, proto3_optional: None }, FieldDescriptorProto { name: Some("edge_c"), number: Some(3), label: Some(Optional), r#type: Some(Float), type_name: None, extendee: None, default_value: None, oneof_index: None, json_name: Some("edgeC"), options: None, proto3_optional: None }], extension: [], nested_type: [], enum_type: [], extension_range: [], oneof_decl: [], options: None, reserved_range: [], reserved_name: [] }, DescriptorProto { name: Some("Parallelogram"), field: [FieldDescriptorProto { name: Some("base_length"), number: Some(1), label: Some(Optional), r#type: Some(Float), type_name: None, extendee: None, default_value: None, oneof_index: None, json_name: Some("baseLength"), options: None, proto3_optional: None }, FieldDescriptorProto { name: Some("height"), number: Some(2), label: Some(Optional), r#type: Some(Float), type_name: None, extendee: None, default_value: None, oneof_index: None, json_name: Some("height"), options: None, proto3_optional: None }], extension: [], nested_type: [], enum_type: [], extension_range: [], oneof_decl: [], options: None, reserved_range: [], reserved_name: [] }, DescriptorProto { name: Some("AreaRequest"), field: [FieldDescriptorProto { name: Some("shapes"), number: Some(1), label: Some(Repeated), r#type: Some(Message), type_name: Some(".area_calculator.ShapeMessage"), extendee: None, default_value: None, oneof_index: None, json_name: Some("shapes"), options: None, proto3_optional: None }], extension: [], nested_type: [], enum_type: [], extension_range: [], oneof_decl: [], options: None, reserved_range: [], reserved_name: [] }, DescriptorProto { name: Some("AreaResponse"), field: [FieldDescriptorProto { name: Some("value"), number: Some(1), label: Some(Repeated), r#type: Some(Float), type_name: None, extendee: None, default_value: None, oneof_index: None, json_name: Some("value"), options: None, proto3_optional: None }], extension: [], nested_type: [], enum_type: [], extension_range: [], oneof_decl: [], options: None, reserved_range: [], reserved_name: [] }], enum_type: [], service: [ServiceDescriptorProto { name: Some("Calculator"), method: [MethodDescriptorProto { name: Some("calculateOne"), input_type: Some(".area_calculator.ShapeMessage"), output_type: Some(".area_calculator.AreaResponse"), options: Some(MethodOptions { deprecated: None, idempotency_level: None, uninterpreted_option: [] }), client_streaming: None, server_streaming: None }, MethodDescriptorProto { name: Some("calculateMulti"), input_type: Some(".area_calculator.AreaRequest"), output_type: Some(".area_calculator.AreaResponse"), options: Some(MethodOptions { deprecated: None, idempotency_level: None, uninterpreted_option: [] }), client_streaming: None, server_streaming: None }], options: None }], extension: [], options: Some(FileOptions { java_package: None, java_outer_classname: None, java_multiple_files: None, java_generate_equals_and_hash: None, java_string_check_utf8: None, optimize_for: None, go_package: Some("io.pact/area_calculator"), cc_generic_services: None, java_generic_services: None, py_generic_services: None, php_generic_services: Some(true), deprecated: None, cc_enable_arenas: None, objc_class_prefix: None, csharp_namespace: None, swift_prefix: None, php_class_prefix: None, php_namespace: None, php_metadata_namespace: None, ruby_package: None, uninterpreted_option: [] }), source_code_info: None, syntax: Some("proto3") }] }, service_name: "Calculator", message: SynchronousMessage { id: None, key: Some("c7fbe3ee"), description: "calculate rectangle area request", provider_states: [], comments: {"testname": String("io.pact.example.grpc.consumer.PactConsumerTest.calculateRectangleArea(MockServer, SynchronousMessages)")}, request: MessageContents { contents: Present(b"\x12\n\r\0\0@@\x15\0\0\x80@", Some(ContentType { main_type: "application", sub_type: "protobuf", attributes: {"message": "ShapeMessage"}, suffix: None }), Some(BINARY)), metadata: {}, matching_rules: MatchingRules { rules: {BODY: MatchingRuleCategory { name: BODY, rules: {DocPath { path_tokens: [Root, Field("rectangle"), Field("length")], expr: "$.rectangle.length" }: RuleList { rules: [Number], rule_logic: And, cascaded: false }, DocPath { path_tokens: [Root, Field("rectangle"), Field("width")], expr: "$.rectangle.width" }: RuleList { rules: [Number], rule_logic: And, cascaded: false }} }} }, generators: Generators { categories: {} } }, response: [MessageContents { contents: Present(b"\r\0\0@A", Some(ContentType { main_type: "application", sub_type: "protobuf", attributes: {"message": "AreaResponse"}, suffix: None }), Some(BINARY)), metadata: {}, matching_rules: MatchingRules { rules: {BODY: MatchingRuleCategory { name: BODY, rules: {DocPath { path_tokens: [Root, Field("value")], expr: "$.value" }: RuleList { rules: [Number], rule_logic: And, cascaded: false }} }} }, generators: Generators { categories: {} } }], pending: false, plugin_config: {"protobuf": {"service": String("Calculator/calculateOne"), "descriptorKey": String("a85dff8f82655a9681aad113575dcfbb")}}, interaction_markup: InteractionMarkup { markup: "```protobuf\nmessage ShapeMessage {\n    message .area_calculator.Rectangle rectangle = 2;\n}\n```\n\n```protobuf\nmessage AreaResponse {\n    float value = 1;\n}\n```\n", markup_type: "COMMON_MARK" }, transport: None }, method_descriptor: MethodDescriptorProto { name: Some("calculateOne"), input_type: Some(".area_calculator.ShapeMessage"), output_type: Some(".area_calculator.AreaResponse"), options: Some(MethodOptions { deprecated: None, idempotency_level: None, uninterpreted_option: [] }), client_streaming: None, server_streaming: None }, input_message: DescriptorProto { name: Some("ShapeMessage"), field: [FieldDescriptorProto { name: Some("square"), number: Some(1), label: Some(Optional), r#type: Some(Message), type_name: Some(".area_calculator.Square"), extendee: None, default_value: None, oneof_index: Some(0), json_name: Some("square"), options: None, proto3_optional: None }, FieldDescriptorProto { name: Some("rectangle"), number: Some(2), label: Some(Optional), r#type: Some(Message), type_name: Some(".area_calculator.Rectangle"), extendee: None, default_value: None, oneof_index: Some(0), json_name: Some("rectangle"), options: None, proto3_optional: None }, FieldDescriptorProto { name: Some("circle"), number: Some(3), label: Some(Optional), r#type: Some(Message), type_name: Some(".area_calculator.Circle"), extendee: None, default_value: None, oneof_index: Some(0), json_name: Some("circle"), options: None, proto3_optional: None }, FieldDescriptorProto { name: Some("triangle"), number: Some(4), label: Some(Optional), r#type: Some(Message), type_name: Some(".area_calculator.Triangle"), extendee: None, default_value: None, oneof_index: Some(0), json_name: Some("triangle"), options: None, proto3_optional: None }, FieldDescriptorProto { name: Some("parallelogram"), number: Some(5), label: Some(Optional), r#type: Some(Message), type_name: Some(".area_calculator.Parallelogram"), extendee: None, default_value: None, oneof_index: Some(0), json_name: Some("parallelogram"), options: None, proto3_optional: None }], extension: [], nested_type: [], enum_type: [], extension_range: [], oneof_decl: [OneofDescriptorProto { name: Some("shape"), options: None }], options: None, reserved_range: [], reserved_name: [] }, output_message: DescriptorProto { name: Some("AreaResponse"), field: [FieldDescriptorProto { name: Some("value"), number: Some(1), label: Some(Repeated), r#type: Some(Float), type_name: None, extendee: None, default_value: None, oneof_index: None, json_name: Some("value"), options: None, proto3_optional: None }], extension: [], nested_type: [], enum_type: [], extension_range: [], oneof_decl: [], options: None, reserved_range: [], reserved_name: [] }, server_key: "5cae5f82-fec2-43c6-9739-60d0383d84ec" } ?[3mrequest?[0m?[2m=?[0mDynamicMessage { descriptor: DescriptorProto { name: Some("ShapeMessage"), field: [FieldDescriptorProto { name: Some("square"), number: Some(1), label: Some(Optional), r#type: Some(Message), type_name: Some(".area_calculator.Square"), extendee: None, default_value: None, oneof_index: Some(0), json_name: Some("square"), options: None, proto3_optional: None }, FieldDescriptorProto { name: Some("rectangle"), number: Some(2), label: Some(Optional), r#type: Some(Message), type_name: Some(".area_calculator.Rectangle"), extendee: None, default_value: None, oneof_index: Some(0), json_name: Some("rectangle"), options: None, proto3_optional: None }, FieldDescriptorProto { name: Some("circle"), number: Some(3), label: Some(Optional), r#type: Some(Message), type_name: Some(".area_calculator.Circle"), extendee: None, default_value: None, oneof_index: Some(0), json_name: Some("circle"), options: None, proto3_optional: None }, FieldDescriptorProto { name: Some("triangle"), number: Some(4), label: Some(Optional), r#type: Some(Message), type_name: Some(".area_calculator.Triangle"), extendee: None, default_value: None, oneof_index: Some(0), json_name: Some("triangle"), options: None, proto3_optional: None }, FieldDescriptorProto { name: Some("parallelogram"), number: Some(5), label: Some(Optional), r#type: Some(Message), type_name: Some(".area_calculator.Parallelogram"), extendee: None, default_value: None, oneof_index: Some(0), json_name: Some("parallelogram"), options: None, proto3_optional: None }], extension: [], nested_type: [], enum_type: [], extension_range: [], oneof_decl: [OneofDescriptorProto { name: Some("shape"), options: None }], options: None, reserved_range: [], reserved_name: [] }, fields: [ProtobufField { field_num: 2, wire_type: LengthDelimited, data: Message([13, 0, 0, 64, 64, 21, 0, 0, 128, 64], DescriptorProto { name: Some("Rectangle"), field: [FieldDescriptorProto { name: Some("length"), number: Some(1), label: Some(Optional), r#type: Some(Float), type_name: None, extendee: None, default_value: None, oneof_index: None, json_name: Some("length"), options: None, proto3_optional: None }, FieldDescriptorProto { name: Some("width"), number: Some(2), label: Some(Optional), r#type: Some(Float), type_name: None, extendee: None, default_value: None, oneof_index: None, json_name: Some("width"), options: None, proto3_optional: None }], extension: [], nested_type: [], enum_type: [], extension_range: [], oneof_decl: [], options: None, reserved_range: [], reserved_name: [] }) }] } ?[3mmessage_descriptor?[0m?[2m=?[0mDescriptorProto { name: Some("ShapeMessage"), field: [FieldDescriptorProto { name: Some("square"), number: Some(1), label: Some(Optional), r#type: Some(Message), type_name: Some(".area_calculator.Square"), extendee: None, default_value: None, oneof_index: Some(0), json_name: Some("square"), options: None, proto3_optional: None }, FieldDescriptorProto { name: Some("rectangle"), number: Some(2), label: Some(Optional), r#type: Some(Message), type_name: Some(".area_calculator.Rectangle"), extendee: None, default_value: None, oneof_index: Some(0), json_name: Some("rectangle"), options: None, proto3_optional: None }, FieldDescriptorProto { name: Some("circle"), number: Some(3), label: Some(Optional), r#type: Some(Message), type_name: Some(".area_calculator.Circle"), extendee: None, default_value: None, oneof_index: Some(0), json_name: Some("circle"), options: None, proto3_optional: None }, FieldDescriptorProto { name: Some("triangle"), number: Some(4), label: Some(Optional), r#type: Some(Message), type_name: Some(".area_calculator.Triangle"), extendee: None, default_value: None, oneof_index: Some(0), json_name: Some("triangle"), options: None, proto3_optional: None }, FieldDescriptorProto { name: Some("parallelogram"), number: Some(5), label: Some(Optional), r#type: Some(Message), type_name: Some(".area_calculator.Parallelogram"), extendee: None, default_value: None, oneof_index: Some(0), json_name: Some("parallelogram"), options: None, proto3_optional: None }], extension: [], nested_type: [], enum_type: [], extension_range: [], oneof_decl: [OneofDescriptorProto { name: Some("shape"), options: None }], options: None, reserved_range: [], reserved_name: [] } ?[3mresponse_descriptor?[0m?[2m=?[0mDescriptorProto { name: Some("AreaResponse"), field: [FieldDescriptorProto { name: Some("value"), number: Some(1), label: Some(Repeated), r#type: Some(Float), type_name: None, extendee: None, default_value: None, oneof_index: None, json_name: Some("value"), options: None, proto3_optional: None }], extension: [], nested_type: [], enum_type: [], extension_range: [], oneof_decl: [], options: None, reserved_range: [], reserved_name: [] }?[1m}?[0m?[2m:?[0m ?[2mpact_protobuf_plugin::matching?[0m?[2m:?[0m >> compare_message($, [ProtobufField { field_num: 2, wire_type: LengthDelimited, data: Message([13, 0, 0, 64, 64, 21, 0, 0, 128, 64], DescriptorProto { name: Some("Rectangle"), field: [FieldDescriptorProto { name: Some("length"), number: Some(1), label: Some(Optional), r#type: Some(Float), type_name: None, extendee: None, default_value: None, oneof_index: None, json_name: Some("length"), options: None, proto3_optional: None }, FieldDescriptorProto { name: Some("width"), number: Some(2), label: Some(Optional), r#type: Some(Float), type_name: None, extendee: None, default_value: None, oneof_index: None, json_name: Some("width"), options: None, proto3_optional: None }], extension: [], nested_type: [], enum_type: [], extension_range: [], oneof_decl: [], options: None, reserved_range: [], reserved_name: [] }) }], [ProtobufField { field_num: 2, wire_type: LengthDelimited, data: Message([13, 0, 0, 64, 64, 21, 0, 0, 128, 64], DescriptorProto { name: Some("Rectangle"), field: [FieldDescriptorProto { name: Some("length"), number: Some(1), label: Some(Optional), r#type: Some(Float), type_name: None, extendee: None, default_value: None, oneof_index: None, json_name: Some("length"), options: None, proto3_optional: None }, FieldDescriptorProto { name: Some("width"), number: Some(2), label: Some(Optional), r#type: Some(Float), type_name: None, extendee: None, default_value: None, oneof_index: None, json_name: Some("width"), options: None, proto3_optional: None }], extension: [], nested_type: [], enum_type: [], extension_range: [], oneof_decl: [], options: None, reserved_range: [], reserved_name: [] }) }])
15:05:16.524 [Thread-5] DEBUG i.pact.plugins.jvm.core.ChildProcess - Plugin protobuf [46038] || ?[2m2023-03-27T09:35:16.523268Z?[0m ?[35mTRACE?[0m tokio-runtime-worker ?[1mrequest?[0m?[1m{?[0m?[3mmethod?[0m?[2m=?[0mPOST ?[3muri?[0m?[2m=?[0mhttp://127.0.0.1:53791/area_calculator.Calculator/calculateOne ?[3mversion?[0m?[2m=?[0mHTTP/2.0?[1m}?[0m?[2m:?[0m?[1mcall?[0m?[1m{?[0m?[3mself?[0m?[2m=?[0mGrpcMockServer { pact: V4Pact { consumer: Consumer { name: "grpc-consumer-jvm" }, provider: Provider { name: "area-calculator-provider" }, interactions: [SynchronousMessage { id: None, key: Some("c7fbe3ee"), description: "calculate rectangle area request", provider_states: [], comments: {"testname": String("io.pact.example.grpc.consumer.PactConsumerTest.calculateRectangleArea(MockServer, SynchronousMessages)")}, request: MessageContents { contents: Present(b"\x12\n\r\0\0@@\x15\0\0\x80@", Some(ContentType { main_type: "application", sub_type: "protobuf", attributes: {"message": "ShapeMessage"}, suffix: None }), Some(BINARY)), metadata: {}, matching_rules: MatchingRules { rules: {BODY: MatchingRuleCategory { name: BODY, rules: {DocPath { path_tokens: [Root, Field("rectangle"), Field("length")], expr: "$.rectangle.length" }: RuleList { rules: [Number], rule_logic: And, cascaded: false }, DocPath { path_tokens: [Root, Field("rectangle"), Field("width")], expr: "$.rectangle.width" }: RuleList { rules: [Number], rule_logic: And, cascaded: false }} }} }, generators: Generators { categories: {} } }, response: [MessageContents { contents: Present(b"\r\0\0@A", Some(ContentType { main_type: "application", sub_type: "protobuf", attributes: {"message": "AreaResponse"}, suffix: None }), Some(BINARY)), metadata: {}, matching_rules: MatchingRules { rules: {BODY: MatchingRuleCategory { name: BODY, rules: {DocPath { path_tokens: [Root, Field("value")], expr: "$.value" }: RuleList { rules: [Number], rule_logic: And, cascaded: false }} }} }, generators: Generators { categories: {} } }], pending: false, plugin_config: {"protobuf": {"service": String("Calculator/calculateOne"), "descriptorKey": String("a85dff8f82655a9681aad113575dcfbb")}}, interaction_markup: InteractionMarkup { markup: "```protobuf\nmessage ShapeMessage {\n    message .area_calculator.Rectangle rectangle = 2;\n}\n```\n\n```protobuf\nmessage AreaResponse {\n    float value = 1;\n}\n```\n", markup_type: "COMMON_MARK" }, transport: None }], metadata: {"pact-jvm": Object({"version": String("4.4.2")}), "pactSpecification": Object({"version": String("4.0")})}, plugin_data: [PluginData { name: "protobuf", version: "0.1.5", configuration: {"a85dff8f82655a9681aad113575dcfbb": Object({"protoDescriptors": String("CsoHChVhcmVhX2NhbGN1bGF0b3IucHJvdG8SD2FyZWFfY2FsY3VsYXRvciK6AgoMU2hhcGVNZXNzYWdlEjEKBnNxdWFyZRgBIAEoCzIXLmFyZWFfY2FsY3VsYXRvci5TcXVhcmVIAFIGc3F1YXJlEjoKCXJlY3RhbmdsZRgCIAEoCzIaLmFyZWFfY2FsY3VsYXRvci5SZWN0YW5nbGVIAFIJcmVjdGFuZ2xlEjEKBmNpcmNsZRgDIAEoCzIXLmFyZWFfY2FsY3VsYXRvci5DaXJjbGVIAFIGY2lyY2xlEjcKCHRyaWFuZ2xlGAQgASgLMhkuYXJlYV9jYWxjdWxhdG9yLlRyaWFuZ2xlSABSCHRyaWFuZ2xlEkYKDXBhcmFsbGVsb2dyYW0YBSABKAsyHi5hcmVhX2NhbGN1bGF0b3IuUGFyYWxsZWxvZ3JhbUgAUg1wYXJhbGxlbG9ncmFtQgcKBXNoYXBlIikKBlNxdWFyZRIfCgtlZGdlX2xlbmd0aBgBIAEoAlIKZWRnZUxlbmd0aCI5CglSZWN0YW5nbGUSFgoGbGVuZ3RoGAEgASgCUgZsZW5ndGgSFAoFd2lkdGgYAiABKAJSBXdpZHRoIiAKBkNpcmNsZRIWCgZyYWRpdXMYASABKAJSBnJhZGl1cyJPCghUcmlhbmdsZRIVCgZlZGdlX2EYASABKAJSBWVkZ2VBEhUKBmVkZ2VfYhgCIAEoAlIFZWRnZUISFQoGZWRnZV9jGAMgASgCUgVlZGdlQyJICg1QYXJhbGxlbG9ncmFtEh8KC2Jhc2VfbGVuZ3RoGAEgASgCUgpiYXNlTGVuZ3RoEhYKBmhlaWdodBgCIAEoAlIGaGVpZ2h0IkQKC0FyZWFSZXF1ZXN0EjUKBnNoYXBlcxgBIAMoCzIdLmFyZWFfY2FsY3VsYXRvci5TaGFwZU1lc3NhZ2VSBnNoYXBlcyIkCgxBcmVhUmVzcG9uc2USFAoFdmFsdWUYASADKAJSBXZhbHVlMq0BCgpDYWxjdWxhdG9yEk4KDGNhbGN1bGF0ZU9uZRIdLmFyZWFfY2FsY3VsYXRvci5TaGFwZU1lc3NhZ2UaHS5hcmVhX2NhbGN1bGF0b3IuQXJlYVJlc3BvbnNlIgASTwoOY2FsY3VsYXRlTXVsdGkSHC5hcmVhX2NhbGN1bGF0b3IuQXJlYVJlcXVlc3QaHS5hcmVhX2NhbGN1bGF0b3IuQXJlYVJlc3BvbnNlIgBCHFoXaW8ucGFjdC9hcmVhX2NhbGN1bGF0b3LQAgFiBnByb3RvMw=="), "protoFile": String("syntax = \"proto3\";\n\npackage area_calculator;\n\noption php_generic_services = true;\noption go_package = \"io.pact/area_calculator\";\n\nservice Calculator {\n  rpc calculateOne (ShapeMessage) returns (AreaResponse) {}\n  rpc calculateMulti (AreaRequest) returns (AreaResponse) {}\n}\n\nmessage ShapeMessage {\n  oneof shape {\n    Square square = 1;\n    Rectangle rectangle = 2;\n    Circle circle = 3;\n    Triangle triangle = 4;\n    Parallelogram parallelogram = 5;\n  }\n}\n\nmessage Square {\n  float edge_length = 1;\n}\n\nmessage Rectangle {\n  float length = 1;\n  float width = 2;\n}\n\nmessage Circle {\n  float radius = 1;\n}\n\nmessage Triangle {\n  float edge_a = 1;\n  float edge_b = 2;\n  float edge_c = 3;\n}\n\nmessage Parallelogram {\n  float base_length = 1;\n  float height = 2;\n}\n\nmessage AreaRequest {\n  repeated ShapeMessage shapes = 1;\n}\n\nmessage AreaResponse {\n  repeated float value = 1;\n}\n")})} }] }, plugin_config: PluginData { name: "protobuf", version: "0.1.5", configuration: {"a85dff8f82655a9681aad113575dcfbb": Object({"protoDescriptors": String("CsoHChVhcmVhX2NhbGN1bGF0b3IucHJvdG8SD2FyZWFfY2FsY3VsYXRvciK6AgoMU2hhcGVNZXNzYWdlEjEKBnNxdWFyZRgBIAEoCzIXLmFyZWFfY2FsY3VsYXRvci5TcXVhcmVIAFIGc3F1YXJlEjoKCXJlY3RhbmdsZRgCIAEoCzIaLmFyZWFfY2FsY3VsYXRvci5SZWN0YW5nbGVIAFIJcmVjdGFuZ2xlEjEKBmNpcmNsZRgDIAEoCzIXLmFyZWFfY2FsY3VsYXRvci5DaXJjbGVIAFIGY2lyY2xlEjcKCHRyaWFuZ2xlGAQgASgLMhkuYXJlYV9jYWxjdWxhdG9yLlRyaWFuZ2xlSABSCHRyaWFuZ2xlEkYKDXBhcmFsbGVsb2dyYW0YBSABKAsyHi5hcmVhX2NhbGN1bGF0b3IuUGFyYWxsZWxvZ3JhbUgAUg1wYXJhbGxlbG9ncmFtQgcKBXNoYXBlIikKBlNxdWFyZRIfCgtlZGdlX2xlbmd0aBgBIAEoAlIKZWRnZUxlbmd0aCI5CglSZWN0YW5nbGUSFgoGbGVuZ3RoGAEgASgCUgZsZW5ndGgSFAoFd2lkdGgYAiABKAJSBXdpZHRoIiAKBkNpcmNsZRIWCgZyYWRpdXMYASABKAJSBnJhZGl1cyJPCghUcmlhbmdsZRIVCgZlZGdlX2EYASABKAJSBWVkZ2VBEhUKBmVkZ2VfYhgCIAEoAlIFZWRnZUISFQoGZWRnZV9jGAMgASgCUgVlZGdlQyJICg1QYXJhbGxlbG9ncmFtEh8KC2Jhc2VfbGVuZ3RoGAEgASgCUgpiYXNlTGVuZ3RoEhYKBmhlaWdodBgCIAEoAlIGaGVpZ2h0IkQKC0FyZWFSZXF1ZXN0EjUKBnNoYXBlcxgBIAMoCzIdLmFyZWFfY2FsY3VsYXRvci5TaGFwZU1lc3NhZ2VSBnNoYXBlcyIkCgxBcmVhUmVzcG9uc2USFAoFdmFsdWUYASADKAJSBXZhbHVlMq0BCgpDYWxjdWxhdG9yEk4KDGNhbGN1bGF0ZU9uZRIdLmFyZWFfY2FsY3VsYXRvci5TaGFwZU1lc3NhZ2UaHS5hcmVhX2NhbGN1bGF0b3IuQXJlYVJlc3BvbnNlIgASTwoOY2FsY3VsYXRlTXVsdGkSHC5hcmVhX2NhbGN1bGF0b3IuQXJlYVJlcXVlc3QaHS5hcmVhX2NhbGN1bGF0b3IuQXJlYVJlc3BvbnNlIgBCHFoXaW8ucGFjdC9hcmVhX2NhbGN1bGF0b3LQAgFiBnByb3RvMw=="), "protoFile": String("syntax = \"proto3\";\n\npackage area_calculator;\n\noption php_generic_services = true;\noption go_package = \"io.pact/area_calculator\";\n\nservice Calculator {\n  rpc calculateOne (ShapeMessage) returns (AreaResponse) {}\n  rpc calculateMulti (AreaRequest) returns (AreaResponse) {}\n}\n\nmessage ShapeMessage {\n  oneof shape {\n    Square square = 1;\n    Rectangle rectangle = 2;\n    Circle circle = 3;\n    Triangle triangle = 4;\n    Parallelogram parallelogram = 5;\n  }\n}\n\nmessage Square {\n  float edge_length = 1;\n}\n\nmessage Rectangle {\n  float length = 1;\n  float width = 2;\n}\n\nmessage Circle {\n  float radius = 1;\n}\n\nmessage Triangle {\n  float edge_a = 1;\n  float edge_b = 2;\n  float edge_c = 3;\n}\n\nmessage Parallelogram {\n  float base_length = 1;\n  float height = 2;\n}\n\nmessage AreaRequest {\n  repeated ShapeMessage shapes = 1;\n}\n\nmessage AreaResponse {\n  repeated float value = 1;\n}\n")})} }, descriptors: {"a85dff8f82655a9681aad113575dcfbb": FileDescriptorSet { file: [FileDescriptorProto { name: Some("area_calculator.proto"), package: Some("area_calculator"), dependency: [], public_dependency: [], weak_dependency: [], message_type: [DescriptorProto { name: Some("ShapeMessage"), field: [FieldDescriptorProto { name: Some("square"), number: Some(1), label: Some(Optional), r#type: Some(Message), type_name: Some(".area_calculator.Square"), extendee: None, default_value: None, oneof_index: Some(0), json_name: Some("square"), options: None, proto3_optional: None }, FieldDescriptorProto { name: Some("rectangle"), number: Some(2), label: Some(Optional), r#type: Some(Message), type_name: Some(".area_calculator.Rectangle"), extendee: None, default_value: None, oneof_index: Some(0), json_name: Some("rectangle"), options: None, proto3_optional: None }, FieldDescriptorProto { name: Some("circle"), number: Some(3), label: Some(Optional), r#type: Some(Message), type_name: Some(".area_calculator.Circle"), extendee: None, default_value: None, oneof_index: Some(0), json_name: Some("circle"), options: None, proto3_optional: None }, FieldDescriptorProto { name: Some("triangle"), number: Some(4), label: Some(Optional), r#type: Some(Message), type_name: Some(".area_calculator.Triangle"), extendee: None, default_value: None, oneof_index: Some(0), json_name: Some("triangle"), options: None, proto3_optional: None }, FieldDescriptorProto { name: Some("parallelogram"), number: Some(5), label: Some(Optional), r#type: Some(Message), type_name: Some(".area_calculator.Parallelogram"), extendee: None, default_value: None, oneof_index: Some(0), json_name: Some("parallelogram"), options: None, proto3_optional: None }], extension: [], nested_type: [], enum_type: [], extension_range: [], oneof_decl: [OneofDescriptorProto { name: Some("shape"), options: None }], options: None, reserved_range: [], reserved_name: [] }, DescriptorProto { name: Some("Square"), field: [FieldDescriptorProto { name: Some("edge_length"), number: Some(1), label: Some(Optional), r#type: Some(Float), type_name: None, extendee: None, default_value: None, oneof_index: None, json_name: Some("edgeLength"), options: None, proto3_optional: None }], extension: [], nested_type: [], enum_type: [], extension_range: [], oneof_decl: [], options: None, reserved_range: [], reserved_name: [] }, DescriptorProto { name: Some("Rectangle"), field: [FieldDescriptorProto { name: Some("length"), number: Some(1), label: Some(Optional), r#type: Some(Float), type_name: None, extendee: None, default_value: None, oneof_index: None, json_name: Some("length"), options: None, proto3_optional: None }, FieldDescriptorProto { name: Some("width"), number: Some(2), label: Some(Optional), r#type: Some(Float), type_name: None, extendee: None, default_value: None, oneof_index: None, json_name: Some("width"), options: None, proto3_optional: None }], extension: [], nested_type: [], enum_type: [], extension_range: [], oneof_decl: [], options: None, reserved_range: [], reserved_name: [] }, DescriptorProto { name: Some("Circle"), field: [FieldDescriptorProto { name: Some("radius"), number: Some(1), label: Some(Optional), r#type: Some(Float), type_name: None, extendee: None, default_value: None, oneof_index: None, json_name: Some("radius"), options: None, proto3_optional: None }], extension: [], nested_type: [], enum_type: [], extension_range: [], oneof_decl: [], options: None, reserved_range: [], reserved_name: [] }, DescriptorProto { name: Some("Triangle"), field: [FieldDescriptorProto { name: Some("edge_a"), number: Some(1), label: Some(Optional), r#type: Some(Float), type_name: None, extendee: None, default_value: None, oneof_index: None, json_name: Some("edgeA"), options: None, proto3_optional: None }, FieldDescriptorProto { name: Some("edge_b"), number: Some(2), label: Some(Optional), r#type: Some(Float), type_name: None, extendee: None, default_value: None, oneof_index: None, json_name: Some("edgeB"), options: None, proto3_optional: None }, FieldDescriptorProto { name: Some("edge_c"), number: Some(3), label: Some(Optional), r#type: Some(Float), type_name: None, extendee: None, default_value: None, oneof_index: None, json_name: Some("edgeC"), options: None, proto3_optional: None }], extension: [], nested_type: [], enum_type: [], extension_range: [], oneof_decl: [], options: None, reserved_range: [], reserved_name: [] }, DescriptorProto { name: Some("Parallelogram"), field: [FieldDescriptorProto { name: Some("base_length"), number: Some(1), label: Some(Optional), r#type: Some(Float), type_name: None, extendee: None, default_value: None, oneof_index: None, json_name: Some("baseLength"), options: None, proto3_optional: None }, FieldDescriptorProto { name: Some("height"), number: Some(2), label: Some(Optional), r#type: Some(Float), type_name: None, extendee: None, default_value: None, oneof_index: None, json_name: Some("height"), options: None, proto3_optional: None }], extension: [], nested_type: [], enum_type: [], extension_range: [], oneof_decl: [], options: None, reserved_range: [], reserved_name: [] }, DescriptorProto { name: Some("AreaRequest"), field: [FieldDescriptorProto { name: Some("shapes"), number: Some(1), label: Some(Repeated), r#type: Some(Message), type_name: Some(".area_calculator.ShapeMessage"), extendee: None, default_value: None, oneof_index: None, json_name: Some("shapes"), options: None, proto3_optional: None }], extension: [], nested_type: [], enum_type: [], extension_range: [], oneof_decl: [], options: None, reserved_range: [], reserved_name: [] }, DescriptorProto { name: Some("AreaResponse"), field: [FieldDescriptorProto { name: Some("value"), number: Some(1), label: Some(Repeated), r#type: Some(Float), type_name: None, extendee: None, default_value: None, oneof_index: None, json_name: Some("value"), options: None, proto3_optional: None }], extension: [], nested_type: [], enum_type: [], extension_range: [], oneof_decl: [], options: None, reserved_range: [], reserved_name: [] }], enum_type: [], service: [ServiceDescriptorProto { name: Some("Calculator"), method: [MethodDescriptorProto { name: Some("calculateOne"), input_type: Some(".area_calculator.ShapeMessage"), output_type: Some(".area_calculator.AreaResponse"), options: Some(MethodOptions { deprecated: None, idempotency_level: None, uninterpreted_option: [] }), client_streaming: None, server_streaming: None }, MethodDescriptorProto { name: Some("calculateMulti"), input_type: Some(".area_calculator.AreaRequest"), output_type: Some(".area_calculator.AreaResponse"), options: Some(MethodOptions { deprecated: None, idempotency_level: None, uninterpreted_option: [] }), client_streaming: None, server_streaming: None }], options: None }], extension: [], options: Some(FileOptions { java_package: None, java_outer_classname: None, java_multiple_files: None, java_generate_equals_and_hash: None, java_string_check_utf8: None, optimize_for: None, go_package: Some("io.pact/area_calculator"), cc_generic_services: None, java_generic_services: None, py_generic_services: None, php_generic_services: Some(true), deprecated: None, cc_enable_arenas: None, objc_class_prefix: None, csharp_namespace: None, swift_prefix: None, php_class_prefix: None, php_namespace: None, php_metadata_namespace: None, ruby_package: None, uninterpreted_option: [] }), source_code_info: None, syntax: Some("proto3") }] }}, routes: {"Calculator/calculateOne": (FileDescriptorSet { file: [FileDescriptorProto { name: Some("area_calculator.proto"), package: Some("area_calculator"), dependency: [], public_dependency: [], weak_dependency: [], message_type: [DescriptorProto { name: Some("ShapeMessage"), field: [FieldDescriptorProto { name: Some("square"), number: Some(1), label: Some(Optional), r#type: Some(Message), type_name: Some(".area_calculator.Square"), extendee: None, default_value: None, oneof_index: Some(0), json_name: Some("square"), options: None, proto3_optional: None }, FieldDescriptorProto { name: Some("rectangle"), number: Some(2), label: Some(Optional), r#type: Some(Message), type_name: Some(".area_calculator.Rectangle"), extendee: None, default_value: None, oneof_index: Some(0), json_name: Some("rectangle"), options: None, proto3_optional: None }, FieldDescriptorProto { name: Some("circle"), number: Some(3), label: Some(Optional), r#type: Some(Message), type_name: Some(".area_calculator.Circle"), extendee: None, default_value: None, oneof_index: Some(0), json_name: Some("circle"), options: None, proto3_optional: None }, FieldDescriptorProto { name: Some("triangle"), number: Some(4), label: Some(Optional), r#type: Some(Message), type_name: Some(".area_calculator.Triangle"), extendee: None, default_value: None, oneof_index: Some(0), json_name: Some("triangle"), options: None, proto3_optional: None }, FieldDescriptorProto { name: Some("parallelogram"), number: Some(5), label: Some(Optional), r#type: Some(Message), type_name: Some(".area_calculator.Parallelogram"), extendee: None, default_value: None, oneof_index: Some(0), json_name: Some("parallelogram"), options: None, proto3_optional: None }], extension: [], nested_type: [], enum_type: [], extension_range: [], oneof_decl: [OneofDescriptorProto { name: Some("shape"), options: None }], options: None, reserved_range: [], reserved_name: [] }, DescriptorProto { name: Some("Square"), field: [FieldDescriptorProto { name: Some("edge_length"), number: Some(1), label: Some(Optional), r#type: Some(Float), type_name: None, extendee: None, default_value: None, oneof_index: None, json_name: Some("edgeLength"), options: None, proto3_optional: None }], extension: [], nested_type: [], enum_type: [], extension_range: [], oneof_decl: [], options: None, reserved_range: [], reserved_name: [] }, DescriptorProto { name: Some("Rectangle"), field: [FieldDescriptorProto { name: Some("length"), number: Some(1), label: Some(Optional), r#type: Some(Float), type_name: None, extendee: None, default_value: None, oneof_index: None, json_name: Some("length"), options: None, proto3_optional: None }, FieldDescriptorProto { name: Some("width"), number: Some(2), label: Some(Optional), r#type: Some(Float), type_name: None, extendee: None, default_value: None, oneof_index: None, json_name: Some("width"), options: None, proto3_optional: None }], extension: [], nested_type: [], enum_type: [], extension_range: [], oneof_decl: [], options: None, reserved_range: [], reserved_name: [] }, DescriptorProto { name: Some("Circle"), field: [FieldDescriptorProto { name: Some("radius"), number: Some(1), label: Some(Optional), r#type: Some(Float), type_name: None, extendee: None, default_value: None, oneof_index: None, json_name: Some("radius"), options: None, proto3_optional: None }], extension: [], nested_type: [], enum_type: [], extension_range: [], oneof_decl: [], options: None, reserved_range: [], reserved_name: [] }, DescriptorProto { name: Some("Triangle"), field: [FieldDescriptorProto { name: Some("edge_a"), number: Some(1), label: Some(Optional), r#type: Some(Float), type_name: None, extendee: None, default_value: None, oneof_index: None, json_name: Some("edgeA"), options: None, proto3_optional: None }, FieldDescriptorProto { name: Some("edge_b"), number: Some(2), label: Some(Optional), r#type: Some(Float), type_name: None, extendee: None, default_value: None, oneof_index: None, json_name: Some("edgeB"), options: None, proto3_optional: None }, FieldDescriptorProto { name: Some("edge_c"), number: Some(3), label: Some(Optional), r#type: Some(Float), type_name: None, extendee: None, default_value: None, oneof_index: None, json_name: Some("edgeC"), options: None, proto3_optional: None }], extension: [], nested_type: [], enum_type: [], extension_range: [], oneof_decl: [], options: None, reserved_range: [], reserved_name: [] }, DescriptorProto { name: Some("Parallelogram"), field: [FieldDescriptorProto { name: Some("base_length"), number: Some(1), label: Some(Optional), r#type: Some(Float), type_name: None, extendee: None, default_value: None, oneof_index: None, json_name: Some("baseLength"), options: None, proto3_optional: None }, FieldDescriptorProto { name: Some("height"), number: Some(2), label: Some(Optional), r#type: Some(Float), type_name: None, extendee: None, default_value: None, oneof_index: None, json_name: Some("height"), options: None, proto3_optional: None }], extension: [], nested_type: [], enum_type: [], extension_range: [], oneof_decl: [], options: None, reserved_range: [], reserved_name: [] }, DescriptorProto { name: Some("AreaRequest"), field: [FieldDescriptorProto { name: Some("shapes"), number: Some(1), label: Some(Repeated), r#type: Some(Message), type_name: Some(".area_calculator.ShapeMessage"), extendee: None, default_value: None, oneof_index: None, json_name: Some("shapes"), options: None, proto3_optional: None }], extension: [], nested_type: [], enum_type: [], extension_range: [], oneof_decl: [], options: None, reserved_range: [], reserved_name: [] }, DescriptorProto { name: Some("AreaResponse"), field: [FieldDescriptorProto { name: Some("value"), number: Some(1), label: Some(Repeated), r#type: Some(Float), type_name: None, extendee: None, default_value: None, oneof_index: None, json_name: Some("value"), options: None, proto3_optional: None }], extension: [], nested_type: [], enum_type: [], extension_range: [], oneof_decl: [], options: None, reserved_range: [], reserved_name: [] }], enum_type: [], service: [ServiceDescriptorProto { name: Some("Calculator"), method: [MethodDescriptorProto { name: Some("calculateOne"), input_type: Some(".area_calculator.ShapeMessage"), output_type: Some(".area_calculator.AreaResponse"), options: Some(MethodOptions { deprecated: None, idempotency_level: None, uninterpreted_option: [] }), client_streaming: None, server_streaming: None }, MethodDescriptorProto { name: Some("calculateMulti"), input_type: Some(".area_calculator.AreaRequest"), output_type: Some(".area_calculator.AreaResponse"), options: Some(MethodOptions { deprecated: None, idempotency_level: None, uninterpreted_option: [] }), client_streaming: None, server_streaming: None }], options: None }], extension: [], options: Some(FileOptions { java_package: None, java_outer_classname: None, java_multiple_files: None, java_generate_equals_and_hash: None, java_string_check_utf8: None, optimize_for: None, go_package: Some("io.pact/area_calculator"), cc_generic_services: None, java_generic_services: None, py_generic_services: None, php_generic_services: Some(true), deprecated: None, cc_enable_arenas: None, objc_class_prefix: None, csharp_namespace: None, swift_prefix: None, php_class_prefix: None, php_namespace: None, php_metadata_namespace: None, ruby_package: None, uninterpreted_option: [] }), source_code_info: None, syntax: Some("proto3") }] }, MethodDescriptorProto { name: Some("calculateOne"), input_type: Some(".area_calculator.ShapeMessage"), output_type: Some(".area_calculator.AreaResponse"), options: Some(MethodOptions { deprecated: None, idempotency_level: None, uninterpreted_option: [] }), client_streaming: None, server_streaming: None }, SynchronousMessage { id: None, key: Some("c7fbe3ee"), description: "calculate rectangle area request", provider_states: [], comments: {"testname": String("io.pact.example.grpc.consumer.PactConsumerTest.calculateRectangleArea(MockServer, SynchronousMessages)")}, request: MessageContents { contents: Present(b"\x12\n\r\0\0@@\x15\0\0\x80@", Some(ContentType { main_type: "application", sub_type: "protobuf", attributes: {"message": "ShapeMessage"}, suffix: None }), Some(BINARY)), metadata: {}, matching_rules: MatchingRules { rules: {BODY: MatchingRuleCategory { name: BODY, rules: {DocPath { path_tokens: [Root, Field("rectangle"), Field("length")], expr: "$.rectangle.length" }: RuleList { rules: [Number], rule_logic: And, cascaded: false }, DocPath { path_tokens: [Root, Field("rectangle"), Field("width")], expr: "$.rectangle.width" }: RuleList { rules: [Number], rule_logic: And, cascaded: false }} }} }, generators: Generators { categories: {} } }, response: [MessageContents { contents: Present(b"\r\0\0@A", Some(ContentType { main_type: "application", sub_type: "protobuf", attributes: {"message": "AreaResponse"}, suffix: None }), Some(BINARY)), metadata: {}, matching_rules: MatchingRules { rules: {BODY: MatchingRuleCategory { name: BODY, rules: {DocPath { path_tokens: [Root, Field("value")], expr: "$.value" }: RuleList { rules: [Number], rule_logic: And, cascaded: false }} }} }, generators: Generators { categories: {} } }], pending: false, plugin_config: {"protobuf": {"service": String("Calculator/calculateOne"), "descriptorKey": String("a85dff8f82655a9681aad113575dcfbb")}}, interaction_markup: InteractionMarkup { markup: "```protobuf\nmessage ShapeMessage {\n    message .area_calculator.Rectangle rectangle = 2;\n}\n```\n\n```protobuf\nmessage AreaResponse {\n    float value = 1;\n}\n```\n", markup_type: "COMMON_MARK" }, transport: None })}, server_key: "5cae5f82-fec2-43c6-9739-60d0383d84ec" } ?[3mreq?[0m?[2m=?[0mRequest { method: POST, uri: http://127.0.0.1:53791/area_calculator.Calculator/calculateOne, version: HTTP/2.0, headers: {"content-type": "application/grpc", "te": "trailers", "user-agent": "grpc-java-netty/1.49.0", "grpc-accept-encoding": "gzip"}, body: Body(Streaming) }?[1m}?[0m?[2m:?[0m?[1mmock_server_handler?[0m?[1m{?[0m?[3mkey?[0m?[2m=?[0m"5cae5f82-fec2-43c6-9739-60d0383d84ec"?[1m}?[0m?[2m:?[0m?[1mhandle_message?[0m?[1m{?[0m?[3mself?[0m?[2m=?[0mMockService { file_descriptor_set: FileDescriptorSet { file: [FileDescriptorProto { name: Some("area_calculator.proto"), package: Some("area_calculator"), dependency: [], public_dependency: [], weak_dependency: [], message_type: [DescriptorProto { name: Some("ShapeMessage"), field: [FieldDescriptorProto { name: Some("square"), number: Some(1), label: Some(Optional), r#type: Some(Message), type_name: Some(".area_calculator.Square"), extendee: None, default_value: None, oneof_index: Some(0), json_name: Some("square"), options: None, proto3_optional: None }, FieldDescriptorProto { name: Some("rectangle"), number: Some(2), label: Some(Optional), r#type: Some(Message), type_name: Some(".area_calculator.Rectangle"), extendee: None, default_value: None, oneof_index: Some(0), json_name: Some("rectangle"), options: None, proto3_optional: None }, FieldDescriptorProto { name: Some("circle"), number: Some(3), label: Some(Optional), r#type: Some(Message), type_name: Some(".area_calculator.Circle"), extendee: None, default_value: None, oneof_index: Some(0), json_name: Some("circle"), options: None, proto3_optional: None }, FieldDescriptorProto { name: Some("triangle"), number: Some(4), label: Some(Optional), r#type: Some(Message), type_name: Some(".area_calculator.Triangle"), extendee: None, default_value: None, oneof_index: Some(0), json_name: Some("triangle"), options: None, proto3_optional: None }, FieldDescriptorProto { name: Some("parallelogram"), number: Some(5), label: Some(Optional), r#type: Some(Message), type_name: Some(".area_calculator.Parallelogram"), extendee: None, default_value: None, oneof_index: Some(0), json_name: Some("parallelogram"), options: None, proto3_optional: None }], extension: [], nested_type: [], enum_type: [], extension_range: [], oneof_decl: [OneofDescriptorProto { name: Some("shape"), options: None }], options: None, reserved_range: [], reserved_name: [] }, DescriptorProto { name: Some("Square"), field: [FieldDescriptorProto { name: Some("edge_length"), number: Some(1), label: Some(Optional), r#type: Some(Float), type_name: None, extendee: None, default_value: None, oneof_index: None, json_name: Some("edgeLength"), options: None, proto3_optional: None }], extension: [], nested_type: [], enum_type: [], extension_range: [], oneof_decl: [], options: None, reserved_range: [], reserved_name: [] }, DescriptorProto { name: Some("Rectangle"), field: [FieldDescriptorProto { name: Some("length"), number: Some(1), label: Some(Optional), r#type: Some(Float), type_name: None, extendee: None, default_value: None, oneof_index: None, json_name: Some("length"), options: None, proto3_optional: None }, FieldDescriptorProto { name: Some("width"), number: Some(2), label: Some(Optional), r#type: Some(Float), type_name: None, extendee: None, default_value: None, oneof_index: None, json_name: Some("width"), options: None, proto3_optional: None }], extension: [], nested_type: [], enum_type: [], extension_range: [], oneof_decl: [], options: None, reserved_range: [], reserved_name: [] }, DescriptorProto { name: Some("Circle"), field: [FieldDescriptorProto { name: Some("radius"), number: Some(1), label: Some(Optional), r#type: Some(Float), type_name: None, extendee: None, default_value: None, oneof_index: None, json_name: Some("radius"), options: None, proto3_optional: None }], extension: [], nested_type: [], enum_type: [], extension_range: [], oneof_decl: [], options: None, reserved_range: [], reserved_name: [] }, DescriptorProto { name: Some("Triangle"), field: [FieldDescriptorProto { name: Some("edge_a"), number: Some(1), label: Some(Optional), r#type: Some(Float), type_name: None, extendee: None, default_value: None, oneof_index: None, json_name: Some("edgeA"), options: None, proto3_optional: None }, FieldDescriptorProto { name: Some("edge_b"), number: Some(2), label: Some(Optional), r#type: Some(Float), type_name: None, extendee: None, default_value: None, oneof_index: None, json_name: Some("edgeB"), options: None, proto3_optional: None }, FieldDescriptorProto { name: Some("edge_c"), number: Some(3), label: Some(Optional), r#type: Some(Float), type_name: None, extendee: None, default_value: None, oneof_index: None, json_name: Some("edgeC"), options: None, proto3_optional: None }], extension: [], nested_type: [], enum_type: [], extension_range: [], oneof_decl: [], options: None, reserved_range: [], reserved_name: [] }, DescriptorProto { name: Some("Parallelogram"), field: [FieldDescriptorProto { name: Some("base_length"), number: Some(1), label: Some(Optional), r#type: Some(Float), type_name: None, extendee: None, default_value: None, oneof_index: None, json_name: Some("baseLength"), options: None, proto3_optional: None }, FieldDescriptorProto { name: Some("height"), number: Some(2), label: Some(Optional), r#type: Some(Float), type_name: None, extendee: None, default_value: None, oneof_index: None, json_name: Some("height"), options: None, proto3_optional: None }], extension: [], nested_type: [], enum_type: [], extension_range: [], oneof_decl: [], options: None, reserved_range: [], reserved_name: [] }, DescriptorProto { name: Some("AreaRequest"), field: [FieldDescriptorProto { name: Some("shapes"), number: Some(1), label: Some(Repeated), r#type: Some(Message), type_name: Some(".area_calculator.ShapeMessage"), extendee: None, default_value: None, oneof_index: None, json_name: Some("shapes"), options: None, proto3_optional: None }], extension: [], nested_type: [], enum_type: [], extension_range: [], oneof_decl: [], options: None, reserved_range: [], reserved_name: [] }, DescriptorProto { name: Some("AreaResponse"), field: [FieldDescriptorProto { name: Some("value"), number: Some(1), label: Some(Repeated), r#type: Some(Float), type_name: None, extendee: None, default_value: None, oneof_index: None, json_name: Some("value"), options: None, proto3_optional: None }], extension: [], nested_type: [], enum_type: [], extension_range: [], oneof_decl: [], options: None, reserved_range: [], reserved_name: [] }], enum_type: [], service: [ServiceDescriptorProto { name: Some("Calculator"), method: [MethodDescriptorProto { name: Some("calculateOne"), input_type: Some(".area_calculator.ShapeMessage"), output_type: Some(".area_calculator.AreaResponse"), options: Some(MethodOptions { deprecated: None, idempotency_level: None, uninterpreted_option: [] }), client_streaming: None, server_streaming: None }, MethodDescriptorProto { name: Some("calculateMulti"), input_type: Some(".area_calculator.AreaRequest"), output_type: Some(".area_calculator.AreaResponse"), options: Some(MethodOptions { deprecated: None, idempotency_level: None, uninterpreted_option: [] }), client_streaming: None, server_streaming: None }], options: None }], extension: [], options: Some(FileOptions { java_package: None, java_outer_classname: None, java_multiple_files: None, java_generate_equals_and_hash: None, java_string_check_utf8: None, optimize_for: None, go_package: Some("io.pact/area_calculator"), cc_generic_services: None, java_generic_services: None, py_generic_services: None, php_generic_services: Some(true), deprecated: None, cc_enable_arenas: None, objc_class_prefix: None, csharp_namespace: None, swift_prefix: None, php_class_prefix: None, php_namespace: None, php_metadata_namespace: None, ruby_package: None, uninterpreted_option: [] }), source_code_info: None, syntax: Some("proto3") }] }, service_name: "Calculator", message: SynchronousMessage { id: None, key: Some("c7fbe3ee"), description: "calculate rectangle area request", provider_states: [], comments: {"testname": String("io.pact.example.grpc.consumer.PactConsumerTest.calculateRectangleArea(MockServer, SynchronousMessages)")}, request: MessageContents { contents: Present(b"\x12\n\r\0\0@@\x15\0\0\x80@", Some(ContentType { main_type: "application", sub_type: "protobuf", attributes: {"message": "ShapeMessage"}, suffix: None }), Some(BINARY)), metadata: {}, matching_rules: MatchingRules { rules: {BODY: MatchingRuleCategory { name: BODY, rules: {DocPath { path_tokens: [Root, Field("rectangle"), Field("length")], expr: "$.rectangle.length" }: RuleList { rules: [Number], rule_logic: And, cascaded: false }, DocPath { path_tokens: [Root, Field("rectangle"), Field("width")], expr: "$.rectangle.width" }: RuleList { rules: [Number], rule_logic: And, cascaded: false }} }} }, generators: Generators { categories: {} } }, response: [MessageContents { contents: Present(b"\r\0\0@A", Some(ContentType { main_type: "application", sub_type: "protobuf", attributes: {"message": "AreaResponse"}, suffix: None }), Some(BINARY)), metadata: {}, matching_rules: MatchingRules { rules: {BODY: MatchingRuleCategory { name: BODY, rules: {DocPath { path_tokens: [Root, Field("value")], expr: "$.value" }: RuleList { rules: [Number], rule_logic: And, cascaded: false }} }} }, generators: Generators { categories: {} } }], pending: false, plugin_config: {"protobuf": {"service": String("Calculator/calculateOne"), "descriptorKey": String("a85dff8f82655a9681aad113575dcfbb")}}, interaction_markup: InteractionMarkup { markup: "```protobuf\nmessage ShapeMessage {\n    message .area_calculator.Rectangle rectangle = 2;\n}\n```\n\n```protobuf\nmessage AreaResponse {\n    float value = 1;\n}\n```\n", markup_type: "COMMON_MARK" }, transport: None }, method_descriptor: MethodDescriptorProto { name: Some("calculateOne"), input_type: Some(".area_calculator.ShapeMessage"), output_type: Some(".area_calculator.AreaResponse"), options: Some(MethodOptions { deprecated: None, idempotency_level: None, uninterpreted_option: [] }), client_streaming: None, server_streaming: None }, input_message: DescriptorProto { name: Some("ShapeMessage"), field: [FieldDescriptorProto { name: Some("square"), number: Some(1), label: Some(Optional), r#type: Some(Message), type_name: Some(".area_calculator.Square"), extendee: None, default_value: None, oneof_index: Some(0), json_name: Some("square"), options: None, proto3_optional: None }, FieldDescriptorProto { name: Some("rectangle"), number: Some(2), label: Some(Optional), r#type: Some(Message), type_name: Some(".area_calculator.Rectangle"), extendee: None, default_value: None, oneof_index: Some(0), json_name: Some("rectangle"), options: None, proto3_optional: None }, FieldDescriptorProto { name: Some("circle"), number: Some(3), label: Some(Optional), r#type: Some(Message), type_name: Some(".area_calculator.Circle"), extendee: None, default_value: None, oneof_index: Some(0), json_name: Some("circle"), options: None, proto3_optional: None }, FieldDescriptorProto { name: Some("triangle"), number: Some(4), label: Some(Optional), r#type: Some(Message), type_name: Some(".area_calculator.Triangle"), extendee: None, default_value: None, oneof_index: Some(0), json_name: Some("triangle"), options: None, proto3_optional: None }, FieldDescriptorProto { name: Some("parallelogram"), number: Some(5), label: Some(Optional), r#type: Some(Message), type_name: Some(".area_calculator.Parallelogram"), extendee: None, default_value: None, oneof_index: Some(0), json_name: Some("parallelogram"), options: None, proto3_optional: None }], extension: [], nested_type: [], enum_type: [], extension_range: [], oneof_decl: [OneofDescriptorProto { name: Some("shape"), options: None }], options: None, reserved_range: [], reserved_name: [] }, output_message: DescriptorProto { name: Some("AreaResponse"), field: [FieldDescriptorProto { name: Some("value"), number: Some(1), label: Some(Repeated), r#type: Some(Float), type_name: None, extendee: None, default_value: None, oneof_index: None, json_name: Some("value"), options: None, proto3_optional: None }], extension: [], nested_type: [], enum_type: [], extension_range: [], oneof_decl: [], options: None, reserved_range: [], reserved_name: [] }, server_key: "5cae5f82-fec2-43c6-9739-60d0383d84ec" } ?[3mrequest?[0m?[2m=?[0mDynamicMessage { descriptor: DescriptorProto { name: Some("ShapeMessage"), field: [FieldDescriptorProto { name: Some("square"), number: Some(1), label: Some(Optional), r#type: Some(Message), type_name: Some(".area_calculator.Square"), extendee: None, default_value: None, oneof_index: Some(0), json_name: Some("square"), options: None, proto3_optional: None }, FieldDescriptorProto { name: Some("rectangle"), number: Some(2), label: Some(Optional), r#type: Some(Message), type_name: Some(".area_calculator.Rectangle"), extendee: None, default_value: None, oneof_index: Some(0), json_name: Some("rectangle"), options: None, proto3_optional: None }, FieldDescriptorProto { name: Some("circle"), number: Some(3), label: Some(Optional), r#type: Some(Message), type_name: Some(".area_calculator.Circle"), extendee: None, default_value: None, oneof_index: Some(0), json_name: Some("circle"), options: None, proto3_optional: None }, FieldDescriptorProto { name: Some("triangle"), number: Some(4), label: Some(Optional), r#type: Some(Message), type_name: Some(".area_calculator.Triangle"), extendee: None, default_value: None, oneof_index: Some(0), json_name: Some("triangle"), options: None, proto3_optional: None }, FieldDescriptorProto { name: Some("parallelogram"), number: Some(5), label: Some(Optional), r#type: Some(Message), type_name: Some(".area_calculator.Parallelogram"), extendee: None, default_value: None, oneof_index: Some(0), json_name: Some("parallelogram"), options: None, proto3_optional: None }], extension: [], nested_type: [], enum_type: [], extension_range: [], oneof_decl: [OneofDescriptorProto { name: Some("shape"), options: None }], options: None, reserved_range: [], reserved_name: [] }, fields: [ProtobufField { field_num: 2, wire_type: LengthDelimited, data: Message([13, 0, 0, 64, 64, 21, 0, 0, 128, 64], DescriptorProto { name: Some("Rectangle"), field: [FieldDescriptorProto { name: Some("length"), number: Some(1), label: Some(Optional), r#type: Some(Float), type_name: None, extendee: None, default_value: None, oneof_index: None, json_name: Some("length"), options: None, proto3_optional: None }, FieldDescriptorProto { name: Some("width"), number: Some(2), label: Some(Optional), r#type: Some(Float), type_name: None, extendee: None, default_value: None, oneof_index: None, json_name: Some("width"), options: None, proto3_optional: None }], extension: [], nested_type: [], enum_type: [], extension_range: [], oneof_decl: [], options: None, reserved_range: [], reserved_name: [] }) }] } ?[3mmessage_descriptor?[0m?[2m=?[0mDescriptorProto { name: Some("ShapeMessage"), field: [FieldDescriptorProto { name: Some("square"), number: Some(1), label: Some(Optional), r#type: Some(Message), type_name: Some(".area_calculator.Square"), extendee: None, default_value: None, oneof_index: Some(0), json_name: Some("square"), options: None, proto3_optional: None }, FieldDescriptorProto { name: Some("rectangle"), number: Some(2), label: Some(Optional), r#type: Some(Message), type_name: Some(".area_calculator.Rectangle"), extendee: None, default_value: None, oneof_index: Some(0), json_name: Some("rectangle"), options: None, proto3_optional: None }, FieldDescriptorProto { name: Some("circle"), number: Some(3), label: Some(Optional), r#type: Some(Message), type_name: Some(".area_calculator.Circle"), extendee: None, default_value: None, oneof_index: Some(0), json_name: Some("circle"), options: None, proto3_optional: None }, FieldDescriptorProto { name: Some("triangle"), number: Some(4), label: Some(Optional), r#type: Some(Message), type_name: Some(".area_calculator.Triangle"), extendee: None, default_value: None, oneof_index: Some(0), json_name: Some("triangle"), options: None, proto3_optional: None }, FieldDescriptorProto { name: Some("parallelogram"), number: Some(5), label: Some(Optional), r#type: Some(Message), type_name: Some(".area_calculator.Parallelogram"), extendee: None, default_value: None, oneof_index: Some(0), json_name: Some("parallelogram"), options: None, proto3_optional: None }], extension: [], nested_type: [], enum_type: [], extension_range: [], oneof_decl: [OneofDescriptorProto { name: Some("shape"), options: None }], options: None, reserved_range: [], reserved_name: [] } ?[3mresponse_descriptor?[0m?[2m=?[0mDescriptorProto { name: Some("AreaResponse"), field: [FieldDescriptorProto { name: Some("value"), number: Some(1), label: Some(Repeated), r#type: Some(Float), type_name: None, extendee: None, default_value: None, oneof_index: None, json_name: Some("value"), options: None, proto3_optional: None }], extension: [], nested_type: [], enum_type: [], extension_range: [], oneof_decl: [], options: None, reserved_range: [], reserved_name: [] }?[1m}?[0m?[2m:?[0m ?[2mpact_protobuf_plugin::matching?[0m?[2m:?[0m Comparing message field square:1
15:05:16.525 [Thread-5] DEBUG i.pact.plugins.jvm.core.ChildProcess - Plugin protobuf [46038] || ?[2m2023-03-27T09:35:16.523935Z?[0m ?[35mTRACE?[0m tokio-runtime-worker ?[1mrequest?[0m?[1m{?[0m?[3mmethod?[0m?[2m=?[0mPOST ?[3muri?[0m?[2m=?[0mhttp://127.0.0.1:53791/area_calculator.Calculator/calculateOne ?[3mversion?[0m?[2m=?[0mHTTP/2.0?[1m}?[0m?[2m:?[0m?[1mcall?[0m?[1m{?[0m?[3mself?[0m?[2m=?[0mGrpcMockServer { pact: V4Pact { consumer: Consumer { name: "grpc-consumer-jvm" }, provider: Provider { name: "area-calculator-provider" }, interactions: [SynchronousMessage { id: None, key: Some("c7fbe3ee"), description: "calculate rectangle area request", provider_states: [], comments: {"testname": String("io.pact.example.grpc.consumer.PactConsumerTest.calculateRectangleArea(MockServer, SynchronousMessages)")}, request: MessageContents { contents: Present(b"\x12\n\r\0\0@@\x15\0\0\x80@", Some(ContentType { main_type: "application", sub_type: "protobuf", attributes: {"message": "ShapeMessage"}, suffix: None }), Some(BINARY)), metadata: {}, matching_rules: MatchingRules { rules: {BODY: MatchingRuleCategory { name: BODY, rules: {DocPath { path_tokens: [Root, Field("rectangle"), Field("length")], expr: "$.rectangle.length" }: RuleList { rules: [Number], rule_logic: And, cascaded: false }, DocPath { path_tokens: [Root, Field("rectangle"), Field("width")], expr: "$.rectangle.width" }: RuleList { rules: [Number], rule_logic: And, cascaded: false }} }} }, generators: Generators { categories: {} } }, response: [MessageContents { contents: Present(b"\r\0\0@A", Some(ContentType { main_type: "application", sub_type: "protobuf", attributes: {"message": "AreaResponse"}, suffix: None }), Some(BINARY)), metadata: {}, matching_rules: MatchingRules { rules: {BODY: MatchingRuleCategory { name: BODY, rules: {DocPath { path_tokens: [Root, Field("value")], expr: "$.value" }: RuleList { rules: [Number], rule_logic: And, cascaded: false }} }} }, generators: Generators { categories: {} } }], pending: false, plugin_config: {"protobuf": {"service": String("Calculator/calculateOne"), "descriptorKey": String("a85dff8f82655a9681aad113575dcfbb")}}, interaction_markup: InteractionMarkup { markup: "```protobuf\nmessage ShapeMessage {\n    message .area_calculator.Rectangle rectangle = 2;\n}\n```\n\n```protobuf\nmessage AreaResponse {\n    float value = 1;\n}\n```\n", markup_type: "COMMON_MARK" }, transport: None }], metadata: {"pact-jvm": Object({"version": String("4.4.2")}), "pactSpecification": Object({"version": String("4.0")})}, plugin_data: [PluginData { name: "protobuf", version: "0.1.5", configuration: {"a85dff8f82655a9681aad113575dcfbb": Object({"protoDescriptors": String("CsoHChVhcmVhX2NhbGN1bGF0b3IucHJvdG8SD2FyZWFfY2FsY3VsYXRvciK6AgoMU2hhcGVNZXNzYWdlEjEKBnNxdWFyZRgBIAEoCzIXLmFyZWFfY2FsY3VsYXRvci5TcXVhcmVIAFIGc3F1YXJlEjoKCXJlY3RhbmdsZRgCIAEoCzIaLmFyZWFfY2FsY3VsYXRvci5SZWN0YW5nbGVIAFIJcmVjdGFuZ2xlEjEKBmNpcmNsZRgDIAEoCzIXLmFyZWFfY2FsY3VsYXRvci5DaXJjbGVIAFIGY2lyY2xlEjcKCHRyaWFuZ2xlGAQgASgLMhkuYXJlYV9jYWxjdWxhdG9yLlRyaWFuZ2xlSABSCHRyaWFuZ2xlEkYKDXBhcmFsbGVsb2dyYW0YBSABKAsyHi5hcmVhX2NhbGN1bGF0b3IuUGFyYWxsZWxvZ3JhbUgAUg1wYXJhbGxlbG9ncmFtQgcKBXNoYXBlIikKBlNxdWFyZRIfCgtlZGdlX2xlbmd0aBgBIAEoAlIKZWRnZUxlbmd0aCI5CglSZWN0YW5nbGUSFgoGbGVuZ3RoGAEgASgCUgZsZW5ndGgSFAoFd2lkdGgYAiABKAJSBXdpZHRoIiAKBkNpcmNsZRIWCgZyYWRpdXMYASABKAJSBnJhZGl1cyJPCghUcmlhbmdsZRIVCgZlZGdlX2EYASABKAJSBWVkZ2VBEhUKBmVkZ2VfYhgCIAEoAlIFZWRnZUISFQoGZWRnZV9jGAMgASgCUgVlZGdlQyJICg1QYXJhbGxlbG9ncmFtEh8KC2Jhc2VfbGVuZ3RoGAEgASgCUgpiYXNlTGVuZ3RoEhYKBmhlaWdodBgCIAEoAlIGaGVpZ2h0IkQKC0FyZWFSZXF1ZXN0EjUKBnNoYXBlcxgBIAMoCzIdLmFyZWFfY2FsY3VsYXRvci5TaGFwZU1lc3NhZ2VSBnNoYXBlcyIkCgxBcmVhUmVzcG9uc2USFAoFdmFsdWUYASADKAJSBXZhbHVlMq0BCgpDYWxjdWxhdG9yEk4KDGNhbGN1bGF0ZU9uZRIdLmFyZWFfY2FsY3VsYXRvci5TaGFwZU1lc3NhZ2UaHS5hcmVhX2NhbGN1bGF0b3IuQXJlYVJlc3BvbnNlIgASTwoOY2FsY3VsYXRlTXVsdGkSHC5hcmVhX2NhbGN1bGF0b3IuQXJlYVJlcXVlc3QaHS5hcmVhX2NhbGN1bGF0b3IuQXJlYVJlc3BvbnNlIgBCHFoXaW8ucGFjdC9hcmVhX2NhbGN1bGF0b3LQAgFiBnByb3RvMw=="), "protoFile": String("syntax = \"proto3\";\n\npackage area_calculator;\n\noption php_generic_services = true;\noption go_package = \"io.pact/area_calculator\";\n\nservice Calculator {\n  rpc calculateOne (ShapeMessage) returns (AreaResponse) {}\n  rpc calculateMulti (AreaRequest) returns (AreaResponse) {}\n}\n\nmessage ShapeMessage {\n  oneof shape {\n    Square square = 1;\n    Rectangle rectangle = 2;\n    Circle circle = 3;\n    Triangle triangle = 4;\n    Parallelogram parallelogram = 5;\n  }\n}\n\nmessage Square {\n  float edge_length = 1;\n}\n\nmessage Rectangle {\n  float length = 1;\n  float width = 2;\n}\n\nmessage Circle {\n  float radius = 1;\n}\n\nmessage Triangle {\n  float edge_a = 1;\n  float edge_b = 2;\n  float edge_c = 3;\n}\n\nmessage Parallelogram {\n  float base_length = 1;\n  float height = 2;\n}\n\nmessage AreaRequest {\n  repeated ShapeMessage shapes = 1;\n}\n\nmessage AreaResponse {\n  repeated float value = 1;\n}\n")})} }] }, plugin_config: PluginData { name: "protobuf", version: "0.1.5", configuration: {"a85dff8f82655a9681aad113575dcfbb": Object({"protoDescriptors": String("CsoHChVhcmVhX2NhbGN1bGF0b3IucHJvdG8SD2FyZWFfY2FsY3VsYXRvciK6AgoMU2hhcGVNZXNzYWdlEjEKBnNxdWFyZRgBIAEoCzIXLmFyZWFfY2FsY3VsYXRvci5TcXVhcmVIAFIGc3F1YXJlEjoKCXJlY3RhbmdsZRgCIAEoCzIaLmFyZWFfY2FsY3VsYXRvci5SZWN0YW5nbGVIAFIJcmVjdGFuZ2xlEjEKBmNpcmNsZRgDIAEoCzIXLmFyZWFfY2FsY3VsYXRvci5DaXJjbGVIAFIGY2lyY2xlEjcKCHRyaWFuZ2xlGAQgASgLMhkuYXJlYV9jYWxjdWxhdG9yLlRyaWFuZ2xlSABSCHRyaWFuZ2xlEkYKDXBhcmFsbGVsb2dyYW0YBSABKAsyHi5hcmVhX2NhbGN1bGF0b3IuUGFyYWxsZWxvZ3JhbUgAUg1wYXJhbGxlbG9ncmFtQgcKBXNoYXBlIikKBlNxdWFyZRIfCgtlZGdlX2xlbmd0aBgBIAEoAlIKZWRnZUxlbmd0aCI5CglSZWN0YW5nbGUSFgoGbGVuZ3RoGAEgASgCUgZsZW5ndGgSFAoFd2lkdGgYAiABKAJSBXdpZHRoIiAKBkNpcmNsZRIWCgZyYWRpdXMYASABKAJSBnJhZGl1cyJPCghUcmlhbmdsZRIVCgZlZGdlX2EYASABKAJSBWVkZ2VBEhUKBmVkZ2VfYhgCIAEoAlIFZWRnZUISFQoGZWRnZV9jGAMgASgCUgVlZGdlQyJICg1QYXJhbGxlbG9ncmFtEh8KC2Jhc2VfbGVuZ3RoGAEgASgCUgpiYXNlTGVuZ3RoEhYKBmhlaWdodBgCIAEoAlIGaGVpZ2h0IkQKC0FyZWFSZXF1ZXN0EjUKBnNoYXBlcxgBIAMoCzIdLmFyZWFfY2FsY3VsYXRvci5TaGFwZU1lc3NhZ2VSBnNoYXBlcyIkCgxBcmVhUmVzcG9uc2USFAoFdmFsdWUYASADKAJSBXZhbHVlMq0BCgpDYWxjdWxhdG9yEk4KDGNhbGN1bGF0ZU9uZRIdLmFyZWFfY2FsY3VsYXRvci5TaGFwZU1lc3NhZ2UaHS5hcmVhX2NhbGN1bGF0b3IuQXJlYVJlc3BvbnNlIgASTwoOY2FsY3VsYXRlTXVsdGkSHC5hcmVhX2NhbGN1bGF0b3IuQXJlYVJlcXVlc3QaHS5hcmVhX2NhbGN1bGF0b3IuQXJlYVJlc3BvbnNlIgBCHFoXaW8ucGFjdC9hcmVhX2NhbGN1bGF0b3LQAgFiBnByb3RvMw=="), "protoFile": String("syntax = \"proto3\";\n\npackage area_calculator;\n\noption php_generic_services = true;\noption go_package = \"io.pact/area_calculator\";\n\nservice Calculator {\n  rpc calculateOne (ShapeMessage) returns (AreaResponse) {}\n  rpc calculateMulti (AreaRequest) returns (AreaResponse) {}\n}\n\nmessage ShapeMessage {\n  oneof shape {\n    Square square = 1;\n    Rectangle rectangle = 2;\n    Circle circle = 3;\n    Triangle triangle = 4;\n    Parallelogram parallelogram = 5;\n  }\n}\n\nmessage Square {\n  float edge_length = 1;\n}\n\nmessage Rectangle {\n  float length = 1;\n  float width = 2;\n}\n\nmessage Circle {\n  float radius = 1;\n}\n\nmessage Triangle {\n  float edge_a = 1;\n  float edge_b = 2;\n  float edge_c = 3;\n}\n\nmessage Parallelogram {\n  float base_length = 1;\n  float height = 2;\n}\n\nmessage AreaRequest {\n  repeated ShapeMessage shapes = 1;\n}\n\nmessage AreaResponse {\n  repeated float value = 1;\n}\n")})} }, descriptors: {"a85dff8f82655a9681aad113575dcfbb": FileDescriptorSet { file: [FileDescriptorProto { name: Some("area_calculator.proto"), package: Some("area_calculator"), dependency: [], public_dependency: [], weak_dependency: [], message_type: [DescriptorProto { name: Some("ShapeMessage"), field: [FieldDescriptorProto { name: Some("square"), number: Some(1), label: Some(Optional), r#type: Some(Message), type_name: Some(".area_calculator.Square"), extendee: None, default_value: None, oneof_index: Some(0), json_name: Some("square"), options: None, proto3_optional: None }, FieldDescriptorProto { name: Some("rectangle"), number: Some(2), label: Some(Optional), r#type: Some(Message), type_name: Some(".area_calculator.Rectangle"), extendee: None, default_value: None, oneof_index: Some(0), json_name: Some("rectangle"), options: None, proto3_optional: None }, FieldDescriptorProto { name: Some("circle"), number: Some(3), label: Some(Optional), r#type: Some(Message), type_name: Some(".area_calculator.Circle"), extendee: None, default_value: None, oneof_index: Some(0), json_name: Some("circle"), options: None, proto3_optional: None }, FieldDescriptorProto { name: Some("triangle"), number: Some(4), label: Some(Optional), r#type: Some(Message), type_name: Some(".area_calculator.Triangle"), extendee: None, default_value: None, oneof_index: Some(0), json_name: Some("triangle"), options: None, proto3_optional: None }, FieldDescriptorProto { name: Some("parallelogram"), number: Some(5), label: Some(Optional), r#type: Some(Message), type_name: Some(".area_calculator.Parallelogram"), extendee: None, default_value: None, oneof_index: Some(0), json_name: Some("parallelogram"), options: None, proto3_optional: None }], extension: [], nested_type: [], enum_type: [], extension_range: [], oneof_decl: [OneofDescriptorProto { name: Some("shape"), options: None }], options: None, reserved_range: [], reserved_name: [] }, DescriptorProto { name: Some("Square"), field: [FieldDescriptorProto { name: Some("edge_length"), number: Some(1), label: Some(Optional), r#type: Some(Float), type_name: None, extendee: None, default_value: None, oneof_index: None, json_name: Some("edgeLength"), options: None, proto3_optional: None }], extension: [], nested_type: [], enum_type: [], extension_range: [], oneof_decl: [], options: None, reserved_range: [], reserved_name: [] }, DescriptorProto { name: Some("Rectangle"), field: [FieldDescriptorProto { name: Some("length"), number: Some(1), label: Some(Optional), r#type: Some(Float), type_name: None, extendee: None, default_value: None, oneof_index: None, json_name: Some("length"), options: None, proto3_optional: None }, FieldDescriptorProto { name: Some("width"), number: Some(2), label: Some(Optional), r#type: Some(Float), type_name: None, extendee: None, default_value: None, oneof_index: None, json_name: Some("width"), options: None, proto3_optional: None }], extension: [], nested_type: [], enum_type: [], extension_range: [], oneof_decl: [], options: None, reserved_range: [], reserved_name: [] }, DescriptorProto { name: Some("Circle"), field: [FieldDescriptorProto { name: Some("radius"), number: Some(1), label: Some(Optional), r#type: Some(Float), type_name: None, extendee: None, default_value: None, oneof_index: None, json_name: Some("radius"), options: None, proto3_optional: None }], extension: [], nested_type: [], enum_type: [], extension_range: [], oneof_decl: [], options: None, reserved_range: [], reserved_name: [] }, DescriptorProto { name: Some("Triangle"), field: [FieldDescriptorProto { name: Some("edge_a"), number: Some(1), label: Some(Optional), r#type: Some(Float), type_name: None, extendee: None, default_value: None, oneof_index: None, json_name: Some("edgeA"), options: None, proto3_optional: None }, FieldDescriptorProto { name: Some("edge_b"), number: Some(2), label: Some(Optional), r#type: Some(Float), type_name: None, extendee: None, default_value: None, oneof_index: None, json_name: Some("edgeB"), options: None, proto3_optional: None }, FieldDescriptorProto { name: Some("edge_c"), number: Some(3), label: Some(Optional), r#type: Some(Float), type_name: None, extendee: None, default_value: None, oneof_index: None, json_name: Some("edgeC"), options: None, proto3_optional: None }], extension: [], nested_type: [], enum_type: [], extension_range: [], oneof_decl: [], options: None, reserved_range: [], reserved_name: [] }, DescriptorProto { name: Some("Parallelogram"), field: [FieldDescriptorProto { name: Some("base_length"), number: Some(1), label: Some(Optional), r#type: Some(Float), type_name: None, extendee: None, default_value: None, oneof_index: None, json_name: Some("baseLength"), options: None, proto3_optional: None }, FieldDescriptorProto { name: Some("height"), number: Some(2), label: Some(Optional), r#type: Some(Float), type_name: None, extendee: None, default_value: None, oneof_index: None, json_name: Some("height"), options: None, proto3_optional: None }], extension: [], nested_type: [], enum_type: [], extension_range: [], oneof_decl: [], options: None, reserved_range: [], reserved_name: [] }, DescriptorProto { name: Some("AreaRequest"), field: [FieldDescriptorProto { name: Some("shapes"), number: Some(1), label: Some(Repeated), r#type: Some(Message), type_name: Some(".area_calculator.ShapeMessage"), extendee: None, default_value: None, oneof_index: None, json_name: Some("shapes"), options: None, proto3_optional: None }], extension: [], nested_type: [], enum_type: [], extension_range: [], oneof_decl: [], options: None, reserved_range: [], reserved_name: [] }, DescriptorProto { name: Some("AreaResponse"), field: [FieldDescriptorProto { name: Some("value"), number: Some(1), label: Some(Repeated), r#type: Some(Float), type_name: None, extendee: None, default_value: None, oneof_index: None, json_name: Some("value"), options: None, proto3_optional: None }], extension: [], nested_type: [], enum_type: [], extension_range: [], oneof_decl: [], options: None, reserved_range: [], reserved_name: [] }], enum_type: [], service: [ServiceDescriptorProto { name: Some("Calculator"), method: [MethodDescriptorProto { name: Some("calculateOne"), input_type: Some(".area_calculator.ShapeMessage"), output_type: Some(".area_calculator.AreaResponse"), options: Some(MethodOptions { deprecated: None, idempotency_level: None, uninterpreted_option: [] }), client_streaming: None, server_streaming: None }, MethodDescriptorProto { name: Some("calculateMulti"), input_type: Some(".area_calculator.AreaRequest"), output_type: Some(".area_calculator.AreaResponse"), options: Some(MethodOptions { deprecated: None, idempotency_level: None, uninterpreted_option: [] }), client_streaming: None, server_streaming: None }], options: None }], extension: [], options: Some(FileOptions { java_package: None, java_outer_classname: None, java_multiple_files: None, java_generate_equals_and_hash: None, java_string_check_utf8: None, optimize_for: None, go_package: Some("io.pact/area_calculator"), cc_generic_services: None, java_generic_services: None, py_generic_services: None, php_generic_services: Some(true), deprecated: None, cc_enable_arenas: None, objc_class_prefix: None, csharp_namespace: None, swift_prefix: None, php_class_prefix: None, php_namespace: None, php_metadata_namespace: None, ruby_package: None, uninterpreted_option: [] }), source_code_info: None, syntax: Some("proto3") }] }}, routes: {"Calculator/calculateOne": (FileDescriptorSet { file: [FileDescriptorProto { name: Some("area_calculator.proto"), package: Some("area_calculator"), dependency: [], public_dependency: [], weak_dependency: [], message_type: [DescriptorProto { name: Some("ShapeMessage"), field: [FieldDescriptorProto { name: Some("square"), number: Some(1), label: Some(Optional), r#type: Some(Message), type_name: Some(".area_calculator.Square"), extendee: None, default_value: None, oneof_index: Some(0), json_name: Some("square"), options: None, proto3_optional: None }, FieldDescriptorProto { name: Some("rectangle"), number: Some(2), label: Some(Optional), r#type: Some(Message), type_name: Some(".area_calculator.Rectangle"), extendee: None, default_value: None, oneof_index: Some(0), json_name: Some("rectangle"), options: None, proto3_optional: None }, FieldDescriptorProto { name: Some("circle"), number: Some(3), label: Some(Optional), r#type: Some(Message), type_name: Some(".area_calculator.Circle"), extendee: None, default_value: None, oneof_index: Some(0), json_name: Some("circle"), options: None, proto3_optional: None }, FieldDescriptorProto { name: Some("triangle"), number: Some(4), label: Some(Optional), r#type: Some(Message), type_name: Some(".area_calculator.Triangle"), extendee: None, default_value: None, oneof_index: Some(0), json_name: Some("triangle"), options: None, proto3_optional: None }, FieldDescriptorProto { name: Some("parallelogram"), number: Some(5), label: Some(Optional), r#type: Some(Message), type_name: Some(".area_calculator.Parallelogram"), extendee: None, default_value: None, oneof_index: Some(0), json_name: Some("parallelogram"), options: None, proto3_optional: None }], extension: [], nested_type: [], enum_type: [], extension_range: [], oneof_decl: [OneofDescriptorProto { name: Some("shape"), options: None }], options: None, reserved_range: [], reserved_name: [] }, DescriptorProto { name: Some("Square"), field: [FieldDescriptorProto { name: Some("edge_length"), number: Some(1), label: Some(Optional), r#type: Some(Float), type_name: None, extendee: None, default_value: None, oneof_index: None, json_name: Some("edgeLength"), options: None, proto3_optional: None }], extension: [], nested_type: [], enum_type: [], extension_range: [], oneof_decl: [], options: None, reserved_range: [], reserved_name: [] }, DescriptorProto { name: Some("Rectangle"), field: [FieldDescriptorProto { name: Some("length"), number: Some(1), label: Some(Optional), r#type: Some(Float), type_name: None, extendee: None, default_value: None, oneof_index: None, json_name: Some("length"), options: None, proto3_optional: None }, FieldDescriptorProto { name: Some("width"), number: Some(2), label: Some(Optional), r#type: Some(Float), type_name: None, extendee: None, default_value: None, oneof_index: None, json_name: Some("width"), options: None, proto3_optional: None }], extension: [], nested_type: [], enum_type: [], extension_range: [], oneof_decl: [], options: None, reserved_range: [], reserved_name: [] }, DescriptorProto { name: Some("Circle"), field: [FieldDescriptorProto { name: Some("radius"), number: Some(1), label: Some(Optional), r#type: Some(Float), type_name: None, extendee: None, default_value: None, oneof_index: None, json_name: Some("radius"), options: None, proto3_optional: None }], extension: [], nested_type: [], enum_type: [], extension_range: [], oneof_decl: [], options: None, reserved_range: [], reserved_name: [] }, DescriptorProto { name: Some("Triangle"), field: [FieldDescriptorProto { name: Some("edge_a"), number: Some(1), label: Some(Optional), r#type: Some(Float), type_name: None, extendee: None, default_value: None, oneof_index: None, json_name: Some("edgeA"), options: None, proto3_optional: None }, FieldDescriptorProto { name: Some("edge_b"), number: Some(2), label: Some(Optional), r#type: Some(Float), type_name: None, extendee: None, default_value: None, oneof_index: None, json_name: Some("edgeB"), options: None, proto3_optional: None }, FieldDescriptorProto { name: Some("edge_c"), number: Some(3), label: Some(Optional), r#type: Some(Float), type_name: None, extendee: None, default_value: None, oneof_index: None, json_name: Some("edgeC"), options: None, proto3_optional: None }], extension: [], nested_type: [], enum_type: [], extension_range: [], oneof_decl: [], options: None, reserved_range: [], reserved_name: [] }, DescriptorProto { name: Some("Parallelogram"), field: [FieldDescriptorProto { name: Some("base_length"), number: Some(1), label: Some(Optional), r#type: Some(Float), type_name: None, extendee: None, default_value: None, oneof_index: None, json_name: Some("baseLength"), options: None, proto3_optional: None }, FieldDescriptorProto { name: Some("height"), number: Some(2), label: Some(Optional), r#type: Some(Float), type_name: None, extendee: None, default_value: None, oneof_index: None, json_name: Some("height"), options: None, proto3_optional: None }], extension: [], nested_type: [], enum_type: [], extension_range: [], oneof_decl: [], options: None, reserved_range: [], reserved_name: [] }, DescriptorProto { name: Some("AreaRequest"), field: [FieldDescriptorProto { name: Some("shapes"), number: Some(1), label: Some(Repeated), r#type: Some(Message), type_name: Some(".area_calculator.ShapeMessage"), extendee: None, default_value: None, oneof_index: None, json_name: Some("shapes"), options: None, proto3_optional: None }], extension: [], nested_type: [], enum_type: [], extension_range: [], oneof_decl: [], options: None, reserved_range: [], reserved_name: [] }, DescriptorProto { name: Some("AreaResponse"), field: [FieldDescriptorProto { name: Some("value"), number: Some(1), label: Some(Repeated), r#type: Some(Float), type_name: None, extendee: None, default_value: None, oneof_index: None, json_name: Some("value"), options: None, proto3_optional: None }], extension: [], nested_type: [], enum_type: [], extension_range: [], oneof_decl: [], options: None, reserved_range: [], reserved_name: [] }], enum_type: [], service: [ServiceDescriptorProto { name: Some("Calculator"), method: [MethodDescriptorProto { name: Some("calculateOne"), input_type: Some(".area_calculator.ShapeMessage"), output_type: Some(".area_calculator.AreaResponse"), options: Some(MethodOptions { deprecated: None, idempotency_level: None, uninterpreted_option: [] }), client_streaming: None, server_streaming: None }, MethodDescriptorProto { name: Some("calculateMulti"), input_type: Some(".area_calculator.AreaRequest"), output_type: Some(".area_calculator.AreaResponse"), options: Some(MethodOptions { deprecated: None, idempotency_level: None, uninterpreted_option: [] }), client_streaming: None, server_streaming: None }], options: None }], extension: [], options: Some(FileOptions { java_package: None, java_outer_classname: None, java_multiple_files: None, java_generate_equals_and_hash: None, java_string_check_utf8: None, optimize_for: None, go_package: Some("io.pact/area_calculator"), cc_generic_services: None, java_generic_services: None, py_generic_services: None, php_generic_services: Some(true), deprecated: None, cc_enable_arenas: None, objc_class_prefix: None, csharp_namespace: None, swift_prefix: None, php_class_prefix: None, php_namespace: None, php_metadata_namespace: None, ruby_package: None, uninterpreted_option: [] }), source_code_info: None, syntax: Some("proto3") }] }, MethodDescriptorProto { name: Some("calculateOne"), input_type: Some(".area_calculator.ShapeMessage"), output_type: Some(".area_calculator.AreaResponse"), options: Some(MethodOptions { deprecated: None, idempotency_level: None, uninterpreted_option: [] }), client_streaming: None, server_streaming: None }, SynchronousMessage { id: None, key: Some("c7fbe3ee"), description: "calculate rectangle area request", provider_states: [], comments: {"testname": String("io.pact.example.grpc.consumer.PactConsumerTest.calculateRectangleArea(MockServer, SynchronousMessages)")}, request: MessageContents { contents: Present(b"\x12\n\r\0\0@@\x15\0\0\x80@", Some(ContentType { main_type: "application", sub_type: "protobuf", attributes: {"message": "ShapeMessage"}, suffix: None }), Some(BINARY)), metadata: {}, matching_rules: MatchingRules { rules: {BODY: MatchingRuleCategory { name: BODY, rules: {DocPath { path_tokens: [Root, Field("rectangle"), Field("length")], expr: "$.rectangle.length" }: RuleList { rules: [Number], rule_logic: And, cascaded: false }, DocPath { path_tokens: [Root, Field("rectangle"), Field("width")], expr: "$.rectangle.width" }: RuleList { rules: [Number], rule_logic: And, cascaded: false }} }} }, generators: Generators { categories: {} } }, response: [MessageContents { contents: Present(b"\r\0\0@A", Some(ContentType { main_type: "application", sub_type: "protobuf", attributes: {"message": "AreaResponse"}, suffix: None }), Some(BINARY)), metadata: {}, matching_rules: MatchingRules { rules: {BODY: MatchingRuleCategory { name: BODY, rules: {DocPath { path_tokens: [Root, Field("value")], expr: "$.value" }: RuleList { rules: [Number], rule_logic: And, cascaded: false }} }} }, generators: Generators { categories: {} } }], pending: false, plugin_config: {"protobuf": {"service": String("Calculator/calculateOne"), "descriptorKey": String("a85dff8f82655a9681aad113575dcfbb")}}, interaction_markup: InteractionMarkup { markup: "```protobuf\nmessage ShapeMessage {\n    message .area_calculator.Rectangle rectangle = 2;\n}\n```\n\n```protobuf\nmessage AreaResponse {\n    float value = 1;\n}\n```\n", markup_type: "COMMON_MARK" }, transport: None })}, server_key: "5cae5f82-fec2-43c6-9739-60d0383d84ec" } ?[3mreq?[0m?[2m=?[0mRequest { method: POST, uri: http://127.0.0.1:53791/area_calculator.Calculator/calculateOne, version: HTTP/2.0, headers: {"content-type": "application/grpc", "te": "trailers", "user-agent": "grpc-java-netty/1.49.0", "grpc-accept-encoding": "gzip"}, body: Body(Streaming) }?[1m}?[0m?[2m:?[0m?[1mmock_server_handler?[0m?[1m{?[0m?[3mkey?[0m?[2m=?[0m"5cae5f82-fec2-43c6-9739-60d0383d84ec"?[1m}?[0m?[2m:?[0m?[1mhandle_message?[0m?[1m{?[0m?[3mself?[0m?[2m=?[0mMockService { file_descriptor_set: FileDescriptorSet { file: [FileDescriptorProto { name: Some("area_calculator.proto"), package: Some("area_calculator"), dependency: [], public_dependency: [], weak_dependency: [], message_type: [DescriptorProto { name: Some("ShapeMessage"), field: [FieldDescriptorProto { name: Some("square"), number: Some(1), label: Some(Optional), r#type: Some(Message), type_name: Some(".area_calculator.Square"), extendee: None, default_value: None, oneof_index: Some(0), json_name: Some("square"), options: None, proto3_optional: None }, FieldDescriptorProto { name: Some("rectangle"), number: Some(2), label: Some(Optional), r#type: Some(Message), type_name: Some(".area_calculator.Rectangle"), extendee: None, default_value: None, oneof_index: Some(0), json_name: Some("rectangle"), options: None, proto3_optional: None }, FieldDescriptorProto { name: Some("circle"), number: Some(3), label: Some(Optional), r#type: Some(Message), type_name: Some(".area_calculator.Circle"), extendee: None, default_value: None, oneof_index: Some(0), json_name: Some("circle"), options: None, proto3_optional: None }, FieldDescriptorProto { name: Some("triangle"), number: Some(4), label: Some(Optional), r#type: Some(Message), type_name: Some(".area_calculator.Triangle"), extendee: None, default_value: None, oneof_index: Some(0), json_name: Some("triangle"), options: None, proto3_optional: None }, FieldDescriptorProto { name: Some("parallelogram"), number: Some(5), label: Some(Optional), r#type: Some(Message), type_name: Some(".area_calculator.Parallelogram"), extendee: None, default_value: None, oneof_index: Some(0), json_name: Some("parallelogram"), options: None, proto3_optional: None }], extension: [], nested_type: [], enum_type: [], extension_range: [], oneof_decl: [OneofDescriptorProto { name: Some("shape"), options: None }], options: None, reserved_range: [], reserved_name: [] }, DescriptorProto { name: Some("Square"), field: [FieldDescriptorProto { name: Some("edge_length"), number: Some(1), label: Some(Optional), r#type: Some(Float), type_name: None, extendee: None, default_value: None, oneof_index: None, json_name: Some("edgeLength"), options: None, proto3_optional: None }], extension: [], nested_type: [], enum_type: [], extension_range: [], oneof_decl: [], options: None, reserved_range: [], reserved_name: [] }, DescriptorProto { name: Some("Rectangle"), field: [FieldDescriptorProto { name: Some("length"), number: Some(1), label: Some(Optional), r#type: Some(Float), type_name: None, extendee: None, default_value: None, oneof_index: None, json_name: Some("length"), options: None, proto3_optional: None }, FieldDescriptorProto { name: Some("width"), number: Some(2), label: Some(Optional), r#type: Some(Float), type_name: None, extendee: None, default_value: None, oneof_index: None, json_name: Some("width"), options: None, proto3_optional: None }], extension: [], nested_type: [], enum_type: [], extension_range: [], oneof_decl: [], options: None, reserved_range: [], reserved_name: [] }, DescriptorProto { name: Some("Circle"), field: [FieldDescriptorProto { name: Some("radius"), number: Some(1), label: Some(Optional), r#type: Some(Float), type_name: None, extendee: None, default_value: None, oneof_index: None, json_name: Some("radius"), options: None, proto3_optional: None }], extension: [], nested_type: [], enum_type: [], extension_range: [], oneof_decl: [], options: None, reserved_range: [], reserved_name: [] }, DescriptorProto { name: Some("Triangle"), field: [FieldDescriptorProto { name: Some("edge_a"), number: Some(1), label: Some(Optional), r#type: Some(Float), type_name: None, extendee: None, default_value: None, oneof_index: None, json_name: Some("edgeA"), options: None, proto3_optional: None }, FieldDescriptorProto { name: Some("edge_b"), number: Some(2), label: Some(Optional), r#type: Some(Float), type_name: None, extendee: None, default_value: None, oneof_index: None, json_name: Some("edgeB"), options: None, proto3_optional: None }, FieldDescriptorProto { name: Some("edge_c"), number: Some(3), label: Some(Optional), r#type: Some(Float), type_name: None, extendee: None, default_value: None, oneof_index: None, json_name: Some("edgeC"), options: None, proto3_optional: None }], extension: [], nested_type: [], enum_type: [], extension_range: [], oneof_decl: [], options: None, reserved_range: [], reserved_name: [] }, DescriptorProto { name: Some("Parallelogram"), field: [FieldDescriptorProto { name: Some("base_length"), number: Some(1), label: Some(Optional), r#type: Some(Float), type_name: None, extendee: None, default_value: None, oneof_index: None, json_name: Some("baseLength"), options: None, proto3_optional: None }, FieldDescriptorProto { name: Some("height"), number: Some(2), label: Some(Optional), r#type: Some(Float), type_name: None, extendee: None, default_value: None, oneof_index: None, json_name: Some("height"), options: None, proto3_optional: None }], extension: [], nested_type: [], enum_type: [], extension_range: [], oneof_decl: [], options: None, reserved_range: [], reserved_name: [] }, DescriptorProto { name: Some("AreaRequest"), field: [FieldDescriptorProto { name: Some("shapes"), number: Some(1), label: Some(Repeated), r#type: Some(Message), type_name: Some(".area_calculator.ShapeMessage"), extendee: None, default_value: None, oneof_index: None, json_name: Some("shapes"), options: None, proto3_optional: None }], extension: [], nested_type: [], enum_type: [], extension_range: [], oneof_decl: [], options: None, reserved_range: [], reserved_name: [] }, DescriptorProto { name: Some("AreaResponse"), field: [FieldDescriptorProto { name: Some("value"), number: Some(1), label: Some(Repeated), r#type: Some(Float), type_name: None, extendee: None, default_value: None, oneof_index: None, json_name: Some("value"), options: None, proto3_optional: None }], extension: [], nested_type: [], enum_type: [], extension_range: [], oneof_decl: [], options: None, reserved_range: [], reserved_name: [] }], enum_type: [], service: [ServiceDescriptorProto { name: Some("Calculator"), method: [MethodDescriptorProto { name: Some("calculateOne"), input_type: Some(".area_calculator.ShapeMessage"), output_type: Some(".area_calculator.AreaResponse"), options: Some(MethodOptions { deprecated: None, idempotency_level: None, uninterpreted_option: [] }), client_streaming: None, server_streaming: None }, MethodDescriptorProto { name: Some("calculateMulti"), input_type: Some(".area_calculator.AreaRequest"), output_type: Some(".area_calculator.AreaResponse"), options: Some(MethodOptions { deprecated: None, idempotency_level: None, uninterpreted_option: [] }), client_streaming: None, server_streaming: None }], options: None }], extension: [], options: Some(FileOptions { java_package: None, java_outer_classname: None, java_multiple_files: None, java_generate_equals_and_hash: None, java_string_check_utf8: None, optimize_for: None, go_package: Some("io.pact/area_calculator"), cc_generic_services: None, java_generic_services: None, py_generic_services: None, php_generic_services: Some(true), deprecated: None, cc_enable_arenas: None, objc_class_prefix: None, csharp_namespace: None, swift_prefix: None, php_class_prefix: None, php_namespace: None, php_metadata_namespace: None, ruby_package: None, uninterpreted_option: [] }), source_code_info: None, syntax: Some("proto3") }] }, service_name: "Calculator", message: SynchronousMessage { id: None, key: Some("c7fbe3ee"), description: "calculate rectangle area request", provider_states: [], comments: {"testname": String("io.pact.example.grpc.consumer.PactConsumerTest.calculateRectangleArea(MockServer, SynchronousMessages)")}, request: MessageContents { contents: Present(b"\x12\n\r\0\0@@\x15\0\0\x80@", Some(ContentType { main_type: "application", sub_type: "protobuf", attributes: {"message": "ShapeMessage"}, suffix: None }), Some(BINARY)), metadata: {}, matching_rules: MatchingRules { rules: {BODY: MatchingRuleCategory { name: BODY, rules: {DocPath { path_tokens: [Root, Field("rectangle"), Field("length")], expr: "$.rectangle.length" }: RuleList { rules: [Number], rule_logic: And, cascaded: false }, DocPath { path_tokens: [Root, Field("rectangle"), Field("width")], expr: "$.rectangle.width" }: RuleList { rules: [Number], rule_logic: And, cascaded: false }} }} }, generators: Generators { categories: {} } }, response: [MessageContents { contents: Present(b"\r\0\0@A", Some(ContentType { main_type: "application", sub_type: "protobuf", attributes: {"message": "AreaResponse"}, suffix: None }), Some(BINARY)), metadata: {}, matching_rules: MatchingRules { rules: {BODY: MatchingRuleCategory { name: BODY, rules: {DocPath { path_tokens: [Root, Field("value")], expr: "$.value" }: RuleList { rules: [Number], rule_logic: And, cascaded: false }} }} }, generators: Generators { categories: {} } }], pending: false, plugin_config: {"protobuf": {"service": String("Calculator/calculateOne"), "descriptorKey": String("a85dff8f82655a9681aad113575dcfbb")}}, interaction_markup: InteractionMarkup { markup: "```protobuf\nmessage ShapeMessage {\n    message .area_calculator.Rectangle rectangle = 2;\n}\n```\n\n```protobuf\nmessage AreaResponse {\n    float value = 1;\n}\n```\n", markup_type: "COMMON_MARK" }, transport: None }, method_descriptor: MethodDescriptorProto { name: Some("calculateOne"), input_type: Some(".area_calculator.ShapeMessage"), output_type: Some(".area_calculator.AreaResponse"), options: Some(MethodOptions { deprecated: None, idempotency_level: None, uninterpreted_option: [] }), client_streaming: None, server_streaming: None }, input_message: DescriptorProto { name: Some("ShapeMessage"), field: [FieldDescriptorProto { name: Some("square"), number: Some(1), label: Some(Optional), r#type: Some(Message), type_name: Some(".area_calculator.Square"), extendee: None, default_value: None, oneof_index: Some(0), json_name: Some("square"), options: None, proto3_optional: None }, FieldDescriptorProto { name: Some("rectangle"), number: Some(2), label: Some(Optional), r#type: Some(Message), type_name: Some(".area_calculator.Rectangle"), extendee: None, default_value: None, oneof_index: Some(0), json_name: Some("rectangle"), options: None, proto3_optional: None }, FieldDescriptorProto { name: Some("circle"), number: Some(3), label: Some(Optional), r#type: Some(Message), type_name: Some(".area_calculator.Circle"), extendee: None, default_value: None, oneof_index: Some(0), json_name: Some("circle"), options: None, proto3_optional: None }, FieldDescriptorProto { name: Some("triangle"), number: Some(4), label: Some(Optional), r#type: Some(Message), type_name: Some(".area_calculator.Triangle"), extendee: None, default_value: None, oneof_index: Some(0), json_name: Some("triangle"), options: None, proto3_optional: None }, FieldDescriptorProto { name: Some("parallelogram"), number: Some(5), label: Some(Optional), r#type: Some(Message), type_name: Some(".area_calculator.Parallelogram"), extendee: None, default_value: None, oneof_index: Some(0), json_name: Some("parallelogram"), options: None, proto3_optional: None }], extension: [], nested_type: [], enum_type: [], extension_range: [], oneof_decl: [OneofDescriptorProto { name: Some("shape"), options: None }], options: None, reserved_range: [], reserved_name: [] }, output_message: DescriptorProto { name: Some("AreaResponse"), field: [FieldDescriptorProto { name: Some("value"), number: Some(1), label: Some(Repeated), r#type: Some(Float), type_name: None, extendee: None, default_value: None, oneof_index: None, json_name: Some("value"), options: None, proto3_optional: None }], extension: [], nested_type: [], enum_type: [], extension_range: [], oneof_decl: [], options: None, reserved_range: [], reserved_name: [] }, server_key: "5cae5f82-fec2-43c6-9739-60d0383d84ec" } ?[3mrequest?[0m?[2m=?[0mDynamicMessage { descriptor: DescriptorProto { name: Some("ShapeMessage"), field: [FieldDescriptorProto { name: Some("square"), number: Some(1), label: Some(Optional), r#type: Some(Message), type_name: Some(".area_calculator.Square"), extendee: None, default_value: None, oneof_index: Some(0), json_name: Some("square"), options: None, proto3_optional: None }, FieldDescriptorProto { name: Some("rectangle"), number: Some(2), label: Some(Optional), r#type: Some(Message), type_name: Some(".area_calculator.Rectangle"), extendee: None, default_value: None, oneof_index: Some(0), json_name: Some("rectangle"), options: None, proto3_optional: None }, FieldDescriptorProto { name: Some("circle"), number: Some(3), label: Some(Optional), r#type: Some(Message), type_name: Some(".area_calculator.Circle"), extendee: None, default_value: None, oneof_index: Some(0), json_name: Some("circle"), options: None, proto3_optional: None }, FieldDescriptorProto { name: Some("triangle"), number: Some(4), label: Some(Optional), r#type: Some(Message), type_name: Some(".area_calculator.Triangle"), extendee: None, default_value: None, oneof_index: Some(0), json_name: Some("triangle"), options: None, proto3_optional: None }, FieldDescriptorProto { name: Some("parallelogram"), number: Some(5), label: Some(Optional), r#type: Some(Message), type_name: Some(".area_calculator.Parallelogram"), extendee: None, default_value: None, oneof_index: Some(0), json_name: Some("parallelogram"), options: None, proto3_optional: None }], extension: [], nested_type: [], enum_type: [], extension_range: [], oneof_decl: [OneofDescriptorProto { name: Some("shape"), options: None }], options: None, reserved_range: [], reserved_name: [] }, fields: [ProtobufField { field_num: 2, wire_type: LengthDelimited, data: Message([13, 0, 0, 64, 64, 21, 0, 0, 128, 64], DescriptorProto { name: Some("Rectangle"), field: [FieldDescriptorProto { name: Some("length"), number: Some(1), label: Some(Optional), r#type: Some(Float), type_name: None, extendee: None, default_value: None, oneof_index: None, json_name: Some("length"), options: None, proto3_optional: None }, FieldDescriptorProto { name: Some("width"), number: Some(2), label: Some(Optional), r#type: Some(Float), type_name: None, extendee: None, default_value: None, oneof_index: None, json_name: Some("width"), options: None, proto3_optional: None }], extension: [], nested_type: [], enum_type: [], extension_range: [], oneof_decl: [], options: None, reserved_range: [], reserved_name: [] }) }] } ?[3mmessage_descriptor?[0m?[2m=?[0mDescriptorProto { name: Some("ShapeMessage"), field: [FieldDescriptorProto { name: Some("square"), number: Some(1), label: Some(Optional), r#type: Some(Message), type_name: Some(".area_calculator.Square"), extendee: None, default_value: None, oneof_index: Some(0), json_name: Some("square"), options: None, proto3_optional: None }, FieldDescriptorProto { name: Some("rectangle"), number: Some(2), label: Some(Optional), r#type: Some(Message), type_name: Some(".area_calculator.Rectangle"), extendee: None, default_value: None, oneof_index: Some(0), json_name: Some("rectangle"), options: None, proto3_optional: None }, FieldDescriptorProto { name: Some("circle"), number: Some(3), label: Some(Optional), r#type: Some(Message), type_name: Some(".area_calculator.Circle"), extendee: None, default_value: None, oneof_index: Some(0), json_name: Some("circle"), options: None, proto3_optional: None }, FieldDescriptorProto { name: Some("triangle"), number: Some(4), label: Some(Optional), r#type: Some(Message), type_name: Some(".area_calculator.Triangle"), extendee: None, default_value: None, oneof_index: Some(0), json_name: Some("triangle"), options: None, proto3_optional: None }, FieldDescriptorProto { name: Some("parallelogram"), number: Some(5), label: Some(Optional), r#type: Some(Message), type_name: Some(".area_calculator.Parallelogram"), extendee: None, default_value: None, oneof_index: Some(0), json_name: Some("parallelogram"), options: None, proto3_optional: None }], extension: [], nested_type: [], enum_type: [], extension_range: [], oneof_decl: [OneofDescriptorProto { name: Some("shape"), options: None }], options: None, reserved_range: [], reserved_name: [] } ?[3mresponse_descriptor?[0m?[2m=?[0mDescriptorProto { name: Some("AreaResponse"), field: [FieldDescriptorProto { name: Some("value"), number: Some(1), label: Some(Repeated), r#type: Some(Float), type_name: None, extendee: None, default_value: None, oneof_index: None, json_name: Some("value"), options: None, proto3_optional: None }], extension: [], nested_type: [], enum_type: [], extension_range: [], oneof_decl: [], options: None, reserved_range: [], reserved_name: [] }?[1m}?[0m?[2m:?[0m ?[2mpact_protobuf_plugin::matching?[0m?[2m:?[0m Comparing message field rectangle:2
15:05:16.525 [Thread-5] DEBUG i.pact.plugins.jvm.core.ChildProcess - Plugin protobuf [46038] || ?[2m2023-03-27T09:35:16.524555Z?[0m ?[35mTRACE?[0m tokio-runtime-worker ?[1mrequest?[0m?[1m{?[0m?[3mmethod?[0m?[2m=?[0mPOST ?[3muri?[0m?[2m=?[0mhttp://127.0.0.1:53791/area_calculator.Calculator/calculateOne ?[3mversion?[0m?[2m=?[0mHTTP/2.0?[1m}?[0m?[2m:?[0m?[1mcall?[0m?[1m{?[0m?[3mself?[0m?[2m=?[0mGrpcMockServer { pact: V4Pact { consumer: Consumer { name: "grpc-consumer-jvm" }, provider: Provider { name: "area-calculator-provider" }, interactions: [SynchronousMessage { id: None, key: Some("c7fbe3ee"), description: "calculate rectangle area request", provider_states: [], comments: {"testname": String("io.pact.example.grpc.consumer.PactConsumerTest.calculateRectangleArea(MockServer, SynchronousMessages)")}, request: MessageContents { contents: Present(b"\x12\n\r\0\0@@\x15\0\0\x80@", Some(ContentType { main_type: "application", sub_type: "protobuf", attributes: {"message": "ShapeMessage"}, suffix: None }), Some(BINARY)), metadata: {}, matching_rules: MatchingRules { rules: {BODY: MatchingRuleCategory { name: BODY, rules: {DocPath { path_tokens: [Root, Field("rectangle"), Field("length")], expr: "$.rectangle.length" }: RuleList { rules: [Number], rule_logic: And, cascaded: false }, DocPath { path_tokens: [Root, Field("rectangle"), Field("width")], expr: "$.rectangle.width" }: RuleList { rules: [Number], rule_logic: And, cascaded: false }} }} }, generators: Generators { categories: {} } }, response: [MessageContents { contents: Present(b"\r\0\0@A", Some(ContentType { main_type: "application", sub_type: "protobuf", attributes: {"message": "AreaResponse"}, suffix: None }), Some(BINARY)), metadata: {}, matching_rules: MatchingRules { rules: {BODY: MatchingRuleCategory { name: BODY, rules: {DocPath { path_tokens: [Root, Field("value")], expr: "$.value" }: RuleList { rules: [Number], rule_logic: And, cascaded: false }} }} }, generators: Generators { categories: {} } }], pending: false, plugin_config: {"protobuf": {"service": String("Calculator/calculateOne"), "descriptorKey": String("a85dff8f82655a9681aad113575dcfbb")}}, interaction_markup: InteractionMarkup { markup: "```protobuf\nmessage ShapeMessage {\n    message .area_calculator.Rectangle rectangle = 2;\n}\n```\n\n```protobuf\nmessage AreaResponse {\n    float value = 1;\n}\n```\n", markup_type: "COMMON_MARK" }, transport: None }], metadata: {"pact-jvm": Object({"version": String("4.4.2")}), "pactSpecification": Object({"version": String("4.0")})}, plugin_data: [PluginData { name: "protobuf", version: "0.1.5", configuration: {"a85dff8f82655a9681aad113575dcfbb": Object({"protoDescriptors": String("CsoHChVhcmVhX2NhbGN1bGF0b3IucHJvdG8SD2FyZWFfY2FsY3VsYXRvciK6AgoMU2hhcGVNZXNzYWdlEjEKBnNxdWFyZRgBIAEoCzIXLmFyZWFfY2FsY3VsYXRvci5TcXVhcmVIAFIGc3F1YXJlEjoKCXJlY3RhbmdsZRgCIAEoCzIaLmFyZWFfY2FsY3VsYXRvci5SZWN0YW5nbGVIAFIJcmVjdGFuZ2xlEjEKBmNpcmNsZRgDIAEoCzIXLmFyZWFfY2FsY3VsYXRvci5DaXJjbGVIAFIGY2lyY2xlEjcKCHRyaWFuZ2xlGAQgASgLMhkuYXJlYV9jYWxjdWxhdG9yLlRyaWFuZ2xlSABSCHRyaWFuZ2xlEkYKDXBhcmFsbGVsb2dyYW0YBSABKAsyHi5hcmVhX2NhbGN1bGF0b3IuUGFyYWxsZWxvZ3JhbUgAUg1wYXJhbGxlbG9ncmFtQgcKBXNoYXBlIikKBlNxdWFyZRIfCgtlZGdlX2xlbmd0aBgBIAEoAlIKZWRnZUxlbmd0aCI5CglSZWN0YW5nbGUSFgoGbGVuZ3RoGAEgASgCUgZsZW5ndGgSFAoFd2lkdGgYAiABKAJSBXdpZHRoIiAKBkNpcmNsZRIWCgZyYWRpdXMYASABKAJSBnJhZGl1cyJPCghUcmlhbmdsZRIVCgZlZGdlX2EYASABKAJSBWVkZ2VBEhUKBmVkZ2VfYhgCIAEoAlIFZWRnZUISFQoGZWRnZV9jGAMgASgCUgVlZGdlQyJICg1QYXJhbGxlbG9ncmFtEh8KC2Jhc2VfbGVuZ3RoGAEgASgCUgpiYXNlTGVuZ3RoEhYKBmhlaWdodBgCIAEoAlIGaGVpZ2h0IkQKC0FyZWFSZXF1ZXN0EjUKBnNoYXBlcxgBIAMoCzIdLmFyZWFfY2FsY3VsYXRvci5TaGFwZU1lc3NhZ2VSBnNoYXBlcyIkCgxBcmVhUmVzcG9uc2USFAoFdmFsdWUYASADKAJSBXZhbHVlMq0BCgpDYWxjdWxhdG9yEk4KDGNhbGN1bGF0ZU9uZRIdLmFyZWFfY2FsY3VsYXRvci5TaGFwZU1lc3NhZ2UaHS5hcmVhX2NhbGN1bGF0b3IuQXJlYVJlc3BvbnNlIgASTwoOY2FsY3VsYXRlTXVsdGkSHC5hcmVhX2NhbGN1bGF0b3IuQXJlYVJlcXVlc3QaHS5hcmVhX2NhbGN1bGF0b3IuQXJlYVJlc3BvbnNlIgBCHFoXaW8ucGFjdC9hcmVhX2NhbGN1bGF0b3LQAgFiBnByb3RvMw=="), "protoFile": String("syntax = \"proto3\";\n\npackage area_calculator;\n\noption php_generic_services = true;\noption go_package = \"io.pact/area_calculator\";\n\nservice Calculator {\n  rpc calculateOne (ShapeMessage) returns (AreaResponse) {}\n  rpc calculateMulti (AreaRequest) returns (AreaResponse) {}\n}\n\nmessage ShapeMessage {\n  oneof shape {\n    Square square = 1;\n    Rectangle rectangle = 2;\n    Circle circle = 3;\n    Triangle triangle = 4;\n    Parallelogram parallelogram = 5;\n  }\n}\n\nmessage Square {\n  float edge_length = 1;\n}\n\nmessage Rectangle {\n  float length = 1;\n  float width = 2;\n}\n\nmessage Circle {\n  float radius = 1;\n}\n\nmessage Triangle {\n  float edge_a = 1;\n  float edge_b = 2;\n  float edge_c = 3;\n}\n\nmessage Parallelogram {\n  float base_length = 1;\n  float height = 2;\n}\n\nmessage AreaRequest {\n  repeated ShapeMessage shapes = 1;\n}\n\nmessage AreaResponse {\n  repeated float value = 1;\n}\n")})} }] }, plugin_config: PluginData { name: "protobuf", version: "0.1.5", configuration: {"a85dff8f82655a9681aad113575dcfbb": Object({"protoDescriptors": String("CsoHChVhcmVhX2NhbGN1bGF0b3IucHJvdG8SD2FyZWFfY2FsY3VsYXRvciK6AgoMU2hhcGVNZXNzYWdlEjEKBnNxdWFyZRgBIAEoCzIXLmFyZWFfY2FsY3VsYXRvci5TcXVhcmVIAFIGc3F1YXJlEjoKCXJlY3RhbmdsZRgCIAEoCzIaLmFyZWFfY2FsY3VsYXRvci5SZWN0YW5nbGVIAFIJcmVjdGFuZ2xlEjEKBmNpcmNsZRgDIAEoCzIXLmFyZWFfY2FsY3VsYXRvci5DaXJjbGVIAFIGY2lyY2xlEjcKCHRyaWFuZ2xlGAQgASgLMhkuYXJlYV9jYWxjdWxhdG9yLlRyaWFuZ2xlSABSCHRyaWFuZ2xlEkYKDXBhcmFsbGVsb2dyYW0YBSABKAsyHi5hcmVhX2NhbGN1bGF0b3IuUGFyYWxsZWxvZ3JhbUgAUg1wYXJhbGxlbG9ncmFtQgcKBXNoYXBlIikKBlNxdWFyZRIfCgtlZGdlX2xlbmd0aBgBIAEoAlIKZWRnZUxlbmd0aCI5CglSZWN0YW5nbGUSFgoGbGVuZ3RoGAEgASgCUgZsZW5ndGgSFAoFd2lkdGgYAiABKAJSBXdpZHRoIiAKBkNpcmNsZRIWCgZyYWRpdXMYASABKAJSBnJhZGl1cyJPCghUcmlhbmdsZRIVCgZlZGdlX2EYASABKAJSBWVkZ2VBEhUKBmVkZ2VfYhgCIAEoAlIFZWRnZUISFQoGZWRnZV9jGAMgASgCUgVlZGdlQyJICg1QYXJhbGxlbG9ncmFtEh8KC2Jhc2VfbGVuZ3RoGAEgASgCUgpiYXNlTGVuZ3RoEhYKBmhlaWdodBgCIAEoAlIGaGVpZ2h0IkQKC0FyZWFSZXF1ZXN0EjUKBnNoYXBlcxgBIAMoCzIdLmFyZWFfY2FsY3VsYXRvci5TaGFwZU1lc3NhZ2VSBnNoYXBlcyIkCgxBcmVhUmVzcG9uc2USFAoFdmFsdWUYASADKAJSBXZhbHVlMq0BCgpDYWxjdWxhdG9yEk4KDGNhbGN1bGF0ZU9uZRIdLmFyZWFfY2FsY3VsYXRvci5TaGFwZU1lc3NhZ2UaHS5hcmVhX2NhbGN1bGF0b3IuQXJlYVJlc3BvbnNlIgASTwoOY2FsY3VsYXRlTXVsdGkSHC5hcmVhX2NhbGN1bGF0b3IuQXJlYVJlcXVlc3QaHS5hcmVhX2NhbGN1bGF0b3IuQXJlYVJlc3BvbnNlIgBCHFoXaW8ucGFjdC9hcmVhX2NhbGN1bGF0b3LQAgFiBnByb3RvMw=="), "protoFile": String("syntax = \"proto3\";\n\npackage area_calculator;\n\noption php_generic_services = true;\noption go_package = \"io.pact/area_calculator\";\n\nservice Calculator {\n  rpc calculateOne (ShapeMessage) returns (AreaResponse) {}\n  rpc calculateMulti (AreaRequest) returns (AreaResponse) {}\n}\n\nmessage ShapeMessage {\n  oneof shape {\n    Square square = 1;\n    Rectangle rectangle = 2;\n    Circle circle = 3;\n    Triangle triangle = 4;\n    Parallelogram parallelogram = 5;\n  }\n}\n\nmessage Square {\n  float edge_length = 1;\n}\n\nmessage Rectangle {\n  float length = 1;\n  float width = 2;\n}\n\nmessage Circle {\n  float radius = 1;\n}\n\nmessage Triangle {\n  float edge_a = 1;\n  float edge_b = 2;\n  float edge_c = 3;\n}\n\nmessage Parallelogram {\n  float base_length = 1;\n  float height = 2;\n}\n\nmessage AreaRequest {\n  repeated ShapeMessage shapes = 1;\n}\n\nmessage AreaResponse {\n  repeated float value = 1;\n}\n")})} }, descriptors: {"a85dff8f82655a9681aad113575dcfbb": FileDescriptorSet { file: [FileDescriptorProto { name: Some("area_calculator.proto"), package: Some("area_calculator"), dependency: [], public_dependency: [], weak_dependency: [], message_type: [DescriptorProto { name: Some("ShapeMessage"), field: [FieldDescriptorProto { name: Some("square"), number: Some(1), label: Some(Optional), r#type: Some(Message), type_name: Some(".area_calculator.Square"), extendee: None, default_value: None, oneof_index: Some(0), json_name: Some("square"), options: None, proto3_optional: None }, FieldDescriptorProto { name: Some("rectangle"), number: Some(2), label: Some(Optional), r#type: Some(Message), type_name: Some(".area_calculator.Rectangle"), extendee: None, default_value: None, oneof_index: Some(0), json_name: Some("rectangle"), options: None, proto3_optional: None }, FieldDescriptorProto { name: Some("circle"), number: Some(3), label: Some(Optional), r#type: Some(Message), type_name: Some(".area_calculator.Circle"), extendee: None, default_value: None, oneof_index: Some(0), json_name: Some("circle"), options: None, proto3_optional: None }, FieldDescriptorProto { name: Some("triangle"), number: Some(4), label: Some(Optional), r#type: Some(Message), type_name: Some(".area_calculator.Triangle"), extendee: None, default_value: None, oneof_index: Some(0), json_name: Some("triangle"), options: None, proto3_optional: None }, FieldDescriptorProto { name: Some("parallelogram"), number: Some(5), label: Some(Optional), r#type: Some(Message), type_name: Some(".area_calculator.Parallelogram"), extendee: None, default_value: None, oneof_index: Some(0), json_name: Some("parallelogram"), options: None, proto3_optional: None }], extension: [], nested_type: [], enum_type: [], extension_range: [], oneof_decl: [OneofDescriptorProto { name: Some("shape"), options: None }], options: None, reserved_range: [], reserved_name: [] }, DescriptorProto { name: Some("Square"), field: [FieldDescriptorProto { name: Some("edge_length"), number: Some(1), label: Some(Optional), r#type: Some(Float), type_name: None, extendee: None, default_value: None, oneof_index: None, json_name: Some("edgeLength"), options: None, proto3_optional: None }], extension: [], nested_type: [], enum_type: [], extension_range: [], oneof_decl: [], options: None, reserved_range: [], reserved_name: [] }, DescriptorProto { name: Some("Rectangle"), field: [FieldDescriptorProto { name: Some("length"), number: Some(1), label: Some(Optional), r#type: Some(Float), type_name: None, extendee: None, default_value: None, oneof_index: None, json_name: Some("length"), options: None, proto3_optional: None }, FieldDescriptorProto { name: Some("width"), number: Some(2), label: Some(Optional), r#type: Some(Float), type_name: None, extendee: None, default_value: None, oneof_index: None, json_name: Some("width"), options: None, proto3_optional: None }], extension: [], nested_type: [], enum_type: [], extension_range: [], oneof_decl: [], options: None, reserved_range: [], reserved_name: [] }, DescriptorProto { name: Some("Circle"), field: [FieldDescriptorProto { name: Some("radius"), number: Some(1), label: Some(Optional), r#type: Some(Float), type_name: None, extendee: None, default_value: None, oneof_index: None, json_name: Some("radius"), options: None, proto3_optional: None }], extension: [], nested_type: [], enum_type: [], extension_range: [], oneof_decl: [], options: None, reserved_range: [], reserved_name: [] }, DescriptorProto { name: Some("Triangle"), field: [FieldDescriptorProto { name: Some("edge_a"), number: Some(1), label: Some(Optional), r#type: Some(Float), type_name: None, extendee: None, default_value: None, oneof_index: None, json_name: Some("edgeA"), options: None, proto3_optional: None }, FieldDescriptorProto { name: Some("edge_b"), number: Some(2), label: Some(Optional), r#type: Some(Float), type_name: None, extendee: None, default_value: None, oneof_index: None, json_name: Some("edgeB"), options: None, proto3_optional: None }, FieldDescriptorProto { name: Some("edge_c"), number: Some(3), label: Some(Optional), r#type: Some(Float), type_name: None, extendee: None, default_value: None, oneof_index: None, json_name: Some("edgeC"), options: None, proto3_optional: None }], extension: [], nested_type: [], enum_type: [], extension_range: [], oneof_decl: [], options: None, reserved_range: [], reserved_name: [] }, DescriptorProto { name: Some("Parallelogram"), field: [FieldDescriptorProto { name: Some("base_length"), number: Some(1), label: Some(Optional), r#type: Some(Float), type_name: None, extendee: None, default_value: None, oneof_index: None, json_name: Some("baseLength"), options: None, proto3_optional: None }, FieldDescriptorProto { name: Some("height"), number: Some(2), label: Some(Optional), r#type: Some(Float), type_name: None, extendee: None, default_value: None, oneof_index: None, json_name: Some("height"), options: None, proto3_optional: None }], extension: [], nested_type: [], enum_type: [], extension_range: [], oneof_decl: [], options: None, reserved_range: [], reserved_name: [] }, DescriptorProto { name: Some("AreaRequest"), field: [FieldDescriptorProto { name: Some("shapes"), number: Some(1), label: Some(Repeated), r#type: Some(Message), type_name: Some(".area_calculator.ShapeMessage"), extendee: None, default_value: None, oneof_index: None, json_name: Some("shapes"), options: None, proto3_optional: None }], extension: [], nested_type: [], enum_type: [], extension_range: [], oneof_decl: [], options: None, reserved_range: [], reserved_name: [] }, DescriptorProto { name: Some("AreaResponse"), field: [FieldDescriptorProto { name: Some("value"), number: Some(1), label: Some(Repeated), r#type: Some(Float), type_name: None, extendee: None, default_value: None, oneof_index: None, json_name: Some("value"), options: None, proto3_optional: None }], extension: [], nested_type: [], enum_type: [], extension_range: [], oneof_decl: [], options: None, reserved_range: [], reserved_name: [] }], enum_type: [], service: [ServiceDescriptorProto { name: Some("Calculator"), method: [MethodDescriptorProto { name: Some("calculateOne"), input_type: Some(".area_calculator.ShapeMessage"), output_type: Some(".area_calculator.AreaResponse"), options: Some(MethodOptions { deprecated: None, idempotency_level: None, uninterpreted_option: [] }), client_streaming: None, server_streaming: None }, MethodDescriptorProto { name: Some("calculateMulti"), input_type: Some(".area_calculator.AreaRequest"), output_type: Some(".area_calculator.AreaResponse"), options: Some(MethodOptions { deprecated: None, idempotency_level: None, uninterpreted_option: [] }), client_streaming: None, server_streaming: None }], options: None }], extension: [], options: Some(FileOptions { java_package: None, java_outer_classname: None, java_multiple_files: None, java_generate_equals_and_hash: None, java_string_check_utf8: None, optimize_for: None, go_package: Some("io.pact/area_calculator"), cc_generic_services: None, java_generic_services: None, py_generic_services: None, php_generic_services: Some(true), deprecated: None, cc_enable_arenas: None, objc_class_prefix: None, csharp_namespace: None, swift_prefix: None, php_class_prefix: None, php_namespace: None, php_metadata_namespace: None, ruby_package: None, uninterpreted_option: [] }), source_code_info: None, syntax: Some("proto3") }] }}, routes: {"Calculator/calculateOne": (FileDescriptorSet { file: [FileDescriptorProto { name: Some("area_calculator.proto"), package: Some("area_calculator"), dependency: [], public_dependency: [], weak_dependency: [], message_type: [DescriptorProto { name: Some("ShapeMessage"), field: [FieldDescriptorProto { name: Some("square"), number: Some(1), label: Some(Optional), r#type: Some(Message), type_name: Some(".area_calculator.Square"), extendee: None, default_value: None, oneof_index: Some(0), json_name: Some("square"), options: None, proto3_optional: None }, FieldDescriptorProto { name: Some("rectangle"), number: Some(2), label: Some(Optional), r#type: Some(Message), type_name: Some(".area_calculator.Rectangle"), extendee: None, default_value: None, oneof_index: Some(0), json_name: Some("rectangle"), options: None, proto3_optional: None }, FieldDescriptorProto { name: Some("circle"), number: Some(3), label: Some(Optional), r#type: Some(Message), type_name: Some(".area_calculator.Circle"), extendee: None, default_value: None, oneof_index: Some(0), json_name: Some("circle"), options: None, proto3_optional: None }, FieldDescriptorProto { name: Some("triangle"), number: Some(4), label: Some(Optional), r#type: Some(Message), type_name: Some(".area_calculator.Triangle"), extendee: None, default_value: None, oneof_index: Some(0), json_name: Some("triangle"), options: None, proto3_optional: None }, FieldDescriptorProto { name: Some("parallelogram"), number: Some(5), label: Some(Optional), r#type: Some(Message), type_name: Some(".area_calculator.Parallelogram"), extendee: None, default_value: None, oneof_index: Some(0), json_name: Some("parallelogram"), options: None, proto3_optional: None }], extension: [], nested_type: [], enum_type: [], extension_range: [], oneof_decl: [OneofDescriptorProto { name: Some("shape"), options: None }], options: None, reserved_range: [], reserved_name: [] }, DescriptorProto { name: Some("Square"), field: [FieldDescriptorProto { name: Some("edge_length"), number: Some(1), label: Some(Optional), r#type: Some(Float), type_name: None, extendee: None, default_value: None, oneof_index: None, json_name: Some("edgeLength"), options: None, proto3_optional: None }], extension: [], nested_type: [], enum_type: [], extension_range: [], oneof_decl: [], options: None, reserved_range: [], reserved_name: [] }, DescriptorProto { name: Some("Rectangle"), field: [FieldDescriptorProto { name: Some("length"), number: Some(1), label: Some(Optional), r#type: Some(Float), type_name: None, extendee: None, default_value: None, oneof_index: None, json_name: Some("length"), options: None, proto3_optional: None }, FieldDescriptorProto { name: Some("width"), number: Some(2), label: Some(Optional), r#type: Some(Float), type_name: None, extendee: None, default_value: None, oneof_index: None, json_name: Some("width"), options: None, proto3_optional: None }], extension: [], nested_type: [], enum_type: [], extension_range: [], oneof_decl: [], options: None, reserved_range: [], reserved_name: [] }, DescriptorProto { name: Some("Circle"), field: [FieldDescriptorProto { name: Some("radius"), number: Some(1), label: Some(Optional), r#type: Some(Float), type_name: None, extendee: None, default_value: None, oneof_index: None, json_name: Some("radius"), options: None, proto3_optional: None }], extension: [], nested_type: [], enum_type: [], extension_range: [], oneof_decl: [], options: None, reserved_range: [], reserved_name: [] }, DescriptorProto { name: Some("Triangle"), field: [FieldDescriptorProto { name: Some("edge_a"), number: Some(1), label: Some(Optional), r#type: Some(Float), type_name: None, extendee: None, default_value: None, oneof_index: None, json_name: Some("edgeA"), options: None, proto3_optional: None }, FieldDescriptorProto { name: Some("edge_b"), number: Some(2), label: Some(Optional), r#type: Some(Float), type_name: None, extendee: None, default_value: None, oneof_index: None, json_name: Some("edgeB"), options: None, proto3_optional: None }, FieldDescriptorProto { name: Some("edge_c"), number: Some(3), label: Some(Optional), r#type: Some(Float), type_name: None, extendee: None, default_value: None, oneof_index: None, json_name: Some("edgeC"), options: None, proto3_optional: None }], extension: [], nested_type: [], enum_type: [], extension_range: [], oneof_decl: [], options: None, reserved_range: [], reserved_name: [] }, DescriptorProto { name: Some("Parallelogram"), field: [FieldDescriptorProto { name: Some("base_length"), number: Some(1), label: Some(Optional), r#type: Some(Float), type_name: None, extendee: None, default_value: None, oneof_index: None, json_name: Some("baseLength"), options: None, proto3_optional: None }, FieldDescriptorProto { name: Some("height"), number: Some(2), label: Some(Optional), r#type: Some(Float), type_name: None, extendee: None, default_value: None, oneof_index: None, json_name: Some("height"), options: None, proto3_optional: None }], extension: [], nested_type: [], enum_type: [], extension_range: [], oneof_decl: [], options: None, reserved_range: [], reserved_name: [] }, DescriptorProto { name: Some("AreaRequest"), field: [FieldDescriptorProto { name: Some("shapes"), number: Some(1), label: Some(Repeated), r#type: Some(Message), type_name: Some(".area_calculator.ShapeMessage"), extendee: None, default_value: None, oneof_index: None, json_name: Some("shapes"), options: None, proto3_optional: None }], extension: [], nested_type: [], enum_type: [], extension_range: [], oneof_decl: [], options: None, reserved_range: [], reserved_name: [] }, DescriptorProto { name: Some("AreaResponse"), field: [FieldDescriptorProto { name: Some("value"), number: Some(1), label: Some(Repeated), r#type: Some(Float), type_name: None, extendee: None, default_value: None, oneof_index: None, json_name: Some("value"), options: None, proto3_optional: None }], extension: [], nested_type: [], enum_type: [], extension_range: [], oneof_decl: [], options: None, reserved_range: [], reserved_name: [] }], enum_type: [], service: [ServiceDescriptorProto { name: Some("Calculator"), method: [MethodDescriptorProto { name: Some("calculateOne"), input_type: Some(".area_calculator.ShapeMessage"), output_type: Some(".area_calculator.AreaResponse"), options: Some(MethodOptions { deprecated: None, idempotency_level: None, uninterpreted_option: [] }), client_streaming: None, server_streaming: None }, MethodDescriptorProto { name: Some("calculateMulti"), input_type: Some(".area_calculator.AreaRequest"), output_type: Some(".area_calculator.AreaResponse"), options: Some(MethodOptions { deprecated: None, idempotency_level: None, uninterpreted_option: [] }), client_streaming: None, server_streaming: None }], options: None }], extension: [], options: Some(FileOptions { java_package: None, java_outer_classname: None, java_multiple_files: None, java_generate_equals_and_hash: None, java_string_check_utf8: None, optimize_for: None, go_package: Some("io.pact/area_calculator"), cc_generic_services: None, java_generic_services: None, py_generic_services: None, php_generic_services: Some(true), deprecated: None, cc_enable_arenas: None, objc_class_prefix: None, csharp_namespace: None, swift_prefix: None, php_class_prefix: None, php_namespace: None, php_metadata_namespace: None, ruby_package: None, uninterpreted_option: [] }), source_code_info: None, syntax: Some("proto3") }] }, MethodDescriptorProto { name: Some("calculateOne"), input_type: Some(".area_calculator.ShapeMessage"), output_type: Some(".area_calculator.AreaResponse"), options: Some(MethodOptions { deprecated: None, idempotency_level: None, uninterpreted_option: [] }), client_streaming: None, server_streaming: None }, SynchronousMessage { id: None, key: Some("c7fbe3ee"), description: "calculate rectangle area request", provider_states: [], comments: {"testname": String("io.pact.example.grpc.consumer.PactConsumerTest.calculateRectangleArea(MockServer, SynchronousMessages)")}, request: MessageContents { contents: Present(b"\x12\n\r\0\0@@\x15\0\0\x80@", Some(ContentType { main_type: "application", sub_type: "protobuf", attributes: {"message": "ShapeMessage"}, suffix: None }), Some(BINARY)), metadata: {}, matching_rules: MatchingRules { rules: {BODY: MatchingRuleCategory { name: BODY, rules: {DocPath { path_tokens: [Root, Field("rectangle"), Field("length")], expr: "$.rectangle.length" }: RuleList { rules: [Number], rule_logic: And, cascaded: false }, DocPath { path_tokens: [Root, Field("rectangle"), Field("width")], expr: "$.rectangle.width" }: RuleList { rules: [Number], rule_logic: And, cascaded: false }} }} }, generators: Generators { categories: {} } }, response: [MessageContents { contents: Present(b"\r\0\0@A", Some(ContentType { main_type: "application", sub_type: "protobuf", attributes: {"message": "AreaResponse"}, suffix: None }), Some(BINARY)), metadata: {}, matching_rules: MatchingRules { rules: {BODY: MatchingRuleCategory { name: BODY, rules: {DocPath { path_tokens: [Root, Field("value")], expr: "$.value" }: RuleList { rules: [Number], rule_logic: And, cascaded: false }} }} }, generators: Generators { categories: {} } }], pending: false, plugin_config: {"protobuf": {"service": String("Calculator/calculateOne"), "descriptorKey": String("a85dff8f82655a9681aad113575dcfbb")}}, interaction_markup: InteractionMarkup { markup: "```protobuf\nmessage ShapeMessage {\n    message .area_calculator.Rectangle rectangle = 2;\n}\n```\n\n```protobuf\nmessage AreaResponse {\n    float value = 1;\n}\n```\n", markup_type: "COMMON_MARK" }, transport: None })}, server_key: "5cae5f82-fec2-43c6-9739-60d0383d84ec" } ?[3mreq?[0m?[2m=?[0mRequest { method: POST, uri: http://127.0.0.1:53791/area_calculator.Calculator/calculateOne, version: HTTP/2.0, headers: {"content-type": "application/grpc", "te": "trailers", "user-agent": "grpc-java-netty/1.49.0", "grpc-accept-encoding": "gzip"}, body: Body(Streaming) }?[1m}?[0m?[2m:?[0m?[1mmock_server_handler?[0m?[1m{?[0m?[3mkey?[0m?[2m=?[0m"5cae5f82-fec2-43c6-9739-60d0383d84ec"?[1m}?[0m?[2m:?[0m?[1mhandle_message?[0m?[1m{?[0m?[3mself?[0m?[2m=?[0mMockService { file_descriptor_set: FileDescriptorSet { file: [FileDescriptorProto { name: Some("area_calculator.proto"), package: Some("area_calculator"), dependency: [], public_dependency: [], weak_dependency: [], message_type: [DescriptorProto { name: Some("ShapeMessage"), field: [FieldDescriptorProto { name: Some("square"), number: Some(1), label: Some(Optional), r#type: Some(Message), type_name: Some(".area_calculator.Square"), extendee: None, default_value: None, oneof_index: Some(0), json_name: Some("square"), options: None, proto3_optional: None }, FieldDescriptorProto { name: Some("rectangle"), number: Some(2), label: Some(Optional), r#type: Some(Message), type_name: Some(".area_calculator.Rectangle"), extendee: None, default_value: None, oneof_index: Some(0), json_name: Some("rectangle"), options: None, proto3_optional: None }, FieldDescriptorProto { name: Some("circle"), number: Some(3), label: Some(Optional), r#type: Some(Message), type_name: Some(".area_calculator.Circle"), extendee: None, default_value: None, oneof_index: Some(0), json_name: Some("circle"), options: None, proto3_optional: None }, FieldDescriptorProto { name: Some("triangle"), number: Some(4), label: Some(Optional), r#type: Some(Message), type_name: Some(".area_calculator.Triangle"), extendee: None, default_value: None, oneof_index: Some(0), json_name: Some("triangle"), options: None, proto3_optional: None }, FieldDescriptorProto { name: Some("parallelogram"), number: Some(5), label: Some(Optional), r#type: Some(Message), type_name: Some(".area_calculator.Parallelogram"), extendee: None, default_value: None, oneof_index: Some(0), json_name: Some("parallelogram"), options: None, proto3_optional: None }], extension: [], nested_type: [], enum_type: [], extension_range: [], oneof_decl: [OneofDescriptorProto { name: Some("shape"), options: None }], options: None, reserved_range: [], reserved_name: [] }, DescriptorProto { name: Some("Square"), field: [FieldDescriptorProto { name: Some("edge_length"), number: Some(1), label: Some(Optional), r#type: Some(Float), type_name: None, extendee: None, default_value: None, oneof_index: None, json_name: Some("edgeLength"), options: None, proto3_optional: None }], extension: [], nested_type: [], enum_type: [], extension_range: [], oneof_decl: [], options: None, reserved_range: [], reserved_name: [] }, DescriptorProto { name: Some("Rectangle"), field: [FieldDescriptorProto { name: Some("length"), number: Some(1), label: Some(Optional), r#type: Some(Float), type_name: None, extendee: None, default_value: None, oneof_index: None, json_name: Some("length"), options: None, proto3_optional: None }, FieldDescriptorProto { name: Some("width"), number: Some(2), label: Some(Optional), r#type: Some(Float), type_name: None, extendee: None, default_value: None, oneof_index: None, json_name: Some("width"), options: None, proto3_optional: None }], extension: [], nested_type: [], enum_type: [], extension_range: [], oneof_decl: [], options: None, reserved_range: [], reserved_name: [] }, DescriptorProto { name: Some("Circle"), field: [FieldDescriptorProto { name: Some("radius"), number: Some(1), label: Some(Optional), r#type: Some(Float), type_name: None, extendee: None, default_value: None, oneof_index: None, json_name: Some("radius"), options: None, proto3_optional: None }], extension: [], nested_type: [], enum_type: [], extension_range: [], oneof_decl: [], options: None, reserved_range: [], reserved_name: [] }, DescriptorProto { name: Some("Triangle"), field: [FieldDescriptorProto { name: Some("edge_a"), number: Some(1), label: Some(Optional), r#type: Some(Float), type_name: None, extendee: None, default_value: None, oneof_index: None, json_name: Some("edgeA"), options: None, proto3_optional: None }, FieldDescriptorProto { name: Some("edge_b"), number: Some(2), label: Some(Optional), r#type: Some(Float), type_name: None, extendee: None, default_value: None, oneof_index: None, json_name: Some("edgeB"), options: None, proto3_optional: None }, FieldDescriptorProto { name: Some("edge_c"), number: Some(3), label: Some(Optional), r#type: Some(Float), type_name: None, extendee: None, default_value: None, oneof_index: None, json_name: Some("edgeC"), options: None, proto3_optional: None }], extension: [], nested_type: [], enum_type: [], extension_range: [], oneof_decl: [], options: None, reserved_range: [], reserved_name: [] }, DescriptorProto { name: Some("Parallelogram"), field: [FieldDescriptorProto { name: Some("base_length"), number: Some(1), label: Some(Optional), r#type: Some(Float), type_name: None, extendee: None, default_value: None, oneof_index: None, json_name: Some("baseLength"), options: None, proto3_optional: None }, FieldDescriptorProto { name: Some("height"), number: Some(2), label: Some(Optional), r#type: Some(Float), type_name: None, extendee: None, default_value: None, oneof_index: None, json_name: Some("height"), options: None, proto3_optional: None }], extension: [], nested_type: [], enum_type: [], extension_range: [], oneof_decl: [], options: None, reserved_range: [], reserved_name: [] }, DescriptorProto { name: Some("AreaRequest"), field: [FieldDescriptorProto { name: Some("shapes"), number: Some(1), label: Some(Repeated), r#type: Some(Message), type_name: Some(".area_calculator.ShapeMessage"), extendee: None, default_value: None, oneof_index: None, json_name: Some("shapes"), options: None, proto3_optional: None }], extension: [], nested_type: [], enum_type: [], extension_range: [], oneof_decl: [], options: None, reserved_range: [], reserved_name: [] }, DescriptorProto { name: Some("AreaResponse"), field: [FieldDescriptorProto { name: Some("value"), number: Some(1), label: Some(Repeated), r#type: Some(Float), type_name: None, extendee: None, default_value: None, oneof_index: None, json_name: Some("value"), options: None, proto3_optional: None }], extension: [], nested_type: [], enum_type: [], extension_range: [], oneof_decl: [], options: None, reserved_range: [], reserved_name: [] }], enum_type: [], service: [ServiceDescriptorProto { name: Some("Calculator"), method: [MethodDescriptorProto { name: Some("calculateOne"), input_type: Some(".area_calculator.ShapeMessage"), output_type: Some(".area_calculator.AreaResponse"), options: Some(MethodOptions { deprecated: None, idempotency_level: None, uninterpreted_option: [] }), client_streaming: None, server_streaming: None }, MethodDescriptorProto { name: Some("calculateMulti"), input_type: Some(".area_calculator.AreaRequest"), output_type: Some(".area_calculator.AreaResponse"), options: Some(MethodOptions { deprecated: None, idempotency_level: None, uninterpreted_option: [] }), client_streaming: None, server_streaming: None }], options: None }], extension: [], options: Some(FileOptions { java_package: None, java_outer_classname: None, java_multiple_files: None, java_generate_equals_and_hash: None, java_string_check_utf8: None, optimize_for: None, go_package: Some("io.pact/area_calculator"), cc_generic_services: None, java_generic_services: None, py_generic_services: None, php_generic_services: Some(true), deprecated: None, cc_enable_arenas: None, objc_class_prefix: None, csharp_namespace: None, swift_prefix: None, php_class_prefix: None, php_namespace: None, php_metadata_namespace: None, ruby_package: None, uninterpreted_option: [] }), source_code_info: None, syntax: Some("proto3") }] }, service_name: "Calculator", message: SynchronousMessage { id: None, key: Some("c7fbe3ee"), description: "calculate rectangle area request", provider_states: [], comments: {"testname": String("io.pact.example.grpc.consumer.PactConsumerTest.calculateRectangleArea(MockServer, SynchronousMessages)")}, request: MessageContents { contents: Present(b"\x12\n\r\0\0@@\x15\0\0\x80@", Some(ContentType { main_type: "application", sub_type: "protobuf", attributes: {"message": "ShapeMessage"}, suffix: None }), Some(BINARY)), metadata: {}, matching_rules: MatchingRules { rules: {BODY: MatchingRuleCategory { name: BODY, rules: {DocPath { path_tokens: [Root, Field("rectangle"), Field("length")], expr: "$.rectangle.length" }: RuleList { rules: [Number], rule_logic: And, cascaded: false }, DocPath { path_tokens: [Root, Field("rectangle"), Field("width")], expr: "$.rectangle.width" }: RuleList { rules: [Number], rule_logic: And, cascaded: false }} }} }, generators: Generators { categories: {} } }, response: [MessageContents { contents: Present(b"\r\0\0@A", Some(ContentType { main_type: "application", sub_type: "protobuf", attributes: {"message": "AreaResponse"}, suffix: None }), Some(BINARY)), metadata: {}, matching_rules: MatchingRules { rules: {BODY: MatchingRuleCategory { name: BODY, rules: {DocPath { path_tokens: [Root, Field("value")], expr: "$.value" }: RuleList { rules: [Number], rule_logic: And, cascaded: false }} }} }, generators: Generators { categories: {} } }], pending: false, plugin_config: {"protobuf": {"service": String("Calculator/calculateOne"), "descriptorKey": String("a85dff8f82655a9681aad113575dcfbb")}}, interaction_markup: InteractionMarkup { markup: "```protobuf\nmessage ShapeMessage {\n    message .area_calculator.Rectangle rectangle = 2;\n}\n```\n\n```protobuf\nmessage AreaResponse {\n    float value = 1;\n}\n```\n", markup_type: "COMMON_MARK" }, transport: None }, method_descriptor: MethodDescriptorProto { name: Some("calculateOne"), input_type: Some(".area_calculator.ShapeMessage"), output_type: Some(".area_calculator.AreaResponse"), options: Some(MethodOptions { deprecated: None, idempotency_level: None, uninterpreted_option: [] }), client_streaming: None, server_streaming: None }, input_message: DescriptorProto { name: Some("ShapeMessage"), field: [FieldDescriptorProto { name: Some("square"), number: Some(1), label: Some(Optional), r#type: Some(Message), type_name: Some(".area_calculator.Square"), extendee: None, default_value: None, oneof_index: Some(0), json_name: Some("square"), options: None, proto3_optional: None }, FieldDescriptorProto { name: Some("rectangle"), number: Some(2), label: Some(Optional), r#type: Some(Message), type_name: Some(".area_calculator.Rectangle"), extendee: None, default_value: None, oneof_index: Some(0), json_name: Some("rectangle"), options: None, proto3_optional: None }, FieldDescriptorProto { name: Some("circle"), number: Some(3), label: Some(Optional), r#type: Some(Message), type_name: Some(".area_calculator.Circle"), extendee: None, default_value: None, oneof_index: Some(0), json_name: Some("circle"), options: None, proto3_optional: None }, FieldDescriptorProto { name: Some("triangle"), number: Some(4), label: Some(Optional), r#type: Some(Message), type_name: Some(".area_calculator.Triangle"), extendee: None, default_value: None, oneof_index: Some(0), json_name: Some("triangle"), options: None, proto3_optional: None }, FieldDescriptorProto { name: Some("parallelogram"), number: Some(5), label: Some(Optional), r#type: Some(Message), type_name: Some(".area_calculator.Parallelogram"), extendee: None, default_value: None, oneof_index: Some(0), json_name: Some("parallelogram"), options: None, proto3_optional: None }], extension: [], nested_type: [], enum_type: [], extension_range: [], oneof_decl: [OneofDescriptorProto { name: Some("shape"), options: None }], options: None, reserved_range: [], reserved_name: [] }, output_message: DescriptorProto { name: Some("AreaResponse"), field: [FieldDescriptorProto { name: Some("value"), number: Some(1), label: Some(Repeated), r#type: Some(Float), type_name: None, extendee: None, default_value: None, oneof_index: None, json_name: Some("value"), options: None, proto3_optional: None }], extension: [], nested_type: [], enum_type: [], extension_range: [], oneof_decl: [], options: None, reserved_range: [], reserved_name: [] }, server_key: "5cae5f82-fec2-43c6-9739-60d0383d84ec" } ?[3mrequest?[0m?[2m=?[0mDynamicMessage { descriptor: DescriptorProto { name: Some("ShapeMessage"), field: [FieldDescriptorProto { name: Some("square"), number: Some(1), label: Some(Optional), r#type: Some(Message), type_name: Some(".area_calculator.Square"), extendee: None, default_value: None, oneof_index: Some(0), json_name: Some("square"), options: None, proto3_optional: None }, FieldDescriptorProto { name: Some("rectangle"), number: Some(2), label: Some(Optional), r#type: Some(Message), type_name: Some(".area_calculator.Rectangle"), extendee: None, default_value: None, oneof_index: Some(0), json_name: Some("rectangle"), options: None, proto3_optional: None }, FieldDescriptorProto { name: Some("circle"), number: Some(3), label: Some(Optional), r#type: Some(Message), type_name: Some(".area_calculator.Circle"), extendee: None, default_value: None, oneof_index: Some(0), json_name: Some("circle"), options: None, proto3_optional: None }, FieldDescriptorProto { name: Some("triangle"), number: Some(4), label: Some(Optional), r#type: Some(Message), type_name: Some(".area_calculator.Triangle"), extendee: None, default_value: None, oneof_index: Some(0), json_name: Some("triangle"), options: None, proto3_optional: None }, FieldDescriptorProto { name: Some("parallelogram"), number: Some(5), label: Some(Optional), r#type: Some(Message), type_name: Some(".area_calculator.Parallelogram"), extendee: None, default_value: None, oneof_index: Some(0), json_name: Some("parallelogram"), options: None, proto3_optional: None }], extension: [], nested_type: [], enum_type: [], extension_range: [], oneof_decl: [OneofDescriptorProto { name: Some("shape"), options: None }], options: None, reserved_range: [], reserved_name: [] }, fields: [ProtobufField { field_num: 2, wire_type: LengthDelimited, data: Message([13, 0, 0, 64, 64, 21, 0, 0, 128, 64], DescriptorProto { name: Some("Rectangle"), field: [FieldDescriptorProto { name: Some("length"), number: Some(1), label: Some(Optional), r#type: Some(Float), type_name: None, extendee: None, default_value: None, oneof_index: None, json_name: Some("length"), options: None, proto3_optional: None }, FieldDescriptorProto { name: Some("width"), number: Some(2), label: Some(Optional), r#type: Some(Float), type_name: None, extendee: None, default_value: None, oneof_index: None, json_name: Some("width"), options: None, proto3_optional: None }], extension: [], nested_type: [], enum_type: [], extension_range: [], oneof_decl: [], options: None, reserved_range: [], reserved_name: [] }) }] } ?[3mmessage_descriptor?[0m?[2m=?[0mDescriptorProto { name: Some("ShapeMessage"), field: [FieldDescriptorProto { name: Some("square"), number: Some(1), label: Some(Optional), r#type: Some(Message), type_name: Some(".area_calculator.Square"), extendee: None, default_value: None, oneof_index: Some(0), json_name: Some("square"), options: None, proto3_optional: None }, FieldDescriptorProto { name: Some("rectangle"), number: Some(2), label: Some(Optional), r#type: Some(Message), type_name: Some(".area_calculator.Rectangle"), extendee: None, default_value: None, oneof_index: Some(0), json_name: Some("rectangle"), options: None, proto3_optional: None }, FieldDescriptorProto { name: Some("circle"), number: Some(3), label: Some(Optional), r#type: Some(Message), type_name: Some(".area_calculator.Circle"), extendee: None, default_value: None, oneof_index: Some(0), json_name: Some("circle"), options: None, proto3_optional: None }, FieldDescriptorProto { name: Some("triangle"), number: Some(4), label: Some(Optional), r#type: Some(Message), type_name: Some(".area_calculator.Triangle"), extendee: None, default_value: None, oneof_index: Some(0), json_name: Some("triangle"), options: None, proto3_optional: None }, FieldDescriptorProto { name: Some("parallelogram"), number: Some(5), label: Some(Optional), r#type: Some(Message), type_name: Some(".area_calculator.Parallelogram"), extendee: None, default_value: None, oneof_index: Some(0), json_name: Some("parallelogram"), options: None, proto3_optional: None }], extension: [], nested_type: [], enum_type: [], extension_range: [], oneof_decl: [OneofDescriptorProto { name: Some("shape"), options: None }], options: None, reserved_range: [], reserved_name: [] } ?[3mresponse_descriptor?[0m?[2m=?[0mDescriptorProto { name: Some("AreaResponse"), field: [FieldDescriptorProto { name: Some("value"), number: Some(1), label: Some(Repeated), r#type: Some(Float), type_name: None, extendee: None, default_value: None, oneof_index: None, json_name: Some("value"), options: None, proto3_optional: None }], extension: [], nested_type: [], enum_type: [], extension_range: [], oneof_decl: [], options: None, reserved_range: [], reserved_name: [] }?[1m}?[0m?[2m:?[0m ?[2mpact_protobuf_plugin::matching?[0m?[2m:?[0m compare_field($.rectangle, ProtobufField { field_num: 2, wire_type: LengthDelimited, data: Message([13, 0, 0, 64, 64, 21, 0, 0, 128, 64], DescriptorProto { name: Some("Rectangle"), field: [FieldDescriptorProto { name: Some("length"), number: Some(1), label: Some(Optional), r#type: Some(Float), type_name: None, extendee: None, default_value: None, oneof_index: None, json_name: Some("length"), options: None, proto3_optional: None }, FieldDescriptorProto { name: Some("width"), number: Some(2), label: Some(Optional), r#type: Some(Float), type_name: None, extendee: None, default_value: None, oneof_index: None, json_name: Some("width"), options: None, proto3_optional: None }], extension: [], nested_type: [], enum_type: [], extension_range: [], oneof_decl: [], options: None, reserved_range: [], reserved_name: [] }) }, FieldDescriptorProto { name: Some("rectangle"), number: Some(2), label: Some(Optional), r#type: Some(Message), type_name: Some(".area_calculator.Rectangle"), extendee: None, default_value: None, oneof_index: Some(0), json_name: Some("rectangle"), options: None, proto3_optional: None }, ProtobufField { field_num: 2, wire_type: LengthDelimited, data: Message([13, 0, 0, 64, 64, 21, 0, 0, 128, 64], DescriptorProto { name: Some("Rectangle"), field: [FieldDescriptorProto { name: Some("length"), number: Some(1), label: Some(Optional), r#type: Some(Float), type_name: None, extendee: None, default_value: None, oneof_index: None, json_name: Some("length"), options: None, proto3_optional: None }, FieldDescriptorProto { name: Some("width"), number: Some(2), label: Some(Optional), r#type: Some(Float), type_name: None, extendee: None, default_value: None, oneof_index: None, json_name: Some("width"), options: None, proto3_optional: None }], extension: [], nested_type: [], enum_type: [], extension_range: [], oneof_decl: [], options: None, reserved_range: [], reserved_name: [] }) })
15:05:16.526 [Thread-5] DEBUG i.pact.plugins.jvm.core.ChildProcess - Plugin protobuf [46038] || ?[2m2023-03-27T09:35:16.525228Z?[0m ?[35mTRACE?[0m tokio-runtime-worker ?[1mrequest?[0m?[1m{?[0m?[3mmethod?[0m?[2m=?[0mPOST ?[3muri?[0m?[2m=?[0mhttp://127.0.0.1:53791/area_calculator.Calculator/calculateOne ?[3mversion?[0m?[2m=?[0mHTTP/2.0?[1m}?[0m?[2m:?[0m?[1mcall?[0m?[1m{?[0m?[3mself?[0m?[2m=?[0mGrpcMockServer { pact: V4Pact { consumer: Consumer { name: "grpc-consumer-jvm" }, provider: Provider { name: "area-calculator-provider" }, interactions: [SynchronousMessage { id: None, key: Some("c7fbe3ee"), description: "calculate rectangle area request", provider_states: [], comments: {"testname": String("io.pact.example.grpc.consumer.PactConsumerTest.calculateRectangleArea(MockServer, SynchronousMessages)")}, request: MessageContents { contents: Present(b"\x12\n\r\0\0@@\x15\0\0\x80@", Some(ContentType { main_type: "application", sub_type: "protobuf", attributes: {"message": "ShapeMessage"}, suffix: None }), Some(BINARY)), metadata: {}, matching_rules: MatchingRules { rules: {BODY: MatchingRuleCategory { name: BODY, rules: {DocPath { path_tokens: [Root, Field("rectangle"), Field("length")], expr: "$.rectangle.length" }: RuleList { rules: [Number], rule_logic: And, cascaded: false }, DocPath { path_tokens: [Root, Field("rectangle"), Field("width")], expr: "$.rectangle.width" }: RuleList { rules: [Number], rule_logic: And, cascaded: false }} }} }, generators: Generators { categories: {} } }, response: [MessageContents { contents: Present(b"\r\0\0@A", Some(ContentType { main_type: "application", sub_type: "protobuf", attributes: {"message": "AreaResponse"}, suffix: None }), Some(BINARY)), metadata: {}, matching_rules: MatchingRules { rules: {BODY: MatchingRuleCategory { name: BODY, rules: {DocPath { path_tokens: [Root, Field("value")], expr: "$.value" }: RuleList { rules: [Number], rule_logic: And, cascaded: false }} }} }, generators: Generators { categories: {} } }], pending: false, plugin_config: {"protobuf": {"service": String("Calculator/calculateOne"), "descriptorKey": String("a85dff8f82655a9681aad113575dcfbb")}}, interaction_markup: InteractionMarkup { markup: "```protobuf\nmessage ShapeMessage {\n    message .area_calculator.Rectangle rectangle = 2;\n}\n```\n\n```protobuf\nmessage AreaResponse {\n    float value = 1;\n}\n```\n", markup_type: "COMMON_MARK" }, transport: None }], metadata: {"pact-jvm": Object({"version": String("4.4.2")}), "pactSpecification": Object({"version": String("4.0")})}, plugin_data: [PluginData { name: "protobuf", version: "0.1.5", configuration: {"a85dff8f82655a9681aad113575dcfbb": Object({"protoDescriptors": String("CsoHChVhcmVhX2NhbGN1bGF0b3IucHJvdG8SD2FyZWFfY2FsY3VsYXRvciK6AgoMU2hhcGVNZXNzYWdlEjEKBnNxdWFyZRgBIAEoCzIXLmFyZWFfY2FsY3VsYXRvci5TcXVhcmVIAFIGc3F1YXJlEjoKCXJlY3RhbmdsZRgCIAEoCzIaLmFyZWFfY2FsY3VsYXRvci5SZWN0YW5nbGVIAFIJcmVjdGFuZ2xlEjEKBmNpcmNsZRgDIAEoCzIXLmFyZWFfY2FsY3VsYXRvci5DaXJjbGVIAFIGY2lyY2xlEjcKCHRyaWFuZ2xlGAQgASgLMhkuYXJlYV9jYWxjdWxhdG9yLlRyaWFuZ2xlSABSCHRyaWFuZ2xlEkYKDXBhcmFsbGVsb2dyYW0YBSABKAsyHi5hcmVhX2NhbGN1bGF0b3IuUGFyYWxsZWxvZ3JhbUgAUg1wYXJhbGxlbG9ncmFtQgcKBXNoYXBlIikKBlNxdWFyZRIfCgtlZGdlX2xlbmd0aBgBIAEoAlIKZWRnZUxlbmd0aCI5CglSZWN0YW5nbGUSFgoGbGVuZ3RoGAEgASgCUgZsZW5ndGgSFAoFd2lkdGgYAiABKAJSBXdpZHRoIiAKBkNpcmNsZRIWCgZyYWRpdXMYASABKAJSBnJhZGl1cyJPCghUcmlhbmdsZRIVCgZlZGdlX2EYASABKAJSBWVkZ2VBEhUKBmVkZ2VfYhgCIAEoAlIFZWRnZUISFQoGZWRnZV9jGAMgASgCUgVlZGdlQyJICg1QYXJhbGxlbG9ncmFtEh8KC2Jhc2VfbGVuZ3RoGAEgASgCUgpiYXNlTGVuZ3RoEhYKBmhlaWdodBgCIAEoAlIGaGVpZ2h0IkQKC0FyZWFSZXF1ZXN0EjUKBnNoYXBlcxgBIAMoCzIdLmFyZWFfY2FsY3VsYXRvci5TaGFwZU1lc3NhZ2VSBnNoYXBlcyIkCgxBcmVhUmVzcG9uc2USFAoFdmFsdWUYASADKAJSBXZhbHVlMq0BCgpDYWxjdWxhdG9yEk4KDGNhbGN1bGF0ZU9uZRIdLmFyZWFfY2FsY3VsYXRvci5TaGFwZU1lc3NhZ2UaHS5hcmVhX2NhbGN1bGF0b3IuQXJlYVJlc3BvbnNlIgASTwoOY2FsY3VsYXRlTXVsdGkSHC5hcmVhX2NhbGN1bGF0b3IuQXJlYVJlcXVlc3QaHS5hcmVhX2NhbGN1bGF0b3IuQXJlYVJlc3BvbnNlIgBCHFoXaW8ucGFjdC9hcmVhX2NhbGN1bGF0b3LQAgFiBnByb3RvMw=="), "protoFile": String("syntax = \"proto3\";\n\npackage area_calculator;\n\noption php_generic_services = true;\noption go_package = \"io.pact/area_calculator\";\n\nservice Calculator {\n  rpc calculateOne (ShapeMessage) returns (AreaResponse) {}\n  rpc calculateMulti (AreaRequest) returns (AreaResponse) {}\n}\n\nmessage ShapeMessage {\n  oneof shape {\n    Square square = 1;\n    Rectangle rectangle = 2;\n    Circle circle = 3;\n    Triangle triangle = 4;\n    Parallelogram parallelogram = 5;\n  }\n}\n\nmessage Square {\n  float edge_length = 1;\n}\n\nmessage Rectangle {\n  float length = 1;\n  float width = 2;\n}\n\nmessage Circle {\n  float radius = 1;\n}\n\nmessage Triangle {\n  float edge_a = 1;\n  float edge_b = 2;\n  float edge_c = 3;\n}\n\nmessage Parallelogram {\n  float base_length = 1;\n  float height = 2;\n}\n\nmessage AreaRequest {\n  repeated ShapeMessage shapes = 1;\n}\n\nmessage AreaResponse {\n  repeated float value = 1;\n}\n")})} }] }, plugin_config: PluginData { name: "protobuf", version: "0.1.5", configuration: {"a85dff8f82655a9681aad113575dcfbb": Object({"protoDescriptors": String("CsoHChVhcmVhX2NhbGN1bGF0b3IucHJvdG8SD2FyZWFfY2FsY3VsYXRvciK6AgoMU2hhcGVNZXNzYWdlEjEKBnNxdWFyZRgBIAEoCzIXLmFyZWFfY2FsY3VsYXRvci5TcXVhcmVIAFIGc3F1YXJlEjoKCXJlY3RhbmdsZRgCIAEoCzIaLmFyZWFfY2FsY3VsYXRvci5SZWN0YW5nbGVIAFIJcmVjdGFuZ2xlEjEKBmNpcmNsZRgDIAEoCzIXLmFyZWFfY2FsY3VsYXRvci5DaXJjbGVIAFIGY2lyY2xlEjcKCHRyaWFuZ2xlGAQgASgLMhkuYXJlYV9jYWxjdWxhdG9yLlRyaWFuZ2xlSABSCHRyaWFuZ2xlEkYKDXBhcmFsbGVsb2dyYW0YBSABKAsyHi5hcmVhX2NhbGN1bGF0b3IuUGFyYWxsZWxvZ3JhbUgAUg1wYXJhbGxlbG9ncmFtQgcKBXNoYXBlIikKBlNxdWFyZRIfCgtlZGdlX2xlbmd0aBgBIAEoAlIKZWRnZUxlbmd0aCI5CglSZWN0YW5nbGUSFgoGbGVuZ3RoGAEgASgCUgZsZW5ndGgSFAoFd2lkdGgYAiABKAJSBXdpZHRoIiAKBkNpcmNsZRIWCgZyYWRpdXMYASABKAJSBnJhZGl1cyJPCghUcmlhbmdsZRIVCgZlZGdlX2EYASABKAJSBWVkZ2VBEhUKBmVkZ2VfYhgCIAEoAlIFZWRnZUISFQoGZWRnZV9jGAMgASgCUgVlZGdlQyJICg1QYXJhbGxlbG9ncmFtEh8KC2Jhc2VfbGVuZ3RoGAEgASgCUgpiYXNlTGVuZ3RoEhYKBmhlaWdodBgCIAEoAlIGaGVpZ2h0IkQKC0FyZWFSZXF1ZXN0EjUKBnNoYXBlcxgBIAMoCzIdLmFyZWFfY2FsY3VsYXRvci5TaGFwZU1lc3NhZ2VSBnNoYXBlcyIkCgxBcmVhUmVzcG9uc2USFAoFdmFsdWUYASADKAJSBXZhbHVlMq0BCgpDYWxjdWxhdG9yEk4KDGNhbGN1bGF0ZU9uZRIdLmFyZWFfY2FsY3VsYXRvci5TaGFwZU1lc3NhZ2UaHS5hcmVhX2NhbGN1bGF0b3IuQXJlYVJlc3BvbnNlIgASTwoOY2FsY3VsYXRlTXVsdGkSHC5hcmVhX2NhbGN1bGF0b3IuQXJlYVJlcXVlc3QaHS5hcmVhX2NhbGN1bGF0b3IuQXJlYVJlc3BvbnNlIgBCHFoXaW8ucGFjdC9hcmVhX2NhbGN1bGF0b3LQAgFiBnByb3RvMw=="), "protoFile": String("syntax = \"proto3\";\n\npackage area_calculator;\n\noption php_generic_services = true;\noption go_package = \"io.pact/area_calculator\";\n\nservice Calculator {\n  rpc calculateOne (ShapeMessage) returns (AreaResponse) {}\n  rpc calculateMulti (AreaRequest) returns (AreaResponse) {}\n}\n\nmessage ShapeMessage {\n  oneof shape {\n    Square square = 1;\n    Rectangle rectangle = 2;\n    Circle circle = 3;\n    Triangle triangle = 4;\n    Parallelogram parallelogram = 5;\n  }\n}\n\nmessage Square {\n  float edge_length = 1;\n}\n\nmessage Rectangle {\n  float length = 1;\n  float width = 2;\n}\n\nmessage Circle {\n  float radius = 1;\n}\n\nmessage Triangle {\n  float edge_a = 1;\n  float edge_b = 2;\n  float edge_c = 3;\n}\n\nmessage Parallelogram {\n  float base_length = 1;\n  float height = 2;\n}\n\nmessage AreaRequest {\n  repeated ShapeMessage shapes = 1;\n}\n\nmessage AreaResponse {\n  repeated float value = 1;\n}\n")})} }, descriptors: {"a85dff8f82655a9681aad113575dcfbb": FileDescriptorSet { file: [FileDescriptorProto { name: Some("area_calculator.proto"), package: Some("area_calculator"), dependency: [], public_dependency: [], weak_dependency: [], message_type: [DescriptorProto { name: Some("ShapeMessage"), field: [FieldDescriptorProto { name: Some("square"), number: Some(1), label: Some(Optional), r#type: Some(Message), type_name: Some(".area_calculator.Square"), extendee: None, default_value: None, oneof_index: Some(0), json_name: Some("square"), options: None, proto3_optional: None }, FieldDescriptorProto { name: Some("rectangle"), number: Some(2), label: Some(Optional), r#type: Some(Message), type_name: Some(".area_calculator.Rectangle"), extendee: None, default_value: None, oneof_index: Some(0), json_name: Some("rectangle"), options: None, proto3_optional: None }, FieldDescriptorProto { name: Some("circle"), number: Some(3), label: Some(Optional), r#type: Some(Message), type_name: Some(".area_calculator.Circle"), extendee: None, default_value: None, oneof_index: Some(0), json_name: Some("circle"), options: None, proto3_optional: None }, FieldDescriptorProto { name: Some("triangle"), number: Some(4), label: Some(Optional), r#type: Some(Message), type_name: Some(".area_calculator.Triangle"), extendee: None, default_value: None, oneof_index: Some(0), json_name: Some("triangle"), options: None, proto3_optional: None }, FieldDescriptorProto { name: Some("parallelogram"), number: Some(5), label: Some(Optional), r#type: Some(Message), type_name: Some(".area_calculator.Parallelogram"), extendee: None, default_value: None, oneof_index: Some(0), json_name: Some("parallelogram"), options: None, proto3_optional: None }], extension: [], nested_type: [], enum_type: [], extension_range: [], oneof_decl: [OneofDescriptorProto { name: Some("shape"), options: None }], options: None, reserved_range: [], reserved_name: [] }, DescriptorProto { name: Some("Square"), field: [FieldDescriptorProto { name: Some("edge_length"), number: Some(1), label: Some(Optional), r#type: Some(Float), type_name: None, extendee: None, default_value: None, oneof_index: None, json_name: Some("edgeLength"), options: None, proto3_optional: None }], extension: [], nested_type: [], enum_type: [], extension_range: [], oneof_decl: [], options: None, reserved_range: [], reserved_name: [] }, DescriptorProto { name: Some("Rectangle"), field: [FieldDescriptorProto { name: Some("length"), number: Some(1), label: Some(Optional), r#type: Some(Float), type_name: None, extendee: None, default_value: None, oneof_index: None, json_name: Some("length"), options: None, proto3_optional: None }, FieldDescriptorProto { name: Some("width"), number: Some(2), label: Some(Optional), r#type: Some(Float), type_name: None, extendee: None, default_value: None, oneof_index: None, json_name: Some("width"), options: None, proto3_optional: None }], extension: [], nested_type: [], enum_type: [], extension_range: [], oneof_decl: [], options: None, reserved_range: [], reserved_name: [] }, DescriptorProto { name: Some("Circle"), field: [FieldDescriptorProto { name: Some("radius"), number: Some(1), label: Some(Optional), r#type: Some(Float), type_name: None, extendee: None, default_value: None, oneof_index: None, json_name: Some("radius"), options: None, proto3_optional: None }], extension: [], nested_type: [], enum_type: [], extension_range: [], oneof_decl: [], options: None, reserved_range: [], reserved_name: [] }, DescriptorProto { name: Some("Triangle"), field: [FieldDescriptorProto { name: Some("edge_a"), number: Some(1), label: Some(Optional), r#type: Some(Float), type_name: None, extendee: None, default_value: None, oneof_index: None, json_name: Some("edgeA"), options: None, proto3_optional: None }, FieldDescriptorProto { name: Some("edge_b"), number: Some(2), label: Some(Optional), r#type: Some(Float), type_name: None, extendee: None, default_value: None, oneof_index: None, json_name: Some("edgeB"), options: None, proto3_optional: None }, FieldDescriptorProto { name: Some("edge_c"), number: Some(3), label: Some(Optional), r#type: Some(Float), type_name: None, extendee: None, default_value: None, oneof_index: None, json_name: Some("edgeC"), options: None, proto3_optional: None }], extension: [], nested_type: [], enum_type: [], extension_range: [], oneof_decl: [], options: None, reserved_range: [], reserved_name: [] }, DescriptorProto { name: Some("Parallelogram"), field: [FieldDescriptorProto { name: Some("base_length"), number: Some(1), label: Some(Optional), r#type: Some(Float), type_name: None, extendee: None, default_value: None, oneof_index: None, json_name: Some("baseLength"), options: None, proto3_optional: None }, FieldDescriptorProto { name: Some("height"), number: Some(2), label: Some(Optional), r#type: Some(Float), type_name: None, extendee: None, default_value: None, oneof_index: None, json_name: Some("height"), options: None, proto3_optional: None }], extension: [], nested_type: [], enum_type: [], extension_range: [], oneof_decl: [], options: None, reserved_range: [], reserved_name: [] }, DescriptorProto { name: Some("AreaRequest"), field: [FieldDescriptorProto { name: Some("shapes"), number: Some(1), label: Some(Repeated), r#type: Some(Message), type_name: Some(".area_calculator.ShapeMessage"), extendee: None, default_value: None, oneof_index: None, json_name: Some("shapes"), options: None, proto3_optional: None }], extension: [], nested_type: [], enum_type: [], extension_range: [], oneof_decl: [], options: None, reserved_range: [], reserved_name: [] }, DescriptorProto { name: Some("AreaResponse"), field: [FieldDescriptorProto { name: Some("value"), number: Some(1), label: Some(Repeated), r#type: Some(Float), type_name: None, extendee: None, default_value: None, oneof_index: None, json_name: Some("value"), options: None, proto3_optional: None }], extension: [], nested_type: [], enum_type: [], extension_range: [], oneof_decl: [], options: None, reserved_range: [], reserved_name: [] }], enum_type: [], service: [ServiceDescriptorProto { name: Some("Calculator"), method: [MethodDescriptorProto { name: Some("calculateOne"), input_type: Some(".area_calculator.ShapeMessage"), output_type: Some(".area_calculator.AreaResponse"), options: Some(MethodOptions { deprecated: None, idempotency_level: None, uninterpreted_option: [] }), client_streaming: None, server_streaming: None }, MethodDescriptorProto { name: Some("calculateMulti"), input_type: Some(".area_calculator.AreaRequest"), output_type: Some(".area_calculator.AreaResponse"), options: Some(MethodOptions { deprecated: None, idempotency_level: None, uninterpreted_option: [] }), client_streaming: None, server_streaming: None }], options: None }], extension: [], options: Some(FileOptions { java_package: None, java_outer_classname: None, java_multiple_files: None, java_generate_equals_and_hash: None, java_string_check_utf8: None, optimize_for: None, go_package: Some("io.pact/area_calculator"), cc_generic_services: None, java_generic_services: None, py_generic_services: None, php_generic_services: Some(true), deprecated: None, cc_enable_arenas: None, objc_class_prefix: None, csharp_namespace: None, swift_prefix: None, php_class_prefix: None, php_namespace: None, php_metadata_namespace: None, ruby_package: None, uninterpreted_option: [] }), source_code_info: None, syntax: Some("proto3") }] }}, routes: {"Calculator/calculateOne": (FileDescriptorSet { file: [FileDescriptorProto { name: Some("area_calculator.proto"), package: Some("area_calculator"), dependency: [], public_dependency: [], weak_dependency: [], message_type: [DescriptorProto { name: Some("ShapeMessage"), field: [FieldDescriptorProto { name: Some("square"), number: Some(1), label: Some(Optional), r#type: Some(Message), type_name: Some(".area_calculator.Square"), extendee: None, default_value: None, oneof_index: Some(0), json_name: Some("square"), options: None, proto3_optional: None }, FieldDescriptorProto { name: Some("rectangle"), number: Some(2), label: Some(Optional), r#type: Some(Message), type_name: Some(".area_calculator.Rectangle"), extendee: None, default_value: None, oneof_index: Some(0), json_name: Some("rectangle"), options: None, proto3_optional: None }, FieldDescriptorProto { name: Some("circle"), number: Some(3), label: Some(Optional), r#type: Some(Message), type_name: Some(".area_calculator.Circle"), extendee: None, default_value: None, oneof_index: Some(0), json_name: Some("circle"), options: None, proto3_optional: None }, FieldDescriptorProto { name: Some("triangle"), number: Some(4), label: Some(Optional), r#type: Some(Message), type_name: Some(".area_calculator.Triangle"), extendee: None, default_value: None, oneof_index: Some(0), json_name: Some("triangle"), options: None, proto3_optional: None }, FieldDescriptorProto { name: Some("parallelogram"), number: Some(5), label: Some(Optional), r#type: Some(Message), type_name: Some(".area_calculator.Parallelogram"), extendee: None, default_value: None, oneof_index: Some(0), json_name: Some("parallelogram"), options: None, proto3_optional: None }], extension: [], nested_type: [], enum_type: [], extension_range: [], oneof_decl: [OneofDescriptorProto { name: Some("shape"), options: None }], options: None, reserved_range: [], reserved_name: [] }, DescriptorProto { name: Some("Square"), field: [FieldDescriptorProto { name: Some("edge_length"), number: Some(1), label: Some(Optional), r#type: Some(Float), type_name: None, extendee: None, default_value: None, oneof_index: None, json_name: Some("edgeLength"), options: None, proto3_optional: None }], extension: [], nested_type: [], enum_type: [], extension_range: [], oneof_decl: [], options: None, reserved_range: [], reserved_name: [] }, DescriptorProto { name: Some("Rectangle"), field: [FieldDescriptorProto { name: Some("length"), number: Some(1), label: Some(Optional), r#type: Some(Float), type_name: None, extendee: None, default_value: None, oneof_index: None, json_name: Some("length"), options: None, proto3_optional: None }, FieldDescriptorProto { name: Some("width"), number: Some(2), label: Some(Optional), r#type: Some(Float), type_name: None, extendee: None, default_value: None, oneof_index: None, json_name: Some("width"), options: None, proto3_optional: None }], extension: [], nested_type: [], enum_type: [], extension_range: [], oneof_decl: [], options: None, reserved_range: [], reserved_name: [] }, DescriptorProto { name: Some("Circle"), field: [FieldDescriptorProto { name: Some("radius"), number: Some(1), label: Some(Optional), r#type: Some(Float), type_name: None, extendee: None, default_value: None, oneof_index: None, json_name: Some("radius"), options: None, proto3_optional: None }], extension: [], nested_type: [], enum_type: [], extension_range: [], oneof_decl: [], options: None, reserved_range: [], reserved_name: [] }, DescriptorProto { name: Some("Triangle"), field: [FieldDescriptorProto { name: Some("edge_a"), number: Some(1), label: Some(Optional), r#type: Some(Float), type_name: None, extendee: None, default_value: None, oneof_index: None, json_name: Some("edgeA"), options: None, proto3_optional: None }, FieldDescriptorProto { name: Some("edge_b"), number: Some(2), label: Some(Optional), r#type: Some(Float), type_name: None, extendee: None, default_value: None, oneof_index: None, json_name: Some("edgeB"), options: None, proto3_optional: None }, FieldDescriptorProto { name: Some("edge_c"), number: Some(3), label: Some(Optional), r#type: Some(Float), type_name: None, extendee: None, default_value: None, oneof_index: None, json_name: Some("edgeC"), options: None, proto3_optional: None }], extension: [], nested_type: [], enum_type: [], extension_range: [], oneof_decl: [], options: None, reserved_range: [], reserved_name: [] }, DescriptorProto { name: Some("Parallelogram"), field: [FieldDescriptorProto { name: Some("base_length"), number: Some(1), label: Some(Optional), r#type: Some(Float), type_name: None, extendee: None, default_value: None, oneof_index: None, json_name: Some("baseLength"), options: None, proto3_optional: None }, FieldDescriptorProto { name: Some("height"), number: Some(2), label: Some(Optional), r#type: Some(Float), type_name: None, extendee: None, default_value: None, oneof_index: None, json_name: Some("height"), options: None, proto3_optional: None }], extension: [], nested_type: [], enum_type: [], extension_range: [], oneof_decl: [], options: None, reserved_range: [], reserved_name: [] }, DescriptorProto { name: Some("AreaRequest"), field: [FieldDescriptorProto { name: Some("shapes"), number: Some(1), label: Some(Repeated), r#type: Some(Message), type_name: Some(".area_calculator.ShapeMessage"), extendee: None, default_value: None, oneof_index: None, json_name: Some("shapes"), options: None, proto3_optional: None }], extension: [], nested_type: [], enum_type: [], extension_range: [], oneof_decl: [], options: None, reserved_range: [], reserved_name: [] }, DescriptorProto { name: Some("AreaResponse"), field: [FieldDescriptorProto { name: Some("value"), number: Some(1), label: Some(Repeated), r#type: Some(Float), type_name: None, extendee: None, default_value: None, oneof_index: None, json_name: Some("value"), options: None, proto3_optional: None }], extension: [], nested_type: [], enum_type: [], extension_range: [], oneof_decl: [], options: None, reserved_range: [], reserved_name: [] }], enum_type: [], service: [ServiceDescriptorProto { name: Some("Calculator"), method: [MethodDescriptorProto { name: Some("calculateOne"), input_type: Some(".area_calculator.ShapeMessage"), output_type: Some(".area_calculator.AreaResponse"), options: Some(MethodOptions { deprecated: None, idempotency_level: None, uninterpreted_option: [] }), client_streaming: None, server_streaming: None }, MethodDescriptorProto { name: Some("calculateMulti"), input_type: Some(".area_calculator.AreaRequest"), output_type: Some(".area_calculator.AreaResponse"), options: Some(MethodOptions { deprecated: None, idempotency_level: None, uninterpreted_option: [] }), client_streaming: None, server_streaming: None }], options: None }], extension: [], options: Some(FileOptions { java_package: None, java_outer_classname: None, java_multiple_files: None, java_generate_equals_and_hash: None, java_string_check_utf8: None, optimize_for: None, go_package: Some("io.pact/area_calculator"), cc_generic_services: None, java_generic_services: None, py_generic_services: None, php_generic_services: Some(true), deprecated: None, cc_enable_arenas: None, objc_class_prefix: None, csharp_namespace: None, swift_prefix: None, php_class_prefix: None, php_namespace: None, php_metadata_namespace: None, ruby_package: None, uninterpreted_option: [] }), source_code_info: None, syntax: Some("proto3") }] }, MethodDescriptorProto { name: Some("calculateOne"), input_type: Some(".area_calculator.ShapeMessage"), output_type: Some(".area_calculator.AreaResponse"), options: Some(MethodOptions { deprecated: None, idempotency_level: None, uninterpreted_option: [] }), client_streaming: None, server_streaming: None }, SynchronousMessage { id: None, key: Some("c7fbe3ee"), description: "calculate rectangle area request", provider_states: [], comments: {"testname": String("io.pact.example.grpc.consumer.PactConsumerTest.calculateRectangleArea(MockServer, SynchronousMessages)")}, request: MessageContents { contents: Present(b"\x12\n\r\0\0@@\x15\0\0\x80@", Some(ContentType { main_type: "application", sub_type: "protobuf", attributes: {"message": "ShapeMessage"}, suffix: None }), Some(BINARY)), metadata: {}, matching_rules: MatchingRules { rules: {BODY: MatchingRuleCategory { name: BODY, rules: {DocPath { path_tokens: [Root, Field("rectangle"), Field("length")], expr: "$.rectangle.length" }: RuleList { rules: [Number], rule_logic: And, cascaded: false }, DocPath { path_tokens: [Root, Field("rectangle"), Field("width")], expr: "$.rectangle.width" }: RuleList { rules: [Number], rule_logic: And, cascaded: false }} }} }, generators: Generators { categories: {} } }, response: [MessageContents { contents: Present(b"\r\0\0@A", Some(ContentType { main_type: "application", sub_type: "protobuf", attributes: {"message": "AreaResponse"}, suffix: None }), Some(BINARY)), metadata: {}, matching_rules: MatchingRules { rules: {BODY: MatchingRuleCategory { name: BODY, rules: {DocPath { path_tokens: [Root, Field("value")], expr: "$.value" }: RuleList { rules: [Number], rule_logic: And, cascaded: false }} }} }, generators: Generators { categories: {} } }], pending: false, plugin_config: {"protobuf": {"service": String("Calculator/calculateOne"), "descriptorKey": String("a85dff8f82655a9681aad113575dcfbb")}}, interaction_markup: InteractionMarkup { markup: "```protobuf\nmessage ShapeMessage {\n    message .area_calculator.Rectangle rectangle = 2;\n}\n```\n\n```protobuf\nmessage AreaResponse {\n    float value = 1;\n}\n```\n", markup_type: "COMMON_MARK" }, transport: None })}, server_key: "5cae5f82-fec2-43c6-9739-60d0383d84ec" } ?[3mreq?[0m?[2m=?[0mRequest { method: POST, uri: http://127.0.0.1:53791/area_calculator.Calculator/calculateOne, version: HTTP/2.0, headers: {"content-type": "application/grpc", "te": "trailers", "user-agent": "grpc-java-netty/1.49.0", "grpc-accept-encoding": "gzip"}, body: Body(Streaming) }?[1m}?[0m?[2m:?[0m?[1mmock_server_handler?[0m?[1m{?[0m?[3mkey?[0m?[2m=?[0m"5cae5f82-fec2-43c6-9739-60d0383d84ec"?[1m}?[0m?[2m:?[0m?[1mhandle_message?[0m?[1m{?[0m?[3mself?[0m?[2m=?[0mMockService { file_descriptor_set: FileDescriptorSet { file: [FileDescriptorProto { name: Some("area_calculator.proto"), package: Some("area_calculator"), dependency: [], public_dependency: [], weak_dependency: [], message_type: [DescriptorProto { name: Some("ShapeMessage"), field: [FieldDescriptorProto { name: Some("square"), number: Some(1), label: Some(Optional), r#type: Some(Message), type_name: Some(".area_calculator.Square"), extendee: None, default_value: None, oneof_index: Some(0), json_name: Some("square"), options: None, proto3_optional: None }, FieldDescriptorProto { name: Some("rectangle"), number: Some(2), label: Some(Optional), r#type: Some(Message), type_name: Some(".area_calculator.Rectangle"), extendee: None, default_value: None, oneof_index: Some(0), json_name: Some("rectangle"), options: None, proto3_optional: None }, FieldDescriptorProto { name: Some("circle"), number: Some(3), label: Some(Optional), r#type: Some(Message), type_name: Some(".area_calculator.Circle"), extendee: None, default_value: None, oneof_index: Some(0), json_name: Some("circle"), options: None, proto3_optional: None }, FieldDescriptorProto { name: Some("triangle"), number: Some(4), label: Some(Optional), r#type: Some(Message), type_name: Some(".area_calculator.Triangle"), extendee: None, default_value: None, oneof_index: Some(0), json_name: Some("triangle"), options: None, proto3_optional: None }, FieldDescriptorProto { name: Some("parallelogram"), number: Some(5), label: Some(Optional), r#type: Some(Message), type_name: Some(".area_calculator.Parallelogram"), extendee: None, default_value: None, oneof_index: Some(0), json_name: Some("parallelogram"), options: None, proto3_optional: None }], extension: [], nested_type: [], enum_type: [], extension_range: [], oneof_decl: [OneofDescriptorProto { name: Some("shape"), options: None }], options: None, reserved_range: [], reserved_name: [] }, DescriptorProto { name: Some("Square"), field: [FieldDescriptorProto { name: Some("edge_length"), number: Some(1), label: Some(Optional), r#type: Some(Float), type_name: None, extendee: None, default_value: None, oneof_index: None, json_name: Some("edgeLength"), options: None, proto3_optional: None }], extension: [], nested_type: [], enum_type: [], extension_range: [], oneof_decl: [], options: None, reserved_range: [], reserved_name: [] }, DescriptorProto { name: Some("Rectangle"), field: [FieldDescriptorProto { name: Some("length"), number: Some(1), label: Some(Optional), r#type: Some(Float), type_name: None, extendee: None, default_value: None, oneof_index: None, json_name: Some("length"), options: None, proto3_optional: None }, FieldDescriptorProto { name: Some("width"), number: Some(2), label: Some(Optional), r#type: Some(Float), type_name: None, extendee: None, default_value: None, oneof_index: None, json_name: Some("width"), options: None, proto3_optional: None }], extension: [], nested_type: [], enum_type: [], extension_range: [], oneof_decl: [], options: None, reserved_range: [], reserved_name: [] }, DescriptorProto { name: Some("Circle"), field: [FieldDescriptorProto { name: Some("radius"), number: Some(1), label: Some(Optional), r#type: Some(Float), type_name: None, extendee: None, default_value: None, oneof_index: None, json_name: Some("radius"), options: None, proto3_optional: None }], extension: [], nested_type: [], enum_type: [], extension_range: [], oneof_decl: [], options: None, reserved_range: [], reserved_name: [] }, DescriptorProto { name: Some("Triangle"), field: [FieldDescriptorProto { name: Some("edge_a"), number: Some(1), label: Some(Optional), r#type: Some(Float), type_name: None, extendee: None, default_value: None, oneof_index: None, json_name: Some("edgeA"), options: None, proto3_optional: None }, FieldDescriptorProto { name: Some("edge_b"), number: Some(2), label: Some(Optional), r#type: Some(Float), type_name: None, extendee: None, default_value: None, oneof_index: None, json_name: Some("edgeB"), options: None, proto3_optional: None }, FieldDescriptorProto { name: Some("edge_c"), number: Some(3), label: Some(Optional), r#type: Some(Float), type_name: None, extendee: None, default_value: None, oneof_index: None, json_name: Some("edgeC"), options: None, proto3_optional: None }], extension: [], nested_type: [], enum_type: [], extension_range: [], oneof_decl: [], options: None, reserved_range: [], reserved_name: [] }, DescriptorProto { name: Some("Parallelogram"), field: [FieldDescriptorProto { name: Some("base_length"), number: Some(1), label: Some(Optional), r#type: Some(Float), type_name: None, extendee: None, default_value: None, oneof_index: None, json_name: Some("baseLength"), options: None, proto3_optional: None }, FieldDescriptorProto { name: Some("height"), number: Some(2), label: Some(Optional), r#type: Some(Float), type_name: None, extendee: None, default_value: None, oneof_index: None, json_name: Some("height"), options: None, proto3_optional: None }], extension: [], nested_type: [], enum_type: [], extension_range: [], oneof_decl: [], options: None, reserved_range: [], reserved_name: [] }, DescriptorProto { name: Some("AreaRequest"), field: [FieldDescriptorProto { name: Some("shapes"), number: Some(1), label: Some(Repeated), r#type: Some(Message), type_name: Some(".area_calculator.ShapeMessage"), extendee: None, default_value: None, oneof_index: None, json_name: Some("shapes"), options: None, proto3_optional: None }], extension: [], nested_type: [], enum_type: [], extension_range: [], oneof_decl: [], options: None, reserved_range: [], reserved_name: [] }, DescriptorProto { name: Some("AreaResponse"), field: [FieldDescriptorProto { name: Some("value"), number: Some(1), label: Some(Repeated), r#type: Some(Float), type_name: None, extendee: None, default_value: None, oneof_index: None, json_name: Some("value"), options: None, proto3_optional: None }], extension: [], nested_type: [], enum_type: [], extension_range: [], oneof_decl: [], options: None, reserved_range: [], reserved_name: [] }], enum_type: [], service: [ServiceDescriptorProto { name: Some("Calculator"), method: [MethodDescriptorProto { name: Some("calculateOne"), input_type: Some(".area_calculator.ShapeMessage"), output_type: Some(".area_calculator.AreaResponse"), options: Some(MethodOptions { deprecated: None, idempotency_level: None, uninterpreted_option: [] }), client_streaming: None, server_streaming: None }, MethodDescriptorProto { name: Some("calculateMulti"), input_type: Some(".area_calculator.AreaRequest"), output_type: Some(".area_calculator.AreaResponse"), options: Some(MethodOptions { deprecated: None, idempotency_level: None, uninterpreted_option: [] }), client_streaming: None, server_streaming: None }], options: None }], extension: [], options: Some(FileOptions { java_package: None, java_outer_classname: None, java_multiple_files: None, java_generate_equals_and_hash: None, java_string_check_utf8: None, optimize_for: None, go_package: Some("io.pact/area_calculator"), cc_generic_services: None, java_generic_services: None, py_generic_services: None, php_generic_services: Some(true), deprecated: None, cc_enable_arenas: None, objc_class_prefix: None, csharp_namespace: None, swift_prefix: None, php_class_prefix: None, php_namespace: None, php_metadata_namespace: None, ruby_package: None, uninterpreted_option: [] }), source_code_info: None, syntax: Some("proto3") }] }, service_name: "Calculator", message: SynchronousMessage { id: None, key: Some("c7fbe3ee"), description: "calculate rectangle area request", provider_states: [], comments: {"testname": String("io.pact.example.grpc.consumer.PactConsumerTest.calculateRectangleArea(MockServer, SynchronousMessages)")}, request: MessageContents { contents: Present(b"\x12\n\r\0\0@@\x15\0\0\x80@", Some(ContentType { main_type: "application", sub_type: "protobuf", attributes: {"message": "ShapeMessage"}, suffix: None }), Some(BINARY)), metadata: {}, matching_rules: MatchingRules { rules: {BODY: MatchingRuleCategory { name: BODY, rules: {DocPath { path_tokens: [Root, Field("rectangle"), Field("length")], expr: "$.rectangle.length" }: RuleList { rules: [Number], rule_logic: And, cascaded: false }, DocPath { path_tokens: [Root, Field("rectangle"), Field("width")], expr: "$.rectangle.width" }: RuleList { rules: [Number], rule_logic: And, cascaded: false }} }} }, generators: Generators { categories: {} } }, response: [MessageContents { contents: Present(b"\r\0\0@A", Some(ContentType { main_type: "application", sub_type: "protobuf", attributes: {"message": "AreaResponse"}, suffix: None }), Some(BINARY)), metadata: {}, matching_rules: MatchingRules { rules: {BODY: MatchingRuleCategory { name: BODY, rules: {DocPath { path_tokens: [Root, Field("value")], expr: "$.value" }: RuleList { rules: [Number], rule_logic: And, cascaded: false }} }} }, generators: Generators { categories: {} } }], pending: false, plugin_config: {"protobuf": {"service": String("Calculator/calculateOne"), "descriptorKey": String("a85dff8f82655a9681aad113575dcfbb")}}, interaction_markup: InteractionMarkup { markup: "```protobuf\nmessage ShapeMessage {\n    message .area_calculator.Rectangle rectangle = 2;\n}\n```\n\n```protobuf\nmessage AreaResponse {\n    float value = 1;\n}\n```\n", markup_type: "COMMON_MARK" }, transport: None }, method_descriptor: MethodDescriptorProto { name: Some("calculateOne"), input_type: Some(".area_calculator.ShapeMessage"), output_type: Some(".area_calculator.AreaResponse"), options: Some(MethodOptions { deprecated: None, idempotency_level: None, uninterpreted_option: [] }), client_streaming: None, server_streaming: None }, input_message: DescriptorProto { name: Some("ShapeMessage"), field: [FieldDescriptorProto { name: Some("square"), number: Some(1), label: Some(Optional), r#type: Some(Message), type_name: Some(".area_calculator.Square"), extendee: None, default_value: None, oneof_index: Some(0), json_name: Some("square"), options: None, proto3_optional: None }, FieldDescriptorProto { name: Some("rectangle"), number: Some(2), label: Some(Optional), r#type: Some(Message), type_name: Some(".area_calculator.Rectangle"), extendee: None, default_value: None, oneof_index: Some(0), json_name: Some("rectangle"), options: None, proto3_optional: None }, FieldDescriptorProto { name: Some("circle"), number: Some(3), label: Some(Optional), r#type: Some(Message), type_name: Some(".area_calculator.Circle"), extendee: None, default_value: None, oneof_index: Some(0), json_name: Some("circle"), options: None, proto3_optional: None }, FieldDescriptorProto { name: Some("triangle"), number: Some(4), label: Some(Optional), r#type: Some(Message), type_name: Some(".area_calculator.Triangle"), extendee: None, default_value: None, oneof_index: Some(0), json_name: Some("triangle"), options: None, proto3_optional: None }, FieldDescriptorProto { name: Some("parallelogram"), number: Some(5), label: Some(Optional), r#type: Some(Message), type_name: Some(".area_calculator.Parallelogram"), extendee: None, default_value: None, oneof_index: Some(0), json_name: Some("parallelogram"), options: None, proto3_optional: None }], extension: [], nested_type: [], enum_type: [], extension_range: [], oneof_decl: [OneofDescriptorProto { name: Some("shape"), options: None }], options: None, reserved_range: [], reserved_name: [] }, output_message: DescriptorProto { name: Some("AreaResponse"), field: [FieldDescriptorProto { name: Some("value"), number: Some(1), label: Some(Repeated), r#type: Some(Float), type_name: None, extendee: None, default_value: None, oneof_index: None, json_name: Some("value"), options: None, proto3_optional: None }], extension: [], nested_type: [], enum_type: [], extension_range: [], oneof_decl: [], options: None, reserved_range: [], reserved_name: [] }, server_key: "5cae5f82-fec2-43c6-9739-60d0383d84ec" } ?[3mrequest?[0m?[2m=?[0mDynamicMessage { descriptor: DescriptorProto { name: Some("ShapeMessage"), field: [FieldDescriptorProto { name: Some("square"), number: Some(1), label: Some(Optional), r#type: Some(Message), type_name: Some(".area_calculator.Square"), extendee: None, default_value: None, oneof_index: Some(0), json_name: Some("square"), options: None, proto3_optional: None }, FieldDescriptorProto { name: Some("rectangle"), number: Some(2), label: Some(Optional), r#type: Some(Message), type_name: Some(".area_calculator.Rectangle"), extendee: None, default_value: None, oneof_index: Some(0), json_name: Some("rectangle"), options: None, proto3_optional: None }, FieldDescriptorProto { name: Some("circle"), number: Some(3), label: Some(Optional), r#type: Some(Message), type_name: Some(".area_calculator.Circle"), extendee: None, default_value: None, oneof_index: Some(0), json_name: Some("circle"), options: None, proto3_optional: None }, FieldDescriptorProto { name: Some("triangle"), number: Some(4), label: Some(Optional), r#type: Some(Message), type_name: Some(".area_calculator.Triangle"), extendee: None, default_value: None, oneof_index: Some(0), json_name: Some("triangle"), options: None, proto3_optional: None }, FieldDescriptorProto { name: Some("parallelogram"), number: Some(5), label: Some(Optional), r#type: Some(Message), type_name: Some(".area_calculator.Parallelogram"), extendee: None, default_value: None, oneof_index: Some(0), json_name: Some("parallelogram"), options: None, proto3_optional: None }], extension: [], nested_type: [], enum_type: [], extension_range: [], oneof_decl: [OneofDescriptorProto { name: Some("shape"), options: None }], options: None, reserved_range: [], reserved_name: [] }, fields: [ProtobufField { field_num: 2, wire_type: LengthDelimited, data: Message([13, 0, 0, 64, 64, 21, 0, 0, 128, 64], DescriptorProto { name: Some("Rectangle"), field: [FieldDescriptorProto { name: Some("length"), number: Some(1), label: Some(Optional), r#type: Some(Float), type_name: None, extendee: None, default_value: None, oneof_index: None, json_name: Some("length"), options: None, proto3_optional: None }, FieldDescriptorProto { name: Some("width"), number: Some(2), label: Some(Optional), r#type: Some(Float), type_name: None, extendee: None, default_value: None, oneof_index: None, json_name: Some("width"), options: None, proto3_optional: None }], extension: [], nested_type: [], enum_type: [], extension_range: [], oneof_decl: [], options: None, reserved_range: [], reserved_name: [] }) }] } ?[3mmessage_descriptor?[0m?[2m=?[0mDescriptorProto { name: Some("ShapeMessage"), field: [FieldDescriptorProto { name: Some("square"), number: Some(1), label: Some(Optional), r#type: Some(Message), type_name: Some(".area_calculator.Square"), extendee: None, default_value: None, oneof_index: Some(0), json_name: Some("square"), options: None, proto3_optional: None }, FieldDescriptorProto { name: Some("rectangle"), number: Some(2), label: Some(Optional), r#type: Some(Message), type_name: Some(".area_calculator.Rectangle"), extendee: None, default_value: None, oneof_index: Some(0), json_name: Some("rectangle"), options: None, proto3_optional: None }, FieldDescriptorProto { name: Some("circle"), number: Some(3), label: Some(Optional), r#type: Some(Message), type_name: Some(".area_calculator.Circle"), extendee: None, default_value: None, oneof_index: Some(0), json_name: Some("circle"), options: None, proto3_optional: None }, FieldDescriptorProto { name: Some("triangle"), number: Some(4), label: Some(Optional), r#type: Some(Message), type_name: Some(".area_calculator.Triangle"), extendee: None, default_value: None, oneof_index: Some(0), json_name: Some("triangle"), options: None, proto3_optional: None }, FieldDescriptorProto { name: Some("parallelogram"), number: Some(5), label: Some(Optional), r#type: Some(Message), type_name: Some(".area_calculator.Parallelogram"), extendee: None, default_value: None, oneof_index: Some(0), json_name: Some("parallelogram"), options: None, proto3_optional: None }], extension: [], nested_type: [], enum_type: [], extension_range: [], oneof_decl: [OneofDescriptorProto { name: Some("shape"), options: None }], options: None, reserved_range: [], reserved_name: [] } ?[3mresponse_descriptor?[0m?[2m=?[0mDescriptorProto { name: Some("AreaResponse"), field: [FieldDescriptorProto { name: Some("value"), number: Some(1), label: Some(Repeated), r#type: Some(Float), type_name: None, extendee: None, default_value: None, oneof_index: None, json_name: Some("value"), options: None, proto3_optional: None }], extension: [], nested_type: [], enum_type: [], extension_range: [], oneof_decl: [], options: None, reserved_range: [], reserved_name: [] }?[1m}?[0m?[2m:?[0m ?[2mpact_protobuf_plugin::matching?[0m?[2m:?[0m Comparing embedded messages
15:05:16.527 [Thread-5] DEBUG i.pact.plugins.jvm.core.ChildProcess - Plugin protobuf [46038] || ?[2m2023-03-27T09:35:16.525988Z?[0m ?[35mTRACE?[0m tokio-runtime-worker ?[1mrequest?[0m?[1m{?[0m?[3mmethod?[0m?[2m=?[0mPOST ?[3muri?[0m?[2m=?[0mhttp://127.0.0.1:53791/area_calculator.Calculator/calculateOne ?[3mversion?[0m?[2m=?[0mHTTP/2.0?[1m}?[0m?[2m:?[0m?[1mcall?[0m?[1m{?[0m?[3mself?[0m?[2m=?[0mGrpcMockServer { pact: V4Pact { consumer: Consumer { name: "grpc-consumer-jvm" }, provider: Provider { name: "area-calculator-provider" }, interactions: [SynchronousMessage { id: None, key: Some("c7fbe3ee"), description: "calculate rectangle area request", provider_states: [], comments: {"testname": String("io.pact.example.grpc.consumer.PactConsumerTest.calculateRectangleArea(MockServer, SynchronousMessages)")}, request: MessageContents { contents: Present(b"\x12\n\r\0\0@@\x15\0\0\x80@", Some(ContentType { main_type: "application", sub_type: "protobuf", attributes: {"message": "ShapeMessage"}, suffix: None }), Some(BINARY)), metadata: {}, matching_rules: MatchingRules { rules: {BODY: MatchingRuleCategory { name: BODY, rules: {DocPath { path_tokens: [Root, Field("rectangle"), Field("length")], expr: "$.rectangle.length" }: RuleList { rules: [Number], rule_logic: And, cascaded: false }, DocPath { path_tokens: [Root, Field("rectangle"), Field("width")], expr: "$.rectangle.width" }: RuleList { rules: [Number], rule_logic: And, cascaded: false }} }} }, generators: Generators { categories: {} } }, response: [MessageContents { contents: Present(b"\r\0\0@A", Some(ContentType { main_type: "application", sub_type: "protobuf", attributes: {"message": "AreaResponse"}, suffix: None }), Some(BINARY)), metadata: {}, matching_rules: MatchingRules { rules: {BODY: MatchingRuleCategory { name: BODY, rules: {DocPath { path_tokens: [Root, Field("value")], expr: "$.value" }: RuleList { rules: [Number], rule_logic: And, cascaded: false }} }} }, generators: Generators { categories: {} } }], pending: false, plugin_config: {"protobuf": {"service": String("Calculator/calculateOne"), "descriptorKey": String("a85dff8f82655a9681aad113575dcfbb")}}, interaction_markup: InteractionMarkup { markup: "```protobuf\nmessage ShapeMessage {\n    message .area_calculator.Rectangle rectangle = 2;\n}\n```\n\n```protobuf\nmessage AreaResponse {\n    float value = 1;\n}\n```\n", markup_type: "COMMON_MARK" }, transport: None }], metadata: {"pact-jvm": Object({"version": String("4.4.2")}), "pactSpecification": Object({"version": String("4.0")})}, plugin_data: [PluginData { name: "protobuf", version: "0.1.5", configuration: {"a85dff8f82655a9681aad113575dcfbb": Object({"protoDescriptors": String("CsoHChVhcmVhX2NhbGN1bGF0b3IucHJvdG8SD2FyZWFfY2FsY3VsYXRvciK6AgoMU2hhcGVNZXNzYWdlEjEKBnNxdWFyZRgBIAEoCzIXLmFyZWFfY2FsY3VsYXRvci5TcXVhcmVIAFIGc3F1YXJlEjoKCXJlY3RhbmdsZRgCIAEoCzIaLmFyZWFfY2FsY3VsYXRvci5SZWN0YW5nbGVIAFIJcmVjdGFuZ2xlEjEKBmNpcmNsZRgDIAEoCzIXLmFyZWFfY2FsY3VsYXRvci5DaXJjbGVIAFIGY2lyY2xlEjcKCHRyaWFuZ2xlGAQgASgLMhkuYXJlYV9jYWxjdWxhdG9yLlRyaWFuZ2xlSABSCHRyaWFuZ2xlEkYKDXBhcmFsbGVsb2dyYW0YBSABKAsyHi5hcmVhX2NhbGN1bGF0b3IuUGFyYWxsZWxvZ3JhbUgAUg1wYXJhbGxlbG9ncmFtQgcKBXNoYXBlIikKBlNxdWFyZRIfCgtlZGdlX2xlbmd0aBgBIAEoAlIKZWRnZUxlbmd0aCI5CglSZWN0YW5nbGUSFgoGbGVuZ3RoGAEgASgCUgZsZW5ndGgSFAoFd2lkdGgYAiABKAJSBXdpZHRoIiAKBkNpcmNsZRIWCgZyYWRpdXMYASABKAJSBnJhZGl1cyJPCghUcmlhbmdsZRIVCgZlZGdlX2EYASABKAJSBWVkZ2VBEhUKBmVkZ2VfYhgCIAEoAlIFZWRnZUISFQoGZWRnZV9jGAMgASgCUgVlZGdlQyJICg1QYXJhbGxlbG9ncmFtEh8KC2Jhc2VfbGVuZ3RoGAEgASgCUgpiYXNlTGVuZ3RoEhYKBmhlaWdodBgCIAEoAlIGaGVpZ2h0IkQKC0FyZWFSZXF1ZXN0EjUKBnNoYXBlcxgBIAMoCzIdLmFyZWFfY2FsY3VsYXRvci5TaGFwZU1lc3NhZ2VSBnNoYXBlcyIkCgxBcmVhUmVzcG9uc2USFAoFdmFsdWUYASADKAJSBXZhbHVlMq0BCgpDYWxjdWxhdG9yEk4KDGNhbGN1bGF0ZU9uZRIdLmFyZWFfY2FsY3VsYXRvci5TaGFwZU1lc3NhZ2UaHS5hcmVhX2NhbGN1bGF0b3IuQXJlYVJlc3BvbnNlIgASTwoOY2FsY3VsYXRlTXVsdGkSHC5hcmVhX2NhbGN1bGF0b3IuQXJlYVJlcXVlc3QaHS5hcmVhX2NhbGN1bGF0b3IuQXJlYVJlc3BvbnNlIgBCHFoXaW8ucGFjdC9hcmVhX2NhbGN1bGF0b3LQAgFiBnByb3RvMw=="), "protoFile": String("syntax = \"proto3\";\n\npackage area_calculator;\n\noption php_generic_services = true;\noption go_package = \"io.pact/area_calculator\";\n\nservice Calculator {\n  rpc calculateOne (ShapeMessage) returns (AreaResponse) {}\n  rpc calculateMulti (AreaRequest) returns (AreaResponse) {}\n}\n\nmessage ShapeMessage {\n  oneof shape {\n    Square square = 1;\n    Rectangle rectangle = 2;\n    Circle circle = 3;\n    Triangle triangle = 4;\n    Parallelogram parallelogram = 5;\n  }\n}\n\nmessage Square {\n  float edge_length = 1;\n}\n\nmessage Rectangle {\n  float length = 1;\n  float width = 2;\n}\n\nmessage Circle {\n  float radius = 1;\n}\n\nmessage Triangle {\n  float edge_a = 1;\n  float edge_b = 2;\n  float edge_c = 3;\n}\n\nmessage Parallelogram {\n  float base_length = 1;\n  float height = 2;\n}\n\nmessage AreaRequest {\n  repeated ShapeMessage shapes = 1;\n}\n\nmessage AreaResponse {\n  repeated float value = 1;\n}\n")})} }] }, plugin_config: PluginData { name: "protobuf", version: "0.1.5", configuration: {"a85dff8f82655a9681aad113575dcfbb": Object({"protoDescriptors": String("CsoHChVhcmVhX2NhbGN1bGF0b3IucHJvdG8SD2FyZWFfY2FsY3VsYXRvciK6AgoMU2hhcGVNZXNzYWdlEjEKBnNxdWFyZRgBIAEoCzIXLmFyZWFfY2FsY3VsYXRvci5TcXVhcmVIAFIGc3F1YXJlEjoKCXJlY3RhbmdsZRgCIAEoCzIaLmFyZWFfY2FsY3VsYXRvci5SZWN0YW5nbGVIAFIJcmVjdGFuZ2xlEjEKBmNpcmNsZRgDIAEoCzIXLmFyZWFfY2FsY3VsYXRvci5DaXJjbGVIAFIGY2lyY2xlEjcKCHRyaWFuZ2xlGAQgASgLMhkuYXJlYV9jYWxjdWxhdG9yLlRyaWFuZ2xlSABSCHRyaWFuZ2xlEkYKDXBhcmFsbGVsb2dyYW0YBSABKAsyHi5hcmVhX2NhbGN1bGF0b3IuUGFyYWxsZWxvZ3JhbUgAUg1wYXJhbGxlbG9ncmFtQgcKBXNoYXBlIikKBlNxdWFyZRIfCgtlZGdlX2xlbmd0aBgBIAEoAlIKZWRnZUxlbmd0aCI5CglSZWN0YW5nbGUSFgoGbGVuZ3RoGAEgASgCUgZsZW5ndGgSFAoFd2lkdGgYAiABKAJSBXdpZHRoIiAKBkNpcmNsZRIWCgZyYWRpdXMYASABKAJSBnJhZGl1cyJPCghUcmlhbmdsZRIVCgZlZGdlX2EYASABKAJSBWVkZ2VBEhUKBmVkZ2VfYhgCIAEoAlIFZWRnZUISFQoGZWRnZV9jGAMgASgCUgVlZGdlQyJICg1QYXJhbGxlbG9ncmFtEh8KC2Jhc2VfbGVuZ3RoGAEgASgCUgpiYXNlTGVuZ3RoEhYKBmhlaWdodBgCIAEoAlIGaGVpZ2h0IkQKC0FyZWFSZXF1ZXN0EjUKBnNoYXBlcxgBIAMoCzIdLmFyZWFfY2FsY3VsYXRvci5TaGFwZU1lc3NhZ2VSBnNoYXBlcyIkCgxBcmVhUmVzcG9uc2USFAoFdmFsdWUYASADKAJSBXZhbHVlMq0BCgpDYWxjdWxhdG9yEk4KDGNhbGN1bGF0ZU9uZRIdLmFyZWFfY2FsY3VsYXRvci5TaGFwZU1lc3NhZ2UaHS5hcmVhX2NhbGN1bGF0b3IuQXJlYVJlc3BvbnNlIgASTwoOY2FsY3VsYXRlTXVsdGkSHC5hcmVhX2NhbGN1bGF0b3IuQXJlYVJlcXVlc3QaHS5hcmVhX2NhbGN1bGF0b3IuQXJlYVJlc3BvbnNlIgBCHFoXaW8ucGFjdC9hcmVhX2NhbGN1bGF0b3LQAgFiBnByb3RvMw=="), "protoFile": String("syntax = \"proto3\";\n\npackage area_calculator;\n\noption php_generic_services = true;\noption go_package = \"io.pact/area_calculator\";\n\nservice Calculator {\n  rpc calculateOne (ShapeMessage) returns (AreaResponse) {}\n  rpc calculateMulti (AreaRequest) returns (AreaResponse) {}\n}\n\nmessage ShapeMessage {\n  oneof shape {\n    Square square = 1;\n    Rectangle rectangle = 2;\n    Circle circle = 3;\n    Triangle triangle = 4;\n    Parallelogram parallelogram = 5;\n  }\n}\n\nmessage Square {\n  float edge_length = 1;\n}\n\nmessage Rectangle {\n  float length = 1;\n  float width = 2;\n}\n\nmessage Circle {\n  float radius = 1;\n}\n\nmessage Triangle {\n  float edge_a = 1;\n  float edge_b = 2;\n  float edge_c = 3;\n}\n\nmessage Parallelogram {\n  float base_length = 1;\n  float height = 2;\n}\n\nmessage AreaRequest {\n  repeated ShapeMessage shapes = 1;\n}\n\nmessage AreaResponse {\n  repeated float value = 1;\n}\n")})} }, descriptors: {"a85dff8f82655a9681aad113575dcfbb": FileDescriptorSet { file: [FileDescriptorProto { name: Some("area_calculator.proto"), package: Some("area_calculator"), dependency: [], public_dependency: [], weak_dependency: [], message_type: [DescriptorProto { name: Some("ShapeMessage"), field: [FieldDescriptorProto { name: Some("square"), number: Some(1), label: Some(Optional), r#type: Some(Message), type_name: Some(".area_calculator.Square"), extendee: None, default_value: None, oneof_index: Some(0), json_name: Some("square"), options: None, proto3_optional: None }, FieldDescriptorProto { name: Some("rectangle"), number: Some(2), label: Some(Optional), r#type: Some(Message), type_name: Some(".area_calculator.Rectangle"), extendee: None, default_value: None, oneof_index: Some(0), json_name: Some("rectangle"), options: None, proto3_optional: None }, FieldDescriptorProto { name: Some("circle"), number: Some(3), label: Some(Optional), r#type: Some(Message), type_name: Some(".area_calculator.Circle"), extendee: None, default_value: None, oneof_index: Some(0), json_name: Some("circle"), options: None, proto3_optional: None }, FieldDescriptorProto { name: Some("triangle"), number: Some(4), label: Some(Optional), r#type: Some(Message), type_name: Some(".area_calculator.Triangle"), extendee: None, default_value: None, oneof_index: Some(0), json_name: Some("triangle"), options: None, proto3_optional: None }, FieldDescriptorProto { name: Some("parallelogram"), number: Some(5), label: Some(Optional), r#type: Some(Message), type_name: Some(".area_calculator.Parallelogram"), extendee: None, default_value: None, oneof_index: Some(0), json_name: Some("parallelogram"), options: None, proto3_optional: None }], extension: [], nested_type: [], enum_type: [], extension_range: [], oneof_decl: [OneofDescriptorProto { name: Some("shape"), options: None }], options: None, reserved_range: [], reserved_name: [] }, DescriptorProto { name: Some("Square"), field: [FieldDescriptorProto { name: Some("edge_length"), number: Some(1), label: Some(Optional), r#type: Some(Float), type_name: None, extendee: None, default_value: None, oneof_index: None, json_name: Some("edgeLength"), options: None, proto3_optional: None }], extension: [], nested_type: [], enum_type: [], extension_range: [], oneof_decl: [], options: None, reserved_range: [], reserved_name: [] }, DescriptorProto { name: Some("Rectangle"), field: [FieldDescriptorProto { name: Some("length"), number: Some(1), label: Some(Optional), r#type: Some(Float), type_name: None, extendee: None, default_value: None, oneof_index: None, json_name: Some("length"), options: None, proto3_optional: None }, FieldDescriptorProto { name: Some("width"), number: Some(2), label: Some(Optional), r#type: Some(Float), type_name: None, extendee: None, default_value: None, oneof_index: None, json_name: Some("width"), options: None, proto3_optional: None }], extension: [], nested_type: [], enum_type: [], extension_range: [], oneof_decl: [], options: None, reserved_range: [], reserved_name: [] }, DescriptorProto { name: Some("Circle"), field: [FieldDescriptorProto { name: Some("radius"), number: Some(1), label: Some(Optional), r#type: Some(Float), type_name: None, extendee: None, default_value: None, oneof_index: None, json_name: Some("radius"), options: None, proto3_optional: None }], extension: [], nested_type: [], enum_type: [], extension_range: [], oneof_decl: [], options: None, reserved_range: [], reserved_name: [] }, DescriptorProto { name: Some("Triangle"), field: [FieldDescriptorProto { name: Some("edge_a"), number: Some(1), label: Some(Optional), r#type: Some(Float), type_name: None, extendee: None, default_value: None, oneof_index: None, json_name: Some("edgeA"), options: None, proto3_optional: None }, FieldDescriptorProto { name: Some("edge_b"), number: Some(2), label: Some(Optional), r#type: Some(Float), type_name: None, extendee: None, default_value: None, oneof_index: None, json_name: Some("edgeB"), options: None, proto3_optional: None }, FieldDescriptorProto { name: Some("edge_c"), number: Some(3), label: Some(Optional), r#type: Some(Float), type_name: None, extendee: None, default_value: None, oneof_index: None, json_name: Some("edgeC"), options: None, proto3_optional: None }], extension: [], nested_type: [], enum_type: [], extension_range: [], oneof_decl: [], options: None, reserved_range: [], reserved_name: [] }, DescriptorProto { name: Some("Parallelogram"), field: [FieldDescriptorProto { name: Some("base_length"), number: Some(1), label: Some(Optional), r#type: Some(Float), type_name: None, extendee: None, default_value: None, oneof_index: None, json_name: Some("baseLength"), options: None, proto3_optional: None }, FieldDescriptorProto { name: Some("height"), number: Some(2), label: Some(Optional), r#type: Some(Float), type_name: None, extendee: None, default_value: None, oneof_index: None, json_name: Some("height"), options: None, proto3_optional: None }], extension: [], nested_type: [], enum_type: [], extension_range: [], oneof_decl: [], options: None, reserved_range: [], reserved_name: [] }, DescriptorProto { name: Some("AreaRequest"), field: [FieldDescriptorProto { name: Some("shapes"), number: Some(1), label: Some(Repeated), r#type: Some(Message), type_name: Some(".area_calculator.ShapeMessage"), extendee: None, default_value: None, oneof_index: None, json_name: Some("shapes"), options: None, proto3_optional: None }], extension: [], nested_type: [], enum_type: [], extension_range: [], oneof_decl: [], options: None, reserved_range: [], reserved_name: [] }, DescriptorProto { name: Some("AreaResponse"), field: [FieldDescriptorProto { name: Some("value"), number: Some(1), label: Some(Repeated), r#type: Some(Float), type_name: None, extendee: None, default_value: None, oneof_index: None, json_name: Some("value"), options: None, proto3_optional: None }], extension: [], nested_type: [], enum_type: [], extension_range: [], oneof_decl: [], options: None, reserved_range: [], reserved_name: [] }], enum_type: [], service: [ServiceDescriptorProto { name: Some("Calculator"), method: [MethodDescriptorProto { name: Some("calculateOne"), input_type: Some(".area_calculator.ShapeMessage"), output_type: Some(".area_calculator.AreaResponse"), options: Some(MethodOptions { deprecated: None, idempotency_level: None, uninterpreted_option: [] }), client_streaming: None, server_streaming: None }, MethodDescriptorProto { name: Some("calculateMulti"), input_type: Some(".area_calculator.AreaRequest"), output_type: Some(".area_calculator.AreaResponse"), options: Some(MethodOptions { deprecated: None, idempotency_level: None, uninterpreted_option: [] }), client_streaming: None, server_streaming: None }], options: None }], extension: [], options: Some(FileOptions { java_package: None, java_outer_classname: None, java_multiple_files: None, java_generate_equals_and_hash: None, java_string_check_utf8: None, optimize_for: None, go_package: Some("io.pact/area_calculator"), cc_generic_services: None, java_generic_services: None, py_generic_services: None, php_generic_services: Some(true), deprecated: None, cc_enable_arenas: None, objc_class_prefix: None, csharp_namespace: None, swift_prefix: None, php_class_prefix: None, php_namespace: None, php_metadata_namespace: None, ruby_package: None, uninterpreted_option: [] }), source_code_info: None, syntax: Some("proto3") }] }}, routes: {"Calculator/calculateOne": (FileDescriptorSet { file: [FileDescriptorProto { name: Some("area_calculator.proto"), package: Some("area_calculator"), dependency: [], public_dependency: [], weak_dependency: [], message_type: [DescriptorProto { name: Some("ShapeMessage"), field: [FieldDescriptorProto { name: Some("square"), number: Some(1), label: Some(Optional), r#type: Some(Message), type_name: Some(".area_calculator.Square"), extendee: None, default_value: None, oneof_index: Some(0), json_name: Some("square"), options: None, proto3_optional: None }, FieldDescriptorProto { name: Some("rectangle"), number: Some(2), label: Some(Optional), r#type: Some(Message), type_name: Some(".area_calculator.Rectangle"), extendee: None, default_value: None, oneof_index: Some(0), json_name: Some("rectangle"), options: None, proto3_optional: None }, FieldDescriptorProto { name: Some("circle"), number: Some(3), label: Some(Optional), r#type: Some(Message), type_name: Some(".area_calculator.Circle"), extendee: None, default_value: None, oneof_index: Some(0), json_name: Some("circle"), options: None, proto3_optional: None }, FieldDescriptorProto { name: Some("triangle"), number: Some(4), label: Some(Optional), r#type: Some(Message), type_name: Some(".area_calculator.Triangle"), extendee: None, default_value: None, oneof_index: Some(0), json_name: Some("triangle"), options: None, proto3_optional: None }, FieldDescriptorProto { name: Some("parallelogram"), number: Some(5), label: Some(Optional), r#type: Some(Message), type_name: Some(".area_calculator.Parallelogram"), extendee: None, default_value: None, oneof_index: Some(0), json_name: Some("parallelogram"), options: None, proto3_optional: None }], extension: [], nested_type: [], enum_type: [], extension_range: [], oneof_decl: [OneofDescriptorProto { name: Some("shape"), options: None }], options: None, reserved_range: [], reserved_name: [] }, DescriptorProto { name: Some("Square"), field: [FieldDescriptorProto { name: Some("edge_length"), number: Some(1), label: Some(Optional), r#type: Some(Float), type_name: None, extendee: None, default_value: None, oneof_index: None, json_name: Some("edgeLength"), options: None, proto3_optional: None }], extension: [], nested_type: [], enum_type: [], extension_range: [], oneof_decl: [], options: None, reserved_range: [], reserved_name: [] }, DescriptorProto { name: Some("Rectangle"), field: [FieldDescriptorProto { name: Some("length"), number: Some(1), label: Some(Optional), r#type: Some(Float), type_name: None, extendee: None, default_value: None, oneof_index: None, json_name: Some("length"), options: None, proto3_optional: None }, FieldDescriptorProto { name: Some("width"), number: Some(2), label: Some(Optional), r#type: Some(Float), type_name: None, extendee: None, default_value: None, oneof_index: None, json_name: Some("width"), options: None, proto3_optional: None }], extension: [], nested_type: [], enum_type: [], extension_range: [], oneof_decl: [], options: None, reserved_range: [], reserved_name: [] }, DescriptorProto { name: Some("Circle"), field: [FieldDescriptorProto { name: Some("radius"), number: Some(1), label: Some(Optional), r#type: Some(Float), type_name: None, extendee: None, default_value: None, oneof_index: None, json_name: Some("radius"), options: None, proto3_optional: None }], extension: [], nested_type: [], enum_type: [], extension_range: [], oneof_decl: [], options: None, reserved_range: [], reserved_name: [] }, DescriptorProto { name: Some("Triangle"), field: [FieldDescriptorProto { name: Some("edge_a"), number: Some(1), label: Some(Optional), r#type: Some(Float), type_name: None, extendee: None, default_value: None, oneof_index: None, json_name: Some("edgeA"), options: None, proto3_optional: None }, FieldDescriptorProto { name: Some("edge_b"), number: Some(2), label: Some(Optional), r#type: Some(Float), type_name: None, extendee: None, default_value: None, oneof_index: None, json_name: Some("edgeB"), options: None, proto3_optional: None }, FieldDescriptorProto { name: Some("edge_c"), number: Some(3), label: Some(Optional), r#type: Some(Float), type_name: None, extendee: None, default_value: None, oneof_index: None, json_name: Some("edgeC"), options: None, proto3_optional: None }], extension: [], nested_type: [], enum_type: [], extension_range: [], oneof_decl: [], options: None, reserved_range: [], reserved_name: [] }, DescriptorProto { name: Some("Parallelogram"), field: [FieldDescriptorProto { name: Some("base_length"), number: Some(1), label: Some(Optional), r#type: Some(Float), type_name: None, extendee: None, default_value: None, oneof_index: None, json_name: Some("baseLength"), options: None, proto3_optional: None }, FieldDescriptorProto { name: Some("height"), number: Some(2), label: Some(Optional), r#type: Some(Float), type_name: None, extendee: None, default_value: None, oneof_index: None, json_name: Some("height"), options: None, proto3_optional: None }], extension: [], nested_type: [], enum_type: [], extension_range: [], oneof_decl: [], options: None, reserved_range: [], reserved_name: [] }, DescriptorProto { name: Some("AreaRequest"), field: [FieldDescriptorProto { name: Some("shapes"), number: Some(1), label: Some(Repeated), r#type: Some(Message), type_name: Some(".area_calculator.ShapeMessage"), extendee: None, default_value: None, oneof_index: None, json_name: Some("shapes"), options: None, proto3_optional: None }], extension: [], nested_type: [], enum_type: [], extension_range: [], oneof_decl: [], options: None, reserved_range: [], reserved_name: [] }, DescriptorProto { name: Some("AreaResponse"), field: [FieldDescriptorProto { name: Some("value"), number: Some(1), label: Some(Repeated), r#type: Some(Float), type_name: None, extendee: None, default_value: None, oneof_index: None, json_name: Some("value"), options: None, proto3_optional: None }], extension: [], nested_type: [], enum_type: [], extension_range: [], oneof_decl: [], options: None, reserved_range: [], reserved_name: [] }], enum_type: [], service: [ServiceDescriptorProto { name: Some("Calculator"), method: [MethodDescriptorProto { name: Some("calculateOne"), input_type: Some(".area_calculator.ShapeMessage"), output_type: Some(".area_calculator.AreaResponse"), options: Some(MethodOptions { deprecated: None, idempotency_level: None, uninterpreted_option: [] }), client_streaming: None, server_streaming: None }, MethodDescriptorProto { name: Some("calculateMulti"), input_type: Some(".area_calculator.AreaRequest"), output_type: Some(".area_calculator.AreaResponse"), options: Some(MethodOptions { deprecated: None, idempotency_level: None, uninterpreted_option: [] }), client_streaming: None, server_streaming: None }], options: None }], extension: [], options: Some(FileOptions { java_package: None, java_outer_classname: None, java_multiple_files: None, java_generate_equals_and_hash: None, java_string_check_utf8: None, optimize_for: None, go_package: Some("io.pact/area_calculator"), cc_generic_services: None, java_generic_services: None, py_generic_services: None, php_generic_services: Some(true), deprecated: None, cc_enable_arenas: None, objc_class_prefix: None, csharp_namespace: None, swift_prefix: None, php_class_prefix: None, php_namespace: None, php_metadata_namespace: None, ruby_package: None, uninterpreted_option: [] }), source_code_info: None, syntax: Some("proto3") }] }, MethodDescriptorProto { name: Some("calculateOne"), input_type: Some(".area_calculator.ShapeMessage"), output_type: Some(".area_calculator.AreaResponse"), options: Some(MethodOptions { deprecated: None, idempotency_level: None, uninterpreted_option: [] }), client_streaming: None, server_streaming: None }, SynchronousMessage { id: None, key: Some("c7fbe3ee"), description: "calculate rectangle area request", provider_states: [], comments: {"testname": String("io.pact.example.grpc.consumer.PactConsumerTest.calculateRectangleArea(MockServer, SynchronousMessages)")}, request: MessageContents { contents: Present(b"\x12\n\r\0\0@@\x15\0\0\x80@", Some(ContentType { main_type: "application", sub_type: "protobuf", attributes: {"message": "ShapeMessage"}, suffix: None }), Some(BINARY)), metadata: {}, matching_rules: MatchingRules { rules: {BODY: MatchingRuleCategory { name: BODY, rules: {DocPath { path_tokens: [Root, Field("rectangle"), Field("length")], expr: "$.rectangle.length" }: RuleList { rules: [Number], rule_logic: And, cascaded: false }, DocPath { path_tokens: [Root, Field("rectangle"), Field("width")], expr: "$.rectangle.width" }: RuleList { rules: [Number], rule_logic: And, cascaded: false }} }} }, generators: Generators { categories: {} } }, response: [MessageContents { contents: Present(b"\r\0\0@A", Some(ContentType { main_type: "application", sub_type: "protobuf", attributes: {"message": "AreaResponse"}, suffix: None }), Some(BINARY)), metadata: {}, matching_rules: MatchingRules { rules: {BODY: MatchingRuleCategory { name: BODY, rules: {DocPath { path_tokens: [Root, Field("value")], expr: "$.value" }: RuleList { rules: [Number], rule_logic: And, cascaded: false }} }} }, generators: Generators { categories: {} } }], pending: false, plugin_config: {"protobuf": {"service": String("Calculator/calculateOne"), "descriptorKey": String("a85dff8f82655a9681aad113575dcfbb")}}, interaction_markup: InteractionMarkup { markup: "```protobuf\nmessage ShapeMessage {\n    message .area_calculator.Rectangle rectangle = 2;\n}\n```\n\n```protobuf\nmessage AreaResponse {\n    float value = 1;\n}\n```\n", markup_type: "COMMON_MARK" }, transport: None })}, server_key: "5cae5f82-fec2-43c6-9739-60d0383d84ec" } ?[3mreq?[0m?[2m=?[0mRequest { method: POST, uri: http://127.0.0.1:53791/area_calculator.Calculator/calculateOne, version: HTTP/2.0, headers: {"content-type": "application/grpc", "te": "trailers", "user-agent": "grpc-java-netty/1.49.0", "grpc-accept-encoding": "gzip"}, body: Body(Streaming) }?[1m}?[0m?[2m:?[0m?[1mmock_server_handler?[0m?[1m{?[0m?[3mkey?[0m?[2m=?[0m"5cae5f82-fec2-43c6-9739-60d0383d84ec"?[1m}?[0m?[2m:?[0m?[1mhandle_message?[0m?[1m{?[0m?[3mself?[0m?[2m=?[0mMockService { file_descriptor_set: FileDescriptorSet { file: [FileDescriptorProto { name: Some("area_calculator.proto"), package: Some("area_calculator"), dependency: [], public_dependency: [], weak_dependency: [], message_type: [DescriptorProto { name: Some("ShapeMessage"), field: [FieldDescriptorProto { name: Some("square"), number: Some(1), label: Some(Optional), r#type: Some(Message), type_name: Some(".area_calculator.Square"), extendee: None, default_value: None, oneof_index: Some(0), json_name: Some("square"), options: None, proto3_optional: None }, FieldDescriptorProto { name: Some("rectangle"), number: Some(2), label: Some(Optional), r#type: Some(Message), type_name: Some(".area_calculator.Rectangle"), extendee: None, default_value: None, oneof_index: Some(0), json_name: Some("rectangle"), options: None, proto3_optional: None }, FieldDescriptorProto { name: Some("circle"), number: Some(3), label: Some(Optional), r#type: Some(Message), type_name: Some(".area_calculator.Circle"), extendee: None, default_value: None, oneof_index: Some(0), json_name: Some("circle"), options: None, proto3_optional: None }, FieldDescriptorProto { name: Some("triangle"), number: Some(4), label: Some(Optional), r#type: Some(Message), type_name: Some(".area_calculator.Triangle"), extendee: None, default_value: None, oneof_index: Some(0), json_name: Some("triangle"), options: None, proto3_optional: None }, FieldDescriptorProto { name: Some("parallelogram"), number: Some(5), label: Some(Optional), r#type: Some(Message), type_name: Some(".area_calculator.Parallelogram"), extendee: None, default_value: None, oneof_index: Some(0), json_name: Some("parallelogram"), options: None, proto3_optional: None }], extension: [], nested_type: [], enum_type: [], extension_range: [], oneof_decl: [OneofDescriptorProto { name: Some("shape"), options: None }], options: None, reserved_range: [], reserved_name: [] }, DescriptorProto { name: Some("Square"), field: [FieldDescriptorProto { name: Some("edge_length"), number: Some(1), label: Some(Optional), r#type: Some(Float), type_name: None, extendee: None, default_value: None, oneof_index: None, json_name: Some("edgeLength"), options: None, proto3_optional: None }], extension: [], nested_type: [], enum_type: [], extension_range: [], oneof_decl: [], options: None, reserved_range: [], reserved_name: [] }, DescriptorProto { name: Some("Rectangle"), field: [FieldDescriptorProto { name: Some("length"), number: Some(1), label: Some(Optional), r#type: Some(Float), type_name: None, extendee: None, default_value: None, oneof_index: None, json_name: Some("length"), options: None, proto3_optional: None }, FieldDescriptorProto { name: Some("width"), number: Some(2), label: Some(Optional), r#type: Some(Float), type_name: None, extendee: None, default_value: None, oneof_index: None, json_name: Some("width"), options: None, proto3_optional: None }], extension: [], nested_type: [], enum_type: [], extension_range: [], oneof_decl: [], options: None, reserved_range: [], reserved_name: [] }, DescriptorProto { name: Some("Circle"), field: [FieldDescriptorProto { name: Some("radius"), number: Some(1), label: Some(Optional), r#type: Some(Float), type_name: None, extendee: None, default_value: None, oneof_index: None, json_name: Some("radius"), options: None, proto3_optional: None }], extension: [], nested_type: [], enum_type: [], extension_range: [], oneof_decl: [], options: None, reserved_range: [], reserved_name: [] }, DescriptorProto { name: Some("Triangle"), field: [FieldDescriptorProto { name: Some("edge_a"), number: Some(1), label: Some(Optional), r#type: Some(Float), type_name: None, extendee: None, default_value: None, oneof_index: None, json_name: Some("edgeA"), options: None, proto3_optional: None }, FieldDescriptorProto { name: Some("edge_b"), number: Some(2), label: Some(Optional), r#type: Some(Float), type_name: None, extendee: None, default_value: None, oneof_index: None, json_name: Some("edgeB"), options: None, proto3_optional: None }, FieldDescriptorProto { name: Some("edge_c"), number: Some(3), label: Some(Optional), r#type: Some(Float), type_name: None, extendee: None, default_value: None, oneof_index: None, json_name: Some("edgeC"), options: None, proto3_optional: None }], extension: [], nested_type: [], enum_type: [], extension_range: [], oneof_decl: [], options: None, reserved_range: [], reserved_name: [] }, DescriptorProto { name: Some("Parallelogram"), field: [FieldDescriptorProto { name: Some("base_length"), number: Some(1), label: Some(Optional), r#type: Some(Float), type_name: None, extendee: None, default_value: None, oneof_index: None, json_name: Some("baseLength"), options: None, proto3_optional: None }, FieldDescriptorProto { name: Some("height"), number: Some(2), label: Some(Optional), r#type: Some(Float), type_name: None, extendee: None, default_value: None, oneof_index: None, json_name: Some("height"), options: None, proto3_optional: None }], extension: [], nested_type: [], enum_type: [], extension_range: [], oneof_decl: [], options: None, reserved_range: [], reserved_name: [] }, DescriptorProto { name: Some("AreaRequest"), field: [FieldDescriptorProto { name: Some("shapes"), number: Some(1), label: Some(Repeated), r#type: Some(Message), type_name: Some(".area_calculator.ShapeMessage"), extendee: None, default_value: None, oneof_index: None, json_name: Some("shapes"), options: None, proto3_optional: None }], extension: [], nested_type: [], enum_type: [], extension_range: [], oneof_decl: [], options: None, reserved_range: [], reserved_name: [] }, DescriptorProto { name: Some("AreaResponse"), field: [FieldDescriptorProto { name: Some("value"), number: Some(1), label: Some(Repeated), r#type: Some(Float), type_name: None, extendee: None, default_value: None, oneof_index: None, json_name: Some("value"), options: None, proto3_optional: None }], extension: [], nested_type: [], enum_type: [], extension_range: [], oneof_decl: [], options: None, reserved_range: [], reserved_name: [] }], enum_type: [], service: [ServiceDescriptorProto { name: Some("Calculator"), method: [MethodDescriptorProto { name: Some("calculateOne"), input_type: Some(".area_calculator.ShapeMessage"), output_type: Some(".area_calculator.AreaResponse"), options: Some(MethodOptions { deprecated: None, idempotency_level: None, uninterpreted_option: [] }), client_streaming: None, server_streaming: None }, MethodDescriptorProto { name: Some("calculateMulti"), input_type: Some(".area_calculator.AreaRequest"), output_type: Some(".area_calculator.AreaResponse"), options: Some(MethodOptions { deprecated: None, idempotency_level: None, uninterpreted_option: [] }), client_streaming: None, server_streaming: None }], options: None }], extension: [], options: Some(FileOptions { java_package: None, java_outer_classname: None, java_multiple_files: None, java_generate_equals_and_hash: None, java_string_check_utf8: None, optimize_for: None, go_package: Some("io.pact/area_calculator"), cc_generic_services: None, java_generic_services: None, py_generic_services: None, php_generic_services: Some(true), deprecated: None, cc_enable_arenas: None, objc_class_prefix: None, csharp_namespace: None, swift_prefix: None, php_class_prefix: None, php_namespace: None, php_metadata_namespace: None, ruby_package: None, uninterpreted_option: [] }), source_code_info: None, syntax: Some("proto3") }] }, service_name: "Calculator", message: SynchronousMessage { id: None, key: Some("c7fbe3ee"), description: "calculate rectangle area request", provider_states: [], comments: {"testname": String("io.pact.example.grpc.consumer.PactConsumerTest.calculateRectangleArea(MockServer, SynchronousMessages)")}, request: MessageContents { contents: Present(b"\x12\n\r\0\0@@\x15\0\0\x80@", Some(ContentType { main_type: "application", sub_type: "protobuf", attributes: {"message": "ShapeMessage"}, suffix: None }), Some(BINARY)), metadata: {}, matching_rules: MatchingRules { rules: {BODY: MatchingRuleCategory { name: BODY, rules: {DocPath { path_tokens: [Root, Field("rectangle"), Field("length")], expr: "$.rectangle.length" }: RuleList { rules: [Number], rule_logic: And, cascaded: false }, DocPath { path_tokens: [Root, Field("rectangle"), Field("width")], expr: "$.rectangle.width" }: RuleList { rules: [Number], rule_logic: And, cascaded: false }} }} }, generators: Generators { categories: {} } }, response: [MessageContents { contents: Present(b"\r\0\0@A", Some(ContentType { main_type: "application", sub_type: "protobuf", attributes: {"message": "AreaResponse"}, suffix: None }), Some(BINARY)), metadata: {}, matching_rules: MatchingRules { rules: {BODY: MatchingRuleCategory { name: BODY, rules: {DocPath { path_tokens: [Root, Field("value")], expr: "$.value" }: RuleList { rules: [Number], rule_logic: And, cascaded: false }} }} }, generators: Generators { categories: {} } }], pending: false, plugin_config: {"protobuf": {"service": String("Calculator/calculateOne"), "descriptorKey": String("a85dff8f82655a9681aad113575dcfbb")}}, interaction_markup: InteractionMarkup { markup: "```protobuf\nmessage ShapeMessage {\n    message .area_calculator.Rectangle rectangle = 2;\n}\n```\n\n```protobuf\nmessage AreaResponse {\n    float value = 1;\n}\n```\n", markup_type: "COMMON_MARK" }, transport: None }, method_descriptor: MethodDescriptorProto { name: Some("calculateOne"), input_type: Some(".area_calculator.ShapeMessage"), output_type: Some(".area_calculator.AreaResponse"), options: Some(MethodOptions { deprecated: None, idempotency_level: None, uninterpreted_option: [] }), client_streaming: None, server_streaming: None }, input_message: DescriptorProto { name: Some("ShapeMessage"), field: [FieldDescriptorProto { name: Some("square"), number: Some(1), label: Some(Optional), r#type: Some(Message), type_name: Some(".area_calculator.Square"), extendee: None, default_value: None, oneof_index: Some(0), json_name: Some("square"), options: None, proto3_optional: None }, FieldDescriptorProto { name: Some("rectangle"), number: Some(2), label: Some(Optional), r#type: Some(Message), type_name: Some(".area_calculator.Rectangle"), extendee: None, default_value: None, oneof_index: Some(0), json_name: Some("rectangle"), options: None, proto3_optional: None }, FieldDescriptorProto { name: Some("circle"), number: Some(3), label: Some(Optional), r#type: Some(Message), type_name: Some(".area_calculator.Circle"), extendee: None, default_value: None, oneof_index: Some(0), json_name: Some("circle"), options: None, proto3_optional: None }, FieldDescriptorProto { name: Some("triangle"), number: Some(4), label: Some(Optional), r#type: Some(Message), type_name: Some(".area_calculator.Triangle"), extendee: None, default_value: None, oneof_index: Some(0), json_name: Some("triangle"), options: None, proto3_optional: None }, FieldDescriptorProto { name: Some("parallelogram"), number: Some(5), label: Some(Optional), r#type: Some(Message), type_name: Some(".area_calculator.Parallelogram"), extendee: None, default_value: None, oneof_index: Some(0), json_name: Some("parallelogram"), options: None, proto3_optional: None }], extension: [], nested_type: [], enum_type: [], extension_range: [], oneof_decl: [OneofDescriptorProto { name: Some("shape"), options: None }], options: None, reserved_range: [], reserved_name: [] }, output_message: DescriptorProto { name: Some("AreaResponse"), field: [FieldDescriptorProto { name: Some("value"), number: Some(1), label: Some(Repeated), r#type: Some(Float), type_name: None, extendee: None, default_value: None, oneof_index: None, json_name: Some("value"), options: None, proto3_optional: None }], extension: [], nested_type: [], enum_type: [], extension_range: [], oneof_decl: [], options: None, reserved_range: [], reserved_name: [] }, server_key: "5cae5f82-fec2-43c6-9739-60d0383d84ec" } ?[3mrequest?[0m?[2m=?[0mDynamicMessage { descriptor: DescriptorProto { name: Some("ShapeMessage"), field: [FieldDescriptorProto { name: Some("square"), number: Some(1), label: Some(Optional), r#type: Some(Message), type_name: Some(".area_calculator.Square"), extendee: None, default_value: None, oneof_index: Some(0), json_name: Some("square"), options: None, proto3_optional: None }, FieldDescriptorProto { name: Some("rectangle"), number: Some(2), label: Some(Optional), r#type: Some(Message), type_name: Some(".area_calculator.Rectangle"), extendee: None, default_value: None, oneof_index: Some(0), json_name: Some("rectangle"), options: None, proto3_optional: None }, FieldDescriptorProto { name: Some("circle"), number: Some(3), label: Some(Optional), r#type: Some(Message), type_name: Some(".area_calculator.Circle"), extendee: None, default_value: None, oneof_index: Some(0), json_name: Some("circle"), options: None, proto3_optional: None }, FieldDescriptorProto { name: Some("triangle"), number: Some(4), label: Some(Optional), r#type: Some(Message), type_name: Some(".area_calculator.Triangle"), extendee: None, default_value: None, oneof_index: Some(0), json_name: Some("triangle"), options: None, proto3_optional: None }, FieldDescriptorProto { name: Some("parallelogram"), number: Some(5), label: Some(Optional), r#type: Some(Message), type_name: Some(".area_calculator.Parallelogram"), extendee: None, default_value: None, oneof_index: Some(0), json_name: Some("parallelogram"), options: None, proto3_optional: None }], extension: [], nested_type: [], enum_type: [], extension_range: [], oneof_decl: [OneofDescriptorProto { name: Some("shape"), options: None }], options: None, reserved_range: [], reserved_name: [] }, fields: [ProtobufField { field_num: 2, wire_type: LengthDelimited, data: Message([13, 0, 0, 64, 64, 21, 0, 0, 128, 64], DescriptorProto { name: Some("Rectangle"), field: [FieldDescriptorProto { name: Some("length"), number: Some(1), label: Some(Optional), r#type: Some(Float), type_name: None, extendee: None, default_value: None, oneof_index: None, json_name: Some("length"), options: None, proto3_optional: None }, FieldDescriptorProto { name: Some("width"), number: Some(2), label: Some(Optional), r#type: Some(Float), type_name: None, extendee: None, default_value: None, oneof_index: None, json_name: Some("width"), options: None, proto3_optional: None }], extension: [], nested_type: [], enum_type: [], extension_range: [], oneof_decl: [], options: None, reserved_range: [], reserved_name: [] }) }] } ?[3mmessage_descriptor?[0m?[2m=?[0mDescriptorProto { name: Some("ShapeMessage"), field: [FieldDescriptorProto { name: Some("square"), number: Some(1), label: Some(Optional), r#type: Some(Message), type_name: Some(".area_calculator.Square"), extendee: None, default_value: None, oneof_index: Some(0), json_name: Some("square"), options: None, proto3_optional: None }, FieldDescriptorProto { name: Some("rectangle"), number: Some(2), label: Some(Optional), r#type: Some(Message), type_name: Some(".area_calculator.Rectangle"), extendee: None, default_value: None, oneof_index: Some(0), json_name: Some("rectangle"), options: None, proto3_optional: None }, FieldDescriptorProto { name: Some("circle"), number: Some(3), label: Some(Optional), r#type: Some(Message), type_name: Some(".area_calculator.Circle"), extendee: None, default_value: None, oneof_index: Some(0), json_name: Some("circle"), options: None, proto3_optional: None }, FieldDescriptorProto { name: Some("triangle"), number: Some(4), label: Some(Optional), r#type: Some(Message), type_name: Some(".area_calculator.Triangle"), extendee: None, default_value: None, oneof_index: Some(0), json_name: Some("triangle"), options: None, proto3_optional: None }, FieldDescriptorProto { name: Some("parallelogram"), number: Some(5), label: Some(Optional), r#type: Some(Message), type_name: Some(".area_calculator.Parallelogram"), extendee: None, default_value: None, oneof_index: Some(0), json_name: Some("parallelogram"), options: None, proto3_optional: None }], extension: [], nested_type: [], enum_type: [], extension_range: [], oneof_decl: [OneofDescriptorProto { name: Some("shape"), options: None }], options: None, reserved_range: [], reserved_name: [] } ?[3mresponse_descriptor?[0m?[2m=?[0mDescriptorProto { name: Some("AreaResponse"), field: [FieldDescriptorProto { name: Some("value"), number: Some(1), label: Some(Repeated), r#type: Some(Float), type_name: None, extendee: None, default_value: None, oneof_index: None, json_name: Some("value"), options: None, proto3_optional: None }], extension: [], nested_type: [], enum_type: [], extension_range: [], oneof_decl: [], options: None, reserved_range: [], reserved_name: [] }?[1m}?[0m?[2m:?[0m ?[2mpact_protobuf_plugin::message_decoder?[0m?[2m:?[0m field_num=1, wire_type=ThirtyTwoBit, bytes remaining = 9
15:05:16.528 [Thread-5] DEBUG i.pact.plugins.jvm.core.ChildProcess - Plugin protobuf [46038] || ?[2m2023-03-27T09:35:16.526761Z?[0m ?[35mTRACE?[0m tokio-runtime-worker ?[1mrequest?[0m?[1m{?[0m?[3mmethod?[0m?[2m=?[0mPOST ?[3muri?[0m?[2m=?[0mhttp://127.0.0.1:53791/area_calculator.Calculator/calculateOne ?[3mversion?[0m?[2m=?[0mHTTP/2.0?[1m}?[0m?[2m:?[0m?[1mcall?[0m?[1m{?[0m?[3mself?[0m?[2m=?[0mGrpcMockServer { pact: V4Pact { consumer: Consumer { name: "grpc-consumer-jvm" }, provider: Provider { name: "area-calculator-provider" }, interactions: [SynchronousMessage { id: None, key: Some("c7fbe3ee"), description: "calculate rectangle area request", provider_states: [], comments: {"testname": String("io.pact.example.grpc.consumer.PactConsumerTest.calculateRectangleArea(MockServer, SynchronousMessages)")}, request: MessageContents { contents: Present(b"\x12\n\r\0\0@@\x15\0\0\x80@", Some(ContentType { main_type: "application", sub_type: "protobuf", attributes: {"message": "ShapeMessage"}, suffix: None }), Some(BINARY)), metadata: {}, matching_rules: MatchingRules { rules: {BODY: MatchingRuleCategory { name: BODY, rules: {DocPath { path_tokens: [Root, Field("rectangle"), Field("length")], expr: "$.rectangle.length" }: RuleList { rules: [Number], rule_logic: And, cascaded: false }, DocPath { path_tokens: [Root, Field("rectangle"), Field("width")], expr: "$.rectangle.width" }: RuleList { rules: [Number], rule_logic: And, cascaded: false }} }} }, generators: Generators { categories: {} } }, response: [MessageContents { contents: Present(b"\r\0\0@A", Some(ContentType { main_type: "application", sub_type: "protobuf", attributes: {"message": "AreaResponse"}, suffix: None }), Some(BINARY)), metadata: {}, matching_rules: MatchingRules { rules: {BODY: MatchingRuleCategory { name: BODY, rules: {DocPath { path_tokens: [Root, Field("value")], expr: "$.value" }: RuleList { rules: [Number], rule_logic: And, cascaded: false }} }} }, generators: Generators { categories: {} } }], pending: false, plugin_config: {"protobuf": {"service": String("Calculator/calculateOne"), "descriptorKey": String("a85dff8f82655a9681aad113575dcfbb")}}, interaction_markup: InteractionMarkup { markup: "```protobuf\nmessage ShapeMessage {\n    message .area_calculator.Rectangle rectangle = 2;\n}\n```\n\n```protobuf\nmessage AreaResponse {\n    float value = 1;\n}\n```\n", markup_type: "COMMON_MARK" }, transport: None }], metadata: {"pact-jvm": Object({"version": String("4.4.2")}), "pactSpecification": Object({"version": String("4.0")})}, plugin_data: [PluginData { name: "protobuf", version: "0.1.5", configuration: {"a85dff8f82655a9681aad113575dcfbb": Object({"protoDescriptors": String("CsoHChVhcmVhX2NhbGN1bGF0b3IucHJvdG8SD2FyZWFfY2FsY3VsYXRvciK6AgoMU2hhcGVNZXNzYWdlEjEKBnNxdWFyZRgBIAEoCzIXLmFyZWFfY2FsY3VsYXRvci5TcXVhcmVIAFIGc3F1YXJlEjoKCXJlY3RhbmdsZRgCIAEoCzIaLmFyZWFfY2FsY3VsYXRvci5SZWN0YW5nbGVIAFIJcmVjdGFuZ2xlEjEKBmNpcmNsZRgDIAEoCzIXLmFyZWFfY2FsY3VsYXRvci5DaXJjbGVIAFIGY2lyY2xlEjcKCHRyaWFuZ2xlGAQgASgLMhkuYXJlYV9jYWxjdWxhdG9yLlRyaWFuZ2xlSABSCHRyaWFuZ2xlEkYKDXBhcmFsbGVsb2dyYW0YBSABKAsyHi5hcmVhX2NhbGN1bGF0b3IuUGFyYWxsZWxvZ3JhbUgAUg1wYXJhbGxlbG9ncmFtQgcKBXNoYXBlIikKBlNxdWFyZRIfCgtlZGdlX2xlbmd0aBgBIAEoAlIKZWRnZUxlbmd0aCI5CglSZWN0YW5nbGUSFgoGbGVuZ3RoGAEgASgCUgZsZW5ndGgSFAoFd2lkdGgYAiABKAJSBXdpZHRoIiAKBkNpcmNsZRIWCgZyYWRpdXMYASABKAJSBnJhZGl1cyJPCghUcmlhbmdsZRIVCgZlZGdlX2EYASABKAJSBWVkZ2VBEhUKBmVkZ2VfYhgCIAEoAlIFZWRnZUISFQoGZWRnZV9jGAMgASgCUgVlZGdlQyJICg1QYXJhbGxlbG9ncmFtEh8KC2Jhc2VfbGVuZ3RoGAEgASgCUgpiYXNlTGVuZ3RoEhYKBmhlaWdodBgCIAEoAlIGaGVpZ2h0IkQKC0FyZWFSZXF1ZXN0EjUKBnNoYXBlcxgBIAMoCzIdLmFyZWFfY2FsY3VsYXRvci5TaGFwZU1lc3NhZ2VSBnNoYXBlcyIkCgxBcmVhUmVzcG9uc2USFAoFdmFsdWUYASADKAJSBXZhbHVlMq0BCgpDYWxjdWxhdG9yEk4KDGNhbGN1bGF0ZU9uZRIdLmFyZWFfY2FsY3VsYXRvci5TaGFwZU1lc3NhZ2UaHS5hcmVhX2NhbGN1bGF0b3IuQXJlYVJlc3BvbnNlIgASTwoOY2FsY3VsYXRlTXVsdGkSHC5hcmVhX2NhbGN1bGF0b3IuQXJlYVJlcXVlc3QaHS5hcmVhX2NhbGN1bGF0b3IuQXJlYVJlc3BvbnNlIgBCHFoXaW8ucGFjdC9hcmVhX2NhbGN1bGF0b3LQAgFiBnByb3RvMw=="), "protoFile": String("syntax = \"proto3\";\n\npackage area_calculator;\n\noption php_generic_services = true;\noption go_package = \"io.pact/area_calculator\";\n\nservice Calculator {\n  rpc calculateOne (ShapeMessage) returns (AreaResponse) {}\n  rpc calculateMulti (AreaRequest) returns (AreaResponse) {}\n}\n\nmessage ShapeMessage {\n  oneof shape {\n    Square square = 1;\n    Rectangle rectangle = 2;\n    Circle circle = 3;\n    Triangle triangle = 4;\n    Parallelogram parallelogram = 5;\n  }\n}\n\nmessage Square {\n  float edge_length = 1;\n}\n\nmessage Rectangle {\n  float length = 1;\n  float width = 2;\n}\n\nmessage Circle {\n  float radius = 1;\n}\n\nmessage Triangle {\n  float edge_a = 1;\n  float edge_b = 2;\n  float edge_c = 3;\n}\n\nmessage Parallelogram {\n  float base_length = 1;\n  float height = 2;\n}\n\nmessage AreaRequest {\n  repeated ShapeMessage shapes = 1;\n}\n\nmessage AreaResponse {\n  repeated float value = 1;\n}\n")})} }] }, plugin_config: PluginData { name: "protobuf", version: "0.1.5", configuration: {"a85dff8f82655a9681aad113575dcfbb": Object({"protoDescriptors": String("CsoHChVhcmVhX2NhbGN1bGF0b3IucHJvdG8SD2FyZWFfY2FsY3VsYXRvciK6AgoMU2hhcGVNZXNzYWdlEjEKBnNxdWFyZRgBIAEoCzIXLmFyZWFfY2FsY3VsYXRvci5TcXVhcmVIAFIGc3F1YXJlEjoKCXJlY3RhbmdsZRgCIAEoCzIaLmFyZWFfY2FsY3VsYXRvci5SZWN0YW5nbGVIAFIJcmVjdGFuZ2xlEjEKBmNpcmNsZRgDIAEoCzIXLmFyZWFfY2FsY3VsYXRvci5DaXJjbGVIAFIGY2lyY2xlEjcKCHRyaWFuZ2xlGAQgASgLMhkuYXJlYV9jYWxjdWxhdG9yLlRyaWFuZ2xlSABSCHRyaWFuZ2xlEkYKDXBhcmFsbGVsb2dyYW0YBSABKAsyHi5hcmVhX2NhbGN1bGF0b3IuUGFyYWxsZWxvZ3JhbUgAUg1wYXJhbGxlbG9ncmFtQgcKBXNoYXBlIikKBlNxdWFyZRIfCgtlZGdlX2xlbmd0aBgBIAEoAlIKZWRnZUxlbmd0aCI5CglSZWN0YW5nbGUSFgoGbGVuZ3RoGAEgASgCUgZsZW5ndGgSFAoFd2lkdGgYAiABKAJSBXdpZHRoIiAKBkNpcmNsZRIWCgZyYWRpdXMYASABKAJSBnJhZGl1cyJPCghUcmlhbmdsZRIVCgZlZGdlX2EYASABKAJSBWVkZ2VBEhUKBmVkZ2VfYhgCIAEoAlIFZWRnZUISFQoGZWRnZV9jGAMgASgCUgVlZGdlQyJICg1QYXJhbGxlbG9ncmFtEh8KC2Jhc2VfbGVuZ3RoGAEgASgCUgpiYXNlTGVuZ3RoEhYKBmhlaWdodBgCIAEoAlIGaGVpZ2h0IkQKC0FyZWFSZXF1ZXN0EjUKBnNoYXBlcxgBIAMoCzIdLmFyZWFfY2FsY3VsYXRvci5TaGFwZU1lc3NhZ2VSBnNoYXBlcyIkCgxBcmVhUmVzcG9uc2USFAoFdmFsdWUYASADKAJSBXZhbHVlMq0BCgpDYWxjdWxhdG9yEk4KDGNhbGN1bGF0ZU9uZRIdLmFyZWFfY2FsY3VsYXRvci5TaGFwZU1lc3NhZ2UaHS5hcmVhX2NhbGN1bGF0b3IuQXJlYVJlc3BvbnNlIgASTwoOY2FsY3VsYXRlTXVsdGkSHC5hcmVhX2NhbGN1bGF0b3IuQXJlYVJlcXVlc3QaHS5hcmVhX2NhbGN1bGF0b3IuQXJlYVJlc3BvbnNlIgBCHFoXaW8ucGFjdC9hcmVhX2NhbGN1bGF0b3LQAgFiBnByb3RvMw=="), "protoFile": String("syntax = \"proto3\";\n\npackage area_calculator;\n\noption php_generic_services = true;\noption go_package = \"io.pact/area_calculator\";\n\nservice Calculator {\n  rpc calculateOne (ShapeMessage) returns (AreaResponse) {}\n  rpc calculateMulti (AreaRequest) returns (AreaResponse) {}\n}\n\nmessage ShapeMessage {\n  oneof shape {\n    Square square = 1;\n    Rectangle rectangle = 2;\n    Circle circle = 3;\n    Triangle triangle = 4;\n    Parallelogram parallelogram = 5;\n  }\n}\n\nmessage Square {\n  float edge_length = 1;\n}\n\nmessage Rectangle {\n  float length = 1;\n  float width = 2;\n}\n\nmessage Circle {\n  float radius = 1;\n}\n\nmessage Triangle {\n  float edge_a = 1;\n  float edge_b = 2;\n  float edge_c = 3;\n}\n\nmessage Parallelogram {\n  float base_length = 1;\n  float height = 2;\n}\n\nmessage AreaRequest {\n  repeated ShapeMessage shapes = 1;\n}\n\nmessage AreaResponse {\n  repeated float value = 1;\n}\n")})} }, descriptors: {"a85dff8f82655a9681aad113575dcfbb": FileDescriptorSet { file: [FileDescriptorProto { name: Some("area_calculator.proto"), package: Some("area_calculator"), dependency: [], public_dependency: [], weak_dependency: [], message_type: [DescriptorProto { name: Some("ShapeMessage"), field: [FieldDescriptorProto { name: Some("square"), number: Some(1), label: Some(Optional), r#type: Some(Message), type_name: Some(".area_calculator.Square"), extendee: None, default_value: None, oneof_index: Some(0), json_name: Some("square"), options: None, proto3_optional: None }, FieldDescriptorProto { name: Some("rectangle"), number: Some(2), label: Some(Optional), r#type: Some(Message), type_name: Some(".area_calculator.Rectangle"), extendee: None, default_value: None, oneof_index: Some(0), json_name: Some("rectangle"), options: None, proto3_optional: None }, FieldDescriptorProto { name: Some("circle"), number: Some(3), label: Some(Optional), r#type: Some(Message), type_name: Some(".area_calculator.Circle"), extendee: None, default_value: None, oneof_index: Some(0), json_name: Some("circle"), options: None, proto3_optional: None }, FieldDescriptorProto { name: Some("triangle"), number: Some(4), label: Some(Optional), r#type: Some(Message), type_name: Some(".area_calculator.Triangle"), extendee: None, default_value: None, oneof_index: Some(0), json_name: Some("triangle"), options: None, proto3_optional: None }, FieldDescriptorProto { name: Some("parallelogram"), number: Some(5), label: Some(Optional), r#type: Some(Message), type_name: Some(".area_calculator.Parallelogram"), extendee: None, default_value: None, oneof_index: Some(0), json_name: Some("parallelogram"), options: None, proto3_optional: None }], extension: [], nested_type: [], enum_type: [], extension_range: [], oneof_decl: [OneofDescriptorProto { name: Some("shape"), options: None }], options: None, reserved_range: [], reserved_name: [] }, DescriptorProto { name: Some("Square"), field: [FieldDescriptorProto { name: Some("edge_length"), number: Some(1), label: Some(Optional), r#type: Some(Float), type_name: None, extendee: None, default_value: None, oneof_index: None, json_name: Some("edgeLength"), options: None, proto3_optional: None }], extension: [], nested_type: [], enum_type: [], extension_range: [], oneof_decl: [], options: None, reserved_range: [], reserved_name: [] }, DescriptorProto { name: Some("Rectangle"), field: [FieldDescriptorProto { name: Some("length"), number: Some(1), label: Some(Optional), r#type: Some(Float), type_name: None, extendee: None, default_value: None, oneof_index: None, json_name: Some("length"), options: None, proto3_optional: None }, FieldDescriptorProto { name: Some("width"), number: Some(2), label: Some(Optional), r#type: Some(Float), type_name: None, extendee: None, default_value: None, oneof_index: None, json_name: Some("width"), options: None, proto3_optional: None }], extension: [], nested_type: [], enum_type: [], extension_range: [], oneof_decl: [], options: None, reserved_range: [], reserved_name: [] }, DescriptorProto { name: Some("Circle"), field: [FieldDescriptorProto { name: Some("radius"), number: Some(1), label: Some(Optional), r#type: Some(Float), type_name: None, extendee: None, default_value: None, oneof_index: None, json_name: Some("radius"), options: None, proto3_optional: None }], extension: [], nested_type: [], enum_type: [], extension_range: [], oneof_decl: [], options: None, reserved_range: [], reserved_name: [] }, DescriptorProto { name: Some("Triangle"), field: [FieldDescriptorProto { name: Some("edge_a"), number: Some(1), label: Some(Optional), r#type: Some(Float), type_name: None, extendee: None, default_value: None, oneof_index: None, json_name: Some("edgeA"), options: None, proto3_optional: None }, FieldDescriptorProto { name: Some("edge_b"), number: Some(2), label: Some(Optional), r#type: Some(Float), type_name: None, extendee: None, default_value: None, oneof_index: None, json_name: Some("edgeB"), options: None, proto3_optional: None }, FieldDescriptorProto { name: Some("edge_c"), number: Some(3), label: Some(Optional), r#type: Some(Float), type_name: None, extendee: None, default_value: None, oneof_index: None, json_name: Some("edgeC"), options: None, proto3_optional: None }], extension: [], nested_type: [], enum_type: [], extension_range: [], oneof_decl: [], options: None, reserved_range: [], reserved_name: [] }, DescriptorProto { name: Some("Parallelogram"), field: [FieldDescriptorProto { name: Some("base_length"), number: Some(1), label: Some(Optional), r#type: Some(Float), type_name: None, extendee: None, default_value: None, oneof_index: None, json_name: Some("baseLength"), options: None, proto3_optional: None }, FieldDescriptorProto { name: Some("height"), number: Some(2), label: Some(Optional), r#type: Some(Float), type_name: None, extendee: None, default_value: None, oneof_index: None, json_name: Some("height"), options: None, proto3_optional: None }], extension: [], nested_type: [], enum_type: [], extension_range: [], oneof_decl: [], options: None, reserved_range: [], reserved_name: [] }, DescriptorProto { name: Some("AreaRequest"), field: [FieldDescriptorProto { name: Some("shapes"), number: Some(1), label: Some(Repeated), r#type: Some(Message), type_name: Some(".area_calculator.ShapeMessage"), extendee: None, default_value: None, oneof_index: None, json_name: Some("shapes"), options: None, proto3_optional: None }], extension: [], nested_type: [], enum_type: [], extension_range: [], oneof_decl: [], options: None, reserved_range: [], reserved_name: [] }, DescriptorProto { name: Some("AreaResponse"), field: [FieldDescriptorProto { name: Some("value"), number: Some(1), label: Some(Repeated), r#type: Some(Float), type_name: None, extendee: None, default_value: None, oneof_index: None, json_name: Some("value"), options: None, proto3_optional: None }], extension: [], nested_type: [], enum_type: [], extension_range: [], oneof_decl: [], options: None, reserved_range: [], reserved_name: [] }], enum_type: [], service: [ServiceDescriptorProto { name: Some("Calculator"), method: [MethodDescriptorProto { name: Some("calculateOne"), input_type: Some(".area_calculator.ShapeMessage"), output_type: Some(".area_calculator.AreaResponse"), options: Some(MethodOptions { deprecated: None, idempotency_level: None, uninterpreted_option: [] }), client_streaming: None, server_streaming: None }, MethodDescriptorProto { name: Some("calculateMulti"), input_type: Some(".area_calculator.AreaRequest"), output_type: Some(".area_calculator.AreaResponse"), options: Some(MethodOptions { deprecated: None, idempotency_level: None, uninterpreted_option: [] }), client_streaming: None, server_streaming: None }], options: None }], extension: [], options: Some(FileOptions { java_package: None, java_outer_classname: None, java_multiple_files: None, java_generate_equals_and_hash: None, java_string_check_utf8: None, optimize_for: None, go_package: Some("io.pact/area_calculator"), cc_generic_services: None, java_generic_services: None, py_generic_services: None, php_generic_services: Some(true), deprecated: None, cc_enable_arenas: None, objc_class_prefix: None, csharp_namespace: None, swift_prefix: None, php_class_prefix: None, php_namespace: None, php_metadata_namespace: None, ruby_package: None, uninterpreted_option: [] }), source_code_info: None, syntax: Some("proto3") }] }}, routes: {"Calculator/calculateOne": (FileDescriptorSet { file: [FileDescriptorProto { name: Some("area_calculator.proto"), package: Some("area_calculator"), dependency: [], public_dependency: [], weak_dependency: [], message_type: [DescriptorProto { name: Some("ShapeMessage"), field: [FieldDescriptorProto { name: Some("square"), number: Some(1), label: Some(Optional), r#type: Some(Message), type_name: Some(".area_calculator.Square"), extendee: None, default_value: None, oneof_index: Some(0), json_name: Some("square"), options: None, proto3_optional: None }, FieldDescriptorProto { name: Some("rectangle"), number: Some(2), label: Some(Optional), r#type: Some(Message), type_name: Some(".area_calculator.Rectangle"), extendee: None, default_value: None, oneof_index: Some(0), json_name: Some("rectangle"), options: None, proto3_optional: None }, FieldDescriptorProto { name: Some("circle"), number: Some(3), label: Some(Optional), r#type: Some(Message), type_name: Some(".area_calculator.Circle"), extendee: None, default_value: None, oneof_index: Some(0), json_name: Some("circle"), options: None, proto3_optional: None }, FieldDescriptorProto { name: Some("triangle"), number: Some(4), label: Some(Optional), r#type: Some(Message), type_name: Some(".area_calculator.Triangle"), extendee: None, default_value: None, oneof_index: Some(0), json_name: Some("triangle"), options: None, proto3_optional: None }, FieldDescriptorProto { name: Some("parallelogram"), number: Some(5), label: Some(Optional), r#type: Some(Message), type_name: Some(".area_calculator.Parallelogram"), extendee: None, default_value: None, oneof_index: Some(0), json_name: Some("parallelogram"), options: None, proto3_optional: None }], extension: [], nested_type: [], enum_type: [], extension_range: [], oneof_decl: [OneofDescriptorProto { name: Some("shape"), options: None }], options: None, reserved_range: [], reserved_name: [] }, DescriptorProto { name: Some("Square"), field: [FieldDescriptorProto { name: Some("edge_length"), number: Some(1), label: Some(Optional), r#type: Some(Float), type_name: None, extendee: None, default_value: None, oneof_index: None, json_name: Some("edgeLength"), options: None, proto3_optional: None }], extension: [], nested_type: [], enum_type: [], extension_range: [], oneof_decl: [], options: None, reserved_range: [], reserved_name: [] }, DescriptorProto { name: Some("Rectangle"), field: [FieldDescriptorProto { name: Some("length"), number: Some(1), label: Some(Optional), r#type: Some(Float), type_name: None, extendee: None, default_value: None, oneof_index: None, json_name: Some("length"), options: None, proto3_optional: None }, FieldDescriptorProto { name: Some("width"), number: Some(2), label: Some(Optional), r#type: Some(Float), type_name: None, extendee: None, default_value: None, oneof_index: None, json_name: Some("width"), options: None, proto3_optional: None }], extension: [], nested_type: [], enum_type: [], extension_range: [], oneof_decl: [], options: None, reserved_range: [], reserved_name: [] }, DescriptorProto { name: Some("Circle"), field: [FieldDescriptorProto { name: Some("radius"), number: Some(1), label: Some(Optional), r#type: Some(Float), type_name: None, extendee: None, default_value: None, oneof_index: None, json_name: Some("radius"), options: None, proto3_optional: None }], extension: [], nested_type: [], enum_type: [], extension_range: [], oneof_decl: [], options: None, reserved_range: [], reserved_name: [] }, DescriptorProto { name: Some("Triangle"), field: [FieldDescriptorProto { name: Some("edge_a"), number: Some(1), label: Some(Optional), r#type: Some(Float), type_name: None, extendee: None, default_value: None, oneof_index: None, json_name: Some("edgeA"), options: None, proto3_optional: None }, FieldDescriptorProto { name: Some("edge_b"), number: Some(2), label: Some(Optional), r#type: Some(Float), type_name: None, extendee: None, default_value: None, oneof_index: None, json_name: Some("edgeB"), options: None, proto3_optional: None }, FieldDescriptorProto { name: Some("edge_c"), number: Some(3), label: Some(Optional), r#type: Some(Float), type_name: None, extendee: None, default_value: None, oneof_index: None, json_name: Some("edgeC"), options: None, proto3_optional: None }], extension: [], nested_type: [], enum_type: [], extension_range: [], oneof_decl: [], options: None, reserved_range: [], reserved_name: [] }, DescriptorProto { name: Some("Parallelogram"), field: [FieldDescriptorProto { name: Some("base_length"), number: Some(1), label: Some(Optional), r#type: Some(Float), type_name: None, extendee: None, default_value: None, oneof_index: None, json_name: Some("baseLength"), options: None, proto3_optional: None }, FieldDescriptorProto { name: Some("height"), number: Some(2), label: Some(Optional), r#type: Some(Float), type_name: None, extendee: None, default_value: None, oneof_index: None, json_name: Some("height"), options: None, proto3_optional: None }], extension: [], nested_type: [], enum_type: [], extension_range: [], oneof_decl: [], options: None, reserved_range: [], reserved_name: [] }, DescriptorProto { name: Some("AreaRequest"), field: [FieldDescriptorProto { name: Some("shapes"), number: Some(1), label: Some(Repeated), r#type: Some(Message), type_name: Some(".area_calculator.ShapeMessage"), extendee: None, default_value: None, oneof_index: None, json_name: Some("shapes"), options: None, proto3_optional: None }], extension: [], nested_type: [], enum_type: [], extension_range: [], oneof_decl: [], options: None, reserved_range: [], reserved_name: [] }, DescriptorProto { name: Some("AreaResponse"), field: [FieldDescriptorProto { name: Some("value"), number: Some(1), label: Some(Repeated), r#type: Some(Float), type_name: None, extendee: None, default_value: None, oneof_index: None, json_name: Some("value"), options: None, proto3_optional: None }], extension: [], nested_type: [], enum_type: [], extension_range: [], oneof_decl: [], options: None, reserved_range: [], reserved_name: [] }], enum_type: [], service: [ServiceDescriptorProto { name: Some("Calculator"), method: [MethodDescriptorProto { name: Some("calculateOne"), input_type: Some(".area_calculator.ShapeMessage"), output_type: Some(".area_calculator.AreaResponse"), options: Some(MethodOptions { deprecated: None, idempotency_level: None, uninterpreted_option: [] }), client_streaming: None, server_streaming: None }, MethodDescriptorProto { name: Some("calculateMulti"), input_type: Some(".area_calculator.AreaRequest"), output_type: Some(".area_calculator.AreaResponse"), options: Some(MethodOptions { deprecated: None, idempotency_level: None, uninterpreted_option: [] }), client_streaming: None, server_streaming: None }], options: None }], extension: [], options: Some(FileOptions { java_package: None, java_outer_classname: None, java_multiple_files: None, java_generate_equals_and_hash: None, java_string_check_utf8: None, optimize_for: None, go_package: Some("io.pact/area_calculator"), cc_generic_services: None, java_generic_services: None, py_generic_services: None, php_generic_services: Some(true), deprecated: None, cc_enable_arenas: None, objc_class_prefix: None, csharp_namespace: None, swift_prefix: None, php_class_prefix: None, php_namespace: None, php_metadata_namespace: None, ruby_package: None, uninterpreted_option: [] }), source_code_info: None, syntax: Some("proto3") }] }, MethodDescriptorProto { name: Some("calculateOne"), input_type: Some(".area_calculator.ShapeMessage"), output_type: Some(".area_calculator.AreaResponse"), options: Some(MethodOptions { deprecated: None, idempotency_level: None, uninterpreted_option: [] }), client_streaming: None, server_streaming: None }, SynchronousMessage { id: None, key: Some("c7fbe3ee"), description: "calculate rectangle area request", provider_states: [], comments: {"testname": String("io.pact.example.grpc.consumer.PactConsumerTest.calculateRectangleArea(MockServer, SynchronousMessages)")}, request: MessageContents { contents: Present(b"\x12\n\r\0\0@@\x15\0\0\x80@", Some(ContentType { main_type: "application", sub_type: "protobuf", attributes: {"message": "ShapeMessage"}, suffix: None }), Some(BINARY)), metadata: {}, matching_rules: MatchingRules { rules: {BODY: MatchingRuleCategory { name: BODY, rules: {DocPath { path_tokens: [Root, Field("rectangle"), Field("length")], expr: "$.rectangle.length" }: RuleList { rules: [Number], rule_logic: And, cascaded: false }, DocPath { path_tokens: [Root, Field("rectangle"), Field("width")], expr: "$.rectangle.width" }: RuleList { rules: [Number], rule_logic: And, cascaded: false }} }} }, generators: Generators { categories: {} } }, response: [MessageContents { contents: Present(b"\r\0\0@A", Some(ContentType { main_type: "application", sub_type: "protobuf", attributes: {"message": "AreaResponse"}, suffix: None }), Some(BINARY)), metadata: {}, matching_rules: MatchingRules { rules: {BODY: MatchingRuleCategory { name: BODY, rules: {DocPath { path_tokens: [Root, Field("value")], expr: "$.value" }: RuleList { rules: [Number], rule_logic: And, cascaded: false }} }} }, generators: Generators { categories: {} } }], pending: false, plugin_config: {"protobuf": {"service": String("Calculator/calculateOne"), "descriptorKey": String("a85dff8f82655a9681aad113575dcfbb")}}, interaction_markup: InteractionMarkup { markup: "```protobuf\nmessage ShapeMessage {\n    message .area_calculator.Rectangle rectangle = 2;\n}\n```\n\n```protobuf\nmessage AreaResponse {\n    float value = 1;\n}\n```\n", markup_type: "COMMON_MARK" }, transport: None })}, server_key: "5cae5f82-fec2-43c6-9739-60d0383d84ec" } ?[3mreq?[0m?[2m=?[0mRequest { method: POST, uri: http://127.0.0.1:53791/area_calculator.Calculator/calculateOne, version: HTTP/2.0, headers: {"content-type": "application/grpc", "te": "trailers", "user-agent": "grpc-java-netty/1.49.0", "grpc-accept-encoding": "gzip"}, body: Body(Streaming) }?[1m}?[0m?[2m:?[0m?[1mmock_server_handler?[0m?[1m{?[0m?[3mkey?[0m?[2m=?[0m"5cae5f82-fec2-43c6-9739-60d0383d84ec"?[1m}?[0m?[2m:?[0m?[1mhandle_message?[0m?[1m{?[0m?[3mself?[0m?[2m=?[0mMockService { file_descriptor_set: FileDescriptorSet { file: [FileDescriptorProto { name: Some("area_calculator.proto"), package: Some("area_calculator"), dependency: [], public_dependency: [], weak_dependency: [], message_type: [DescriptorProto { name: Some("ShapeMessage"), field: [FieldDescriptorProto { name: Some("square"), number: Some(1), label: Some(Optional), r#type: Some(Message), type_name: Some(".area_calculator.Square"), extendee: None, default_value: None, oneof_index: Some(0), json_name: Some("square"), options: None, proto3_optional: None }, FieldDescriptorProto { name: Some("rectangle"), number: Some(2), label: Some(Optional), r#type: Some(Message), type_name: Some(".area_calculator.Rectangle"), extendee: None, default_value: None, oneof_index: Some(0), json_name: Some("rectangle"), options: None, proto3_optional: None }, FieldDescriptorProto { name: Some("circle"), number: Some(3), label: Some(Optional), r#type: Some(Message), type_name: Some(".area_calculator.Circle"), extendee: None, default_value: None, oneof_index: Some(0), json_name: Some("circle"), options: None, proto3_optional: None }, FieldDescriptorProto { name: Some("triangle"), number: Some(4), label: Some(Optional), r#type: Some(Message), type_name: Some(".area_calculator.Triangle"), extendee: None, default_value: None, oneof_index: Some(0), json_name: Some("triangle"), options: None, proto3_optional: None }, FieldDescriptorProto { name: Some("parallelogram"), number: Some(5), label: Some(Optional), r#type: Some(Message), type_name: Some(".area_calculator.Parallelogram"), extendee: None, default_value: None, oneof_index: Some(0), json_name: Some("parallelogram"), options: None, proto3_optional: None }], extension: [], nested_type: [], enum_type: [], extension_range: [], oneof_decl: [OneofDescriptorProto { name: Some("shape"), options: None }], options: None, reserved_range: [], reserved_name: [] }, DescriptorProto { name: Some("Square"), field: [FieldDescriptorProto { name: Some("edge_length"), number: Some(1), label: Some(Optional), r#type: Some(Float), type_name: None, extendee: None, default_value: None, oneof_index: None, json_name: Some("edgeLength"), options: None, proto3_optional: None }], extension: [], nested_type: [], enum_type: [], extension_range: [], oneof_decl: [], options: None, reserved_range: [], reserved_name: [] }, DescriptorProto { name: Some("Rectangle"), field: [FieldDescriptorProto { name: Some("length"), number: Some(1), label: Some(Optional), r#type: Some(Float), type_name: None, extendee: None, default_value: None, oneof_index: None, json_name: Some("length"), options: None, proto3_optional: None }, FieldDescriptorProto { name: Some("width"), number: Some(2), label: Some(Optional), r#type: Some(Float), type_name: None, extendee: None, default_value: None, oneof_index: None, json_name: Some("width"), options: None, proto3_optional: None }], extension: [], nested_type: [], enum_type: [], extension_range: [], oneof_decl: [], options: None, reserved_range: [], reserved_name: [] }, DescriptorProto { name: Some("Circle"), field: [FieldDescriptorProto { name: Some("radius"), number: Some(1), label: Some(Optional), r#type: Some(Float), type_name: None, extendee: None, default_value: None, oneof_index: None, json_name: Some("radius"), options: None, proto3_optional: None }], extension: [], nested_type: [], enum_type: [], extension_range: [], oneof_decl: [], options: None, reserved_range: [], reserved_name: [] }, DescriptorProto { name: Some("Triangle"), field: [FieldDescriptorProto { name: Some("edge_a"), number: Some(1), label: Some(Optional), r#type: Some(Float), type_name: None, extendee: None, default_value: None, oneof_index: None, json_name: Some("edgeA"), options: None, proto3_optional: None }, FieldDescriptorProto { name: Some("edge_b"), number: Some(2), label: Some(Optional), r#type: Some(Float), type_name: None, extendee: None, default_value: None, oneof_index: None, json_name: Some("edgeB"), options: None, proto3_optional: None }, FieldDescriptorProto { name: Some("edge_c"), number: Some(3), label: Some(Optional), r#type: Some(Float), type_name: None, extendee: None, default_value: None, oneof_index: None, json_name: Some("edgeC"), options: None, proto3_optional: None }], extension: [], nested_type: [], enum_type: [], extension_range: [], oneof_decl: [], options: None, reserved_range: [], reserved_name: [] }, DescriptorProto { name: Some("Parallelogram"), field: [FieldDescriptorProto { name: Some("base_length"), number: Some(1), label: Some(Optional), r#type: Some(Float), type_name: None, extendee: None, default_value: None, oneof_index: None, json_name: Some("baseLength"), options: None, proto3_optional: None }, FieldDescriptorProto { name: Some("height"), number: Some(2), label: Some(Optional), r#type: Some(Float), type_name: None, extendee: None, default_value: None, oneof_index: None, json_name: Some("height"), options: None, proto3_optional: None }], extension: [], nested_type: [], enum_type: [], extension_range: [], oneof_decl: [], options: None, reserved_range: [], reserved_name: [] }, DescriptorProto { name: Some("AreaRequest"), field: [FieldDescriptorProto { name: Some("shapes"), number: Some(1), label: Some(Repeated), r#type: Some(Message), type_name: Some(".area_calculator.ShapeMessage"), extendee: None, default_value: None, oneof_index: None, json_name: Some("shapes"), options: None, proto3_optional: None }], extension: [], nested_type: [], enum_type: [], extension_range: [], oneof_decl: [], options: None, reserved_range: [], reserved_name: [] }, DescriptorProto { name: Some("AreaResponse"), field: [FieldDescriptorProto { name: Some("value"), number: Some(1), label: Some(Repeated), r#type: Some(Float), type_name: None, extendee: None, default_value: None, oneof_index: None, json_name: Some("value"), options: None, proto3_optional: None }], extension: [], nested_type: [], enum_type: [], extension_range: [], oneof_decl: [], options: None, reserved_range: [], reserved_name: [] }], enum_type: [], service: [ServiceDescriptorProto { name: Some("Calculator"), method: [MethodDescriptorProto { name: Some("calculateOne"), input_type: Some(".area_calculator.ShapeMessage"), output_type: Some(".area_calculator.AreaResponse"), options: Some(MethodOptions { deprecated: None, idempotency_level: None, uninterpreted_option: [] }), client_streaming: None, server_streaming: None }, MethodDescriptorProto { name: Some("calculateMulti"), input_type: Some(".area_calculator.AreaRequest"), output_type: Some(".area_calculator.AreaResponse"), options: Some(MethodOptions { deprecated: None, idempotency_level: None, uninterpreted_option: [] }), client_streaming: None, server_streaming: None }], options: None }], extension: [], options: Some(FileOptions { java_package: None, java_outer_classname: None, java_multiple_files: None, java_generate_equals_and_hash: None, java_string_check_utf8: None, optimize_for: None, go_package: Some("io.pact/area_calculator"), cc_generic_services: None, java_generic_services: None, py_generic_services: None, php_generic_services: Some(true), deprecated: None, cc_enable_arenas: None, objc_class_prefix: None, csharp_namespace: None, swift_prefix: None, php_class_prefix: None, php_namespace: None, php_metadata_namespace: None, ruby_package: None, uninterpreted_option: [] }), source_code_info: None, syntax: Some("proto3") }] }, service_name: "Calculator", message: SynchronousMessage { id: None, key: Some("c7fbe3ee"), description: "calculate rectangle area request", provider_states: [], comments: {"testname": String("io.pact.example.grpc.consumer.PactConsumerTest.calculateRectangleArea(MockServer, SynchronousMessages)")}, request: MessageContents { contents: Present(b"\x12\n\r\0\0@@\x15\0\0\x80@", Some(ContentType { main_type: "application", sub_type: "protobuf", attributes: {"message": "ShapeMessage"}, suffix: None }), Some(BINARY)), metadata: {}, matching_rules: MatchingRules { rules: {BODY: MatchingRuleCategory { name: BODY, rules: {DocPath { path_tokens: [Root, Field("rectangle"), Field("length")], expr: "$.rectangle.length" }: RuleList { rules: [Number], rule_logic: And, cascaded: false }, DocPath { path_tokens: [Root, Field("rectangle"), Field("width")], expr: "$.rectangle.width" }: RuleList { rules: [Number], rule_logic: And, cascaded: false }} }} }, generators: Generators { categories: {} } }, response: [MessageContents { contents: Present(b"\r\0\0@A", Some(ContentType { main_type: "application", sub_type: "protobuf", attributes: {"message": "AreaResponse"}, suffix: None }), Some(BINARY)), metadata: {}, matching_rules: MatchingRules { rules: {BODY: MatchingRuleCategory { name: BODY, rules: {DocPath { path_tokens: [Root, Field("value")], expr: "$.value" }: RuleList { rules: [Number], rule_logic: And, cascaded: false }} }} }, generators: Generators { categories: {} } }], pending: false, plugin_config: {"protobuf": {"service": String("Calculator/calculateOne"), "descriptorKey": String("a85dff8f82655a9681aad113575dcfbb")}}, interaction_markup: InteractionMarkup { markup: "```protobuf\nmessage ShapeMessage {\n    message .area_calculator.Rectangle rectangle = 2;\n}\n```\n\n```protobuf\nmessage AreaResponse {\n    float value = 1;\n}\n```\n", markup_type: "COMMON_MARK" }, transport: None }, method_descriptor: MethodDescriptorProto { name: Some("calculateOne"), input_type: Some(".area_calculator.ShapeMessage"), output_type: Some(".area_calculator.AreaResponse"), options: Some(MethodOptions { deprecated: None, idempotency_level: None, uninterpreted_option: [] }), client_streaming: None, server_streaming: None }, input_message: DescriptorProto { name: Some("ShapeMessage"), field: [FieldDescriptorProto { name: Some("square"), number: Some(1), label: Some(Optional), r#type: Some(Message), type_name: Some(".area_calculator.Square"), extendee: None, default_value: None, oneof_index: Some(0), json_name: Some("square"), options: None, proto3_optional: None }, FieldDescriptorProto { name: Some("rectangle"), number: Some(2), label: Some(Optional), r#type: Some(Message), type_name: Some(".area_calculator.Rectangle"), extendee: None, default_value: None, oneof_index: Some(0), json_name: Some("rectangle"), options: None, proto3_optional: None }, FieldDescriptorProto { name: Some("circle"), number: Some(3), label: Some(Optional), r#type: Some(Message), type_name: Some(".area_calculator.Circle"), extendee: None, default_value: None, oneof_index: Some(0), json_name: Some("circle"), options: None, proto3_optional: None }, FieldDescriptorProto { name: Some("triangle"), number: Some(4), label: Some(Optional), r#type: Some(Message), type_name: Some(".area_calculator.Triangle"), extendee: None, default_value: None, oneof_index: Some(0), json_name: Some("triangle"), options: None, proto3_optional: None }, FieldDescriptorProto { name: Some("parallelogram"), number: Some(5), label: Some(Optional), r#type: Some(Message), type_name: Some(".area_calculator.Parallelogram"), extendee: None, default_value: None, oneof_index: Some(0), json_name: Some("parallelogram"), options: None, proto3_optional: None }], extension: [], nested_type: [], enum_type: [], extension_range: [], oneof_decl: [OneofDescriptorProto { name: Some("shape"), options: None }], options: None, reserved_range: [], reserved_name: [] }, output_message: DescriptorProto { name: Some("AreaResponse"), field: [FieldDescriptorProto { name: Some("value"), number: Some(1), label: Some(Repeated), r#type: Some(Float), type_name: None, extendee: None, default_value: None, oneof_index: None, json_name: Some("value"), options: None, proto3_optional: None }], extension: [], nested_type: [], enum_type: [], extension_range: [], oneof_decl: [], options: None, reserved_range: [], reserved_name: [] }, server_key: "5cae5f82-fec2-43c6-9739-60d0383d84ec" } ?[3mrequest?[0m?[2m=?[0mDynamicMessage { descriptor: DescriptorProto { name: Some("ShapeMessage"), field: [FieldDescriptorProto { name: Some("square"), number: Some(1), label: Some(Optional), r#type: Some(Message), type_name: Some(".area_calculator.Square"), extendee: None, default_value: None, oneof_index: Some(0), json_name: Some("square"), options: None, proto3_optional: None }, FieldDescriptorProto { name: Some("rectangle"), number: Some(2), label: Some(Optional), r#type: Some(Message), type_name: Some(".area_calculator.Rectangle"), extendee: None, default_value: None, oneof_index: Some(0), json_name: Some("rectangle"), options: None, proto3_optional: None }, FieldDescriptorProto { name: Some("circle"), number: Some(3), label: Some(Optional), r#type: Some(Message), type_name: Some(".area_calculator.Circle"), extendee: None, default_value: None, oneof_index: Some(0), json_name: Some("circle"), options: None, proto3_optional: None }, FieldDescriptorProto { name: Some("triangle"), number: Some(4), label: Some(Optional), r#type: Some(Message), type_name: Some(".area_calculator.Triangle"), extendee: None, default_value: None, oneof_index: Some(0), json_name: Some("triangle"), options: None, proto3_optional: None }, FieldDescriptorProto { name: Some("parallelogram"), number: Some(5), label: Some(Optional), r#type: Some(Message), type_name: Some(".area_calculator.Parallelogram"), extendee: None, default_value: None, oneof_index: Some(0), json_name: Some("parallelogram"), options: None, proto3_optional: None }], extension: [], nested_type: [], enum_type: [], extension_range: [], oneof_decl: [OneofDescriptorProto { name: Some("shape"), options: None }], options: None, reserved_range: [], reserved_name: [] }, fields: [ProtobufField { field_num: 2, wire_type: LengthDelimited, data: Message([13, 0, 0, 64, 64, 21, 0, 0, 128, 64], DescriptorProto { name: Some("Rectangle"), field: [FieldDescriptorProto { name: Some("length"), number: Some(1), label: Some(Optional), r#type: Some(Float), type_name: None, extendee: None, default_value: None, oneof_index: None, json_name: Some("length"), options: None, proto3_optional: None }, FieldDescriptorProto { name: Some("width"), number: Some(2), label: Some(Optional), r#type: Some(Float), type_name: None, extendee: None, default_value: None, oneof_index: None, json_name: Some("width"), options: None, proto3_optional: None }], extension: [], nested_type: [], enum_type: [], extension_range: [], oneof_decl: [], options: None, reserved_range: [], reserved_name: [] }) }] } ?[3mmessage_descriptor?[0m?[2m=?[0mDescriptorProto { name: Some("ShapeMessage"), field: [FieldDescriptorProto { name: Some("square"), number: Some(1), label: Some(Optional), r#type: Some(Message), type_name: Some(".area_calculator.Square"), extendee: None, default_value: None, oneof_index: Some(0), json_name: Some("square"), options: None, proto3_optional: None }, FieldDescriptorProto { name: Some("rectangle"), number: Some(2), label: Some(Optional), r#type: Some(Message), type_name: Some(".area_calculator.Rectangle"), extendee: None, default_value: None, oneof_index: Some(0), json_name: Some("rectangle"), options: None, proto3_optional: None }, FieldDescriptorProto { name: Some("circle"), number: Some(3), label: Some(Optional), r#type: Some(Message), type_name: Some(".area_calculator.Circle"), extendee: None, default_value: None, oneof_index: Some(0), json_name: Some("circle"), options: None, proto3_optional: None }, FieldDescriptorProto { name: Some("triangle"), number: Some(4), label: Some(Optional), r#type: Some(Message), type_name: Some(".area_calculator.Triangle"), extendee: None, default_value: None, oneof_index: Some(0), json_name: Some("triangle"), options: None, proto3_optional: None }, FieldDescriptorProto { name: Some("parallelogram"), number: Some(5), label: Some(Optional), r#type: Some(Message), type_name: Some(".area_calculator.Parallelogram"), extendee: None, default_value: None, oneof_index: Some(0), json_name: Some("parallelogram"), options: None, proto3_optional: None }], extension: [], nested_type: [], enum_type: [], extension_range: [], oneof_decl: [OneofDescriptorProto { name: Some("shape"), options: None }], options: None, reserved_range: [], reserved_name: [] } ?[3mresponse_descriptor?[0m?[2m=?[0mDescriptorProto { name: Some("AreaResponse"), field: [FieldDescriptorProto { name: Some("value"), number: Some(1), label: Some(Repeated), r#type: Some(Float), type_name: None, extendee: None, default_value: None, oneof_index: None, json_name: Some("value"), options: None, proto3_optional: None }], extension: [], nested_type: [], enum_type: [], extension_range: [], oneof_decl: [], options: None, reserved_range: [], reserved_name: [] }?[1m}?[0m?[2m:?[0m ?[2mpact_protobuf_plugin::message_decoder?[0m?[2m:?[0m field_num=2, wire_type=ThirtyTwoBit, bytes remaining = 4
15:05:16.528 [Thread-5] DEBUG i.pact.plugins.jvm.core.ChildProcess - Plugin protobuf [46038] || ?[2m2023-03-27T09:35:16.527244Z?[0m ?[35mTRACE?[0m tokio-runtime-worker ?[1mrequest?[0m?[1m{?[0m?[3mmethod?[0m?[2m=?[0mPOST ?[3muri?[0m?[2m=?[0mhttp://127.0.0.1:53791/area_calculator.Calculator/calculateOne ?[3mversion?[0m?[2m=?[0mHTTP/2.0?[1m}?[0m?[2m:?[0m?[1mcall?[0m?[1m{?[0m?[3mself?[0m?[2m=?[0mGrpcMockServer { pact: V4Pact { consumer: Consumer { name: "grpc-consumer-jvm" }, provider: Provider { name: "area-calculator-provider" }, interactions: [SynchronousMessage { id: None, key: Some("c7fbe3ee"), description: "calculate rectangle area request", provider_states: [], comments: {"testname": String("io.pact.example.grpc.consumer.PactConsumerTest.calculateRectangleArea(MockServer, SynchronousMessages)")}, request: MessageContents { contents: Present(b"\x12\n\r\0\0@@\x15\0\0\x80@", Some(ContentType { main_type: "application", sub_type: "protobuf", attributes: {"message": "ShapeMessage"}, suffix: None }), Some(BINARY)), metadata: {}, matching_rules: MatchingRules { rules: {BODY: MatchingRuleCategory { name: BODY, rules: {DocPath { path_tokens: [Root, Field("rectangle"), Field("length")], expr: "$.rectangle.length" }: RuleList { rules: [Number], rule_logic: And, cascaded: false }, DocPath { path_tokens: [Root, Field("rectangle"), Field("width")], expr: "$.rectangle.width" }: RuleList { rules: [Number], rule_logic: And, cascaded: false }} }} }, generators: Generators { categories: {} } }, response: [MessageContents { contents: Present(b"\r\0\0@A", Some(ContentType { main_type: "application", sub_type: "protobuf", attributes: {"message": "AreaResponse"}, suffix: None }), Some(BINARY)), metadata: {}, matching_rules: MatchingRules { rules: {BODY: MatchingRuleCategory { name: BODY, rules: {DocPath { path_tokens: [Root, Field("value")], expr: "$.value" }: RuleList { rules: [Number], rule_logic: And, cascaded: false }} }} }, generators: Generators { categories: {} } }], pending: false, plugin_config: {"protobuf": {"service": String("Calculator/calculateOne"), "descriptorKey": String("a85dff8f82655a9681aad113575dcfbb")}}, interaction_markup: InteractionMarkup { markup: "```protobuf\nmessage ShapeMessage {\n    message .area_calculator.Rectangle rectangle = 2;\n}\n```\n\n```protobuf\nmessage AreaResponse {\n    float value = 1;\n}\n```\n", markup_type: "COMMON_MARK" }, transport: None }], metadata: {"pact-jvm": Object({"version": String("4.4.2")}), "pactSpecification": Object({"version": String("4.0")})}, plugin_data: [PluginData { name: "protobuf", version: "0.1.5", configuration: {"a85dff8f82655a9681aad113575dcfbb": Object({"protoDescriptors": String("CsoHChVhcmVhX2NhbGN1bGF0b3IucHJvdG8SD2FyZWFfY2FsY3VsYXRvciK6AgoMU2hhcGVNZXNzYWdlEjEKBnNxdWFyZRgBIAEoCzIXLmFyZWFfY2FsY3VsYXRvci5TcXVhcmVIAFIGc3F1YXJlEjoKCXJlY3RhbmdsZRgCIAEoCzIaLmFyZWFfY2FsY3VsYXRvci5SZWN0YW5nbGVIAFIJcmVjdGFuZ2xlEjEKBmNpcmNsZRgDIAEoCzIXLmFyZWFfY2FsY3VsYXRvci5DaXJjbGVIAFIGY2lyY2xlEjcKCHRyaWFuZ2xlGAQgASgLMhkuYXJlYV9jYWxjdWxhdG9yLlRyaWFuZ2xlSABSCHRyaWFuZ2xlEkYKDXBhcmFsbGVsb2dyYW0YBSABKAsyHi5hcmVhX2NhbGN1bGF0b3IuUGFyYWxsZWxvZ3JhbUgAUg1wYXJhbGxlbG9ncmFtQgcKBXNoYXBlIikKBlNxdWFyZRIfCgtlZGdlX2xlbmd0aBgBIAEoAlIKZWRnZUxlbmd0aCI5CglSZWN0YW5nbGUSFgoGbGVuZ3RoGAEgASgCUgZsZW5ndGgSFAoFd2lkdGgYAiABKAJSBXdpZHRoIiAKBkNpcmNsZRIWCgZyYWRpdXMYASABKAJSBnJhZGl1cyJPCghUcmlhbmdsZRIVCgZlZGdlX2EYASABKAJSBWVkZ2VBEhUKBmVkZ2VfYhgCIAEoAlIFZWRnZUISFQoGZWRnZV9jGAMgASgCUgVlZGdlQyJICg1QYXJhbGxlbG9ncmFtEh8KC2Jhc2VfbGVuZ3RoGAEgASgCUgpiYXNlTGVuZ3RoEhYKBmhlaWdodBgCIAEoAlIGaGVpZ2h0IkQKC0FyZWFSZXF1ZXN0EjUKBnNoYXBlcxgBIAMoCzIdLmFyZWFfY2FsY3VsYXRvci5TaGFwZU1lc3NhZ2VSBnNoYXBlcyIkCgxBcmVhUmVzcG9uc2USFAoFdmFsdWUYASADKAJSBXZhbHVlMq0BCgpDYWxjdWxhdG9yEk4KDGNhbGN1bGF0ZU9uZRIdLmFyZWFfY2FsY3VsYXRvci5TaGFwZU1lc3NhZ2UaHS5hcmVhX2NhbGN1bGF0b3IuQXJlYVJlc3BvbnNlIgASTwoOY2FsY3VsYXRlTXVsdGkSHC5hcmVhX2NhbGN1bGF0b3IuQXJlYVJlcXVlc3QaHS5hcmVhX2NhbGN1bGF0b3IuQXJlYVJlc3BvbnNlIgBCHFoXaW8ucGFjdC9hcmVhX2NhbGN1bGF0b3LQAgFiBnByb3RvMw=="), "protoFile": String("syntax = \"proto3\";\n\npackage area_calculator;\n\noption php_generic_services = true;\noption go_package = \"io.pact/area_calculator\";\n\nservice Calculator {\n  rpc calculateOne (ShapeMessage) returns (AreaResponse) {}\n  rpc calculateMulti (AreaRequest) returns (AreaResponse) {}\n}\n\nmessage ShapeMessage {\n  oneof shape {\n    Square square = 1;\n    Rectangle rectangle = 2;\n    Circle circle = 3;\n    Triangle triangle = 4;\n    Parallelogram parallelogram = 5;\n  }\n}\n\nmessage Square {\n  float edge_length = 1;\n}\n\nmessage Rectangle {\n  float length = 1;\n  float width = 2;\n}\n\nmessage Circle {\n  float radius = 1;\n}\n\nmessage Triangle {\n  float edge_a = 1;\n  float edge_b = 2;\n  float edge_c = 3;\n}\n\nmessage Parallelogram {\n  float base_length = 1;\n  float height = 2;\n}\n\nmessage AreaRequest {\n  repeated ShapeMessage shapes = 1;\n}\n\nmessage AreaResponse {\n  repeated float value = 1;\n}\n")})} }] }, plugin_config: PluginData { name: "protobuf", version: "0.1.5", configuration: {"a85dff8f82655a9681aad113575dcfbb": Object({"protoDescriptors": String("CsoHChVhcmVhX2NhbGN1bGF0b3IucHJvdG8SD2FyZWFfY2FsY3VsYXRvciK6AgoMU2hhcGVNZXNzYWdlEjEKBnNxdWFyZRgBIAEoCzIXLmFyZWFfY2FsY3VsYXRvci5TcXVhcmVIAFIGc3F1YXJlEjoKCXJlY3RhbmdsZRgCIAEoCzIaLmFyZWFfY2FsY3VsYXRvci5SZWN0YW5nbGVIAFIJcmVjdGFuZ2xlEjEKBmNpcmNsZRgDIAEoCzIXLmFyZWFfY2FsY3VsYXRvci5DaXJjbGVIAFIGY2lyY2xlEjcKCHRyaWFuZ2xlGAQgASgLMhkuYXJlYV9jYWxjdWxhdG9yLlRyaWFuZ2xlSABSCHRyaWFuZ2xlEkYKDXBhcmFsbGVsb2dyYW0YBSABKAsyHi5hcmVhX2NhbGN1bGF0b3IuUGFyYWxsZWxvZ3JhbUgAUg1wYXJhbGxlbG9ncmFtQgcKBXNoYXBlIikKBlNxdWFyZRIfCgtlZGdlX2xlbmd0aBgBIAEoAlIKZWRnZUxlbmd0aCI5CglSZWN0YW5nbGUSFgoGbGVuZ3RoGAEgASgCUgZsZW5ndGgSFAoFd2lkdGgYAiABKAJSBXdpZHRoIiAKBkNpcmNsZRIWCgZyYWRpdXMYASABKAJSBnJhZGl1cyJPCghUcmlhbmdsZRIVCgZlZGdlX2EYASABKAJSBWVkZ2VBEhUKBmVkZ2VfYhgCIAEoAlIFZWRnZUISFQoGZWRnZV9jGAMgASgCUgVlZGdlQyJICg1QYXJhbGxlbG9ncmFtEh8KC2Jhc2VfbGVuZ3RoGAEgASgCUgpiYXNlTGVuZ3RoEhYKBmhlaWdodBgCIAEoAlIGaGVpZ2h0IkQKC0FyZWFSZXF1ZXN0EjUKBnNoYXBlcxgBIAMoCzIdLmFyZWFfY2FsY3VsYXRvci5TaGFwZU1lc3NhZ2VSBnNoYXBlcyIkCgxBcmVhUmVzcG9uc2USFAoFdmFsdWUYASADKAJSBXZhbHVlMq0BCgpDYWxjdWxhdG9yEk4KDGNhbGN1bGF0ZU9uZRIdLmFyZWFfY2FsY3VsYXRvci5TaGFwZU1lc3NhZ2UaHS5hcmVhX2NhbGN1bGF0b3IuQXJlYVJlc3BvbnNlIgASTwoOY2FsY3VsYXRlTXVsdGkSHC5hcmVhX2NhbGN1bGF0b3IuQXJlYVJlcXVlc3QaHS5hcmVhX2NhbGN1bGF0b3IuQXJlYVJlc3BvbnNlIgBCHFoXaW8ucGFjdC9hcmVhX2NhbGN1bGF0b3LQAgFiBnByb3RvMw=="), "protoFile": String("syntax = \"proto3\";\n\npackage area_calculator;\n\noption php_generic_services = true;\noption go_package = \"io.pact/area_calculator\";\n\nservice Calculator {\n  rpc calculateOne (ShapeMessage) returns (AreaResponse) {}\n  rpc calculateMulti (AreaRequest) returns (AreaResponse) {}\n}\n\nmessage ShapeMessage {\n  oneof shape {\n    Square square = 1;\n    Rectangle rectangle = 2;\n    Circle circle = 3;\n    Triangle triangle = 4;\n    Parallelogram parallelogram = 5;\n  }\n}\n\nmessage Square {\n  float edge_length = 1;\n}\n\nmessage Rectangle {\n  float length = 1;\n  float width = 2;\n}\n\nmessage Circle {\n  float radius = 1;\n}\n\nmessage Triangle {\n  float edge_a = 1;\n  float edge_b = 2;\n  float edge_c = 3;\n}\n\nmessage Parallelogram {\n  float base_length = 1;\n  float height = 2;\n}\n\nmessage AreaRequest {\n  repeated ShapeMessage shapes = 1;\n}\n\nmessage AreaResponse {\n  repeated float value = 1;\n}\n")})} }, descriptors: {"a85dff8f82655a9681aad113575dcfbb": FileDescriptorSet { file: [FileDescriptorProto { name: Some("area_calculator.proto"), package: Some("area_calculator"), dependency: [], public_dependency: [], weak_dependency: [], message_type: [DescriptorProto { name: Some("ShapeMessage"), field: [FieldDescriptorProto { name: Some("square"), number: Some(1), label: Some(Optional), r#type: Some(Message), type_name: Some(".area_calculator.Square"), extendee: None, default_value: None, oneof_index: Some(0), json_name: Some("square"), options: None, proto3_optional: None }, FieldDescriptorProto { name: Some("rectangle"), number: Some(2), label: Some(Optional), r#type: Some(Message), type_name: Some(".area_calculator.Rectangle"), extendee: None, default_value: None, oneof_index: Some(0), json_name: Some("rectangle"), options: None, proto3_optional: None }, FieldDescriptorProto { name: Some("circle"), number: Some(3), label: Some(Optional), r#type: Some(Message), type_name: Some(".area_calculator.Circle"), extendee: None, default_value: None, oneof_index: Some(0), json_name: Some("circle"), options: None, proto3_optional: None }, FieldDescriptorProto { name: Some("triangle"), number: Some(4), label: Some(Optional), r#type: Some(Message), type_name: Some(".area_calculator.Triangle"), extendee: None, default_value: None, oneof_index: Some(0), json_name: Some("triangle"), options: None, proto3_optional: None }, FieldDescriptorProto { name: Some("parallelogram"), number: Some(5), label: Some(Optional), r#type: Some(Message), type_name: Some(".area_calculator.Parallelogram"), extendee: None, default_value: None, oneof_index: Some(0), json_name: Some("parallelogram"), options: None, proto3_optional: None }], extension: [], nested_type: [], enum_type: [], extension_range: [], oneof_decl: [OneofDescriptorProto { name: Some("shape"), options: None }], options: None, reserved_range: [], reserved_name: [] }, DescriptorProto { name: Some("Square"), field: [FieldDescriptorProto { name: Some("edge_length"), number: Some(1), label: Some(Optional), r#type: Some(Float), type_name: None, extendee: None, default_value: None, oneof_index: None, json_name: Some("edgeLength"), options: None, proto3_optional: None }], extension: [], nested_type: [], enum_type: [], extension_range: [], oneof_decl: [], options: None, reserved_range: [], reserved_name: [] }, DescriptorProto { name: Some("Rectangle"), field: [FieldDescriptorProto { name: Some("length"), number: Some(1), label: Some(Optional), r#type: Some(Float), type_name: None, extendee: None, default_value: None, oneof_index: None, json_name: Some("length"), options: None, proto3_optional: None }, FieldDescriptorProto { name: Some("width"), number: Some(2), label: Some(Optional), r#type: Some(Float), type_name: None, extendee: None, default_value: None, oneof_index: None, json_name: Some("width"), options: None, proto3_optional: None }], extension: [], nested_type: [], enum_type: [], extension_range: [], oneof_decl: [], options: None, reserved_range: [], reserved_name: [] }, DescriptorProto { name: Some("Circle"), field: [FieldDescriptorProto { name: Some("radius"), number: Some(1), label: Some(Optional), r#type: Some(Float), type_name: None, extendee: None, default_value: None, oneof_index: None, json_name: Some("radius"), options: None, proto3_optional: None }], extension: [], nested_type: [], enum_type: [], extension_range: [], oneof_decl: [], options: None, reserved_range: [], reserved_name: [] }, DescriptorProto { name: Some("Triangle"), field: [FieldDescriptorProto { name: Some("edge_a"), number: Some(1), label: Some(Optional), r#type: Some(Float), type_name: None, extendee: None, default_value: None, oneof_index: None, json_name: Some("edgeA"), options: None, proto3_optional: None }, FieldDescriptorProto { name: Some("edge_b"), number: Some(2), label: Some(Optional), r#type: Some(Float), type_name: None, extendee: None, default_value: None, oneof_index: None, json_name: Some("edgeB"), options: None, proto3_optional: None }, FieldDescriptorProto { name: Some("edge_c"), number: Some(3), label: Some(Optional), r#type: Some(Float), type_name: None, extendee: None, default_value: None, oneof_index: None, json_name: Some("edgeC"), options: None, proto3_optional: None }], extension: [], nested_type: [], enum_type: [], extension_range: [], oneof_decl: [], options: None, reserved_range: [], reserved_name: [] }, DescriptorProto { name: Some("Parallelogram"), field: [FieldDescriptorProto { name: Some("base_length"), number: Some(1), label: Some(Optional), r#type: Some(Float), type_name: None, extendee: None, default_value: None, oneof_index: None, json_name: Some("baseLength"), options: None, proto3_optional: None }, FieldDescriptorProto { name: Some("height"), number: Some(2), label: Some(Optional), r#type: Some(Float), type_name: None, extendee: None, default_value: None, oneof_index: None, json_name: Some("height"), options: None, proto3_optional: None }], extension: [], nested_type: [], enum_type: [], extension_range: [], oneof_decl: [], options: None, reserved_range: [], reserved_name: [] }, DescriptorProto { name: Some("AreaRequest"), field: [FieldDescriptorProto { name: Some("shapes"), number: Some(1), label: Some(Repeated), r#type: Some(Message), type_name: Some(".area_calculator.ShapeMessage"), extendee: None, default_value: None, oneof_index: None, json_name: Some("shapes"), options: None, proto3_optional: None }], extension: [], nested_type: [], enum_type: [], extension_range: [], oneof_decl: [], options: None, reserved_range: [], reserved_name: [] }, DescriptorProto { name: Some("AreaResponse"), field: [FieldDescriptorProto { name: Some("value"), number: Some(1), label: Some(Repeated), r#type: Some(Float), type_name: None, extendee: None, default_value: None, oneof_index: None, json_name: Some("value"), options: None, proto3_optional: None }], extension: [], nested_type: [], enum_type: [], extension_range: [], oneof_decl: [], options: None, reserved_range: [], reserved_name: [] }], enum_type: [], service: [ServiceDescriptorProto { name: Some("Calculator"), method: [MethodDescriptorProto { name: Some("calculateOne"), input_type: Some(".area_calculator.ShapeMessage"), output_type: Some(".area_calculator.AreaResponse"), options: Some(MethodOptions { deprecated: None, idempotency_level: None, uninterpreted_option: [] }), client_streaming: None, server_streaming: None }, MethodDescriptorProto { name: Some("calculateMulti"), input_type: Some(".area_calculator.AreaRequest"), output_type: Some(".area_calculator.AreaResponse"), options: Some(MethodOptions { deprecated: None, idempotency_level: None, uninterpreted_option: [] }), client_streaming: None, server_streaming: None }], options: None }], extension: [], options: Some(FileOptions { java_package: None, java_outer_classname: None, java_multiple_files: None, java_generate_equals_and_hash: None, java_string_check_utf8: None, optimize_for: None, go_package: Some("io.pact/area_calculator"), cc_generic_services: None, java_generic_services: None, py_generic_services: None, php_generic_services: Some(true), deprecated: None, cc_enable_arenas: None, objc_class_prefix: None, csharp_namespace: None, swift_prefix: None, php_class_prefix: None, php_namespace: None, php_metadata_namespace: None, ruby_package: None, uninterpreted_option: [] }), source_code_info: None, syntax: Some("proto3") }] }}, routes: {"Calculator/calculateOne": (FileDescriptorSet { file: [FileDescriptorProto { name: Some("area_calculator.proto"), package: Some("area_calculator"), dependency: [], public_dependency: [], weak_dependency: [], message_type: [DescriptorProto { name: Some("ShapeMessage"), field: [FieldDescriptorProto { name: Some("square"), number: Some(1), label: Some(Optional), r#type: Some(Message), type_name: Some(".area_calculator.Square"), extendee: None, default_value: None, oneof_index: Some(0), json_name: Some("square"), options: None, proto3_optional: None }, FieldDescriptorProto { name: Some("rectangle"), number: Some(2), label: Some(Optional), r#type: Some(Message), type_name: Some(".area_calculator.Rectangle"), extendee: None, default_value: None, oneof_index: Some(0), json_name: Some("rectangle"), options: None, proto3_optional: None }, FieldDescriptorProto { name: Some("circle"), number: Some(3), label: Some(Optional), r#type: Some(Message), type_name: Some(".area_calculator.Circle"), extendee: None, default_value: None, oneof_index: Some(0), json_name: Some("circle"), options: None, proto3_optional: None }, FieldDescriptorProto { name: Some("triangle"), number: Some(4), label: Some(Optional), r#type: Some(Message), type_name: Some(".area_calculator.Triangle"), extendee: None, default_value: None, oneof_index: Some(0), json_name: Some("triangle"), options: None, proto3_optional: None }, FieldDescriptorProto { name: Some("parallelogram"), number: Some(5), label: Some(Optional), r#type: Some(Message), type_name: Some(".area_calculator.Parallelogram"), extendee: None, default_value: None, oneof_index: Some(0), json_name: Some("parallelogram"), options: None, proto3_optional: None }], extension: [], nested_type: [], enum_type: [], extension_range: [], oneof_decl: [OneofDescriptorProto { name: Some("shape"), options: None }], options: None, reserved_range: [], reserved_name: [] }, DescriptorProto { name: Some("Square"), field: [FieldDescriptorProto { name: Some("edge_length"), number: Some(1), label: Some(Optional), r#type: Some(Float), type_name: None, extendee: None, default_value: None, oneof_index: None, json_name: Some("edgeLength"), options: None, proto3_optional: None }], extension: [], nested_type: [], enum_type: [], extension_range: [], oneof_decl: [], options: None, reserved_range: [], reserved_name: [] }, DescriptorProto { name: Some("Rectangle"), field: [FieldDescriptorProto { name: Some("length"), number: Some(1), label: Some(Optional), r#type: Some(Float), type_name: None, extendee: None, default_value: None, oneof_index: None, json_name: Some("length"), options: None, proto3_optional: None }, FieldDescriptorProto { name: Some("width"), number: Some(2), label: Some(Optional), r#type: Some(Float), type_name: None, extendee: None, default_value: None, oneof_index: None, json_name: Some("width"), options: None, proto3_optional: None }], extension: [], nested_type: [], enum_type: [], extension_range: [], oneof_decl: [], options: None, reserved_range: [], reserved_name: [] }, DescriptorProto { name: Some("Circle"), field: [FieldDescriptorProto { name: Some("radius"), number: Some(1), label: Some(Optional), r#type: Some(Float), type_name: None, extendee: None, default_value: None, oneof_index: None, json_name: Some("radius"), options: None, proto3_optional: None }], extension: [], nested_type: [], enum_type: [], extension_range: [], oneof_decl: [], options: None, reserved_range: [], reserved_name: [] }, DescriptorProto { name: Some("Triangle"), field: [FieldDescriptorProto { name: Some("edge_a"), number: Some(1), label: Some(Optional), r#type: Some(Float), type_name: None, extendee: None, default_value: None, oneof_index: None, json_name: Some("edgeA"), options: None, proto3_optional: None }, FieldDescriptorProto { name: Some("edge_b"), number: Some(2), label: Some(Optional), r#type: Some(Float), type_name: None, extendee: None, default_value: None, oneof_index: None, json_name: Some("edgeB"), options: None, proto3_optional: None }, FieldDescriptorProto { name: Some("edge_c"), number: Some(3), label: Some(Optional), r#type: Some(Float), type_name: None, extendee: None, default_value: None, oneof_index: None, json_name: Some("edgeC"), options: None, proto3_optional: None }], extension: [], nested_type: [], enum_type: [], extension_range: [], oneof_decl: [], options: None, reserved_range: [], reserved_name: [] }, DescriptorProto { name: Some("Parallelogram"), field: [FieldDescriptorProto { name: Some("base_length"), number: Some(1), label: Some(Optional), r#type: Some(Float), type_name: None, extendee: None, default_value: None, oneof_index: None, json_name: Some("baseLength"), options: None, proto3_optional: None }, FieldDescriptorProto { name: Some("height"), number: Some(2), label: Some(Optional), r#type: Some(Float), type_name: None, extendee: None, default_value: None, oneof_index: None, json_name: Some("height"), options: None, proto3_optional: None }], extension: [], nested_type: [], enum_type: [], extension_range: [], oneof_decl: [], options: None, reserved_range: [], reserved_name: [] }, DescriptorProto { name: Some("AreaRequest"), field: [FieldDescriptorProto { name: Some("shapes"), number: Some(1), label: Some(Repeated), r#type: Some(Message), type_name: Some(".area_calculator.ShapeMessage"), extendee: None, default_value: None, oneof_index: None, json_name: Some("shapes"), options: None, proto3_optional: None }], extension: [], nested_type: [], enum_type: [], extension_range: [], oneof_decl: [], options: None, reserved_range: [], reserved_name: [] }, DescriptorProto { name: Some("AreaResponse"), field: [FieldDescriptorProto { name: Some("value"), number: Some(1), label: Some(Repeated), r#type: Some(Float), type_name: None, extendee: None, default_value: None, oneof_index: None, json_name: Some("value"), options: None, proto3_optional: None }], extension: [], nested_type: [], enum_type: [], extension_range: [], oneof_decl: [], options: None, reserved_range: [], reserved_name: [] }], enum_type: [], service: [ServiceDescriptorProto { name: Some("Calculator"), method: [MethodDescriptorProto { name: Some("calculateOne"), input_type: Some(".area_calculator.ShapeMessage"), output_type: Some(".area_calculator.AreaResponse"), options: Some(MethodOptions { deprecated: None, idempotency_level: None, uninterpreted_option: [] }), client_streaming: None, server_streaming: None }, MethodDescriptorProto { name: Some("calculateMulti"), input_type: Some(".area_calculator.AreaRequest"), output_type: Some(".area_calculator.AreaResponse"), options: Some(MethodOptions { deprecated: None, idempotency_level: None, uninterpreted_option: [] }), client_streaming: None, server_streaming: None }], options: None }], extension: [], options: Some(FileOptions { java_package: None, java_outer_classname: None, java_multiple_files: None, java_generate_equals_and_hash: None, java_string_check_utf8: None, optimize_for: None, go_package: Some("io.pact/area_calculator"), cc_generic_services: None, java_generic_services: None, py_generic_services: None, php_generic_services: Some(true), deprecated: None, cc_enable_arenas: None, objc_class_prefix: None, csharp_namespace: None, swift_prefix: None, php_class_prefix: None, php_namespace: None, php_metadata_namespace: None, ruby_package: None, uninterpreted_option: [] }), source_code_info: None, syntax: Some("proto3") }] }, MethodDescriptorProto { name: Some("calculateOne"), input_type: Some(".area_calculator.ShapeMessage"), output_type: Some(".area_calculator.AreaResponse"), options: Some(MethodOptions { deprecated: None, idempotency_level: None, uninterpreted_option: [] }), client_streaming: None, server_streaming: None }, SynchronousMessage { id: None, key: Some("c7fbe3ee"), description: "calculate rectangle area request", provider_states: [], comments: {"testname": String("io.pact.example.grpc.consumer.PactConsumerTest.calculateRectangleArea(MockServer, SynchronousMessages)")}, request: MessageContents { contents: Present(b"\x12\n\r\0\0@@\x15\0\0\x80@", Some(ContentType { main_type: "application", sub_type: "protobuf", attributes: {"message": "ShapeMessage"}, suffix: None }), Some(BINARY)), metadata: {}, matching_rules: MatchingRules { rules: {BODY: MatchingRuleCategory { name: BODY, rules: {DocPath { path_tokens: [Root, Field("rectangle"), Field("length")], expr: "$.rectangle.length" }: RuleList { rules: [Number], rule_logic: And, cascaded: false }, DocPath { path_tokens: [Root, Field("rectangle"), Field("width")], expr: "$.rectangle.width" }: RuleList { rules: [Number], rule_logic: And, cascaded: false }} }} }, generators: Generators { categories: {} } }, response: [MessageContents { contents: Present(b"\r\0\0@A", Some(ContentType { main_type: "application", sub_type: "protobuf", attributes: {"message": "AreaResponse"}, suffix: None }), Some(BINARY)), metadata: {}, matching_rules: MatchingRules { rules: {BODY: MatchingRuleCategory { name: BODY, rules: {DocPath { path_tokens: [Root, Field("value")], expr: "$.value" }: RuleList { rules: [Number], rule_logic: And, cascaded: false }} }} }, generators: Generators { categories: {} } }], pending: false, plugin_config: {"protobuf": {"service": String("Calculator/calculateOne"), "descriptorKey": String("a85dff8f82655a9681aad113575dcfbb")}}, interaction_markup: InteractionMarkup { markup: "```protobuf\nmessage ShapeMessage {\n    message .area_calculator.Rectangle rectangle = 2;\n}\n```\n\n```protobuf\nmessage AreaResponse {\n    float value = 1;\n}\n```\n", markup_type: "COMMON_MARK" }, transport: None })}, server_key: "5cae5f82-fec2-43c6-9739-60d0383d84ec" } ?[3mreq?[0m?[2m=?[0mRequest { method: POST, uri: http://127.0.0.1:53791/area_calculator.Calculator/calculateOne, version: HTTP/2.0, headers: {"content-type": "application/grpc", "te": "trailers", "user-agent": "grpc-java-netty/1.49.0", "grpc-accept-encoding": "gzip"}, body: Body(Streaming) }?[1m}?[0m?[2m:?[0m?[1mmock_server_handler?[0m?[1m{?[0m?[3mkey?[0m?[2m=?[0m"5cae5f82-fec2-43c6-9739-60d0383d84ec"?[1m}?[0m?[2m:?[0m?[1mhandle_message?[0m?[1m{?[0m?[3mself?[0m?[2m=?[0mMockService { file_descriptor_set: FileDescriptorSet { file: [FileDescriptorProto { name: Some("area_calculator.proto"), package: Some("area_calculator"), dependency: [], public_dependency: [], weak_dependency: [], message_type: [DescriptorProto { name: Some("ShapeMessage"), field: [FieldDescriptorProto { name: Some("square"), number: Some(1), label: Some(Optional), r#type: Some(Message), type_name: Some(".area_calculator.Square"), extendee: None, default_value: None, oneof_index: Some(0), json_name: Some("square"), options: None, proto3_optional: None }, FieldDescriptorProto { name: Some("rectangle"), number: Some(2), label: Some(Optional), r#type: Some(Message), type_name: Some(".area_calculator.Rectangle"), extendee: None, default_value: None, oneof_index: Some(0), json_name: Some("rectangle"), options: None, proto3_optional: None }, FieldDescriptorProto { name: Some("circle"), number: Some(3), label: Some(Optional), r#type: Some(Message), type_name: Some(".area_calculator.Circle"), extendee: None, default_value: None, oneof_index: Some(0), json_name: Some("circle"), options: None, proto3_optional: None }, FieldDescriptorProto { name: Some("triangle"), number: Some(4), label: Some(Optional), r#type: Some(Message), type_name: Some(".area_calculator.Triangle"), extendee: None, default_value: None, oneof_index: Some(0), json_name: Some("triangle"), options: None, proto3_optional: None }, FieldDescriptorProto { name: Some("parallelogram"), number: Some(5), label: Some(Optional), r#type: Some(Message), type_name: Some(".area_calculator.Parallelogram"), extendee: None, default_value: None, oneof_index: Some(0), json_name: Some("parallelogram"), options: None, proto3_optional: None }], extension: [], nested_type: [], enum_type: [], extension_range: [], oneof_decl: [OneofDescriptorProto { name: Some("shape"), options: None }], options: None, reserved_range: [], reserved_name: [] }, DescriptorProto { name: Some("Square"), field: [FieldDescriptorProto { name: Some("edge_length"), number: Some(1), label: Some(Optional), r#type: Some(Float), type_name: None, extendee: None, default_value: None, oneof_index: None, json_name: Some("edgeLength"), options: None, proto3_optional: None }], extension: [], nested_type: [], enum_type: [], extension_range: [], oneof_decl: [], options: None, reserved_range: [], reserved_name: [] }, DescriptorProto { name: Some("Rectangle"), field: [FieldDescriptorProto { name: Some("length"), number: Some(1), label: Some(Optional), r#type: Some(Float), type_name: None, extendee: None, default_value: None, oneof_index: None, json_name: Some("length"), options: None, proto3_optional: None }, FieldDescriptorProto { name: Some("width"), number: Some(2), label: Some(Optional), r#type: Some(Float), type_name: None, extendee: None, default_value: None, oneof_index: None, json_name: Some("width"), options: None, proto3_optional: None }], extension: [], nested_type: [], enum_type: [], extension_range: [], oneof_decl: [], options: None, reserved_range: [], reserved_name: [] }, DescriptorProto { name: Some("Circle"), field: [FieldDescriptorProto { name: Some("radius"), number: Some(1), label: Some(Optional), r#type: Some(Float), type_name: None, extendee: None, default_value: None, oneof_index: None, json_name: Some("radius"), options: None, proto3_optional: None }], extension: [], nested_type: [], enum_type: [], extension_range: [], oneof_decl: [], options: None, reserved_range: [], reserved_name: [] }, DescriptorProto { name: Some("Triangle"), field: [FieldDescriptorProto { name: Some("edge_a"), number: Some(1), label: Some(Optional), r#type: Some(Float), type_name: None, extendee: None, default_value: None, oneof_index: None, json_name: Some("edgeA"), options: None, proto3_optional: None }, FieldDescriptorProto { name: Some("edge_b"), number: Some(2), label: Some(Optional), r#type: Some(Float), type_name: None, extendee: None, default_value: None, oneof_index: None, json_name: Some("edgeB"), options: None, proto3_optional: None }, FieldDescriptorProto { name: Some("edge_c"), number: Some(3), label: Some(Optional), r#type: Some(Float), type_name: None, extendee: None, default_value: None, oneof_index: None, json_name: Some("edgeC"), options: None, proto3_optional: None }], extension: [], nested_type: [], enum_type: [], extension_range: [], oneof_decl: [], options: None, reserved_range: [], reserved_name: [] }, DescriptorProto { name: Some("Parallelogram"), field: [FieldDescriptorProto { name: Some("base_length"), number: Some(1), label: Some(Optional), r#type: Some(Float), type_name: None, extendee: None, default_value: None, oneof_index: None, json_name: Some("baseLength"), options: None, proto3_optional: None }, FieldDescriptorProto { name: Some("height"), number: Some(2), label: Some(Optional), r#type: Some(Float), type_name: None, extendee: None, default_value: None, oneof_index: None, json_name: Some("height"), options: None, proto3_optional: None }], extension: [], nested_type: [], enum_type: [], extension_range: [], oneof_decl: [], options: None, reserved_range: [], reserved_name: [] }, DescriptorProto { name: Some("AreaRequest"), field: [FieldDescriptorProto { name: Some("shapes"), number: Some(1), label: Some(Repeated), r#type: Some(Message), type_name: Some(".area_calculator.ShapeMessage"), extendee: None, default_value: None, oneof_index: None, json_name: Some("shapes"), options: None, proto3_optional: None }], extension: [], nested_type: [], enum_type: [], extension_range: [], oneof_decl: [], options: None, reserved_range: [], reserved_name: [] }, DescriptorProto { name: Some("AreaResponse"), field: [FieldDescriptorProto { name: Some("value"), number: Some(1), label: Some(Repeated), r#type: Some(Float), type_name: None, extendee: None, default_value: None, oneof_index: None, json_name: Some("value"), options: None, proto3_optional: None }], extension: [], nested_type: [], enum_type: [], extension_range: [], oneof_decl: [], options: None, reserved_range: [], reserved_name: [] }], enum_type: [], service: [ServiceDescriptorProto { name: Some("Calculator"), method: [MethodDescriptorProto { name: Some("calculateOne"), input_type: Some(".area_calculator.ShapeMessage"), output_type: Some(".area_calculator.AreaResponse"), options: Some(MethodOptions { deprecated: None, idempotency_level: None, uninterpreted_option: [] }), client_streaming: None, server_streaming: None }, MethodDescriptorProto { name: Some("calculateMulti"), input_type: Some(".area_calculator.AreaRequest"), output_type: Some(".area_calculator.AreaResponse"), options: Some(MethodOptions { deprecated: None, idempotency_level: None, uninterpreted_option: [] }), client_streaming: None, server_streaming: None }], options: None }], extension: [], options: Some(FileOptions { java_package: None, java_outer_classname: None, java_multiple_files: None, java_generate_equals_and_hash: None, java_string_check_utf8: None, optimize_for: None, go_package: Some("io.pact/area_calculator"), cc_generic_services: None, java_generic_services: None, py_generic_services: None, php_generic_services: Some(true), deprecated: None, cc_enable_arenas: None, objc_class_prefix: None, csharp_namespace: None, swift_prefix: None, php_class_prefix: None, php_namespace: None, php_metadata_namespace: None, ruby_package: None, uninterpreted_option: [] }), source_code_info: None, syntax: Some("proto3") }] }, service_name: "Calculator", message: SynchronousMessage { id: None, key: Some("c7fbe3ee"), description: "calculate rectangle area request", provider_states: [], comments: {"testname": String("io.pact.example.grpc.consumer.PactConsumerTest.calculateRectangleArea(MockServer, SynchronousMessages)")}, request: MessageContents { contents: Present(b"\x12\n\r\0\0@@\x15\0\0\x80@", Some(ContentType { main_type: "application", sub_type: "protobuf", attributes: {"message": "ShapeMessage"}, suffix: None }), Some(BINARY)), metadata: {}, matching_rules: MatchingRules { rules: {BODY: MatchingRuleCategory { name: BODY, rules: {DocPath { path_tokens: [Root, Field("rectangle"), Field("length")], expr: "$.rectangle.length" }: RuleList { rules: [Number], rule_logic: And, cascaded: false }, DocPath { path_tokens: [Root, Field("rectangle"), Field("width")], expr: "$.rectangle.width" }: RuleList { rules: [Number], rule_logic: And, cascaded: false }} }} }, generators: Generators { categories: {} } }, response: [MessageContents { contents: Present(b"\r\0\0@A", Some(ContentType { main_type: "application", sub_type: "protobuf", attributes: {"message": "AreaResponse"}, suffix: None }), Some(BINARY)), metadata: {}, matching_rules: MatchingRules { rules: {BODY: MatchingRuleCategory { name: BODY, rules: {DocPath { path_tokens: [Root, Field("value")], expr: "$.value" }: RuleList { rules: [Number], rule_logic: And, cascaded: false }} }} }, generators: Generators { categories: {} } }], pending: false, plugin_config: {"protobuf": {"service": String("Calculator/calculateOne"), "descriptorKey": String("a85dff8f82655a9681aad113575dcfbb")}}, interaction_markup: InteractionMarkup { markup: "```protobuf\nmessage ShapeMessage {\n    message .area_calculator.Rectangle rectangle = 2;\n}\n```\n\n```protobuf\nmessage AreaResponse {\n    float value = 1;\n}\n```\n", markup_type: "COMMON_MARK" }, transport: None }, method_descriptor: MethodDescriptorProto { name: Some("calculateOne"), input_type: Some(".area_calculator.ShapeMessage"), output_type: Some(".area_calculator.AreaResponse"), options: Some(MethodOptions { deprecated: None, idempotency_level: None, uninterpreted_option: [] }), client_streaming: None, server_streaming: None }, input_message: DescriptorProto { name: Some("ShapeMessage"), field: [FieldDescriptorProto { name: Some("square"), number: Some(1), label: Some(Optional), r#type: Some(Message), type_name: Some(".area_calculator.Square"), extendee: None, default_value: None, oneof_index: Some(0), json_name: Some("square"), options: None, proto3_optional: None }, FieldDescriptorProto { name: Some("rectangle"), number: Some(2), label: Some(Optional), r#type: Some(Message), type_name: Some(".area_calculator.Rectangle"), extendee: None, default_value: None, oneof_index: Some(0), json_name: Some("rectangle"), options: None, proto3_optional: None }, FieldDescriptorProto { name: Some("circle"), number: Some(3), label: Some(Optional), r#type: Some(Message), type_name: Some(".area_calculator.Circle"), extendee: None, default_value: None, oneof_index: Some(0), json_name: Some("circle"), options: None, proto3_optional: None }, FieldDescriptorProto { name: Some("triangle"), number: Some(4), label: Some(Optional), r#type: Some(Message), type_name: Some(".area_calculator.Triangle"), extendee: None, default_value: None, oneof_index: Some(0), json_name: Some("triangle"), options: None, proto3_optional: None }, FieldDescriptorProto { name: Some("parallelogram"), number: Some(5), label: Some(Optional), r#type: Some(Message), type_name: Some(".area_calculator.Parallelogram"), extendee: None, default_value: None, oneof_index: Some(0), json_name: Some("parallelogram"), options: None, proto3_optional: None }], extension: [], nested_type: [], enum_type: [], extension_range: [], oneof_decl: [OneofDescriptorProto { name: Some("shape"), options: None }], options: None, reserved_range: [], reserved_name: [] }, output_message: DescriptorProto { name: Some("AreaResponse"), field: [FieldDescriptorProto { name: Some("value"), number: Some(1), label: Some(Repeated), r#type: Some(Float), type_name: None, extendee: None, default_value: None, oneof_index: None, json_name: Some("value"), options: None, proto3_optional: None }], extension: [], nested_type: [], enum_type: [], extension_range: [], oneof_decl: [], options: None, reserved_range: [], reserved_name: [] }, server_key: "5cae5f82-fec2-43c6-9739-60d0383d84ec" } ?[3mrequest?[0m?[2m=?[0mDynamicMessage { descriptor: DescriptorProto { name: Some("ShapeMessage"), field: [FieldDescriptorProto { name: Some("square"), number: Some(1), label: Some(Optional), r#type: Some(Message), type_name: Some(".area_calculator.Square"), extendee: None, default_value: None, oneof_index: Some(0), json_name: Some("square"), options: None, proto3_optional: None }, FieldDescriptorProto { name: Some("rectangle"), number: Some(2), label: Some(Optional), r#type: Some(Message), type_name: Some(".area_calculator.Rectangle"), extendee: None, default_value: None, oneof_index: Some(0), json_name: Some("rectangle"), options: None, proto3_optional: None }, FieldDescriptorProto { name: Some("circle"), number: Some(3), label: Some(Optional), r#type: Some(Message), type_name: Some(".area_calculator.Circle"), extendee: None, default_value: None, oneof_index: Some(0), json_name: Some("circle"), options: None, proto3_optional: None }, FieldDescriptorProto { name: Some("triangle"), number: Some(4), label: Some(Optional), r#type: Some(Message), type_name: Some(".area_calculator.Triangle"), extendee: None, default_value: None, oneof_index: Some(0), json_name: Some("triangle"), options: None, proto3_optional: None }, FieldDescriptorProto { name: Some("parallelogram"), number: Some(5), label: Some(Optional), r#type: Some(Message), type_name: Some(".area_calculator.Parallelogram"), extendee: None, default_value: None, oneof_index: Some(0), json_name: Some("parallelogram"), options: None, proto3_optional: None }], extension: [], nested_type: [], enum_type: [], extension_range: [], oneof_decl: [OneofDescriptorProto { name: Some("shape"), options: None }], options: None, reserved_range: [], reserved_name: [] }, fields: [ProtobufField { field_num: 2, wire_type: LengthDelimited, data: Message([13, 0, 0, 64, 64, 21, 0, 0, 128, 64], DescriptorProto { name: Some("Rectangle"), field: [FieldDescriptorProto { name: Some("length"), number: Some(1), label: Some(Optional), r#type: Some(Float), type_name: None, extendee: None, default_value: None, oneof_index: None, json_name: Some("length"), options: None, proto3_optional: None }, FieldDescriptorProto { name: Some("width"), number: Some(2), label: Some(Optional), r#type: Some(Float), type_name: None, extendee: None, default_value: None, oneof_index: None, json_name: Some("width"), options: None, proto3_optional: None }], extension: [], nested_type: [], enum_type: [], extension_range: [], oneof_decl: [], options: None, reserved_range: [], reserved_name: [] }) }] } ?[3mmessage_descriptor?[0m?[2m=?[0mDescriptorProto { name: Some("ShapeMessage"), field: [FieldDescriptorProto { name: Some("square"), number: Some(1), label: Some(Optional), r#type: Some(Message), type_name: Some(".area_calculator.Square"), extendee: None, default_value: None, oneof_index: Some(0), json_name: Some("square"), options: None, proto3_optional: None }, FieldDescriptorProto { name: Some("rectangle"), number: Some(2), label: Some(Optional), r#type: Some(Message), type_name: Some(".area_calculator.Rectangle"), extendee: None, default_value: None, oneof_index: Some(0), json_name: Some("rectangle"), options: None, proto3_optional: None }, FieldDescriptorProto { name: Some("circle"), number: Some(3), label: Some(Optional), r#type: Some(Message), type_name: Some(".area_calculator.Circle"), extendee: None, default_value: None, oneof_index: Some(0), json_name: Some("circle"), options: None, proto3_optional: None }, FieldDescriptorProto { name: Some("triangle"), number: Some(4), label: Some(Optional), r#type: Some(Message), type_name: Some(".area_calculator.Triangle"), extendee: None, default_value: None, oneof_index: Some(0), json_name: Some("triangle"), options: None, proto3_optional: None }, FieldDescriptorProto { name: Some("parallelogram"), number: Some(5), label: Some(Optional), r#type: Some(Message), type_name: Some(".area_calculator.Parallelogram"), extendee: None, default_value: None, oneof_index: Some(0), json_name: Some("parallelogram"), options: None, proto3_optional: None }], extension: [], nested_type: [], enum_type: [], extension_range: [], oneof_decl: [OneofDescriptorProto { name: Some("shape"), options: None }], options: None, reserved_range: [], reserved_name: [] } ?[3mresponse_descriptor?[0m?[2m=?[0mDescriptorProto { name: Some("AreaResponse"), field: [FieldDescriptorProto { name: Some("value"), number: Some(1), label: Some(Repeated), r#type: Some(Float), type_name: None, extendee: None, default_value: None, oneof_index: None, json_name: Some("value"), options: None, proto3_optional: None }], extension: [], nested_type: [], enum_type: [], extension_range: [], oneof_decl: [], options: None, reserved_range: [], reserved_name: [] }?[1m}?[0m?[2m:?[0m ?[2mpact_protobuf_plugin::message_decoder?[0m?[2m:?[0m field_num=1, wire_type=ThirtyTwoBit, bytes remaining = 9
15:05:16.529 [Thread-5] DEBUG i.pact.plugins.jvm.core.ChildProcess - Plugin protobuf [46038] || ?[2m2023-03-27T09:35:16.528035Z?[0m ?[35mTRACE?[0m tokio-runtime-worker ?[1mrequest?[0m?[1m{?[0m?[3mmethod?[0m?[2m=?[0mPOST ?[3muri?[0m?[2m=?[0mhttp://127.0.0.1:53791/area_calculator.Calculator/calculateOne ?[3mversion?[0m?[2m=?[0mHTTP/2.0?[1m}?[0m?[2m:?[0m?[1mcall?[0m?[1m{?[0m?[3mself?[0m?[2m=?[0mGrpcMockServer { pact: V4Pact { consumer: Consumer { name: "grpc-consumer-jvm" }, provider: Provider { name: "area-calculator-provider" }, interactions: [SynchronousMessage { id: None, key: Some("c7fbe3ee"), description: "calculate rectangle area request", provider_states: [], comments: {"testname": String("io.pact.example.grpc.consumer.PactConsumerTest.calculateRectangleArea(MockServer, SynchronousMessages)")}, request: MessageContents { contents: Present(b"\x12\n\r\0\0@@\x15\0\0\x80@", Some(ContentType { main_type: "application", sub_type: "protobuf", attributes: {"message": "ShapeMessage"}, suffix: None }), Some(BINARY)), metadata: {}, matching_rules: MatchingRules { rules: {BODY: MatchingRuleCategory { name: BODY, rules: {DocPath { path_tokens: [Root, Field("rectangle"), Field("length")], expr: "$.rectangle.length" }: RuleList { rules: [Number], rule_logic: And, cascaded: false }, DocPath { path_tokens: [Root, Field("rectangle"), Field("width")], expr: "$.rectangle.width" }: RuleList { rules: [Number], rule_logic: And, cascaded: false }} }} }, generators: Generators { categories: {} } }, response: [MessageContents { contents: Present(b"\r\0\0@A", Some(ContentType { main_type: "application", sub_type: "protobuf", attributes: {"message": "AreaResponse"}, suffix: None }), Some(BINARY)), metadata: {}, matching_rules: MatchingRules { rules: {BODY: MatchingRuleCategory { name: BODY, rules: {DocPath { path_tokens: [Root, Field("value")], expr: "$.value" }: RuleList { rules: [Number], rule_logic: And, cascaded: false }} }} }, generators: Generators { categories: {} } }], pending: false, plugin_config: {"protobuf": {"service": String("Calculator/calculateOne"), "descriptorKey": String("a85dff8f82655a9681aad113575dcfbb")}}, interaction_markup: InteractionMarkup { markup: "```protobuf\nmessage ShapeMessage {\n    message .area_calculator.Rectangle rectangle = 2;\n}\n```\n\n```protobuf\nmessage AreaResponse {\n    float value = 1;\n}\n```\n", markup_type: "COMMON_MARK" }, transport: None }], metadata: {"pact-jvm": Object({"version": String("4.4.2")}), "pactSpecification": Object({"version": String("4.0")})}, plugin_data: [PluginData { name: "protobuf", version: "0.1.5", configuration: {"a85dff8f82655a9681aad113575dcfbb": Object({"protoDescriptors": String("CsoHChVhcmVhX2NhbGN1bGF0b3IucHJvdG8SD2FyZWFfY2FsY3VsYXRvciK6AgoMU2hhcGVNZXNzYWdlEjEKBnNxdWFyZRgBIAEoCzIXLmFyZWFfY2FsY3VsYXRvci5TcXVhcmVIAFIGc3F1YXJlEjoKCXJlY3RhbmdsZRgCIAEoCzIaLmFyZWFfY2FsY3VsYXRvci5SZWN0YW5nbGVIAFIJcmVjdGFuZ2xlEjEKBmNpcmNsZRgDIAEoCzIXLmFyZWFfY2FsY3VsYXRvci5DaXJjbGVIAFIGY2lyY2xlEjcKCHRyaWFuZ2xlGAQgASgLMhkuYXJlYV9jYWxjdWxhdG9yLlRyaWFuZ2xlSABSCHRyaWFuZ2xlEkYKDXBhcmFsbGVsb2dyYW0YBSABKAsyHi5hcmVhX2NhbGN1bGF0b3IuUGFyYWxsZWxvZ3JhbUgAUg1wYXJhbGxlbG9ncmFtQgcKBXNoYXBlIikKBlNxdWFyZRIfCgtlZGdlX2xlbmd0aBgBIAEoAlIKZWRnZUxlbmd0aCI5CglSZWN0YW5nbGUSFgoGbGVuZ3RoGAEgASgCUgZsZW5ndGgSFAoFd2lkdGgYAiABKAJSBXdpZHRoIiAKBkNpcmNsZRIWCgZyYWRpdXMYASABKAJSBnJhZGl1cyJPCghUcmlhbmdsZRIVCgZlZGdlX2EYASABKAJSBWVkZ2VBEhUKBmVkZ2VfYhgCIAEoAlIFZWRnZUISFQoGZWRnZV9jGAMgASgCUgVlZGdlQyJICg1QYXJhbGxlbG9ncmFtEh8KC2Jhc2VfbGVuZ3RoGAEgASgCUgpiYXNlTGVuZ3RoEhYKBmhlaWdodBgCIAEoAlIGaGVpZ2h0IkQKC0FyZWFSZXF1ZXN0EjUKBnNoYXBlcxgBIAMoCzIdLmFyZWFfY2FsY3VsYXRvci5TaGFwZU1lc3NhZ2VSBnNoYXBlcyIkCgxBcmVhUmVzcG9uc2USFAoFdmFsdWUYASADKAJSBXZhbHVlMq0BCgpDYWxjdWxhdG9yEk4KDGNhbGN1bGF0ZU9uZRIdLmFyZWFfY2FsY3VsYXRvci5TaGFwZU1lc3NhZ2UaHS5hcmVhX2NhbGN1bGF0b3IuQXJlYVJlc3BvbnNlIgASTwoOY2FsY3VsYXRlTXVsdGkSHC5hcmVhX2NhbGN1bGF0b3IuQXJlYVJlcXVlc3QaHS5hcmVhX2NhbGN1bGF0b3IuQXJlYVJlc3BvbnNlIgBCHFoXaW8ucGFjdC9hcmVhX2NhbGN1bGF0b3LQAgFiBnByb3RvMw=="), "protoFile": String("syntax = \"proto3\";\n\npackage area_calculator;\n\noption php_generic_services = true;\noption go_package = \"io.pact/area_calculator\";\n\nservice Calculator {\n  rpc calculateOne (ShapeMessage) returns (AreaResponse) {}\n  rpc calculateMulti (AreaRequest) returns (AreaResponse) {}\n}\n\nmessage ShapeMessage {\n  oneof shape {\n    Square square = 1;\n    Rectangle rectangle = 2;\n    Circle circle = 3;\n    Triangle triangle = 4;\n    Parallelogram parallelogram = 5;\n  }\n}\n\nmessage Square {\n  float edge_length = 1;\n}\n\nmessage Rectangle {\n  float length = 1;\n  float width = 2;\n}\n\nmessage Circle {\n  float radius = 1;\n}\n\nmessage Triangle {\n  float edge_a = 1;\n  float edge_b = 2;\n  float edge_c = 3;\n}\n\nmessage Parallelogram {\n  float base_length = 1;\n  float height = 2;\n}\n\nmessage AreaRequest {\n  repeated ShapeMessage shapes = 1;\n}\n\nmessage AreaResponse {\n  repeated float value = 1;\n}\n")})} }] }, plugin_config: PluginData { name: "protobuf", version: "0.1.5", configuration: {"a85dff8f82655a9681aad113575dcfbb": Object({"protoDescriptors": String("CsoHChVhcmVhX2NhbGN1bGF0b3IucHJvdG8SD2FyZWFfY2FsY3VsYXRvciK6AgoMU2hhcGVNZXNzYWdlEjEKBnNxdWFyZRgBIAEoCzIXLmFyZWFfY2FsY3VsYXRvci5TcXVhcmVIAFIGc3F1YXJlEjoKCXJlY3RhbmdsZRgCIAEoCzIaLmFyZWFfY2FsY3VsYXRvci5SZWN0YW5nbGVIAFIJcmVjdGFuZ2xlEjEKBmNpcmNsZRgDIAEoCzIXLmFyZWFfY2FsY3VsYXRvci5DaXJjbGVIAFIGY2lyY2xlEjcKCHRyaWFuZ2xlGAQgASgLMhkuYXJlYV9jYWxjdWxhdG9yLlRyaWFuZ2xlSABSCHRyaWFuZ2xlEkYKDXBhcmFsbGVsb2dyYW0YBSABKAsyHi5hcmVhX2NhbGN1bGF0b3IuUGFyYWxsZWxvZ3JhbUgAUg1wYXJhbGxlbG9ncmFtQgcKBXNoYXBlIikKBlNxdWFyZRIfCgtlZGdlX2xlbmd0aBgBIAEoAlIKZWRnZUxlbmd0aCI5CglSZWN0YW5nbGUSFgoGbGVuZ3RoGAEgASgCUgZsZW5ndGgSFAoFd2lkdGgYAiABKAJSBXdpZHRoIiAKBkNpcmNsZRIWCgZyYWRpdXMYASABKAJSBnJhZGl1cyJPCghUcmlhbmdsZRIVCgZlZGdlX2EYASABKAJSBWVkZ2VBEhUKBmVkZ2VfYhgCIAEoAlIFZWRnZUISFQoGZWRnZV9jGAMgASgCUgVlZGdlQyJICg1QYXJhbGxlbG9ncmFtEh8KC2Jhc2VfbGVuZ3RoGAEgASgCUgpiYXNlTGVuZ3RoEhYKBmhlaWdodBgCIAEoAlIGaGVpZ2h0IkQKC0FyZWFSZXF1ZXN0EjUKBnNoYXBlcxgBIAMoCzIdLmFyZWFfY2FsY3VsYXRvci5TaGFwZU1lc3NhZ2VSBnNoYXBlcyIkCgxBcmVhUmVzcG9uc2USFAoFdmFsdWUYASADKAJSBXZhbHVlMq0BCgpDYWxjdWxhdG9yEk4KDGNhbGN1bGF0ZU9uZRIdLmFyZWFfY2FsY3VsYXRvci5TaGFwZU1lc3NhZ2UaHS5hcmVhX2NhbGN1bGF0b3IuQXJlYVJlc3BvbnNlIgASTwoOY2FsY3VsYXRlTXVsdGkSHC5hcmVhX2NhbGN1bGF0b3IuQXJlYVJlcXVlc3QaHS5hcmVhX2NhbGN1bGF0b3IuQXJlYVJlc3BvbnNlIgBCHFoXaW8ucGFjdC9hcmVhX2NhbGN1bGF0b3LQAgFiBnByb3RvMw=="), "protoFile": String("syntax = \"proto3\";\n\npackage area_calculator;\n\noption php_generic_services = true;\noption go_package = \"io.pact/area_calculator\";\n\nservice Calculator {\n  rpc calculateOne (ShapeMessage) returns (AreaResponse) {}\n  rpc calculateMulti (AreaRequest) returns (AreaResponse) {}\n}\n\nmessage ShapeMessage {\n  oneof shape {\n    Square square = 1;\n    Rectangle rectangle = 2;\n    Circle circle = 3;\n    Triangle triangle = 4;\n    Parallelogram parallelogram = 5;\n  }\n}\n\nmessage Square {\n  float edge_length = 1;\n}\n\nmessage Rectangle {\n  float length = 1;\n  float width = 2;\n}\n\nmessage Circle {\n  float radius = 1;\n}\n\nmessage Triangle {\n  float edge_a = 1;\n  float edge_b = 2;\n  float edge_c = 3;\n}\n\nmessage Parallelogram {\n  float base_length = 1;\n  float height = 2;\n}\n\nmessage AreaRequest {\n  repeated ShapeMessage shapes = 1;\n}\n\nmessage AreaResponse {\n  repeated float value = 1;\n}\n")})} }, descriptors: {"a85dff8f82655a9681aad113575dcfbb": FileDescriptorSet { file: [FileDescriptorProto { name: Some("area_calculator.proto"), package: Some("area_calculator"), dependency: [], public_dependency: [], weak_dependency: [], message_type: [DescriptorProto { name: Some("ShapeMessage"), field: [FieldDescriptorProto { name: Some("square"), number: Some(1), label: Some(Optional), r#type: Some(Message), type_name: Some(".area_calculator.Square"), extendee: None, default_value: None, oneof_index: Some(0), json_name: Some("square"), options: None, proto3_optional: None }, FieldDescriptorProto { name: Some("rectangle"), number: Some(2), label: Some(Optional), r#type: Some(Message), type_name: Some(".area_calculator.Rectangle"), extendee: None, default_value: None, oneof_index: Some(0), json_name: Some("rectangle"), options: None, proto3_optional: None }, FieldDescriptorProto { name: Some("circle"), number: Some(3), label: Some(Optional), r#type: Some(Message), type_name: Some(".area_calculator.Circle"), extendee: None, default_value: None, oneof_index: Some(0), json_name: Some("circle"), options: None, proto3_optional: None }, FieldDescriptorProto { name: Some("triangle"), number: Some(4), label: Some(Optional), r#type: Some(Message), type_name: Some(".area_calculator.Triangle"), extendee: None, default_value: None, oneof_index: Some(0), json_name: Some("triangle"), options: None, proto3_optional: None }, FieldDescriptorProto { name: Some("parallelogram"), number: Some(5), label: Some(Optional), r#type: Some(Message), type_name: Some(".area_calculator.Parallelogram"), extendee: None, default_value: None, oneof_index: Some(0), json_name: Some("parallelogram"), options: None, proto3_optional: None }], extension: [], nested_type: [], enum_type: [], extension_range: [], oneof_decl: [OneofDescriptorProto { name: Some("shape"), options: None }], options: None, reserved_range: [], reserved_name: [] }, DescriptorProto { name: Some("Square"), field: [FieldDescriptorProto { name: Some("edge_length"), number: Some(1), label: Some(Optional), r#type: Some(Float), type_name: None, extendee: None, default_value: None, oneof_index: None, json_name: Some("edgeLength"), options: None, proto3_optional: None }], extension: [], nested_type: [], enum_type: [], extension_range: [], oneof_decl: [], options: None, reserved_range: [], reserved_name: [] }, DescriptorProto { name: Some("Rectangle"), field: [FieldDescriptorProto { name: Some("length"), number: Some(1), label: Some(Optional), r#type: Some(Float), type_name: None, extendee: None, default_value: None, oneof_index: None, json_name: Some("length"), options: None, proto3_optional: None }, FieldDescriptorProto { name: Some("width"), number: Some(2), label: Some(Optional), r#type: Some(Float), type_name: None, extendee: None, default_value: None, oneof_index: None, json_name: Some("width"), options: None, proto3_optional: None }], extension: [], nested_type: [], enum_type: [], extension_range: [], oneof_decl: [], options: None, reserved_range: [], reserved_name: [] }, DescriptorProto { name: Some("Circle"), field: [FieldDescriptorProto { name: Some("radius"), number: Some(1), label: Some(Optional), r#type: Some(Float), type_name: None, extendee: None, default_value: None, oneof_index: None, json_name: Some("radius"), options: None, proto3_optional: None }], extension: [], nested_type: [], enum_type: [], extension_range: [], oneof_decl: [], options: None, reserved_range: [], reserved_name: [] }, DescriptorProto { name: Some("Triangle"), field: [FieldDescriptorProto { name: Some("edge_a"), number: Some(1), label: Some(Optional), r#type: Some(Float), type_name: None, extendee: None, default_value: None, oneof_index: None, json_name: Some("edgeA"), options: None, proto3_optional: None }, FieldDescriptorProto { name: Some("edge_b"), number: Some(2), label: Some(Optional), r#type: Some(Float), type_name: None, extendee: None, default_value: None, oneof_index: None, json_name: Some("edgeB"), options: None, proto3_optional: None }, FieldDescriptorProto { name: Some("edge_c"), number: Some(3), label: Some(Optional), r#type: Some(Float), type_name: None, extendee: None, default_value: None, oneof_index: None, json_name: Some("edgeC"), options: None, proto3_optional: None }], extension: [], nested_type: [], enum_type: [], extension_range: [], oneof_decl: [], options: None, reserved_range: [], reserved_name: [] }, DescriptorProto { name: Some("Parallelogram"), field: [FieldDescriptorProto { name: Some("base_length"), number: Some(1), label: Some(Optional), r#type: Some(Float), type_name: None, extendee: None, default_value: None, oneof_index: None, json_name: Some("baseLength"), options: None, proto3_optional: None }, FieldDescriptorProto { name: Some("height"), number: Some(2), label: Some(Optional), r#type: Some(Float), type_name: None, extendee: None, default_value: None, oneof_index: None, json_name: Some("height"), options: None, proto3_optional: None }], extension: [], nested_type: [], enum_type: [], extension_range: [], oneof_decl: [], options: None, reserved_range: [], reserved_name: [] }, DescriptorProto { name: Some("AreaRequest"), field: [FieldDescriptorProto { name: Some("shapes"), number: Some(1), label: Some(Repeated), r#type: Some(Message), type_name: Some(".area_calculator.ShapeMessage"), extendee: None, default_value: None, oneof_index: None, json_name: Some("shapes"), options: None, proto3_optional: None }], extension: [], nested_type: [], enum_type: [], extension_range: [], oneof_decl: [], options: None, reserved_range: [], reserved_name: [] }, DescriptorProto { name: Some("AreaResponse"), field: [FieldDescriptorProto { name: Some("value"), number: Some(1), label: Some(Repeated), r#type: Some(Float), type_name: None, extendee: None, default_value: None, oneof_index: None, json_name: Some("value"), options: None, proto3_optional: None }], extension: [], nested_type: [], enum_type: [], extension_range: [], oneof_decl: [], options: None, reserved_range: [], reserved_name: [] }], enum_type: [], service: [ServiceDescriptorProto { name: Some("Calculator"), method: [MethodDescriptorProto { name: Some("calculateOne"), input_type: Some(".area_calculator.ShapeMessage"), output_type: Some(".area_calculator.AreaResponse"), options: Some(MethodOptions { deprecated: None, idempotency_level: None, uninterpreted_option: [] }), client_streaming: None, server_streaming: None }, MethodDescriptorProto { name: Some("calculateMulti"), input_type: Some(".area_calculator.AreaRequest"), output_type: Some(".area_calculator.AreaResponse"), options: Some(MethodOptions { deprecated: None, idempotency_level: None, uninterpreted_option: [] }), client_streaming: None, server_streaming: None }], options: None }], extension: [], options: Some(FileOptions { java_package: None, java_outer_classname: None, java_multiple_files: None, java_generate_equals_and_hash: None, java_string_check_utf8: None, optimize_for: None, go_package: Some("io.pact/area_calculator"), cc_generic_services: None, java_generic_services: None, py_generic_services: None, php_generic_services: Some(true), deprecated: None, cc_enable_arenas: None, objc_class_prefix: None, csharp_namespace: None, swift_prefix: None, php_class_prefix: None, php_namespace: None, php_metadata_namespace: None, ruby_package: None, uninterpreted_option: [] }), source_code_info: None, syntax: Some("proto3") }] }}, routes: {"Calculator/calculateOne": (FileDescriptorSet { file: [FileDescriptorProto { name: Some("area_calculator.proto"), package: Some("area_calculator"), dependency: [], public_dependency: [], weak_dependency: [], message_type: [DescriptorProto { name: Some("ShapeMessage"), field: [FieldDescriptorProto { name: Some("square"), number: Some(1), label: Some(Optional), r#type: Some(Message), type_name: Some(".area_calculator.Square"), extendee: None, default_value: None, oneof_index: Some(0), json_name: Some("square"), options: None, proto3_optional: None }, FieldDescriptorProto { name: Some("rectangle"), number: Some(2), label: Some(Optional), r#type: Some(Message), type_name: Some(".area_calculator.Rectangle"), extendee: None, default_value: None, oneof_index: Some(0), json_name: Some("rectangle"), options: None, proto3_optional: None }, FieldDescriptorProto { name: Some("circle"), number: Some(3), label: Some(Optional), r#type: Some(Message), type_name: Some(".area_calculator.Circle"), extendee: None, default_value: None, oneof_index: Some(0), json_name: Some("circle"), options: None, proto3_optional: None }, FieldDescriptorProto { name: Some("triangle"), number: Some(4), label: Some(Optional), r#type: Some(Message), type_name: Some(".area_calculator.Triangle"), extendee: None, default_value: None, oneof_index: Some(0), json_name: Some("triangle"), options: None, proto3_optional: None }, FieldDescriptorProto { name: Some("parallelogram"), number: Some(5), label: Some(Optional), r#type: Some(Message), type_name: Some(".area_calculator.Parallelogram"), extendee: None, default_value: None, oneof_index: Some(0), json_name: Some("parallelogram"), options: None, proto3_optional: None }], extension: [], nested_type: [], enum_type: [], extension_range: [], oneof_decl: [OneofDescriptorProto { name: Some("shape"), options: None }], options: None, reserved_range: [], reserved_name: [] }, DescriptorProto { name: Some("Square"), field: [FieldDescriptorProto { name: Some("edge_length"), number: Some(1), label: Some(Optional), r#type: Some(Float), type_name: None, extendee: None, default_value: None, oneof_index: None, json_name: Some("edgeLength"), options: None, proto3_optional: None }], extension: [], nested_type: [], enum_type: [], extension_range: [], oneof_decl: [], options: None, reserved_range: [], reserved_name: [] }, DescriptorProto { name: Some("Rectangle"), field: [FieldDescriptorProto { name: Some("length"), number: Some(1), label: Some(Optional), r#type: Some(Float), type_name: None, extendee: None, default_value: None, oneof_index: None, json_name: Some("length"), options: None, proto3_optional: None }, FieldDescriptorProto { name: Some("width"), number: Some(2), label: Some(Optional), r#type: Some(Float), type_name: None, extendee: None, default_value: None, oneof_index: None, json_name: Some("width"), options: None, proto3_optional: None }], extension: [], nested_type: [], enum_type: [], extension_range: [], oneof_decl: [], options: None, reserved_range: [], reserved_name: [] }, DescriptorProto { name: Some("Circle"), field: [FieldDescriptorProto { name: Some("radius"), number: Some(1), label: Some(Optional), r#type: Some(Float), type_name: None, extendee: None, default_value: None, oneof_index: None, json_name: Some("radius"), options: None, proto3_optional: None }], extension: [], nested_type: [], enum_type: [], extension_range: [], oneof_decl: [], options: None, reserved_range: [], reserved_name: [] }, DescriptorProto { name: Some("Triangle"), field: [FieldDescriptorProto { name: Some("edge_a"), number: Some(1), label: Some(Optional), r#type: Some(Float), type_name: None, extendee: None, default_value: None, oneof_index: None, json_name: Some("edgeA"), options: None, proto3_optional: None }, FieldDescriptorProto { name: Some("edge_b"), number: Some(2), label: Some(Optional), r#type: Some(Float), type_name: None, extendee: None, default_value: None, oneof_index: None, json_name: Some("edgeB"), options: None, proto3_optional: None }, FieldDescriptorProto { name: Some("edge_c"), number: Some(3), label: Some(Optional), r#type: Some(Float), type_name: None, extendee: None, default_value: None, oneof_index: None, json_name: Some("edgeC"), options: None, proto3_optional: None }], extension: [], nested_type: [], enum_type: [], extension_range: [], oneof_decl: [], options: None, reserved_range: [], reserved_name: [] }, DescriptorProto { name: Some("Parallelogram"), field: [FieldDescriptorProto { name: Some("base_length"), number: Some(1), label: Some(Optional), r#type: Some(Float), type_name: None, extendee: None, default_value: None, oneof_index: None, json_name: Some("baseLength"), options: None, proto3_optional: None }, FieldDescriptorProto { name: Some("height"), number: Some(2), label: Some(Optional), r#type: Some(Float), type_name: None, extendee: None, default_value: None, oneof_index: None, json_name: Some("height"), options: None, proto3_optional: None }], extension: [], nested_type: [], enum_type: [], extension_range: [], oneof_decl: [], options: None, reserved_range: [], reserved_name: [] }, DescriptorProto { name: Some("AreaRequest"), field: [FieldDescriptorProto { name: Some("shapes"), number: Some(1), label: Some(Repeated), r#type: Some(Message), type_name: Some(".area_calculator.ShapeMessage"), extendee: None, default_value: None, oneof_index: None, json_name: Some("shapes"), options: None, proto3_optional: None }], extension: [], nested_type: [], enum_type: [], extension_range: [], oneof_decl: [], options: None, reserved_range: [], reserved_name: [] }, DescriptorProto { name: Some("AreaResponse"), field: [FieldDescriptorProto { name: Some("value"), number: Some(1), label: Some(Repeated), r#type: Some(Float), type_name: None, extendee: None, default_value: None, oneof_index: None, json_name: Some("value"), options: None, proto3_optional: None }], extension: [], nested_type: [], enum_type: [], extension_range: [], oneof_decl: [], options: None, reserved_range: [], reserved_name: [] }], enum_type: [], service: [ServiceDescriptorProto { name: Some("Calculator"), method: [MethodDescriptorProto { name: Some("calculateOne"), input_type: Some(".area_calculator.ShapeMessage"), output_type: Some(".area_calculator.AreaResponse"), options: Some(MethodOptions { deprecated: None, idempotency_level: None, uninterpreted_option: [] }), client_streaming: None, server_streaming: None }, MethodDescriptorProto { name: Some("calculateMulti"), input_type: Some(".area_calculator.AreaRequest"), output_type: Some(".area_calculator.AreaResponse"), options: Some(MethodOptions { deprecated: None, idempotency_level: None, uninterpreted_option: [] }), client_streaming: None, server_streaming: None }], options: None }], extension: [], options: Some(FileOptions { java_package: None, java_outer_classname: None, java_multiple_files: None, java_generate_equals_and_hash: None, java_string_check_utf8: None, optimize_for: None, go_package: Some("io.pact/area_calculator"), cc_generic_services: None, java_generic_services: None, py_generic_services: None, php_generic_services: Some(true), deprecated: None, cc_enable_arenas: None, objc_class_prefix: None, csharp_namespace: None, swift_prefix: None, php_class_prefix: None, php_namespace: None, php_metadata_namespace: None, ruby_package: None, uninterpreted_option: [] }), source_code_info: None, syntax: Some("proto3") }] }, MethodDescriptorProto { name: Some("calculateOne"), input_type: Some(".area_calculator.ShapeMessage"), output_type: Some(".area_calculator.AreaResponse"), options: Some(MethodOptions { deprecated: None, idempotency_level: None, uninterpreted_option: [] }), client_streaming: None, server_streaming: None }, SynchronousMessage { id: None, key: Some("c7fbe3ee"), description: "calculate rectangle area request", provider_states: [], comments: {"testname": String("io.pact.example.grpc.consumer.PactConsumerTest.calculateRectangleArea(MockServer, SynchronousMessages)")}, request: MessageContents { contents: Present(b"\x12\n\r\0\0@@\x15\0\0\x80@", Some(ContentType { main_type: "application", sub_type: "protobuf", attributes: {"message": "ShapeMessage"}, suffix: None }), Some(BINARY)), metadata: {}, matching_rules: MatchingRules { rules: {BODY: MatchingRuleCategory { name: BODY, rules: {DocPath { path_tokens: [Root, Field("rectangle"), Field("length")], expr: "$.rectangle.length" }: RuleList { rules: [Number], rule_logic: And, cascaded: false }, DocPath { path_tokens: [Root, Field("rectangle"), Field("width")], expr: "$.rectangle.width" }: RuleList { rules: [Number], rule_logic: And, cascaded: false }} }} }, generators: Generators { categories: {} } }, response: [MessageContents { contents: Present(b"\r\0\0@A", Some(ContentType { main_type: "application", sub_type: "protobuf", attributes: {"message": "AreaResponse"}, suffix: None }), Some(BINARY)), metadata: {}, matching_rules: MatchingRules { rules: {BODY: MatchingRuleCategory { name: BODY, rules: {DocPath { path_tokens: [Root, Field("value")], expr: "$.value" }: RuleList { rules: [Number], rule_logic: And, cascaded: false }} }} }, generators: Generators { categories: {} } }], pending: false, plugin_config: {"protobuf": {"service": String("Calculator/calculateOne"), "descriptorKey": String("a85dff8f82655a9681aad113575dcfbb")}}, interaction_markup: InteractionMarkup { markup: "```protobuf\nmessage ShapeMessage {\n    message .area_calculator.Rectangle rectangle = 2;\n}\n```\n\n```protobuf\nmessage AreaResponse {\n    float value = 1;\n}\n```\n", markup_type: "COMMON_MARK" }, transport: None })}, server_key: "5cae5f82-fec2-43c6-9739-60d0383d84ec" } ?[3mreq?[0m?[2m=?[0mRequest { method: POST, uri: http://127.0.0.1:53791/area_calculator.Calculator/calculateOne, version: HTTP/2.0, headers: {"content-type": "application/grpc", "te": "trailers", "user-agent": "grpc-java-netty/1.49.0", "grpc-accept-encoding": "gzip"}, body: Body(Streaming) }?[1m}?[0m?[2m:?[0m?[1mmock_server_handler?[0m?[1m{?[0m?[3mkey?[0m?[2m=?[0m"5cae5f82-fec2-43c6-9739-60d0383d84ec"?[1m}?[0m?[2m:?[0m?[1mhandle_message?[0m?[1m{?[0m?[3mself?[0m?[2m=?[0mMockService { file_descriptor_set: FileDescriptorSet { file: [FileDescriptorProto { name: Some("area_calculator.proto"), package: Some("area_calculator"), dependency: [], public_dependency: [], weak_dependency: [], message_type: [DescriptorProto { name: Some("ShapeMessage"), field: [FieldDescriptorProto { name: Some("square"), number: Some(1), label: Some(Optional), r#type: Some(Message), type_name: Some(".area_calculator.Square"), extendee: None, default_value: None, oneof_index: Some(0), json_name: Some("square"), options: None, proto3_optional: None }, FieldDescriptorProto { name: Some("rectangle"), number: Some(2), label: Some(Optional), r#type: Some(Message), type_name: Some(".area_calculator.Rectangle"), extendee: None, default_value: None, oneof_index: Some(0), json_name: Some("rectangle"), options: None, proto3_optional: None }, FieldDescriptorProto { name: Some("circle"), number: Some(3), label: Some(Optional), r#type: Some(Message), type_name: Some(".area_calculator.Circle"), extendee: None, default_value: None, oneof_index: Some(0), json_name: Some("circle"), options: None, proto3_optional: None }, FieldDescriptorProto { name: Some("triangle"), number: Some(4), label: Some(Optional), r#type: Some(Message), type_name: Some(".area_calculator.Triangle"), extendee: None, default_value: None, oneof_index: Some(0), json_name: Some("triangle"), options: None, proto3_optional: None }, FieldDescriptorProto { name: Some("parallelogram"), number: Some(5), label: Some(Optional), r#type: Some(Message), type_name: Some(".area_calculator.Parallelogram"), extendee: None, default_value: None, oneof_index: Some(0), json_name: Some("parallelogram"), options: None, proto3_optional: None }], extension: [], nested_type: [], enum_type: [], extension_range: [], oneof_decl: [OneofDescriptorProto { name: Some("shape"), options: None }], options: None, reserved_range: [], reserved_name: [] }, DescriptorProto { name: Some("Square"), field: [FieldDescriptorProto { name: Some("edge_length"), number: Some(1), label: Some(Optional), r#type: Some(Float), type_name: None, extendee: None, default_value: None, oneof_index: None, json_name: Some("edgeLength"), options: None, proto3_optional: None }], extension: [], nested_type: [], enum_type: [], extension_range: [], oneof_decl: [], options: None, reserved_range: [], reserved_name: [] }, DescriptorProto { name: Some("Rectangle"), field: [FieldDescriptorProto { name: Some("length"), number: Some(1), label: Some(Optional), r#type: Some(Float), type_name: None, extendee: None, default_value: None, oneof_index: None, json_name: Some("length"), options: None, proto3_optional: None }, FieldDescriptorProto { name: Some("width"), number: Some(2), label: Some(Optional), r#type: Some(Float), type_name: None, extendee: None, default_value: None, oneof_index: None, json_name: Some("width"), options: None, proto3_optional: None }], extension: [], nested_type: [], enum_type: [], extension_range: [], oneof_decl: [], options: None, reserved_range: [], reserved_name: [] }, DescriptorProto { name: Some("Circle"), field: [FieldDescriptorProto { name: Some("radius"), number: Some(1), label: Some(Optional), r#type: Some(Float), type_name: None, extendee: None, default_value: None, oneof_index: None, json_name: Some("radius"), options: None, proto3_optional: None }], extension: [], nested_type: [], enum_type: [], extension_range: [], oneof_decl: [], options: None, reserved_range: [], reserved_name: [] }, DescriptorProto { name: Some("Triangle"), field: [FieldDescriptorProto { name: Some("edge_a"), number: Some(1), label: Some(Optional), r#type: Some(Float), type_name: None, extendee: None, default_value: None, oneof_index: None, json_name: Some("edgeA"), options: None, proto3_optional: None }, FieldDescriptorProto { name: Some("edge_b"), number: Some(2), label: Some(Optional), r#type: Some(Float), type_name: None, extendee: None, default_value: None, oneof_index: None, json_name: Some("edgeB"), options: None, proto3_optional: None }, FieldDescriptorProto { name: Some("edge_c"), number: Some(3), label: Some(Optional), r#type: Some(Float), type_name: None, extendee: None, default_value: None, oneof_index: None, json_name: Some("edgeC"), options: None, proto3_optional: None }], extension: [], nested_type: [], enum_type: [], extension_range: [], oneof_decl: [], options: None, reserved_range: [], reserved_name: [] }, DescriptorProto { name: Some("Parallelogram"), field: [FieldDescriptorProto { name: Some("base_length"), number: Some(1), label: Some(Optional), r#type: Some(Float), type_name: None, extendee: None, default_value: None, oneof_index: None, json_name: Some("baseLength"), options: None, proto3_optional: None }, FieldDescriptorProto { name: Some("height"), number: Some(2), label: Some(Optional), r#type: Some(Float), type_name: None, extendee: None, default_value: None, oneof_index: None, json_name: Some("height"), options: None, proto3_optional: None }], extension: [], nested_type: [], enum_type: [], extension_range: [], oneof_decl: [], options: None, reserved_range: [], reserved_name: [] }, DescriptorProto { name: Some("AreaRequest"), field: [FieldDescriptorProto { name: Some("shapes"), number: Some(1), label: Some(Repeated), r#type: Some(Message), type_name: Some(".area_calculator.ShapeMessage"), extendee: None, default_value: None, oneof_index: None, json_name: Some("shapes"), options: None, proto3_optional: None }], extension: [], nested_type: [], enum_type: [], extension_range: [], oneof_decl: [], options: None, reserved_range: [], reserved_name: [] }, DescriptorProto { name: Some("AreaResponse"), field: [FieldDescriptorProto { name: Some("value"), number: Some(1), label: Some(Repeated), r#type: Some(Float), type_name: None, extendee: None, default_value: None, oneof_index: None, json_name: Some("value"), options: None, proto3_optional: None }], extension: [], nested_type: [], enum_type: [], extension_range: [], oneof_decl: [], options: None, reserved_range: [], reserved_name: [] }], enum_type: [], service: [ServiceDescriptorProto { name: Some("Calculator"), method: [MethodDescriptorProto { name: Some("calculateOne"), input_type: Some(".area_calculator.ShapeMessage"), output_type: Some(".area_calculator.AreaResponse"), options: Some(MethodOptions { deprecated: None, idempotency_level: None, uninterpreted_option: [] }), client_streaming: None, server_streaming: None }, MethodDescriptorProto { name: Some("calculateMulti"), input_type: Some(".area_calculator.AreaRequest"), output_type: Some(".area_calculator.AreaResponse"), options: Some(MethodOptions { deprecated: None, idempotency_level: None, uninterpreted_option: [] }), client_streaming: None, server_streaming: None }], options: None }], extension: [], options: Some(FileOptions { java_package: None, java_outer_classname: None, java_multiple_files: None, java_generate_equals_and_hash: None, java_string_check_utf8: None, optimize_for: None, go_package: Some("io.pact/area_calculator"), cc_generic_services: None, java_generic_services: None, py_generic_services: None, php_generic_services: Some(true), deprecated: None, cc_enable_arenas: None, objc_class_prefix: None, csharp_namespace: None, swift_prefix: None, php_class_prefix: None, php_namespace: None, php_metadata_namespace: None, ruby_package: None, uninterpreted_option: [] }), source_code_info: None, syntax: Some("proto3") }] }, service_name: "Calculator", message: SynchronousMessage { id: None, key: Some("c7fbe3ee"), description: "calculate rectangle area request", provider_states: [], comments: {"testname": String("io.pact.example.grpc.consumer.PactConsumerTest.calculateRectangleArea(MockServer, SynchronousMessages)")}, request: MessageContents { contents: Present(b"\x12\n\r\0\0@@\x15\0\0\x80@", Some(ContentType { main_type: "application", sub_type: "protobuf", attributes: {"message": "ShapeMessage"}, suffix: None }), Some(BINARY)), metadata: {}, matching_rules: MatchingRules { rules: {BODY: MatchingRuleCategory { name: BODY, rules: {DocPath { path_tokens: [Root, Field("rectangle"), Field("length")], expr: "$.rectangle.length" }: RuleList { rules: [Number], rule_logic: And, cascaded: false }, DocPath { path_tokens: [Root, Field("rectangle"), Field("width")], expr: "$.rectangle.width" }: RuleList { rules: [Number], rule_logic: And, cascaded: false }} }} }, generators: Generators { categories: {} } }, response: [MessageContents { contents: Present(b"\r\0\0@A", Some(ContentType { main_type: "application", sub_type: "protobuf", attributes: {"message": "AreaResponse"}, suffix: None }), Some(BINARY)), metadata: {}, matching_rules: MatchingRules { rules: {BODY: MatchingRuleCategory { name: BODY, rules: {DocPath { path_tokens: [Root, Field("value")], expr: "$.value" }: RuleList { rules: [Number], rule_logic: And, cascaded: false }} }} }, generators: Generators { categories: {} } }], pending: false, plugin_config: {"protobuf": {"service": String("Calculator/calculateOne"), "descriptorKey": String("a85dff8f82655a9681aad113575dcfbb")}}, interaction_markup: InteractionMarkup { markup: "```protobuf\nmessage ShapeMessage {\n    message .area_calculator.Rectangle rectangle = 2;\n}\n```\n\n```protobuf\nmessage AreaResponse {\n    float value = 1;\n}\n```\n", markup_type: "COMMON_MARK" }, transport: None }, method_descriptor: MethodDescriptorProto { name: Some("calculateOne"), input_type: Some(".area_calculator.ShapeMessage"), output_type: Some(".area_calculator.AreaResponse"), options: Some(MethodOptions { deprecated: None, idempotency_level: None, uninterpreted_option: [] }), client_streaming: None, server_streaming: None }, input_message: DescriptorProto { name: Some("ShapeMessage"), field: [FieldDescriptorProto { name: Some("square"), number: Some(1), label: Some(Optional), r#type: Some(Message), type_name: Some(".area_calculator.Square"), extendee: None, default_value: None, oneof_index: Some(0), json_name: Some("square"), options: None, proto3_optional: None }, FieldDescriptorProto { name: Some("rectangle"), number: Some(2), label: Some(Optional), r#type: Some(Message), type_name: Some(".area_calculator.Rectangle"), extendee: None, default_value: None, oneof_index: Some(0), json_name: Some("rectangle"), options: None, proto3_optional: None }, FieldDescriptorProto { name: Some("circle"), number: Some(3), label: Some(Optional), r#type: Some(Message), type_name: Some(".area_calculator.Circle"), extendee: None, default_value: None, oneof_index: Some(0), json_name: Some("circle"), options: None, proto3_optional: None }, FieldDescriptorProto { name: Some("triangle"), number: Some(4), label: Some(Optional), r#type: Some(Message), type_name: Some(".area_calculator.Triangle"), extendee: None, default_value: None, oneof_index: Some(0), json_name: Some("triangle"), options: None, proto3_optional: None }, FieldDescriptorProto { name: Some("parallelogram"), number: Some(5), label: Some(Optional), r#type: Some(Message), type_name: Some(".area_calculator.Parallelogram"), extendee: None, default_value: None, oneof_index: Some(0), json_name: Some("parallelogram"), options: None, proto3_optional: None }], extension: [], nested_type: [], enum_type: [], extension_range: [], oneof_decl: [OneofDescriptorProto { name: Some("shape"), options: None }], options: None, reserved_range: [], reserved_name: [] }, output_message: DescriptorProto { name: Some("AreaResponse"), field: [FieldDescriptorProto { name: Some("value"), number: Some(1), label: Some(Repeated), r#type: Some(Float), type_name: None, extendee: None, default_value: None, oneof_index: None, json_name: Some("value"), options: None, proto3_optional: None }], extension: [], nested_type: [], enum_type: [], extension_range: [], oneof_decl: [], options: None, reserved_range: [], reserved_name: [] }, server_key: "5cae5f82-fec2-43c6-9739-60d0383d84ec" } ?[3mrequest?[0m?[2m=?[0mDynamicMessage { descriptor: DescriptorProto { name: Some("ShapeMessage"), field: [FieldDescriptorProto { name: Some("square"), number: Some(1), label: Some(Optional), r#type: Some(Message), type_name: Some(".area_calculator.Square"), extendee: None, default_value: None, oneof_index: Some(0), json_name: Some("square"), options: None, proto3_optional: None }, FieldDescriptorProto { name: Some("rectangle"), number: Some(2), label: Some(Optional), r#type: Some(Message), type_name: Some(".area_calculator.Rectangle"), extendee: None, default_value: None, oneof_index: Some(0), json_name: Some("rectangle"), options: None, proto3_optional: None }, FieldDescriptorProto { name: Some("circle"), number: Some(3), label: Some(Optional), r#type: Some(Message), type_name: Some(".area_calculator.Circle"), extendee: None, default_value: None, oneof_index: Some(0), json_name: Some("circle"), options: None, proto3_optional: None }, FieldDescriptorProto { name: Some("triangle"), number: Some(4), label: Some(Optional), r#type: Some(Message), type_name: Some(".area_calculator.Triangle"), extendee: None, default_value: None, oneof_index: Some(0), json_name: Some("triangle"), options: None, proto3_optional: None }, FieldDescriptorProto { name: Some("parallelogram"), number: Some(5), label: Some(Optional), r#type: Some(Message), type_name: Some(".area_calculator.Parallelogram"), extendee: None, default_value: None, oneof_index: Some(0), json_name: Some("parallelogram"), options: None, proto3_optional: None }], extension: [], nested_type: [], enum_type: [], extension_range: [], oneof_decl: [OneofDescriptorProto { name: Some("shape"), options: None }], options: None, reserved_range: [], reserved_name: [] }, fields: [ProtobufField { field_num: 2, wire_type: LengthDelimited, data: Message([13, 0, 0, 64, 64, 21, 0, 0, 128, 64], DescriptorProto { name: Some("Rectangle"), field: [FieldDescriptorProto { name: Some("length"), number: Some(1), label: Some(Optional), r#type: Some(Float), type_name: None, extendee: None, default_value: None, oneof_index: None, json_name: Some("length"), options: None, proto3_optional: None }, FieldDescriptorProto { name: Some("width"), number: Some(2), label: Some(Optional), r#type: Some(Float), type_name: None, extendee: None, default_value: None, oneof_index: None, json_name: Some("width"), options: None, proto3_optional: None }], extension: [], nested_type: [], enum_type: [], extension_range: [], oneof_decl: [], options: None, reserved_range: [], reserved_name: [] }) }] } ?[3mmessage_descriptor?[0m?[2m=?[0mDescriptorProto { name: Some("ShapeMessage"), field: [FieldDescriptorProto { name: Some("square"), number: Some(1), label: Some(Optional), r#type: Some(Message), type_name: Some(".area_calculator.Square"), extendee: None, default_value: None, oneof_index: Some(0), json_name: Some("square"), options: None, proto3_optional: None }, FieldDescriptorProto { name: Some("rectangle"), number: Some(2), label: Some(Optional), r#type: Some(Message), type_name: Some(".area_calculator.Rectangle"), extendee: None, default_value: None, oneof_index: Some(0), json_name: Some("rectangle"), options: None, proto3_optional: None }, FieldDescriptorProto { name: Some("circle"), number: Some(3), label: Some(Optional), r#type: Some(Message), type_name: Some(".area_calculator.Circle"), extendee: None, default_value: None, oneof_index: Some(0), json_name: Some("circle"), options: None, proto3_optional: None }, FieldDescriptorProto { name: Some("triangle"), number: Some(4), label: Some(Optional), r#type: Some(Message), type_name: Some(".area_calculator.Triangle"), extendee: None, default_value: None, oneof_index: Some(0), json_name: Some("triangle"), options: None, proto3_optional: None }, FieldDescriptorProto { name: Some("parallelogram"), number: Some(5), label: Some(Optional), r#type: Some(Message), type_name: Some(".area_calculator.Parallelogram"), extendee: None, default_value: None, oneof_index: Some(0), json_name: Some("parallelogram"), options: None, proto3_optional: None }], extension: [], nested_type: [], enum_type: [], extension_range: [], oneof_decl: [OneofDescriptorProto { name: Some("shape"), options: None }], options: None, reserved_range: [], reserved_name: [] } ?[3mresponse_descriptor?[0m?[2m=?[0mDescriptorProto { name: Some("AreaResponse"), field: [FieldDescriptorProto { name: Some("value"), number: Some(1), label: Some(Repeated), r#type: Some(Float), type_name: None, extendee: None, default_value: None, oneof_index: None, json_name: Some("value"), options: None, proto3_optional: None }], extension: [], nested_type: [], enum_type: [], extension_range: [], oneof_decl: [], options: None, reserved_range: [], reserved_name: [] }?[1m}?[0m?[2m:?[0m ?[2mpact_protobuf_plugin::message_decoder?[0m?[2m:?[0m field_num=2, wire_type=ThirtyTwoBit, bytes remaining = 4
15:05:16.529 [Thread-5] DEBUG i.pact.plugins.jvm.core.ChildProcess - Plugin protobuf [46038] || ?[2m2023-03-27T09:35:16.528602Z?[0m ?[34mDEBUG?[0m tokio-runtime-worker ?[1mrequest?[0m?[1m{?[0m?[3mmethod?[0m?[2m=?[0mPOST ?[3muri?[0m?[2m=?[0mhttp://127.0.0.1:53791/area_calculator.Calculator/calculateOne ?[3mversion?[0m?[2m=?[0mHTTP/2.0?[1m}?[0m?[2m:?[0m?[1mcall?[0m?[1m{?[0m?[3mself?[0m?[2m=?[0mGrpcMockServer { pact: V4Pact { consumer: Consumer { name: "grpc-consumer-jvm" }, provider: Provider { name: "area-calculator-provider" }, interactions: [SynchronousMessage { id: None, key: Some("c7fbe3ee"), description: "calculate rectangle area request", provider_states: [], comments: {"testname": String("io.pact.example.grpc.consumer.PactConsumerTest.calculateRectangleArea(MockServer, SynchronousMessages)")}, request: MessageContents { contents: Present(b"\x12\n\r\0\0@@\x15\0\0\x80@", Some(ContentType { main_type: "application", sub_type: "protobuf", attributes: {"message": "ShapeMessage"}, suffix: None }), Some(BINARY)), metadata: {}, matching_rules: MatchingRules { rules: {BODY: MatchingRuleCategory { name: BODY, rules: {DocPath { path_tokens: [Root, Field("rectangle"), Field("length")], expr: "$.rectangle.length" }: RuleList { rules: [Number], rule_logic: And, cascaded: false }, DocPath { path_tokens: [Root, Field("rectangle"), Field("width")], expr: "$.rectangle.width" }: RuleList { rules: [Number], rule_logic: And, cascaded: false }} }} }, generators: Generators { categories: {} } }, response: [MessageContents { contents: Present(b"\r\0\0@A", Some(ContentType { main_type: "application", sub_type: "protobuf", attributes: {"message": "AreaResponse"}, suffix: None }), Some(BINARY)), metadata: {}, matching_rules: MatchingRules { rules: {BODY: MatchingRuleCategory { name: BODY, rules: {DocPath { path_tokens: [Root, Field("value")], expr: "$.value" }: RuleList { rules: [Number], rule_logic: And, cascaded: false }} }} }, generators: Generators { categories: {} } }], pending: false, plugin_config: {"protobuf": {"service": String("Calculator/calculateOne"), "descriptorKey": String("a85dff8f82655a9681aad113575dcfbb")}}, interaction_markup: InteractionMarkup { markup: "```protobuf\nmessage ShapeMessage {\n    message .area_calculator.Rectangle rectangle = 2;\n}\n```\n\n```protobuf\nmessage AreaResponse {\n    float value = 1;\n}\n```\n", markup_type: "COMMON_MARK" }, transport: None }], metadata: {"pact-jvm": Object({"version": String("4.4.2")}), "pactSpecification": Object({"version": String("4.0")})}, plugin_data: [PluginData { name: "protobuf", version: "0.1.5", configuration: {"a85dff8f82655a9681aad113575dcfbb": Object({"protoDescriptors": String("CsoHChVhcmVhX2NhbGN1bGF0b3IucHJvdG8SD2FyZWFfY2FsY3VsYXRvciK6AgoMU2hhcGVNZXNzYWdlEjEKBnNxdWFyZRgBIAEoCzIXLmFyZWFfY2FsY3VsYXRvci5TcXVhcmVIAFIGc3F1YXJlEjoKCXJlY3RhbmdsZRgCIAEoCzIaLmFyZWFfY2FsY3VsYXRvci5SZWN0YW5nbGVIAFIJcmVjdGFuZ2xlEjEKBmNpcmNsZRgDIAEoCzIXLmFyZWFfY2FsY3VsYXRvci5DaXJjbGVIAFIGY2lyY2xlEjcKCHRyaWFuZ2xlGAQgASgLMhkuYXJlYV9jYWxjdWxhdG9yLlRyaWFuZ2xlSABSCHRyaWFuZ2xlEkYKDXBhcmFsbGVsb2dyYW0YBSABKAsyHi5hcmVhX2NhbGN1bGF0b3IuUGFyYWxsZWxvZ3JhbUgAUg1wYXJhbGxlbG9ncmFtQgcKBXNoYXBlIikKBlNxdWFyZRIfCgtlZGdlX2xlbmd0aBgBIAEoAlIKZWRnZUxlbmd0aCI5CglSZWN0YW5nbGUSFgoGbGVuZ3RoGAEgASgCUgZsZW5ndGgSFAoFd2lkdGgYAiABKAJSBXdpZHRoIiAKBkNpcmNsZRIWCgZyYWRpdXMYASABKAJSBnJhZGl1cyJPCghUcmlhbmdsZRIVCgZlZGdlX2EYASABKAJSBWVkZ2VBEhUKBmVkZ2VfYhgCIAEoAlIFZWRnZUISFQoGZWRnZV9jGAMgASgCUgVlZGdlQyJICg1QYXJhbGxlbG9ncmFtEh8KC2Jhc2VfbGVuZ3RoGAEgASgCUgpiYXNlTGVuZ3RoEhYKBmhlaWdodBgCIAEoAlIGaGVpZ2h0IkQKC0FyZWFSZXF1ZXN0EjUKBnNoYXBlcxgBIAMoCzIdLmFyZWFfY2FsY3VsYXRvci5TaGFwZU1lc3NhZ2VSBnNoYXBlcyIkCgxBcmVhUmVzcG9uc2USFAoFdmFsdWUYASADKAJSBXZhbHVlMq0BCgpDYWxjdWxhdG9yEk4KDGNhbGN1bGF0ZU9uZRIdLmFyZWFfY2FsY3VsYXRvci5TaGFwZU1lc3NhZ2UaHS5hcmVhX2NhbGN1bGF0b3IuQXJlYVJlc3BvbnNlIgASTwoOY2FsY3VsYXRlTXVsdGkSHC5hcmVhX2NhbGN1bGF0b3IuQXJlYVJlcXVlc3QaHS5hcmVhX2NhbGN1bGF0b3IuQXJlYVJlc3BvbnNlIgBCHFoXaW8ucGFjdC9hcmVhX2NhbGN1bGF0b3LQAgFiBnByb3RvMw=="), "protoFile": String("syntax = \"proto3\";\n\npackage area_calculator;\n\noption php_generic_services = true;\noption go_package = \"io.pact/area_calculator\";\n\nservice Calculator {\n  rpc calculateOne (ShapeMessage) returns (AreaResponse) {}\n  rpc calculateMulti (AreaRequest) returns (AreaResponse) {}\n}\n\nmessage ShapeMessage {\n  oneof shape {\n    Square square = 1;\n    Rectangle rectangle = 2;\n    Circle circle = 3;\n    Triangle triangle = 4;\n    Parallelogram parallelogram = 5;\n  }\n}\n\nmessage Square {\n  float edge_length = 1;\n}\n\nmessage Rectangle {\n  float length = 1;\n  float width = 2;\n}\n\nmessage Circle {\n  float radius = 1;\n}\n\nmessage Triangle {\n  float edge_a = 1;\n  float edge_b = 2;\n  float edge_c = 3;\n}\n\nmessage Parallelogram {\n  float base_length = 1;\n  float height = 2;\n}\n\nmessage AreaRequest {\n  repeated ShapeMessage shapes = 1;\n}\n\nmessage AreaResponse {\n  repeated float value = 1;\n}\n")})} }] }, plugin_config: PluginData { name: "protobuf", version: "0.1.5", configuration: {"a85dff8f82655a9681aad113575dcfbb": Object({"protoDescriptors": String("CsoHChVhcmVhX2NhbGN1bGF0b3IucHJvdG8SD2FyZWFfY2FsY3VsYXRvciK6AgoMU2hhcGVNZXNzYWdlEjEKBnNxdWFyZRgBIAEoCzIXLmFyZWFfY2FsY3VsYXRvci5TcXVhcmVIAFIGc3F1YXJlEjoKCXJlY3RhbmdsZRgCIAEoCzIaLmFyZWFfY2FsY3VsYXRvci5SZWN0YW5nbGVIAFIJcmVjdGFuZ2xlEjEKBmNpcmNsZRgDIAEoCzIXLmFyZWFfY2FsY3VsYXRvci5DaXJjbGVIAFIGY2lyY2xlEjcKCHRyaWFuZ2xlGAQgASgLMhkuYXJlYV9jYWxjdWxhdG9yLlRyaWFuZ2xlSABSCHRyaWFuZ2xlEkYKDXBhcmFsbGVsb2dyYW0YBSABKAsyHi5hcmVhX2NhbGN1bGF0b3IuUGFyYWxsZWxvZ3JhbUgAUg1wYXJhbGxlbG9ncmFtQgcKBXNoYXBlIikKBlNxdWFyZRIfCgtlZGdlX2xlbmd0aBgBIAEoAlIKZWRnZUxlbmd0aCI5CglSZWN0YW5nbGUSFgoGbGVuZ3RoGAEgASgCUgZsZW5ndGgSFAoFd2lkdGgYAiABKAJSBXdpZHRoIiAKBkNpcmNsZRIWCgZyYWRpdXMYASABKAJSBnJhZGl1cyJPCghUcmlhbmdsZRIVCgZlZGdlX2EYASABKAJSBWVkZ2VBEhUKBmVkZ2VfYhgCIAEoAlIFZWRnZUISFQoGZWRnZV9jGAMgASgCUgVlZGdlQyJICg1QYXJhbGxlbG9ncmFtEh8KC2Jhc2VfbGVuZ3RoGAEgASgCUgpiYXNlTGVuZ3RoEhYKBmhlaWdodBgCIAEoAlIGaGVpZ2h0IkQKC0FyZWFSZXF1ZXN0EjUKBnNoYXBlcxgBIAMoCzIdLmFyZWFfY2FsY3VsYXRvci5TaGFwZU1lc3NhZ2VSBnNoYXBlcyIkCgxBcmVhUmVzcG9uc2USFAoFdmFsdWUYASADKAJSBXZhbHVlMq0BCgpDYWxjdWxhdG9yEk4KDGNhbGN1bGF0ZU9uZRIdLmFyZWFfY2FsY3VsYXRvci5TaGFwZU1lc3NhZ2UaHS5hcmVhX2NhbGN1bGF0b3IuQXJlYVJlc3BvbnNlIgASTwoOY2FsY3VsYXRlTXVsdGkSHC5hcmVhX2NhbGN1bGF0b3IuQXJlYVJlcXVlc3QaHS5hcmVhX2NhbGN1bGF0b3IuQXJlYVJlc3BvbnNlIgBCHFoXaW8ucGFjdC9hcmVhX2NhbGN1bGF0b3LQAgFiBnByb3RvMw=="), "protoFile": String("syntax = \"proto3\";\n\npackage area_calculator;\n\noption php_generic_services = true;\noption go_package = \"io.pact/area_calculator\";\n\nservice Calculator {\n  rpc calculateOne (ShapeMessage) returns (AreaResponse) {}\n  rpc calculateMulti (AreaRequest) returns (AreaResponse) {}\n}\n\nmessage ShapeMessage {\n  oneof shape {\n    Square square = 1;\n    Rectangle rectangle = 2;\n    Circle circle = 3;\n    Triangle triangle = 4;\n    Parallelogram parallelogram = 5;\n  }\n}\n\nmessage Square {\n  float edge_length = 1;\n}\n\nmessage Rectangle {\n  float length = 1;\n  float width = 2;\n}\n\nmessage Circle {\n  float radius = 1;\n}\n\nmessage Triangle {\n  float edge_a = 1;\n  float edge_b = 2;\n  float edge_c = 3;\n}\n\nmessage Parallelogram {\n  float base_length = 1;\n  float height = 2;\n}\n\nmessage AreaRequest {\n  repeated ShapeMessage shapes = 1;\n}\n\nmessage AreaResponse {\n  repeated float value = 1;\n}\n")})} }, descriptors: {"a85dff8f82655a9681aad113575dcfbb": FileDescriptorSet { file: [FileDescriptorProto { name: Some("area_calculator.proto"), package: Some("area_calculator"), dependency: [], public_dependency: [], weak_dependency: [], message_type: [DescriptorProto { name: Some("ShapeMessage"), field: [FieldDescriptorProto { name: Some("square"), number: Some(1), label: Some(Optional), r#type: Some(Message), type_name: Some(".area_calculator.Square"), extendee: None, default_value: None, oneof_index: Some(0), json_name: Some("square"), options: None, proto3_optional: None }, FieldDescriptorProto { name: Some("rectangle"), number: Some(2), label: Some(Optional), r#type: Some(Message), type_name: Some(".area_calculator.Rectangle"), extendee: None, default_value: None, oneof_index: Some(0), json_name: Some("rectangle"), options: None, proto3_optional: None }, FieldDescriptorProto { name: Some("circle"), number: Some(3), label: Some(Optional), r#type: Some(Message), type_name: Some(".area_calculator.Circle"), extendee: None, default_value: None, oneof_index: Some(0), json_name: Some("circle"), options: None, proto3_optional: None }, FieldDescriptorProto { name: Some("triangle"), number: Some(4), label: Some(Optional), r#type: Some(Message), type_name: Some(".area_calculator.Triangle"), extendee: None, default_value: None, oneof_index: Some(0), json_name: Some("triangle"), options: None, proto3_optional: None }, FieldDescriptorProto { name: Some("parallelogram"), number: Some(5), label: Some(Optional), r#type: Some(Message), type_name: Some(".area_calculator.Parallelogram"), extendee: None, default_value: None, oneof_index: Some(0), json_name: Some("parallelogram"), options: None, proto3_optional: None }], extension: [], nested_type: [], enum_type: [], extension_range: [], oneof_decl: [OneofDescriptorProto { name: Some("shape"), options: None }], options: None, reserved_range: [], reserved_name: [] }, DescriptorProto { name: Some("Square"), field: [FieldDescriptorProto { name: Some("edge_length"), number: Some(1), label: Some(Optional), r#type: Some(Float), type_name: None, extendee: None, default_value: None, oneof_index: None, json_name: Some("edgeLength"), options: None, proto3_optional: None }], extension: [], nested_type: [], enum_type: [], extension_range: [], oneof_decl: [], options: None, reserved_range: [], reserved_name: [] }, DescriptorProto { name: Some("Rectangle"), field: [FieldDescriptorProto { name: Some("length"), number: Some(1), label: Some(Optional), r#type: Some(Float), type_name: None, extendee: None, default_value: None, oneof_index: None, json_name: Some("length"), options: None, proto3_optional: None }, FieldDescriptorProto { name: Some("width"), number: Some(2), label: Some(Optional), r#type: Some(Float), type_name: None, extendee: None, default_value: None, oneof_index: None, json_name: Some("width"), options: None, proto3_optional: None }], extension: [], nested_type: [], enum_type: [], extension_range: [], oneof_decl: [], options: None, reserved_range: [], reserved_name: [] }, DescriptorProto { name: Some("Circle"), field: [FieldDescriptorProto { name: Some("radius"), number: Some(1), label: Some(Optional), r#type: Some(Float), type_name: None, extendee: None, default_value: None, oneof_index: None, json_name: Some("radius"), options: None, proto3_optional: None }], extension: [], nested_type: [], enum_type: [], extension_range: [], oneof_decl: [], options: None, reserved_range: [], reserved_name: [] }, DescriptorProto { name: Some("Triangle"), field: [FieldDescriptorProto { name: Some("edge_a"), number: Some(1), label: Some(Optional), r#type: Some(Float), type_name: None, extendee: None, default_value: None, oneof_index: None, json_name: Some("edgeA"), options: None, proto3_optional: None }, FieldDescriptorProto { name: Some("edge_b"), number: Some(2), label: Some(Optional), r#type: Some(Float), type_name: None, extendee: None, default_value: None, oneof_index: None, json_name: Some("edgeB"), options: None, proto3_optional: None }, FieldDescriptorProto { name: Some("edge_c"), number: Some(3), label: Some(Optional), r#type: Some(Float), type_name: None, extendee: None, default_value: None, oneof_index: None, json_name: Some("edgeC"), options: None, proto3_optional: None }], extension: [], nested_type: [], enum_type: [], extension_range: [], oneof_decl: [], options: None, reserved_range: [], reserved_name: [] }, DescriptorProto { name: Some("Parallelogram"), field: [FieldDescriptorProto { name: Some("base_length"), number: Some(1), label: Some(Optional), r#type: Some(Float), type_name: None, extendee: None, default_value: None, oneof_index: None, json_name: Some("baseLength"), options: None, proto3_optional: None }, FieldDescriptorProto { name: Some("height"), number: Some(2), label: Some(Optional), r#type: Some(Float), type_name: None, extendee: None, default_value: None, oneof_index: None, json_name: Some("height"), options: None, proto3_optional: None }], extension: [], nested_type: [], enum_type: [], extension_range: [], oneof_decl: [], options: None, reserved_range: [], reserved_name: [] }, DescriptorProto { name: Some("AreaRequest"), field: [FieldDescriptorProto { name: Some("shapes"), number: Some(1), label: Some(Repeated), r#type: Some(Message), type_name: Some(".area_calculator.ShapeMessage"), extendee: None, default_value: None, oneof_index: None, json_name: Some("shapes"), options: None, proto3_optional: None }], extension: [], nested_type: [], enum_type: [], extension_range: [], oneof_decl: [], options: None, reserved_range: [], reserved_name: [] }, DescriptorProto { name: Some("AreaResponse"), field: [FieldDescriptorProto { name: Some("value"), number: Some(1), label: Some(Repeated), r#type: Some(Float), type_name: None, extendee: None, default_value: None, oneof_index: None, json_name: Some("value"), options: None, proto3_optional: None }], extension: [], nested_type: [], enum_type: [], extension_range: [], oneof_decl: [], options: None, reserved_range: [], reserved_name: [] }], enum_type: [], service: [ServiceDescriptorProto { name: Some("Calculator"), method: [MethodDescriptorProto { name: Some("calculateOne"), input_type: Some(".area_calculator.ShapeMessage"), output_type: Some(".area_calculator.AreaResponse"), options: Some(MethodOptions { deprecated: None, idempotency_level: None, uninterpreted_option: [] }), client_streaming: None, server_streaming: None }, MethodDescriptorProto { name: Some("calculateMulti"), input_type: Some(".area_calculator.AreaRequest"), output_type: Some(".area_calculator.AreaResponse"), options: Some(MethodOptions { deprecated: None, idempotency_level: None, uninterpreted_option: [] }), client_streaming: None, server_streaming: None }], options: None }], extension: [], options: Some(FileOptions { java_package: None, java_outer_classname: None, java_multiple_files: None, java_generate_equals_and_hash: None, java_string_check_utf8: None, optimize_for: None, go_package: Some("io.pact/area_calculator"), cc_generic_services: None, java_generic_services: None, py_generic_services: None, php_generic_services: Some(true), deprecated: None, cc_enable_arenas: None, objc_class_prefix: None, csharp_namespace: None, swift_prefix: None, php_class_prefix: None, php_namespace: None, php_metadata_namespace: None, ruby_package: None, uninterpreted_option: [] }), source_code_info: None, syntax: Some("proto3") }] }}, routes: {"Calculator/calculateOne": (FileDescriptorSet { file: [FileDescriptorProto { name: Some("area_calculator.proto"), package: Some("area_calculator"), dependency: [], public_dependency: [], weak_dependency: [], message_type: [DescriptorProto { name: Some("ShapeMessage"), field: [FieldDescriptorProto { name: Some("square"), number: Some(1), label: Some(Optional), r#type: Some(Message), type_name: Some(".area_calculator.Square"), extendee: None, default_value: None, oneof_index: Some(0), json_name: Some("square"), options: None, proto3_optional: None }, FieldDescriptorProto { name: Some("rectangle"), number: Some(2), label: Some(Optional), r#type: Some(Message), type_name: Some(".area_calculator.Rectangle"), extendee: None, default_value: None, oneof_index: Some(0), json_name: Some("rectangle"), options: None, proto3_optional: None }, FieldDescriptorProto { name: Some("circle"), number: Some(3), label: Some(Optional), r#type: Some(Message), type_name: Some(".area_calculator.Circle"), extendee: None, default_value: None, oneof_index: Some(0), json_name: Some("circle"), options: None, proto3_optional: None }, FieldDescriptorProto { name: Some("triangle"), number: Some(4), label: Some(Optional), r#type: Some(Message), type_name: Some(".area_calculator.Triangle"), extendee: None, default_value: None, oneof_index: Some(0), json_name: Some("triangle"), options: None, proto3_optional: None }, FieldDescriptorProto { name: Some("parallelogram"), number: Some(5), label: Some(Optional), r#type: Some(Message), type_name: Some(".area_calculator.Parallelogram"), extendee: None, default_value: None, oneof_index: Some(0), json_name: Some("parallelogram"), options: None, proto3_optional: None }], extension: [], nested_type: [], enum_type: [], extension_range: [], oneof_decl: [OneofDescriptorProto { name: Some("shape"), options: None }], options: None, reserved_range: [], reserved_name: [] }, DescriptorProto { name: Some("Square"), field: [FieldDescriptorProto { name: Some("edge_length"), number: Some(1), label: Some(Optional), r#type: Some(Float), type_name: None, extendee: None, default_value: None, oneof_index: None, json_name: Some("edgeLength"), options: None, proto3_optional: None }], extension: [], nested_type: [], enum_type: [], extension_range: [], oneof_decl: [], options: None, reserved_range: [], reserved_name: [] }, DescriptorProto { name: Some("Rectangle"), field: [FieldDescriptorProto { name: Some("length"), number: Some(1), label: Some(Optional), r#type: Some(Float), type_name: None, extendee: None, default_value: None, oneof_index: None, json_name: Some("length"), options: None, proto3_optional: None }, FieldDescriptorProto { name: Some("width"), number: Some(2), label: Some(Optional), r#type: Some(Float), type_name: None, extendee: None, default_value: None, oneof_index: None, json_name: Some("width"), options: None, proto3_optional: None }], extension: [], nested_type: [], enum_type: [], extension_range: [], oneof_decl: [], options: None, reserved_range: [], reserved_name: [] }, DescriptorProto { name: Some("Circle"), field: [FieldDescriptorProto { name: Some("radius"), number: Some(1), label: Some(Optional), r#type: Some(Float), type_name: None, extendee: None, default_value: None, oneof_index: None, json_name: Some("radius"), options: None, proto3_optional: None }], extension: [], nested_type: [], enum_type: [], extension_range: [], oneof_decl: [], options: None, reserved_range: [], reserved_name: [] }, DescriptorProto { name: Some("Triangle"), field: [FieldDescriptorProto { name: Some("edge_a"), number: Some(1), label: Some(Optional), r#type: Some(Float), type_name: None, extendee: None, default_value: None, oneof_index: None, json_name: Some("edgeA"), options: None, proto3_optional: None }, FieldDescriptorProto { name: Some("edge_b"), number: Some(2), label: Some(Optional), r#type: Some(Float), type_name: None, extendee: None, default_value: None, oneof_index: None, json_name: Some("edgeB"), options: None, proto3_optional: None }, FieldDescriptorProto { name: Some("edge_c"), number: Some(3), label: Some(Optional), r#type: Some(Float), type_name: None, extendee: None, default_value: None, oneof_index: None, json_name: Some("edgeC"), options: None, proto3_optional: None }], extension: [], nested_type: [], enum_type: [], extension_range: [], oneof_decl: [], options: None, reserved_range: [], reserved_name: [] }, DescriptorProto { name: Some("Parallelogram"), field: [FieldDescriptorProto { name: Some("base_length"), number: Some(1), label: Some(Optional), r#type: Some(Float), type_name: None, extendee: None, default_value: None, oneof_index: None, json_name: Some("baseLength"), options: None, proto3_optional: None }, FieldDescriptorProto { name: Some("height"), number: Some(2), label: Some(Optional), r#type: Some(Float), type_name: None, extendee: None, default_value: None, oneof_index: None, json_name: Some("height"), options: None, proto3_optional: None }], extension: [], nested_type: [], enum_type: [], extension_range: [], oneof_decl: [], options: None, reserved_range: [], reserved_name: [] }, DescriptorProto { name: Some("AreaRequest"), field: [FieldDescriptorProto { name: Some("shapes"), number: Some(1), label: Some(Repeated), r#type: Some(Message), type_name: Some(".area_calculator.ShapeMessage"), extendee: None, default_value: None, oneof_index: None, json_name: Some("shapes"), options: None, proto3_optional: None }], extension: [], nested_type: [], enum_type: [], extension_range: [], oneof_decl: [], options: None, reserved_range: [], reserved_name: [] }, DescriptorProto { name: Some("AreaResponse"), field: [FieldDescriptorProto { name: Some("value"), number: Some(1), label: Some(Repeated), r#type: Some(Float), type_name: None, extendee: None, default_value: None, oneof_index: None, json_name: Some("value"), options: None, proto3_optional: None }], extension: [], nested_type: [], enum_type: [], extension_range: [], oneof_decl: [], options: None, reserved_range: [], reserved_name: [] }], enum_type: [], service: [ServiceDescriptorProto { name: Some("Calculator"), method: [MethodDescriptorProto { name: Some("calculateOne"), input_type: Some(".area_calculator.ShapeMessage"), output_type: Some(".area_calculator.AreaResponse"), options: Some(MethodOptions { deprecated: None, idempotency_level: None, uninterpreted_option: [] }), client_streaming: None, server_streaming: None }, MethodDescriptorProto { name: Some("calculateMulti"), input_type: Some(".area_calculator.AreaRequest"), output_type: Some(".area_calculator.AreaResponse"), options: Some(MethodOptions { deprecated: None, idempotency_level: None, uninterpreted_option: [] }), client_streaming: None, server_streaming: None }], options: None }], extension: [], options: Some(FileOptions { java_package: None, java_outer_classname: None, java_multiple_files: None, java_generate_equals_and_hash: None, java_string_check_utf8: None, optimize_for: None, go_package: Some("io.pact/area_calculator"), cc_generic_services: None, java_generic_services: None, py_generic_services: None, php_generic_services: Some(true), deprecated: None, cc_enable_arenas: None, objc_class_prefix: None, csharp_namespace: None, swift_prefix: None, php_class_prefix: None, php_namespace: None, php_metadata_namespace: None, ruby_package: None, uninterpreted_option: [] }), source_code_info: None, syntax: Some("proto3") }] }, MethodDescriptorProto { name: Some("calculateOne"), input_type: Some(".area_calculator.ShapeMessage"), output_type: Some(".area_calculator.AreaResponse"), options: Some(MethodOptions { deprecated: None, idempotency_level: None, uninterpreted_option: [] }), client_streaming: None, server_streaming: None }, SynchronousMessage { id: None, key: Some("c7fbe3ee"), description: "calculate rectangle area request", provider_states: [], comments: {"testname": String("io.pact.example.grpc.consumer.PactConsumerTest.calculateRectangleArea(MockServer, SynchronousMessages)")}, request: MessageContents { contents: Present(b"\x12\n\r\0\0@@\x15\0\0\x80@", Some(ContentType { main_type: "application", sub_type: "protobuf", attributes: {"message": "ShapeMessage"}, suffix: None }), Some(BINARY)), metadata: {}, matching_rules: MatchingRules { rules: {BODY: MatchingRuleCategory { name: BODY, rules: {DocPath { path_tokens: [Root, Field("rectangle"), Field("length")], expr: "$.rectangle.length" }: RuleList { rules: [Number], rule_logic: And, cascaded: false }, DocPath { path_tokens: [Root, Field("rectangle"), Field("width")], expr: "$.rectangle.width" }: RuleList { rules: [Number], rule_logic: And, cascaded: false }} }} }, generators: Generators { categories: {} } }, response: [MessageContents { contents: Present(b"\r\0\0@A", Some(ContentType { main_type: "application", sub_type: "protobuf", attributes: {"message": "AreaResponse"}, suffix: None }), Some(BINARY)), metadata: {}, matching_rules: MatchingRules { rules: {BODY: MatchingRuleCategory { name: BODY, rules: {DocPath { path_tokens: [Root, Field("value")], expr: "$.value" }: RuleList { rules: [Number], rule_logic: And, cascaded: false }} }} }, generators: Generators { categories: {} } }], pending: false, plugin_config: {"protobuf": {"service": String("Calculator/calculateOne"), "descriptorKey": String("a85dff8f82655a9681aad113575dcfbb")}}, interaction_markup: InteractionMarkup { markup: "```protobuf\nmessage ShapeMessage {\n    message .area_calculator.Rectangle rectangle = 2;\n}\n```\n\n```protobuf\nmessage AreaResponse {\n    float value = 1;\n}\n```\n", markup_type: "COMMON_MARK" }, transport: None })}, server_key: "5cae5f82-fec2-43c6-9739-60d0383d84ec" } ?[3mreq?[0m?[2m=?[0mRequest { method: POST, uri: http://127.0.0.1:53791/area_calculator.Calculator/calculateOne, version: HTTP/2.0, headers: {"content-type": "application/grpc", "te": "trailers", "user-agent": "grpc-java-netty/1.49.0", "grpc-accept-encoding": "gzip"}, body: Body(Streaming) }?[1m}?[0m?[2m:?[0m?[1mmock_server_handler?[0m?[1m{?[0m?[3mkey?[0m?[2m=?[0m"5cae5f82-fec2-43c6-9739-60d0383d84ec"?[1m}?[0m?[2m:?[0m?[1mhandle_message?[0m?[1m{?[0m?[3mself?[0m?[2m=?[0mMockService { file_descriptor_set: FileDescriptorSet { file: [FileDescriptorProto { name: Some("area_calculator.proto"), package: Some("area_calculator"), dependency: [], public_dependency: [], weak_dependency: [], message_type: [DescriptorProto { name: Some("ShapeMessage"), field: [FieldDescriptorProto { name: Some("square"), number: Some(1), label: Some(Optional), r#type: Some(Message), type_name: Some(".area_calculator.Square"), extendee: None, default_value: None, oneof_index: Some(0), json_name: Some("square"), options: None, proto3_optional: None }, FieldDescriptorProto { name: Some("rectangle"), number: Some(2), label: Some(Optional), r#type: Some(Message), type_name: Some(".area_calculator.Rectangle"), extendee: None, default_value: None, oneof_index: Some(0), json_name: Some("rectangle"), options: None, proto3_optional: None }, FieldDescriptorProto { name: Some("circle"), number: Some(3), label: Some(Optional), r#type: Some(Message), type_name: Some(".area_calculator.Circle"), extendee: None, default_value: None, oneof_index: Some(0), json_name: Some("circle"), options: None, proto3_optional: None }, FieldDescriptorProto { name: Some("triangle"), number: Some(4), label: Some(Optional), r#type: Some(Message), type_name: Some(".area_calculator.Triangle"), extendee: None, default_value: None, oneof_index: Some(0), json_name: Some("triangle"), options: None, proto3_optional: None }, FieldDescriptorProto { name: Some("parallelogram"), number: Some(5), label: Some(Optional), r#type: Some(Message), type_name: Some(".area_calculator.Parallelogram"), extendee: None, default_value: None, oneof_index: Some(0), json_name: Some("parallelogram"), options: None, proto3_optional: None }], extension: [], nested_type: [], enum_type: [], extension_range: [], oneof_decl: [OneofDescriptorProto { name: Some("shape"), options: None }], options: None, reserved_range: [], reserved_name: [] }, DescriptorProto { name: Some("Square"), field: [FieldDescriptorProto { name: Some("edge_length"), number: Some(1), label: Some(Optional), r#type: Some(Float), type_name: None, extendee: None, default_value: None, oneof_index: None, json_name: Some("edgeLength"), options: None, proto3_optional: None }], extension: [], nested_type: [], enum_type: [], extension_range: [], oneof_decl: [], options: None, reserved_range: [], reserved_name: [] }, DescriptorProto { name: Some("Rectangle"), field: [FieldDescriptorProto { name: Some("length"), number: Some(1), label: Some(Optional), r#type: Some(Float), type_name: None, extendee: None, default_value: None, oneof_index: None, json_name: Some("length"), options: None, proto3_optional: None }, FieldDescriptorProto { name: Some("width"), number: Some(2), label: Some(Optional), r#type: Some(Float), type_name: None, extendee: None, default_value: None, oneof_index: None, json_name: Some("width"), options: None, proto3_optional: None }], extension: [], nested_type: [], enum_type: [], extension_range: [], oneof_decl: [], options: None, reserved_range: [], reserved_name: [] }, DescriptorProto { name: Some("Circle"), field: [FieldDescriptorProto { name: Some("radius"), number: Some(1), label: Some(Optional), r#type: Some(Float), type_name: None, extendee: None, default_value: None, oneof_index: None, json_name: Some("radius"), options: None, proto3_optional: None }], extension: [], nested_type: [], enum_type: [], extension_range: [], oneof_decl: [], options: None, reserved_range: [], reserved_name: [] }, DescriptorProto { name: Some("Triangle"), field: [FieldDescriptorProto { name: Some("edge_a"), number: Some(1), label: Some(Optional), r#type: Some(Float), type_name: None, extendee: None, default_value: None, oneof_index: None, json_name: Some("edgeA"), options: None, proto3_optional: None }, FieldDescriptorProto { name: Some("edge_b"), number: Some(2), label: Some(Optional), r#type: Some(Float), type_name: None, extendee: None, default_value: None, oneof_index: None, json_name: Some("edgeB"), options: None, proto3_optional: None }, FieldDescriptorProto { name: Some("edge_c"), number: Some(3), label: Some(Optional), r#type: Some(Float), type_name: None, extendee: None, default_value: None, oneof_index: None, json_name: Some("edgeC"), options: None, proto3_optional: None }], extension: [], nested_type: [], enum_type: [], extension_range: [], oneof_decl: [], options: None, reserved_range: [], reserved_name: [] }, DescriptorProto { name: Some("Parallelogram"), field: [FieldDescriptorProto { name: Some("base_length"), number: Some(1), label: Some(Optional), r#type: Some(Float), type_name: None, extendee: None, default_value: None, oneof_index: None, json_name: Some("baseLength"), options: None, proto3_optional: None }, FieldDescriptorProto { name: Some("height"), number: Some(2), label: Some(Optional), r#type: Some(Float), type_name: None, extendee: None, default_value: None, oneof_index: None, json_name: Some("height"), options: None, proto3_optional: None }], extension: [], nested_type: [], enum_type: [], extension_range: [], oneof_decl: [], options: None, reserved_range: [], reserved_name: [] }, DescriptorProto { name: Some("AreaRequest"), field: [FieldDescriptorProto { name: Some("shapes"), number: Some(1), label: Some(Repeated), r#type: Some(Message), type_name: Some(".area_calculator.ShapeMessage"), extendee: None, default_value: None, oneof_index: None, json_name: Some("shapes"), options: None, proto3_optional: None }], extension: [], nested_type: [], enum_type: [], extension_range: [], oneof_decl: [], options: None, reserved_range: [], reserved_name: [] }, DescriptorProto { name: Some("AreaResponse"), field: [FieldDescriptorProto { name: Some("value"), number: Some(1), label: Some(Repeated), r#type: Some(Float), type_name: None, extendee: None, default_value: None, oneof_index: None, json_name: Some("value"), options: None, proto3_optional: None }], extension: [], nested_type: [], enum_type: [], extension_range: [], oneof_decl: [], options: None, reserved_range: [], reserved_name: [] }], enum_type: [], service: [ServiceDescriptorProto { name: Some("Calculator"), method: [MethodDescriptorProto { name: Some("calculateOne"), input_type: Some(".area_calculator.ShapeMessage"), output_type: Some(".area_calculator.AreaResponse"), options: Some(MethodOptions { deprecated: None, idempotency_level: None, uninterpreted_option: [] }), client_streaming: None, server_streaming: None }, MethodDescriptorProto { name: Some("calculateMulti"), input_type: Some(".area_calculator.AreaRequest"), output_type: Some(".area_calculator.AreaResponse"), options: Some(MethodOptions { deprecated: None, idempotency_level: None, uninterpreted_option: [] }), client_streaming: None, server_streaming: None }], options: None }], extension: [], options: Some(FileOptions { java_package: None, java_outer_classname: None, java_multiple_files: None, java_generate_equals_and_hash: None, java_string_check_utf8: None, optimize_for: None, go_package: Some("io.pact/area_calculator"), cc_generic_services: None, java_generic_services: None, py_generic_services: None, php_generic_services: Some(true), deprecated: None, cc_enable_arenas: None, objc_class_prefix: None, csharp_namespace: None, swift_prefix: None, php_class_prefix: None, php_namespace: None, php_metadata_namespace: None, ruby_package: None, uninterpreted_option: [] }), source_code_info: None, syntax: Some("proto3") }] }, service_name: "Calculator", message: SynchronousMessage { id: None, key: Some("c7fbe3ee"), description: "calculate rectangle area request", provider_states: [], comments: {"testname": String("io.pact.example.grpc.consumer.PactConsumerTest.calculateRectangleArea(MockServer, SynchronousMessages)")}, request: MessageContents { contents: Present(b"\x12\n\r\0\0@@\x15\0\0\x80@", Some(ContentType { main_type: "application", sub_type: "protobuf", attributes: {"message": "ShapeMessage"}, suffix: None }), Some(BINARY)), metadata: {}, matching_rules: MatchingRules { rules: {BODY: MatchingRuleCategory { name: BODY, rules: {DocPath { path_tokens: [Root, Field("rectangle"), Field("length")], expr: "$.rectangle.length" }: RuleList { rules: [Number], rule_logic: And, cascaded: false }, DocPath { path_tokens: [Root, Field("rectangle"), Field("width")], expr: "$.rectangle.width" }: RuleList { rules: [Number], rule_logic: And, cascaded: false }} }} }, generators: Generators { categories: {} } }, response: [MessageContents { contents: Present(b"\r\0\0@A", Some(ContentType { main_type: "application", sub_type: "protobuf", attributes: {"message": "AreaResponse"}, suffix: None }), Some(BINARY)), metadata: {}, matching_rules: MatchingRules { rules: {BODY: MatchingRuleCategory { name: BODY, rules: {DocPath { path_tokens: [Root, Field("value")], expr: "$.value" }: RuleList { rules: [Number], rule_logic: And, cascaded: false }} }} }, generators: Generators { categories: {} } }], pending: false, plugin_config: {"protobuf": {"service": String("Calculator/calculateOne"), "descriptorKey": String("a85dff8f82655a9681aad113575dcfbb")}}, interaction_markup: InteractionMarkup { markup: "```protobuf\nmessage ShapeMessage {\n    message .area_calculator.Rectangle rectangle = 2;\n}\n```\n\n```protobuf\nmessage AreaResponse {\n    float value = 1;\n}\n```\n", markup_type: "COMMON_MARK" }, transport: None }, method_descriptor: MethodDescriptorProto { name: Some("calculateOne"), input_type: Some(".area_calculator.ShapeMessage"), output_type: Some(".area_calculator.AreaResponse"), options: Some(MethodOptions { deprecated: None, idempotency_level: None, uninterpreted_option: [] }), client_streaming: None, server_streaming: None }, input_message: DescriptorProto { name: Some("ShapeMessage"), field: [FieldDescriptorProto { name: Some("square"), number: Some(1), label: Some(Optional), r#type: Some(Message), type_name: Some(".area_calculator.Square"), extendee: None, default_value: None, oneof_index: Some(0), json_name: Some("square"), options: None, proto3_optional: None }, FieldDescriptorProto { name: Some("rectangle"), number: Some(2), label: Some(Optional), r#type: Some(Message), type_name: Some(".area_calculator.Rectangle"), extendee: None, default_value: None, oneof_index: Some(0), json_name: Some("rectangle"), options: None, proto3_optional: None }, FieldDescriptorProto { name: Some("circle"), number: Some(3), label: Some(Optional), r#type: Some(Message), type_name: Some(".area_calculator.Circle"), extendee: None, default_value: None, oneof_index: Some(0), json_name: Some("circle"), options: None, proto3_optional: None }, FieldDescriptorProto { name: Some("triangle"), number: Some(4), label: Some(Optional), r#type: Some(Message), type_name: Some(".area_calculator.Triangle"), extendee: None, default_value: None, oneof_index: Some(0), json_name: Some("triangle"), options: None, proto3_optional: None }, FieldDescriptorProto { name: Some("parallelogram"), number: Some(5), label: Some(Optional), r#type: Some(Message), type_name: Some(".area_calculator.Parallelogram"), extendee: None, default_value: None, oneof_index: Some(0), json_name: Some("parallelogram"), options: None, proto3_optional: None }], extension: [], nested_type: [], enum_type: [], extension_range: [], oneof_decl: [OneofDescriptorProto { name: Some("shape"), options: None }], options: None, reserved_range: [], reserved_name: [] }, output_message: DescriptorProto { name: Some("AreaResponse"), field: [FieldDescriptorProto { name: Some("value"), number: Some(1), label: Some(Repeated), r#type: Some(Float), type_name: None, extendee: None, default_value: None, oneof_index: None, json_name: Some("value"), options: None, proto3_optional: None }], extension: [], nested_type: [], enum_type: [], extension_range: [], oneof_decl: [], options: None, reserved_range: [], reserved_name: [] }, server_key: "5cae5f82-fec2-43c6-9739-60d0383d84ec" } ?[3mrequest?[0m?[2m=?[0mDynamicMessage { descriptor: DescriptorProto { name: Some("ShapeMessage"), field: [FieldDescriptorProto { name: Some("square"), number: Some(1), label: Some(Optional), r#type: Some(Message), type_name: Some(".area_calculator.Square"), extendee: None, default_value: None, oneof_index: Some(0), json_name: Some("square"), options: None, proto3_optional: None }, FieldDescriptorProto { name: Some("rectangle"), number: Some(2), label: Some(Optional), r#type: Some(Message), type_name: Some(".area_calculator.Rectangle"), extendee: None, default_value: None, oneof_index: Some(0), json_name: Some("rectangle"), options: None, proto3_optional: None }, FieldDescriptorProto { name: Some("circle"), number: Some(3), label: Some(Optional), r#type: Some(Message), type_name: Some(".area_calculator.Circle"), extendee: None, default_value: None, oneof_index: Some(0), json_name: Some("circle"), options: None, proto3_optional: None }, FieldDescriptorProto { name: Some("triangle"), number: Some(4), label: Some(Optional), r#type: Some(Message), type_name: Some(".area_calculator.Triangle"), extendee: None, default_value: None, oneof_index: Some(0), json_name: Some("triangle"), options: None, proto3_optional: None }, FieldDescriptorProto { name: Some("parallelogram"), number: Some(5), label: Some(Optional), r#type: Some(Message), type_name: Some(".area_calculator.Parallelogram"), extendee: None, default_value: None, oneof_index: Some(0), json_name: Some("parallelogram"), options: None, proto3_optional: None }], extension: [], nested_type: [], enum_type: [], extension_range: [], oneof_decl: [OneofDescriptorProto { name: Some("shape"), options: None }], options: None, reserved_range: [], reserved_name: [] }, fields: [ProtobufField { field_num: 2, wire_type: LengthDelimited, data: Message([13, 0, 0, 64, 64, 21, 0, 0, 128, 64], DescriptorProto { name: Some("Rectangle"), field: [FieldDescriptorProto { name: Some("length"), number: Some(1), label: Some(Optional), r#type: Some(Float), type_name: None, extendee: None, default_value: None, oneof_index: None, json_name: Some("length"), options: None, proto3_optional: None }, FieldDescriptorProto { name: Some("width"), number: Some(2), label: Some(Optional), r#type: Some(Float), type_name: None, extendee: None, default_value: None, oneof_index: None, json_name: Some("width"), options: None, proto3_optional: None }], extension: [], nested_type: [], enum_type: [], extension_range: [], oneof_decl: [], options: None, reserved_range: [], reserved_name: [] }) }] } ?[3mmessage_descriptor?[0m?[2m=?[0mDescriptorProto { name: Some("ShapeMessage"), field: [FieldDescriptorProto { name: Some("square"), number: Some(1), label: Some(Optional), r#type: Some(Message), type_name: Some(".area_calculator.Square"), extendee: None, default_value: None, oneof_index: Some(0), json_name: Some("square"), options: None, proto3_optional: None }, FieldDescriptorProto { name: Some("rectangle"), number: Some(2), label: Some(Optional), r#type: Some(Message), type_name: Some(".area_calculator.Rectangle"), extendee: None, default_value: None, oneof_index: Some(0), json_name: Some("rectangle"), options: None, proto3_optional: None }, FieldDescriptorProto { name: Some("circle"), number: Some(3), label: Some(Optional), r#type: Some(Message), type_name: Some(".area_calculator.Circle"), extendee: None, default_value: None, oneof_index: Some(0), json_name: Some("circle"), options: None, proto3_optional: None }, FieldDescriptorProto { name: Some("triangle"), number: Some(4), label: Some(Optional), r#type: Some(Message), type_name: Some(".area_calculator.Triangle"), extendee: None, default_value: None, oneof_index: Some(0), json_name: Some("triangle"), options: None, proto3_optional: None }, FieldDescriptorProto { name: Some("parallelogram"), number: Some(5), label: Some(Optional), r#type: Some(Message), type_name: Some(".area_calculator.Parallelogram"), extendee: None, default_value: None, oneof_index: Some(0), json_name: Some("parallelogram"), options: None, proto3_optional: None }], extension: [], nested_type: [], enum_type: [], extension_range: [], oneof_decl: [OneofDescriptorProto { name: Some("shape"), options: None }], options: None, reserved_range: [], reserved_name: [] } ?[3mresponse_descriptor?[0m?[2m=?[0mDescriptorProto { name: Some("AreaResponse"), field: [FieldDescriptorProto { name: Some("value"), number: Some(1), label: Some(Repeated), r#type: Some(Float), type_name: None, extendee: None, default_value: None, oneof_index: None, json_name: Some("value"), options: None, proto3_optional: None }], extension: [], nested_type: [], enum_type: [], extension_range: [], oneof_decl: [], options: None, reserved_range: [], reserved_name: [] }?[1m}?[0m?[2m:?[0m ?[2mpact_protobuf_plugin::matching?[0m?[2m:?[0m Field is a normal message
15:05:16.530 [Thread-5] DEBUG i.pact.plugins.jvm.core.ChildProcess - Plugin protobuf [46038] || ?[2m2023-03-27T09:35:16.529131Z?[0m ?[35mTRACE?[0m tokio-runtime-worker ?[1mrequest?[0m?[1m{?[0m?[3mmethod?[0m?[2m=?[0mPOST ?[3muri?[0m?[2m=?[0mhttp://127.0.0.1:53791/area_calculator.Calculator/calculateOne ?[3mversion?[0m?[2m=?[0mHTTP/2.0?[1m}?[0m?[2m:?[0m?[1mcall?[0m?[1m{?[0m?[3mself?[0m?[2m=?[0mGrpcMockServer { pact: V4Pact { consumer: Consumer { name: "grpc-consumer-jvm" }, provider: Provider { name: "area-calculator-provider" }, interactions: [SynchronousMessage { id: None, key: Some("c7fbe3ee"), description: "calculate rectangle area request", provider_states: [], comments: {"testname": String("io.pact.example.grpc.consumer.PactConsumerTest.calculateRectangleArea(MockServer, SynchronousMessages)")}, request: MessageContents { contents: Present(b"\x12\n\r\0\0@@\x15\0\0\x80@", Some(ContentType { main_type: "application", sub_type: "protobuf", attributes: {"message": "ShapeMessage"}, suffix: None }), Some(BINARY)), metadata: {}, matching_rules: MatchingRules { rules: {BODY: MatchingRuleCategory { name: BODY, rules: {DocPath { path_tokens: [Root, Field("rectangle"), Field("length")], expr: "$.rectangle.length" }: RuleList { rules: [Number], rule_logic: And, cascaded: false }, DocPath { path_tokens: [Root, Field("rectangle"), Field("width")], expr: "$.rectangle.width" }: RuleList { rules: [Number], rule_logic: And, cascaded: false }} }} }, generators: Generators { categories: {} } }, response: [MessageContents { contents: Present(b"\r\0\0@A", Some(ContentType { main_type: "application", sub_type: "protobuf", attributes: {"message": "AreaResponse"}, suffix: None }), Some(BINARY)), metadata: {}, matching_rules: MatchingRules { rules: {BODY: MatchingRuleCategory { name: BODY, rules: {DocPath { path_tokens: [Root, Field("value")], expr: "$.value" }: RuleList { rules: [Number], rule_logic: And, cascaded: false }} }} }, generators: Generators { categories: {} } }], pending: false, plugin_config: {"protobuf": {"service": String("Calculator/calculateOne"), "descriptorKey": String("a85dff8f82655a9681aad113575dcfbb")}}, interaction_markup: InteractionMarkup { markup: "```protobuf\nmessage ShapeMessage {\n    message .area_calculator.Rectangle rectangle = 2;\n}\n```\n\n```protobuf\nmessage AreaResponse {\n    float value = 1;\n}\n```\n", markup_type: "COMMON_MARK" }, transport: None }], metadata: {"pact-jvm": Object({"version": String("4.4.2")}), "pactSpecification": Object({"version": String("4.0")})}, plugin_data: [PluginData { name: "protobuf", version: "0.1.5", configuration: {"a85dff8f82655a9681aad113575dcfbb": Object({"protoDescriptors": String("CsoHChVhcmVhX2NhbGN1bGF0b3IucHJvdG8SD2FyZWFfY2FsY3VsYXRvciK6AgoMU2hhcGVNZXNzYWdlEjEKBnNxdWFyZRgBIAEoCzIXLmFyZWFfY2FsY3VsYXRvci5TcXVhcmVIAFIGc3F1YXJlEjoKCXJlY3RhbmdsZRgCIAEoCzIaLmFyZWFfY2FsY3VsYXRvci5SZWN0YW5nbGVIAFIJcmVjdGFuZ2xlEjEKBmNpcmNsZRgDIAEoCzIXLmFyZWFfY2FsY3VsYXRvci5DaXJjbGVIAFIGY2lyY2xlEjcKCHRyaWFuZ2xlGAQgASgLMhkuYXJlYV9jYWxjdWxhdG9yLlRyaWFuZ2xlSABSCHRyaWFuZ2xlEkYKDXBhcmFsbGVsb2dyYW0YBSABKAsyHi5hcmVhX2NhbGN1bGF0b3IuUGFyYWxsZWxvZ3JhbUgAUg1wYXJhbGxlbG9ncmFtQgcKBXNoYXBlIikKBlNxdWFyZRIfCgtlZGdlX2xlbmd0aBgBIAEoAlIKZWRnZUxlbmd0aCI5CglSZWN0YW5nbGUSFgoGbGVuZ3RoGAEgASgCUgZsZW5ndGgSFAoFd2lkdGgYAiABKAJSBXdpZHRoIiAKBkNpcmNsZRIWCgZyYWRpdXMYASABKAJSBnJhZGl1cyJPCghUcmlhbmdsZRIVCgZlZGdlX2EYASABKAJSBWVkZ2VBEhUKBmVkZ2VfYhgCIAEoAlIFZWRnZUISFQoGZWRnZV9jGAMgASgCUgVlZGdlQyJICg1QYXJhbGxlbG9ncmFtEh8KC2Jhc2VfbGVuZ3RoGAEgASgCUgpiYXNlTGVuZ3RoEhYKBmhlaWdodBgCIAEoAlIGaGVpZ2h0IkQKC0FyZWFSZXF1ZXN0EjUKBnNoYXBlcxgBIAMoCzIdLmFyZWFfY2FsY3VsYXRvci5TaGFwZU1lc3NhZ2VSBnNoYXBlcyIkCgxBcmVhUmVzcG9uc2USFAoFdmFsdWUYASADKAJSBXZhbHVlMq0BCgpDYWxjdWxhdG9yEk4KDGNhbGN1bGF0ZU9uZRIdLmFyZWFfY2FsY3VsYXRvci5TaGFwZU1lc3NhZ2UaHS5hcmVhX2NhbGN1bGF0b3IuQXJlYVJlc3BvbnNlIgASTwoOY2FsY3VsYXRlTXVsdGkSHC5hcmVhX2NhbGN1bGF0b3IuQXJlYVJlcXVlc3QaHS5hcmVhX2NhbGN1bGF0b3IuQXJlYVJlc3BvbnNlIgBCHFoXaW8ucGFjdC9hcmVhX2NhbGN1bGF0b3LQAgFiBnByb3RvMw=="), "protoFile": String("syntax = \"proto3\";\n\npackage area_calculator;\n\noption php_generic_services = true;\noption go_package = \"io.pact/area_calculator\";\n\nservice Calculator {\n  rpc calculateOne (ShapeMessage) returns (AreaResponse) {}\n  rpc calculateMulti (AreaRequest) returns (AreaResponse) {}\n}\n\nmessage ShapeMessage {\n  oneof shape {\n    Square square = 1;\n    Rectangle rectangle = 2;\n    Circle circle = 3;\n    Triangle triangle = 4;\n    Parallelogram parallelogram = 5;\n  }\n}\n\nmessage Square {\n  float edge_length = 1;\n}\n\nmessage Rectangle {\n  float length = 1;\n  float width = 2;\n}\n\nmessage Circle {\n  float radius = 1;\n}\n\nmessage Triangle {\n  float edge_a = 1;\n  float edge_b = 2;\n  float edge_c = 3;\n}\n\nmessage Parallelogram {\n  float base_length = 1;\n  float height = 2;\n}\n\nmessage AreaRequest {\n  repeated ShapeMessage shapes = 1;\n}\n\nmessage AreaResponse {\n  repeated float value = 1;\n}\n")})} }] }, plugin_config: PluginData { name: "protobuf", version: "0.1.5", configuration: {"a85dff8f82655a9681aad113575dcfbb": Object({"protoDescriptors": String("CsoHChVhcmVhX2NhbGN1bGF0b3IucHJvdG8SD2FyZWFfY2FsY3VsYXRvciK6AgoMU2hhcGVNZXNzYWdlEjEKBnNxdWFyZRgBIAEoCzIXLmFyZWFfY2FsY3VsYXRvci5TcXVhcmVIAFIGc3F1YXJlEjoKCXJlY3RhbmdsZRgCIAEoCzIaLmFyZWFfY2FsY3VsYXRvci5SZWN0YW5nbGVIAFIJcmVjdGFuZ2xlEjEKBmNpcmNsZRgDIAEoCzIXLmFyZWFfY2FsY3VsYXRvci5DaXJjbGVIAFIGY2lyY2xlEjcKCHRyaWFuZ2xlGAQgASgLMhkuYXJlYV9jYWxjdWxhdG9yLlRyaWFuZ2xlSABSCHRyaWFuZ2xlEkYKDXBhcmFsbGVsb2dyYW0YBSABKAsyHi5hcmVhX2NhbGN1bGF0b3IuUGFyYWxsZWxvZ3JhbUgAUg1wYXJhbGxlbG9ncmFtQgcKBXNoYXBlIikKBlNxdWFyZRIfCgtlZGdlX2xlbmd0aBgBIAEoAlIKZWRnZUxlbmd0aCI5CglSZWN0YW5nbGUSFgoGbGVuZ3RoGAEgASgCUgZsZW5ndGgSFAoFd2lkdGgYAiABKAJSBXdpZHRoIiAKBkNpcmNsZRIWCgZyYWRpdXMYASABKAJSBnJhZGl1cyJPCghUcmlhbmdsZRIVCgZlZGdlX2EYASABKAJSBWVkZ2VBEhUKBmVkZ2VfYhgCIAEoAlIFZWRnZUISFQoGZWRnZV9jGAMgASgCUgVlZGdlQyJICg1QYXJhbGxlbG9ncmFtEh8KC2Jhc2VfbGVuZ3RoGAEgASgCUgpiYXNlTGVuZ3RoEhYKBmhlaWdodBgCIAEoAlIGaGVpZ2h0IkQKC0FyZWFSZXF1ZXN0EjUKBnNoYXBlcxgBIAMoCzIdLmFyZWFfY2FsY3VsYXRvci5TaGFwZU1lc3NhZ2VSBnNoYXBlcyIkCgxBcmVhUmVzcG9uc2USFAoFdmFsdWUYASADKAJSBXZhbHVlMq0BCgpDYWxjdWxhdG9yEk4KDGNhbGN1bGF0ZU9uZRIdLmFyZWFfY2FsY3VsYXRvci5TaGFwZU1lc3NhZ2UaHS5hcmVhX2NhbGN1bGF0b3IuQXJlYVJlc3BvbnNlIgASTwoOY2FsY3VsYXRlTXVsdGkSHC5hcmVhX2NhbGN1bGF0b3IuQXJlYVJlcXVlc3QaHS5hcmVhX2NhbGN1bGF0b3IuQXJlYVJlc3BvbnNlIgBCHFoXaW8ucGFjdC9hcmVhX2NhbGN1bGF0b3LQAgFiBnByb3RvMw=="), "protoFile": String("syntax = \"proto3\";\n\npackage area_calculator;\n\noption php_generic_services = true;\noption go_package = \"io.pact/area_calculator\";\n\nservice Calculator {\n  rpc calculateOne (ShapeMessage) returns (AreaResponse) {}\n  rpc calculateMulti (AreaRequest) returns (AreaResponse) {}\n}\n\nmessage ShapeMessage {\n  oneof shape {\n    Square square = 1;\n    Rectangle rectangle = 2;\n    Circle circle = 3;\n    Triangle triangle = 4;\n    Parallelogram parallelogram = 5;\n  }\n}\n\nmessage Square {\n  float edge_length = 1;\n}\n\nmessage Rectangle {\n  float length = 1;\n  float width = 2;\n}\n\nmessage Circle {\n  float radius = 1;\n}\n\nmessage Triangle {\n  float edge_a = 1;\n  float edge_b = 2;\n  float edge_c = 3;\n}\n\nmessage Parallelogram {\n  float base_length = 1;\n  float height = 2;\n}\n\nmessage AreaRequest {\n  repeated ShapeMessage shapes = 1;\n}\n\nmessage AreaResponse {\n  repeated float value = 1;\n}\n")})} }, descriptors: {"a85dff8f82655a9681aad113575dcfbb": FileDescriptorSet { file: [FileDescriptorProto { name: Some("area_calculator.proto"), package: Some("area_calculator"), dependency: [], public_dependency: [], weak_dependency: [], message_type: [DescriptorProto { name: Some("ShapeMessage"), field: [FieldDescriptorProto { name: Some("square"), number: Some(1), label: Some(Optional), r#type: Some(Message), type_name: Some(".area_calculator.Square"), extendee: None, default_value: None, oneof_index: Some(0), json_name: Some("square"), options: None, proto3_optional: None }, FieldDescriptorProto { name: Some("rectangle"), number: Some(2), label: Some(Optional), r#type: Some(Message), type_name: Some(".area_calculator.Rectangle"), extendee: None, default_value: None, oneof_index: Some(0), json_name: Some("rectangle"), options: None, proto3_optional: None }, FieldDescriptorProto { name: Some("circle"), number: Some(3), label: Some(Optional), r#type: Some(Message), type_name: Some(".area_calculator.Circle"), extendee: None, default_value: None, oneof_index: Some(0), json_name: Some("circle"), options: None, proto3_optional: None }, FieldDescriptorProto { name: Some("triangle"), number: Some(4), label: Some(Optional), r#type: Some(Message), type_name: Some(".area_calculator.Triangle"), extendee: None, default_value: None, oneof_index: Some(0), json_name: Some("triangle"), options: None, proto3_optional: None }, FieldDescriptorProto { name: Some("parallelogram"), number: Some(5), label: Some(Optional), r#type: Some(Message), type_name: Some(".area_calculator.Parallelogram"), extendee: None, default_value: None, oneof_index: Some(0), json_name: Some("parallelogram"), options: None, proto3_optional: None }], extension: [], nested_type: [], enum_type: [], extension_range: [], oneof_decl: [OneofDescriptorProto { name: Some("shape"), options: None }], options: None, reserved_range: [], reserved_name: [] }, DescriptorProto { name: Some("Square"), field: [FieldDescriptorProto { name: Some("edge_length"), number: Some(1), label: Some(Optional), r#type: Some(Float), type_name: None, extendee: None, default_value: None, oneof_index: None, json_name: Some("edgeLength"), options: None, proto3_optional: None }], extension: [], nested_type: [], enum_type: [], extension_range: [], oneof_decl: [], options: None, reserved_range: [], reserved_name: [] }, DescriptorProto { name: Some("Rectangle"), field: [FieldDescriptorProto { name: Some("length"), number: Some(1), label: Some(Optional), r#type: Some(Float), type_name: None, extendee: None, default_value: None, oneof_index: None, json_name: Some("length"), options: None, proto3_optional: None }, FieldDescriptorProto { name: Some("width"), number: Some(2), label: Some(Optional), r#type: Some(Float), type_name: None, extendee: None, default_value: None, oneof_index: None, json_name: Some("width"), options: None, proto3_optional: None }], extension: [], nested_type: [], enum_type: [], extension_range: [], oneof_decl: [], options: None, reserved_range: [], reserved_name: [] }, DescriptorProto { name: Some("Circle"), field: [FieldDescriptorProto { name: Some("radius"), number: Some(1), label: Some(Optional), r#type: Some(Float), type_name: None, extendee: None, default_value: None, oneof_index: None, json_name: Some("radius"), options: None, proto3_optional: None }], extension: [], nested_type: [], enum_type: [], extension_range: [], oneof_decl: [], options: None, reserved_range: [], reserved_name: [] }, DescriptorProto { name: Some("Triangle"), field: [FieldDescriptorProto { name: Some("edge_a"), number: Some(1), label: Some(Optional), r#type: Some(Float), type_name: None, extendee: None, default_value: None, oneof_index: None, json_name: Some("edgeA"), options: None, proto3_optional: None }, FieldDescriptorProto { name: Some("edge_b"), number: Some(2), label: Some(Optional), r#type: Some(Float), type_name: None, extendee: None, default_value: None, oneof_index: None, json_name: Some("edgeB"), options: None, proto3_optional: None }, FieldDescriptorProto { name: Some("edge_c"), number: Some(3), label: Some(Optional), r#type: Some(Float), type_name: None, extendee: None, default_value: None, oneof_index: None, json_name: Some("edgeC"), options: None, proto3_optional: None }], extension: [], nested_type: [], enum_type: [], extension_range: [], oneof_decl: [], options: None, reserved_range: [], reserved_name: [] }, DescriptorProto { name: Some("Parallelogram"), field: [FieldDescriptorProto { name: Some("base_length"), number: Some(1), label: Some(Optional), r#type: Some(Float), type_name: None, extendee: None, default_value: None, oneof_index: None, json_name: Some("baseLength"), options: None, proto3_optional: None }, FieldDescriptorProto { name: Some("height"), number: Some(2), label: Some(Optional), r#type: Some(Float), type_name: None, extendee: None, default_value: None, oneof_index: None, json_name: Some("height"), options: None, proto3_optional: None }], extension: [], nested_type: [], enum_type: [], extension_range: [], oneof_decl: [], options: None, reserved_range: [], reserved_name: [] }, DescriptorProto { name: Some("AreaRequest"), field: [FieldDescriptorProto { name: Some("shapes"), number: Some(1), label: Some(Repeated), r#type: Some(Message), type_name: Some(".area_calculator.ShapeMessage"), extendee: None, default_value: None, oneof_index: None, json_name: Some("shapes"), options: None, proto3_optional: None }], extension: [], nested_type: [], enum_type: [], extension_range: [], oneof_decl: [], options: None, reserved_range: [], reserved_name: [] }, DescriptorProto { name: Some("AreaResponse"), field: [FieldDescriptorProto { name: Some("value"), number: Some(1), label: Some(Repeated), r#type: Some(Float), type_name: None, extendee: None, default_value: None, oneof_index: None, json_name: Some("value"), options: None, proto3_optional: None }], extension: [], nested_type: [], enum_type: [], extension_range: [], oneof_decl: [], options: None, reserved_range: [], reserved_name: [] }], enum_type: [], service: [ServiceDescriptorProto { name: Some("Calculator"), method: [MethodDescriptorProto { name: Some("calculateOne"), input_type: Some(".area_calculator.ShapeMessage"), output_type: Some(".area_calculator.AreaResponse"), options: Some(MethodOptions { deprecated: None, idempotency_level: None, uninterpreted_option: [] }), client_streaming: None, server_streaming: None }, MethodDescriptorProto { name: Some("calculateMulti"), input_type: Some(".area_calculator.AreaRequest"), output_type: Some(".area_calculator.AreaResponse"), options: Some(MethodOptions { deprecated: None, idempotency_level: None, uninterpreted_option: [] }), client_streaming: None, server_streaming: None }], options: None }], extension: [], options: Some(FileOptions { java_package: None, java_outer_classname: None, java_multiple_files: None, java_generate_equals_and_hash: None, java_string_check_utf8: None, optimize_for: None, go_package: Some("io.pact/area_calculator"), cc_generic_services: None, java_generic_services: None, py_generic_services: None, php_generic_services: Some(true), deprecated: None, cc_enable_arenas: None, objc_class_prefix: None, csharp_namespace: None, swift_prefix: None, php_class_prefix: None, php_namespace: None, php_metadata_namespace: None, ruby_package: None, uninterpreted_option: [] }), source_code_info: None, syntax: Some("proto3") }] }}, routes: {"Calculator/calculateOne": (FileDescriptorSet { file: [FileDescriptorProto { name: Some("area_calculator.proto"), package: Some("area_calculator"), dependency: [], public_dependency: [], weak_dependency: [], message_type: [DescriptorProto { name: Some("ShapeMessage"), field: [FieldDescriptorProto { name: Some("square"), number: Some(1), label: Some(Optional), r#type: Some(Message), type_name: Some(".area_calculator.Square"), extendee: None, default_value: None, oneof_index: Some(0), json_name: Some("square"), options: None, proto3_optional: None }, FieldDescriptorProto { name: Some("rectangle"), number: Some(2), label: Some(Optional), r#type: Some(Message), type_name: Some(".area_calculator.Rectangle"), extendee: None, default_value: None, oneof_index: Some(0), json_name: Some("rectangle"), options: None, proto3_optional: None }, FieldDescriptorProto { name: Some("circle"), number: Some(3), label: Some(Optional), r#type: Some(Message), type_name: Some(".area_calculator.Circle"), extendee: None, default_value: None, oneof_index: Some(0), json_name: Some("circle"), options: None, proto3_optional: None }, FieldDescriptorProto { name: Some("triangle"), number: Some(4), label: Some(Optional), r#type: Some(Message), type_name: Some(".area_calculator.Triangle"), extendee: None, default_value: None, oneof_index: Some(0), json_name: Some("triangle"), options: None, proto3_optional: None }, FieldDescriptorProto { name: Some("parallelogram"), number: Some(5), label: Some(Optional), r#type: Some(Message), type_name: Some(".area_calculator.Parallelogram"), extendee: None, default_value: None, oneof_index: Some(0), json_name: Some("parallelogram"), options: None, proto3_optional: None }], extension: [], nested_type: [], enum_type: [], extension_range: [], oneof_decl: [OneofDescriptorProto { name: Some("shape"), options: None }], options: None, reserved_range: [], reserved_name: [] }, DescriptorProto { name: Some("Square"), field: [FieldDescriptorProto { name: Some("edge_length"), number: Some(1), label: Some(Optional), r#type: Some(Float), type_name: None, extendee: None, default_value: None, oneof_index: None, json_name: Some("edgeLength"), options: None, proto3_optional: None }], extension: [], nested_type: [], enum_type: [], extension_range: [], oneof_decl: [], options: None, reserved_range: [], reserved_name: [] }, DescriptorProto { name: Some("Rectangle"), field: [FieldDescriptorProto { name: Some("length"), number: Some(1), label: Some(Optional), r#type: Some(Float), type_name: None, extendee: None, default_value: None, oneof_index: None, json_name: Some("length"), options: None, proto3_optional: None }, FieldDescriptorProto { name: Some("width"), number: Some(2), label: Some(Optional), r#type: Some(Float), type_name: None, extendee: None, default_value: None, oneof_index: None, json_name: Some("width"), options: None, proto3_optional: None }], extension: [], nested_type: [], enum_type: [], extension_range: [], oneof_decl: [], options: None, reserved_range: [], reserved_name: [] }, DescriptorProto { name: Some("Circle"), field: [FieldDescriptorProto { name: Some("radius"), number: Some(1), label: Some(Optional), r#type: Some(Float), type_name: None, extendee: None, default_value: None, oneof_index: None, json_name: Some("radius"), options: None, proto3_optional: None }], extension: [], nested_type: [], enum_type: [], extension_range: [], oneof_decl: [], options: None, reserved_range: [], reserved_name: [] }, DescriptorProto { name: Some("Triangle"), field: [FieldDescriptorProto { name: Some("edge_a"), number: Some(1), label: Some(Optional), r#type: Some(Float), type_name: None, extendee: None, default_value: None, oneof_index: None, json_name: Some("edgeA"), options: None, proto3_optional: None }, FieldDescriptorProto { name: Some("edge_b"), number: Some(2), label: Some(Optional), r#type: Some(Float), type_name: None, extendee: None, default_value: None, oneof_index: None, json_name: Some("edgeB"), options: None, proto3_optional: None }, FieldDescriptorProto { name: Some("edge_c"), number: Some(3), label: Some(Optional), r#type: Some(Float), type_name: None, extendee: None, default_value: None, oneof_index: None, json_name: Some("edgeC"), options: None, proto3_optional: None }], extension: [], nested_type: [], enum_type: [], extension_range: [], oneof_decl: [], options: None, reserved_range: [], reserved_name: [] }, DescriptorProto { name: Some("Parallelogram"), field: [FieldDescriptorProto { name: Some("base_length"), number: Some(1), label: Some(Optional), r#type: Some(Float), type_name: None, extendee: None, default_value: None, oneof_index: None, json_name: Some("baseLength"), options: None, proto3_optional: None }, FieldDescriptorProto { name: Some("height"), number: Some(2), label: Some(Optional), r#type: Some(Float), type_name: None, extendee: None, default_value: None, oneof_index: None, json_name: Some("height"), options: None, proto3_optional: None }], extension: [], nested_type: [], enum_type: [], extension_range: [], oneof_decl: [], options: None, reserved_range: [], reserved_name: [] }, DescriptorProto { name: Some("AreaRequest"), field: [FieldDescriptorProto { name: Some("shapes"), number: Some(1), label: Some(Repeated), r#type: Some(Message), type_name: Some(".area_calculator.ShapeMessage"), extendee: None, default_value: None, oneof_index: None, json_name: Some("shapes"), options: None, proto3_optional: None }], extension: [], nested_type: [], enum_type: [], extension_range: [], oneof_decl: [], options: None, reserved_range: [], reserved_name: [] }, DescriptorProto { name: Some("AreaResponse"), field: [FieldDescriptorProto { name: Some("value"), number: Some(1), label: Some(Repeated), r#type: Some(Float), type_name: None, extendee: None, default_value: None, oneof_index: None, json_name: Some("value"), options: None, proto3_optional: None }], extension: [], nested_type: [], enum_type: [], extension_range: [], oneof_decl: [], options: None, reserved_range: [], reserved_name: [] }], enum_type: [], service: [ServiceDescriptorProto { name: Some("Calculator"), method: [MethodDescriptorProto { name: Some("calculateOne"), input_type: Some(".area_calculator.ShapeMessage"), output_type: Some(".area_calculator.AreaResponse"), options: Some(MethodOptions { deprecated: None, idempotency_level: None, uninterpreted_option: [] }), client_streaming: None, server_streaming: None }, MethodDescriptorProto { name: Some("calculateMulti"), input_type: Some(".area_calculator.AreaRequest"), output_type: Some(".area_calculator.AreaResponse"), options: Some(MethodOptions { deprecated: None, idempotency_level: None, uninterpreted_option: [] }), client_streaming: None, server_streaming: None }], options: None }], extension: [], options: Some(FileOptions { java_package: None, java_outer_classname: None, java_multiple_files: None, java_generate_equals_and_hash: None, java_string_check_utf8: None, optimize_for: None, go_package: Some("io.pact/area_calculator"), cc_generic_services: None, java_generic_services: None, py_generic_services: None, php_generic_services: Some(true), deprecated: None, cc_enable_arenas: None, objc_class_prefix: None, csharp_namespace: None, swift_prefix: None, php_class_prefix: None, php_namespace: None, php_metadata_namespace: None, ruby_package: None, uninterpreted_option: [] }), source_code_info: None, syntax: Some("proto3") }] }, MethodDescriptorProto { name: Some("calculateOne"), input_type: Some(".area_calculator.ShapeMessage"), output_type: Some(".area_calculator.AreaResponse"), options: Some(MethodOptions { deprecated: None, idempotency_level: None, uninterpreted_option: [] }), client_streaming: None, server_streaming: None }, SynchronousMessage { id: None, key: Some("c7fbe3ee"), description: "calculate rectangle area request", provider_states: [], comments: {"testname": String("io.pact.example.grpc.consumer.PactConsumerTest.calculateRectangleArea(MockServer, SynchronousMessages)")}, request: MessageContents { contents: Present(b"\x12\n\r\0\0@@\x15\0\0\x80@", Some(ContentType { main_type: "application", sub_type: "protobuf", attributes: {"message": "ShapeMessage"}, suffix: None }), Some(BINARY)), metadata: {}, matching_rules: MatchingRules { rules: {BODY: MatchingRuleCategory { name: BODY, rules: {DocPath { path_tokens: [Root, Field("rectangle"), Field("length")], expr: "$.rectangle.length" }: RuleList { rules: [Number], rule_logic: And, cascaded: false }, DocPath { path_tokens: [Root, Field("rectangle"), Field("width")], expr: "$.rectangle.width" }: RuleList { rules: [Number], rule_logic: And, cascaded: false }} }} }, generators: Generators { categories: {} } }, response: [MessageContents { contents: Present(b"\r\0\0@A", Some(ContentType { main_type: "application", sub_type: "protobuf", attributes: {"message": "AreaResponse"}, suffix: None }), Some(BINARY)), metadata: {}, matching_rules: MatchingRules { rules: {BODY: MatchingRuleCategory { name: BODY, rules: {DocPath { path_tokens: [Root, Field("value")], expr: "$.value" }: RuleList { rules: [Number], rule_logic: And, cascaded: false }} }} }, generators: Generators { categories: {} } }], pending: false, plugin_config: {"protobuf": {"service": String("Calculator/calculateOne"), "descriptorKey": String("a85dff8f82655a9681aad113575dcfbb")}}, interaction_markup: InteractionMarkup { markup: "```protobuf\nmessage ShapeMessage {\n    message .area_calculator.Rectangle rectangle = 2;\n}\n```\n\n```protobuf\nmessage AreaResponse {\n    float value = 1;\n}\n```\n", markup_type: "COMMON_MARK" }, transport: None })}, server_key: "5cae5f82-fec2-43c6-9739-60d0383d84ec" } ?[3mreq?[0m?[2m=?[0mRequest { method: POST, uri: http://127.0.0.1:53791/area_calculator.Calculator/calculateOne, version: HTTP/2.0, headers: {"content-type": "application/grpc", "te": "trailers", "user-agent": "grpc-java-netty/1.49.0", "grpc-accept-encoding": "gzip"}, body: Body(Streaming) }?[1m}?[0m?[2m:?[0m?[1mmock_server_handler?[0m?[1m{?[0m?[3mkey?[0m?[2m=?[0m"5cae5f82-fec2-43c6-9739-60d0383d84ec"?[1m}?[0m?[2m:?[0m?[1mhandle_message?[0m?[1m{?[0m?[3mself?[0m?[2m=?[0mMockService { file_descriptor_set: FileDescriptorSet { file: [FileDescriptorProto { name: Some("area_calculator.proto"), package: Some("area_calculator"), dependency: [], public_dependency: [], weak_dependency: [], message_type: [DescriptorProto { name: Some("ShapeMessage"), field: [FieldDescriptorProto { name: Some("square"), number: Some(1), label: Some(Optional), r#type: Some(Message), type_name: Some(".area_calculator.Square"), extendee: None, default_value: None, oneof_index: Some(0), json_name: Some("square"), options: None, proto3_optional: None }, FieldDescriptorProto { name: Some("rectangle"), number: Some(2), label: Some(Optional), r#type: Some(Message), type_name: Some(".area_calculator.Rectangle"), extendee: None, default_value: None, oneof_index: Some(0), json_name: Some("rectangle"), options: None, proto3_optional: None }, FieldDescriptorProto { name: Some("circle"), number: Some(3), label: Some(Optional), r#type: Some(Message), type_name: Some(".area_calculator.Circle"), extendee: None, default_value: None, oneof_index: Some(0), json_name: Some("circle"), options: None, proto3_optional: None }, FieldDescriptorProto { name: Some("triangle"), number: Some(4), label: Some(Optional), r#type: Some(Message), type_name: Some(".area_calculator.Triangle"), extendee: None, default_value: None, oneof_index: Some(0), json_name: Some("triangle"), options: None, proto3_optional: None }, FieldDescriptorProto { name: Some("parallelogram"), number: Some(5), label: Some(Optional), r#type: Some(Message), type_name: Some(".area_calculator.Parallelogram"), extendee: None, default_value: None, oneof_index: Some(0), json_name: Some("parallelogram"), options: None, proto3_optional: None }], extension: [], nested_type: [], enum_type: [], extension_range: [], oneof_decl: [OneofDescriptorProto { name: Some("shape"), options: None }], options: None, reserved_range: [], reserved_name: [] }, DescriptorProto { name: Some("Square"), field: [FieldDescriptorProto { name: Some("edge_length"), number: Some(1), label: Some(Optional), r#type: Some(Float), type_name: None, extendee: None, default_value: None, oneof_index: None, json_name: Some("edgeLength"), options: None, proto3_optional: None }], extension: [], nested_type: [], enum_type: [], extension_range: [], oneof_decl: [], options: None, reserved_range: [], reserved_name: [] }, DescriptorProto { name: Some("Rectangle"), field: [FieldDescriptorProto { name: Some("length"), number: Some(1), label: Some(Optional), r#type: Some(Float), type_name: None, extendee: None, default_value: None, oneof_index: None, json_name: Some("length"), options: None, proto3_optional: None }, FieldDescriptorProto { name: Some("width"), number: Some(2), label: Some(Optional), r#type: Some(Float), type_name: None, extendee: None, default_value: None, oneof_index: None, json_name: Some("width"), options: None, proto3_optional: None }], extension: [], nested_type: [], enum_type: [], extension_range: [], oneof_decl: [], options: None, reserved_range: [], reserved_name: [] }, DescriptorProto { name: Some("Circle"), field: [FieldDescriptorProto { name: Some("radius"), number: Some(1), label: Some(Optional), r#type: Some(Float), type_name: None, extendee: None, default_value: None, oneof_index: None, json_name: Some("radius"), options: None, proto3_optional: None }], extension: [], nested_type: [], enum_type: [], extension_range: [], oneof_decl: [], options: None, reserved_range: [], reserved_name: [] }, DescriptorProto { name: Some("Triangle"), field: [FieldDescriptorProto { name: Some("edge_a"), number: Some(1), label: Some(Optional), r#type: Some(Float), type_name: None, extendee: None, default_value: None, oneof_index: None, json_name: Some("edgeA"), options: None, proto3_optional: None }, FieldDescriptorProto { name: Some("edge_b"), number: Some(2), label: Some(Optional), r#type: Some(Float), type_name: None, extendee: None, default_value: None, oneof_index: None, json_name: Some("edgeB"), options: None, proto3_optional: None }, FieldDescriptorProto { name: Some("edge_c"), number: Some(3), label: Some(Optional), r#type: Some(Float), type_name: None, extendee: None, default_value: None, oneof_index: None, json_name: Some("edgeC"), options: None, proto3_optional: None }], extension: [], nested_type: [], enum_type: [], extension_range: [], oneof_decl: [], options: None, reserved_range: [], reserved_name: [] }, DescriptorProto { name: Some("Parallelogram"), field: [FieldDescriptorProto { name: Some("base_length"), number: Some(1), label: Some(Optional), r#type: Some(Float), type_name: None, extendee: None, default_value: None, oneof_index: None, json_name: Some("baseLength"), options: None, proto3_optional: None }, FieldDescriptorProto { name: Some("height"), number: Some(2), label: Some(Optional), r#type: Some(Float), type_name: None, extendee: None, default_value: None, oneof_index: None, json_name: Some("height"), options: None, proto3_optional: None }], extension: [], nested_type: [], enum_type: [], extension_range: [], oneof_decl: [], options: None, reserved_range: [], reserved_name: [] }, DescriptorProto { name: Some("AreaRequest"), field: [FieldDescriptorProto { name: Some("shapes"), number: Some(1), label: Some(Repeated), r#type: Some(Message), type_name: Some(".area_calculator.ShapeMessage"), extendee: None, default_value: None, oneof_index: None, json_name: Some("shapes"), options: None, proto3_optional: None }], extension: [], nested_type: [], enum_type: [], extension_range: [], oneof_decl: [], options: None, reserved_range: [], reserved_name: [] }, DescriptorProto { name: Some("AreaResponse"), field: [FieldDescriptorProto { name: Some("value"), number: Some(1), label: Some(Repeated), r#type: Some(Float), type_name: None, extendee: None, default_value: None, oneof_index: None, json_name: Some("value"), options: None, proto3_optional: None }], extension: [], nested_type: [], enum_type: [], extension_range: [], oneof_decl: [], options: None, reserved_range: [], reserved_name: [] }], enum_type: [], service: [ServiceDescriptorProto { name: Some("Calculator"), method: [MethodDescriptorProto { name: Some("calculateOne"), input_type: Some(".area_calculator.ShapeMessage"), output_type: Some(".area_calculator.AreaResponse"), options: Some(MethodOptions { deprecated: None, idempotency_level: None, uninterpreted_option: [] }), client_streaming: None, server_streaming: None }, MethodDescriptorProto { name: Some("calculateMulti"), input_type: Some(".area_calculator.AreaRequest"), output_type: Some(".area_calculator.AreaResponse"), options: Some(MethodOptions { deprecated: None, idempotency_level: None, uninterpreted_option: [] }), client_streaming: None, server_streaming: None }], options: None }], extension: [], options: Some(FileOptions { java_package: None, java_outer_classname: None, java_multiple_files: None, java_generate_equals_and_hash: None, java_string_check_utf8: None, optimize_for: None, go_package: Some("io.pact/area_calculator"), cc_generic_services: None, java_generic_services: None, py_generic_services: None, php_generic_services: Some(true), deprecated: None, cc_enable_arenas: None, objc_class_prefix: None, csharp_namespace: None, swift_prefix: None, php_class_prefix: None, php_namespace: None, php_metadata_namespace: None, ruby_package: None, uninterpreted_option: [] }), source_code_info: None, syntax: Some("proto3") }] }, service_name: "Calculator", message: SynchronousMessage { id: None, key: Some("c7fbe3ee"), description: "calculate rectangle area request", provider_states: [], comments: {"testname": String("io.pact.example.grpc.consumer.PactConsumerTest.calculateRectangleArea(MockServer, SynchronousMessages)")}, request: MessageContents { contents: Present(b"\x12\n\r\0\0@@\x15\0\0\x80@", Some(ContentType { main_type: "application", sub_type: "protobuf", attributes: {"message": "ShapeMessage"}, suffix: None }), Some(BINARY)), metadata: {}, matching_rules: MatchingRules { rules: {BODY: MatchingRuleCategory { name: BODY, rules: {DocPath { path_tokens: [Root, Field("rectangle"), Field("length")], expr: "$.rectangle.length" }: RuleList { rules: [Number], rule_logic: And, cascaded: false }, DocPath { path_tokens: [Root, Field("rectangle"), Field("width")], expr: "$.rectangle.width" }: RuleList { rules: [Number], rule_logic: And, cascaded: false }} }} }, generators: Generators { categories: {} } }, response: [MessageContents { contents: Present(b"\r\0\0@A", Some(ContentType { main_type: "application", sub_type: "protobuf", attributes: {"message": "AreaResponse"}, suffix: None }), Some(BINARY)), metadata: {}, matching_rules: MatchingRules { rules: {BODY: MatchingRuleCategory { name: BODY, rules: {DocPath { path_tokens: [Root, Field("value")], expr: "$.value" }: RuleList { rules: [Number], rule_logic: And, cascaded: false }} }} }, generators: Generators { categories: {} } }], pending: false, plugin_config: {"protobuf": {"service": String("Calculator/calculateOne"), "descriptorKey": String("a85dff8f82655a9681aad113575dcfbb")}}, interaction_markup: InteractionMarkup { markup: "```protobuf\nmessage ShapeMessage {\n    message .area_calculator.Rectangle rectangle = 2;\n}\n```\n\n```protobuf\nmessage AreaResponse {\n    float value = 1;\n}\n```\n", markup_type: "COMMON_MARK" }, transport: None }, method_descriptor: MethodDescriptorProto { name: Some("calculateOne"), input_type: Some(".area_calculator.ShapeMessage"), output_type: Some(".area_calculator.AreaResponse"), options: Some(MethodOptions { deprecated: None, idempotency_level: None, uninterpreted_option: [] }), client_streaming: None, server_streaming: None }, input_message: DescriptorProto { name: Some("ShapeMessage"), field: [FieldDescriptorProto { name: Some("square"), number: Some(1), label: Some(Optional), r#type: Some(Message), type_name: Some(".area_calculator.Square"), extendee: None, default_value: None, oneof_index: Some(0), json_name: Some("square"), options: None, proto3_optional: None }, FieldDescriptorProto { name: Some("rectangle"), number: Some(2), label: Some(Optional), r#type: Some(Message), type_name: Some(".area_calculator.Rectangle"), extendee: None, default_value: None, oneof_index: Some(0), json_name: Some("rectangle"), options: None, proto3_optional: None }, FieldDescriptorProto { name: Some("circle"), number: Some(3), label: Some(Optional), r#type: Some(Message), type_name: Some(".area_calculator.Circle"), extendee: None, default_value: None, oneof_index: Some(0), json_name: Some("circle"), options: None, proto3_optional: None }, FieldDescriptorProto { name: Some("triangle"), number: Some(4), label: Some(Optional), r#type: Some(Message), type_name: Some(".area_calculator.Triangle"), extendee: None, default_value: None, oneof_index: Some(0), json_name: Some("triangle"), options: None, proto3_optional: None }, FieldDescriptorProto { name: Some("parallelogram"), number: Some(5), label: Some(Optional), r#type: Some(Message), type_name: Some(".area_calculator.Parallelogram"), extendee: None, default_value: None, oneof_index: Some(0), json_name: Some("parallelogram"), options: None, proto3_optional: None }], extension: [], nested_type: [], enum_type: [], extension_range: [], oneof_decl: [OneofDescriptorProto { name: Some("shape"), options: None }], options: None, reserved_range: [], reserved_name: [] }, output_message: DescriptorProto { name: Some("AreaResponse"), field: [FieldDescriptorProto { name: Some("value"), number: Some(1), label: Some(Repeated), r#type: Some(Float), type_name: None, extendee: None, default_value: None, oneof_index: None, json_name: Some("value"), options: None, proto3_optional: None }], extension: [], nested_type: [], enum_type: [], extension_range: [], oneof_decl: [], options: None, reserved_range: [], reserved_name: [] }, server_key: "5cae5f82-fec2-43c6-9739-60d0383d84ec" } ?[3mrequest?[0m?[2m=?[0mDynamicMessage { descriptor: DescriptorProto { name: Some("ShapeMessage"), field: [FieldDescriptorProto { name: Some("square"), number: Some(1), label: Some(Optional), r#type: Some(Message), type_name: Some(".area_calculator.Square"), extendee: None, default_value: None, oneof_index: Some(0), json_name: Some("square"), options: None, proto3_optional: None }, FieldDescriptorProto { name: Some("rectangle"), number: Some(2), label: Some(Optional), r#type: Some(Message), type_name: Some(".area_calculator.Rectangle"), extendee: None, default_value: None, oneof_index: Some(0), json_name: Some("rectangle"), options: None, proto3_optional: None }, FieldDescriptorProto { name: Some("circle"), number: Some(3), label: Some(Optional), r#type: Some(Message), type_name: Some(".area_calculator.Circle"), extendee: None, default_value: None, oneof_index: Some(0), json_name: Some("circle"), options: None, proto3_optional: None }, FieldDescriptorProto { name: Some("triangle"), number: Some(4), label: Some(Optional), r#type: Some(Message), type_name: Some(".area_calculator.Triangle"), extendee: None, default_value: None, oneof_index: Some(0), json_name: Some("triangle"), options: None, proto3_optional: None }, FieldDescriptorProto { name: Some("parallelogram"), number: Some(5), label: Some(Optional), r#type: Some(Message), type_name: Some(".area_calculator.Parallelogram"), extendee: None, default_value: None, oneof_index: Some(0), json_name: Some("parallelogram"), options: None, proto3_optional: None }], extension: [], nested_type: [], enum_type: [], extension_range: [], oneof_decl: [OneofDescriptorProto { name: Some("shape"), options: None }], options: None, reserved_range: [], reserved_name: [] }, fields: [ProtobufField { field_num: 2, wire_type: LengthDelimited, data: Message([13, 0, 0, 64, 64, 21, 0, 0, 128, 64], DescriptorProto { name: Some("Rectangle"), field: [FieldDescriptorProto { name: Some("length"), number: Some(1), label: Some(Optional), r#type: Some(Float), type_name: None, extendee: None, default_value: None, oneof_index: None, json_name: Some("length"), options: None, proto3_optional: None }, FieldDescriptorProto { name: Some("width"), number: Some(2), label: Some(Optional), r#type: Some(Float), type_name: None, extendee: None, default_value: None, oneof_index: None, json_name: Some("width"), options: None, proto3_optional: None }], extension: [], nested_type: [], enum_type: [], extension_range: [], oneof_decl: [], options: None, reserved_range: [], reserved_name: [] }) }] } ?[3mmessage_descriptor?[0m?[2m=?[0mDescriptorProto { name: Some("ShapeMessage"), field: [FieldDescriptorProto { name: Some("square"), number: Some(1), label: Some(Optional), r#type: Some(Message), type_name: Some(".area_calculator.Square"), extendee: None, default_value: None, oneof_index: Some(0), json_name: Some("square"), options: None, proto3_optional: None }, FieldDescriptorProto { name: Some("rectangle"), number: Some(2), label: Some(Optional), r#type: Some(Message), type_name: Some(".area_calculator.Rectangle"), extendee: None, default_value: None, oneof_index: Some(0), json_name: Some("rectangle"), options: None, proto3_optional: None }, FieldDescriptorProto { name: Some("circle"), number: Some(3), label: Some(Optional), r#type: Some(Message), type_name: Some(".area_calculator.Circle"), extendee: None, default_value: None, oneof_index: Some(0), json_name: Some("circle"), options: None, proto3_optional: None }, FieldDescriptorProto { name: Some("triangle"), number: Some(4), label: Some(Optional), r#type: Some(Message), type_name: Some(".area_calculator.Triangle"), extendee: None, default_value: None, oneof_index: Some(0), json_name: Some("triangle"), options: None, proto3_optional: None }, FieldDescriptorProto { name: Some("parallelogram"), number: Some(5), label: Some(Optional), r#type: Some(Message), type_name: Some(".area_calculator.Parallelogram"), extendee: None, default_value: None, oneof_index: Some(0), json_name: Some("parallelogram"), options: None, proto3_optional: None }], extension: [], nested_type: [], enum_type: [], extension_range: [], oneof_decl: [OneofDescriptorProto { name: Some("shape"), options: None }], options: None, reserved_range: [], reserved_name: [] } ?[3mresponse_descriptor?[0m?[2m=?[0mDescriptorProto { name: Some("AreaResponse"), field: [FieldDescriptorProto { name: Some("value"), number: Some(1), label: Some(Repeated), r#type: Some(Float), type_name: None, extendee: None, default_value: None, oneof_index: None, json_name: Some("value"), options: None, proto3_optional: None }], extension: [], nested_type: [], enum_type: [], extension_range: [], oneof_decl: [], options: None, reserved_range: [], reserved_name: [] }?[1m}?[0m?[2m:?[0m ?[2mpact_protobuf_plugin::matching?[0m?[2m:?[0m >> compare_message($.rectangle, [ProtobufField { field_num: 1, wire_type: ThirtyTwoBit, data: Float(3.0) }, ProtobufField { field_num: 2, wire_type: ThirtyTwoBit, data: Float(4.0) }], [ProtobufField { field_num: 1, wire_type: ThirtyTwoBit, data: Float(3.0) }, ProtobufField { field_num: 2, wire_type: ThirtyTwoBit, data: Float(4.0) }])
15:05:16.531 [Thread-5] DEBUG i.pact.plugins.jvm.core.ChildProcess - Plugin protobuf [46038] || ?[2m2023-03-27T09:35:16.529747Z?[0m ?[35mTRACE?[0m tokio-runtime-worker ?[1mrequest?[0m?[1m{?[0m?[3mmethod?[0m?[2m=?[0mPOST ?[3muri?[0m?[2m=?[0mhttp://127.0.0.1:53791/area_calculator.Calculator/calculateOne ?[3mversion?[0m?[2m=?[0mHTTP/2.0?[1m}?[0m?[2m:?[0m?[1mcall?[0m?[1m{?[0m?[3mself?[0m?[2m=?[0mGrpcMockServer { pact: V4Pact { consumer: Consumer { name: "grpc-consumer-jvm" }, provider: Provider { name: "area-calculator-provider" }, interactions: [SynchronousMessage { id: None, key: Some("c7fbe3ee"), description: "calculate rectangle area request", provider_states: [], comments: {"testname": String("io.pact.example.grpc.consumer.PactConsumerTest.calculateRectangleArea(MockServer, SynchronousMessages)")}, request: MessageContents { contents: Present(b"\x12\n\r\0\0@@\x15\0\0\x80@", Some(ContentType { main_type: "application", sub_type: "protobuf", attributes: {"message": "ShapeMessage"}, suffix: None }), Some(BINARY)), metadata: {}, matching_rules: MatchingRules { rules: {BODY: MatchingRuleCategory { name: BODY, rules: {DocPath { path_tokens: [Root, Field("rectangle"), Field("length")], expr: "$.rectangle.length" }: RuleList { rules: [Number], rule_logic: And, cascaded: false }, DocPath { path_tokens: [Root, Field("rectangle"), Field("width")], expr: "$.rectangle.width" }: RuleList { rules: [Number], rule_logic: And, cascaded: false }} }} }, generators: Generators { categories: {} } }, response: [MessageContents { contents: Present(b"\r\0\0@A", Some(ContentType { main_type: "application", sub_type: "protobuf", attributes: {"message": "AreaResponse"}, suffix: None }), Some(BINARY)), metadata: {}, matching_rules: MatchingRules { rules: {BODY: MatchingRuleCategory { name: BODY, rules: {DocPath { path_tokens: [Root, Field("value")], expr: "$.value" }: RuleList { rules: [Number], rule_logic: And, cascaded: false }} }} }, generators: Generators { categories: {} } }], pending: false, plugin_config: {"protobuf": {"service": String("Calculator/calculateOne"), "descriptorKey": String("a85dff8f82655a9681aad113575dcfbb")}}, interaction_markup: InteractionMarkup { markup: "```protobuf\nmessage ShapeMessage {\n    message .area_calculator.Rectangle rectangle = 2;\n}\n```\n\n```protobuf\nmessage AreaResponse {\n    float value = 1;\n}\n```\n", markup_type: "COMMON_MARK" }, transport: None }], metadata: {"pact-jvm": Object({"version": String("4.4.2")}), "pactSpecification": Object({"version": String("4.0")})}, plugin_data: [PluginData { name: "protobuf", version: "0.1.5", configuration: {"a85dff8f82655a9681aad113575dcfbb": Object({"protoDescriptors": String("CsoHChVhcmVhX2NhbGN1bGF0b3IucHJvdG8SD2FyZWFfY2FsY3VsYXRvciK6AgoMU2hhcGVNZXNzYWdlEjEKBnNxdWFyZRgBIAEoCzIXLmFyZWFfY2FsY3VsYXRvci5TcXVhcmVIAFIGc3F1YXJlEjoKCXJlY3RhbmdsZRgCIAEoCzIaLmFyZWFfY2FsY3VsYXRvci5SZWN0YW5nbGVIAFIJcmVjdGFuZ2xlEjEKBmNpcmNsZRgDIAEoCzIXLmFyZWFfY2FsY3VsYXRvci5DaXJjbGVIAFIGY2lyY2xlEjcKCHRyaWFuZ2xlGAQgASgLMhkuYXJlYV9jYWxjdWxhdG9yLlRyaWFuZ2xlSABSCHRyaWFuZ2xlEkYKDXBhcmFsbGVsb2dyYW0YBSABKAsyHi5hcmVhX2NhbGN1bGF0b3IuUGFyYWxsZWxvZ3JhbUgAUg1wYXJhbGxlbG9ncmFtQgcKBXNoYXBlIikKBlNxdWFyZRIfCgtlZGdlX2xlbmd0aBgBIAEoAlIKZWRnZUxlbmd0aCI5CglSZWN0YW5nbGUSFgoGbGVuZ3RoGAEgASgCUgZsZW5ndGgSFAoFd2lkdGgYAiABKAJSBXdpZHRoIiAKBkNpcmNsZRIWCgZyYWRpdXMYASABKAJSBnJhZGl1cyJPCghUcmlhbmdsZRIVCgZlZGdlX2EYASABKAJSBWVkZ2VBEhUKBmVkZ2VfYhgCIAEoAlIFZWRnZUISFQoGZWRnZV9jGAMgASgCUgVlZGdlQyJICg1QYXJhbGxlbG9ncmFtEh8KC2Jhc2VfbGVuZ3RoGAEgASgCUgpiYXNlTGVuZ3RoEhYKBmhlaWdodBgCIAEoAlIGaGVpZ2h0IkQKC0FyZWFSZXF1ZXN0EjUKBnNoYXBlcxgBIAMoCzIdLmFyZWFfY2FsY3VsYXRvci5TaGFwZU1lc3NhZ2VSBnNoYXBlcyIkCgxBcmVhUmVzcG9uc2USFAoFdmFsdWUYASADKAJSBXZhbHVlMq0BCgpDYWxjdWxhdG9yEk4KDGNhbGN1bGF0ZU9uZRIdLmFyZWFfY2FsY3VsYXRvci5TaGFwZU1lc3NhZ2UaHS5hcmVhX2NhbGN1bGF0b3IuQXJlYVJlc3BvbnNlIgASTwoOY2FsY3VsYXRlTXVsdGkSHC5hcmVhX2NhbGN1bGF0b3IuQXJlYVJlcXVlc3QaHS5hcmVhX2NhbGN1bGF0b3IuQXJlYVJlc3BvbnNlIgBCHFoXaW8ucGFjdC9hcmVhX2NhbGN1bGF0b3LQAgFiBnByb3RvMw=="), "protoFile": String("syntax = \"proto3\";\n\npackage area_calculator;\n\noption php_generic_services = true;\noption go_package = \"io.pact/area_calculator\";\n\nservice Calculator {\n  rpc calculateOne (ShapeMessage) returns (AreaResponse) {}\n  rpc calculateMulti (AreaRequest) returns (AreaResponse) {}\n}\n\nmessage ShapeMessage {\n  oneof shape {\n    Square square = 1;\n    Rectangle rectangle = 2;\n    Circle circle = 3;\n    Triangle triangle = 4;\n    Parallelogram parallelogram = 5;\n  }\n}\n\nmessage Square {\n  float edge_length = 1;\n}\n\nmessage Rectangle {\n  float length = 1;\n  float width = 2;\n}\n\nmessage Circle {\n  float radius = 1;\n}\n\nmessage Triangle {\n  float edge_a = 1;\n  float edge_b = 2;\n  float edge_c = 3;\n}\n\nmessage Parallelogram {\n  float base_length = 1;\n  float height = 2;\n}\n\nmessage AreaRequest {\n  repeated ShapeMessage shapes = 1;\n}\n\nmessage AreaResponse {\n  repeated float value = 1;\n}\n")})} }] }, plugin_config: PluginData { name: "protobuf", version: "0.1.5", configuration: {"a85dff8f82655a9681aad113575dcfbb": Object({"protoDescriptors": String("CsoHChVhcmVhX2NhbGN1bGF0b3IucHJvdG8SD2FyZWFfY2FsY3VsYXRvciK6AgoMU2hhcGVNZXNzYWdlEjEKBnNxdWFyZRgBIAEoCzIXLmFyZWFfY2FsY3VsYXRvci5TcXVhcmVIAFIGc3F1YXJlEjoKCXJlY3RhbmdsZRgCIAEoCzIaLmFyZWFfY2FsY3VsYXRvci5SZWN0YW5nbGVIAFIJcmVjdGFuZ2xlEjEKBmNpcmNsZRgDIAEoCzIXLmFyZWFfY2FsY3VsYXRvci5DaXJjbGVIAFIGY2lyY2xlEjcKCHRyaWFuZ2xlGAQgASgLMhkuYXJlYV9jYWxjdWxhdG9yLlRyaWFuZ2xlSABSCHRyaWFuZ2xlEkYKDXBhcmFsbGVsb2dyYW0YBSABKAsyHi5hcmVhX2NhbGN1bGF0b3IuUGFyYWxsZWxvZ3JhbUgAUg1wYXJhbGxlbG9ncmFtQgcKBXNoYXBlIikKBlNxdWFyZRIfCgtlZGdlX2xlbmd0aBgBIAEoAlIKZWRnZUxlbmd0aCI5CglSZWN0YW5nbGUSFgoGbGVuZ3RoGAEgASgCUgZsZW5ndGgSFAoFd2lkdGgYAiABKAJSBXdpZHRoIiAKBkNpcmNsZRIWCgZyYWRpdXMYASABKAJSBnJhZGl1cyJPCghUcmlhbmdsZRIVCgZlZGdlX2EYASABKAJSBWVkZ2VBEhUKBmVkZ2VfYhgCIAEoAlIFZWRnZUISFQoGZWRnZV9jGAMgASgCUgVlZGdlQyJICg1QYXJhbGxlbG9ncmFtEh8KC2Jhc2VfbGVuZ3RoGAEgASgCUgpiYXNlTGVuZ3RoEhYKBmhlaWdodBgCIAEoAlIGaGVpZ2h0IkQKC0FyZWFSZXF1ZXN0EjUKBnNoYXBlcxgBIAMoCzIdLmFyZWFfY2FsY3VsYXRvci5TaGFwZU1lc3NhZ2VSBnNoYXBlcyIkCgxBcmVhUmVzcG9uc2USFAoFdmFsdWUYASADKAJSBXZhbHVlMq0BCgpDYWxjdWxhdG9yEk4KDGNhbGN1bGF0ZU9uZRIdLmFyZWFfY2FsY3VsYXRvci5TaGFwZU1lc3NhZ2UaHS5hcmVhX2NhbGN1bGF0b3IuQXJlYVJlc3BvbnNlIgASTwoOY2FsY3VsYXRlTXVsdGkSHC5hcmVhX2NhbGN1bGF0b3IuQXJlYVJlcXVlc3QaHS5hcmVhX2NhbGN1bGF0b3IuQXJlYVJlc3BvbnNlIgBCHFoXaW8ucGFjdC9hcmVhX2NhbGN1bGF0b3LQAgFiBnByb3RvMw=="), "protoFile": String("syntax = \"proto3\";\n\npackage area_calculator;\n\noption php_generic_services = true;\noption go_package = \"io.pact/area_calculator\";\n\nservice Calculator {\n  rpc calculateOne (ShapeMessage) returns (AreaResponse) {}\n  rpc calculateMulti (AreaRequest) returns (AreaResponse) {}\n}\n\nmessage ShapeMessage {\n  oneof shape {\n    Square square = 1;\n    Rectangle rectangle = 2;\n    Circle circle = 3;\n    Triangle triangle = 4;\n    Parallelogram parallelogram = 5;\n  }\n}\n\nmessage Square {\n  float edge_length = 1;\n}\n\nmessage Rectangle {\n  float length = 1;\n  float width = 2;\n}\n\nmessage Circle {\n  float radius = 1;\n}\n\nmessage Triangle {\n  float edge_a = 1;\n  float edge_b = 2;\n  float edge_c = 3;\n}\n\nmessage Parallelogram {\n  float base_length = 1;\n  float height = 2;\n}\n\nmessage AreaRequest {\n  repeated ShapeMessage shapes = 1;\n}\n\nmessage AreaResponse {\n  repeated float value = 1;\n}\n")})} }, descriptors: {"a85dff8f82655a9681aad113575dcfbb": FileDescriptorSet { file: [FileDescriptorProto { name: Some("area_calculator.proto"), package: Some("area_calculator"), dependency: [], public_dependency: [], weak_dependency: [], message_type: [DescriptorProto { name: Some("ShapeMessage"), field: [FieldDescriptorProto { name: Some("square"), number: Some(1), label: Some(Optional), r#type: Some(Message), type_name: Some(".area_calculator.Square"), extendee: None, default_value: None, oneof_index: Some(0), json_name: Some("square"), options: None, proto3_optional: None }, FieldDescriptorProto { name: Some("rectangle"), number: Some(2), label: Some(Optional), r#type: Some(Message), type_name: Some(".area_calculator.Rectangle"), extendee: None, default_value: None, oneof_index: Some(0), json_name: Some("rectangle"), options: None, proto3_optional: None }, FieldDescriptorProto { name: Some("circle"), number: Some(3), label: Some(Optional), r#type: Some(Message), type_name: Some(".area_calculator.Circle"), extendee: None, default_value: None, oneof_index: Some(0), json_name: Some("circle"), options: None, proto3_optional: None }, FieldDescriptorProto { name: Some("triangle"), number: Some(4), label: Some(Optional), r#type: Some(Message), type_name: Some(".area_calculator.Triangle"), extendee: None, default_value: None, oneof_index: Some(0), json_name: Some("triangle"), options: None, proto3_optional: None }, FieldDescriptorProto { name: Some("parallelogram"), number: Some(5), label: Some(Optional), r#type: Some(Message), type_name: Some(".area_calculator.Parallelogram"), extendee: None, default_value: None, oneof_index: Some(0), json_name: Some("parallelogram"), options: None, proto3_optional: None }], extension: [], nested_type: [], enum_type: [], extension_range: [], oneof_decl: [OneofDescriptorProto { name: Some("shape"), options: None }], options: None, reserved_range: [], reserved_name: [] }, DescriptorProto { name: Some("Square"), field: [FieldDescriptorProto { name: Some("edge_length"), number: Some(1), label: Some(Optional), r#type: Some(Float), type_name: None, extendee: None, default_value: None, oneof_index: None, json_name: Some("edgeLength"), options: None, proto3_optional: None }], extension: [], nested_type: [], enum_type: [], extension_range: [], oneof_decl: [], options: None, reserved_range: [], reserved_name: [] }, DescriptorProto { name: Some("Rectangle"), field: [FieldDescriptorProto { name: Some("length"), number: Some(1), label: Some(Optional), r#type: Some(Float), type_name: None, extendee: None, default_value: None, oneof_index: None, json_name: Some("length"), options: None, proto3_optional: None }, FieldDescriptorProto { name: Some("width"), number: Some(2), label: Some(Optional), r#type: Some(Float), type_name: None, extendee: None, default_value: None, oneof_index: None, json_name: Some("width"), options: None, proto3_optional: None }], extension: [], nested_type: [], enum_type: [], extension_range: [], oneof_decl: [], options: None, reserved_range: [], reserved_name: [] }, DescriptorProto { name: Some("Circle"), field: [FieldDescriptorProto { name: Some("radius"), number: Some(1), label: Some(Optional), r#type: Some(Float), type_name: None, extendee: None, default_value: None, oneof_index: None, json_name: Some("radius"), options: None, proto3_optional: None }], extension: [], nested_type: [], enum_type: [], extension_range: [], oneof_decl: [], options: None, reserved_range: [], reserved_name: [] }, DescriptorProto { name: Some("Triangle"), field: [FieldDescriptorProto { name: Some("edge_a"), number: Some(1), label: Some(Optional), r#type: Some(Float), type_name: None, extendee: None, default_value: None, oneof_index: None, json_name: Some("edgeA"), options: None, proto3_optional: None }, FieldDescriptorProto { name: Some("edge_b"), number: Some(2), label: Some(Optional), r#type: Some(Float), type_name: None, extendee: None, default_value: None, oneof_index: None, json_name: Some("edgeB"), options: None, proto3_optional: None }, FieldDescriptorProto { name: Some("edge_c"), number: Some(3), label: Some(Optional), r#type: Some(Float), type_name: None, extendee: None, default_value: None, oneof_index: None, json_name: Some("edgeC"), options: None, proto3_optional: None }], extension: [], nested_type: [], enum_type: [], extension_range: [], oneof_decl: [], options: None, reserved_range: [], reserved_name: [] }, DescriptorProto { name: Some("Parallelogram"), field: [FieldDescriptorProto { name: Some("base_length"), number: Some(1), label: Some(Optional), r#type: Some(Float), type_name: None, extendee: None, default_value: None, oneof_index: None, json_name: Some("baseLength"), options: None, proto3_optional: None }, FieldDescriptorProto { name: Some("height"), number: Some(2), label: Some(Optional), r#type: Some(Float), type_name: None, extendee: None, default_value: None, oneof_index: None, json_name: Some("height"), options: None, proto3_optional: None }], extension: [], nested_type: [], enum_type: [], extension_range: [], oneof_decl: [], options: None, reserved_range: [], reserved_name: [] }, DescriptorProto { name: Some("AreaRequest"), field: [FieldDescriptorProto { name: Some("shapes"), number: Some(1), label: Some(Repeated), r#type: Some(Message), type_name: Some(".area_calculator.ShapeMessage"), extendee: None, default_value: None, oneof_index: None, json_name: Some("shapes"), options: None, proto3_optional: None }], extension: [], nested_type: [], enum_type: [], extension_range: [], oneof_decl: [], options: None, reserved_range: [], reserved_name: [] }, DescriptorProto { name: Some("AreaResponse"), field: [FieldDescriptorProto { name: Some("value"), number: Some(1), label: Some(Repeated), r#type: Some(Float), type_name: None, extendee: None, default_value: None, oneof_index: None, json_name: Some("value"), options: None, proto3_optional: None }], extension: [], nested_type: [], enum_type: [], extension_range: [], oneof_decl: [], options: None, reserved_range: [], reserved_name: [] }], enum_type: [], service: [ServiceDescriptorProto { name: Some("Calculator"), method: [MethodDescriptorProto { name: Some("calculateOne"), input_type: Some(".area_calculator.ShapeMessage"), output_type: Some(".area_calculator.AreaResponse"), options: Some(MethodOptions { deprecated: None, idempotency_level: None, uninterpreted_option: [] }), client_streaming: None, server_streaming: None }, MethodDescriptorProto { name: Some("calculateMulti"), input_type: Some(".area_calculator.AreaRequest"), output_type: Some(".area_calculator.AreaResponse"), options: Some(MethodOptions { deprecated: None, idempotency_level: None, uninterpreted_option: [] }), client_streaming: None, server_streaming: None }], options: None }], extension: [], options: Some(FileOptions { java_package: None, java_outer_classname: None, java_multiple_files: None, java_generate_equals_and_hash: None, java_string_check_utf8: None, optimize_for: None, go_package: Some("io.pact/area_calculator"), cc_generic_services: None, java_generic_services: None, py_generic_services: None, php_generic_services: Some(true), deprecated: None, cc_enable_arenas: None, objc_class_prefix: None, csharp_namespace: None, swift_prefix: None, php_class_prefix: None, php_namespace: None, php_metadata_namespace: None, ruby_package: None, uninterpreted_option: [] }), source_code_info: None, syntax: Some("proto3") }] }}, routes: {"Calculator/calculateOne": (FileDescriptorSet { file: [FileDescriptorProto { name: Some("area_calculator.proto"), package: Some("area_calculator"), dependency: [], public_dependency: [], weak_dependency: [], message_type: [DescriptorProto { name: Some("ShapeMessage"), field: [FieldDescriptorProto { name: Some("square"), number: Some(1), label: Some(Optional), r#type: Some(Message), type_name: Some(".area_calculator.Square"), extendee: None, default_value: None, oneof_index: Some(0), json_name: Some("square"), options: None, proto3_optional: None }, FieldDescriptorProto { name: Some("rectangle"), number: Some(2), label: Some(Optional), r#type: Some(Message), type_name: Some(".area_calculator.Rectangle"), extendee: None, default_value: None, oneof_index: Some(0), json_name: Some("rectangle"), options: None, proto3_optional: None }, FieldDescriptorProto { name: Some("circle"), number: Some(3), label: Some(Optional), r#type: Some(Message), type_name: Some(".area_calculator.Circle"), extendee: None, default_value: None, oneof_index: Some(0), json_name: Some("circle"), options: None, proto3_optional: None }, FieldDescriptorProto { name: Some("triangle"), number: Some(4), label: Some(Optional), r#type: Some(Message), type_name: Some(".area_calculator.Triangle"), extendee: None, default_value: None, oneof_index: Some(0), json_name: Some("triangle"), options: None, proto3_optional: None }, FieldDescriptorProto { name: Some("parallelogram"), number: Some(5), label: Some(Optional), r#type: Some(Message), type_name: Some(".area_calculator.Parallelogram"), extendee: None, default_value: None, oneof_index: Some(0), json_name: Some("parallelogram"), options: None, proto3_optional: None }], extension: [], nested_type: [], enum_type: [], extension_range: [], oneof_decl: [OneofDescriptorProto { name: Some("shape"), options: None }], options: None, reserved_range: [], reserved_name: [] }, DescriptorProto { name: Some("Square"), field: [FieldDescriptorProto { name: Some("edge_length"), number: Some(1), label: Some(Optional), r#type: Some(Float), type_name: None, extendee: None, default_value: None, oneof_index: None, json_name: Some("edgeLength"), options: None, proto3_optional: None }], extension: [], nested_type: [], enum_type: [], extension_range: [], oneof_decl: [], options: None, reserved_range: [], reserved_name: [] }, DescriptorProto { name: Some("Rectangle"), field: [FieldDescriptorProto { name: Some("length"), number: Some(1), label: Some(Optional), r#type: Some(Float), type_name: None, extendee: None, default_value: None, oneof_index: None, json_name: Some("length"), options: None, proto3_optional: None }, FieldDescriptorProto { name: Some("width"), number: Some(2), label: Some(Optional), r#type: Some(Float), type_name: None, extendee: None, default_value: None, oneof_index: None, json_name: Some("width"), options: None, proto3_optional: None }], extension: [], nested_type: [], enum_type: [], extension_range: [], oneof_decl: [], options: None, reserved_range: [], reserved_name: [] }, DescriptorProto { name: Some("Circle"), field: [FieldDescriptorProto { name: Some("radius"), number: Some(1), label: Some(Optional), r#type: Some(Float), type_name: None, extendee: None, default_value: None, oneof_index: None, json_name: Some("radius"), options: None, proto3_optional: None }], extension: [], nested_type: [], enum_type: [], extension_range: [], oneof_decl: [], options: None, reserved_range: [], reserved_name: [] }, DescriptorProto { name: Some("Triangle"), field: [FieldDescriptorProto { name: Some("edge_a"), number: Some(1), label: Some(Optional), r#type: Some(Float), type_name: None, extendee: None, default_value: None, oneof_index: None, json_name: Some("edgeA"), options: None, proto3_optional: None }, FieldDescriptorProto { name: Some("edge_b"), number: Some(2), label: Some(Optional), r#type: Some(Float), type_name: None, extendee: None, default_value: None, oneof_index: None, json_name: Some("edgeB"), options: None, proto3_optional: None }, FieldDescriptorProto { name: Some("edge_c"), number: Some(3), label: Some(Optional), r#type: Some(Float), type_name: None, extendee: None, default_value: None, oneof_index: None, json_name: Some("edgeC"), options: None, proto3_optional: None }], extension: [], nested_type: [], enum_type: [], extension_range: [], oneof_decl: [], options: None, reserved_range: [], reserved_name: [] }, DescriptorProto { name: Some("Parallelogram"), field: [FieldDescriptorProto { name: Some("base_length"), number: Some(1), label: Some(Optional), r#type: Some(Float), type_name: None, extendee: None, default_value: None, oneof_index: None, json_name: Some("baseLength"), options: None, proto3_optional: None }, FieldDescriptorProto { name: Some("height"), number: Some(2), label: Some(Optional), r#type: Some(Float), type_name: None, extendee: None, default_value: None, oneof_index: None, json_name: Some("height"), options: None, proto3_optional: None }], extension: [], nested_type: [], enum_type: [], extension_range: [], oneof_decl: [], options: None, reserved_range: [], reserved_name: [] }, DescriptorProto { name: Some("AreaRequest"), field: [FieldDescriptorProto { name: Some("shapes"), number: Some(1), label: Some(Repeated), r#type: Some(Message), type_name: Some(".area_calculator.ShapeMessage"), extendee: None, default_value: None, oneof_index: None, json_name: Some("shapes"), options: None, proto3_optional: None }], extension: [], nested_type: [], enum_type: [], extension_range: [], oneof_decl: [], options: None, reserved_range: [], reserved_name: [] }, DescriptorProto { name: Some("AreaResponse"), field: [FieldDescriptorProto { name: Some("value"), number: Some(1), label: Some(Repeated), r#type: Some(Float), type_name: None, extendee: None, default_value: None, oneof_index: None, json_name: Some("value"), options: None, proto3_optional: None }], extension: [], nested_type: [], enum_type: [], extension_range: [], oneof_decl: [], options: None, reserved_range: [], reserved_name: [] }], enum_type: [], service: [ServiceDescriptorProto { name: Some("Calculator"), method: [MethodDescriptorProto { name: Some("calculateOne"), input_type: Some(".area_calculator.ShapeMessage"), output_type: Some(".area_calculator.AreaResponse"), options: Some(MethodOptions { deprecated: None, idempotency_level: None, uninterpreted_option: [] }), client_streaming: None, server_streaming: None }, MethodDescriptorProto { name: Some("calculateMulti"), input_type: Some(".area_calculator.AreaRequest"), output_type: Some(".area_calculator.AreaResponse"), options: Some(MethodOptions { deprecated: None, idempotency_level: None, uninterpreted_option: [] }), client_streaming: None, server_streaming: None }], options: None }], extension: [], options: Some(FileOptions { java_package: None, java_outer_classname: None, java_multiple_files: None, java_generate_equals_and_hash: None, java_string_check_utf8: None, optimize_for: None, go_package: Some("io.pact/area_calculator"), cc_generic_services: None, java_generic_services: None, py_generic_services: None, php_generic_services: Some(true), deprecated: None, cc_enable_arenas: None, objc_class_prefix: None, csharp_namespace: None, swift_prefix: None, php_class_prefix: None, php_namespace: None, php_metadata_namespace: None, ruby_package: None, uninterpreted_option: [] }), source_code_info: None, syntax: Some("proto3") }] }, MethodDescriptorProto { name: Some("calculateOne"), input_type: Some(".area_calculator.ShapeMessage"), output_type: Some(".area_calculator.AreaResponse"), options: Some(MethodOptions { deprecated: None, idempotency_level: None, uninterpreted_option: [] }), client_streaming: None, server_streaming: None }, SynchronousMessage { id: None, key: Some("c7fbe3ee"), description: "calculate rectangle area request", provider_states: [], comments: {"testname": String("io.pact.example.grpc.consumer.PactConsumerTest.calculateRectangleArea(MockServer, SynchronousMessages)")}, request: MessageContents { contents: Present(b"\x12\n\r\0\0@@\x15\0\0\x80@", Some(ContentType { main_type: "application", sub_type: "protobuf", attributes: {"message": "ShapeMessage"}, suffix: None }), Some(BINARY)), metadata: {}, matching_rules: MatchingRules { rules: {BODY: MatchingRuleCategory { name: BODY, rules: {DocPath { path_tokens: [Root, Field("rectangle"), Field("length")], expr: "$.rectangle.length" }: RuleList { rules: [Number], rule_logic: And, cascaded: false }, DocPath { path_tokens: [Root, Field("rectangle"), Field("width")], expr: "$.rectangle.width" }: RuleList { rules: [Number], rule_logic: And, cascaded: false }} }} }, generators: Generators { categories: {} } }, response: [MessageContents { contents: Present(b"\r\0\0@A", Some(ContentType { main_type: "application", sub_type: "protobuf", attributes: {"message": "AreaResponse"}, suffix: None }), Some(BINARY)), metadata: {}, matching_rules: MatchingRules { rules: {BODY: MatchingRuleCategory { name: BODY, rules: {DocPath { path_tokens: [Root, Field("value")], expr: "$.value" }: RuleList { rules: [Number], rule_logic: And, cascaded: false }} }} }, generators: Generators { categories: {} } }], pending: false, plugin_config: {"protobuf": {"service": String("Calculator/calculateOne"), "descriptorKey": String("a85dff8f82655a9681aad113575dcfbb")}}, interaction_markup: InteractionMarkup { markup: "```protobuf\nmessage ShapeMessage {\n    message .area_calculator.Rectangle rectangle = 2;\n}\n```\n\n```protobuf\nmessage AreaResponse {\n    float value = 1;\n}\n```\n", markup_type: "COMMON_MARK" }, transport: None })}, server_key: "5cae5f82-fec2-43c6-9739-60d0383d84ec" } ?[3mreq?[0m?[2m=?[0mRequest { method: POST, uri: http://127.0.0.1:53791/area_calculator.Calculator/calculateOne, version: HTTP/2.0, headers: {"content-type": "application/grpc", "te": "trailers", "user-agent": "grpc-java-netty/1.49.0", "grpc-accept-encoding": "gzip"}, body: Body(Streaming) }?[1m}?[0m?[2m:?[0m?[1mmock_server_handler?[0m?[1m{?[0m?[3mkey?[0m?[2m=?[0m"5cae5f82-fec2-43c6-9739-60d0383d84ec"?[1m}?[0m?[2m:?[0m?[1mhandle_message?[0m?[1m{?[0m?[3mself?[0m?[2m=?[0mMockService { file_descriptor_set: FileDescriptorSet { file: [FileDescriptorProto { name: Some("area_calculator.proto"), package: Some("area_calculator"), dependency: [], public_dependency: [], weak_dependency: [], message_type: [DescriptorProto { name: Some("ShapeMessage"), field: [FieldDescriptorProto { name: Some("square"), number: Some(1), label: Some(Optional), r#type: Some(Message), type_name: Some(".area_calculator.Square"), extendee: None, default_value: None, oneof_index: Some(0), json_name: Some("square"), options: None, proto3_optional: None }, FieldDescriptorProto { name: Some("rectangle"), number: Some(2), label: Some(Optional), r#type: Some(Message), type_name: Some(".area_calculator.Rectangle"), extendee: None, default_value: None, oneof_index: Some(0), json_name: Some("rectangle"), options: None, proto3_optional: None }, FieldDescriptorProto { name: Some("circle"), number: Some(3), label: Some(Optional), r#type: Some(Message), type_name: Some(".area_calculator.Circle"), extendee: None, default_value: None, oneof_index: Some(0), json_name: Some("circle"), options: None, proto3_optional: None }, FieldDescriptorProto { name: Some("triangle"), number: Some(4), label: Some(Optional), r#type: Some(Message), type_name: Some(".area_calculator.Triangle"), extendee: None, default_value: None, oneof_index: Some(0), json_name: Some("triangle"), options: None, proto3_optional: None }, FieldDescriptorProto { name: Some("parallelogram"), number: Some(5), label: Some(Optional), r#type: Some(Message), type_name: Some(".area_calculator.Parallelogram"), extendee: None, default_value: None, oneof_index: Some(0), json_name: Some("parallelogram"), options: None, proto3_optional: None }], extension: [], nested_type: [], enum_type: [], extension_range: [], oneof_decl: [OneofDescriptorProto { name: Some("shape"), options: None }], options: None, reserved_range: [], reserved_name: [] }, DescriptorProto { name: Some("Square"), field: [FieldDescriptorProto { name: Some("edge_length"), number: Some(1), label: Some(Optional), r#type: Some(Float), type_name: None, extendee: None, default_value: None, oneof_index: None, json_name: Some("edgeLength"), options: None, proto3_optional: None }], extension: [], nested_type: [], enum_type: [], extension_range: [], oneof_decl: [], options: None, reserved_range: [], reserved_name: [] }, DescriptorProto { name: Some("Rectangle"), field: [FieldDescriptorProto { name: Some("length"), number: Some(1), label: Some(Optional), r#type: Some(Float), type_name: None, extendee: None, default_value: None, oneof_index: None, json_name: Some("length"), options: None, proto3_optional: None }, FieldDescriptorProto { name: Some("width"), number: Some(2), label: Some(Optional), r#type: Some(Float), type_name: None, extendee: None, default_value: None, oneof_index: None, json_name: Some("width"), options: None, proto3_optional: None }], extension: [], nested_type: [], enum_type: [], extension_range: [], oneof_decl: [], options: None, reserved_range: [], reserved_name: [] }, DescriptorProto { name: Some("Circle"), field: [FieldDescriptorProto { name: Some("radius"), number: Some(1), label: Some(Optional), r#type: Some(Float), type_name: None, extendee: None, default_value: None, oneof_index: None, json_name: Some("radius"), options: None, proto3_optional: None }], extension: [], nested_type: [], enum_type: [], extension_range: [], oneof_decl: [], options: None, reserved_range: [], reserved_name: [] }, DescriptorProto { name: Some("Triangle"), field: [FieldDescriptorProto { name: Some("edge_a"), number: Some(1), label: Some(Optional), r#type: Some(Float), type_name: None, extendee: None, default_value: None, oneof_index: None, json_name: Some("edgeA"), options: None, proto3_optional: None }, FieldDescriptorProto { name: Some("edge_b"), number: Some(2), label: Some(Optional), r#type: Some(Float), type_name: None, extendee: None, default_value: None, oneof_index: None, json_name: Some("edgeB"), options: None, proto3_optional: None }, FieldDescriptorProto { name: Some("edge_c"), number: Some(3), label: Some(Optional), r#type: Some(Float), type_name: None, extendee: None, default_value: None, oneof_index: None, json_name: Some("edgeC"), options: None, proto3_optional: None }], extension: [], nested_type: [], enum_type: [], extension_range: [], oneof_decl: [], options: None, reserved_range: [], reserved_name: [] }, DescriptorProto { name: Some("Parallelogram"), field: [FieldDescriptorProto { name: Some("base_length"), number: Some(1), label: Some(Optional), r#type: Some(Float), type_name: None, extendee: None, default_value: None, oneof_index: None, json_name: Some("baseLength"), options: None, proto3_optional: None }, FieldDescriptorProto { name: Some("height"), number: Some(2), label: Some(Optional), r#type: Some(Float), type_name: None, extendee: None, default_value: None, oneof_index: None, json_name: Some("height"), options: None, proto3_optional: None }], extension: [], nested_type: [], enum_type: [], extension_range: [], oneof_decl: [], options: None, reserved_range: [], reserved_name: [] }, DescriptorProto { name: Some("AreaRequest"), field: [FieldDescriptorProto { name: Some("shapes"), number: Some(1), label: Some(Repeated), r#type: Some(Message), type_name: Some(".area_calculator.ShapeMessage"), extendee: None, default_value: None, oneof_index: None, json_name: Some("shapes"), options: None, proto3_optional: None }], extension: [], nested_type: [], enum_type: [], extension_range: [], oneof_decl: [], options: None, reserved_range: [], reserved_name: [] }, DescriptorProto { name: Some("AreaResponse"), field: [FieldDescriptorProto { name: Some("value"), number: Some(1), label: Some(Repeated), r#type: Some(Float), type_name: None, extendee: None, default_value: None, oneof_index: None, json_name: Some("value"), options: None, proto3_optional: None }], extension: [], nested_type: [], enum_type: [], extension_range: [], oneof_decl: [], options: None, reserved_range: [], reserved_name: [] }], enum_type: [], service: [ServiceDescriptorProto { name: Some("Calculator"), method: [MethodDescriptorProto { name: Some("calculateOne"), input_type: Some(".area_calculator.ShapeMessage"), output_type: Some(".area_calculator.AreaResponse"), options: Some(MethodOptions { deprecated: None, idempotency_level: None, uninterpreted_option: [] }), client_streaming: None, server_streaming: None }, MethodDescriptorProto { name: Some("calculateMulti"), input_type: Some(".area_calculator.AreaRequest"), output_type: Some(".area_calculator.AreaResponse"), options: Some(MethodOptions { deprecated: None, idempotency_level: None, uninterpreted_option: [] }), client_streaming: None, server_streaming: None }], options: None }], extension: [], options: Some(FileOptions { java_package: None, java_outer_classname: None, java_multiple_files: None, java_generate_equals_and_hash: None, java_string_check_utf8: None, optimize_for: None, go_package: Some("io.pact/area_calculator"), cc_generic_services: None, java_generic_services: None, py_generic_services: None, php_generic_services: Some(true), deprecated: None, cc_enable_arenas: None, objc_class_prefix: None, csharp_namespace: None, swift_prefix: None, php_class_prefix: None, php_namespace: None, php_metadata_namespace: None, ruby_package: None, uninterpreted_option: [] }), source_code_info: None, syntax: Some("proto3") }] }, service_name: "Calculator", message: SynchronousMessage { id: None, key: Some("c7fbe3ee"), description: "calculate rectangle area request", provider_states: [], comments: {"testname": String("io.pact.example.grpc.consumer.PactConsumerTest.calculateRectangleArea(MockServer, SynchronousMessages)")}, request: MessageContents { contents: Present(b"\x12\n\r\0\0@@\x15\0\0\x80@", Some(ContentType { main_type: "application", sub_type: "protobuf", attributes: {"message": "ShapeMessage"}, suffix: None }), Some(BINARY)), metadata: {}, matching_rules: MatchingRules { rules: {BODY: MatchingRuleCategory { name: BODY, rules: {DocPath { path_tokens: [Root, Field("rectangle"), Field("length")], expr: "$.rectangle.length" }: RuleList { rules: [Number], rule_logic: And, cascaded: false }, DocPath { path_tokens: [Root, Field("rectangle"), Field("width")], expr: "$.rectangle.width" }: RuleList { rules: [Number], rule_logic: And, cascaded: false }} }} }, generators: Generators { categories: {} } }, response: [MessageContents { contents: Present(b"\r\0\0@A", Some(ContentType { main_type: "application", sub_type: "protobuf", attributes: {"message": "AreaResponse"}, suffix: None }), Some(BINARY)), metadata: {}, matching_rules: MatchingRules { rules: {BODY: MatchingRuleCategory { name: BODY, rules: {DocPath { path_tokens: [Root, Field("value")], expr: "$.value" }: RuleList { rules: [Number], rule_logic: And, cascaded: false }} }} }, generators: Generators { categories: {} } }], pending: false, plugin_config: {"protobuf": {"service": String("Calculator/calculateOne"), "descriptorKey": String("a85dff8f82655a9681aad113575dcfbb")}}, interaction_markup: InteractionMarkup { markup: "```protobuf\nmessage ShapeMessage {\n    message .area_calculator.Rectangle rectangle = 2;\n}\n```\n\n```protobuf\nmessage AreaResponse {\n    float value = 1;\n}\n```\n", markup_type: "COMMON_MARK" }, transport: None }, method_descriptor: MethodDescriptorProto { name: Some("calculateOne"), input_type: Some(".area_calculator.ShapeMessage"), output_type: Some(".area_calculator.AreaResponse"), options: Some(MethodOptions { deprecated: None, idempotency_level: None, uninterpreted_option: [] }), client_streaming: None, server_streaming: None }, input_message: DescriptorProto { name: Some("ShapeMessage"), field: [FieldDescriptorProto { name: Some("square"), number: Some(1), label: Some(Optional), r#type: Some(Message), type_name: Some(".area_calculator.Square"), extendee: None, default_value: None, oneof_index: Some(0), json_name: Some("square"), options: None, proto3_optional: None }, FieldDescriptorProto { name: Some("rectangle"), number: Some(2), label: Some(Optional), r#type: Some(Message), type_name: Some(".area_calculator.Rectangle"), extendee: None, default_value: None, oneof_index: Some(0), json_name: Some("rectangle"), options: None, proto3_optional: None }, FieldDescriptorProto { name: Some("circle"), number: Some(3), label: Some(Optional), r#type: Some(Message), type_name: Some(".area_calculator.Circle"), extendee: None, default_value: None, oneof_index: Some(0), json_name: Some("circle"), options: None, proto3_optional: None }, FieldDescriptorProto { name: Some("triangle"), number: Some(4), label: Some(Optional), r#type: Some(Message), type_name: Some(".area_calculator.Triangle"), extendee: None, default_value: None, oneof_index: Some(0), json_name: Some("triangle"), options: None, proto3_optional: None }, FieldDescriptorProto { name: Some("parallelogram"), number: Some(5), label: Some(Optional), r#type: Some(Message), type_name: Some(".area_calculator.Parallelogram"), extendee: None, default_value: None, oneof_index: Some(0), json_name: Some("parallelogram"), options: None, proto3_optional: None }], extension: [], nested_type: [], enum_type: [], extension_range: [], oneof_decl: [OneofDescriptorProto { name: Some("shape"), options: None }], options: None, reserved_range: [], reserved_name: [] }, output_message: DescriptorProto { name: Some("AreaResponse"), field: [FieldDescriptorProto { name: Some("value"), number: Some(1), label: Some(Repeated), r#type: Some(Float), type_name: None, extendee: None, default_value: None, oneof_index: None, json_name: Some("value"), options: None, proto3_optional: None }], extension: [], nested_type: [], enum_type: [], extension_range: [], oneof_decl: [], options: None, reserved_range: [], reserved_name: [] }, server_key: "5cae5f82-fec2-43c6-9739-60d0383d84ec" } ?[3mrequest?[0m?[2m=?[0mDynamicMessage { descriptor: DescriptorProto { name: Some("ShapeMessage"), field: [FieldDescriptorProto { name: Some("square"), number: Some(1), label: Some(Optional), r#type: Some(Message), type_name: Some(".area_calculator.Square"), extendee: None, default_value: None, oneof_index: Some(0), json_name: Some("square"), options: None, proto3_optional: None }, FieldDescriptorProto { name: Some("rectangle"), number: Some(2), label: Some(Optional), r#type: Some(Message), type_name: Some(".area_calculator.Rectangle"), extendee: None, default_value: None, oneof_index: Some(0), json_name: Some("rectangle"), options: None, proto3_optional: None }, FieldDescriptorProto { name: Some("circle"), number: Some(3), label: Some(Optional), r#type: Some(Message), type_name: Some(".area_calculator.Circle"), extendee: None, default_value: None, oneof_index: Some(0), json_name: Some("circle"), options: None, proto3_optional: None }, FieldDescriptorProto { name: Some("triangle"), number: Some(4), label: Some(Optional), r#type: Some(Message), type_name: Some(".area_calculator.Triangle"), extendee: None, default_value: None, oneof_index: Some(0), json_name: Some("triangle"), options: None, proto3_optional: None }, FieldDescriptorProto { name: Some("parallelogram"), number: Some(5), label: Some(Optional), r#type: Some(Message), type_name: Some(".area_calculator.Parallelogram"), extendee: None, default_value: None, oneof_index: Some(0), json_name: Some("parallelogram"), options: None, proto3_optional: None }], extension: [], nested_type: [], enum_type: [], extension_range: [], oneof_decl: [OneofDescriptorProto { name: Some("shape"), options: None }], options: None, reserved_range: [], reserved_name: [] }, fields: [ProtobufField { field_num: 2, wire_type: LengthDelimited, data: Message([13, 0, 0, 64, 64, 21, 0, 0, 128, 64], DescriptorProto { name: Some("Rectangle"), field: [FieldDescriptorProto { name: Some("length"), number: Some(1), label: Some(Optional), r#type: Some(Float), type_name: None, extendee: None, default_value: None, oneof_index: None, json_name: Some("length"), options: None, proto3_optional: None }, FieldDescriptorProto { name: Some("width"), number: Some(2), label: Some(Optional), r#type: Some(Float), type_name: None, extendee: None, default_value: None, oneof_index: None, json_name: Some("width"), options: None, proto3_optional: None }], extension: [], nested_type: [], enum_type: [], extension_range: [], oneof_decl: [], options: None, reserved_range: [], reserved_name: [] }) }] } ?[3mmessage_descriptor?[0m?[2m=?[0mDescriptorProto { name: Some("ShapeMessage"), field: [FieldDescriptorProto { name: Some("square"), number: Some(1), label: Some(Optional), r#type: Some(Message), type_name: Some(".area_calculator.Square"), extendee: None, default_value: None, oneof_index: Some(0), json_name: Some("square"), options: None, proto3_optional: None }, FieldDescriptorProto { name: Some("rectangle"), number: Some(2), label: Some(Optional), r#type: Some(Message), type_name: Some(".area_calculator.Rectangle"), extendee: None, default_value: None, oneof_index: Some(0), json_name: Some("rectangle"), options: None, proto3_optional: None }, FieldDescriptorProto { name: Some("circle"), number: Some(3), label: Some(Optional), r#type: Some(Message), type_name: Some(".area_calculator.Circle"), extendee: None, default_value: None, oneof_index: Some(0), json_name: Some("circle"), options: None, proto3_optional: None }, FieldDescriptorProto { name: Some("triangle"), number: Some(4), label: Some(Optional), r#type: Some(Message), type_name: Some(".area_calculator.Triangle"), extendee: None, default_value: None, oneof_index: Some(0), json_name: Some("triangle"), options: None, proto3_optional: None }, FieldDescriptorProto { name: Some("parallelogram"), number: Some(5), label: Some(Optional), r#type: Some(Message), type_name: Some(".area_calculator.Parallelogram"), extendee: None, default_value: None, oneof_index: Some(0), json_name: Some("parallelogram"), options: None, proto3_optional: None }], extension: [], nested_type: [], enum_type: [], extension_range: [], oneof_decl: [OneofDescriptorProto { name: Some("shape"), options: None }], options: None, reserved_range: [], reserved_name: [] } ?[3mresponse_descriptor?[0m?[2m=?[0mDescriptorProto { name: Some("AreaResponse"), field: [FieldDescriptorProto { name: Some("value"), number: Some(1), label: Some(Repeated), r#type: Some(Float), type_name: None, extendee: None, default_value: None, oneof_index: None, json_name: Some("value"), options: None, proto3_optional: None }], extension: [], nested_type: [], enum_type: [], extension_range: [], oneof_decl: [], options: None, reserved_range: [], reserved_name: [] }?[1m}?[0m?[2m:?[0m ?[2mpact_protobuf_plugin::matching?[0m?[2m:?[0m Comparing message field length:1
15:05:16.531 [Thread-5] DEBUG i.pact.plugins.jvm.core.ChildProcess - Plugin protobuf [46038] || ?[2m2023-03-27T09:35:16.530314Z?[0m ?[35mTRACE?[0m tokio-runtime-worker ?[1mrequest?[0m?[1m{?[0m?[3mmethod?[0m?[2m=?[0mPOST ?[3muri?[0m?[2m=?[0mhttp://127.0.0.1:53791/area_calculator.Calculator/calculateOne ?[3mversion?[0m?[2m=?[0mHTTP/2.0?[1m}?[0m?[2m:?[0m?[1mcall?[0m?[1m{?[0m?[3mself?[0m?[2m=?[0mGrpcMockServer { pact: V4Pact { consumer: Consumer { name: "grpc-consumer-jvm" }, provider: Provider { name: "area-calculator-provider" }, interactions: [SynchronousMessage { id: None, key: Some("c7fbe3ee"), description: "calculate rectangle area request", provider_states: [], comments: {"testname": String("io.pact.example.grpc.consumer.PactConsumerTest.calculateRectangleArea(MockServer, SynchronousMessages)")}, request: MessageContents { contents: Present(b"\x12\n\r\0\0@@\x15\0\0\x80@", Some(ContentType { main_type: "application", sub_type: "protobuf", attributes: {"message": "ShapeMessage"}, suffix: None }), Some(BINARY)), metadata: {}, matching_rules: MatchingRules { rules: {BODY: MatchingRuleCategory { name: BODY, rules: {DocPath { path_tokens: [Root, Field("rectangle"), Field("length")], expr: "$.rectangle.length" }: RuleList { rules: [Number], rule_logic: And, cascaded: false }, DocPath { path_tokens: [Root, Field("rectangle"), Field("width")], expr: "$.rectangle.width" }: RuleList { rules: [Number], rule_logic: And, cascaded: false }} }} }, generators: Generators { categories: {} } }, response: [MessageContents { contents: Present(b"\r\0\0@A", Some(ContentType { main_type: "application", sub_type: "protobuf", attributes: {"message": "AreaResponse"}, suffix: None }), Some(BINARY)), metadata: {}, matching_rules: MatchingRules { rules: {BODY: MatchingRuleCategory { name: BODY, rules: {DocPath { path_tokens: [Root, Field("value")], expr: "$.value" }: RuleList { rules: [Number], rule_logic: And, cascaded: false }} }} }, generators: Generators { categories: {} } }], pending: false, plugin_config: {"protobuf": {"service": String("Calculator/calculateOne"), "descriptorKey": String("a85dff8f82655a9681aad113575dcfbb")}}, interaction_markup: InteractionMarkup { markup: "```protobuf\nmessage ShapeMessage {\n    message .area_calculator.Rectangle rectangle = 2;\n}\n```\n\n```protobuf\nmessage AreaResponse {\n    float value = 1;\n}\n```\n", markup_type: "COMMON_MARK" }, transport: None }], metadata: {"pact-jvm": Object({"version": String("4.4.2")}), "pactSpecification": Object({"version": String("4.0")})}, plugin_data: [PluginData { name: "protobuf", version: "0.1.5", configuration: {"a85dff8f82655a9681aad113575dcfbb": Object({"protoDescriptors": String("CsoHChVhcmVhX2NhbGN1bGF0b3IucHJvdG8SD2FyZWFfY2FsY3VsYXRvciK6AgoMU2hhcGVNZXNzYWdlEjEKBnNxdWFyZRgBIAEoCzIXLmFyZWFfY2FsY3VsYXRvci5TcXVhcmVIAFIGc3F1YXJlEjoKCXJlY3RhbmdsZRgCIAEoCzIaLmFyZWFfY2FsY3VsYXRvci5SZWN0YW5nbGVIAFIJcmVjdGFuZ2xlEjEKBmNpcmNsZRgDIAEoCzIXLmFyZWFfY2FsY3VsYXRvci5DaXJjbGVIAFIGY2lyY2xlEjcKCHRyaWFuZ2xlGAQgASgLMhkuYXJlYV9jYWxjdWxhdG9yLlRyaWFuZ2xlSABSCHRyaWFuZ2xlEkYKDXBhcmFsbGVsb2dyYW0YBSABKAsyHi5hcmVhX2NhbGN1bGF0b3IuUGFyYWxsZWxvZ3JhbUgAUg1wYXJhbGxlbG9ncmFtQgcKBXNoYXBlIikKBlNxdWFyZRIfCgtlZGdlX2xlbmd0aBgBIAEoAlIKZWRnZUxlbmd0aCI5CglSZWN0YW5nbGUSFgoGbGVuZ3RoGAEgASgCUgZsZW5ndGgSFAoFd2lkdGgYAiABKAJSBXdpZHRoIiAKBkNpcmNsZRIWCgZyYWRpdXMYASABKAJSBnJhZGl1cyJPCghUcmlhbmdsZRIVCgZlZGdlX2EYASABKAJSBWVkZ2VBEhUKBmVkZ2VfYhgCIAEoAlIFZWRnZUISFQoGZWRnZV9jGAMgASgCUgVlZGdlQyJICg1QYXJhbGxlbG9ncmFtEh8KC2Jhc2VfbGVuZ3RoGAEgASgCUgpiYXNlTGVuZ3RoEhYKBmhlaWdodBgCIAEoAlIGaGVpZ2h0IkQKC0FyZWFSZXF1ZXN0EjUKBnNoYXBlcxgBIAMoCzIdLmFyZWFfY2FsY3VsYXRvci5TaGFwZU1lc3NhZ2VSBnNoYXBlcyIkCgxBcmVhUmVzcG9uc2USFAoFdmFsdWUYASADKAJSBXZhbHVlMq0BCgpDYWxjdWxhdG9yEk4KDGNhbGN1bGF0ZU9uZRIdLmFyZWFfY2FsY3VsYXRvci5TaGFwZU1lc3NhZ2UaHS5hcmVhX2NhbGN1bGF0b3IuQXJlYVJlc3BvbnNlIgASTwoOY2FsY3VsYXRlTXVsdGkSHC5hcmVhX2NhbGN1bGF0b3IuQXJlYVJlcXVlc3QaHS5hcmVhX2NhbGN1bGF0b3IuQXJlYVJlc3BvbnNlIgBCHFoXaW8ucGFjdC9hcmVhX2NhbGN1bGF0b3LQAgFiBnByb3RvMw=="), "protoFile": String("syntax = \"proto3\";\n\npackage area_calculator;\n\noption php_generic_services = true;\noption go_package = \"io.pact/area_calculator\";\n\nservice Calculator {\n  rpc calculateOne (ShapeMessage) returns (AreaResponse) {}\n  rpc calculateMulti (AreaRequest) returns (AreaResponse) {}\n}\n\nmessage ShapeMessage {\n  oneof shape {\n    Square square = 1;\n    Rectangle rectangle = 2;\n    Circle circle = 3;\n    Triangle triangle = 4;\n    Parallelogram parallelogram = 5;\n  }\n}\n\nmessage Square {\n  float edge_length = 1;\n}\n\nmessage Rectangle {\n  float length = 1;\n  float width = 2;\n}\n\nmessage Circle {\n  float radius = 1;\n}\n\nmessage Triangle {\n  float edge_a = 1;\n  float edge_b = 2;\n  float edge_c = 3;\n}\n\nmessage Parallelogram {\n  float base_length = 1;\n  float height = 2;\n}\n\nmessage AreaRequest {\n  repeated ShapeMessage shapes = 1;\n}\n\nmessage AreaResponse {\n  repeated float value = 1;\n}\n")})} }] }, plugin_config: PluginData { name: "protobuf", version: "0.1.5", configuration: {"a85dff8f82655a9681aad113575dcfbb": Object({"protoDescriptors": String("CsoHChVhcmVhX2NhbGN1bGF0b3IucHJvdG8SD2FyZWFfY2FsY3VsYXRvciK6AgoMU2hhcGVNZXNzYWdlEjEKBnNxdWFyZRgBIAEoCzIXLmFyZWFfY2FsY3VsYXRvci5TcXVhcmVIAFIGc3F1YXJlEjoKCXJlY3RhbmdsZRgCIAEoCzIaLmFyZWFfY2FsY3VsYXRvci5SZWN0YW5nbGVIAFIJcmVjdGFuZ2xlEjEKBmNpcmNsZRgDIAEoCzIXLmFyZWFfY2FsY3VsYXRvci5DaXJjbGVIAFIGY2lyY2xlEjcKCHRyaWFuZ2xlGAQgASgLMhkuYXJlYV9jYWxjdWxhdG9yLlRyaWFuZ2xlSABSCHRyaWFuZ2xlEkYKDXBhcmFsbGVsb2dyYW0YBSABKAsyHi5hcmVhX2NhbGN1bGF0b3IuUGFyYWxsZWxvZ3JhbUgAUg1wYXJhbGxlbG9ncmFtQgcKBXNoYXBlIikKBlNxdWFyZRIfCgtlZGdlX2xlbmd0aBgBIAEoAlIKZWRnZUxlbmd0aCI5CglSZWN0YW5nbGUSFgoGbGVuZ3RoGAEgASgCUgZsZW5ndGgSFAoFd2lkdGgYAiABKAJSBXdpZHRoIiAKBkNpcmNsZRIWCgZyYWRpdXMYASABKAJSBnJhZGl1cyJPCghUcmlhbmdsZRIVCgZlZGdlX2EYASABKAJSBWVkZ2VBEhUKBmVkZ2VfYhgCIAEoAlIFZWRnZUISFQoGZWRnZV9jGAMgASgCUgVlZGdlQyJICg1QYXJhbGxlbG9ncmFtEh8KC2Jhc2VfbGVuZ3RoGAEgASgCUgpiYXNlTGVuZ3RoEhYKBmhlaWdodBgCIAEoAlIGaGVpZ2h0IkQKC0FyZWFSZXF1ZXN0EjUKBnNoYXBlcxgBIAMoCzIdLmFyZWFfY2FsY3VsYXRvci5TaGFwZU1lc3NhZ2VSBnNoYXBlcyIkCgxBcmVhUmVzcG9uc2USFAoFdmFsdWUYASADKAJSBXZhbHVlMq0BCgpDYWxjdWxhdG9yEk4KDGNhbGN1bGF0ZU9uZRIdLmFyZWFfY2FsY3VsYXRvci5TaGFwZU1lc3NhZ2UaHS5hcmVhX2NhbGN1bGF0b3IuQXJlYVJlc3BvbnNlIgASTwoOY2FsY3VsYXRlTXVsdGkSHC5hcmVhX2NhbGN1bGF0b3IuQXJlYVJlcXVlc3QaHS5hcmVhX2NhbGN1bGF0b3IuQXJlYVJlc3BvbnNlIgBCHFoXaW8ucGFjdC9hcmVhX2NhbGN1bGF0b3LQAgFiBnByb3RvMw=="), "protoFile": String("syntax = \"proto3\";\n\npackage area_calculator;\n\noption php_generic_services = true;\noption go_package = \"io.pact/area_calculator\";\n\nservice Calculator {\n  rpc calculateOne (ShapeMessage) returns (AreaResponse) {}\n  rpc calculateMulti (AreaRequest) returns (AreaResponse) {}\n}\n\nmessage ShapeMessage {\n  oneof shape {\n    Square square = 1;\n    Rectangle rectangle = 2;\n    Circle circle = 3;\n    Triangle triangle = 4;\n    Parallelogram parallelogram = 5;\n  }\n}\n\nmessage Square {\n  float edge_length = 1;\n}\n\nmessage Rectangle {\n  float length = 1;\n  float width = 2;\n}\n\nmessage Circle {\n  float radius = 1;\n}\n\nmessage Triangle {\n  float edge_a = 1;\n  float edge_b = 2;\n  float edge_c = 3;\n}\n\nmessage Parallelogram {\n  float base_length = 1;\n  float height = 2;\n}\n\nmessage AreaRequest {\n  repeated ShapeMessage shapes = 1;\n}\n\nmessage AreaResponse {\n  repeated float value = 1;\n}\n")})} }, descriptors: {"a85dff8f82655a9681aad113575dcfbb": FileDescriptorSet { file: [FileDescriptorProto { name: Some("area_calculator.proto"), package: Some("area_calculator"), dependency: [], public_dependency: [], weak_dependency: [], message_type: [DescriptorProto { name: Some("ShapeMessage"), field: [FieldDescriptorProto { name: Some("square"), number: Some(1), label: Some(Optional), r#type: Some(Message), type_name: Some(".area_calculator.Square"), extendee: None, default_value: None, oneof_index: Some(0), json_name: Some("square"), options: None, proto3_optional: None }, FieldDescriptorProto { name: Some("rectangle"), number: Some(2), label: Some(Optional), r#type: Some(Message), type_name: Some(".area_calculator.Rectangle"), extendee: None, default_value: None, oneof_index: Some(0), json_name: Some("rectangle"), options: None, proto3_optional: None }, FieldDescriptorProto { name: Some("circle"), number: Some(3), label: Some(Optional), r#type: Some(Message), type_name: Some(".area_calculator.Circle"), extendee: None, default_value: None, oneof_index: Some(0), json_name: Some("circle"), options: None, proto3_optional: None }, FieldDescriptorProto { name: Some("triangle"), number: Some(4), label: Some(Optional), r#type: Some(Message), type_name: Some(".area_calculator.Triangle"), extendee: None, default_value: None, oneof_index: Some(0), json_name: Some("triangle"), options: None, proto3_optional: None }, FieldDescriptorProto { name: Some("parallelogram"), number: Some(5), label: Some(Optional), r#type: Some(Message), type_name: Some(".area_calculator.Parallelogram"), extendee: None, default_value: None, oneof_index: Some(0), json_name: Some("parallelogram"), options: None, proto3_optional: None }], extension: [], nested_type: [], enum_type: [], extension_range: [], oneof_decl: [OneofDescriptorProto { name: Some("shape"), options: None }], options: None, reserved_range: [], reserved_name: [] }, DescriptorProto { name: Some("Square"), field: [FieldDescriptorProto { name: Some("edge_length"), number: Some(1), label: Some(Optional), r#type: Some(Float), type_name: None, extendee: None, default_value: None, oneof_index: None, json_name: Some("edgeLength"), options: None, proto3_optional: None }], extension: [], nested_type: [], enum_type: [], extension_range: [], oneof_decl: [], options: None, reserved_range: [], reserved_name: [] }, DescriptorProto { name: Some("Rectangle"), field: [FieldDescriptorProto { name: Some("length"), number: Some(1), label: Some(Optional), r#type: Some(Float), type_name: None, extendee: None, default_value: None, oneof_index: None, json_name: Some("length"), options: None, proto3_optional: None }, FieldDescriptorProto { name: Some("width"), number: Some(2), label: Some(Optional), r#type: Some(Float), type_name: None, extendee: None, default_value: None, oneof_index: None, json_name: Some("width"), options: None, proto3_optional: None }], extension: [], nested_type: [], enum_type: [], extension_range: [], oneof_decl: [], options: None, reserved_range: [], reserved_name: [] }, DescriptorProto { name: Some("Circle"), field: [FieldDescriptorProto { name: Some("radius"), number: Some(1), label: Some(Optional), r#type: Some(Float), type_name: None, extendee: None, default_value: None, oneof_index: None, json_name: Some("radius"), options: None, proto3_optional: None }], extension: [], nested_type: [], enum_type: [], extension_range: [], oneof_decl: [], options: None, reserved_range: [], reserved_name: [] }, DescriptorProto { name: Some("Triangle"), field: [FieldDescriptorProto { name: Some("edge_a"), number: Some(1), label: Some(Optional), r#type: Some(Float), type_name: None, extendee: None, default_value: None, oneof_index: None, json_name: Some("edgeA"), options: None, proto3_optional: None }, FieldDescriptorProto { name: Some("edge_b"), number: Some(2), label: Some(Optional), r#type: Some(Float), type_name: None, extendee: None, default_value: None, oneof_index: None, json_name: Some("edgeB"), options: None, proto3_optional: None }, FieldDescriptorProto { name: Some("edge_c"), number: Some(3), label: Some(Optional), r#type: Some(Float), type_name: None, extendee: None, default_value: None, oneof_index: None, json_name: Some("edgeC"), options: None, proto3_optional: None }], extension: [], nested_type: [], enum_type: [], extension_range: [], oneof_decl: [], options: None, reserved_range: [], reserved_name: [] }, DescriptorProto { name: Some("Parallelogram"), field: [FieldDescriptorProto { name: Some("base_length"), number: Some(1), label: Some(Optional), r#type: Some(Float), type_name: None, extendee: None, default_value: None, oneof_index: None, json_name: Some("baseLength"), options: None, proto3_optional: None }, FieldDescriptorProto { name: Some("height"), number: Some(2), label: Some(Optional), r#type: Some(Float), type_name: None, extendee: None, default_value: None, oneof_index: None, json_name: Some("height"), options: None, proto3_optional: None }], extension: [], nested_type: [], enum_type: [], extension_range: [], oneof_decl: [], options: None, reserved_range: [], reserved_name: [] }, DescriptorProto { name: Some("AreaRequest"), field: [FieldDescriptorProto { name: Some("shapes"), number: Some(1), label: Some(Repeated), r#type: Some(Message), type_name: Some(".area_calculator.ShapeMessage"), extendee: None, default_value: None, oneof_index: None, json_name: Some("shapes"), options: None, proto3_optional: None }], extension: [], nested_type: [], enum_type: [], extension_range: [], oneof_decl: [], options: None, reserved_range: [], reserved_name: [] }, DescriptorProto { name: Some("AreaResponse"), field: [FieldDescriptorProto { name: Some("value"), number: Some(1), label: Some(Repeated), r#type: Some(Float), type_name: None, extendee: None, default_value: None, oneof_index: None, json_name: Some("value"), options: None, proto3_optional: None }], extension: [], nested_type: [], enum_type: [], extension_range: [], oneof_decl: [], options: None, reserved_range: [], reserved_name: [] }], enum_type: [], service: [ServiceDescriptorProto { name: Some("Calculator"), method: [MethodDescriptorProto { name: Some("calculateOne"), input_type: Some(".area_calculator.ShapeMessage"), output_type: Some(".area_calculator.AreaResponse"), options: Some(MethodOptions { deprecated: None, idempotency_level: None, uninterpreted_option: [] }), client_streaming: None, server_streaming: None }, MethodDescriptorProto { name: Some("calculateMulti"), input_type: Some(".area_calculator.AreaRequest"), output_type: Some(".area_calculator.AreaResponse"), options: Some(MethodOptions { deprecated: None, idempotency_level: None, uninterpreted_option: [] }), client_streaming: None, server_streaming: None }], options: None }], extension: [], options: Some(FileOptions { java_package: None, java_outer_classname: None, java_multiple_files: None, java_generate_equals_and_hash: None, java_string_check_utf8: None, optimize_for: None, go_package: Some("io.pact/area_calculator"), cc_generic_services: None, java_generic_services: None, py_generic_services: None, php_generic_services: Some(true), deprecated: None, cc_enable_arenas: None, objc_class_prefix: None, csharp_namespace: None, swift_prefix: None, php_class_prefix: None, php_namespace: None, php_metadata_namespace: None, ruby_package: None, uninterpreted_option: [] }), source_code_info: None, syntax: Some("proto3") }] }}, routes: {"Calculator/calculateOne": (FileDescriptorSet { file: [FileDescriptorProto { name: Some("area_calculator.proto"), package: Some("area_calculator"), dependency: [], public_dependency: [], weak_dependency: [], message_type: [DescriptorProto { name: Some("ShapeMessage"), field: [FieldDescriptorProto { name: Some("square"), number: Some(1), label: Some(Optional), r#type: Some(Message), type_name: Some(".area_calculator.Square"), extendee: None, default_value: None, oneof_index: Some(0), json_name: Some("square"), options: None, proto3_optional: None }, FieldDescriptorProto { name: Some("rectangle"), number: Some(2), label: Some(Optional), r#type: Some(Message), type_name: Some(".area_calculator.Rectangle"), extendee: None, default_value: None, oneof_index: Some(0), json_name: Some("rectangle"), options: None, proto3_optional: None }, FieldDescriptorProto { name: Some("circle"), number: Some(3), label: Some(Optional), r#type: Some(Message), type_name: Some(".area_calculator.Circle"), extendee: None, default_value: None, oneof_index: Some(0), json_name: Some("circle"), options: None, proto3_optional: None }, FieldDescriptorProto { name: Some("triangle"), number: Some(4), label: Some(Optional), r#type: Some(Message), type_name: Some(".area_calculator.Triangle"), extendee: None, default_value: None, oneof_index: Some(0), json_name: Some("triangle"), options: None, proto3_optional: None }, FieldDescriptorProto { name: Some("parallelogram"), number: Some(5), label: Some(Optional), r#type: Some(Message), type_name: Some(".area_calculator.Parallelogram"), extendee: None, default_value: None, oneof_index: Some(0), json_name: Some("parallelogram"), options: None, proto3_optional: None }], extension: [], nested_type: [], enum_type: [], extension_range: [], oneof_decl: [OneofDescriptorProto { name: Some("shape"), options: None }], options: None, reserved_range: [], reserved_name: [] }, DescriptorProto { name: Some("Square"), field: [FieldDescriptorProto { name: Some("edge_length"), number: Some(1), label: Some(Optional), r#type: Some(Float), type_name: None, extendee: None, default_value: None, oneof_index: None, json_name: Some("edgeLength"), options: None, proto3_optional: None }], extension: [], nested_type: [], enum_type: [], extension_range: [], oneof_decl: [], options: None, reserved_range: [], reserved_name: [] }, DescriptorProto { name: Some("Rectangle"), field: [FieldDescriptorProto { name: Some("length"), number: Some(1), label: Some(Optional), r#type: Some(Float), type_name: None, extendee: None, default_value: None, oneof_index: None, json_name: Some("length"), options: None, proto3_optional: None }, FieldDescriptorProto { name: Some("width"), number: Some(2), label: Some(Optional), r#type: Some(Float), type_name: None, extendee: None, default_value: None, oneof_index: None, json_name: Some("width"), options: None, proto3_optional: None }], extension: [], nested_type: [], enum_type: [], extension_range: [], oneof_decl: [], options: None, reserved_range: [], reserved_name: [] }, DescriptorProto { name: Some("Circle"), field: [FieldDescriptorProto { name: Some("radius"), number: Some(1), label: Some(Optional), r#type: Some(Float), type_name: None, extendee: None, default_value: None, oneof_index: None, json_name: Some("radius"), options: None, proto3_optional: None }], extension: [], nested_type: [], enum_type: [], extension_range: [], oneof_decl: [], options: None, reserved_range: [], reserved_name: [] }, DescriptorProto { name: Some("Triangle"), field: [FieldDescriptorProto { name: Some("edge_a"), number: Some(1), label: Some(Optional), r#type: Some(Float), type_name: None, extendee: None, default_value: None, oneof_index: None, json_name: Some("edgeA"), options: None, proto3_optional: None }, FieldDescriptorProto { name: Some("edge_b"), number: Some(2), label: Some(Optional), r#type: Some(Float), type_name: None, extendee: None, default_value: None, oneof_index: None, json_name: Some("edgeB"), options: None, proto3_optional: None }, FieldDescriptorProto { name: Some("edge_c"), number: Some(3), label: Some(Optional), r#type: Some(Float), type_name: None, extendee: None, default_value: None, oneof_index: None, json_name: Some("edgeC"), options: None, proto3_optional: None }], extension: [], nested_type: [], enum_type: [], extension_range: [], oneof_decl: [], options: None, reserved_range: [], reserved_name: [] }, DescriptorProto { name: Some("Parallelogram"), field: [FieldDescriptorProto { name: Some("base_length"), number: Some(1), label: Some(Optional), r#type: Some(Float), type_name: None, extendee: None, default_value: None, oneof_index: None, json_name: Some("baseLength"), options: None, proto3_optional: None }, FieldDescriptorProto { name: Some("height"), number: Some(2), label: Some(Optional), r#type: Some(Float), type_name: None, extendee: None, default_value: None, oneof_index: None, json_name: Some("height"), options: None, proto3_optional: None }], extension: [], nested_type: [], enum_type: [], extension_range: [], oneof_decl: [], options: None, reserved_range: [], reserved_name: [] }, DescriptorProto { name: Some("AreaRequest"), field: [FieldDescriptorProto { name: Some("shapes"), number: Some(1), label: Some(Repeated), r#type: Some(Message), type_name: Some(".area_calculator.ShapeMessage"), extendee: None, default_value: None, oneof_index: None, json_name: Some("shapes"), options: None, proto3_optional: None }], extension: [], nested_type: [], enum_type: [], extension_range: [], oneof_decl: [], options: None, reserved_range: [], reserved_name: [] }, DescriptorProto { name: Some("AreaResponse"), field: [FieldDescriptorProto { name: Some("value"), number: Some(1), label: Some(Repeated), r#type: Some(Float), type_name: None, extendee: None, default_value: None, oneof_index: None, json_name: Some("value"), options: None, proto3_optional: None }], extension: [], nested_type: [], enum_type: [], extension_range: [], oneof_decl: [], options: None, reserved_range: [], reserved_name: [] }], enum_type: [], service: [ServiceDescriptorProto { name: Some("Calculator"), method: [MethodDescriptorProto { name: Some("calculateOne"), input_type: Some(".area_calculator.ShapeMessage"), output_type: Some(".area_calculator.AreaResponse"), options: Some(MethodOptions { deprecated: None, idempotency_level: None, uninterpreted_option: [] }), client_streaming: None, server_streaming: None }, MethodDescriptorProto { name: Some("calculateMulti"), input_type: Some(".area_calculator.AreaRequest"), output_type: Some(".area_calculator.AreaResponse"), options: Some(MethodOptions { deprecated: None, idempotency_level: None, uninterpreted_option: [] }), client_streaming: None, server_streaming: None }], options: None }], extension: [], options: Some(FileOptions { java_package: None, java_outer_classname: None, java_multiple_files: None, java_generate_equals_and_hash: None, java_string_check_utf8: None, optimize_for: None, go_package: Some("io.pact/area_calculator"), cc_generic_services: None, java_generic_services: None, py_generic_services: None, php_generic_services: Some(true), deprecated: None, cc_enable_arenas: None, objc_class_prefix: None, csharp_namespace: None, swift_prefix: None, php_class_prefix: None, php_namespace: None, php_metadata_namespace: None, ruby_package: None, uninterpreted_option: [] }), source_code_info: None, syntax: Some("proto3") }] }, MethodDescriptorProto { name: Some("calculateOne"), input_type: Some(".area_calculator.ShapeMessage"), output_type: Some(".area_calculator.AreaResponse"), options: Some(MethodOptions { deprecated: None, idempotency_level: None, uninterpreted_option: [] }), client_streaming: None, server_streaming: None }, SynchronousMessage { id: None, key: Some("c7fbe3ee"), description: "calculate rectangle area request", provider_states: [], comments: {"testname": String("io.pact.example.grpc.consumer.PactConsumerTest.calculateRectangleArea(MockServer, SynchronousMessages)")}, request: MessageContents { contents: Present(b"\x12\n\r\0\0@@\x15\0\0\x80@", Some(ContentType { main_type: "application", sub_type: "protobuf", attributes: {"message": "ShapeMessage"}, suffix: None }), Some(BINARY)), metadata: {}, matching_rules: MatchingRules { rules: {BODY: MatchingRuleCategory { name: BODY, rules: {DocPath { path_tokens: [Root, Field("rectangle"), Field("length")], expr: "$.rectangle.length" }: RuleList { rules: [Number], rule_logic: And, cascaded: false }, DocPath { path_tokens: [Root, Field("rectangle"), Field("width")], expr: "$.rectangle.width" }: RuleList { rules: [Number], rule_logic: And, cascaded: false }} }} }, generators: Generators { categories: {} } }, response: [MessageContents { contents: Present(b"\r\0\0@A", Some(ContentType { main_type: "application", sub_type: "protobuf", attributes: {"message": "AreaResponse"}, suffix: None }), Some(BINARY)), metadata: {}, matching_rules: MatchingRules { rules: {BODY: MatchingRuleCategory { name: BODY, rules: {DocPath { path_tokens: [Root, Field("value")], expr: "$.value" }: RuleList { rules: [Number], rule_logic: And, cascaded: false }} }} }, generators: Generators { categories: {} } }], pending: false, plugin_config: {"protobuf": {"service": String("Calculator/calculateOne"), "descriptorKey": String("a85dff8f82655a9681aad113575dcfbb")}}, interaction_markup: InteractionMarkup { markup: "```protobuf\nmessage ShapeMessage {\n    message .area_calculator.Rectangle rectangle = 2;\n}\n```\n\n```protobuf\nmessage AreaResponse {\n    float value = 1;\n}\n```\n", markup_type: "COMMON_MARK" }, transport: None })}, server_key: "5cae5f82-fec2-43c6-9739-60d0383d84ec" } ?[3mreq?[0m?[2m=?[0mRequest { method: POST, uri: http://127.0.0.1:53791/area_calculator.Calculator/calculateOne, version: HTTP/2.0, headers: {"content-type": "application/grpc", "te": "trailers", "user-agent": "grpc-java-netty/1.49.0", "grpc-accept-encoding": "gzip"}, body: Body(Streaming) }?[1m}?[0m?[2m:?[0m?[1mmock_server_handler?[0m?[1m{?[0m?[3mkey?[0m?[2m=?[0m"5cae5f82-fec2-43c6-9739-60d0383d84ec"?[1m}?[0m?[2m:?[0m?[1mhandle_message?[0m?[1m{?[0m?[3mself?[0m?[2m=?[0mMockService { file_descriptor_set: FileDescriptorSet { file: [FileDescriptorProto { name: Some("area_calculator.proto"), package: Some("area_calculator"), dependency: [], public_dependency: [], weak_dependency: [], message_type: [DescriptorProto { name: Some("ShapeMessage"), field: [FieldDescriptorProto { name: Some("square"), number: Some(1), label: Some(Optional), r#type: Some(Message), type_name: Some(".area_calculator.Square"), extendee: None, default_value: None, oneof_index: Some(0), json_name: Some("square"), options: None, proto3_optional: None }, FieldDescriptorProto { name: Some("rectangle"), number: Some(2), label: Some(Optional), r#type: Some(Message), type_name: Some(".area_calculator.Rectangle"), extendee: None, default_value: None, oneof_index: Some(0), json_name: Some("rectangle"), options: None, proto3_optional: None }, FieldDescriptorProto { name: Some("circle"), number: Some(3), label: Some(Optional), r#type: Some(Message), type_name: Some(".area_calculator.Circle"), extendee: None, default_value: None, oneof_index: Some(0), json_name: Some("circle"), options: None, proto3_optional: None }, FieldDescriptorProto { name: Some("triangle"), number: Some(4), label: Some(Optional), r#type: Some(Message), type_name: Some(".area_calculator.Triangle"), extendee: None, default_value: None, oneof_index: Some(0), json_name: Some("triangle"), options: None, proto3_optional: None }, FieldDescriptorProto { name: Some("parallelogram"), number: Some(5), label: Some(Optional), r#type: Some(Message), type_name: Some(".area_calculator.Parallelogram"), extendee: None, default_value: None, oneof_index: Some(0), json_name: Some("parallelogram"), options: None, proto3_optional: None }], extension: [], nested_type: [], enum_type: [], extension_range: [], oneof_decl: [OneofDescriptorProto { name: Some("shape"), options: None }], options: None, reserved_range: [], reserved_name: [] }, DescriptorProto { name: Some("Square"), field: [FieldDescriptorProto { name: Some("edge_length"), number: Some(1), label: Some(Optional), r#type: Some(Float), type_name: None, extendee: None, default_value: None, oneof_index: None, json_name: Some("edgeLength"), options: None, proto3_optional: None }], extension: [], nested_type: [], enum_type: [], extension_range: [], oneof_decl: [], options: None, reserved_range: [], reserved_name: [] }, DescriptorProto { name: Some("Rectangle"), field: [FieldDescriptorProto { name: Some("length"), number: Some(1), label: Some(Optional), r#type: Some(Float), type_name: None, extendee: None, default_value: None, oneof_index: None, json_name: Some("length"), options: None, proto3_optional: None }, FieldDescriptorProto { name: Some("width"), number: Some(2), label: Some(Optional), r#type: Some(Float), type_name: None, extendee: None, default_value: None, oneof_index: None, json_name: Some("width"), options: None, proto3_optional: None }], extension: [], nested_type: [], enum_type: [], extension_range: [], oneof_decl: [], options: None, reserved_range: [], reserved_name: [] }, DescriptorProto { name: Some("Circle"), field: [FieldDescriptorProto { name: Some("radius"), number: Some(1), label: Some(Optional), r#type: Some(Float), type_name: None, extendee: None, default_value: None, oneof_index: None, json_name: Some("radius"), options: None, proto3_optional: None }], extension: [], nested_type: [], enum_type: [], extension_range: [], oneof_decl: [], options: None, reserved_range: [], reserved_name: [] }, DescriptorProto { name: Some("Triangle"), field: [FieldDescriptorProto { name: Some("edge_a"), number: Some(1), label: Some(Optional), r#type: Some(Float), type_name: None, extendee: None, default_value: None, oneof_index: None, json_name: Some("edgeA"), options: None, proto3_optional: None }, FieldDescriptorProto { name: Some("edge_b"), number: Some(2), label: Some(Optional), r#type: Some(Float), type_name: None, extendee: None, default_value: None, oneof_index: None, json_name: Some("edgeB"), options: None, proto3_optional: None }, FieldDescriptorProto { name: Some("edge_c"), number: Some(3), label: Some(Optional), r#type: Some(Float), type_name: None, extendee: None, default_value: None, oneof_index: None, json_name: Some("edgeC"), options: None, proto3_optional: None }], extension: [], nested_type: [], enum_type: [], extension_range: [], oneof_decl: [], options: None, reserved_range: [], reserved_name: [] }, DescriptorProto { name: Some("Parallelogram"), field: [FieldDescriptorProto { name: Some("base_length"), number: Some(1), label: Some(Optional), r#type: Some(Float), type_name: None, extendee: None, default_value: None, oneof_index: None, json_name: Some("baseLength"), options: None, proto3_optional: None }, FieldDescriptorProto { name: Some("height"), number: Some(2), label: Some(Optional), r#type: Some(Float), type_name: None, extendee: None, default_value: None, oneof_index: None, json_name: Some("height"), options: None, proto3_optional: None }], extension: [], nested_type: [], enum_type: [], extension_range: [], oneof_decl: [], options: None, reserved_range: [], reserved_name: [] }, DescriptorProto { name: Some("AreaRequest"), field: [FieldDescriptorProto { name: Some("shapes"), number: Some(1), label: Some(Repeated), r#type: Some(Message), type_name: Some(".area_calculator.ShapeMessage"), extendee: None, default_value: None, oneof_index: None, json_name: Some("shapes"), options: None, proto3_optional: None }], extension: [], nested_type: [], enum_type: [], extension_range: [], oneof_decl: [], options: None, reserved_range: [], reserved_name: [] }, DescriptorProto { name: Some("AreaResponse"), field: [FieldDescriptorProto { name: Some("value"), number: Some(1), label: Some(Repeated), r#type: Some(Float), type_name: None, extendee: None, default_value: None, oneof_index: None, json_name: Some("value"), options: None, proto3_optional: None }], extension: [], nested_type: [], enum_type: [], extension_range: [], oneof_decl: [], options: None, reserved_range: [], reserved_name: [] }], enum_type: [], service: [ServiceDescriptorProto { name: Some("Calculator"), method: [MethodDescriptorProto { name: Some("calculateOne"), input_type: Some(".area_calculator.ShapeMessage"), output_type: Some(".area_calculator.AreaResponse"), options: Some(MethodOptions { deprecated: None, idempotency_level: None, uninterpreted_option: [] }), client_streaming: None, server_streaming: None }, MethodDescriptorProto { name: Some("calculateMulti"), input_type: Some(".area_calculator.AreaRequest"), output_type: Some(".area_calculator.AreaResponse"), options: Some(MethodOptions { deprecated: None, idempotency_level: None, uninterpreted_option: [] }), client_streaming: None, server_streaming: None }], options: None }], extension: [], options: Some(FileOptions { java_package: None, java_outer_classname: None, java_multiple_files: None, java_generate_equals_and_hash: None, java_string_check_utf8: None, optimize_for: None, go_package: Some("io.pact/area_calculator"), cc_generic_services: None, java_generic_services: None, py_generic_services: None, php_generic_services: Some(true), deprecated: None, cc_enable_arenas: None, objc_class_prefix: None, csharp_namespace: None, swift_prefix: None, php_class_prefix: None, php_namespace: None, php_metadata_namespace: None, ruby_package: None, uninterpreted_option: [] }), source_code_info: None, syntax: Some("proto3") }] }, service_name: "Calculator", message: SynchronousMessage { id: None, key: Some("c7fbe3ee"), description: "calculate rectangle area request", provider_states: [], comments: {"testname": String("io.pact.example.grpc.consumer.PactConsumerTest.calculateRectangleArea(MockServer, SynchronousMessages)")}, request: MessageContents { contents: Present(b"\x12\n\r\0\0@@\x15\0\0\x80@", Some(ContentType { main_type: "application", sub_type: "protobuf", attributes: {"message": "ShapeMessage"}, suffix: None }), Some(BINARY)), metadata: {}, matching_rules: MatchingRules { rules: {BODY: MatchingRuleCategory { name: BODY, rules: {DocPath { path_tokens: [Root, Field("rectangle"), Field("length")], expr: "$.rectangle.length" }: RuleList { rules: [Number], rule_logic: And, cascaded: false }, DocPath { path_tokens: [Root, Field("rectangle"), Field("width")], expr: "$.rectangle.width" }: RuleList { rules: [Number], rule_logic: And, cascaded: false }} }} }, generators: Generators { categories: {} } }, response: [MessageContents { contents: Present(b"\r\0\0@A", Some(ContentType { main_type: "application", sub_type: "protobuf", attributes: {"message": "AreaResponse"}, suffix: None }), Some(BINARY)), metadata: {}, matching_rules: MatchingRules { rules: {BODY: MatchingRuleCategory { name: BODY, rules: {DocPath { path_tokens: [Root, Field("value")], expr: "$.value" }: RuleList { rules: [Number], rule_logic: And, cascaded: false }} }} }, generators: Generators { categories: {} } }], pending: false, plugin_config: {"protobuf": {"service": String("Calculator/calculateOne"), "descriptorKey": String("a85dff8f82655a9681aad113575dcfbb")}}, interaction_markup: InteractionMarkup { markup: "```protobuf\nmessage ShapeMessage {\n    message .area_calculator.Rectangle rectangle = 2;\n}\n```\n\n```protobuf\nmessage AreaResponse {\n    float value = 1;\n}\n```\n", markup_type: "COMMON_MARK" }, transport: None }, method_descriptor: MethodDescriptorProto { name: Some("calculateOne"), input_type: Some(".area_calculator.ShapeMessage"), output_type: Some(".area_calculator.AreaResponse"), options: Some(MethodOptions { deprecated: None, idempotency_level: None, uninterpreted_option: [] }), client_streaming: None, server_streaming: None }, input_message: DescriptorProto { name: Some("ShapeMessage"), field: [FieldDescriptorProto { name: Some("square"), number: Some(1), label: Some(Optional), r#type: Some(Message), type_name: Some(".area_calculator.Square"), extendee: None, default_value: None, oneof_index: Some(0), json_name: Some("square"), options: None, proto3_optional: None }, FieldDescriptorProto { name: Some("rectangle"), number: Some(2), label: Some(Optional), r#type: Some(Message), type_name: Some(".area_calculator.Rectangle"), extendee: None, default_value: None, oneof_index: Some(0), json_name: Some("rectangle"), options: None, proto3_optional: None }, FieldDescriptorProto { name: Some("circle"), number: Some(3), label: Some(Optional), r#type: Some(Message), type_name: Some(".area_calculator.Circle"), extendee: None, default_value: None, oneof_index: Some(0), json_name: Some("circle"), options: None, proto3_optional: None }, FieldDescriptorProto { name: Some("triangle"), number: Some(4), label: Some(Optional), r#type: Some(Message), type_name: Some(".area_calculator.Triangle"), extendee: None, default_value: None, oneof_index: Some(0), json_name: Some("triangle"), options: None, proto3_optional: None }, FieldDescriptorProto { name: Some("parallelogram"), number: Some(5), label: Some(Optional), r#type: Some(Message), type_name: Some(".area_calculator.Parallelogram"), extendee: None, default_value: None, oneof_index: Some(0), json_name: Some("parallelogram"), options: None, proto3_optional: None }], extension: [], nested_type: [], enum_type: [], extension_range: [], oneof_decl: [OneofDescriptorProto { name: Some("shape"), options: None }], options: None, reserved_range: [], reserved_name: [] }, output_message: DescriptorProto { name: Some("AreaResponse"), field: [FieldDescriptorProto { name: Some("value"), number: Some(1), label: Some(Repeated), r#type: Some(Float), type_name: None, extendee: None, default_value: None, oneof_index: None, json_name: Some("value"), options: None, proto3_optional: None }], extension: [], nested_type: [], enum_type: [], extension_range: [], oneof_decl: [], options: None, reserved_range: [], reserved_name: [] }, server_key: "5cae5f82-fec2-43c6-9739-60d0383d84ec" } ?[3mrequest?[0m?[2m=?[0mDynamicMessage { descriptor: DescriptorProto { name: Some("ShapeMessage"), field: [FieldDescriptorProto { name: Some("square"), number: Some(1), label: Some(Optional), r#type: Some(Message), type_name: Some(".area_calculator.Square"), extendee: None, default_value: None, oneof_index: Some(0), json_name: Some("square"), options: None, proto3_optional: None }, FieldDescriptorProto { name: Some("rectangle"), number: Some(2), label: Some(Optional), r#type: Some(Message), type_name: Some(".area_calculator.Rectangle"), extendee: None, default_value: None, oneof_index: Some(0), json_name: Some("rectangle"), options: None, proto3_optional: None }, FieldDescriptorProto { name: Some("circle"), number: Some(3), label: Some(Optional), r#type: Some(Message), type_name: Some(".area_calculator.Circle"), extendee: None, default_value: None, oneof_index: Some(0), json_name: Some("circle"), options: None, proto3_optional: None }, FieldDescriptorProto { name: Some("triangle"), number: Some(4), label: Some(Optional), r#type: Some(Message), type_name: Some(".area_calculator.Triangle"), extendee: None, default_value: None, oneof_index: Some(0), json_name: Some("triangle"), options: None, proto3_optional: None }, FieldDescriptorProto { name: Some("parallelogram"), number: Some(5), label: Some(Optional), r#type: Some(Message), type_name: Some(".area_calculator.Parallelogram"), extendee: None, default_value: None, oneof_index: Some(0), json_name: Some("parallelogram"), options: None, proto3_optional: None }], extension: [], nested_type: [], enum_type: [], extension_range: [], oneof_decl: [OneofDescriptorProto { name: Some("shape"), options: None }], options: None, reserved_range: [], reserved_name: [] }, fields: [ProtobufField { field_num: 2, wire_type: LengthDelimited, data: Message([13, 0, 0, 64, 64, 21, 0, 0, 128, 64], DescriptorProto { name: Some("Rectangle"), field: [FieldDescriptorProto { name: Some("length"), number: Some(1), label: Some(Optional), r#type: Some(Float), type_name: None, extendee: None, default_value: None, oneof_index: None, json_name: Some("length"), options: None, proto3_optional: None }, FieldDescriptorProto { name: Some("width"), number: Some(2), label: Some(Optional), r#type: Some(Float), type_name: None, extendee: None, default_value: None, oneof_index: None, json_name: Some("width"), options: None, proto3_optional: None }], extension: [], nested_type: [], enum_type: [], extension_range: [], oneof_decl: [], options: None, reserved_range: [], reserved_name: [] }) }] } ?[3mmessage_descriptor?[0m?[2m=?[0mDescriptorProto { name: Some("ShapeMessage"), field: [FieldDescriptorProto { name: Some("square"), number: Some(1), label: Some(Optional), r#type: Some(Message), type_name: Some(".area_calculator.Square"), extendee: None, default_value: None, oneof_index: Some(0), json_name: Some("square"), options: None, proto3_optional: None }, FieldDescriptorProto { name: Some("rectangle"), number: Some(2), label: Some(Optional), r#type: Some(Message), type_name: Some(".area_calculator.Rectangle"), extendee: None, default_value: None, oneof_index: Some(0), json_name: Some("rectangle"), options: None, proto3_optional: None }, FieldDescriptorProto { name: Some("circle"), number: Some(3), label: Some(Optional), r#type: Some(Message), type_name: Some(".area_calculator.Circle"), extendee: None, default_value: None, oneof_index: Some(0), json_name: Some("circle"), options: None, proto3_optional: None }, FieldDescriptorProto { name: Some("triangle"), number: Some(4), label: Some(Optional), r#type: Some(Message), type_name: Some(".area_calculator.Triangle"), extendee: None, default_value: None, oneof_index: Some(0), json_name: Some("triangle"), options: None, proto3_optional: None }, FieldDescriptorProto { name: Some("parallelogram"), number: Some(5), label: Some(Optional), r#type: Some(Message), type_name: Some(".area_calculator.Parallelogram"), extendee: None, default_value: None, oneof_index: Some(0), json_name: Some("parallelogram"), options: None, proto3_optional: None }], extension: [], nested_type: [], enum_type: [], extension_range: [], oneof_decl: [OneofDescriptorProto { name: Some("shape"), options: None }], options: None, reserved_range: [], reserved_name: [] } ?[3mresponse_descriptor?[0m?[2m=?[0mDescriptorProto { name: Some("AreaResponse"), field: [FieldDescriptorProto { name: Some("value"), number: Some(1), label: Some(Repeated), r#type: Some(Float), type_name: None, extendee: None, default_value: None, oneof_index: None, json_name: Some("value"), options: None, proto3_optional: None }], extension: [], nested_type: [], enum_type: [], extension_range: [], oneof_decl: [], options: None, reserved_range: [], reserved_name: [] }?[1m}?[0m?[2m:?[0m ?[2mpact_protobuf_plugin::matching?[0m?[2m:?[0m compare_field($.rectangle.length, ProtobufField { field_num: 1, wire_type: ThirtyTwoBit, data: Float(3.0) }, FieldDescriptorProto { name: Some("length"), number: Some(1), label: Some(Optional), r#type: Some(Float), type_name: None, extendee: None, default_value: None, oneof_index: None, json_name: Some("length"), options: None, proto3_optional: None }, ProtobufField { field_num: 1, wire_type: ThirtyTwoBit, data: Float(3.0) })
15:05:16.531 [Thread-5] DEBUG i.pact.plugins.jvm.core.ChildProcess - Plugin protobuf [46038] || ?[2m2023-03-27T09:35:16.530986Z?[0m ?[35mTRACE?[0m tokio-runtime-worker ?[1mrequest?[0m?[1m{?[0m?[3mmethod?[0m?[2m=?[0mPOST ?[3muri?[0m?[2m=?[0mhttp://127.0.0.1:53791/area_calculator.Calculator/calculateOne ?[3mversion?[0m?[2m=?[0mHTTP/2.0?[1m}?[0m?[2m:?[0m?[1mcall?[0m?[1m{?[0m?[3mself?[0m?[2m=?[0mGrpcMockServer { pact: V4Pact { consumer: Consumer { name: "grpc-consumer-jvm" }, provider: Provider { name: "area-calculator-provider" }, interactions: [SynchronousMessage { id: None, key: Some("c7fbe3ee"), description: "calculate rectangle area request", provider_states: [], comments: {"testname": String("io.pact.example.grpc.consumer.PactConsumerTest.calculateRectangleArea(MockServer, SynchronousMessages)")}, request: MessageContents { contents: Present(b"\x12\n\r\0\0@@\x15\0\0\x80@", Some(ContentType { main_type: "application", sub_type: "protobuf", attributes: {"message": "ShapeMessage"}, suffix: None }), Some(BINARY)), metadata: {}, matching_rules: MatchingRules { rules: {BODY: MatchingRuleCategory { name: BODY, rules: {DocPath { path_tokens: [Root, Field("rectangle"), Field("length")], expr: "$.rectangle.length" }: RuleList { rules: [Number], rule_logic: And, cascaded: false }, DocPath { path_tokens: [Root, Field("rectangle"), Field("width")], expr: "$.rectangle.width" }: RuleList { rules: [Number], rule_logic: And, cascaded: false }} }} }, generators: Generators { categories: {} } }, response: [MessageContents { contents: Present(b"\r\0\0@A", Some(ContentType { main_type: "application", sub_type: "protobuf", attributes: {"message": "AreaResponse"}, suffix: None }), Some(BINARY)), metadata: {}, matching_rules: MatchingRules { rules: {BODY: MatchingRuleCategory { name: BODY, rules: {DocPath { path_tokens: [Root, Field("value")], expr: "$.value" }: RuleList { rules: [Number], rule_logic: And, cascaded: false }} }} }, generators: Generators { categories: {} } }], pending: false, plugin_config: {"protobuf": {"service": String("Calculator/calculateOne"), "descriptorKey": String("a85dff8f82655a9681aad113575dcfbb")}}, interaction_markup: InteractionMarkup { markup: "```protobuf\nmessage ShapeMessage {\n    message .area_calculator.Rectangle rectangle = 2;\n}\n```\n\n```protobuf\nmessage AreaResponse {\n    float value = 1;\n}\n```\n", markup_type: "COMMON_MARK" }, transport: None }], metadata: {"pact-jvm": Object({"version": String("4.4.2")}), "pactSpecification": Object({"version": String("4.0")})}, plugin_data: [PluginData { name: "protobuf", version: "0.1.5", configuration: {"a85dff8f82655a9681aad113575dcfbb": Object({"protoDescriptors": String("CsoHChVhcmVhX2NhbGN1bGF0b3IucHJvdG8SD2FyZWFfY2FsY3VsYXRvciK6AgoMU2hhcGVNZXNzYWdlEjEKBnNxdWFyZRgBIAEoCzIXLmFyZWFfY2FsY3VsYXRvci5TcXVhcmVIAFIGc3F1YXJlEjoKCXJlY3RhbmdsZRgCIAEoCzIaLmFyZWFfY2FsY3VsYXRvci5SZWN0YW5nbGVIAFIJcmVjdGFuZ2xlEjEKBmNpcmNsZRgDIAEoCzIXLmFyZWFfY2FsY3VsYXRvci5DaXJjbGVIAFIGY2lyY2xlEjcKCHRyaWFuZ2xlGAQgASgLMhkuYXJlYV9jYWxjdWxhdG9yLlRyaWFuZ2xlSABSCHRyaWFuZ2xlEkYKDXBhcmFsbGVsb2dyYW0YBSABKAsyHi5hcmVhX2NhbGN1bGF0b3IuUGFyYWxsZWxvZ3JhbUgAUg1wYXJhbGxlbG9ncmFtQgcKBXNoYXBlIikKBlNxdWFyZRIfCgtlZGdlX2xlbmd0aBgBIAEoAlIKZWRnZUxlbmd0aCI5CglSZWN0YW5nbGUSFgoGbGVuZ3RoGAEgASgCUgZsZW5ndGgSFAoFd2lkdGgYAiABKAJSBXdpZHRoIiAKBkNpcmNsZRIWCgZyYWRpdXMYASABKAJSBnJhZGl1cyJPCghUcmlhbmdsZRIVCgZlZGdlX2EYASABKAJSBWVkZ2VBEhUKBmVkZ2VfYhgCIAEoAlIFZWRnZUISFQoGZWRnZV9jGAMgASgCUgVlZGdlQyJICg1QYXJhbGxlbG9ncmFtEh8KC2Jhc2VfbGVuZ3RoGAEgASgCUgpiYXNlTGVuZ3RoEhYKBmhlaWdodBgCIAEoAlIGaGVpZ2h0IkQKC0FyZWFSZXF1ZXN0EjUKBnNoYXBlcxgBIAMoCzIdLmFyZWFfY2FsY3VsYXRvci5TaGFwZU1lc3NhZ2VSBnNoYXBlcyIkCgxBcmVhUmVzcG9uc2USFAoFdmFsdWUYASADKAJSBXZhbHVlMq0BCgpDYWxjdWxhdG9yEk4KDGNhbGN1bGF0ZU9uZRIdLmFyZWFfY2FsY3VsYXRvci5TaGFwZU1lc3NhZ2UaHS5hcmVhX2NhbGN1bGF0b3IuQXJlYVJlc3BvbnNlIgASTwoOY2FsY3VsYXRlTXVsdGkSHC5hcmVhX2NhbGN1bGF0b3IuQXJlYVJlcXVlc3QaHS5hcmVhX2NhbGN1bGF0b3IuQXJlYVJlc3BvbnNlIgBCHFoXaW8ucGFjdC9hcmVhX2NhbGN1bGF0b3LQAgFiBnByb3RvMw=="), "protoFile": String("syntax = \"proto3\";\n\npackage area_calculator;\n\noption php_generic_services = true;\noption go_package = \"io.pact/area_calculator\";\n\nservice Calculator {\n  rpc calculateOne (ShapeMessage) returns (AreaResponse) {}\n  rpc calculateMulti (AreaRequest) returns (AreaResponse) {}\n}\n\nmessage ShapeMessage {\n  oneof shape {\n    Square square = 1;\n    Rectangle rectangle = 2;\n    Circle circle = 3;\n    Triangle triangle = 4;\n    Parallelogram parallelogram = 5;\n  }\n}\n\nmessage Square {\n  float edge_length = 1;\n}\n\nmessage Rectangle {\n  float length = 1;\n  float width = 2;\n}\n\nmessage Circle {\n  float radius = 1;\n}\n\nmessage Triangle {\n  float edge_a = 1;\n  float edge_b = 2;\n  float edge_c = 3;\n}\n\nmessage Parallelogram {\n  float base_length = 1;\n  float height = 2;\n}\n\nmessage AreaRequest {\n  repeated ShapeMessage shapes = 1;\n}\n\nmessage AreaResponse {\n  repeated float value = 1;\n}\n")})} }] }, plugin_config: PluginData { name: "protobuf", version: "0.1.5", configuration: {"a85dff8f82655a9681aad113575dcfbb": Object({"protoDescriptors": String("CsoHChVhcmVhX2NhbGN1bGF0b3IucHJvdG8SD2FyZWFfY2FsY3VsYXRvciK6AgoMU2hhcGVNZXNzYWdlEjEKBnNxdWFyZRgBIAEoCzIXLmFyZWFfY2FsY3VsYXRvci5TcXVhcmVIAFIGc3F1YXJlEjoKCXJlY3RhbmdsZRgCIAEoCzIaLmFyZWFfY2FsY3VsYXRvci5SZWN0YW5nbGVIAFIJcmVjdGFuZ2xlEjEKBmNpcmNsZRgDIAEoCzIXLmFyZWFfY2FsY3VsYXRvci5DaXJjbGVIAFIGY2lyY2xlEjcKCHRyaWFuZ2xlGAQgASgLMhkuYXJlYV9jYWxjdWxhdG9yLlRyaWFuZ2xlSABSCHRyaWFuZ2xlEkYKDXBhcmFsbGVsb2dyYW0YBSABKAsyHi5hcmVhX2NhbGN1bGF0b3IuUGFyYWxsZWxvZ3JhbUgAUg1wYXJhbGxlbG9ncmFtQgcKBXNoYXBlIikKBlNxdWFyZRIfCgtlZGdlX2xlbmd0aBgBIAEoAlIKZWRnZUxlbmd0aCI5CglSZWN0YW5nbGUSFgoGbGVuZ3RoGAEgASgCUgZsZW5ndGgSFAoFd2lkdGgYAiABKAJSBXdpZHRoIiAKBkNpcmNsZRIWCgZyYWRpdXMYASABKAJSBnJhZGl1cyJPCghUcmlhbmdsZRIVCgZlZGdlX2EYASABKAJSBWVkZ2VBEhUKBmVkZ2VfYhgCIAEoAlIFZWRnZUISFQoGZWRnZV9jGAMgASgCUgVlZGdlQyJICg1QYXJhbGxlbG9ncmFtEh8KC2Jhc2VfbGVuZ3RoGAEgASgCUgpiYXNlTGVuZ3RoEhYKBmhlaWdodBgCIAEoAlIGaGVpZ2h0IkQKC0FyZWFSZXF1ZXN0EjUKBnNoYXBlcxgBIAMoCzIdLmFyZWFfY2FsY3VsYXRvci5TaGFwZU1lc3NhZ2VSBnNoYXBlcyIkCgxBcmVhUmVzcG9uc2USFAoFdmFsdWUYASADKAJSBXZhbHVlMq0BCgpDYWxjdWxhdG9yEk4KDGNhbGN1bGF0ZU9uZRIdLmFyZWFfY2FsY3VsYXRvci5TaGFwZU1lc3NhZ2UaHS5hcmVhX2NhbGN1bGF0b3IuQXJlYVJlc3BvbnNlIgASTwoOY2FsY3VsYXRlTXVsdGkSHC5hcmVhX2NhbGN1bGF0b3IuQXJlYVJlcXVlc3QaHS5hcmVhX2NhbGN1bGF0b3IuQXJlYVJlc3BvbnNlIgBCHFoXaW8ucGFjdC9hcmVhX2NhbGN1bGF0b3LQAgFiBnByb3RvMw=="), "protoFile": String("syntax = \"proto3\";\n\npackage area_calculator;\n\noption php_generic_services = true;\noption go_package = \"io.pact/area_calculator\";\n\nservice Calculator {\n  rpc calculateOne (ShapeMessage) returns (AreaResponse) {}\n  rpc calculateMulti (AreaRequest) returns (AreaResponse) {}\n}\n\nmessage ShapeMessage {\n  oneof shape {\n    Square square = 1;\n    Rectangle rectangle = 2;\n    Circle circle = 3;\n    Triangle triangle = 4;\n    Parallelogram parallelogram = 5;\n  }\n}\n\nmessage Square {\n  float edge_length = 1;\n}\n\nmessage Rectangle {\n  float length = 1;\n  float width = 2;\n}\n\nmessage Circle {\n  float radius = 1;\n}\n\nmessage Triangle {\n  float edge_a = 1;\n  float edge_b = 2;\n  float edge_c = 3;\n}\n\nmessage Parallelogram {\n  float base_length = 1;\n  float height = 2;\n}\n\nmessage AreaRequest {\n  repeated ShapeMessage shapes = 1;\n}\n\nmessage AreaResponse {\n  repeated float value = 1;\n}\n")})} }, descriptors: {"a85dff8f82655a9681aad113575dcfbb": FileDescriptorSet { file: [FileDescriptorProto { name: Some("area_calculator.proto"), package: Some("area_calculator"), dependency: [], public_dependency: [], weak_dependency: [], message_type: [DescriptorProto { name: Some("ShapeMessage"), field: [FieldDescriptorProto { name: Some("square"), number: Some(1), label: Some(Optional), r#type: Some(Message), type_name: Some(".area_calculator.Square"), extendee: None, default_value: None, oneof_index: Some(0), json_name: Some("square"), options: None, proto3_optional: None }, FieldDescriptorProto { name: Some("rectangle"), number: Some(2), label: Some(Optional), r#type: Some(Message), type_name: Some(".area_calculator.Rectangle"), extendee: None, default_value: None, oneof_index: Some(0), json_name: Some("rectangle"), options: None, proto3_optional: None }, FieldDescriptorProto { name: Some("circle"), number: Some(3), label: Some(Optional), r#type: Some(Message), type_name: Some(".area_calculator.Circle"), extendee: None, default_value: None, oneof_index: Some(0), json_name: Some("circle"), options: None, proto3_optional: None }, FieldDescriptorProto { name: Some("triangle"), number: Some(4), label: Some(Optional), r#type: Some(Message), type_name: Some(".area_calculator.Triangle"), extendee: None, default_value: None, oneof_index: Some(0), json_name: Some("triangle"), options: None, proto3_optional: None }, FieldDescriptorProto { name: Some("parallelogram"), number: Some(5), label: Some(Optional), r#type: Some(Message), type_name: Some(".area_calculator.Parallelogram"), extendee: None, default_value: None, oneof_index: Some(0), json_name: Some("parallelogram"), options: None, proto3_optional: None }], extension: [], nested_type: [], enum_type: [], extension_range: [], oneof_decl: [OneofDescriptorProto { name: Some("shape"), options: None }], options: None, reserved_range: [], reserved_name: [] }, DescriptorProto { name: Some("Square"), field: [FieldDescriptorProto { name: Some("edge_length"), number: Some(1), label: Some(Optional), r#type: Some(Float), type_name: None, extendee: None, default_value: None, oneof_index: None, json_name: Some("edgeLength"), options: None, proto3_optional: None }], extension: [], nested_type: [], enum_type: [], extension_range: [], oneof_decl: [], options: None, reserved_range: [], reserved_name: [] }, DescriptorProto { name: Some("Rectangle"), field: [FieldDescriptorProto { name: Some("length"), number: Some(1), label: Some(Optional), r#type: Some(Float), type_name: None, extendee: None, default_value: None, oneof_index: None, json_name: Some("length"), options: None, proto3_optional: None }, FieldDescriptorProto { name: Some("width"), number: Some(2), label: Some(Optional), r#type: Some(Float), type_name: None, extendee: None, default_value: None, oneof_index: None, json_name: Some("width"), options: None, proto3_optional: None }], extension: [], nested_type: [], enum_type: [], extension_range: [], oneof_decl: [], options: None, reserved_range: [], reserved_name: [] }, DescriptorProto { name: Some("Circle"), field: [FieldDescriptorProto { name: Some("radius"), number: Some(1), label: Some(Optional), r#type: Some(Float), type_name: None, extendee: None, default_value: None, oneof_index: None, json_name: Some("radius"), options: None, proto3_optional: None }], extension: [], nested_type: [], enum_type: [], extension_range: [], oneof_decl: [], options: None, reserved_range: [], reserved_name: [] }, DescriptorProto { name: Some("Triangle"), field: [FieldDescriptorProto { name: Some("edge_a"), number: Some(1), label: Some(Optional), r#type: Some(Float), type_name: None, extendee: None, default_value: None, oneof_index: None, json_name: Some("edgeA"), options: None, proto3_optional: None }, FieldDescriptorProto { name: Some("edge_b"), number: Some(2), label: Some(Optional), r#type: Some(Float), type_name: None, extendee: None, default_value: None, oneof_index: None, json_name: Some("edgeB"), options: None, proto3_optional: None }, FieldDescriptorProto { name: Some("edge_c"), number: Some(3), label: Some(Optional), r#type: Some(Float), type_name: None, extendee: None, default_value: None, oneof_index: None, json_name: Some("edgeC"), options: None, proto3_optional: None }], extension: [], nested_type: [], enum_type: [], extension_range: [], oneof_decl: [], options: None, reserved_range: [], reserved_name: [] }, DescriptorProto { name: Some("Parallelogram"), field: [FieldDescriptorProto { name: Some("base_length"), number: Some(1), label: Some(Optional), r#type: Some(Float), type_name: None, extendee: None, default_value: None, oneof_index: None, json_name: Some("baseLength"), options: None, proto3_optional: None }, FieldDescriptorProto { name: Some("height"), number: Some(2), label: Some(Optional), r#type: Some(Float), type_name: None, extendee: None, default_value: None, oneof_index: None, json_name: Some("height"), options: None, proto3_optional: None }], extension: [], nested_type: [], enum_type: [], extension_range: [], oneof_decl: [], options: None, reserved_range: [], reserved_name: [] }, DescriptorProto { name: Some("AreaRequest"), field: [FieldDescriptorProto { name: Some("shapes"), number: Some(1), label: Some(Repeated), r#type: Some(Message), type_name: Some(".area_calculator.ShapeMessage"), extendee: None, default_value: None, oneof_index: None, json_name: Some("shapes"), options: None, proto3_optional: None }], extension: [], nested_type: [], enum_type: [], extension_range: [], oneof_decl: [], options: None, reserved_range: [], reserved_name: [] }, DescriptorProto { name: Some("AreaResponse"), field: [FieldDescriptorProto { name: Some("value"), number: Some(1), label: Some(Repeated), r#type: Some(Float), type_name: None, extendee: None, default_value: None, oneof_index: None, json_name: Some("value"), options: None, proto3_optional: None }], extension: [], nested_type: [], enum_type: [], extension_range: [], oneof_decl: [], options: None, reserved_range: [], reserved_name: [] }], enum_type: [], service: [ServiceDescriptorProto { name: Some("Calculator"), method: [MethodDescriptorProto { name: Some("calculateOne"), input_type: Some(".area_calculator.ShapeMessage"), output_type: Some(".area_calculator.AreaResponse"), options: Some(MethodOptions { deprecated: None, idempotency_level: None, uninterpreted_option: [] }), client_streaming: None, server_streaming: None }, MethodDescriptorProto { name: Some("calculateMulti"), input_type: Some(".area_calculator.AreaRequest"), output_type: Some(".area_calculator.AreaResponse"), options: Some(MethodOptions { deprecated: None, idempotency_level: None, uninterpreted_option: [] }), client_streaming: None, server_streaming: None }], options: None }], extension: [], options: Some(FileOptions { java_package: None, java_outer_classname: None, java_multiple_files: None, java_generate_equals_and_hash: None, java_string_check_utf8: None, optimize_for: None, go_package: Some("io.pact/area_calculator"), cc_generic_services: None, java_generic_services: None, py_generic_services: None, php_generic_services: Some(true), deprecated: None, cc_enable_arenas: None, objc_class_prefix: None, csharp_namespace: None, swift_prefix: None, php_class_prefix: None, php_namespace: None, php_metadata_namespace: None, ruby_package: None, uninterpreted_option: [] }), source_code_info: None, syntax: Some("proto3") }] }}, routes: {"Calculator/calculateOne": (FileDescriptorSet { file: [FileDescriptorProto { name: Some("area_calculator.proto"), package: Some("area_calculator"), dependency: [], public_dependency: [], weak_dependency: [], message_type: [DescriptorProto { name: Some("ShapeMessage"), field: [FieldDescriptorProto { name: Some("square"), number: Some(1), label: Some(Optional), r#type: Some(Message), type_name: Some(".area_calculator.Square"), extendee: None, default_value: None, oneof_index: Some(0), json_name: Some("square"), options: None, proto3_optional: None }, FieldDescriptorProto { name: Some("rectangle"), number: Some(2), label: Some(Optional), r#type: Some(Message), type_name: Some(".area_calculator.Rectangle"), extendee: None, default_value: None, oneof_index: Some(0), json_name: Some("rectangle"), options: None, proto3_optional: None }, FieldDescriptorProto { name: Some("circle"), number: Some(3), label: Some(Optional), r#type: Some(Message), type_name: Some(".area_calculator.Circle"), extendee: None, default_value: None, oneof_index: Some(0), json_name: Some("circle"), options: None, proto3_optional: None }, FieldDescriptorProto { name: Some("triangle"), number: Some(4), label: Some(Optional), r#type: Some(Message), type_name: Some(".area_calculator.Triangle"), extendee: None, default_value: None, oneof_index: Some(0), json_name: Some("triangle"), options: None, proto3_optional: None }, FieldDescriptorProto { name: Some("parallelogram"), number: Some(5), label: Some(Optional), r#type: Some(Message), type_name: Some(".area_calculator.Parallelogram"), extendee: None, default_value: None, oneof_index: Some(0), json_name: Some("parallelogram"), options: None, proto3_optional: None }], extension: [], nested_type: [], enum_type: [], extension_range: [], oneof_decl: [OneofDescriptorProto { name: Some("shape"), options: None }], options: None, reserved_range: [], reserved_name: [] }, DescriptorProto { name: Some("Square"), field: [FieldDescriptorProto { name: Some("edge_length"), number: Some(1), label: Some(Optional), r#type: Some(Float), type_name: None, extendee: None, default_value: None, oneof_index: None, json_name: Some("edgeLength"), options: None, proto3_optional: None }], extension: [], nested_type: [], enum_type: [], extension_range: [], oneof_decl: [], options: None, reserved_range: [], reserved_name: [] }, DescriptorProto { name: Some("Rectangle"), field: [FieldDescriptorProto { name: Some("length"), number: Some(1), label: Some(Optional), r#type: Some(Float), type_name: None, extendee: None, default_value: None, oneof_index: None, json_name: Some("length"), options: None, proto3_optional: None }, FieldDescriptorProto { name: Some("width"), number: Some(2), label: Some(Optional), r#type: Some(Float), type_name: None, extendee: None, default_value: None, oneof_index: None, json_name: Some("width"), options: None, proto3_optional: None }], extension: [], nested_type: [], enum_type: [], extension_range: [], oneof_decl: [], options: None, reserved_range: [], reserved_name: [] }, DescriptorProto { name: Some("Circle"), field: [FieldDescriptorProto { name: Some("radius"), number: Some(1), label: Some(Optional), r#type: Some(Float), type_name: None, extendee: None, default_value: None, oneof_index: None, json_name: Some("radius"), options: None, proto3_optional: None }], extension: [], nested_type: [], enum_type: [], extension_range: [], oneof_decl: [], options: None, reserved_range: [], reserved_name: [] }, DescriptorProto { name: Some("Triangle"), field: [FieldDescriptorProto { name: Some("edge_a"), number: Some(1), label: Some(Optional), r#type: Some(Float), type_name: None, extendee: None, default_value: None, oneof_index: None, json_name: Some("edgeA"), options: None, proto3_optional: None }, FieldDescriptorProto { name: Some("edge_b"), number: Some(2), label: Some(Optional), r#type: Some(Float), type_name: None, extendee: None, default_value: None, oneof_index: None, json_name: Some("edgeB"), options: None, proto3_optional: None }, FieldDescriptorProto { name: Some("edge_c"), number: Some(3), label: Some(Optional), r#type: Some(Float), type_name: None, extendee: None, default_value: None, oneof_index: None, json_name: Some("edgeC"), options: None, proto3_optional: None }], extension: [], nested_type: [], enum_type: [], extension_range: [], oneof_decl: [], options: None, reserved_range: [], reserved_name: [] }, DescriptorProto { name: Some("Parallelogram"), field: [FieldDescriptorProto { name: Some("base_length"), number: Some(1), label: Some(Optional), r#type: Some(Float), type_name: None, extendee: None, default_value: None, oneof_index: None, json_name: Some("baseLength"), options: None, proto3_optional: None }, FieldDescriptorProto { name: Some("height"), number: Some(2), label: Some(Optional), r#type: Some(Float), type_name: None, extendee: None, default_value: None, oneof_index: None, json_name: Some("height"), options: None, proto3_optional: None }], extension: [], nested_type: [], enum_type: [], extension_range: [], oneof_decl: [], options: None, reserved_range: [], reserved_name: [] }, DescriptorProto { name: Some("AreaRequest"), field: [FieldDescriptorProto { name: Some("shapes"), number: Some(1), label: Some(Repeated), r#type: Some(Message), type_name: Some(".area_calculator.ShapeMessage"), extendee: None, default_value: None, oneof_index: None, json_name: Some("shapes"), options: None, proto3_optional: None }], extension: [], nested_type: [], enum_type: [], extension_range: [], oneof_decl: [], options: None, reserved_range: [], reserved_name: [] }, DescriptorProto { name: Some("AreaResponse"), field: [FieldDescriptorProto { name: Some("value"), number: Some(1), label: Some(Repeated), r#type: Some(Float), type_name: None, extendee: None, default_value: None, oneof_index: None, json_name: Some("value"), options: None, proto3_optional: None }], extension: [], nested_type: [], enum_type: [], extension_range: [], oneof_decl: [], options: None, reserved_range: [], reserved_name: [] }], enum_type: [], service: [ServiceDescriptorProto { name: Some("Calculator"), method: [MethodDescriptorProto { name: Some("calculateOne"), input_type: Some(".area_calculator.ShapeMessage"), output_type: Some(".area_calculator.AreaResponse"), options: Some(MethodOptions { deprecated: None, idempotency_level: None, uninterpreted_option: [] }), client_streaming: None, server_streaming: None }, MethodDescriptorProto { name: Some("calculateMulti"), input_type: Some(".area_calculator.AreaRequest"), output_type: Some(".area_calculator.AreaResponse"), options: Some(MethodOptions { deprecated: None, idempotency_level: None, uninterpreted_option: [] }), client_streaming: None, server_streaming: None }], options: None }], extension: [], options: Some(FileOptions { java_package: None, java_outer_classname: None, java_multiple_files: None, java_generate_equals_and_hash: None, java_string_check_utf8: None, optimize_for: None, go_package: Some("io.pact/area_calculator"), cc_generic_services: None, java_generic_services: None, py_generic_services: None, php_generic_services: Some(true), deprecated: None, cc_enable_arenas: None, objc_class_prefix: None, csharp_namespace: None, swift_prefix: None, php_class_prefix: None, php_namespace: None, php_metadata_namespace: None, ruby_package: None, uninterpreted_option: [] }), source_code_info: None, syntax: Some("proto3") }] }, MethodDescriptorProto { name: Some("calculateOne"), input_type: Some(".area_calculator.ShapeMessage"), output_type: Some(".area_calculator.AreaResponse"), options: Some(MethodOptions { deprecated: None, idempotency_level: None, uninterpreted_option: [] }), client_streaming: None, server_streaming: None }, SynchronousMessage { id: None, key: Some("c7fbe3ee"), description: "calculate rectangle area request", provider_states: [], comments: {"testname": String("io.pact.example.grpc.consumer.PactConsumerTest.calculateRectangleArea(MockServer, SynchronousMessages)")}, request: MessageContents { contents: Present(b"\x12\n\r\0\0@@\x15\0\0\x80@", Some(ContentType { main_type: "application", sub_type: "protobuf", attributes: {"message": "ShapeMessage"}, suffix: None }), Some(BINARY)), metadata: {}, matching_rules: MatchingRules { rules: {BODY: MatchingRuleCategory { name: BODY, rules: {DocPath { path_tokens: [Root, Field("rectangle"), Field("length")], expr: "$.rectangle.length" }: RuleList { rules: [Number], rule_logic: And, cascaded: false }, DocPath { path_tokens: [Root, Field("rectangle"), Field("width")], expr: "$.rectangle.width" }: RuleList { rules: [Number], rule_logic: And, cascaded: false }} }} }, generators: Generators { categories: {} } }, response: [MessageContents { contents: Present(b"\r\0\0@A", Some(ContentType { main_type: "application", sub_type: "protobuf", attributes: {"message": "AreaResponse"}, suffix: None }), Some(BINARY)), metadata: {}, matching_rules: MatchingRules { rules: {BODY: MatchingRuleCategory { name: BODY, rules: {DocPath { path_tokens: [Root, Field("value")], expr: "$.value" }: RuleList { rules: [Number], rule_logic: And, cascaded: false }} }} }, generators: Generators { categories: {} } }], pending: false, plugin_config: {"protobuf": {"service": String("Calculator/calculateOne"), "descriptorKey": String("a85dff8f82655a9681aad113575dcfbb")}}, interaction_markup: InteractionMarkup { markup: "```protobuf\nmessage ShapeMessage {\n    message .area_calculator.Rectangle rectangle = 2;\n}\n```\n\n```protobuf\nmessage AreaResponse {\n    float value = 1;\n}\n```\n", markup_type: "COMMON_MARK" }, transport: None })}, server_key: "5cae5f82-fec2-43c6-9739-60d0383d84ec" } ?[3mreq?[0m?[2m=?[0mRequest { method: POST, uri: http://127.0.0.1:53791/area_calculator.Calculator/calculateOne, version: HTTP/2.0, headers: {"content-type": "application/grpc", "te": "trailers", "user-agent": "grpc-java-netty/1.49.0", "grpc-accept-encoding": "gzip"}, body: Body(Streaming) }?[1m}?[0m?[2m:?[0m?[1mmock_server_handler?[0m?[1m{?[0m?[3mkey?[0m?[2m=?[0m"5cae5f82-fec2-43c6-9739-60d0383d84ec"?[1m}?[0m?[2m:?[0m?[1mhandle_message?[0m?[1m{?[0m?[3mself?[0m?[2m=?[0mMockService { file_descriptor_set: FileDescriptorSet { file: [FileDescriptorProto { name: Some("area_calculator.proto"), package: Some("area_calculator"), dependency: [], public_dependency: [], weak_dependency: [], message_type: [DescriptorProto { name: Some("ShapeMessage"), field: [FieldDescriptorProto { name: Some("square"), number: Some(1), label: Some(Optional), r#type: Some(Message), type_name: Some(".area_calculator.Square"), extendee: None, default_value: None, oneof_index: Some(0), json_name: Some("square"), options: None, proto3_optional: None }, FieldDescriptorProto { name: Some("rectangle"), number: Some(2), label: Some(Optional), r#type: Some(Message), type_name: Some(".area_calculator.Rectangle"), extendee: None, default_value: None, oneof_index: Some(0), json_name: Some("rectangle"), options: None, proto3_optional: None }, FieldDescriptorProto { name: Some("circle"), number: Some(3), label: Some(Optional), r#type: Some(Message), type_name: Some(".area_calculator.Circle"), extendee: None, default_value: None, oneof_index: Some(0), json_name: Some("circle"), options: None, proto3_optional: None }, FieldDescriptorProto { name: Some("triangle"), number: Some(4), label: Some(Optional), r#type: Some(Message), type_name: Some(".area_calculator.Triangle"), extendee: None, default_value: None, oneof_index: Some(0), json_name: Some("triangle"), options: None, proto3_optional: None }, FieldDescriptorProto { name: Some("parallelogram"), number: Some(5), label: Some(Optional), r#type: Some(Message), type_name: Some(".area_calculator.Parallelogram"), extendee: None, default_value: None, oneof_index: Some(0), json_name: Some("parallelogram"), options: None, proto3_optional: None }], extension: [], nested_type: [], enum_type: [], extension_range: [], oneof_decl: [OneofDescriptorProto { name: Some("shape"), options: None }], options: None, reserved_range: [], reserved_name: [] }, DescriptorProto { name: Some("Square"), field: [FieldDescriptorProto { name: Some("edge_length"), number: Some(1), label: Some(Optional), r#type: Some(Float), type_name: None, extendee: None, default_value: None, oneof_index: None, json_name: Some("edgeLength"), options: None, proto3_optional: None }], extension: [], nested_type: [], enum_type: [], extension_range: [], oneof_decl: [], options: None, reserved_range: [], reserved_name: [] }, DescriptorProto { name: Some("Rectangle"), field: [FieldDescriptorProto { name: Some("length"), number: Some(1), label: Some(Optional), r#type: Some(Float), type_name: None, extendee: None, default_value: None, oneof_index: None, json_name: Some("length"), options: None, proto3_optional: None }, FieldDescriptorProto { name: Some("width"), number: Some(2), label: Some(Optional), r#type: Some(Float), type_name: None, extendee: None, default_value: None, oneof_index: None, json_name: Some("width"), options: None, proto3_optional: None }], extension: [], nested_type: [], enum_type: [], extension_range: [], oneof_decl: [], options: None, reserved_range: [], reserved_name: [] }, DescriptorProto { name: Some("Circle"), field: [FieldDescriptorProto { name: Some("radius"), number: Some(1), label: Some(Optional), r#type: Some(Float), type_name: None, extendee: None, default_value: None, oneof_index: None, json_name: Some("radius"), options: None, proto3_optional: None }], extension: [], nested_type: [], enum_type: [], extension_range: [], oneof_decl: [], options: None, reserved_range: [], reserved_name: [] }, DescriptorProto { name: Some("Triangle"), field: [FieldDescriptorProto { name: Some("edge_a"), number: Some(1), label: Some(Optional), r#type: Some(Float), type_name: None, extendee: None, default_value: None, oneof_index: None, json_name: Some("edgeA"), options: None, proto3_optional: None }, FieldDescriptorProto { name: Some("edge_b"), number: Some(2), label: Some(Optional), r#type: Some(Float), type_name: None, extendee: None, default_value: None, oneof_index: None, json_name: Some("edgeB"), options: None, proto3_optional: None }, FieldDescriptorProto { name: Some("edge_c"), number: Some(3), label: Some(Optional), r#type: Some(Float), type_name: None, extendee: None, default_value: None, oneof_index: None, json_name: Some("edgeC"), options: None, proto3_optional: None }], extension: [], nested_type: [], enum_type: [], extension_range: [], oneof_decl: [], options: None, reserved_range: [], reserved_name: [] }, DescriptorProto { name: Some("Parallelogram"), field: [FieldDescriptorProto { name: Some("base_length"), number: Some(1), label: Some(Optional), r#type: Some(Float), type_name: None, extendee: None, default_value: None, oneof_index: None, json_name: Some("baseLength"), options: None, proto3_optional: None }, FieldDescriptorProto { name: Some("height"), number: Some(2), label: Some(Optional), r#type: Some(Float), type_name: None, extendee: None, default_value: None, oneof_index: None, json_name: Some("height"), options: None, proto3_optional: None }], extension: [], nested_type: [], enum_type: [], extension_range: [], oneof_decl: [], options: None, reserved_range: [], reserved_name: [] }, DescriptorProto { name: Some("AreaRequest"), field: [FieldDescriptorProto { name: Some("shapes"), number: Some(1), label: Some(Repeated), r#type: Some(Message), type_name: Some(".area_calculator.ShapeMessage"), extendee: None, default_value: None, oneof_index: None, json_name: Some("shapes"), options: None, proto3_optional: None }], extension: [], nested_type: [], enum_type: [], extension_range: [], oneof_decl: [], options: None, reserved_range: [], reserved_name: [] }, DescriptorProto { name: Some("AreaResponse"), field: [FieldDescriptorProto { name: Some("value"), number: Some(1), label: Some(Repeated), r#type: Some(Float), type_name: None, extendee: None, default_value: None, oneof_index: None, json_name: Some("value"), options: None, proto3_optional: None }], extension: [], nested_type: [], enum_type: [], extension_range: [], oneof_decl: [], options: None, reserved_range: [], reserved_name: [] }], enum_type: [], service: [ServiceDescriptorProto { name: Some("Calculator"), method: [MethodDescriptorProto { name: Some("calculateOne"), input_type: Some(".area_calculator.ShapeMessage"), output_type: Some(".area_calculator.AreaResponse"), options: Some(MethodOptions { deprecated: None, idempotency_level: None, uninterpreted_option: [] }), client_streaming: None, server_streaming: None }, MethodDescriptorProto { name: Some("calculateMulti"), input_type: Some(".area_calculator.AreaRequest"), output_type: Some(".area_calculator.AreaResponse"), options: Some(MethodOptions { deprecated: None, idempotency_level: None, uninterpreted_option: [] }), client_streaming: None, server_streaming: None }], options: None }], extension: [], options: Some(FileOptions { java_package: None, java_outer_classname: None, java_multiple_files: None, java_generate_equals_and_hash: None, java_string_check_utf8: None, optimize_for: None, go_package: Some("io.pact/area_calculator"), cc_generic_services: None, java_generic_services: None, py_generic_services: None, php_generic_services: Some(true), deprecated: None, cc_enable_arenas: None, objc_class_prefix: None, csharp_namespace: None, swift_prefix: None, php_class_prefix: None, php_namespace: None, php_metadata_namespace: None, ruby_package: None, uninterpreted_option: [] }), source_code_info: None, syntax: Some("proto3") }] }, service_name: "Calculator", message: SynchronousMessage { id: None, key: Some("c7fbe3ee"), description: "calculate rectangle area request", provider_states: [], comments: {"testname": String("io.pact.example.grpc.consumer.PactConsumerTest.calculateRectangleArea(MockServer, SynchronousMessages)")}, request: MessageContents { contents: Present(b"\x12\n\r\0\0@@\x15\0\0\x80@", Some(ContentType { main_type: "application", sub_type: "protobuf", attributes: {"message": "ShapeMessage"}, suffix: None }), Some(BINARY)), metadata: {}, matching_rules: MatchingRules { rules: {BODY: MatchingRuleCategory { name: BODY, rules: {DocPath { path_tokens: [Root, Field("rectangle"), Field("length")], expr: "$.rectangle.length" }: RuleList { rules: [Number], rule_logic: And, cascaded: false }, DocPath { path_tokens: [Root, Field("rectangle"), Field("width")], expr: "$.rectangle.width" }: RuleList { rules: [Number], rule_logic: And, cascaded: false }} }} }, generators: Generators { categories: {} } }, response: [MessageContents { contents: Present(b"\r\0\0@A", Some(ContentType { main_type: "application", sub_type: "protobuf", attributes: {"message": "AreaResponse"}, suffix: None }), Some(BINARY)), metadata: {}, matching_rules: MatchingRules { rules: {BODY: MatchingRuleCategory { name: BODY, rules: {DocPath { path_tokens: [Root, Field("value")], expr: "$.value" }: RuleList { rules: [Number], rule_logic: And, cascaded: false }} }} }, generators: Generators { categories: {} } }], pending: false, plugin_config: {"protobuf": {"service": String("Calculator/calculateOne"), "descriptorKey": String("a85dff8f82655a9681aad113575dcfbb")}}, interaction_markup: InteractionMarkup { markup: "```protobuf\nmessage ShapeMessage {\n    message .area_calculator.Rectangle rectangle = 2;\n}\n```\n\n```protobuf\nmessage AreaResponse {\n    float value = 1;\n}\n```\n", markup_type: "COMMON_MARK" }, transport: None }, method_descriptor: MethodDescriptorProto { name: Some("calculateOne"), input_type: Some(".area_calculator.ShapeMessage"), output_type: Some(".area_calculator.AreaResponse"), options: Some(MethodOptions { deprecated: None, idempotency_level: None, uninterpreted_option: [] }), client_streaming: None, server_streaming: None }, input_message: DescriptorProto { name: Some("ShapeMessage"), field: [FieldDescriptorProto { name: Some("square"), number: Some(1), label: Some(Optional), r#type: Some(Message), type_name: Some(".area_calculator.Square"), extendee: None, default_value: None, oneof_index: Some(0), json_name: Some("square"), options: None, proto3_optional: None }, FieldDescriptorProto { name: Some("rectangle"), number: Some(2), label: Some(Optional), r#type: Some(Message), type_name: Some(".area_calculator.Rectangle"), extendee: None, default_value: None, oneof_index: Some(0), json_name: Some("rectangle"), options: None, proto3_optional: None }, FieldDescriptorProto { name: Some("circle"), number: Some(3), label: Some(Optional), r#type: Some(Message), type_name: Some(".area_calculator.Circle"), extendee: None, default_value: None, oneof_index: Some(0), json_name: Some("circle"), options: None, proto3_optional: None }, FieldDescriptorProto { name: Some("triangle"), number: Some(4), label: Some(Optional), r#type: Some(Message), type_name: Some(".area_calculator.Triangle"), extendee: None, default_value: None, oneof_index: Some(0), json_name: Some("triangle"), options: None, proto3_optional: None }, FieldDescriptorProto { name: Some("parallelogram"), number: Some(5), label: Some(Optional), r#type: Some(Message), type_name: Some(".area_calculator.Parallelogram"), extendee: None, default_value: None, oneof_index: Some(0), json_name: Some("parallelogram"), options: None, proto3_optional: None }], extension: [], nested_type: [], enum_type: [], extension_range: [], oneof_decl: [OneofDescriptorProto { name: Some("shape"), options: None }], options: None, reserved_range: [], reserved_name: [] }, output_message: DescriptorProto { name: Some("AreaResponse"), field: [FieldDescriptorProto { name: Some("value"), number: Some(1), label: Some(Repeated), r#type: Some(Float), type_name: None, extendee: None, default_value: None, oneof_index: None, json_name: Some("value"), options: None, proto3_optional: None }], extension: [], nested_type: [], enum_type: [], extension_range: [], oneof_decl: [], options: None, reserved_range: [], reserved_name: [] }, server_key: "5cae5f82-fec2-43c6-9739-60d0383d84ec" } ?[3mrequest?[0m?[2m=?[0mDynamicMessage { descriptor: DescriptorProto { name: Some("ShapeMessage"), field: [FieldDescriptorProto { name: Some("square"), number: Some(1), label: Some(Optional), r#type: Some(Message), type_name: Some(".area_calculator.Square"), extendee: None, default_value: None, oneof_index: Some(0), json_name: Some("square"), options: None, proto3_optional: None }, FieldDescriptorProto { name: Some("rectangle"), number: Some(2), label: Some(Optional), r#type: Some(Message), type_name: Some(".area_calculator.Rectangle"), extendee: None, default_value: None, oneof_index: Some(0), json_name: Some("rectangle"), options: None, proto3_optional: None }, FieldDescriptorProto { name: Some("circle"), number: Some(3), label: Some(Optional), r#type: Some(Message), type_name: Some(".area_calculator.Circle"), extendee: None, default_value: None, oneof_index: Some(0), json_name: Some("circle"), options: None, proto3_optional: None }, FieldDescriptorProto { name: Some("triangle"), number: Some(4), label: Some(Optional), r#type: Some(Message), type_name: Some(".area_calculator.Triangle"), extendee: None, default_value: None, oneof_index: Some(0), json_name: Some("triangle"), options: None, proto3_optional: None }, FieldDescriptorProto { name: Some("parallelogram"), number: Some(5), label: Some(Optional), r#type: Some(Message), type_name: Some(".area_calculator.Parallelogram"), extendee: None, default_value: None, oneof_index: Some(0), json_name: Some("parallelogram"), options: None, proto3_optional: None }], extension: [], nested_type: [], enum_type: [], extension_range: [], oneof_decl: [OneofDescriptorProto { name: Some("shape"), options: None }], options: None, reserved_range: [], reserved_name: [] }, fields: [ProtobufField { field_num: 2, wire_type: LengthDelimited, data: Message([13, 0, 0, 64, 64, 21, 0, 0, 128, 64], DescriptorProto { name: Some("Rectangle"), field: [FieldDescriptorProto { name: Some("length"), number: Some(1), label: Some(Optional), r#type: Some(Float), type_name: None, extendee: None, default_value: None, oneof_index: None, json_name: Some("length"), options: None, proto3_optional: None }, FieldDescriptorProto { name: Some("width"), number: Some(2), label: Some(Optional), r#type: Some(Float), type_name: None, extendee: None, default_value: None, oneof_index: None, json_name: Some("width"), options: None, proto3_optional: None }], extension: [], nested_type: [], enum_type: [], extension_range: [], oneof_decl: [], options: None, reserved_range: [], reserved_name: [] }) }] } ?[3mmessage_descriptor?[0m?[2m=?[0mDescriptorProto { name: Some("ShapeMessage"), field: [FieldDescriptorProto { name: Some("square"), number: Some(1), label: Some(Optional), r#type: Some(Message), type_name: Some(".area_calculator.Square"), extendee: None, default_value: None, oneof_index: Some(0), json_name: Some("square"), options: None, proto3_optional: None }, FieldDescriptorProto { name: Some("rectangle"), number: Some(2), label: Some(Optional), r#type: Some(Message), type_name: Some(".area_calculator.Rectangle"), extendee: None, default_value: None, oneof_index: Some(0), json_name: Some("rectangle"), options: None, proto3_optional: None }, FieldDescriptorProto { name: Some("circle"), number: Some(3), label: Some(Optional), r#type: Some(Message), type_name: Some(".area_calculator.Circle"), extendee: None, default_value: None, oneof_index: Some(0), json_name: Some("circle"), options: None, proto3_optional: None }, FieldDescriptorProto { name: Some("triangle"), number: Some(4), label: Some(Optional), r#type: Some(Message), type_name: Some(".area_calculator.Triangle"), extendee: None, default_value: None, oneof_index: Some(0), json_name: Some("triangle"), options: None, proto3_optional: None }, FieldDescriptorProto { name: Some("parallelogram"), number: Some(5), label: Some(Optional), r#type: Some(Message), type_name: Some(".area_calculator.Parallelogram"), extendee: None, default_value: None, oneof_index: Some(0), json_name: Some("parallelogram"), options: None, proto3_optional: None }], extension: [], nested_type: [], enum_type: [], extension_range: [], oneof_decl: [OneofDescriptorProto { name: Some("shape"), options: None }], options: None, reserved_range: [], reserved_name: [] } ?[3mresponse_descriptor?[0m?[2m=?[0mDescriptorProto { name: Some("AreaResponse"), field: [FieldDescriptorProto { name: Some("value"), number: Some(1), label: Some(Repeated), r#type: Some(Float), type_name: None, extendee: None, default_value: None, oneof_index: None, json_name: Some("value"), options: None, proto3_optional: None }], extension: [], nested_type: [], enum_type: [], extension_range: [], oneof_decl: [], options: None, reserved_range: [], reserved_name: [] }?[1m}?[0m?[2m:?[0m ?[2mpact_protobuf_plugin::matching?[0m?[2m:?[0m Comparing Float values
15:05:16.532 [Thread-5] DEBUG i.pact.plugins.jvm.core.ChildProcess - Plugin protobuf [46038] || ?[2m2023-03-27T09:35:16.531461Z?[0m ?[35mTRACE?[0m tokio-runtime-worker ?[1mrequest?[0m?[1m{?[0m?[3mmethod?[0m?[2m=?[0mPOST ?[3muri?[0m?[2m=?[0mhttp://127.0.0.1:53791/area_calculator.Calculator/calculateOne ?[3mversion?[0m?[2m=?[0mHTTP/2.0?[1m}?[0m?[2m:?[0m?[1mcall?[0m?[1m{?[0m?[3mself?[0m?[2m=?[0mGrpcMockServer { pact: V4Pact { consumer: Consumer { name: "grpc-consumer-jvm" }, provider: Provider { name: "area-calculator-provider" }, interactions: [SynchronousMessage { id: None, key: Some("c7fbe3ee"), description: "calculate rectangle area request", provider_states: [], comments: {"testname": String("io.pact.example.grpc.consumer.PactConsumerTest.calculateRectangleArea(MockServer, SynchronousMessages)")}, request: MessageContents { contents: Present(b"\x12\n\r\0\0@@\x15\0\0\x80@", Some(ContentType { main_type: "application", sub_type: "protobuf", attributes: {"message": "ShapeMessage"}, suffix: None }), Some(BINARY)), metadata: {}, matching_rules: MatchingRules { rules: {BODY: MatchingRuleCategory { name: BODY, rules: {DocPath { path_tokens: [Root, Field("rectangle"), Field("length")], expr: "$.rectangle.length" }: RuleList { rules: [Number], rule_logic: And, cascaded: false }, DocPath { path_tokens: [Root, Field("rectangle"), Field("width")], expr: "$.rectangle.width" }: RuleList { rules: [Number], rule_logic: And, cascaded: false }} }} }, generators: Generators { categories: {} } }, response: [MessageContents { contents: Present(b"\r\0\0@A", Some(ContentType { main_type: "application", sub_type: "protobuf", attributes: {"message": "AreaResponse"}, suffix: None }), Some(BINARY)), metadata: {}, matching_rules: MatchingRules { rules: {BODY: MatchingRuleCategory { name: BODY, rules: {DocPath { path_tokens: [Root, Field("value")], expr: "$.value" }: RuleList { rules: [Number], rule_logic: And, cascaded: false }} }} }, generators: Generators { categories: {} } }], pending: false, plugin_config: {"protobuf": {"service": String("Calculator/calculateOne"), "descriptorKey": String("a85dff8f82655a9681aad113575dcfbb")}}, interaction_markup: InteractionMarkup { markup: "```protobuf\nmessage ShapeMessage {\n    message .area_calculator.Rectangle rectangle = 2;\n}\n```\n\n```protobuf\nmessage AreaResponse {\n    float value = 1;\n}\n```\n", markup_type: "COMMON_MARK" }, transport: None }], metadata: {"pact-jvm": Object({"version": String("4.4.2")}), "pactSpecification": Object({"version": String("4.0")})}, plugin_data: [PluginData { name: "protobuf", version: "0.1.5", configuration: {"a85dff8f82655a9681aad113575dcfbb": Object({"protoDescriptors": String("CsoHChVhcmVhX2NhbGN1bGF0b3IucHJvdG8SD2FyZWFfY2FsY3VsYXRvciK6AgoMU2hhcGVNZXNzYWdlEjEKBnNxdWFyZRgBIAEoCzIXLmFyZWFfY2FsY3VsYXRvci5TcXVhcmVIAFIGc3F1YXJlEjoKCXJlY3RhbmdsZRgCIAEoCzIaLmFyZWFfY2FsY3VsYXRvci5SZWN0YW5nbGVIAFIJcmVjdGFuZ2xlEjEKBmNpcmNsZRgDIAEoCzIXLmFyZWFfY2FsY3VsYXRvci5DaXJjbGVIAFIGY2lyY2xlEjcKCHRyaWFuZ2xlGAQgASgLMhkuYXJlYV9jYWxjdWxhdG9yLlRyaWFuZ2xlSABSCHRyaWFuZ2xlEkYKDXBhcmFsbGVsb2dyYW0YBSABKAsyHi5hcmVhX2NhbGN1bGF0b3IuUGFyYWxsZWxvZ3JhbUgAUg1wYXJhbGxlbG9ncmFtQgcKBXNoYXBlIikKBlNxdWFyZRIfCgtlZGdlX2xlbmd0aBgBIAEoAlIKZWRnZUxlbmd0aCI5CglSZWN0YW5nbGUSFgoGbGVuZ3RoGAEgASgCUgZsZW5ndGgSFAoFd2lkdGgYAiABKAJSBXdpZHRoIiAKBkNpcmNsZRIWCgZyYWRpdXMYASABKAJSBnJhZGl1cyJPCghUcmlhbmdsZRIVCgZlZGdlX2EYASABKAJSBWVkZ2VBEhUKBmVkZ2VfYhgCIAEoAlIFZWRnZUISFQoGZWRnZV9jGAMgASgCUgVlZGdlQyJICg1QYXJhbGxlbG9ncmFtEh8KC2Jhc2VfbGVuZ3RoGAEgASgCUgpiYXNlTGVuZ3RoEhYKBmhlaWdodBgCIAEoAlIGaGVpZ2h0IkQKC0FyZWFSZXF1ZXN0EjUKBnNoYXBlcxgBIAMoCzIdLmFyZWFfY2FsY3VsYXRvci5TaGFwZU1lc3NhZ2VSBnNoYXBlcyIkCgxBcmVhUmVzcG9uc2USFAoFdmFsdWUYASADKAJSBXZhbHVlMq0BCgpDYWxjdWxhdG9yEk4KDGNhbGN1bGF0ZU9uZRIdLmFyZWFfY2FsY3VsYXRvci5TaGFwZU1lc3NhZ2UaHS5hcmVhX2NhbGN1bGF0b3IuQXJlYVJlc3BvbnNlIgASTwoOY2FsY3VsYXRlTXVsdGkSHC5hcmVhX2NhbGN1bGF0b3IuQXJlYVJlcXVlc3QaHS5hcmVhX2NhbGN1bGF0b3IuQXJlYVJlc3BvbnNlIgBCHFoXaW8ucGFjdC9hcmVhX2NhbGN1bGF0b3LQAgFiBnByb3RvMw=="), "protoFile": String("syntax = \"proto3\";\n\npackage area_calculator;\n\noption php_generic_services = true;\noption go_package = \"io.pact/area_calculator\";\n\nservice Calculator {\n  rpc calculateOne (ShapeMessage) returns (AreaResponse) {}\n  rpc calculateMulti (AreaRequest) returns (AreaResponse) {}\n}\n\nmessage ShapeMessage {\n  oneof shape {\n    Square square = 1;\n    Rectangle rectangle = 2;\n    Circle circle = 3;\n    Triangle triangle = 4;\n    Parallelogram parallelogram = 5;\n  }\n}\n\nmessage Square {\n  float edge_length = 1;\n}\n\nmessage Rectangle {\n  float length = 1;\n  float width = 2;\n}\n\nmessage Circle {\n  float radius = 1;\n}\n\nmessage Triangle {\n  float edge_a = 1;\n  float edge_b = 2;\n  float edge_c = 3;\n}\n\nmessage Parallelogram {\n  float base_length = 1;\n  float height = 2;\n}\n\nmessage AreaRequest {\n  repeated ShapeMessage shapes = 1;\n}\n\nmessage AreaResponse {\n  repeated float value = 1;\n}\n")})} }] }, plugin_config: PluginData { name: "protobuf", version: "0.1.5", configuration: {"a85dff8f82655a9681aad113575dcfbb": Object({"protoDescriptors": String("CsoHChVhcmVhX2NhbGN1bGF0b3IucHJvdG8SD2FyZWFfY2FsY3VsYXRvciK6AgoMU2hhcGVNZXNzYWdlEjEKBnNxdWFyZRgBIAEoCzIXLmFyZWFfY2FsY3VsYXRvci5TcXVhcmVIAFIGc3F1YXJlEjoKCXJlY3RhbmdsZRgCIAEoCzIaLmFyZWFfY2FsY3VsYXRvci5SZWN0YW5nbGVIAFIJcmVjdGFuZ2xlEjEKBmNpcmNsZRgDIAEoCzIXLmFyZWFfY2FsY3VsYXRvci5DaXJjbGVIAFIGY2lyY2xlEjcKCHRyaWFuZ2xlGAQgASgLMhkuYXJlYV9jYWxjdWxhdG9yLlRyaWFuZ2xlSABSCHRyaWFuZ2xlEkYKDXBhcmFsbGVsb2dyYW0YBSABKAsyHi5hcmVhX2NhbGN1bGF0b3IuUGFyYWxsZWxvZ3JhbUgAUg1wYXJhbGxlbG9ncmFtQgcKBXNoYXBlIikKBlNxdWFyZRIfCgtlZGdlX2xlbmd0aBgBIAEoAlIKZWRnZUxlbmd0aCI5CglSZWN0YW5nbGUSFgoGbGVuZ3RoGAEgASgCUgZsZW5ndGgSFAoFd2lkdGgYAiABKAJSBXdpZHRoIiAKBkNpcmNsZRIWCgZyYWRpdXMYASABKAJSBnJhZGl1cyJPCghUcmlhbmdsZRIVCgZlZGdlX2EYASABKAJSBWVkZ2VBEhUKBmVkZ2VfYhgCIAEoAlIFZWRnZUISFQoGZWRnZV9jGAMgASgCUgVlZGdlQyJICg1QYXJhbGxlbG9ncmFtEh8KC2Jhc2VfbGVuZ3RoGAEgASgCUgpiYXNlTGVuZ3RoEhYKBmhlaWdodBgCIAEoAlIGaGVpZ2h0IkQKC0FyZWFSZXF1ZXN0EjUKBnNoYXBlcxgBIAMoCzIdLmFyZWFfY2FsY3VsYXRvci5TaGFwZU1lc3NhZ2VSBnNoYXBlcyIkCgxBcmVhUmVzcG9uc2USFAoFdmFsdWUYASADKAJSBXZhbHVlMq0BCgpDYWxjdWxhdG9yEk4KDGNhbGN1bGF0ZU9uZRIdLmFyZWFfY2FsY3VsYXRvci5TaGFwZU1lc3NhZ2UaHS5hcmVhX2NhbGN1bGF0b3IuQXJlYVJlc3BvbnNlIgASTwoOY2FsY3VsYXRlTXVsdGkSHC5hcmVhX2NhbGN1bGF0b3IuQXJlYVJlcXVlc3QaHS5hcmVhX2NhbGN1bGF0b3IuQXJlYVJlc3BvbnNlIgBCHFoXaW8ucGFjdC9hcmVhX2NhbGN1bGF0b3LQAgFiBnByb3RvMw=="), "protoFile": String("syntax = \"proto3\";\n\npackage area_calculator;\n\noption php_generic_services = true;\noption go_package = \"io.pact/area_calculator\";\n\nservice Calculator {\n  rpc calculateOne (ShapeMessage) returns (AreaResponse) {}\n  rpc calculateMulti (AreaRequest) returns (AreaResponse) {}\n}\n\nmessage ShapeMessage {\n  oneof shape {\n    Square square = 1;\n    Rectangle rectangle = 2;\n    Circle circle = 3;\n    Triangle triangle = 4;\n    Parallelogram parallelogram = 5;\n  }\n}\n\nmessage Square {\n  float edge_length = 1;\n}\n\nmessage Rectangle {\n  float length = 1;\n  float width = 2;\n}\n\nmessage Circle {\n  float radius = 1;\n}\n\nmessage Triangle {\n  float edge_a = 1;\n  float edge_b = 2;\n  float edge_c = 3;\n}\n\nmessage Parallelogram {\n  float base_length = 1;\n  float height = 2;\n}\n\nmessage AreaRequest {\n  repeated ShapeMessage shapes = 1;\n}\n\nmessage AreaResponse {\n  repeated float value = 1;\n}\n")})} }, descriptors: {"a85dff8f82655a9681aad113575dcfbb": FileDescriptorSet { file: [FileDescriptorProto { name: Some("area_calculator.proto"), package: Some("area_calculator"), dependency: [], public_dependency: [], weak_dependency: [], message_type: [DescriptorProto { name: Some("ShapeMessage"), field: [FieldDescriptorProto { name: Some("square"), number: Some(1), label: Some(Optional), r#type: Some(Message), type_name: Some(".area_calculator.Square"), extendee: None, default_value: None, oneof_index: Some(0), json_name: Some("square"), options: None, proto3_optional: None }, FieldDescriptorProto { name: Some("rectangle"), number: Some(2), label: Some(Optional), r#type: Some(Message), type_name: Some(".area_calculator.Rectangle"), extendee: None, default_value: None, oneof_index: Some(0), json_name: Some("rectangle"), options: None, proto3_optional: None }, FieldDescriptorProto { name: Some("circle"), number: Some(3), label: Some(Optional), r#type: Some(Message), type_name: Some(".area_calculator.Circle"), extendee: None, default_value: None, oneof_index: Some(0), json_name: Some("circle"), options: None, proto3_optional: None }, FieldDescriptorProto { name: Some("triangle"), number: Some(4), label: Some(Optional), r#type: Some(Message), type_name: Some(".area_calculator.Triangle"), extendee: None, default_value: None, oneof_index: Some(0), json_name: Some("triangle"), options: None, proto3_optional: None }, FieldDescriptorProto { name: Some("parallelogram"), number: Some(5), label: Some(Optional), r#type: Some(Message), type_name: Some(".area_calculator.Parallelogram"), extendee: None, default_value: None, oneof_index: Some(0), json_name: Some("parallelogram"), options: None, proto3_optional: None }], extension: [], nested_type: [], enum_type: [], extension_range: [], oneof_decl: [OneofDescriptorProto { name: Some("shape"), options: None }], options: None, reserved_range: [], reserved_name: [] }, DescriptorProto { name: Some("Square"), field: [FieldDescriptorProto { name: Some("edge_length"), number: Some(1), label: Some(Optional), r#type: Some(Float), type_name: None, extendee: None, default_value: None, oneof_index: None, json_name: Some("edgeLength"), options: None, proto3_optional: None }], extension: [], nested_type: [], enum_type: [], extension_range: [], oneof_decl: [], options: None, reserved_range: [], reserved_name: [] }, DescriptorProto { name: Some("Rectangle"), field: [FieldDescriptorProto { name: Some("length"), number: Some(1), label: Some(Optional), r#type: Some(Float), type_name: None, extendee: None, default_value: None, oneof_index: None, json_name: Some("length"), options: None, proto3_optional: None }, FieldDescriptorProto { name: Some("width"), number: Some(2), label: Some(Optional), r#type: Some(Float), type_name: None, extendee: None, default_value: None, oneof_index: None, json_name: Some("width"), options: None, proto3_optional: None }], extension: [], nested_type: [], enum_type: [], extension_range: [], oneof_decl: [], options: None, reserved_range: [], reserved_name: [] }, DescriptorProto { name: Some("Circle"), field: [FieldDescriptorProto { name: Some("radius"), number: Some(1), label: Some(Optional), r#type: Some(Float), type_name: None, extendee: None, default_value: None, oneof_index: None, json_name: Some("radius"), options: None, proto3_optional: None }], extension: [], nested_type: [], enum_type: [], extension_range: [], oneof_decl: [], options: None, reserved_range: [], reserved_name: [] }, DescriptorProto { name: Some("Triangle"), field: [FieldDescriptorProto { name: Some("edge_a"), number: Some(1), label: Some(Optional), r#type: Some(Float), type_name: None, extendee: None, default_value: None, oneof_index: None, json_name: Some("edgeA"), options: None, proto3_optional: None }, FieldDescriptorProto { name: Some("edge_b"), number: Some(2), label: Some(Optional), r#type: Some(Float), type_name: None, extendee: None, default_value: None, oneof_index: None, json_name: Some("edgeB"), options: None, proto3_optional: None }, FieldDescriptorProto { name: Some("edge_c"), number: Some(3), label: Some(Optional), r#type: Some(Float), type_name: None, extendee: None, default_value: None, oneof_index: None, json_name: Some("edgeC"), options: None, proto3_optional: None }], extension: [], nested_type: [], enum_type: [], extension_range: [], oneof_decl: [], options: None, reserved_range: [], reserved_name: [] }, DescriptorProto { name: Some("Parallelogram"), field: [FieldDescriptorProto { name: Some("base_length"), number: Some(1), label: Some(Optional), r#type: Some(Float), type_name: None, extendee: None, default_value: None, oneof_index: None, json_name: Some("baseLength"), options: None, proto3_optional: None }, FieldDescriptorProto { name: Some("height"), number: Some(2), label: Some(Optional), r#type: Some(Float), type_name: None, extendee: None, default_value: None, oneof_index: None, json_name: Some("height"), options: None, proto3_optional: None }], extension: [], nested_type: [], enum_type: [], extension_range: [], oneof_decl: [], options: None, reserved_range: [], reserved_name: [] }, DescriptorProto { name: Some("AreaRequest"), field: [FieldDescriptorProto { name: Some("shapes"), number: Some(1), label: Some(Repeated), r#type: Some(Message), type_name: Some(".area_calculator.ShapeMessage"), extendee: None, default_value: None, oneof_index: None, json_name: Some("shapes"), options: None, proto3_optional: None }], extension: [], nested_type: [], enum_type: [], extension_range: [], oneof_decl: [], options: None, reserved_range: [], reserved_name: [] }, DescriptorProto { name: Some("AreaResponse"), field: [FieldDescriptorProto { name: Some("value"), number: Some(1), label: Some(Repeated), r#type: Some(Float), type_name: None, extendee: None, default_value: None, oneof_index: None, json_name: Some("value"), options: None, proto3_optional: None }], extension: [], nested_type: [], enum_type: [], extension_range: [], oneof_decl: [], options: None, reserved_range: [], reserved_name: [] }], enum_type: [], service: [ServiceDescriptorProto { name: Some("Calculator"), method: [MethodDescriptorProto { name: Some("calculateOne"), input_type: Some(".area_calculator.ShapeMessage"), output_type: Some(".area_calculator.AreaResponse"), options: Some(MethodOptions { deprecated: None, idempotency_level: None, uninterpreted_option: [] }), client_streaming: None, server_streaming: None }, MethodDescriptorProto { name: Some("calculateMulti"), input_type: Some(".area_calculator.AreaRequest"), output_type: Some(".area_calculator.AreaResponse"), options: Some(MethodOptions { deprecated: None, idempotency_level: None, uninterpreted_option: [] }), client_streaming: None, server_streaming: None }], options: None }], extension: [], options: Some(FileOptions { java_package: None, java_outer_classname: None, java_multiple_files: None, java_generate_equals_and_hash: None, java_string_check_utf8: None, optimize_for: None, go_package: Some("io.pact/area_calculator"), cc_generic_services: None, java_generic_services: None, py_generic_services: None, php_generic_services: Some(true), deprecated: None, cc_enable_arenas: None, objc_class_prefix: None, csharp_namespace: None, swift_prefix: None, php_class_prefix: None, php_namespace: None, php_metadata_namespace: None, ruby_package: None, uninterpreted_option: [] }), source_code_info: None, syntax: Some("proto3") }] }}, routes: {"Calculator/calculateOne": (FileDescriptorSet { file: [FileDescriptorProto { name: Some("area_calculator.proto"), package: Some("area_calculator"), dependency: [], public_dependency: [], weak_dependency: [], message_type: [DescriptorProto { name: Some("ShapeMessage"), field: [FieldDescriptorProto { name: Some("square"), number: Some(1), label: Some(Optional), r#type: Some(Message), type_name: Some(".area_calculator.Square"), extendee: None, default_value: None, oneof_index: Some(0), json_name: Some("square"), options: None, proto3_optional: None }, FieldDescriptorProto { name: Some("rectangle"), number: Some(2), label: Some(Optional), r#type: Some(Message), type_name: Some(".area_calculator.Rectangle"), extendee: None, default_value: None, oneof_index: Some(0), json_name: Some("rectangle"), options: None, proto3_optional: None }, FieldDescriptorProto { name: Some("circle"), number: Some(3), label: Some(Optional), r#type: Some(Message), type_name: Some(".area_calculator.Circle"), extendee: None, default_value: None, oneof_index: Some(0), json_name: Some("circle"), options: None, proto3_optional: None }, FieldDescriptorProto { name: Some("triangle"), number: Some(4), label: Some(Optional), r#type: Some(Message), type_name: Some(".area_calculator.Triangle"), extendee: None, default_value: None, oneof_index: Some(0), json_name: Some("triangle"), options: None, proto3_optional: None }, FieldDescriptorProto { name: Some("parallelogram"), number: Some(5), label: Some(Optional), r#type: Some(Message), type_name: Some(".area_calculator.Parallelogram"), extendee: None, default_value: None, oneof_index: Some(0), json_name: Some("parallelogram"), options: None, proto3_optional: None }], extension: [], nested_type: [], enum_type: [], extension_range: [], oneof_decl: [OneofDescriptorProto { name: Some("shape"), options: None }], options: None, reserved_range: [], reserved_name: [] }, DescriptorProto { name: Some("Square"), field: [FieldDescriptorProto { name: Some("edge_length"), number: Some(1), label: Some(Optional), r#type: Some(Float), type_name: None, extendee: None, default_value: None, oneof_index: None, json_name: Some("edgeLength"), options: None, proto3_optional: None }], extension: [], nested_type: [], enum_type: [], extension_range: [], oneof_decl: [], options: None, reserved_range: [], reserved_name: [] }, DescriptorProto { name: Some("Rectangle"), field: [FieldDescriptorProto { name: Some("length"), number: Some(1), label: Some(Optional), r#type: Some(Float), type_name: None, extendee: None, default_value: None, oneof_index: None, json_name: Some("length"), options: None, proto3_optional: None }, FieldDescriptorProto { name: Some("width"), number: Some(2), label: Some(Optional), r#type: Some(Float), type_name: None, extendee: None, default_value: None, oneof_index: None, json_name: Some("width"), options: None, proto3_optional: None }], extension: [], nested_type: [], enum_type: [], extension_range: [], oneof_decl: [], options: None, reserved_range: [], reserved_name: [] }, DescriptorProto { name: Some("Circle"), field: [FieldDescriptorProto { name: Some("radius"), number: Some(1), label: Some(Optional), r#type: Some(Float), type_name: None, extendee: None, default_value: None, oneof_index: None, json_name: Some("radius"), options: None, proto3_optional: None }], extension: [], nested_type: [], enum_type: [], extension_range: [], oneof_decl: [], options: None, reserved_range: [], reserved_name: [] }, DescriptorProto { name: Some("Triangle"), field: [FieldDescriptorProto { name: Some("edge_a"), number: Some(1), label: Some(Optional), r#type: Some(Float), type_name: None, extendee: None, default_value: None, oneof_index: None, json_name: Some("edgeA"), options: None, proto3_optional: None }, FieldDescriptorProto { name: Some("edge_b"), number: Some(2), label: Some(Optional), r#type: Some(Float), type_name: None, extendee: None, default_value: None, oneof_index: None, json_name: Some("edgeB"), options: None, proto3_optional: None }, FieldDescriptorProto { name: Some("edge_c"), number: Some(3), label: Some(Optional), r#type: Some(Float), type_name: None, extendee: None, default_value: None, oneof_index: None, json_name: Some("edgeC"), options: None, proto3_optional: None }], extension: [], nested_type: [], enum_type: [], extension_range: [], oneof_decl: [], options: None, reserved_range: [], reserved_name: [] }, DescriptorProto { name: Some("Parallelogram"), field: [FieldDescriptorProto { name: Some("base_length"), number: Some(1), label: Some(Optional), r#type: Some(Float), type_name: None, extendee: None, default_value: None, oneof_index: None, json_name: Some("baseLength"), options: None, proto3_optional: None }, FieldDescriptorProto { name: Some("height"), number: Some(2), label: Some(Optional), r#type: Some(Float), type_name: None, extendee: None, default_value: None, oneof_index: None, json_name: Some("height"), options: None, proto3_optional: None }], extension: [], nested_type: [], enum_type: [], extension_range: [], oneof_decl: [], options: None, reserved_range: [], reserved_name: [] }, DescriptorProto { name: Some("AreaRequest"), field: [FieldDescriptorProto { name: Some("shapes"), number: Some(1), label: Some(Repeated), r#type: Some(Message), type_name: Some(".area_calculator.ShapeMessage"), extendee: None, default_value: None, oneof_index: None, json_name: Some("shapes"), options: None, proto3_optional: None }], extension: [], nested_type: [], enum_type: [], extension_range: [], oneof_decl: [], options: None, reserved_range: [], reserved_name: [] }, DescriptorProto { name: Some("AreaResponse"), field: [FieldDescriptorProto { name: Some("value"), number: Some(1), label: Some(Repeated), r#type: Some(Float), type_name: None, extendee: None, default_value: None, oneof_index: None, json_name: Some("value"), options: None, proto3_optional: None }], extension: [], nested_type: [], enum_type: [], extension_range: [], oneof_decl: [], options: None, reserved_range: [], reserved_name: [] }], enum_type: [], service: [ServiceDescriptorProto { name: Some("Calculator"), method: [MethodDescriptorProto { name: Some("calculateOne"), input_type: Some(".area_calculator.ShapeMessage"), output_type: Some(".area_calculator.AreaResponse"), options: Some(MethodOptions { deprecated: None, idempotency_level: None, uninterpreted_option: [] }), client_streaming: None, server_streaming: None }, MethodDescriptorProto { name: Some("calculateMulti"), input_type: Some(".area_calculator.AreaRequest"), output_type: Some(".area_calculator.AreaResponse"), options: Some(MethodOptions { deprecated: None, idempotency_level: None, uninterpreted_option: [] }), client_streaming: None, server_streaming: None }], options: None }], extension: [], options: Some(FileOptions { java_package: None, java_outer_classname: None, java_multiple_files: None, java_generate_equals_and_hash: None, java_string_check_utf8: None, optimize_for: None, go_package: Some("io.pact/area_calculator"), cc_generic_services: None, java_generic_services: None, py_generic_services: None, php_generic_services: Some(true), deprecated: None, cc_enable_arenas: None, objc_class_prefix: None, csharp_namespace: None, swift_prefix: None, php_class_prefix: None, php_namespace: None, php_metadata_namespace: None, ruby_package: None, uninterpreted_option: [] }), source_code_info: None, syntax: Some("proto3") }] }, MethodDescriptorProto { name: Some("calculateOne"), input_type: Some(".area_calculator.ShapeMessage"), output_type: Some(".area_calculator.AreaResponse"), options: Some(MethodOptions { deprecated: None, idempotency_level: None, uninterpreted_option: [] }), client_streaming: None, server_streaming: None }, SynchronousMessage { id: None, key: Some("c7fbe3ee"), description: "calculate rectangle area request", provider_states: [], comments: {"testname": String("io.pact.example.grpc.consumer.PactConsumerTest.calculateRectangleArea(MockServer, SynchronousMessages)")}, request: MessageContents { contents: Present(b"\x12\n\r\0\0@@\x15\0\0\x80@", Some(ContentType { main_type: "application", sub_type: "protobuf", attributes: {"message": "ShapeMessage"}, suffix: None }), Some(BINARY)), metadata: {}, matching_rules: MatchingRules { rules: {BODY: MatchingRuleCategory { name: BODY, rules: {DocPath { path_tokens: [Root, Field("rectangle"), Field("length")], expr: "$.rectangle.length" }: RuleList { rules: [Number], rule_logic: And, cascaded: false }, DocPath { path_tokens: [Root, Field("rectangle"), Field("width")], expr: "$.rectangle.width" }: RuleList { rules: [Number], rule_logic: And, cascaded: false }} }} }, generators: Generators { categories: {} } }, response: [MessageContents { contents: Present(b"\r\0\0@A", Some(ContentType { main_type: "application", sub_type: "protobuf", attributes: {"message": "AreaResponse"}, suffix: None }), Some(BINARY)), metadata: {}, matching_rules: MatchingRules { rules: {BODY: MatchingRuleCategory { name: BODY, rules: {DocPath { path_tokens: [Root, Field("value")], expr: "$.value" }: RuleList { rules: [Number], rule_logic: And, cascaded: false }} }} }, generators: Generators { categories: {} } }], pending: false, plugin_config: {"protobuf": {"service": String("Calculator/calculateOne"), "descriptorKey": String("a85dff8f82655a9681aad113575dcfbb")}}, interaction_markup: InteractionMarkup { markup: "```protobuf\nmessage ShapeMessage {\n    message .area_calculator.Rectangle rectangle = 2;\n}\n```\n\n```protobuf\nmessage AreaResponse {\n    float value = 1;\n}\n```\n", markup_type: "COMMON_MARK" }, transport: None })}, server_key: "5cae5f82-fec2-43c6-9739-60d0383d84ec" } ?[3mreq?[0m?[2m=?[0mRequest { method: POST, uri: http://127.0.0.1:53791/area_calculator.Calculator/calculateOne, version: HTTP/2.0, headers: {"content-type": "application/grpc", "te": "trailers", "user-agent": "grpc-java-netty/1.49.0", "grpc-accept-encoding": "gzip"}, body: Body(Streaming) }?[1m}?[0m?[2m:?[0m?[1mmock_server_handler?[0m?[1m{?[0m?[3mkey?[0m?[2m=?[0m"5cae5f82-fec2-43c6-9739-60d0383d84ec"?[1m}?[0m?[2m:?[0m?[1mhandle_message?[0m?[1m{?[0m?[3mself?[0m?[2m=?[0mMockService { file_descriptor_set: FileDescriptorSet { file: [FileDescriptorProto { name: Some("area_calculator.proto"), package: Some("area_calculator"), dependency: [], public_dependency: [], weak_dependency: [], message_type: [DescriptorProto { name: Some("ShapeMessage"), field: [FieldDescriptorProto { name: Some("square"), number: Some(1), label: Some(Optional), r#type: Some(Message), type_name: Some(".area_calculator.Square"), extendee: None, default_value: None, oneof_index: Some(0), json_name: Some("square"), options: None, proto3_optional: None }, FieldDescriptorProto { name: Some("rectangle"), number: Some(2), label: Some(Optional), r#type: Some(Message), type_name: Some(".area_calculator.Rectangle"), extendee: None, default_value: None, oneof_index: Some(0), json_name: Some("rectangle"), options: None, proto3_optional: None }, FieldDescriptorProto { name: Some("circle"), number: Some(3), label: Some(Optional), r#type: Some(Message), type_name: Some(".area_calculator.Circle"), extendee: None, default_value: None, oneof_index: Some(0), json_name: Some("circle"), options: None, proto3_optional: None }, FieldDescriptorProto { name: Some("triangle"), number: Some(4), label: Some(Optional), r#type: Some(Message), type_name: Some(".area_calculator.Triangle"), extendee: None, default_value: None, oneof_index: Some(0), json_name: Some("triangle"), options: None, proto3_optional: None }, FieldDescriptorProto { name: Some("parallelogram"), number: Some(5), label: Some(Optional), r#type: Some(Message), type_name: Some(".area_calculator.Parallelogram"), extendee: None, default_value: None, oneof_index: Some(0), json_name: Some("parallelogram"), options: None, proto3_optional: None }], extension: [], nested_type: [], enum_type: [], extension_range: [], oneof_decl: [OneofDescriptorProto { name: Some("shape"), options: None }], options: None, reserved_range: [], reserved_name: [] }, DescriptorProto { name: Some("Square"), field: [FieldDescriptorProto { name: Some("edge_length"), number: Some(1), label: Some(Optional), r#type: Some(Float), type_name: None, extendee: None, default_value: None, oneof_index: None, json_name: Some("edgeLength"), options: None, proto3_optional: None }], extension: [], nested_type: [], enum_type: [], extension_range: [], oneof_decl: [], options: None, reserved_range: [], reserved_name: [] }, DescriptorProto { name: Some("Rectangle"), field: [FieldDescriptorProto { name: Some("length"), number: Some(1), label: Some(Optional), r#type: Some(Float), type_name: None, extendee: None, default_value: None, oneof_index: None, json_name: Some("length"), options: None, proto3_optional: None }, FieldDescriptorProto { name: Some("width"), number: Some(2), label: Some(Optional), r#type: Some(Float), type_name: None, extendee: None, default_value: None, oneof_index: None, json_name: Some("width"), options: None, proto3_optional: None }], extension: [], nested_type: [], enum_type: [], extension_range: [], oneof_decl: [], options: None, reserved_range: [], reserved_name: [] }, DescriptorProto { name: Some("Circle"), field: [FieldDescriptorProto { name: Some("radius"), number: Some(1), label: Some(Optional), r#type: Some(Float), type_name: None, extendee: None, default_value: None, oneof_index: None, json_name: Some("radius"), options: None, proto3_optional: None }], extension: [], nested_type: [], enum_type: [], extension_range: [], oneof_decl: [], options: None, reserved_range: [], reserved_name: [] }, DescriptorProto { name: Some("Triangle"), field: [FieldDescriptorProto { name: Some("edge_a"), number: Some(1), label: Some(Optional), r#type: Some(Float), type_name: None, extendee: None, default_value: None, oneof_index: None, json_name: Some("edgeA"), options: None, proto3_optional: None }, FieldDescriptorProto { name: Some("edge_b"), number: Some(2), label: Some(Optional), r#type: Some(Float), type_name: None, extendee: None, default_value: None, oneof_index: None, json_name: Some("edgeB"), options: None, proto3_optional: None }, FieldDescriptorProto { name: Some("edge_c"), number: Some(3), label: Some(Optional), r#type: Some(Float), type_name: None, extendee: None, default_value: None, oneof_index: None, json_name: Some("edgeC"), options: None, proto3_optional: None }], extension: [], nested_type: [], enum_type: [], extension_range: [], oneof_decl: [], options: None, reserved_range: [], reserved_name: [] }, DescriptorProto { name: Some("Parallelogram"), field: [FieldDescriptorProto { name: Some("base_length"), number: Some(1), label: Some(Optional), r#type: Some(Float), type_name: None, extendee: None, default_value: None, oneof_index: None, json_name: Some("baseLength"), options: None, proto3_optional: None }, FieldDescriptorProto { name: Some("height"), number: Some(2), label: Some(Optional), r#type: Some(Float), type_name: None, extendee: None, default_value: None, oneof_index: None, json_name: Some("height"), options: None, proto3_optional: None }], extension: [], nested_type: [], enum_type: [], extension_range: [], oneof_decl: [], options: None, reserved_range: [], reserved_name: [] }, DescriptorProto { name: Some("AreaRequest"), field: [FieldDescriptorProto { name: Some("shapes"), number: Some(1), label: Some(Repeated), r#type: Some(Message), type_name: Some(".area_calculator.ShapeMessage"), extendee: None, default_value: None, oneof_index: None, json_name: Some("shapes"), options: None, proto3_optional: None }], extension: [], nested_type: [], enum_type: [], extension_range: [], oneof_decl: [], options: None, reserved_range: [], reserved_name: [] }, DescriptorProto { name: Some("AreaResponse"), field: [FieldDescriptorProto { name: Some("value"), number: Some(1), label: Some(Repeated), r#type: Some(Float), type_name: None, extendee: None, default_value: None, oneof_index: None, json_name: Some("value"), options: None, proto3_optional: None }], extension: [], nested_type: [], enum_type: [], extension_range: [], oneof_decl: [], options: None, reserved_range: [], reserved_name: [] }], enum_type: [], service: [ServiceDescriptorProto { name: Some("Calculator"), method: [MethodDescriptorProto { name: Some("calculateOne"), input_type: Some(".area_calculator.ShapeMessage"), output_type: Some(".area_calculator.AreaResponse"), options: Some(MethodOptions { deprecated: None, idempotency_level: None, uninterpreted_option: [] }), client_streaming: None, server_streaming: None }, MethodDescriptorProto { name: Some("calculateMulti"), input_type: Some(".area_calculator.AreaRequest"), output_type: Some(".area_calculator.AreaResponse"), options: Some(MethodOptions { deprecated: None, idempotency_level: None, uninterpreted_option: [] }), client_streaming: None, server_streaming: None }], options: None }], extension: [], options: Some(FileOptions { java_package: None, java_outer_classname: None, java_multiple_files: None, java_generate_equals_and_hash: None, java_string_check_utf8: None, optimize_for: None, go_package: Some("io.pact/area_calculator"), cc_generic_services: None, java_generic_services: None, py_generic_services: None, php_generic_services: Some(true), deprecated: None, cc_enable_arenas: None, objc_class_prefix: None, csharp_namespace: None, swift_prefix: None, php_class_prefix: None, php_namespace: None, php_metadata_namespace: None, ruby_package: None, uninterpreted_option: [] }), source_code_info: None, syntax: Some("proto3") }] }, service_name: "Calculator", message: SynchronousMessage { id: None, key: Some("c7fbe3ee"), description: "calculate rectangle area request", provider_states: [], comments: {"testname": String("io.pact.example.grpc.consumer.PactConsumerTest.calculateRectangleArea(MockServer, SynchronousMessages)")}, request: MessageContents { contents: Present(b"\x12\n\r\0\0@@\x15\0\0\x80@", Some(ContentType { main_type: "application", sub_type: "protobuf", attributes: {"message": "ShapeMessage"}, suffix: None }), Some(BINARY)), metadata: {}, matching_rules: MatchingRules { rules: {BODY: MatchingRuleCategory { name: BODY, rules: {DocPath { path_tokens: [Root, Field("rectangle"), Field("length")], expr: "$.rectangle.length" }: RuleList { rules: [Number], rule_logic: And, cascaded: false }, DocPath { path_tokens: [Root, Field("rectangle"), Field("width")], expr: "$.rectangle.width" }: RuleList { rules: [Number], rule_logic: And, cascaded: false }} }} }, generators: Generators { categories: {} } }, response: [MessageContents { contents: Present(b"\r\0\0@A", Some(ContentType { main_type: "application", sub_type: "protobuf", attributes: {"message": "AreaResponse"}, suffix: None }), Some(BINARY)), metadata: {}, matching_rules: MatchingRules { rules: {BODY: MatchingRuleCategory { name: BODY, rules: {DocPath { path_tokens: [Root, Field("value")], expr: "$.value" }: RuleList { rules: [Number], rule_logic: And, cascaded: false }} }} }, generators: Generators { categories: {} } }], pending: false, plugin_config: {"protobuf": {"service": String("Calculator/calculateOne"), "descriptorKey": String("a85dff8f82655a9681aad113575dcfbb")}}, interaction_markup: InteractionMarkup { markup: "```protobuf\nmessage ShapeMessage {\n    message .area_calculator.Rectangle rectangle = 2;\n}\n```\n\n```protobuf\nmessage AreaResponse {\n    float value = 1;\n}\n```\n", markup_type: "COMMON_MARK" }, transport: None }, method_descriptor: MethodDescriptorProto { name: Some("calculateOne"), input_type: Some(".area_calculator.ShapeMessage"), output_type: Some(".area_calculator.AreaResponse"), options: Some(MethodOptions { deprecated: None, idempotency_level: None, uninterpreted_option: [] }), client_streaming: None, server_streaming: None }, input_message: DescriptorProto { name: Some("ShapeMessage"), field: [FieldDescriptorProto { name: Some("square"), number: Some(1), label: Some(Optional), r#type: Some(Message), type_name: Some(".area_calculator.Square"), extendee: None, default_value: None, oneof_index: Some(0), json_name: Some("square"), options: None, proto3_optional: None }, FieldDescriptorProto { name: Some("rectangle"), number: Some(2), label: Some(Optional), r#type: Some(Message), type_name: Some(".area_calculator.Rectangle"), extendee: None, default_value: None, oneof_index: Some(0), json_name: Some("rectangle"), options: None, proto3_optional: None }, FieldDescriptorProto { name: Some("circle"), number: Some(3), label: Some(Optional), r#type: Some(Message), type_name: Some(".area_calculator.Circle"), extendee: None, default_value: None, oneof_index: Some(0), json_name: Some("circle"), options: None, proto3_optional: None }, FieldDescriptorProto { name: Some("triangle"), number: Some(4), label: Some(Optional), r#type: Some(Message), type_name: Some(".area_calculator.Triangle"), extendee: None, default_value: None, oneof_index: Some(0), json_name: Some("triangle"), options: None, proto3_optional: None }, FieldDescriptorProto { name: Some("parallelogram"), number: Some(5), label: Some(Optional), r#type: Some(Message), type_name: Some(".area_calculator.Parallelogram"), extendee: None, default_value: None, oneof_index: Some(0), json_name: Some("parallelogram"), options: None, proto3_optional: None }], extension: [], nested_type: [], enum_type: [], extension_range: [], oneof_decl: [OneofDescriptorProto { name: Some("shape"), options: None }], options: None, reserved_range: [], reserved_name: [] }, output_message: DescriptorProto { name: Some("AreaResponse"), field: [FieldDescriptorProto { name: Some("value"), number: Some(1), label: Some(Repeated), r#type: Some(Float), type_name: None, extendee: None, default_value: None, oneof_index: None, json_name: Some("value"), options: None, proto3_optional: None }], extension: [], nested_type: [], enum_type: [], extension_range: [], oneof_decl: [], options: None, reserved_range: [], reserved_name: [] }, server_key: "5cae5f82-fec2-43c6-9739-60d0383d84ec" } ?[3mrequest?[0m?[2m=?[0mDynamicMessage { descriptor: DescriptorProto { name: Some("ShapeMessage"), field: [FieldDescriptorProto { name: Some("square"), number: Some(1), label: Some(Optional), r#type: Some(Message), type_name: Some(".area_calculator.Square"), extendee: None, default_value: None, oneof_index: Some(0), json_name: Some("square"), options: None, proto3_optional: None }, FieldDescriptorProto { name: Some("rectangle"), number: Some(2), label: Some(Optional), r#type: Some(Message), type_name: Some(".area_calculator.Rectangle"), extendee: None, default_value: None, oneof_index: Some(0), json_name: Some("rectangle"), options: None, proto3_optional: None }, FieldDescriptorProto { name: Some("circle"), number: Some(3), label: Some(Optional), r#type: Some(Message), type_name: Some(".area_calculator.Circle"), extendee: None, default_value: None, oneof_index: Some(0), json_name: Some("circle"), options: None, proto3_optional: None }, FieldDescriptorProto { name: Some("triangle"), number: Some(4), label: Some(Optional), r#type: Some(Message), type_name: Some(".area_calculator.Triangle"), extendee: None, default_value: None, oneof_index: Some(0), json_name: Some("triangle"), options: None, proto3_optional: None }, FieldDescriptorProto { name: Some("parallelogram"), number: Some(5), label: Some(Optional), r#type: Some(Message), type_name: Some(".area_calculator.Parallelogram"), extendee: None, default_value: None, oneof_index: Some(0), json_name: Some("parallelogram"), options: None, proto3_optional: None }], extension: [], nested_type: [], enum_type: [], extension_range: [], oneof_decl: [OneofDescriptorProto { name: Some("shape"), options: None }], options: None, reserved_range: [], reserved_name: [] }, fields: [ProtobufField { field_num: 2, wire_type: LengthDelimited, data: Message([13, 0, 0, 64, 64, 21, 0, 0, 128, 64], DescriptorProto { name: Some("Rectangle"), field: [FieldDescriptorProto { name: Some("length"), number: Some(1), label: Some(Optional), r#type: Some(Float), type_name: None, extendee: None, default_value: None, oneof_index: None, json_name: Some("length"), options: None, proto3_optional: None }, FieldDescriptorProto { name: Some("width"), number: Some(2), label: Some(Optional), r#type: Some(Float), type_name: None, extendee: None, default_value: None, oneof_index: None, json_name: Some("width"), options: None, proto3_optional: None }], extension: [], nested_type: [], enum_type: [], extension_range: [], oneof_decl: [], options: None, reserved_range: [], reserved_name: [] }) }] } ?[3mmessage_descriptor?[0m?[2m=?[0mDescriptorProto { name: Some("ShapeMessage"), field: [FieldDescriptorProto { name: Some("square"), number: Some(1), label: Some(Optional), r#type: Some(Message), type_name: Some(".area_calculator.Square"), extendee: None, default_value: None, oneof_index: Some(0), json_name: Some("square"), options: None, proto3_optional: None }, FieldDescriptorProto { name: Some("rectangle"), number: Some(2), label: Some(Optional), r#type: Some(Message), type_name: Some(".area_calculator.Rectangle"), extendee: None, default_value: None, oneof_index: Some(0), json_name: Some("rectangle"), options: None, proto3_optional: None }, FieldDescriptorProto { name: Some("circle"), number: Some(3), label: Some(Optional), r#type: Some(Message), type_name: Some(".area_calculator.Circle"), extendee: None, default_value: None, oneof_index: Some(0), json_name: Some("circle"), options: None, proto3_optional: None }, FieldDescriptorProto { name: Some("triangle"), number: Some(4), label: Some(Optional), r#type: Some(Message), type_name: Some(".area_calculator.Triangle"), extendee: None, default_value: None, oneof_index: Some(0), json_name: Some("triangle"), options: None, proto3_optional: None }, FieldDescriptorProto { name: Some("parallelogram"), number: Some(5), label: Some(Optional), r#type: Some(Message), type_name: Some(".area_calculator.Parallelogram"), extendee: None, default_value: None, oneof_index: Some(0), json_name: Some("parallelogram"), options: None, proto3_optional: None }], extension: [], nested_type: [], enum_type: [], extension_range: [], oneof_decl: [OneofDescriptorProto { name: Some("shape"), options: None }], options: None, reserved_range: [], reserved_name: [] } ?[3mresponse_descriptor?[0m?[2m=?[0mDescriptorProto { name: Some("AreaResponse"), field: [FieldDescriptorProto { name: Some("value"), number: Some(1), label: Some(Repeated), r#type: Some(Float), type_name: None, extendee: None, default_value: None, oneof_index: None, json_name: Some("value"), options: None, proto3_optional: None }], extension: [], nested_type: [], enum_type: [], extension_range: [], oneof_decl: [], options: None, reserved_range: [], reserved_name: [] }?[1m}?[0m?[2m:?[0m ?[2mpact_protobuf_plugin::matching?[0m?[2m:?[0m compare_value($.rectangle.length, ProtobufField { field_num: 1, wire_type: ThirtyTwoBit, data: Float(3.0) }, 3, 3)
15:05:16.533 [Thread-5] DEBUG i.pact.plugins.jvm.core.ChildProcess - Plugin protobuf [46038] || ?[2m2023-03-27T09:35:16.531918Z?[0m ?[35mTRACE?[0m tokio-runtime-worker ?[1mrequest?[0m?[1m{?[0m?[3mmethod?[0m?[2m=?[0mPOST ?[3muri?[0m?[2m=?[0mhttp://127.0.0.1:53791/area_calculator.Calculator/calculateOne ?[3mversion?[0m?[2m=?[0mHTTP/2.0?[1m}?[0m?[2m:?[0m?[1mcall?[0m?[1m{?[0m?[3mself?[0m?[2m=?[0mGrpcMockServer { pact: V4Pact { consumer: Consumer { name: "grpc-consumer-jvm" }, provider: Provider { name: "area-calculator-provider" }, interactions: [SynchronousMessage { id: None, key: Some("c7fbe3ee"), description: "calculate rectangle area request", provider_states: [], comments: {"testname": String("io.pact.example.grpc.consumer.PactConsumerTest.calculateRectangleArea(MockServer, SynchronousMessages)")}, request: MessageContents { contents: Present(b"\x12\n\r\0\0@@\x15\0\0\x80@", Some(ContentType { main_type: "application", sub_type: "protobuf", attributes: {"message": "ShapeMessage"}, suffix: None }), Some(BINARY)), metadata: {}, matching_rules: MatchingRules { rules: {BODY: MatchingRuleCategory { name: BODY, rules: {DocPath { path_tokens: [Root, Field("rectangle"), Field("length")], expr: "$.rectangle.length" }: RuleList { rules: [Number], rule_logic: And, cascaded: false }, DocPath { path_tokens: [Root, Field("rectangle"), Field("width")], expr: "$.rectangle.width" }: RuleList { rules: [Number], rule_logic: And, cascaded: false }} }} }, generators: Generators { categories: {} } }, response: [MessageContents { contents: Present(b"\r\0\0@A", Some(ContentType { main_type: "application", sub_type: "protobuf", attributes: {"message": "AreaResponse"}, suffix: None }), Some(BINARY)), metadata: {}, matching_rules: MatchingRules { rules: {BODY: MatchingRuleCategory { name: BODY, rules: {DocPath { path_tokens: [Root, Field("value")], expr: "$.value" }: RuleList { rules: [Number], rule_logic: And, cascaded: false }} }} }, generators: Generators { categories: {} } }], pending: false, plugin_config: {"protobuf": {"service": String("Calculator/calculateOne"), "descriptorKey": String("a85dff8f82655a9681aad113575dcfbb")}}, interaction_markup: InteractionMarkup { markup: "```protobuf\nmessage ShapeMessage {\n    message .area_calculator.Rectangle rectangle = 2;\n}\n```\n\n```protobuf\nmessage AreaResponse {\n    float value = 1;\n}\n```\n", markup_type: "COMMON_MARK" }, transport: None }], metadata: {"pact-jvm": Object({"version": String("4.4.2")}), "pactSpecification": Object({"version": String("4.0")})}, plugin_data: [PluginData { name: "protobuf", version: "0.1.5", configuration: {"a85dff8f82655a9681aad113575dcfbb": Object({"protoDescriptors": String("CsoHChVhcmVhX2NhbGN1bGF0b3IucHJvdG8SD2FyZWFfY2FsY3VsYXRvciK6AgoMU2hhcGVNZXNzYWdlEjEKBnNxdWFyZRgBIAEoCzIXLmFyZWFfY2FsY3VsYXRvci5TcXVhcmVIAFIGc3F1YXJlEjoKCXJlY3RhbmdsZRgCIAEoCzIaLmFyZWFfY2FsY3VsYXRvci5SZWN0YW5nbGVIAFIJcmVjdGFuZ2xlEjEKBmNpcmNsZRgDIAEoCzIXLmFyZWFfY2FsY3VsYXRvci5DaXJjbGVIAFIGY2lyY2xlEjcKCHRyaWFuZ2xlGAQgASgLMhkuYXJlYV9jYWxjdWxhdG9yLlRyaWFuZ2xlSABSCHRyaWFuZ2xlEkYKDXBhcmFsbGVsb2dyYW0YBSABKAsyHi5hcmVhX2NhbGN1bGF0b3IuUGFyYWxsZWxvZ3JhbUgAUg1wYXJhbGxlbG9ncmFtQgcKBXNoYXBlIikKBlNxdWFyZRIfCgtlZGdlX2xlbmd0aBgBIAEoAlIKZWRnZUxlbmd0aCI5CglSZWN0YW5nbGUSFgoGbGVuZ3RoGAEgASgCUgZsZW5ndGgSFAoFd2lkdGgYAiABKAJSBXdpZHRoIiAKBkNpcmNsZRIWCgZyYWRpdXMYASABKAJSBnJhZGl1cyJPCghUcmlhbmdsZRIVCgZlZGdlX2EYASABKAJSBWVkZ2VBEhUKBmVkZ2VfYhgCIAEoAlIFZWRnZUISFQoGZWRnZV9jGAMgASgCUgVlZGdlQyJICg1QYXJhbGxlbG9ncmFtEh8KC2Jhc2VfbGVuZ3RoGAEgASgCUgpiYXNlTGVuZ3RoEhYKBmhlaWdodBgCIAEoAlIGaGVpZ2h0IkQKC0FyZWFSZXF1ZXN0EjUKBnNoYXBlcxgBIAMoCzIdLmFyZWFfY2FsY3VsYXRvci5TaGFwZU1lc3NhZ2VSBnNoYXBlcyIkCgxBcmVhUmVzcG9uc2USFAoFdmFsdWUYASADKAJSBXZhbHVlMq0BCgpDYWxjdWxhdG9yEk4KDGNhbGN1bGF0ZU9uZRIdLmFyZWFfY2FsY3VsYXRvci5TaGFwZU1lc3NhZ2UaHS5hcmVhX2NhbGN1bGF0b3IuQXJlYVJlc3BvbnNlIgASTwoOY2FsY3VsYXRlTXVsdGkSHC5hcmVhX2NhbGN1bGF0b3IuQXJlYVJlcXVlc3QaHS5hcmVhX2NhbGN1bGF0b3IuQXJlYVJlc3BvbnNlIgBCHFoXaW8ucGFjdC9hcmVhX2NhbGN1bGF0b3LQAgFiBnByb3RvMw=="), "protoFile": String("syntax = \"proto3\";\n\npackage area_calculator;\n\noption php_generic_services = true;\noption go_package = \"io.pact/area_calculator\";\n\nservice Calculator {\n  rpc calculateOne (ShapeMessage) returns (AreaResponse) {}\n  rpc calculateMulti (AreaRequest) returns (AreaResponse) {}\n}\n\nmessage ShapeMessage {\n  oneof shape {\n    Square square = 1;\n    Rectangle rectangle = 2;\n    Circle circle = 3;\n    Triangle triangle = 4;\n    Parallelogram parallelogram = 5;\n  }\n}\n\nmessage Square {\n  float edge_length = 1;\n}\n\nmessage Rectangle {\n  float length = 1;\n  float width = 2;\n}\n\nmessage Circle {\n  float radius = 1;\n}\n\nmessage Triangle {\n  float edge_a = 1;\n  float edge_b = 2;\n  float edge_c = 3;\n}\n\nmessage Parallelogram {\n  float base_length = 1;\n  float height = 2;\n}\n\nmessage AreaRequest {\n  repeated ShapeMessage shapes = 1;\n}\n\nmessage AreaResponse {\n  repeated float value = 1;\n}\n")})} }] }, plugin_config: PluginData { name: "protobuf", version: "0.1.5", configuration: {"a85dff8f82655a9681aad113575dcfbb": Object({"protoDescriptors": String("CsoHChVhcmVhX2NhbGN1bGF0b3IucHJvdG8SD2FyZWFfY2FsY3VsYXRvciK6AgoMU2hhcGVNZXNzYWdlEjEKBnNxdWFyZRgBIAEoCzIXLmFyZWFfY2FsY3VsYXRvci5TcXVhcmVIAFIGc3F1YXJlEjoKCXJlY3RhbmdsZRgCIAEoCzIaLmFyZWFfY2FsY3VsYXRvci5SZWN0YW5nbGVIAFIJcmVjdGFuZ2xlEjEKBmNpcmNsZRgDIAEoCzIXLmFyZWFfY2FsY3VsYXRvci5DaXJjbGVIAFIGY2lyY2xlEjcKCHRyaWFuZ2xlGAQgASgLMhkuYXJlYV9jYWxjdWxhdG9yLlRyaWFuZ2xlSABSCHRyaWFuZ2xlEkYKDXBhcmFsbGVsb2dyYW0YBSABKAsyHi5hcmVhX2NhbGN1bGF0b3IuUGFyYWxsZWxvZ3JhbUgAUg1wYXJhbGxlbG9ncmFtQgcKBXNoYXBlIikKBlNxdWFyZRIfCgtlZGdlX2xlbmd0aBgBIAEoAlIKZWRnZUxlbmd0aCI5CglSZWN0YW5nbGUSFgoGbGVuZ3RoGAEgASgCUgZsZW5ndGgSFAoFd2lkdGgYAiABKAJSBXdpZHRoIiAKBkNpcmNsZRIWCgZyYWRpdXMYASABKAJSBnJhZGl1cyJPCghUcmlhbmdsZRIVCgZlZGdlX2EYASABKAJSBWVkZ2VBEhUKBmVkZ2VfYhgCIAEoAlIFZWRnZUISFQoGZWRnZV9jGAMgASgCUgVlZGdlQyJICg1QYXJhbGxlbG9ncmFtEh8KC2Jhc2VfbGVuZ3RoGAEgASgCUgpiYXNlTGVuZ3RoEhYKBmhlaWdodBgCIAEoAlIGaGVpZ2h0IkQKC0FyZWFSZXF1ZXN0EjUKBnNoYXBlcxgBIAMoCzIdLmFyZWFfY2FsY3VsYXRvci5TaGFwZU1lc3NhZ2VSBnNoYXBlcyIkCgxBcmVhUmVzcG9uc2USFAoFdmFsdWUYASADKAJSBXZhbHVlMq0BCgpDYWxjdWxhdG9yEk4KDGNhbGN1bGF0ZU9uZRIdLmFyZWFfY2FsY3VsYXRvci5TaGFwZU1lc3NhZ2UaHS5hcmVhX2NhbGN1bGF0b3IuQXJlYVJlc3BvbnNlIgASTwoOY2FsY3VsYXRlTXVsdGkSHC5hcmVhX2NhbGN1bGF0b3IuQXJlYVJlcXVlc3QaHS5hcmVhX2NhbGN1bGF0b3IuQXJlYVJlc3BvbnNlIgBCHFoXaW8ucGFjdC9hcmVhX2NhbGN1bGF0b3LQAgFiBnByb3RvMw=="), "protoFile": String("syntax = \"proto3\";\n\npackage area_calculator;\n\noption php_generic_services = true;\noption go_package = \"io.pact/area_calculator\";\n\nservice Calculator {\n  rpc calculateOne (ShapeMessage) returns (AreaResponse) {}\n  rpc calculateMulti (AreaRequest) returns (AreaResponse) {}\n}\n\nmessage ShapeMessage {\n  oneof shape {\n    Square square = 1;\n    Rectangle rectangle = 2;\n    Circle circle = 3;\n    Triangle triangle = 4;\n    Parallelogram parallelogram = 5;\n  }\n}\n\nmessage Square {\n  float edge_length = 1;\n}\n\nmessage Rectangle {\n  float length = 1;\n  float width = 2;\n}\n\nmessage Circle {\n  float radius = 1;\n}\n\nmessage Triangle {\n  float edge_a = 1;\n  float edge_b = 2;\n  float edge_c = 3;\n}\n\nmessage Parallelogram {\n  float base_length = 1;\n  float height = 2;\n}\n\nmessage AreaRequest {\n  repeated ShapeMessage shapes = 1;\n}\n\nmessage AreaResponse {\n  repeated float value = 1;\n}\n")})} }, descriptors: {"a85dff8f82655a9681aad113575dcfbb": FileDescriptorSet { file: [FileDescriptorProto { name: Some("area_calculator.proto"), package: Some("area_calculator"), dependency: [], public_dependency: [], weak_dependency: [], message_type: [DescriptorProto { name: Some("ShapeMessage"), field: [FieldDescriptorProto { name: Some("square"), number: Some(1), label: Some(Optional), r#type: Some(Message), type_name: Some(".area_calculator.Square"), extendee: None, default_value: None, oneof_index: Some(0), json_name: Some("square"), options: None, proto3_optional: None }, FieldDescriptorProto { name: Some("rectangle"), number: Some(2), label: Some(Optional), r#type: Some(Message), type_name: Some(".area_calculator.Rectangle"), extendee: None, default_value: None, oneof_index: Some(0), json_name: Some("rectangle"), options: None, proto3_optional: None }, FieldDescriptorProto { name: Some("circle"), number: Some(3), label: Some(Optional), r#type: Some(Message), type_name: Some(".area_calculator.Circle"), extendee: None, default_value: None, oneof_index: Some(0), json_name: Some("circle"), options: None, proto3_optional: None }, FieldDescriptorProto { name: Some("triangle"), number: Some(4), label: Some(Optional), r#type: Some(Message), type_name: Some(".area_calculator.Triangle"), extendee: None, default_value: None, oneof_index: Some(0), json_name: Some("triangle"), options: None, proto3_optional: None }, FieldDescriptorProto { name: Some("parallelogram"), number: Some(5), label: Some(Optional), r#type: Some(Message), type_name: Some(".area_calculator.Parallelogram"), extendee: None, default_value: None, oneof_index: Some(0), json_name: Some("parallelogram"), options: None, proto3_optional: None }], extension: [], nested_type: [], enum_type: [], extension_range: [], oneof_decl: [OneofDescriptorProto { name: Some("shape"), options: None }], options: None, reserved_range: [], reserved_name: [] }, DescriptorProto { name: Some("Square"), field: [FieldDescriptorProto { name: Some("edge_length"), number: Some(1), label: Some(Optional), r#type: Some(Float), type_name: None, extendee: None, default_value: None, oneof_index: None, json_name: Some("edgeLength"), options: None, proto3_optional: None }], extension: [], nested_type: [], enum_type: [], extension_range: [], oneof_decl: [], options: None, reserved_range: [], reserved_name: [] }, DescriptorProto { name: Some("Rectangle"), field: [FieldDescriptorProto { name: Some("length"), number: Some(1), label: Some(Optional), r#type: Some(Float), type_name: None, extendee: None, default_value: None, oneof_index: None, json_name: Some("length"), options: None, proto3_optional: None }, FieldDescriptorProto { name: Some("width"), number: Some(2), label: Some(Optional), r#type: Some(Float), type_name: None, extendee: None, default_value: None, oneof_index: None, json_name: Some("width"), options: None, proto3_optional: None }], extension: [], nested_type: [], enum_type: [], extension_range: [], oneof_decl: [], options: None, reserved_range: [], reserved_name: [] }, DescriptorProto { name: Some("Circle"), field: [FieldDescriptorProto { name: Some("radius"), number: Some(1), label: Some(Optional), r#type: Some(Float), type_name: None, extendee: None, default_value: None, oneof_index: None, json_name: Some("radius"), options: None, proto3_optional: None }], extension: [], nested_type: [], enum_type: [], extension_range: [], oneof_decl: [], options: None, reserved_range: [], reserved_name: [] }, DescriptorProto { name: Some("Triangle"), field: [FieldDescriptorProto { name: Some("edge_a"), number: Some(1), label: Some(Optional), r#type: Some(Float), type_name: None, extendee: None, default_value: None, oneof_index: None, json_name: Some("edgeA"), options: None, proto3_optional: None }, FieldDescriptorProto { name: Some("edge_b"), number: Some(2), label: Some(Optional), r#type: Some(Float), type_name: None, extendee: None, default_value: None, oneof_index: None, json_name: Some("edgeB"), options: None, proto3_optional: None }, FieldDescriptorProto { name: Some("edge_c"), number: Some(3), label: Some(Optional), r#type: Some(Float), type_name: None, extendee: None, default_value: None, oneof_index: None, json_name: Some("edgeC"), options: None, proto3_optional: None }], extension: [], nested_type: [], enum_type: [], extension_range: [], oneof_decl: [], options: None, reserved_range: [], reserved_name: [] }, DescriptorProto { name: Some("Parallelogram"), field: [FieldDescriptorProto { name: Some("base_length"), number: Some(1), label: Some(Optional), r#type: Some(Float), type_name: None, extendee: None, default_value: None, oneof_index: None, json_name: Some("baseLength"), options: None, proto3_optional: None }, FieldDescriptorProto { name: Some("height"), number: Some(2), label: Some(Optional), r#type: Some(Float), type_name: None, extendee: None, default_value: None, oneof_index: None, json_name: Some("height"), options: None, proto3_optional: None }], extension: [], nested_type: [], enum_type: [], extension_range: [], oneof_decl: [], options: None, reserved_range: [], reserved_name: [] }, DescriptorProto { name: Some("AreaRequest"), field: [FieldDescriptorProto { name: Some("shapes"), number: Some(1), label: Some(Repeated), r#type: Some(Message), type_name: Some(".area_calculator.ShapeMessage"), extendee: None, default_value: None, oneof_index: None, json_name: Some("shapes"), options: None, proto3_optional: None }], extension: [], nested_type: [], enum_type: [], extension_range: [], oneof_decl: [], options: None, reserved_range: [], reserved_name: [] }, DescriptorProto { name: Some("AreaResponse"), field: [FieldDescriptorProto { name: Some("value"), number: Some(1), label: Some(Repeated), r#type: Some(Float), type_name: None, extendee: None, default_value: None, oneof_index: None, json_name: Some("value"), options: None, proto3_optional: None }], extension: [], nested_type: [], enum_type: [], extension_range: [], oneof_decl: [], options: None, reserved_range: [], reserved_name: [] }], enum_type: [], service: [ServiceDescriptorProto { name: Some("Calculator"), method: [MethodDescriptorProto { name: Some("calculateOne"), input_type: Some(".area_calculator.ShapeMessage"), output_type: Some(".area_calculator.AreaResponse"), options: Some(MethodOptions { deprecated: None, idempotency_level: None, uninterpreted_option: [] }), client_streaming: None, server_streaming: None }, MethodDescriptorProto { name: Some("calculateMulti"), input_type: Some(".area_calculator.AreaRequest"), output_type: Some(".area_calculator.AreaResponse"), options: Some(MethodOptions { deprecated: None, idempotency_level: None, uninterpreted_option: [] }), client_streaming: None, server_streaming: None }], options: None }], extension: [], options: Some(FileOptions { java_package: None, java_outer_classname: None, java_multiple_files: None, java_generate_equals_and_hash: None, java_string_check_utf8: None, optimize_for: None, go_package: Some("io.pact/area_calculator"), cc_generic_services: None, java_generic_services: None, py_generic_services: None, php_generic_services: Some(true), deprecated: None, cc_enable_arenas: None, objc_class_prefix: None, csharp_namespace: None, swift_prefix: None, php_class_prefix: None, php_namespace: None, php_metadata_namespace: None, ruby_package: None, uninterpreted_option: [] }), source_code_info: None, syntax: Some("proto3") }] }}, routes: {"Calculator/calculateOne": (FileDescriptorSet { file: [FileDescriptorProto { name: Some("area_calculator.proto"), package: Some("area_calculator"), dependency: [], public_dependency: [], weak_dependency: [], message_type: [DescriptorProto { name: Some("ShapeMessage"), field: [FieldDescriptorProto { name: Some("square"), number: Some(1), label: Some(Optional), r#type: Some(Message), type_name: Some(".area_calculator.Square"), extendee: None, default_value: None, oneof_index: Some(0), json_name: Some("square"), options: None, proto3_optional: None }, FieldDescriptorProto { name: Some("rectangle"), number: Some(2), label: Some(Optional), r#type: Some(Message), type_name: Some(".area_calculator.Rectangle"), extendee: None, default_value: None, oneof_index: Some(0), json_name: Some("rectangle"), options: None, proto3_optional: None }, FieldDescriptorProto { name: Some("circle"), number: Some(3), label: Some(Optional), r#type: Some(Message), type_name: Some(".area_calculator.Circle"), extendee: None, default_value: None, oneof_index: Some(0), json_name: Some("circle"), options: None, proto3_optional: None }, FieldDescriptorProto { name: Some("triangle"), number: Some(4), label: Some(Optional), r#type: Some(Message), type_name: Some(".area_calculator.Triangle"), extendee: None, default_value: None, oneof_index: Some(0), json_name: Some("triangle"), options: None, proto3_optional: None }, FieldDescriptorProto { name: Some("parallelogram"), number: Some(5), label: Some(Optional), r#type: Some(Message), type_name: Some(".area_calculator.Parallelogram"), extendee: None, default_value: None, oneof_index: Some(0), json_name: Some("parallelogram"), options: None, proto3_optional: None }], extension: [], nested_type: [], enum_type: [], extension_range: [], oneof_decl: [OneofDescriptorProto { name: Some("shape"), options: None }], options: None, reserved_range: [], reserved_name: [] }, DescriptorProto { name: Some("Square"), field: [FieldDescriptorProto { name: Some("edge_length"), number: Some(1), label: Some(Optional), r#type: Some(Float), type_name: None, extendee: None, default_value: None, oneof_index: None, json_name: Some("edgeLength"), options: None, proto3_optional: None }], extension: [], nested_type: [], enum_type: [], extension_range: [], oneof_decl: [], options: None, reserved_range: [], reserved_name: [] }, DescriptorProto { name: Some("Rectangle"), field: [FieldDescriptorProto { name: Some("length"), number: Some(1), label: Some(Optional), r#type: Some(Float), type_name: None, extendee: None, default_value: None, oneof_index: None, json_name: Some("length"), options: None, proto3_optional: None }, FieldDescriptorProto { name: Some("width"), number: Some(2), label: Some(Optional), r#type: Some(Float), type_name: None, extendee: None, default_value: None, oneof_index: None, json_name: Some("width"), options: None, proto3_optional: None }], extension: [], nested_type: [], enum_type: [], extension_range: [], oneof_decl: [], options: None, reserved_range: [], reserved_name: [] }, DescriptorProto { name: Some("Circle"), field: [FieldDescriptorProto { name: Some("radius"), number: Some(1), label: Some(Optional), r#type: Some(Float), type_name: None, extendee: None, default_value: None, oneof_index: None, json_name: Some("radius"), options: None, proto3_optional: None }], extension: [], nested_type: [], enum_type: [], extension_range: [], oneof_decl: [], options: None, reserved_range: [], reserved_name: [] }, DescriptorProto { name: Some("Triangle"), field: [FieldDescriptorProto { name: Some("edge_a"), number: Some(1), label: Some(Optional), r#type: Some(Float), type_name: None, extendee: None, default_value: None, oneof_index: None, json_name: Some("edgeA"), options: None, proto3_optional: None }, FieldDescriptorProto { name: Some("edge_b"), number: Some(2), label: Some(Optional), r#type: Some(Float), type_name: None, extendee: None, default_value: None, oneof_index: None, json_name: Some("edgeB"), options: None, proto3_optional: None }, FieldDescriptorProto { name: Some("edge_c"), number: Some(3), label: Some(Optional), r#type: Some(Float), type_name: None, extendee: None, default_value: None, oneof_index: None, json_name: Some("edgeC"), options: None, proto3_optional: None }], extension: [], nested_type: [], enum_type: [], extension_range: [], oneof_decl: [], options: None, reserved_range: [], reserved_name: [] }, DescriptorProto { name: Some("Parallelogram"), field: [FieldDescriptorProto { name: Some("base_length"), number: Some(1), label: Some(Optional), r#type: Some(Float), type_name: None, extendee: None, default_value: None, oneof_index: None, json_name: Some("baseLength"), options: None, proto3_optional: None }, FieldDescriptorProto { name: Some("height"), number: Some(2), label: Some(Optional), r#type: Some(Float), type_name: None, extendee: None, default_value: None, oneof_index: None, json_name: Some("height"), options: None, proto3_optional: None }], extension: [], nested_type: [], enum_type: [], extension_range: [], oneof_decl: [], options: None, reserved_range: [], reserved_name: [] }, DescriptorProto { name: Some("AreaRequest"), field: [FieldDescriptorProto { name: Some("shapes"), number: Some(1), label: Some(Repeated), r#type: Some(Message), type_name: Some(".area_calculator.ShapeMessage"), extendee: None, default_value: None, oneof_index: None, json_name: Some("shapes"), options: None, proto3_optional: None }], extension: [], nested_type: [], enum_type: [], extension_range: [], oneof_decl: [], options: None, reserved_range: [], reserved_name: [] }, DescriptorProto { name: Some("AreaResponse"), field: [FieldDescriptorProto { name: Some("value"), number: Some(1), label: Some(Repeated), r#type: Some(Float), type_name: None, extendee: None, default_value: None, oneof_index: None, json_name: Some("value"), options: None, proto3_optional: None }], extension: [], nested_type: [], enum_type: [], extension_range: [], oneof_decl: [], options: None, reserved_range: [], reserved_name: [] }], enum_type: [], service: [ServiceDescriptorProto { name: Some("Calculator"), method: [MethodDescriptorProto { name: Some("calculateOne"), input_type: Some(".area_calculator.ShapeMessage"), output_type: Some(".area_calculator.AreaResponse"), options: Some(MethodOptions { deprecated: None, idempotency_level: None, uninterpreted_option: [] }), client_streaming: None, server_streaming: None }, MethodDescriptorProto { name: Some("calculateMulti"), input_type: Some(".area_calculator.AreaRequest"), output_type: Some(".area_calculator.AreaResponse"), options: Some(MethodOptions { deprecated: None, idempotency_level: None, uninterpreted_option: [] }), client_streaming: None, server_streaming: None }], options: None }], extension: [], options: Some(FileOptions { java_package: None, java_outer_classname: None, java_multiple_files: None, java_generate_equals_and_hash: None, java_string_check_utf8: None, optimize_for: None, go_package: Some("io.pact/area_calculator"), cc_generic_services: None, java_generic_services: None, py_generic_services: None, php_generic_services: Some(true), deprecated: None, cc_enable_arenas: None, objc_class_prefix: None, csharp_namespace: None, swift_prefix: None, php_class_prefix: None, php_namespace: None, php_metadata_namespace: None, ruby_package: None, uninterpreted_option: [] }), source_code_info: None, syntax: Some("proto3") }] }, MethodDescriptorProto { name: Some("calculateOne"), input_type: Some(".area_calculator.ShapeMessage"), output_type: Some(".area_calculator.AreaResponse"), options: Some(MethodOptions { deprecated: None, idempotency_level: None, uninterpreted_option: [] }), client_streaming: None, server_streaming: None }, SynchronousMessage { id: None, key: Some("c7fbe3ee"), description: "calculate rectangle area request", provider_states: [], comments: {"testname": String("io.pact.example.grpc.consumer.PactConsumerTest.calculateRectangleArea(MockServer, SynchronousMessages)")}, request: MessageContents { contents: Present(b"\x12\n\r\0\0@@\x15\0\0\x80@", Some(ContentType { main_type: "application", sub_type: "protobuf", attributes: {"message": "ShapeMessage"}, suffix: None }), Some(BINARY)), metadata: {}, matching_rules: MatchingRules { rules: {BODY: MatchingRuleCategory { name: BODY, rules: {DocPath { path_tokens: [Root, Field("rectangle"), Field("length")], expr: "$.rectangle.length" }: RuleList { rules: [Number], rule_logic: And, cascaded: false }, DocPath { path_tokens: [Root, Field("rectangle"), Field("width")], expr: "$.rectangle.width" }: RuleList { rules: [Number], rule_logic: And, cascaded: false }} }} }, generators: Generators { categories: {} } }, response: [MessageContents { contents: Present(b"\r\0\0@A", Some(ContentType { main_type: "application", sub_type: "protobuf", attributes: {"message": "AreaResponse"}, suffix: None }), Some(BINARY)), metadata: {}, matching_rules: MatchingRules { rules: {BODY: MatchingRuleCategory { name: BODY, rules: {DocPath { path_tokens: [Root, Field("value")], expr: "$.value" }: RuleList { rules: [Number], rule_logic: And, cascaded: false }} }} }, generators: Generators { categories: {} } }], pending: false, plugin_config: {"protobuf": {"service": String("Calculator/calculateOne"), "descriptorKey": String("a85dff8f82655a9681aad113575dcfbb")}}, interaction_markup: InteractionMarkup { markup: "```protobuf\nmessage ShapeMessage {\n    message .area_calculator.Rectangle rectangle = 2;\n}\n```\n\n```protobuf\nmessage AreaResponse {\n    float value = 1;\n}\n```\n", markup_type: "COMMON_MARK" }, transport: None })}, server_key: "5cae5f82-fec2-43c6-9739-60d0383d84ec" } ?[3mreq?[0m?[2m=?[0mRequest { method: POST, uri: http://127.0.0.1:53791/area_calculator.Calculator/calculateOne, version: HTTP/2.0, headers: {"content-type": "application/grpc", "te": "trailers", "user-agent": "grpc-java-netty/1.49.0", "grpc-accept-encoding": "gzip"}, body: Body(Streaming) }?[1m}?[0m?[2m:?[0m?[1mmock_server_handler?[0m?[1m{?[0m?[3mkey?[0m?[2m=?[0m"5cae5f82-fec2-43c6-9739-60d0383d84ec"?[1m}?[0m?[2m:?[0m?[1mhandle_message?[0m?[1m{?[0m?[3mself?[0m?[2m=?[0mMockService { file_descriptor_set: FileDescriptorSet { file: [FileDescriptorProto { name: Some("area_calculator.proto"), package: Some("area_calculator"), dependency: [], public_dependency: [], weak_dependency: [], message_type: [DescriptorProto { name: Some("ShapeMessage"), field: [FieldDescriptorProto { name: Some("square"), number: Some(1), label: Some(Optional), r#type: Some(Message), type_name: Some(".area_calculator.Square"), extendee: None, default_value: None, oneof_index: Some(0), json_name: Some("square"), options: None, proto3_optional: None }, FieldDescriptorProto { name: Some("rectangle"), number: Some(2), label: Some(Optional), r#type: Some(Message), type_name: Some(".area_calculator.Rectangle"), extendee: None, default_value: None, oneof_index: Some(0), json_name: Some("rectangle"), options: None, proto3_optional: None }, FieldDescriptorProto { name: Some("circle"), number: Some(3), label: Some(Optional), r#type: Some(Message), type_name: Some(".area_calculator.Circle"), extendee: None, default_value: None, oneof_index: Some(0), json_name: Some("circle"), options: None, proto3_optional: None }, FieldDescriptorProto { name: Some("triangle"), number: Some(4), label: Some(Optional), r#type: Some(Message), type_name: Some(".area_calculator.Triangle"), extendee: None, default_value: None, oneof_index: Some(0), json_name: Some("triangle"), options: None, proto3_optional: None }, FieldDescriptorProto { name: Some("parallelogram"), number: Some(5), label: Some(Optional), r#type: Some(Message), type_name: Some(".area_calculator.Parallelogram"), extendee: None, default_value: None, oneof_index: Some(0), json_name: Some("parallelogram"), options: None, proto3_optional: None }], extension: [], nested_type: [], enum_type: [], extension_range: [], oneof_decl: [OneofDescriptorProto { name: Some("shape"), options: None }], options: None, reserved_range: [], reserved_name: [] }, DescriptorProto { name: Some("Square"), field: [FieldDescriptorProto { name: Some("edge_length"), number: Some(1), label: Some(Optional), r#type: Some(Float), type_name: None, extendee: None, default_value: None, oneof_index: None, json_name: Some("edgeLength"), options: None, proto3_optional: None }], extension: [], nested_type: [], enum_type: [], extension_range: [], oneof_decl: [], options: None, reserved_range: [], reserved_name: [] }, DescriptorProto { name: Some("Rectangle"), field: [FieldDescriptorProto { name: Some("length"), number: Some(1), label: Some(Optional), r#type: Some(Float), type_name: None, extendee: None, default_value: None, oneof_index: None, json_name: Some("length"), options: None, proto3_optional: None }, FieldDescriptorProto { name: Some("width"), number: Some(2), label: Some(Optional), r#type: Some(Float), type_name: None, extendee: None, default_value: None, oneof_index: None, json_name: Some("width"), options: None, proto3_optional: None }], extension: [], nested_type: [], enum_type: [], extension_range: [], oneof_decl: [], options: None, reserved_range: [], reserved_name: [] }, DescriptorProto { name: Some("Circle"), field: [FieldDescriptorProto { name: Some("radius"), number: Some(1), label: Some(Optional), r#type: Some(Float), type_name: None, extendee: None, default_value: None, oneof_index: None, json_name: Some("radius"), options: None, proto3_optional: None }], extension: [], nested_type: [], enum_type: [], extension_range: [], oneof_decl: [], options: None, reserved_range: [], reserved_name: [] }, DescriptorProto { name: Some("Triangle"), field: [FieldDescriptorProto { name: Some("edge_a"), number: Some(1), label: Some(Optional), r#type: Some(Float), type_name: None, extendee: None, default_value: None, oneof_index: None, json_name: Some("edgeA"), options: None, proto3_optional: None }, FieldDescriptorProto { name: Some("edge_b"), number: Some(2), label: Some(Optional), r#type: Some(Float), type_name: None, extendee: None, default_value: None, oneof_index: None, json_name: Some("edgeB"), options: None, proto3_optional: None }, FieldDescriptorProto { name: Some("edge_c"), number: Some(3), label: Some(Optional), r#type: Some(Float), type_name: None, extendee: None, default_value: None, oneof_index: None, json_name: Some("edgeC"), options: None, proto3_optional: None }], extension: [], nested_type: [], enum_type: [], extension_range: [], oneof_decl: [], options: None, reserved_range: [], reserved_name: [] }, DescriptorProto { name: Some("Parallelogram"), field: [FieldDescriptorProto { name: Some("base_length"), number: Some(1), label: Some(Optional), r#type: Some(Float), type_name: None, extendee: None, default_value: None, oneof_index: None, json_name: Some("baseLength"), options: None, proto3_optional: None }, FieldDescriptorProto { name: Some("height"), number: Some(2), label: Some(Optional), r#type: Some(Float), type_name: None, extendee: None, default_value: None, oneof_index: None, json_name: Some("height"), options: None, proto3_optional: None }], extension: [], nested_type: [], enum_type: [], extension_range: [], oneof_decl: [], options: None, reserved_range: [], reserved_name: [] }, DescriptorProto { name: Some("AreaRequest"), field: [FieldDescriptorProto { name: Some("shapes"), number: Some(1), label: Some(Repeated), r#type: Some(Message), type_name: Some(".area_calculator.ShapeMessage"), extendee: None, default_value: None, oneof_index: None, json_name: Some("shapes"), options: None, proto3_optional: None }], extension: [], nested_type: [], enum_type: [], extension_range: [], oneof_decl: [], options: None, reserved_range: [], reserved_name: [] }, DescriptorProto { name: Some("AreaResponse"), field: [FieldDescriptorProto { name: Some("value"), number: Some(1), label: Some(Repeated), r#type: Some(Float), type_name: None, extendee: None, default_value: None, oneof_index: None, json_name: Some("value"), options: None, proto3_optional: None }], extension: [], nested_type: [], enum_type: [], extension_range: [], oneof_decl: [], options: None, reserved_range: [], reserved_name: [] }], enum_type: [], service: [ServiceDescriptorProto { name: Some("Calculator"), method: [MethodDescriptorProto { name: Some("calculateOne"), input_type: Some(".area_calculator.ShapeMessage"), output_type: Some(".area_calculator.AreaResponse"), options: Some(MethodOptions { deprecated: None, idempotency_level: None, uninterpreted_option: [] }), client_streaming: None, server_streaming: None }, MethodDescriptorProto { name: Some("calculateMulti"), input_type: Some(".area_calculator.AreaRequest"), output_type: Some(".area_calculator.AreaResponse"), options: Some(MethodOptions { deprecated: None, idempotency_level: None, uninterpreted_option: [] }), client_streaming: None, server_streaming: None }], options: None }], extension: [], options: Some(FileOptions { java_package: None, java_outer_classname: None, java_multiple_files: None, java_generate_equals_and_hash: None, java_string_check_utf8: None, optimize_for: None, go_package: Some("io.pact/area_calculator"), cc_generic_services: None, java_generic_services: None, py_generic_services: None, php_generic_services: Some(true), deprecated: None, cc_enable_arenas: None, objc_class_prefix: None, csharp_namespace: None, swift_prefix: None, php_class_prefix: None, php_namespace: None, php_metadata_namespace: None, ruby_package: None, uninterpreted_option: [] }), source_code_info: None, syntax: Some("proto3") }] }, service_name: "Calculator", message: SynchronousMessage { id: None, key: Some("c7fbe3ee"), description: "calculate rectangle area request", provider_states: [], comments: {"testname": String("io.pact.example.grpc.consumer.PactConsumerTest.calculateRectangleArea(MockServer, SynchronousMessages)")}, request: MessageContents { contents: Present(b"\x12\n\r\0\0@@\x15\0\0\x80@", Some(ContentType { main_type: "application", sub_type: "protobuf", attributes: {"message": "ShapeMessage"}, suffix: None }), Some(BINARY)), metadata: {}, matching_rules: MatchingRules { rules: {BODY: MatchingRuleCategory { name: BODY, rules: {DocPath { path_tokens: [Root, Field("rectangle"), Field("length")], expr: "$.rectangle.length" }: RuleList { rules: [Number], rule_logic: And, cascaded: false }, DocPath { path_tokens: [Root, Field("rectangle"), Field("width")], expr: "$.rectangle.width" }: RuleList { rules: [Number], rule_logic: And, cascaded: false }} }} }, generators: Generators { categories: {} } }, response: [MessageContents { contents: Present(b"\r\0\0@A", Some(ContentType { main_type: "application", sub_type: "protobuf", attributes: {"message": "AreaResponse"}, suffix: None }), Some(BINARY)), metadata: {}, matching_rules: MatchingRules { rules: {BODY: MatchingRuleCategory { name: BODY, rules: {DocPath { path_tokens: [Root, Field("value")], expr: "$.value" }: RuleList { rules: [Number], rule_logic: And, cascaded: false }} }} }, generators: Generators { categories: {} } }], pending: false, plugin_config: {"protobuf": {"service": String("Calculator/calculateOne"), "descriptorKey": String("a85dff8f82655a9681aad113575dcfbb")}}, interaction_markup: InteractionMarkup { markup: "```protobuf\nmessage ShapeMessage {\n    message .area_calculator.Rectangle rectangle = 2;\n}\n```\n\n```protobuf\nmessage AreaResponse {\n    float value = 1;\n}\n```\n", markup_type: "COMMON_MARK" }, transport: None }, method_descriptor: MethodDescriptorProto { name: Some("calculateOne"), input_type: Some(".area_calculator.ShapeMessage"), output_type: Some(".area_calculator.AreaResponse"), options: Some(MethodOptions { deprecated: None, idempotency_level: None, uninterpreted_option: [] }), client_streaming: None, server_streaming: None }, input_message: DescriptorProto { name: Some("ShapeMessage"), field: [FieldDescriptorProto { name: Some("square"), number: Some(1), label: Some(Optional), r#type: Some(Message), type_name: Some(".area_calculator.Square"), extendee: None, default_value: None, oneof_index: Some(0), json_name: Some("square"), options: None, proto3_optional: None }, FieldDescriptorProto { name: Some("rectangle"), number: Some(2), label: Some(Optional), r#type: Some(Message), type_name: Some(".area_calculator.Rectangle"), extendee: None, default_value: None, oneof_index: Some(0), json_name: Some("rectangle"), options: None, proto3_optional: None }, FieldDescriptorProto { name: Some("circle"), number: Some(3), label: Some(Optional), r#type: Some(Message), type_name: Some(".area_calculator.Circle"), extendee: None, default_value: None, oneof_index: Some(0), json_name: Some("circle"), options: None, proto3_optional: None }, FieldDescriptorProto { name: Some("triangle"), number: Some(4), label: Some(Optional), r#type: Some(Message), type_name: Some(".area_calculator.Triangle"), extendee: None, default_value: None, oneof_index: Some(0), json_name: Some("triangle"), options: None, proto3_optional: None }, FieldDescriptorProto { name: Some("parallelogram"), number: Some(5), label: Some(Optional), r#type: Some(Message), type_name: Some(".area_calculator.Parallelogram"), extendee: None, default_value: None, oneof_index: Some(0), json_name: Some("parallelogram"), options: None, proto3_optional: None }], extension: [], nested_type: [], enum_type: [], extension_range: [], oneof_decl: [OneofDescriptorProto { name: Some("shape"), options: None }], options: None, reserved_range: [], reserved_name: [] }, output_message: DescriptorProto { name: Some("AreaResponse"), field: [FieldDescriptorProto { name: Some("value"), number: Some(1), label: Some(Repeated), r#type: Some(Float), type_name: None, extendee: None, default_value: None, oneof_index: None, json_name: Some("value"), options: None, proto3_optional: None }], extension: [], nested_type: [], enum_type: [], extension_range: [], oneof_decl: [], options: None, reserved_range: [], reserved_name: [] }, server_key: "5cae5f82-fec2-43c6-9739-60d0383d84ec" } ?[3mrequest?[0m?[2m=?[0mDynamicMessage { descriptor: DescriptorProto { name: Some("ShapeMessage"), field: [FieldDescriptorProto { name: Some("square"), number: Some(1), label: Some(Optional), r#type: Some(Message), type_name: Some(".area_calculator.Square"), extendee: None, default_value: None, oneof_index: Some(0), json_name: Some("square"), options: None, proto3_optional: None }, FieldDescriptorProto { name: Some("rectangle"), number: Some(2), label: Some(Optional), r#type: Some(Message), type_name: Some(".area_calculator.Rectangle"), extendee: None, default_value: None, oneof_index: Some(0), json_name: Some("rectangle"), options: None, proto3_optional: None }, FieldDescriptorProto { name: Some("circle"), number: Some(3), label: Some(Optional), r#type: Some(Message), type_name: Some(".area_calculator.Circle"), extendee: None, default_value: None, oneof_index: Some(0), json_name: Some("circle"), options: None, proto3_optional: None }, FieldDescriptorProto { name: Some("triangle"), number: Some(4), label: Some(Optional), r#type: Some(Message), type_name: Some(".area_calculator.Triangle"), extendee: None, default_value: None, oneof_index: Some(0), json_name: Some("triangle"), options: None, proto3_optional: None }, FieldDescriptorProto { name: Some("parallelogram"), number: Some(5), label: Some(Optional), r#type: Some(Message), type_name: Some(".area_calculator.Parallelogram"), extendee: None, default_value: None, oneof_index: Some(0), json_name: Some("parallelogram"), options: None, proto3_optional: None }], extension: [], nested_type: [], enum_type: [], extension_range: [], oneof_decl: [OneofDescriptorProto { name: Some("shape"), options: None }], options: None, reserved_range: [], reserved_name: [] }, fields: [ProtobufField { field_num: 2, wire_type: LengthDelimited, data: Message([13, 0, 0, 64, 64, 21, 0, 0, 128, 64], DescriptorProto { name: Some("Rectangle"), field: [FieldDescriptorProto { name: Some("length"), number: Some(1), label: Some(Optional), r#type: Some(Float), type_name: None, extendee: None, default_value: None, oneof_index: None, json_name: Some("length"), options: None, proto3_optional: None }, FieldDescriptorProto { name: Some("width"), number: Some(2), label: Some(Optional), r#type: Some(Float), type_name: None, extendee: None, default_value: None, oneof_index: None, json_name: Some("width"), options: None, proto3_optional: None }], extension: [], nested_type: [], enum_type: [], extension_range: [], oneof_decl: [], options: None, reserved_range: [], reserved_name: [] }) }] } ?[3mmessage_descriptor?[0m?[2m=?[0mDescriptorProto { name: Some("ShapeMessage"), field: [FieldDescriptorProto { name: Some("square"), number: Some(1), label: Some(Optional), r#type: Some(Message), type_name: Some(".area_calculator.Square"), extendee: None, default_value: None, oneof_index: Some(0), json_name: Some("square"), options: None, proto3_optional: None }, FieldDescriptorProto { name: Some("rectangle"), number: Some(2), label: Some(Optional), r#type: Some(Message), type_name: Some(".area_calculator.Rectangle"), extendee: None, default_value: None, oneof_index: Some(0), json_name: Some("rectangle"), options: None, proto3_optional: None }, FieldDescriptorProto { name: Some("circle"), number: Some(3), label: Some(Optional), r#type: Some(Message), type_name: Some(".area_calculator.Circle"), extendee: None, default_value: None, oneof_index: Some(0), json_name: Some("circle"), options: None, proto3_optional: None }, FieldDescriptorProto { name: Some("triangle"), number: Some(4), label: Some(Optional), r#type: Some(Message), type_name: Some(".area_calculator.Triangle"), extendee: None, default_value: None, oneof_index: Some(0), json_name: Some("triangle"), options: None, proto3_optional: None }, FieldDescriptorProto { name: Some("parallelogram"), number: Some(5), label: Some(Optional), r#type: Some(Message), type_name: Some(".area_calculator.Parallelogram"), extendee: None, default_value: None, oneof_index: Some(0), json_name: Some("parallelogram"), options: None, proto3_optional: None }], extension: [], nested_type: [], enum_type: [], extension_range: [], oneof_decl: [OneofDescriptorProto { name: Some("shape"), options: None }], options: None, reserved_range: [], reserved_name: [] } ?[3mresponse_descriptor?[0m?[2m=?[0mDescriptorProto { name: Some("AreaResponse"), field: [FieldDescriptorProto { name: Some("value"), number: Some(1), label: Some(Repeated), r#type: Some(Float), type_name: None, extendee: None, default_value: None, oneof_index: None, json_name: Some("value"), options: None, proto3_optional: None }], extension: [], nested_type: [], enum_type: [], extension_range: [], oneof_decl: [], options: None, reserved_range: [], reserved_name: [] }?[1m}?[0m?[2m:?[0m ?[2mpact_models::path_exp?[0m?[2m:?[0m Calculating weight for path tokens '[Root, Field("rectangle"), Field("length")]' and path '["$", "rectangle", "length"]'
15:05:16.533 [Thread-5] DEBUG i.pact.plugins.jvm.core.ChildProcess - Plugin protobuf [46038] || ?[2m2023-03-27T09:35:16.532515Z?[0m ?[35mTRACE?[0m tokio-runtime-worker ?[1mrequest?[0m?[1m{?[0m?[3mmethod?[0m?[2m=?[0mPOST ?[3muri?[0m?[2m=?[0mhttp://127.0.0.1:53791/area_calculator.Calculator/calculateOne ?[3mversion?[0m?[2m=?[0mHTTP/2.0?[1m}?[0m?[2m:?[0m?[1mcall?[0m?[1m{?[0m?[3mself?[0m?[2m=?[0mGrpcMockServer { pact: V4Pact { consumer: Consumer { name: "grpc-consumer-jvm" }, provider: Provider { name: "area-calculator-provider" }, interactions: [SynchronousMessage { id: None, key: Some("c7fbe3ee"), description: "calculate rectangle area request", provider_states: [], comments: {"testname": String("io.pact.example.grpc.consumer.PactConsumerTest.calculateRectangleArea(MockServer, SynchronousMessages)")}, request: MessageContents { contents: Present(b"\x12\n\r\0\0@@\x15\0\0\x80@", Some(ContentType { main_type: "application", sub_type: "protobuf", attributes: {"message": "ShapeMessage"}, suffix: None }), Some(BINARY)), metadata: {}, matching_rules: MatchingRules { rules: {BODY: MatchingRuleCategory { name: BODY, rules: {DocPath { path_tokens: [Root, Field("rectangle"), Field("length")], expr: "$.rectangle.length" }: RuleList { rules: [Number], rule_logic: And, cascaded: false }, DocPath { path_tokens: [Root, Field("rectangle"), Field("width")], expr: "$.rectangle.width" }: RuleList { rules: [Number], rule_logic: And, cascaded: false }} }} }, generators: Generators { categories: {} } }, response: [MessageContents { contents: Present(b"\r\0\0@A", Some(ContentType { main_type: "application", sub_type: "protobuf", attributes: {"message": "AreaResponse"}, suffix: None }), Some(BINARY)), metadata: {}, matching_rules: MatchingRules { rules: {BODY: MatchingRuleCategory { name: BODY, rules: {DocPath { path_tokens: [Root, Field("value")], expr: "$.value" }: RuleList { rules: [Number], rule_logic: And, cascaded: false }} }} }, generators: Generators { categories: {} } }], pending: false, plugin_config: {"protobuf": {"service": String("Calculator/calculateOne"), "descriptorKey": String("a85dff8f82655a9681aad113575dcfbb")}}, interaction_markup: InteractionMarkup { markup: "```protobuf\nmessage ShapeMessage {\n    message .area_calculator.Rectangle rectangle = 2;\n}\n```\n\n```protobuf\nmessage AreaResponse {\n    float value = 1;\n}\n```\n", markup_type: "COMMON_MARK" }, transport: None }], metadata: {"pact-jvm": Object({"version": String("4.4.2")}), "pactSpecification": Object({"version": String("4.0")})}, plugin_data: [PluginData { name: "protobuf", version: "0.1.5", configuration: {"a85dff8f82655a9681aad113575dcfbb": Object({"protoDescriptors": String("CsoHChVhcmVhX2NhbGN1bGF0b3IucHJvdG8SD2FyZWFfY2FsY3VsYXRvciK6AgoMU2hhcGVNZXNzYWdlEjEKBnNxdWFyZRgBIAEoCzIXLmFyZWFfY2FsY3VsYXRvci5TcXVhcmVIAFIGc3F1YXJlEjoKCXJlY3RhbmdsZRgCIAEoCzIaLmFyZWFfY2FsY3VsYXRvci5SZWN0YW5nbGVIAFIJcmVjdGFuZ2xlEjEKBmNpcmNsZRgDIAEoCzIXLmFyZWFfY2FsY3VsYXRvci5DaXJjbGVIAFIGY2lyY2xlEjcKCHRyaWFuZ2xlGAQgASgLMhkuYXJlYV9jYWxjdWxhdG9yLlRyaWFuZ2xlSABSCHRyaWFuZ2xlEkYKDXBhcmFsbGVsb2dyYW0YBSABKAsyHi5hcmVhX2NhbGN1bGF0b3IuUGFyYWxsZWxvZ3JhbUgAUg1wYXJhbGxlbG9ncmFtQgcKBXNoYXBlIikKBlNxdWFyZRIfCgtlZGdlX2xlbmd0aBgBIAEoAlIKZWRnZUxlbmd0aCI5CglSZWN0YW5nbGUSFgoGbGVuZ3RoGAEgASgCUgZsZW5ndGgSFAoFd2lkdGgYAiABKAJSBXdpZHRoIiAKBkNpcmNsZRIWCgZyYWRpdXMYASABKAJSBnJhZGl1cyJPCghUcmlhbmdsZRIVCgZlZGdlX2EYASABKAJSBWVkZ2VBEhUKBmVkZ2VfYhgCIAEoAlIFZWRnZUISFQoGZWRnZV9jGAMgASgCUgVlZGdlQyJICg1QYXJhbGxlbG9ncmFtEh8KC2Jhc2VfbGVuZ3RoGAEgASgCUgpiYXNlTGVuZ3RoEhYKBmhlaWdodBgCIAEoAlIGaGVpZ2h0IkQKC0FyZWFSZXF1ZXN0EjUKBnNoYXBlcxgBIAMoCzIdLmFyZWFfY2FsY3VsYXRvci5TaGFwZU1lc3NhZ2VSBnNoYXBlcyIkCgxBcmVhUmVzcG9uc2USFAoFdmFsdWUYASADKAJSBXZhbHVlMq0BCgpDYWxjdWxhdG9yEk4KDGNhbGN1bGF0ZU9uZRIdLmFyZWFfY2FsY3VsYXRvci5TaGFwZU1lc3NhZ2UaHS5hcmVhX2NhbGN1bGF0b3IuQXJlYVJlc3BvbnNlIgASTwoOY2FsY3VsYXRlTXVsdGkSHC5hcmVhX2NhbGN1bGF0b3IuQXJlYVJlcXVlc3QaHS5hcmVhX2NhbGN1bGF0b3IuQXJlYVJlc3BvbnNlIgBCHFoXaW8ucGFjdC9hcmVhX2NhbGN1bGF0b3LQAgFiBnByb3RvMw=="), "protoFile": String("syntax = \"proto3\";\n\npackage area_calculator;\n\noption php_generic_services = true;\noption go_package = \"io.pact/area_calculator\";\n\nservice Calculator {\n  rpc calculateOne (ShapeMessage) returns (AreaResponse) {}\n  rpc calculateMulti (AreaRequest) returns (AreaResponse) {}\n}\n\nmessage ShapeMessage {\n  oneof shape {\n    Square square = 1;\n    Rectangle rectangle = 2;\n    Circle circle = 3;\n    Triangle triangle = 4;\n    Parallelogram parallelogram = 5;\n  }\n}\n\nmessage Square {\n  float edge_length = 1;\n}\n\nmessage Rectangle {\n  float length = 1;\n  float width = 2;\n}\n\nmessage Circle {\n  float radius = 1;\n}\n\nmessage Triangle {\n  float edge_a = 1;\n  float edge_b = 2;\n  float edge_c = 3;\n}\n\nmessage Parallelogram {\n  float base_length = 1;\n  float height = 2;\n}\n\nmessage AreaRequest {\n  repeated ShapeMessage shapes = 1;\n}\n\nmessage AreaResponse {\n  repeated float value = 1;\n}\n")})} }] }, plugin_config: PluginData { name: "protobuf", version: "0.1.5", configuration: {"a85dff8f82655a9681aad113575dcfbb": Object({"protoDescriptors": String("CsoHChVhcmVhX2NhbGN1bGF0b3IucHJvdG8SD2FyZWFfY2FsY3VsYXRvciK6AgoMU2hhcGVNZXNzYWdlEjEKBnNxdWFyZRgBIAEoCzIXLmFyZWFfY2FsY3VsYXRvci5TcXVhcmVIAFIGc3F1YXJlEjoKCXJlY3RhbmdsZRgCIAEoCzIaLmFyZWFfY2FsY3VsYXRvci5SZWN0YW5nbGVIAFIJcmVjdGFuZ2xlEjEKBmNpcmNsZRgDIAEoCzIXLmFyZWFfY2FsY3VsYXRvci5DaXJjbGVIAFIGY2lyY2xlEjcKCHRyaWFuZ2xlGAQgASgLMhkuYXJlYV9jYWxjdWxhdG9yLlRyaWFuZ2xlSABSCHRyaWFuZ2xlEkYKDXBhcmFsbGVsb2dyYW0YBSABKAsyHi5hcmVhX2NhbGN1bGF0b3IuUGFyYWxsZWxvZ3JhbUgAUg1wYXJhbGxlbG9ncmFtQgcKBXNoYXBlIikKBlNxdWFyZRIfCgtlZGdlX2xlbmd0aBgBIAEoAlIKZWRnZUxlbmd0aCI5CglSZWN0YW5nbGUSFgoGbGVuZ3RoGAEgASgCUgZsZW5ndGgSFAoFd2lkdGgYAiABKAJSBXdpZHRoIiAKBkNpcmNsZRIWCgZyYWRpdXMYASABKAJSBnJhZGl1cyJPCghUcmlhbmdsZRIVCgZlZGdlX2EYASABKAJSBWVkZ2VBEhUKBmVkZ2VfYhgCIAEoAlIFZWRnZUISFQoGZWRnZV9jGAMgASgCUgVlZGdlQyJICg1QYXJhbGxlbG9ncmFtEh8KC2Jhc2VfbGVuZ3RoGAEgASgCUgpiYXNlTGVuZ3RoEhYKBmhlaWdodBgCIAEoAlIGaGVpZ2h0IkQKC0FyZWFSZXF1ZXN0EjUKBnNoYXBlcxgBIAMoCzIdLmFyZWFfY2FsY3VsYXRvci5TaGFwZU1lc3NhZ2VSBnNoYXBlcyIkCgxBcmVhUmVzcG9uc2USFAoFdmFsdWUYASADKAJSBXZhbHVlMq0BCgpDYWxjdWxhdG9yEk4KDGNhbGN1bGF0ZU9uZRIdLmFyZWFfY2FsY3VsYXRvci5TaGFwZU1lc3NhZ2UaHS5hcmVhX2NhbGN1bGF0b3IuQXJlYVJlc3BvbnNlIgASTwoOY2FsY3VsYXRlTXVsdGkSHC5hcmVhX2NhbGN1bGF0b3IuQXJlYVJlcXVlc3QaHS5hcmVhX2NhbGN1bGF0b3IuQXJlYVJlc3BvbnNlIgBCHFoXaW8ucGFjdC9hcmVhX2NhbGN1bGF0b3LQAgFiBnByb3RvMw=="), "protoFile": String("syntax = \"proto3\";\n\npackage area_calculator;\n\noption php_generic_services = true;\noption go_package = \"io.pact/area_calculator\";\n\nservice Calculator {\n  rpc calculateOne (ShapeMessage) returns (AreaResponse) {}\n  rpc calculateMulti (AreaRequest) returns (AreaResponse) {}\n}\n\nmessage ShapeMessage {\n  oneof shape {\n    Square square = 1;\n    Rectangle rectangle = 2;\n    Circle circle = 3;\n    Triangle triangle = 4;\n    Parallelogram parallelogram = 5;\n  }\n}\n\nmessage Square {\n  float edge_length = 1;\n}\n\nmessage Rectangle {\n  float length = 1;\n  float width = 2;\n}\n\nmessage Circle {\n  float radius = 1;\n}\n\nmessage Triangle {\n  float edge_a = 1;\n  float edge_b = 2;\n  float edge_c = 3;\n}\n\nmessage Parallelogram {\n  float base_length = 1;\n  float height = 2;\n}\n\nmessage AreaRequest {\n  repeated ShapeMessage shapes = 1;\n}\n\nmessage AreaResponse {\n  repeated float value = 1;\n}\n")})} }, descriptors: {"a85dff8f82655a9681aad113575dcfbb": FileDescriptorSet { file: [FileDescriptorProto { name: Some("area_calculator.proto"), package: Some("area_calculator"), dependency: [], public_dependency: [], weak_dependency: [], message_type: [DescriptorProto { name: Some("ShapeMessage"), field: [FieldDescriptorProto { name: Some("square"), number: Some(1), label: Some(Optional), r#type: Some(Message), type_name: Some(".area_calculator.Square"), extendee: None, default_value: None, oneof_index: Some(0), json_name: Some("square"), options: None, proto3_optional: None }, FieldDescriptorProto { name: Some("rectangle"), number: Some(2), label: Some(Optional), r#type: Some(Message), type_name: Some(".area_calculator.Rectangle"), extendee: None, default_value: None, oneof_index: Some(0), json_name: Some("rectangle"), options: None, proto3_optional: None }, FieldDescriptorProto { name: Some("circle"), number: Some(3), label: Some(Optional), r#type: Some(Message), type_name: Some(".area_calculator.Circle"), extendee: None, default_value: None, oneof_index: Some(0), json_name: Some("circle"), options: None, proto3_optional: None }, FieldDescriptorProto { name: Some("triangle"), number: Some(4), label: Some(Optional), r#type: Some(Message), type_name: Some(".area_calculator.Triangle"), extendee: None, default_value: None, oneof_index: Some(0), json_name: Some("triangle"), options: None, proto3_optional: None }, FieldDescriptorProto { name: Some("parallelogram"), number: Some(5), label: Some(Optional), r#type: Some(Message), type_name: Some(".area_calculator.Parallelogram"), extendee: None, default_value: None, oneof_index: Some(0), json_name: Some("parallelogram"), options: None, proto3_optional: None }], extension: [], nested_type: [], enum_type: [], extension_range: [], oneof_decl: [OneofDescriptorProto { name: Some("shape"), options: None }], options: None, reserved_range: [], reserved_name: [] }, DescriptorProto { name: Some("Square"), field: [FieldDescriptorProto { name: Some("edge_length"), number: Some(1), label: Some(Optional), r#type: Some(Float), type_name: None, extendee: None, default_value: None, oneof_index: None, json_name: Some("edgeLength"), options: None, proto3_optional: None }], extension: [], nested_type: [], enum_type: [], extension_range: [], oneof_decl: [], options: None, reserved_range: [], reserved_name: [] }, DescriptorProto { name: Some("Rectangle"), field: [FieldDescriptorProto { name: Some("length"), number: Some(1), label: Some(Optional), r#type: Some(Float), type_name: None, extendee: None, default_value: None, oneof_index: None, json_name: Some("length"), options: None, proto3_optional: None }, FieldDescriptorProto { name: Some("width"), number: Some(2), label: Some(Optional), r#type: Some(Float), type_name: None, extendee: None, default_value: None, oneof_index: None, json_name: Some("width"), options: None, proto3_optional: None }], extension: [], nested_type: [], enum_type: [], extension_range: [], oneof_decl: [], options: None, reserved_range: [], reserved_name: [] }, DescriptorProto { name: Some("Circle"), field: [FieldDescriptorProto { name: Some("radius"), number: Some(1), label: Some(Optional), r#type: Some(Float), type_name: None, extendee: None, default_value: None, oneof_index: None, json_name: Some("radius"), options: None, proto3_optional: None }], extension: [], nested_type: [], enum_type: [], extension_range: [], oneof_decl: [], options: None, reserved_range: [], reserved_name: [] }, DescriptorProto { name: Some("Triangle"), field: [FieldDescriptorProto { name: Some("edge_a"), number: Some(1), label: Some(Optional), r#type: Some(Float), type_name: None, extendee: None, default_value: None, oneof_index: None, json_name: Some("edgeA"), options: None, proto3_optional: None }, FieldDescriptorProto { name: Some("edge_b"), number: Some(2), label: Some(Optional), r#type: Some(Float), type_name: None, extendee: None, default_value: None, oneof_index: None, json_name: Some("edgeB"), options: None, proto3_optional: None }, FieldDescriptorProto { name: Some("edge_c"), number: Some(3), label: Some(Optional), r#type: Some(Float), type_name: None, extendee: None, default_value: None, oneof_index: None, json_name: Some("edgeC"), options: None, proto3_optional: None }], extension: [], nested_type: [], enum_type: [], extension_range: [], oneof_decl: [], options: None, reserved_range: [], reserved_name: [] }, DescriptorProto { name: Some("Parallelogram"), field: [FieldDescriptorProto { name: Some("base_length"), number: Some(1), label: Some(Optional), r#type: Some(Float), type_name: None, extendee: None, default_value: None, oneof_index: None, json_name: Some("baseLength"), options: None, proto3_optional: None }, FieldDescriptorProto { name: Some("height"), number: Some(2), label: Some(Optional), r#type: Some(Float), type_name: None, extendee: None, default_value: None, oneof_index: None, json_name: Some("height"), options: None, proto3_optional: None }], extension: [], nested_type: [], enum_type: [], extension_range: [], oneof_decl: [], options: None, reserved_range: [], reserved_name: [] }, DescriptorProto { name: Some("AreaRequest"), field: [FieldDescriptorProto { name: Some("shapes"), number: Some(1), label: Some(Repeated), r#type: Some(Message), type_name: Some(".area_calculator.ShapeMessage"), extendee: None, default_value: None, oneof_index: None, json_name: Some("shapes"), options: None, proto3_optional: None }], extension: [], nested_type: [], enum_type: [], extension_range: [], oneof_decl: [], options: None, reserved_range: [], reserved_name: [] }, DescriptorProto { name: Some("AreaResponse"), field: [FieldDescriptorProto { name: Some("value"), number: Some(1), label: Some(Repeated), r#type: Some(Float), type_name: None, extendee: None, default_value: None, oneof_index: None, json_name: Some("value"), options: None, proto3_optional: None }], extension: [], nested_type: [], enum_type: [], extension_range: [], oneof_decl: [], options: None, reserved_range: [], reserved_name: [] }], enum_type: [], service: [ServiceDescriptorProto { name: Some("Calculator"), method: [MethodDescriptorProto { name: Some("calculateOne"), input_type: Some(".area_calculator.ShapeMessage"), output_type: Some(".area_calculator.AreaResponse"), options: Some(MethodOptions { deprecated: None, idempotency_level: None, uninterpreted_option: [] }), client_streaming: None, server_streaming: None }, MethodDescriptorProto { name: Some("calculateMulti"), input_type: Some(".area_calculator.AreaRequest"), output_type: Some(".area_calculator.AreaResponse"), options: Some(MethodOptions { deprecated: None, idempotency_level: None, uninterpreted_option: [] }), client_streaming: None, server_streaming: None }], options: None }], extension: [], options: Some(FileOptions { java_package: None, java_outer_classname: None, java_multiple_files: None, java_generate_equals_and_hash: None, java_string_check_utf8: None, optimize_for: None, go_package: Some("io.pact/area_calculator"), cc_generic_services: None, java_generic_services: None, py_generic_services: None, php_generic_services: Some(true), deprecated: None, cc_enable_arenas: None, objc_class_prefix: None, csharp_namespace: None, swift_prefix: None, php_class_prefix: None, php_namespace: None, php_metadata_namespace: None, ruby_package: None, uninterpreted_option: [] }), source_code_info: None, syntax: Some("proto3") }] }}, routes: {"Calculator/calculateOne": (FileDescriptorSet { file: [FileDescriptorProto { name: Some("area_calculator.proto"), package: Some("area_calculator"), dependency: [], public_dependency: [], weak_dependency: [], message_type: [DescriptorProto { name: Some("ShapeMessage"), field: [FieldDescriptorProto { name: Some("square"), number: Some(1), label: Some(Optional), r#type: Some(Message), type_name: Some(".area_calculator.Square"), extendee: None, default_value: None, oneof_index: Some(0), json_name: Some("square"), options: None, proto3_optional: None }, FieldDescriptorProto { name: Some("rectangle"), number: Some(2), label: Some(Optional), r#type: Some(Message), type_name: Some(".area_calculator.Rectangle"), extendee: None, default_value: None, oneof_index: Some(0), json_name: Some("rectangle"), options: None, proto3_optional: None }, FieldDescriptorProto { name: Some("circle"), number: Some(3), label: Some(Optional), r#type: Some(Message), type_name: Some(".area_calculator.Circle"), extendee: None, default_value: None, oneof_index: Some(0), json_name: Some("circle"), options: None, proto3_optional: None }, FieldDescriptorProto { name: Some("triangle"), number: Some(4), label: Some(Optional), r#type: Some(Message), type_name: Some(".area_calculator.Triangle"), extendee: None, default_value: None, oneof_index: Some(0), json_name: Some("triangle"), options: None, proto3_optional: None }, FieldDescriptorProto { name: Some("parallelogram"), number: Some(5), label: Some(Optional), r#type: Some(Message), type_name: Some(".area_calculator.Parallelogram"), extendee: None, default_value: None, oneof_index: Some(0), json_name: Some("parallelogram"), options: None, proto3_optional: None }], extension: [], nested_type: [], enum_type: [], extension_range: [], oneof_decl: [OneofDescriptorProto { name: Some("shape"), options: None }], options: None, reserved_range: [], reserved_name: [] }, DescriptorProto { name: Some("Square"), field: [FieldDescriptorProto { name: Some("edge_length"), number: Some(1), label: Some(Optional), r#type: Some(Float), type_name: None, extendee: None, default_value: None, oneof_index: None, json_name: Some("edgeLength"), options: None, proto3_optional: None }], extension: [], nested_type: [], enum_type: [], extension_range: [], oneof_decl: [], options: None, reserved_range: [], reserved_name: [] }, DescriptorProto { name: Some("Rectangle"), field: [FieldDescriptorProto { name: Some("length"), number: Some(1), label: Some(Optional), r#type: Some(Float), type_name: None, extendee: None, default_value: None, oneof_index: None, json_name: Some("length"), options: None, proto3_optional: None }, FieldDescriptorProto { name: Some("width"), number: Some(2), label: Some(Optional), r#type: Some(Float), type_name: None, extendee: None, default_value: None, oneof_index: None, json_name: Some("width"), options: None, proto3_optional: None }], extension: [], nested_type: [], enum_type: [], extension_range: [], oneof_decl: [], options: None, reserved_range: [], reserved_name: [] }, DescriptorProto { name: Some("Circle"), field: [FieldDescriptorProto { name: Some("radius"), number: Some(1), label: Some(Optional), r#type: Some(Float), type_name: None, extendee: None, default_value: None, oneof_index: None, json_name: Some("radius"), options: None, proto3_optional: None }], extension: [], nested_type: [], enum_type: [], extension_range: [], oneof_decl: [], options: None, reserved_range: [], reserved_name: [] }, DescriptorProto { name: Some("Triangle"), field: [FieldDescriptorProto { name: Some("edge_a"), number: Some(1), label: Some(Optional), r#type: Some(Float), type_name: None, extendee: None, default_value: None, oneof_index: None, json_name: Some("edgeA"), options: None, proto3_optional: None }, FieldDescriptorProto { name: Some("edge_b"), number: Some(2), label: Some(Optional), r#type: Some(Float), type_name: None, extendee: None, default_value: None, oneof_index: None, json_name: Some("edgeB"), options: None, proto3_optional: None }, FieldDescriptorProto { name: Some("edge_c"), number: Some(3), label: Some(Optional), r#type: Some(Float), type_name: None, extendee: None, default_value: None, oneof_index: None, json_name: Some("edgeC"), options: None, proto3_optional: None }], extension: [], nested_type: [], enum_type: [], extension_range: [], oneof_decl: [], options: None, reserved_range: [], reserved_name: [] }, DescriptorProto { name: Some("Parallelogram"), field: [FieldDescriptorProto { name: Some("base_length"), number: Some(1), label: Some(Optional), r#type: Some(Float), type_name: None, extendee: None, default_value: None, oneof_index: None, json_name: Some("baseLength"), options: None, proto3_optional: None }, FieldDescriptorProto { name: Some("height"), number: Some(2), label: Some(Optional), r#type: Some(Float), type_name: None, extendee: None, default_value: None, oneof_index: None, json_name: Some("height"), options: None, proto3_optional: None }], extension: [], nested_type: [], enum_type: [], extension_range: [], oneof_decl: [], options: None, reserved_range: [], reserved_name: [] }, DescriptorProto { name: Some("AreaRequest"), field: [FieldDescriptorProto { name: Some("shapes"), number: Some(1), label: Some(Repeated), r#type: Some(Message), type_name: Some(".area_calculator.ShapeMessage"), extendee: None, default_value: None, oneof_index: None, json_name: Some("shapes"), options: None, proto3_optional: None }], extension: [], nested_type: [], enum_type: [], extension_range: [], oneof_decl: [], options: None, reserved_range: [], reserved_name: [] }, DescriptorProto { name: Some("AreaResponse"), field: [FieldDescriptorProto { name: Some("value"), number: Some(1), label: Some(Repeated), r#type: Some(Float), type_name: None, extendee: None, default_value: None, oneof_index: None, json_name: Some("value"), options: None, proto3_optional: None }], extension: [], nested_type: [], enum_type: [], extension_range: [], oneof_decl: [], options: None, reserved_range: [], reserved_name: [] }], enum_type: [], service: [ServiceDescriptorProto { name: Some("Calculator"), method: [MethodDescriptorProto { name: Some("calculateOne"), input_type: Some(".area_calculator.ShapeMessage"), output_type: Some(".area_calculator.AreaResponse"), options: Some(MethodOptions { deprecated: None, idempotency_level: None, uninterpreted_option: [] }), client_streaming: None, server_streaming: None }, MethodDescriptorProto { name: Some("calculateMulti"), input_type: Some(".area_calculator.AreaRequest"), output_type: Some(".area_calculator.AreaResponse"), options: Some(MethodOptions { deprecated: None, idempotency_level: None, uninterpreted_option: [] }), client_streaming: None, server_streaming: None }], options: None }], extension: [], options: Some(FileOptions { java_package: None, java_outer_classname: None, java_multiple_files: None, java_generate_equals_and_hash: None, java_string_check_utf8: None, optimize_for: None, go_package: Some("io.pact/area_calculator"), cc_generic_services: None, java_generic_services: None, py_generic_services: None, php_generic_services: Some(true), deprecated: None, cc_enable_arenas: None, objc_class_prefix: None, csharp_namespace: None, swift_prefix: None, php_class_prefix: None, php_namespace: None, php_metadata_namespace: None, ruby_package: None, uninterpreted_option: [] }), source_code_info: None, syntax: Some("proto3") }] }, MethodDescriptorProto { name: Some("calculateOne"), input_type: Some(".area_calculator.ShapeMessage"), output_type: Some(".area_calculator.AreaResponse"), options: Some(MethodOptions { deprecated: None, idempotency_level: None, uninterpreted_option: [] }), client_streaming: None, server_streaming: None }, SynchronousMessage { id: None, key: Some("c7fbe3ee"), description: "calculate rectangle area request", provider_states: [], comments: {"testname": String("io.pact.example.grpc.consumer.PactConsumerTest.calculateRectangleArea(MockServer, SynchronousMessages)")}, request: MessageContents { contents: Present(b"\x12\n\r\0\0@@\x15\0\0\x80@", Some(ContentType { main_type: "application", sub_type: "protobuf", attributes: {"message": "ShapeMessage"}, suffix: None }), Some(BINARY)), metadata: {}, matching_rules: MatchingRules { rules: {BODY: MatchingRuleCategory { name: BODY, rules: {DocPath { path_tokens: [Root, Field("rectangle"), Field("length")], expr: "$.rectangle.length" }: RuleList { rules: [Number], rule_logic: And, cascaded: false }, DocPath { path_tokens: [Root, Field("rectangle"), Field("width")], expr: "$.rectangle.width" }: RuleList { rules: [Number], rule_logic: And, cascaded: false }} }} }, generators: Generators { categories: {} } }, response: [MessageContents { contents: Present(b"\r\0\0@A", Some(ContentType { main_type: "application", sub_type: "protobuf", attributes: {"message": "AreaResponse"}, suffix: None }), Some(BINARY)), metadata: {}, matching_rules: MatchingRules { rules: {BODY: MatchingRuleCategory { name: BODY, rules: {DocPath { path_tokens: [Root, Field("value")], expr: "$.value" }: RuleList { rules: [Number], rule_logic: And, cascaded: false }} }} }, generators: Generators { categories: {} } }], pending: false, plugin_config: {"protobuf": {"service": String("Calculator/calculateOne"), "descriptorKey": String("a85dff8f82655a9681aad113575dcfbb")}}, interaction_markup: InteractionMarkup { markup: "```protobuf\nmessage ShapeMessage {\n    message .area_calculator.Rectangle rectangle = 2;\n}\n```\n\n```protobuf\nmessage AreaResponse {\n    float value = 1;\n}\n```\n", markup_type: "COMMON_MARK" }, transport: None })}, server_key: "5cae5f82-fec2-43c6-9739-60d0383d84ec" } ?[3mreq?[0m?[2m=?[0mRequest { method: POST, uri: http://127.0.0.1:53791/area_calculator.Calculator/calculateOne, version: HTTP/2.0, headers: {"content-type": "application/grpc", "te": "trailers", "user-agent": "grpc-java-netty/1.49.0", "grpc-accept-encoding": "gzip"}, body: Body(Streaming) }?[1m}?[0m?[2m:?[0m?[1mmock_server_handler?[0m?[1m{?[0m?[3mkey?[0m?[2m=?[0m"5cae5f82-fec2-43c6-9739-60d0383d84ec"?[1m}?[0m?[2m:?[0m?[1mhandle_message?[0m?[1m{?[0m?[3mself?[0m?[2m=?[0mMockService { file_descriptor_set: FileDescriptorSet { file: [FileDescriptorProto { name: Some("area_calculator.proto"), package: Some("area_calculator"), dependency: [], public_dependency: [], weak_dependency: [], message_type: [DescriptorProto { name: Some("ShapeMessage"), field: [FieldDescriptorProto { name: Some("square"), number: Some(1), label: Some(Optional), r#type: Some(Message), type_name: Some(".area_calculator.Square"), extendee: None, default_value: None, oneof_index: Some(0), json_name: Some("square"), options: None, proto3_optional: None }, FieldDescriptorProto { name: Some("rectangle"), number: Some(2), label: Some(Optional), r#type: Some(Message), type_name: Some(".area_calculator.Rectangle"), extendee: None, default_value: None, oneof_index: Some(0), json_name: Some("rectangle"), options: None, proto3_optional: None }, FieldDescriptorProto { name: Some("circle"), number: Some(3), label: Some(Optional), r#type: Some(Message), type_name: Some(".area_calculator.Circle"), extendee: None, default_value: None, oneof_index: Some(0), json_name: Some("circle"), options: None, proto3_optional: None }, FieldDescriptorProto { name: Some("triangle"), number: Some(4), label: Some(Optional), r#type: Some(Message), type_name: Some(".area_calculator.Triangle"), extendee: None, default_value: None, oneof_index: Some(0), json_name: Some("triangle"), options: None, proto3_optional: None }, FieldDescriptorProto { name: Some("parallelogram"), number: Some(5), label: Some(Optional), r#type: Some(Message), type_name: Some(".area_calculator.Parallelogram"), extendee: None, default_value: None, oneof_index: Some(0), json_name: Some("parallelogram"), options: None, proto3_optional: None }], extension: [], nested_type: [], enum_type: [], extension_range: [], oneof_decl: [OneofDescriptorProto { name: Some("shape"), options: None }], options: None, reserved_range: [], reserved_name: [] }, DescriptorProto { name: Some("Square"), field: [FieldDescriptorProto { name: Some("edge_length"), number: Some(1), label: Some(Optional), r#type: Some(Float), type_name: None, extendee: None, default_value: None, oneof_index: None, json_name: Some("edgeLength"), options: None, proto3_optional: None }], extension: [], nested_type: [], enum_type: [], extension_range: [], oneof_decl: [], options: None, reserved_range: [], reserved_name: [] }, DescriptorProto { name: Some("Rectangle"), field: [FieldDescriptorProto { name: Some("length"), number: Some(1), label: Some(Optional), r#type: Some(Float), type_name: None, extendee: None, default_value: None, oneof_index: None, json_name: Some("length"), options: None, proto3_optional: None }, FieldDescriptorProto { name: Some("width"), number: Some(2), label: Some(Optional), r#type: Some(Float), type_name: None, extendee: None, default_value: None, oneof_index: None, json_name: Some("width"), options: None, proto3_optional: None }], extension: [], nested_type: [], enum_type: [], extension_range: [], oneof_decl: [], options: None, reserved_range: [], reserved_name: [] }, DescriptorProto { name: Some("Circle"), field: [FieldDescriptorProto { name: Some("radius"), number: Some(1), label: Some(Optional), r#type: Some(Float), type_name: None, extendee: None, default_value: None, oneof_index: None, json_name: Some("radius"), options: None, proto3_optional: None }], extension: [], nested_type: [], enum_type: [], extension_range: [], oneof_decl: [], options: None, reserved_range: [], reserved_name: [] }, DescriptorProto { name: Some("Triangle"), field: [FieldDescriptorProto { name: Some("edge_a"), number: Some(1), label: Some(Optional), r#type: Some(Float), type_name: None, extendee: None, default_value: None, oneof_index: None, json_name: Some("edgeA"), options: None, proto3_optional: None }, FieldDescriptorProto { name: Some("edge_b"), number: Some(2), label: Some(Optional), r#type: Some(Float), type_name: None, extendee: None, default_value: None, oneof_index: None, json_name: Some("edgeB"), options: None, proto3_optional: None }, FieldDescriptorProto { name: Some("edge_c"), number: Some(3), label: Some(Optional), r#type: Some(Float), type_name: None, extendee: None, default_value: None, oneof_index: None, json_name: Some("edgeC"), options: None, proto3_optional: None }], extension: [], nested_type: [], enum_type: [], extension_range: [], oneof_decl: [], options: None, reserved_range: [], reserved_name: [] }, DescriptorProto { name: Some("Parallelogram"), field: [FieldDescriptorProto { name: Some("base_length"), number: Some(1), label: Some(Optional), r#type: Some(Float), type_name: None, extendee: None, default_value: None, oneof_index: None, json_name: Some("baseLength"), options: None, proto3_optional: None }, FieldDescriptorProto { name: Some("height"), number: Some(2), label: Some(Optional), r#type: Some(Float), type_name: None, extendee: None, default_value: None, oneof_index: None, json_name: Some("height"), options: None, proto3_optional: None }], extension: [], nested_type: [], enum_type: [], extension_range: [], oneof_decl: [], options: None, reserved_range: [], reserved_name: [] }, DescriptorProto { name: Some("AreaRequest"), field: [FieldDescriptorProto { name: Some("shapes"), number: Some(1), label: Some(Repeated), r#type: Some(Message), type_name: Some(".area_calculator.ShapeMessage"), extendee: None, default_value: None, oneof_index: None, json_name: Some("shapes"), options: None, proto3_optional: None }], extension: [], nested_type: [], enum_type: [], extension_range: [], oneof_decl: [], options: None, reserved_range: [], reserved_name: [] }, DescriptorProto { name: Some("AreaResponse"), field: [FieldDescriptorProto { name: Some("value"), number: Some(1), label: Some(Repeated), r#type: Some(Float), type_name: None, extendee: None, default_value: None, oneof_index: None, json_name: Some("value"), options: None, proto3_optional: None }], extension: [], nested_type: [], enum_type: [], extension_range: [], oneof_decl: [], options: None, reserved_range: [], reserved_name: [] }], enum_type: [], service: [ServiceDescriptorProto { name: Some("Calculator"), method: [MethodDescriptorProto { name: Some("calculateOne"), input_type: Some(".area_calculator.ShapeMessage"), output_type: Some(".area_calculator.AreaResponse"), options: Some(MethodOptions { deprecated: None, idempotency_level: None, uninterpreted_option: [] }), client_streaming: None, server_streaming: None }, MethodDescriptorProto { name: Some("calculateMulti"), input_type: Some(".area_calculator.AreaRequest"), output_type: Some(".area_calculator.AreaResponse"), options: Some(MethodOptions { deprecated: None, idempotency_level: None, uninterpreted_option: [] }), client_streaming: None, server_streaming: None }], options: None }], extension: [], options: Some(FileOptions { java_package: None, java_outer_classname: None, java_multiple_files: None, java_generate_equals_and_hash: None, java_string_check_utf8: None, optimize_for: None, go_package: Some("io.pact/area_calculator"), cc_generic_services: None, java_generic_services: None, py_generic_services: None, php_generic_services: Some(true), deprecated: None, cc_enable_arenas: None, objc_class_prefix: None, csharp_namespace: None, swift_prefix: None, php_class_prefix: None, php_namespace: None, php_metadata_namespace: None, ruby_package: None, uninterpreted_option: [] }), source_code_info: None, syntax: Some("proto3") }] }, service_name: "Calculator", message: SynchronousMessage { id: None, key: Some("c7fbe3ee"), description: "calculate rectangle area request", provider_states: [], comments: {"testname": String("io.pact.example.grpc.consumer.PactConsumerTest.calculateRectangleArea(MockServer, SynchronousMessages)")}, request: MessageContents { contents: Present(b"\x12\n\r\0\0@@\x15\0\0\x80@", Some(ContentType { main_type: "application", sub_type: "protobuf", attributes: {"message": "ShapeMessage"}, suffix: None }), Some(BINARY)), metadata: {}, matching_rules: MatchingRules { rules: {BODY: MatchingRuleCategory { name: BODY, rules: {DocPath { path_tokens: [Root, Field("rectangle"), Field("length")], expr: "$.rectangle.length" }: RuleList { rules: [Number], rule_logic: And, cascaded: false }, DocPath { path_tokens: [Root, Field("rectangle"), Field("width")], expr: "$.rectangle.width" }: RuleList { rules: [Number], rule_logic: And, cascaded: false }} }} }, generators: Generators { categories: {} } }, response: [MessageContents { contents: Present(b"\r\0\0@A", Some(ContentType { main_type: "application", sub_type: "protobuf", attributes: {"message": "AreaResponse"}, suffix: None }), Some(BINARY)), metadata: {}, matching_rules: MatchingRules { rules: {BODY: MatchingRuleCategory { name: BODY, rules: {DocPath { path_tokens: [Root, Field("value")], expr: "$.value" }: RuleList { rules: [Number], rule_logic: And, cascaded: false }} }} }, generators: Generators { categories: {} } }], pending: false, plugin_config: {"protobuf": {"service": String("Calculator/calculateOne"), "descriptorKey": String("a85dff8f82655a9681aad113575dcfbb")}}, interaction_markup: InteractionMarkup { markup: "```protobuf\nmessage ShapeMessage {\n    message .area_calculator.Rectangle rectangle = 2;\n}\n```\n\n```protobuf\nmessage AreaResponse {\n    float value = 1;\n}\n```\n", markup_type: "COMMON_MARK" }, transport: None }, method_descriptor: MethodDescriptorProto { name: Some("calculateOne"), input_type: Some(".area_calculator.ShapeMessage"), output_type: Some(".area_calculator.AreaResponse"), options: Some(MethodOptions { deprecated: None, idempotency_level: None, uninterpreted_option: [] }), client_streaming: None, server_streaming: None }, input_message: DescriptorProto { name: Some("ShapeMessage"), field: [FieldDescriptorProto { name: Some("square"), number: Some(1), label: Some(Optional), r#type: Some(Message), type_name: Some(".area_calculator.Square"), extendee: None, default_value: None, oneof_index: Some(0), json_name: Some("square"), options: None, proto3_optional: None }, FieldDescriptorProto { name: Some("rectangle"), number: Some(2), label: Some(Optional), r#type: Some(Message), type_name: Some(".area_calculator.Rectangle"), extendee: None, default_value: None, oneof_index: Some(0), json_name: Some("rectangle"), options: None, proto3_optional: None }, FieldDescriptorProto { name: Some("circle"), number: Some(3), label: Some(Optional), r#type: Some(Message), type_name: Some(".area_calculator.Circle"), extendee: None, default_value: None, oneof_index: Some(0), json_name: Some("circle"), options: None, proto3_optional: None }, FieldDescriptorProto { name: Some("triangle"), number: Some(4), label: Some(Optional), r#type: Some(Message), type_name: Some(".area_calculator.Triangle"), extendee: None, default_value: None, oneof_index: Some(0), json_name: Some("triangle"), options: None, proto3_optional: None }, FieldDescriptorProto { name: Some("parallelogram"), number: Some(5), label: Some(Optional), r#type: Some(Message), type_name: Some(".area_calculator.Parallelogram"), extendee: None, default_value: None, oneof_index: Some(0), json_name: Some("parallelogram"), options: None, proto3_optional: None }], extension: [], nested_type: [], enum_type: [], extension_range: [], oneof_decl: [OneofDescriptorProto { name: Some("shape"), options: None }], options: None, reserved_range: [], reserved_name: [] }, output_message: DescriptorProto { name: Some("AreaResponse"), field: [FieldDescriptorProto { name: Some("value"), number: Some(1), label: Some(Repeated), r#type: Some(Float), type_name: None, extendee: None, default_value: None, oneof_index: None, json_name: Some("value"), options: None, proto3_optional: None }], extension: [], nested_type: [], enum_type: [], extension_range: [], oneof_decl: [], options: None, reserved_range: [], reserved_name: [] }, server_key: "5cae5f82-fec2-43c6-9739-60d0383d84ec" } ?[3mrequest?[0m?[2m=?[0mDynamicMessage { descriptor: DescriptorProto { name: Some("ShapeMessage"), field: [FieldDescriptorProto { name: Some("square"), number: Some(1), label: Some(Optional), r#type: Some(Message), type_name: Some(".area_calculator.Square"), extendee: None, default_value: None, oneof_index: Some(0), json_name: Some("square"), options: None, proto3_optional: None }, FieldDescriptorProto { name: Some("rectangle"), number: Some(2), label: Some(Optional), r#type: Some(Message), type_name: Some(".area_calculator.Rectangle"), extendee: None, default_value: None, oneof_index: Some(0), json_name: Some("rectangle"), options: None, proto3_optional: None }, FieldDescriptorProto { name: Some("circle"), number: Some(3), label: Some(Optional), r#type: Some(Message), type_name: Some(".area_calculator.Circle"), extendee: None, default_value: None, oneof_index: Some(0), json_name: Some("circle"), options: None, proto3_optional: None }, FieldDescriptorProto { name: Some("triangle"), number: Some(4), label: Some(Optional), r#type: Some(Message), type_name: Some(".area_calculator.Triangle"), extendee: None, default_value: None, oneof_index: Some(0), json_name: Some("triangle"), options: None, proto3_optional: None }, FieldDescriptorProto { name: Some("parallelogram"), number: Some(5), label: Some(Optional), r#type: Some(Message), type_name: Some(".area_calculator.Parallelogram"), extendee: None, default_value: None, oneof_index: Some(0), json_name: Some("parallelogram"), options: None, proto3_optional: None }], extension: [], nested_type: [], enum_type: [], extension_range: [], oneof_decl: [OneofDescriptorProto { name: Some("shape"), options: None }], options: None, reserved_range: [], reserved_name: [] }, fields: [ProtobufField { field_num: 2, wire_type: LengthDelimited, data: Message([13, 0, 0, 64, 64, 21, 0, 0, 128, 64], DescriptorProto { name: Some("Rectangle"), field: [FieldDescriptorProto { name: Some("length"), number: Some(1), label: Some(Optional), r#type: Some(Float), type_name: None, extendee: None, default_value: None, oneof_index: None, json_name: Some("length"), options: None, proto3_optional: None }, FieldDescriptorProto { name: Some("width"), number: Some(2), label: Some(Optional), r#type: Some(Float), type_name: None, extendee: None, default_value: None, oneof_index: None, json_name: Some("width"), options: None, proto3_optional: None }], extension: [], nested_type: [], enum_type: [], extension_range: [], oneof_decl: [], options: None, reserved_range: [], reserved_name: [] }) }] } ?[3mmessage_descriptor?[0m?[2m=?[0mDescriptorProto { name: Some("ShapeMessage"), field: [FieldDescriptorProto { name: Some("square"), number: Some(1), label: Some(Optional), r#type: Some(Message), type_name: Some(".area_calculator.Square"), extendee: None, default_value: None, oneof_index: Some(0), json_name: Some("square"), options: None, proto3_optional: None }, FieldDescriptorProto { name: Some("rectangle"), number: Some(2), label: Some(Optional), r#type: Some(Message), type_name: Some(".area_calculator.Rectangle"), extendee: None, default_value: None, oneof_index: Some(0), json_name: Some("rectangle"), options: None, proto3_optional: None }, FieldDescriptorProto { name: Some("circle"), number: Some(3), label: Some(Optional), r#type: Some(Message), type_name: Some(".area_calculator.Circle"), extendee: None, default_value: None, oneof_index: Some(0), json_name: Some("circle"), options: None, proto3_optional: None }, FieldDescriptorProto { name: Some("triangle"), number: Some(4), label: Some(Optional), r#type: Some(Message), type_name: Some(".area_calculator.Triangle"), extendee: None, default_value: None, oneof_index: Some(0), json_name: Some("triangle"), options: None, proto3_optional: None }, FieldDescriptorProto { name: Some("parallelogram"), number: Some(5), label: Some(Optional), r#type: Some(Message), type_name: Some(".area_calculator.Parallelogram"), extendee: None, default_value: None, oneof_index: Some(0), json_name: Some("parallelogram"), options: None, proto3_optional: None }], extension: [], nested_type: [], enum_type: [], extension_range: [], oneof_decl: [OneofDescriptorProto { name: Some("shape"), options: None }], options: None, reserved_range: [], reserved_name: [] } ?[3mresponse_descriptor?[0m?[2m=?[0mDescriptorProto { name: Some("AreaResponse"), field: [FieldDescriptorProto { name: Some("value"), number: Some(1), label: Some(Repeated), r#type: Some(Float), type_name: None, extendee: None, default_value: None, oneof_index: None, json_name: Some("value"), options: None, proto3_optional: None }], extension: [], nested_type: [], enum_type: [], extension_range: [], oneof_decl: [], options: None, reserved_range: [], reserved_name: [] }?[1m}?[0m?[2m:?[0m ?[2mpact_models::path_exp?[0m?[2m:?[0m Calculated weight (8, 3) for path '$.rectangle.length' and '["$", "rectangle", "length"]'
15:05:16.534 [Thread-5] DEBUG i.pact.plugins.jvm.core.ChildProcess - Plugin protobuf [46038] || ?[2m2023-03-27T09:35:16.533117Z?[0m ?[35mTRACE?[0m tokio-runtime-worker ?[1mrequest?[0m?[1m{?[0m?[3mmethod?[0m?[2m=?[0mPOST ?[3muri?[0m?[2m=?[0mhttp://127.0.0.1:53791/area_calculator.Calculator/calculateOne ?[3mversion?[0m?[2m=?[0mHTTP/2.0?[1m}?[0m?[2m:?[0m?[1mcall?[0m?[1m{?[0m?[3mself?[0m?[2m=?[0mGrpcMockServer { pact: V4Pact { consumer: Consumer { name: "grpc-consumer-jvm" }, provider: Provider { name: "area-calculator-provider" }, interactions: [SynchronousMessage { id: None, key: Some("c7fbe3ee"), description: "calculate rectangle area request", provider_states: [], comments: {"testname": String("io.pact.example.grpc.consumer.PactConsumerTest.calculateRectangleArea(MockServer, SynchronousMessages)")}, request: MessageContents { contents: Present(b"\x12\n\r\0\0@@\x15\0\0\x80@", Some(ContentType { main_type: "application", sub_type: "protobuf", attributes: {"message": "ShapeMessage"}, suffix: None }), Some(BINARY)), metadata: {}, matching_rules: MatchingRules { rules: {BODY: MatchingRuleCategory { name: BODY, rules: {DocPath { path_tokens: [Root, Field("rectangle"), Field("length")], expr: "$.rectangle.length" }: RuleList { rules: [Number], rule_logic: And, cascaded: false }, DocPath { path_tokens: [Root, Field("rectangle"), Field("width")], expr: "$.rectangle.width" }: RuleList { rules: [Number], rule_logic: And, cascaded: false }} }} }, generators: Generators { categories: {} } }, response: [MessageContents { contents: Present(b"\r\0\0@A", Some(ContentType { main_type: "application", sub_type: "protobuf", attributes: {"message": "AreaResponse"}, suffix: None }), Some(BINARY)), metadata: {}, matching_rules: MatchingRules { rules: {BODY: MatchingRuleCategory { name: BODY, rules: {DocPath { path_tokens: [Root, Field("value")], expr: "$.value" }: RuleList { rules: [Number], rule_logic: And, cascaded: false }} }} }, generators: Generators { categories: {} } }], pending: false, plugin_config: {"protobuf": {"service": String("Calculator/calculateOne"), "descriptorKey": String("a85dff8f82655a9681aad113575dcfbb")}}, interaction_markup: InteractionMarkup { markup: "```protobuf\nmessage ShapeMessage {\n    message .area_calculator.Rectangle rectangle = 2;\n}\n```\n\n```protobuf\nmessage AreaResponse {\n    float value = 1;\n}\n```\n", markup_type: "COMMON_MARK" }, transport: None }], metadata: {"pact-jvm": Object({"version": String("4.4.2")}), "pactSpecification": Object({"version": String("4.0")})}, plugin_data: [PluginData { name: "protobuf", version: "0.1.5", configuration: {"a85dff8f82655a9681aad113575dcfbb": Object({"protoDescriptors": String("CsoHChVhcmVhX2NhbGN1bGF0b3IucHJvdG8SD2FyZWFfY2FsY3VsYXRvciK6AgoMU2hhcGVNZXNzYWdlEjEKBnNxdWFyZRgBIAEoCzIXLmFyZWFfY2FsY3VsYXRvci5TcXVhcmVIAFIGc3F1YXJlEjoKCXJlY3RhbmdsZRgCIAEoCzIaLmFyZWFfY2FsY3VsYXRvci5SZWN0YW5nbGVIAFIJcmVjdGFuZ2xlEjEKBmNpcmNsZRgDIAEoCzIXLmFyZWFfY2FsY3VsYXRvci5DaXJjbGVIAFIGY2lyY2xlEjcKCHRyaWFuZ2xlGAQgASgLMhkuYXJlYV9jYWxjdWxhdG9yLlRyaWFuZ2xlSABSCHRyaWFuZ2xlEkYKDXBhcmFsbGVsb2dyYW0YBSABKAsyHi5hcmVhX2NhbGN1bGF0b3IuUGFyYWxsZWxvZ3JhbUgAUg1wYXJhbGxlbG9ncmFtQgcKBXNoYXBlIikKBlNxdWFyZRIfCgtlZGdlX2xlbmd0aBgBIAEoAlIKZWRnZUxlbmd0aCI5CglSZWN0YW5nbGUSFgoGbGVuZ3RoGAEgASgCUgZsZW5ndGgSFAoFd2lkdGgYAiABKAJSBXdpZHRoIiAKBkNpcmNsZRIWCgZyYWRpdXMYASABKAJSBnJhZGl1cyJPCghUcmlhbmdsZRIVCgZlZGdlX2EYASABKAJSBWVkZ2VBEhUKBmVkZ2VfYhgCIAEoAlIFZWRnZUISFQoGZWRnZV9jGAMgASgCUgVlZGdlQyJICg1QYXJhbGxlbG9ncmFtEh8KC2Jhc2VfbGVuZ3RoGAEgASgCUgpiYXNlTGVuZ3RoEhYKBmhlaWdodBgCIAEoAlIGaGVpZ2h0IkQKC0FyZWFSZXF1ZXN0EjUKBnNoYXBlcxgBIAMoCzIdLmFyZWFfY2FsY3VsYXRvci5TaGFwZU1lc3NhZ2VSBnNoYXBlcyIkCgxBcmVhUmVzcG9uc2USFAoFdmFsdWUYASADKAJSBXZhbHVlMq0BCgpDYWxjdWxhdG9yEk4KDGNhbGN1bGF0ZU9uZRIdLmFyZWFfY2FsY3VsYXRvci5TaGFwZU1lc3NhZ2UaHS5hcmVhX2NhbGN1bGF0b3IuQXJlYVJlc3BvbnNlIgASTwoOY2FsY3VsYXRlTXVsdGkSHC5hcmVhX2NhbGN1bGF0b3IuQXJlYVJlcXVlc3QaHS5hcmVhX2NhbGN1bGF0b3IuQXJlYVJlc3BvbnNlIgBCHFoXaW8ucGFjdC9hcmVhX2NhbGN1bGF0b3LQAgFiBnByb3RvMw=="), "protoFile": String("syntax = \"proto3\";\n\npackage area_calculator;\n\noption php_generic_services = true;\noption go_package = \"io.pact/area_calculator\";\n\nservice Calculator {\n  rpc calculateOne (ShapeMessage) returns (AreaResponse) {}\n  rpc calculateMulti (AreaRequest) returns (AreaResponse) {}\n}\n\nmessage ShapeMessage {\n  oneof shape {\n    Square square = 1;\n    Rectangle rectangle = 2;\n    Circle circle = 3;\n    Triangle triangle = 4;\n    Parallelogram parallelogram = 5;\n  }\n}\n\nmessage Square {\n  float edge_length = 1;\n}\n\nmessage Rectangle {\n  float length = 1;\n  float width = 2;\n}\n\nmessage Circle {\n  float radius = 1;\n}\n\nmessage Triangle {\n  float edge_a = 1;\n  float edge_b = 2;\n  float edge_c = 3;\n}\n\nmessage Parallelogram {\n  float base_length = 1;\n  float height = 2;\n}\n\nmessage AreaRequest {\n  repeated ShapeMessage shapes = 1;\n}\n\nmessage AreaResponse {\n  repeated float value = 1;\n}\n")})} }] }, plugin_config: PluginData { name: "protobuf", version: "0.1.5", configuration: {"a85dff8f82655a9681aad113575dcfbb": Object({"protoDescriptors": String("CsoHChVhcmVhX2NhbGN1bGF0b3IucHJvdG8SD2FyZWFfY2FsY3VsYXRvciK6AgoMU2hhcGVNZXNzYWdlEjEKBnNxdWFyZRgBIAEoCzIXLmFyZWFfY2FsY3VsYXRvci5TcXVhcmVIAFIGc3F1YXJlEjoKCXJlY3RhbmdsZRgCIAEoCzIaLmFyZWFfY2FsY3VsYXRvci5SZWN0YW5nbGVIAFIJcmVjdGFuZ2xlEjEKBmNpcmNsZRgDIAEoCzIXLmFyZWFfY2FsY3VsYXRvci5DaXJjbGVIAFIGY2lyY2xlEjcKCHRyaWFuZ2xlGAQgASgLMhkuYXJlYV9jYWxjdWxhdG9yLlRyaWFuZ2xlSABSCHRyaWFuZ2xlEkYKDXBhcmFsbGVsb2dyYW0YBSABKAsyHi5hcmVhX2NhbGN1bGF0b3IuUGFyYWxsZWxvZ3JhbUgAUg1wYXJhbGxlbG9ncmFtQgcKBXNoYXBlIikKBlNxdWFyZRIfCgtlZGdlX2xlbmd0aBgBIAEoAlIKZWRnZUxlbmd0aCI5CglSZWN0YW5nbGUSFgoGbGVuZ3RoGAEgASgCUgZsZW5ndGgSFAoFd2lkdGgYAiABKAJSBXdpZHRoIiAKBkNpcmNsZRIWCgZyYWRpdXMYASABKAJSBnJhZGl1cyJPCghUcmlhbmdsZRIVCgZlZGdlX2EYASABKAJSBWVkZ2VBEhUKBmVkZ2VfYhgCIAEoAlIFZWRnZUISFQoGZWRnZV9jGAMgASgCUgVlZGdlQyJICg1QYXJhbGxlbG9ncmFtEh8KC2Jhc2VfbGVuZ3RoGAEgASgCUgpiYXNlTGVuZ3RoEhYKBmhlaWdodBgCIAEoAlIGaGVpZ2h0IkQKC0FyZWFSZXF1ZXN0EjUKBnNoYXBlcxgBIAMoCzIdLmFyZWFfY2FsY3VsYXRvci5TaGFwZU1lc3NhZ2VSBnNoYXBlcyIkCgxBcmVhUmVzcG9uc2USFAoFdmFsdWUYASADKAJSBXZhbHVlMq0BCgpDYWxjdWxhdG9yEk4KDGNhbGN1bGF0ZU9uZRIdLmFyZWFfY2FsY3VsYXRvci5TaGFwZU1lc3NhZ2UaHS5hcmVhX2NhbGN1bGF0b3IuQXJlYVJlc3BvbnNlIgASTwoOY2FsY3VsYXRlTXVsdGkSHC5hcmVhX2NhbGN1bGF0b3IuQXJlYVJlcXVlc3QaHS5hcmVhX2NhbGN1bGF0b3IuQXJlYVJlc3BvbnNlIgBCHFoXaW8ucGFjdC9hcmVhX2NhbGN1bGF0b3LQAgFiBnByb3RvMw=="), "protoFile": String("syntax = \"proto3\";\n\npackage area_calculator;\n\noption php_generic_services = true;\noption go_package = \"io.pact/area_calculator\";\n\nservice Calculator {\n  rpc calculateOne (ShapeMessage) returns (AreaResponse) {}\n  rpc calculateMulti (AreaRequest) returns (AreaResponse) {}\n}\n\nmessage ShapeMessage {\n  oneof shape {\n    Square square = 1;\n    Rectangle rectangle = 2;\n    Circle circle = 3;\n    Triangle triangle = 4;\n    Parallelogram parallelogram = 5;\n  }\n}\n\nmessage Square {\n  float edge_length = 1;\n}\n\nmessage Rectangle {\n  float length = 1;\n  float width = 2;\n}\n\nmessage Circle {\n  float radius = 1;\n}\n\nmessage Triangle {\n  float edge_a = 1;\n  float edge_b = 2;\n  float edge_c = 3;\n}\n\nmessage Parallelogram {\n  float base_length = 1;\n  float height = 2;\n}\n\nmessage AreaRequest {\n  repeated ShapeMessage shapes = 1;\n}\n\nmessage AreaResponse {\n  repeated float value = 1;\n}\n")})} }, descriptors: {"a85dff8f82655a9681aad113575dcfbb": FileDescriptorSet { file: [FileDescriptorProto { name: Some("area_calculator.proto"), package: Some("area_calculator"), dependency: [], public_dependency: [], weak_dependency: [], message_type: [DescriptorProto { name: Some("ShapeMessage"), field: [FieldDescriptorProto { name: Some("square"), number: Some(1), label: Some(Optional), r#type: Some(Message), type_name: Some(".area_calculator.Square"), extendee: None, default_value: None, oneof_index: Some(0), json_name: Some("square"), options: None, proto3_optional: None }, FieldDescriptorProto { name: Some("rectangle"), number: Some(2), label: Some(Optional), r#type: Some(Message), type_name: Some(".area_calculator.Rectangle"), extendee: None, default_value: None, oneof_index: Some(0), json_name: Some("rectangle"), options: None, proto3_optional: None }, FieldDescriptorProto { name: Some("circle"), number: Some(3), label: Some(Optional), r#type: Some(Message), type_name: Some(".area_calculator.Circle"), extendee: None, default_value: None, oneof_index: Some(0), json_name: Some("circle"), options: None, proto3_optional: None }, FieldDescriptorProto { name: Some("triangle"), number: Some(4), label: Some(Optional), r#type: Some(Message), type_name: Some(".area_calculator.Triangle"), extendee: None, default_value: None, oneof_index: Some(0), json_name: Some("triangle"), options: None, proto3_optional: None }, FieldDescriptorProto { name: Some("parallelogram"), number: Some(5), label: Some(Optional), r#type: Some(Message), type_name: Some(".area_calculator.Parallelogram"), extendee: None, default_value: None, oneof_index: Some(0), json_name: Some("parallelogram"), options: None, proto3_optional: None }], extension: [], nested_type: [], enum_type: [], extension_range: [], oneof_decl: [OneofDescriptorProto { name: Some("shape"), options: None }], options: None, reserved_range: [], reserved_name: [] }, DescriptorProto { name: Some("Square"), field: [FieldDescriptorProto { name: Some("edge_length"), number: Some(1), label: Some(Optional), r#type: Some(Float), type_name: None, extendee: None, default_value: None, oneof_index: None, json_name: Some("edgeLength"), options: None, proto3_optional: None }], extension: [], nested_type: [], enum_type: [], extension_range: [], oneof_decl: [], options: None, reserved_range: [], reserved_name: [] }, DescriptorProto { name: Some("Rectangle"), field: [FieldDescriptorProto { name: Some("length"), number: Some(1), label: Some(Optional), r#type: Some(Float), type_name: None, extendee: None, default_value: None, oneof_index: None, json_name: Some("length"), options: None, proto3_optional: None }, FieldDescriptorProto { name: Some("width"), number: Some(2), label: Some(Optional), r#type: Some(Float), type_name: None, extendee: None, default_value: None, oneof_index: None, json_name: Some("width"), options: None, proto3_optional: None }], extension: [], nested_type: [], enum_type: [], extension_range: [], oneof_decl: [], options: None, reserved_range: [], reserved_name: [] }, DescriptorProto { name: Some("Circle"), field: [FieldDescriptorProto { name: Some("radius"), number: Some(1), label: Some(Optional), r#type: Some(Float), type_name: None, extendee: None, default_value: None, oneof_index: None, json_name: Some("radius"), options: None, proto3_optional: None }], extension: [], nested_type: [], enum_type: [], extension_range: [], oneof_decl: [], options: None, reserved_range: [], reserved_name: [] }, DescriptorProto { name: Some("Triangle"), field: [FieldDescriptorProto { name: Some("edge_a"), number: Some(1), label: Some(Optional), r#type: Some(Float), type_name: None, extendee: None, default_value: None, oneof_index: None, json_name: Some("edgeA"), options: None, proto3_optional: None }, FieldDescriptorProto { name: Some("edge_b"), number: Some(2), label: Some(Optional), r#type: Some(Float), type_name: None, extendee: None, default_value: None, oneof_index: None, json_name: Some("edgeB"), options: None, proto3_optional: None }, FieldDescriptorProto { name: Some("edge_c"), number: Some(3), label: Some(Optional), r#type: Some(Float), type_name: None, extendee: None, default_value: None, oneof_index: None, json_name: Some("edgeC"), options: None, proto3_optional: None }], extension: [], nested_type: [], enum_type: [], extension_range: [], oneof_decl: [], options: None, reserved_range: [], reserved_name: [] }, DescriptorProto { name: Some("Parallelogram"), field: [FieldDescriptorProto { name: Some("base_length"), number: Some(1), label: Some(Optional), r#type: Some(Float), type_name: None, extendee: None, default_value: None, oneof_index: None, json_name: Some("baseLength"), options: None, proto3_optional: None }, FieldDescriptorProto { name: Some("height"), number: Some(2), label: Some(Optional), r#type: Some(Float), type_name: None, extendee: None, default_value: None, oneof_index: None, json_name: Some("height"), options: None, proto3_optional: None }], extension: [], nested_type: [], enum_type: [], extension_range: [], oneof_decl: [], options: None, reserved_range: [], reserved_name: [] }, DescriptorProto { name: Some("AreaRequest"), field: [FieldDescriptorProto { name: Some("shapes"), number: Some(1), label: Some(Repeated), r#type: Some(Message), type_name: Some(".area_calculator.ShapeMessage"), extendee: None, default_value: None, oneof_index: None, json_name: Some("shapes"), options: None, proto3_optional: None }], extension: [], nested_type: [], enum_type: [], extension_range: [], oneof_decl: [], options: None, reserved_range: [], reserved_name: [] }, DescriptorProto { name: Some("AreaResponse"), field: [FieldDescriptorProto { name: Some("value"), number: Some(1), label: Some(Repeated), r#type: Some(Float), type_name: None, extendee: None, default_value: None, oneof_index: None, json_name: Some("value"), options: None, proto3_optional: None }], extension: [], nested_type: [], enum_type: [], extension_range: [], oneof_decl: [], options: None, reserved_range: [], reserved_name: [] }], enum_type: [], service: [ServiceDescriptorProto { name: Some("Calculator"), method: [MethodDescriptorProto { name: Some("calculateOne"), input_type: Some(".area_calculator.ShapeMessage"), output_type: Some(".area_calculator.AreaResponse"), options: Some(MethodOptions { deprecated: None, idempotency_level: None, uninterpreted_option: [] }), client_streaming: None, server_streaming: None }, MethodDescriptorProto { name: Some("calculateMulti"), input_type: Some(".area_calculator.AreaRequest"), output_type: Some(".area_calculator.AreaResponse"), options: Some(MethodOptions { deprecated: None, idempotency_level: None, uninterpreted_option: [] }), client_streaming: None, server_streaming: None }], options: None }], extension: [], options: Some(FileOptions { java_package: None, java_outer_classname: None, java_multiple_files: None, java_generate_equals_and_hash: None, java_string_check_utf8: None, optimize_for: None, go_package: Some("io.pact/area_calculator"), cc_generic_services: None, java_generic_services: None, py_generic_services: None, php_generic_services: Some(true), deprecated: None, cc_enable_arenas: None, objc_class_prefix: None, csharp_namespace: None, swift_prefix: None, php_class_prefix: None, php_namespace: None, php_metadata_namespace: None, ruby_package: None, uninterpreted_option: [] }), source_code_info: None, syntax: Some("proto3") }] }}, routes: {"Calculator/calculateOne": (FileDescriptorSet { file: [FileDescriptorProto { name: Some("area_calculator.proto"), package: Some("area_calculator"), dependency: [], public_dependency: [], weak_dependency: [], message_type: [DescriptorProto { name: Some("ShapeMessage"), field: [FieldDescriptorProto { name: Some("square"), number: Some(1), label: Some(Optional), r#type: Some(Message), type_name: Some(".area_calculator.Square"), extendee: None, default_value: None, oneof_index: Some(0), json_name: Some("square"), options: None, proto3_optional: None }, FieldDescriptorProto { name: Some("rectangle"), number: Some(2), label: Some(Optional), r#type: Some(Message), type_name: Some(".area_calculator.Rectangle"), extendee: None, default_value: None, oneof_index: Some(0), json_name: Some("rectangle"), options: None, proto3_optional: None }, FieldDescriptorProto { name: Some("circle"), number: Some(3), label: Some(Optional), r#type: Some(Message), type_name: Some(".area_calculator.Circle"), extendee: None, default_value: None, oneof_index: Some(0), json_name: Some("circle"), options: None, proto3_optional: None }, FieldDescriptorProto { name: Some("triangle"), number: Some(4), label: Some(Optional), r#type: Some(Message), type_name: Some(".area_calculator.Triangle"), extendee: None, default_value: None, oneof_index: Some(0), json_name: Some("triangle"), options: None, proto3_optional: None }, FieldDescriptorProto { name: Some("parallelogram"), number: Some(5), label: Some(Optional), r#type: Some(Message), type_name: Some(".area_calculator.Parallelogram"), extendee: None, default_value: None, oneof_index: Some(0), json_name: Some("parallelogram"), options: None, proto3_optional: None }], extension: [], nested_type: [], enum_type: [], extension_range: [], oneof_decl: [OneofDescriptorProto { name: Some("shape"), options: None }], options: None, reserved_range: [], reserved_name: [] }, DescriptorProto { name: Some("Square"), field: [FieldDescriptorProto { name: Some("edge_length"), number: Some(1), label: Some(Optional), r#type: Some(Float), type_name: None, extendee: None, default_value: None, oneof_index: None, json_name: Some("edgeLength"), options: None, proto3_optional: None }], extension: [], nested_type: [], enum_type: [], extension_range: [], oneof_decl: [], options: None, reserved_range: [], reserved_name: [] }, DescriptorProto { name: Some("Rectangle"), field: [FieldDescriptorProto { name: Some("length"), number: Some(1), label: Some(Optional), r#type: Some(Float), type_name: None, extendee: None, default_value: None, oneof_index: None, json_name: Some("length"), options: None, proto3_optional: None }, FieldDescriptorProto { name: Some("width"), number: Some(2), label: Some(Optional), r#type: Some(Float), type_name: None, extendee: None, default_value: None, oneof_index: None, json_name: Some("width"), options: None, proto3_optional: None }], extension: [], nested_type: [], enum_type: [], extension_range: [], oneof_decl: [], options: None, reserved_range: [], reserved_name: [] }, DescriptorProto { name: Some("Circle"), field: [FieldDescriptorProto { name: Some("radius"), number: Some(1), label: Some(Optional), r#type: Some(Float), type_name: None, extendee: None, default_value: None, oneof_index: None, json_name: Some("radius"), options: None, proto3_optional: None }], extension: [], nested_type: [], enum_type: [], extension_range: [], oneof_decl: [], options: None, reserved_range: [], reserved_name: [] }, DescriptorProto { name: Some("Triangle"), field: [FieldDescriptorProto { name: Some("edge_a"), number: Some(1), label: Some(Optional), r#type: Some(Float), type_name: None, extendee: None, default_value: None, oneof_index: None, json_name: Some("edgeA"), options: None, proto3_optional: None }, FieldDescriptorProto { name: Some("edge_b"), number: Some(2), label: Some(Optional), r#type: Some(Float), type_name: None, extendee: None, default_value: None, oneof_index: None, json_name: Some("edgeB"), options: None, proto3_optional: None }, FieldDescriptorProto { name: Some("edge_c"), number: Some(3), label: Some(Optional), r#type: Some(Float), type_name: None, extendee: None, default_value: None, oneof_index: None, json_name: Some("edgeC"), options: None, proto3_optional: None }], extension: [], nested_type: [], enum_type: [], extension_range: [], oneof_decl: [], options: None, reserved_range: [], reserved_name: [] }, DescriptorProto { name: Some("Parallelogram"), field: [FieldDescriptorProto { name: Some("base_length"), number: Some(1), label: Some(Optional), r#type: Some(Float), type_name: None, extendee: None, default_value: None, oneof_index: None, json_name: Some("baseLength"), options: None, proto3_optional: None }, FieldDescriptorProto { name: Some("height"), number: Some(2), label: Some(Optional), r#type: Some(Float), type_name: None, extendee: None, default_value: None, oneof_index: None, json_name: Some("height"), options: None, proto3_optional: None }], extension: [], nested_type: [], enum_type: [], extension_range: [], oneof_decl: [], options: None, reserved_range: [], reserved_name: [] }, DescriptorProto { name: Some("AreaRequest"), field: [FieldDescriptorProto { name: Some("shapes"), number: Some(1), label: Some(Repeated), r#type: Some(Message), type_name: Some(".area_calculator.ShapeMessage"), extendee: None, default_value: None, oneof_index: None, json_name: Some("shapes"), options: None, proto3_optional: None }], extension: [], nested_type: [], enum_type: [], extension_range: [], oneof_decl: [], options: None, reserved_range: [], reserved_name: [] }, DescriptorProto { name: Some("AreaResponse"), field: [FieldDescriptorProto { name: Some("value"), number: Some(1), label: Some(Repeated), r#type: Some(Float), type_name: None, extendee: None, default_value: None, oneof_index: None, json_name: Some("value"), options: None, proto3_optional: None }], extension: [], nested_type: [], enum_type: [], extension_range: [], oneof_decl: [], options: None, reserved_range: [], reserved_name: [] }], enum_type: [], service: [ServiceDescriptorProto { name: Some("Calculator"), method: [MethodDescriptorProto { name: Some("calculateOne"), input_type: Some(".area_calculator.ShapeMessage"), output_type: Some(".area_calculator.AreaResponse"), options: Some(MethodOptions { deprecated: None, idempotency_level: None, uninterpreted_option: [] }), client_streaming: None, server_streaming: None }, MethodDescriptorProto { name: Some("calculateMulti"), input_type: Some(".area_calculator.AreaRequest"), output_type: Some(".area_calculator.AreaResponse"), options: Some(MethodOptions { deprecated: None, idempotency_level: None, uninterpreted_option: [] }), client_streaming: None, server_streaming: None }], options: None }], extension: [], options: Some(FileOptions { java_package: None, java_outer_classname: None, java_multiple_files: None, java_generate_equals_and_hash: None, java_string_check_utf8: None, optimize_for: None, go_package: Some("io.pact/area_calculator"), cc_generic_services: None, java_generic_services: None, py_generic_services: None, php_generic_services: Some(true), deprecated: None, cc_enable_arenas: None, objc_class_prefix: None, csharp_namespace: None, swift_prefix: None, php_class_prefix: None, php_namespace: None, php_metadata_namespace: None, ruby_package: None, uninterpreted_option: [] }), source_code_info: None, syntax: Some("proto3") }] }, MethodDescriptorProto { name: Some("calculateOne"), input_type: Some(".area_calculator.ShapeMessage"), output_type: Some(".area_calculator.AreaResponse"), options: Some(MethodOptions { deprecated: None, idempotency_level: None, uninterpreted_option: [] }), client_streaming: None, server_streaming: None }, SynchronousMessage { id: None, key: Some("c7fbe3ee"), description: "calculate rectangle area request", provider_states: [], comments: {"testname": String("io.pact.example.grpc.consumer.PactConsumerTest.calculateRectangleArea(MockServer, SynchronousMessages)")}, request: MessageContents { contents: Present(b"\x12\n\r\0\0@@\x15\0\0\x80@", Some(ContentType { main_type: "application", sub_type: "protobuf", attributes: {"message": "ShapeMessage"}, suffix: None }), Some(BINARY)), metadata: {}, matching_rules: MatchingRules { rules: {BODY: MatchingRuleCategory { name: BODY, rules: {DocPath { path_tokens: [Root, Field("rectangle"), Field("length")], expr: "$.rectangle.length" }: RuleList { rules: [Number], rule_logic: And, cascaded: false }, DocPath { path_tokens: [Root, Field("rectangle"), Field("width")], expr: "$.rectangle.width" }: RuleList { rules: [Number], rule_logic: And, cascaded: false }} }} }, generators: Generators { categories: {} } }, response: [MessageContents { contents: Present(b"\r\0\0@A", Some(ContentType { main_type: "application", sub_type: "protobuf", attributes: {"message": "AreaResponse"}, suffix: None }), Some(BINARY)), metadata: {}, matching_rules: MatchingRules { rules: {BODY: MatchingRuleCategory { name: BODY, rules: {DocPath { path_tokens: [Root, Field("value")], expr: "$.value" }: RuleList { rules: [Number], rule_logic: And, cascaded: false }} }} }, generators: Generators { categories: {} } }], pending: false, plugin_config: {"protobuf": {"service": String("Calculator/calculateOne"), "descriptorKey": String("a85dff8f82655a9681aad113575dcfbb")}}, interaction_markup: InteractionMarkup { markup: "```protobuf\nmessage ShapeMessage {\n    message .area_calculator.Rectangle rectangle = 2;\n}\n```\n\n```protobuf\nmessage AreaResponse {\n    float value = 1;\n}\n```\n", markup_type: "COMMON_MARK" }, transport: None })}, server_key: "5cae5f82-fec2-43c6-9739-60d0383d84ec" } ?[3mreq?[0m?[2m=?[0mRequest { method: POST, uri: http://127.0.0.1:53791/area_calculator.Calculator/calculateOne, version: HTTP/2.0, headers: {"content-type": "application/grpc", "te": "trailers", "user-agent": "grpc-java-netty/1.49.0", "grpc-accept-encoding": "gzip"}, body: Body(Streaming) }?[1m}?[0m?[2m:?[0m?[1mmock_server_handler?[0m?[1m{?[0m?[3mkey?[0m?[2m=?[0m"5cae5f82-fec2-43c6-9739-60d0383d84ec"?[1m}?[0m?[2m:?[0m?[1mhandle_message?[0m?[1m{?[0m?[3mself?[0m?[2m=?[0mMockService { file_descriptor_set: FileDescriptorSet { file: [FileDescriptorProto { name: Some("area_calculator.proto"), package: Some("area_calculator"), dependency: [], public_dependency: [], weak_dependency: [], message_type: [DescriptorProto { name: Some("ShapeMessage"), field: [FieldDescriptorProto { name: Some("square"), number: Some(1), label: Some(Optional), r#type: Some(Message), type_name: Some(".area_calculator.Square"), extendee: None, default_value: None, oneof_index: Some(0), json_name: Some("square"), options: None, proto3_optional: None }, FieldDescriptorProto { name: Some("rectangle"), number: Some(2), label: Some(Optional), r#type: Some(Message), type_name: Some(".area_calculator.Rectangle"), extendee: None, default_value: None, oneof_index: Some(0), json_name: Some("rectangle"), options: None, proto3_optional: None }, FieldDescriptorProto { name: Some("circle"), number: Some(3), label: Some(Optional), r#type: Some(Message), type_name: Some(".area_calculator.Circle"), extendee: None, default_value: None, oneof_index: Some(0), json_name: Some("circle"), options: None, proto3_optional: None }, FieldDescriptorProto { name: Some("triangle"), number: Some(4), label: Some(Optional), r#type: Some(Message), type_name: Some(".area_calculator.Triangle"), extendee: None, default_value: None, oneof_index: Some(0), json_name: Some("triangle"), options: None, proto3_optional: None }, FieldDescriptorProto { name: Some("parallelogram"), number: Some(5), label: Some(Optional), r#type: Some(Message), type_name: Some(".area_calculator.Parallelogram"), extendee: None, default_value: None, oneof_index: Some(0), json_name: Some("parallelogram"), options: None, proto3_optional: None }], extension: [], nested_type: [], enum_type: [], extension_range: [], oneof_decl: [OneofDescriptorProto { name: Some("shape"), options: None }], options: None, reserved_range: [], reserved_name: [] }, DescriptorProto { name: Some("Square"), field: [FieldDescriptorProto { name: Some("edge_length"), number: Some(1), label: Some(Optional), r#type: Some(Float), type_name: None, extendee: None, default_value: None, oneof_index: None, json_name: Some("edgeLength"), options: None, proto3_optional: None }], extension: [], nested_type: [], enum_type: [], extension_range: [], oneof_decl: [], options: None, reserved_range: [], reserved_name: [] }, DescriptorProto { name: Some("Rectangle"), field: [FieldDescriptorProto { name: Some("length"), number: Some(1), label: Some(Optional), r#type: Some(Float), type_name: None, extendee: None, default_value: None, oneof_index: None, json_name: Some("length"), options: None, proto3_optional: None }, FieldDescriptorProto { name: Some("width"), number: Some(2), label: Some(Optional), r#type: Some(Float), type_name: None, extendee: None, default_value: None, oneof_index: None, json_name: Some("width"), options: None, proto3_optional: None }], extension: [], nested_type: [], enum_type: [], extension_range: [], oneof_decl: [], options: None, reserved_range: [], reserved_name: [] }, DescriptorProto { name: Some("Circle"), field: [FieldDescriptorProto { name: Some("radius"), number: Some(1), label: Some(Optional), r#type: Some(Float), type_name: None, extendee: None, default_value: None, oneof_index: None, json_name: Some("radius"), options: None, proto3_optional: None }], extension: [], nested_type: [], enum_type: [], extension_range: [], oneof_decl: [], options: None, reserved_range: [], reserved_name: [] }, DescriptorProto { name: Some("Triangle"), field: [FieldDescriptorProto { name: Some("edge_a"), number: Some(1), label: Some(Optional), r#type: Some(Float), type_name: None, extendee: None, default_value: None, oneof_index: None, json_name: Some("edgeA"), options: None, proto3_optional: None }, FieldDescriptorProto { name: Some("edge_b"), number: Some(2), label: Some(Optional), r#type: Some(Float), type_name: None, extendee: None, default_value: None, oneof_index: None, json_name: Some("edgeB"), options: None, proto3_optional: None }, FieldDescriptorProto { name: Some("edge_c"), number: Some(3), label: Some(Optional), r#type: Some(Float), type_name: None, extendee: None, default_value: None, oneof_index: None, json_name: Some("edgeC"), options: None, proto3_optional: None }], extension: [], nested_type: [], enum_type: [], extension_range: [], oneof_decl: [], options: None, reserved_range: [], reserved_name: [] }, DescriptorProto { name: Some("Parallelogram"), field: [FieldDescriptorProto { name: Some("base_length"), number: Some(1), label: Some(Optional), r#type: Some(Float), type_name: None, extendee: None, default_value: None, oneof_index: None, json_name: Some("baseLength"), options: None, proto3_optional: None }, FieldDescriptorProto { name: Some("height"), number: Some(2), label: Some(Optional), r#type: Some(Float), type_name: None, extendee: None, default_value: None, oneof_index: None, json_name: Some("height"), options: None, proto3_optional: None }], extension: [], nested_type: [], enum_type: [], extension_range: [], oneof_decl: [], options: None, reserved_range: [], reserved_name: [] }, DescriptorProto { name: Some("AreaRequest"), field: [FieldDescriptorProto { name: Some("shapes"), number: Some(1), label: Some(Repeated), r#type: Some(Message), type_name: Some(".area_calculator.ShapeMessage"), extendee: None, default_value: None, oneof_index: None, json_name: Some("shapes"), options: None, proto3_optional: None }], extension: [], nested_type: [], enum_type: [], extension_range: [], oneof_decl: [], options: None, reserved_range: [], reserved_name: [] }, DescriptorProto { name: Some("AreaResponse"), field: [FieldDescriptorProto { name: Some("value"), number: Some(1), label: Some(Repeated), r#type: Some(Float), type_name: None, extendee: None, default_value: None, oneof_index: None, json_name: Some("value"), options: None, proto3_optional: None }], extension: [], nested_type: [], enum_type: [], extension_range: [], oneof_decl: [], options: None, reserved_range: [], reserved_name: [] }], enum_type: [], service: [ServiceDescriptorProto { name: Some("Calculator"), method: [MethodDescriptorProto { name: Some("calculateOne"), input_type: Some(".area_calculator.ShapeMessage"), output_type: Some(".area_calculator.AreaResponse"), options: Some(MethodOptions { deprecated: None, idempotency_level: None, uninterpreted_option: [] }), client_streaming: None, server_streaming: None }, MethodDescriptorProto { name: Some("calculateMulti"), input_type: Some(".area_calculator.AreaRequest"), output_type: Some(".area_calculator.AreaResponse"), options: Some(MethodOptions { deprecated: None, idempotency_level: None, uninterpreted_option: [] }), client_streaming: None, server_streaming: None }], options: None }], extension: [], options: Some(FileOptions { java_package: None, java_outer_classname: None, java_multiple_files: None, java_generate_equals_and_hash: None, java_string_check_utf8: None, optimize_for: None, go_package: Some("io.pact/area_calculator"), cc_generic_services: None, java_generic_services: None, py_generic_services: None, php_generic_services: Some(true), deprecated: None, cc_enable_arenas: None, objc_class_prefix: None, csharp_namespace: None, swift_prefix: None, php_class_prefix: None, php_namespace: None, php_metadata_namespace: None, ruby_package: None, uninterpreted_option: [] }), source_code_info: None, syntax: Some("proto3") }] }, service_name: "Calculator", message: SynchronousMessage { id: None, key: Some("c7fbe3ee"), description: "calculate rectangle area request", provider_states: [], comments: {"testname": String("io.pact.example.grpc.consumer.PactConsumerTest.calculateRectangleArea(MockServer, SynchronousMessages)")}, request: MessageContents { contents: Present(b"\x12\n\r\0\0@@\x15\0\0\x80@", Some(ContentType { main_type: "application", sub_type: "protobuf", attributes: {"message": "ShapeMessage"}, suffix: None }), Some(BINARY)), metadata: {}, matching_rules: MatchingRules { rules: {BODY: MatchingRuleCategory { name: BODY, rules: {DocPath { path_tokens: [Root, Field("rectangle"), Field("length")], expr: "$.rectangle.length" }: RuleList { rules: [Number], rule_logic: And, cascaded: false }, DocPath { path_tokens: [Root, Field("rectangle"), Field("width")], expr: "$.rectangle.width" }: RuleList { rules: [Number], rule_logic: And, cascaded: false }} }} }, generators: Generators { categories: {} } }, response: [MessageContents { contents: Present(b"\r\0\0@A", Some(ContentType { main_type: "application", sub_type: "protobuf", attributes: {"message": "AreaResponse"}, suffix: None }), Some(BINARY)), metadata: {}, matching_rules: MatchingRules { rules: {BODY: MatchingRuleCategory { name: BODY, rules: {DocPath { path_tokens: [Root, Field("value")], expr: "$.value" }: RuleList { rules: [Number], rule_logic: And, cascaded: false }} }} }, generators: Generators { categories: {} } }], pending: false, plugin_config: {"protobuf": {"service": String("Calculator/calculateOne"), "descriptorKey": String("a85dff8f82655a9681aad113575dcfbb")}}, interaction_markup: InteractionMarkup { markup: "```protobuf\nmessage ShapeMessage {\n    message .area_calculator.Rectangle rectangle = 2;\n}\n```\n\n```protobuf\nmessage AreaResponse {\n    float value = 1;\n}\n```\n", markup_type: "COMMON_MARK" }, transport: None }, method_descriptor: MethodDescriptorProto { name: Some("calculateOne"), input_type: Some(".area_calculator.ShapeMessage"), output_type: Some(".area_calculator.AreaResponse"), options: Some(MethodOptions { deprecated: None, idempotency_level: None, uninterpreted_option: [] }), client_streaming: None, server_streaming: None }, input_message: DescriptorProto { name: Some("ShapeMessage"), field: [FieldDescriptorProto { name: Some("square"), number: Some(1), label: Some(Optional), r#type: Some(Message), type_name: Some(".area_calculator.Square"), extendee: None, default_value: None, oneof_index: Some(0), json_name: Some("square"), options: None, proto3_optional: None }, FieldDescriptorProto { name: Some("rectangle"), number: Some(2), label: Some(Optional), r#type: Some(Message), type_name: Some(".area_calculator.Rectangle"), extendee: None, default_value: None, oneof_index: Some(0), json_name: Some("rectangle"), options: None, proto3_optional: None }, FieldDescriptorProto { name: Some("circle"), number: Some(3), label: Some(Optional), r#type: Some(Message), type_name: Some(".area_calculator.Circle"), extendee: None, default_value: None, oneof_index: Some(0), json_name: Some("circle"), options: None, proto3_optional: None }, FieldDescriptorProto { name: Some("triangle"), number: Some(4), label: Some(Optional), r#type: Some(Message), type_name: Some(".area_calculator.Triangle"), extendee: None, default_value: None, oneof_index: Some(0), json_name: Some("triangle"), options: None, proto3_optional: None }, FieldDescriptorProto { name: Some("parallelogram"), number: Some(5), label: Some(Optional), r#type: Some(Message), type_name: Some(".area_calculator.Parallelogram"), extendee: None, default_value: None, oneof_index: Some(0), json_name: Some("parallelogram"), options: None, proto3_optional: None }], extension: [], nested_type: [], enum_type: [], extension_range: [], oneof_decl: [OneofDescriptorProto { name: Some("shape"), options: None }], options: None, reserved_range: [], reserved_name: [] }, output_message: DescriptorProto { name: Some("AreaResponse"), field: [FieldDescriptorProto { name: Some("value"), number: Some(1), label: Some(Repeated), r#type: Some(Float), type_name: None, extendee: None, default_value: None, oneof_index: None, json_name: Some("value"), options: None, proto3_optional: None }], extension: [], nested_type: [], enum_type: [], extension_range: [], oneof_decl: [], options: None, reserved_range: [], reserved_name: [] }, server_key: "5cae5f82-fec2-43c6-9739-60d0383d84ec" } ?[3mrequest?[0m?[2m=?[0mDynamicMessage { descriptor: DescriptorProto { name: Some("ShapeMessage"), field: [FieldDescriptorProto { name: Some("square"), number: Some(1), label: Some(Optional), r#type: Some(Message), type_name: Some(".area_calculator.Square"), extendee: None, default_value: None, oneof_index: Some(0), json_name: Some("square"), options: None, proto3_optional: None }, FieldDescriptorProto { name: Some("rectangle"), number: Some(2), label: Some(Optional), r#type: Some(Message), type_name: Some(".area_calculator.Rectangle"), extendee: None, default_value: None, oneof_index: Some(0), json_name: Some("rectangle"), options: None, proto3_optional: None }, FieldDescriptorProto { name: Some("circle"), number: Some(3), label: Some(Optional), r#type: Some(Message), type_name: Some(".area_calculator.Circle"), extendee: None, default_value: None, oneof_index: Some(0), json_name: Some("circle"), options: None, proto3_optional: None }, FieldDescriptorProto { name: Some("triangle"), number: Some(4), label: Some(Optional), r#type: Some(Message), type_name: Some(".area_calculator.Triangle"), extendee: None, default_value: None, oneof_index: Some(0), json_name: Some("triangle"), options: None, proto3_optional: None }, FieldDescriptorProto { name: Some("parallelogram"), number: Some(5), label: Some(Optional), r#type: Some(Message), type_name: Some(".area_calculator.Parallelogram"), extendee: None, default_value: None, oneof_index: Some(0), json_name: Some("parallelogram"), options: None, proto3_optional: None }], extension: [], nested_type: [], enum_type: [], extension_range: [], oneof_decl: [OneofDescriptorProto { name: Some("shape"), options: None }], options: None, reserved_range: [], reserved_name: [] }, fields: [ProtobufField { field_num: 2, wire_type: LengthDelimited, data: Message([13, 0, 0, 64, 64, 21, 0, 0, 128, 64], DescriptorProto { name: Some("Rectangle"), field: [FieldDescriptorProto { name: Some("length"), number: Some(1), label: Some(Optional), r#type: Some(Float), type_name: None, extendee: None, default_value: None, oneof_index: None, json_name: Some("length"), options: None, proto3_optional: None }, FieldDescriptorProto { name: Some("width"), number: Some(2), label: Some(Optional), r#type: Some(Float), type_name: None, extendee: None, default_value: None, oneof_index: None, json_name: Some("width"), options: None, proto3_optional: None }], extension: [], nested_type: [], enum_type: [], extension_range: [], oneof_decl: [], options: None, reserved_range: [], reserved_name: [] }) }] } ?[3mmessage_descriptor?[0m?[2m=?[0mDescriptorProto { name: Some("ShapeMessage"), field: [FieldDescriptorProto { name: Some("square"), number: Some(1), label: Some(Optional), r#type: Some(Message), type_name: Some(".area_calculator.Square"), extendee: None, default_value: None, oneof_index: Some(0), json_name: Some("square"), options: None, proto3_optional: None }, FieldDescriptorProto { name: Some("rectangle"), number: Some(2), label: Some(Optional), r#type: Some(Message), type_name: Some(".area_calculator.Rectangle"), extendee: None, default_value: None, oneof_index: Some(0), json_name: Some("rectangle"), options: None, proto3_optional: None }, FieldDescriptorProto { name: Some("circle"), number: Some(3), label: Some(Optional), r#type: Some(Message), type_name: Some(".area_calculator.Circle"), extendee: None, default_value: None, oneof_index: Some(0), json_name: Some("circle"), options: None, proto3_optional: None }, FieldDescriptorProto { name: Some("triangle"), number: Some(4), label: Some(Optional), r#type: Some(Message), type_name: Some(".area_calculator.Triangle"), extendee: None, default_value: None, oneof_index: Some(0), json_name: Some("triangle"), options: None, proto3_optional: None }, FieldDescriptorProto { name: Some("parallelogram"), number: Some(5), label: Some(Optional), r#type: Some(Message), type_name: Some(".area_calculator.Parallelogram"), extendee: None, default_value: None, oneof_index: Some(0), json_name: Some("parallelogram"), options: None, proto3_optional: None }], extension: [], nested_type: [], enum_type: [], extension_range: [], oneof_decl: [OneofDescriptorProto { name: Some("shape"), options: None }], options: None, reserved_range: [], reserved_name: [] } ?[3mresponse_descriptor?[0m?[2m=?[0mDescriptorProto { name: Some("AreaResponse"), field: [FieldDescriptorProto { name: Some("value"), number: Some(1), label: Some(Repeated), r#type: Some(Float), type_name: None, extendee: None, default_value: None, oneof_index: None, json_name: Some("value"), options: None, proto3_optional: None }], extension: [], nested_type: [], enum_type: [], extension_range: [], oneof_decl: [], options: None, reserved_range: [], reserved_name: [] }?[1m}?[0m?[2m:?[0m ?[2mpact_models::path_exp?[0m?[2m:?[0m Calculating weight for path tokens '[Root, Field("rectangle"), Field("width")]' and path '["$", "rectangle", "length"]'
15:05:16.534 [Thread-5] DEBUG i.pact.plugins.jvm.core.ChildProcess - Plugin protobuf [46038] || ?[2m2023-03-27T09:35:16.533702Z?[0m ?[35mTRACE?[0m tokio-runtime-worker ?[1mrequest?[0m?[1m{?[0m?[3mmethod?[0m?[2m=?[0mPOST ?[3muri?[0m?[2m=?[0mhttp://127.0.0.1:53791/area_calculator.Calculator/calculateOne ?[3mversion?[0m?[2m=?[0mHTTP/2.0?[1m}?[0m?[2m:?[0m?[1mcall?[0m?[1m{?[0m?[3mself?[0m?[2m=?[0mGrpcMockServer { pact: V4Pact { consumer: Consumer { name: "grpc-consumer-jvm" }, provider: Provider { name: "area-calculator-provider" }, interactions: [SynchronousMessage { id: None, key: Some("c7fbe3ee"), description: "calculate rectangle area request", provider_states: [], comments: {"testname": String("io.pact.example.grpc.consumer.PactConsumerTest.calculateRectangleArea(MockServer, SynchronousMessages)")}, request: MessageContents { contents: Present(b"\x12\n\r\0\0@@\x15\0\0\x80@", Some(ContentType { main_type: "application", sub_type: "protobuf", attributes: {"message": "ShapeMessage"}, suffix: None }), Some(BINARY)), metadata: {}, matching_rules: MatchingRules { rules: {BODY: MatchingRuleCategory { name: BODY, rules: {DocPath { path_tokens: [Root, Field("rectangle"), Field("length")], expr: "$.rectangle.length" }: RuleList { rules: [Number], rule_logic: And, cascaded: false }, DocPath { path_tokens: [Root, Field("rectangle"), Field("width")], expr: "$.rectangle.width" }: RuleList { rules: [Number], rule_logic: And, cascaded: false }} }} }, generators: Generators { categories: {} } }, response: [MessageContents { contents: Present(b"\r\0\0@A", Some(ContentType { main_type: "application", sub_type: "protobuf", attributes: {"message": "AreaResponse"}, suffix: None }), Some(BINARY)), metadata: {}, matching_rules: MatchingRules { rules: {BODY: MatchingRuleCategory { name: BODY, rules: {DocPath { path_tokens: [Root, Field("value")], expr: "$.value" }: RuleList { rules: [Number], rule_logic: And, cascaded: false }} }} }, generators: Generators { categories: {} } }], pending: false, plugin_config: {"protobuf": {"service": String("Calculator/calculateOne"), "descriptorKey": String("a85dff8f82655a9681aad113575dcfbb")}}, interaction_markup: InteractionMarkup { markup: "```protobuf\nmessage ShapeMessage {\n    message .area_calculator.Rectangle rectangle = 2;\n}\n```\n\n```protobuf\nmessage AreaResponse {\n    float value = 1;\n}\n```\n", markup_type: "COMMON_MARK" }, transport: None }], metadata: {"pact-jvm": Object({"version": String("4.4.2")}), "pactSpecification": Object({"version": String("4.0")})}, plugin_data: [PluginData { name: "protobuf", version: "0.1.5", configuration: {"a85dff8f82655a9681aad113575dcfbb": Object({"protoDescriptors": String("CsoHChVhcmVhX2NhbGN1bGF0b3IucHJvdG8SD2FyZWFfY2FsY3VsYXRvciK6AgoMU2hhcGVNZXNzYWdlEjEKBnNxdWFyZRgBIAEoCzIXLmFyZWFfY2FsY3VsYXRvci5TcXVhcmVIAFIGc3F1YXJlEjoKCXJlY3RhbmdsZRgCIAEoCzIaLmFyZWFfY2FsY3VsYXRvci5SZWN0YW5nbGVIAFIJcmVjdGFuZ2xlEjEKBmNpcmNsZRgDIAEoCzIXLmFyZWFfY2FsY3VsYXRvci5DaXJjbGVIAFIGY2lyY2xlEjcKCHRyaWFuZ2xlGAQgASgLMhkuYXJlYV9jYWxjdWxhdG9yLlRyaWFuZ2xlSABSCHRyaWFuZ2xlEkYKDXBhcmFsbGVsb2dyYW0YBSABKAsyHi5hcmVhX2NhbGN1bGF0b3IuUGFyYWxsZWxvZ3JhbUgAUg1wYXJhbGxlbG9ncmFtQgcKBXNoYXBlIikKBlNxdWFyZRIfCgtlZGdlX2xlbmd0aBgBIAEoAlIKZWRnZUxlbmd0aCI5CglSZWN0YW5nbGUSFgoGbGVuZ3RoGAEgASgCUgZsZW5ndGgSFAoFd2lkdGgYAiABKAJSBXdpZHRoIiAKBkNpcmNsZRIWCgZyYWRpdXMYASABKAJSBnJhZGl1cyJPCghUcmlhbmdsZRIVCgZlZGdlX2EYASABKAJSBWVkZ2VBEhUKBmVkZ2VfYhgCIAEoAlIFZWRnZUISFQoGZWRnZV9jGAMgASgCUgVlZGdlQyJICg1QYXJhbGxlbG9ncmFtEh8KC2Jhc2VfbGVuZ3RoGAEgASgCUgpiYXNlTGVuZ3RoEhYKBmhlaWdodBgCIAEoAlIGaGVpZ2h0IkQKC0FyZWFSZXF1ZXN0EjUKBnNoYXBlcxgBIAMoCzIdLmFyZWFfY2FsY3VsYXRvci5TaGFwZU1lc3NhZ2VSBnNoYXBlcyIkCgxBcmVhUmVzcG9uc2USFAoFdmFsdWUYASADKAJSBXZhbHVlMq0BCgpDYWxjdWxhdG9yEk4KDGNhbGN1bGF0ZU9uZRIdLmFyZWFfY2FsY3VsYXRvci5TaGFwZU1lc3NhZ2UaHS5hcmVhX2NhbGN1bGF0b3IuQXJlYVJlc3BvbnNlIgASTwoOY2FsY3VsYXRlTXVsdGkSHC5hcmVhX2NhbGN1bGF0b3IuQXJlYVJlcXVlc3QaHS5hcmVhX2NhbGN1bGF0b3IuQXJlYVJlc3BvbnNlIgBCHFoXaW8ucGFjdC9hcmVhX2NhbGN1bGF0b3LQAgFiBnByb3RvMw=="), "protoFile": String("syntax = \"proto3\";\n\npackage area_calculator;\n\noption php_generic_services = true;\noption go_package = \"io.pact/area_calculator\";\n\nservice Calculator {\n  rpc calculateOne (ShapeMessage) returns (AreaResponse) {}\n  rpc calculateMulti (AreaRequest) returns (AreaResponse) {}\n}\n\nmessage ShapeMessage {\n  oneof shape {\n    Square square = 1;\n    Rectangle rectangle = 2;\n    Circle circle = 3;\n    Triangle triangle = 4;\n    Parallelogram parallelogram = 5;\n  }\n}\n\nmessage Square {\n  float edge_length = 1;\n}\n\nmessage Rectangle {\n  float length = 1;\n  float width = 2;\n}\n\nmessage Circle {\n  float radius = 1;\n}\n\nmessage Triangle {\n  float edge_a = 1;\n  float edge_b = 2;\n  float edge_c = 3;\n}\n\nmessage Parallelogram {\n  float base_length = 1;\n  float height = 2;\n}\n\nmessage AreaRequest {\n  repeated ShapeMessage shapes = 1;\n}\n\nmessage AreaResponse {\n  repeated float value = 1;\n}\n")})} }] }, plugin_config: PluginData { name: "protobuf", version: "0.1.5", configuration: {"a85dff8f82655a9681aad113575dcfbb": Object({"protoDescriptors": String("CsoHChVhcmVhX2NhbGN1bGF0b3IucHJvdG8SD2FyZWFfY2FsY3VsYXRvciK6AgoMU2hhcGVNZXNzYWdlEjEKBnNxdWFyZRgBIAEoCzIXLmFyZWFfY2FsY3VsYXRvci5TcXVhcmVIAFIGc3F1YXJlEjoKCXJlY3RhbmdsZRgCIAEoCzIaLmFyZWFfY2FsY3VsYXRvci5SZWN0YW5nbGVIAFIJcmVjdGFuZ2xlEjEKBmNpcmNsZRgDIAEoCzIXLmFyZWFfY2FsY3VsYXRvci5DaXJjbGVIAFIGY2lyY2xlEjcKCHRyaWFuZ2xlGAQgASgLMhkuYXJlYV9jYWxjdWxhdG9yLlRyaWFuZ2xlSABSCHRyaWFuZ2xlEkYKDXBhcmFsbGVsb2dyYW0YBSABKAsyHi5hcmVhX2NhbGN1bGF0b3IuUGFyYWxsZWxvZ3JhbUgAUg1wYXJhbGxlbG9ncmFtQgcKBXNoYXBlIikKBlNxdWFyZRIfCgtlZGdlX2xlbmd0aBgBIAEoAlIKZWRnZUxlbmd0aCI5CglSZWN0YW5nbGUSFgoGbGVuZ3RoGAEgASgCUgZsZW5ndGgSFAoFd2lkdGgYAiABKAJSBXdpZHRoIiAKBkNpcmNsZRIWCgZyYWRpdXMYASABKAJSBnJhZGl1cyJPCghUcmlhbmdsZRIVCgZlZGdlX2EYASABKAJSBWVkZ2VBEhUKBmVkZ2VfYhgCIAEoAlIFZWRnZUISFQoGZWRnZV9jGAMgASgCUgVlZGdlQyJICg1QYXJhbGxlbG9ncmFtEh8KC2Jhc2VfbGVuZ3RoGAEgASgCUgpiYXNlTGVuZ3RoEhYKBmhlaWdodBgCIAEoAlIGaGVpZ2h0IkQKC0FyZWFSZXF1ZXN0EjUKBnNoYXBlcxgBIAMoCzIdLmFyZWFfY2FsY3VsYXRvci5TaGFwZU1lc3NhZ2VSBnNoYXBlcyIkCgxBcmVhUmVzcG9uc2USFAoFdmFsdWUYASADKAJSBXZhbHVlMq0BCgpDYWxjdWxhdG9yEk4KDGNhbGN1bGF0ZU9uZRIdLmFyZWFfY2FsY3VsYXRvci5TaGFwZU1lc3NhZ2UaHS5hcmVhX2NhbGN1bGF0b3IuQXJlYVJlc3BvbnNlIgASTwoOY2FsY3VsYXRlTXVsdGkSHC5hcmVhX2NhbGN1bGF0b3IuQXJlYVJlcXVlc3QaHS5hcmVhX2NhbGN1bGF0b3IuQXJlYVJlc3BvbnNlIgBCHFoXaW8ucGFjdC9hcmVhX2NhbGN1bGF0b3LQAgFiBnByb3RvMw=="), "protoFile": String("syntax = \"proto3\";\n\npackage area_calculator;\n\noption php_generic_services = true;\noption go_package = \"io.pact/area_calculator\";\n\nservice Calculator {\n  rpc calculateOne (ShapeMessage) returns (AreaResponse) {}\n  rpc calculateMulti (AreaRequest) returns (AreaResponse) {}\n}\n\nmessage ShapeMessage {\n  oneof shape {\n    Square square = 1;\n    Rectangle rectangle = 2;\n    Circle circle = 3;\n    Triangle triangle = 4;\n    Parallelogram parallelogram = 5;\n  }\n}\n\nmessage Square {\n  float edge_length = 1;\n}\n\nmessage Rectangle {\n  float length = 1;\n  float width = 2;\n}\n\nmessage Circle {\n  float radius = 1;\n}\n\nmessage Triangle {\n  float edge_a = 1;\n  float edge_b = 2;\n  float edge_c = 3;\n}\n\nmessage Parallelogram {\n  float base_length = 1;\n  float height = 2;\n}\n\nmessage AreaRequest {\n  repeated ShapeMessage shapes = 1;\n}\n\nmessage AreaResponse {\n  repeated float value = 1;\n}\n")})} }, descriptors: {"a85dff8f82655a9681aad113575dcfbb": FileDescriptorSet { file: [FileDescriptorProto { name: Some("area_calculator.proto"), package: Some("area_calculator"), dependency: [], public_dependency: [], weak_dependency: [], message_type: [DescriptorProto { name: Some("ShapeMessage"), field: [FieldDescriptorProto { name: Some("square"), number: Some(1), label: Some(Optional), r#type: Some(Message), type_name: Some(".area_calculator.Square"), extendee: None, default_value: None, oneof_index: Some(0), json_name: Some("square"), options: None, proto3_optional: None }, FieldDescriptorProto { name: Some("rectangle"), number: Some(2), label: Some(Optional), r#type: Some(Message), type_name: Some(".area_calculator.Rectangle"), extendee: None, default_value: None, oneof_index: Some(0), json_name: Some("rectangle"), options: None, proto3_optional: None }, FieldDescriptorProto { name: Some("circle"), number: Some(3), label: Some(Optional), r#type: Some(Message), type_name: Some(".area_calculator.Circle"), extendee: None, default_value: None, oneof_index: Some(0), json_name: Some("circle"), options: None, proto3_optional: None }, FieldDescriptorProto { name: Some("triangle"), number: Some(4), label: Some(Optional), r#type: Some(Message), type_name: Some(".area_calculator.Triangle"), extendee: None, default_value: None, oneof_index: Some(0), json_name: Some("triangle"), options: None, proto3_optional: None }, FieldDescriptorProto { name: Some("parallelogram"), number: Some(5), label: Some(Optional), r#type: Some(Message), type_name: Some(".area_calculator.Parallelogram"), extendee: None, default_value: None, oneof_index: Some(0), json_name: Some("parallelogram"), options: None, proto3_optional: None }], extension: [], nested_type: [], enum_type: [], extension_range: [], oneof_decl: [OneofDescriptorProto { name: Some("shape"), options: None }], options: None, reserved_range: [], reserved_name: [] }, DescriptorProto { name: Some("Square"), field: [FieldDescriptorProto { name: Some("edge_length"), number: Some(1), label: Some(Optional), r#type: Some(Float), type_name: None, extendee: None, default_value: None, oneof_index: None, json_name: Some("edgeLength"), options: None, proto3_optional: None }], extension: [], nested_type: [], enum_type: [], extension_range: [], oneof_decl: [], options: None, reserved_range: [], reserved_name: [] }, DescriptorProto { name: Some("Rectangle"), field: [FieldDescriptorProto { name: Some("length"), number: Some(1), label: Some(Optional), r#type: Some(Float), type_name: None, extendee: None, default_value: None, oneof_index: None, json_name: Some("length"), options: None, proto3_optional: None }, FieldDescriptorProto { name: Some("width"), number: Some(2), label: Some(Optional), r#type: Some(Float), type_name: None, extendee: None, default_value: None, oneof_index: None, json_name: Some("width"), options: None, proto3_optional: None }], extension: [], nested_type: [], enum_type: [], extension_range: [], oneof_decl: [], options: None, reserved_range: [], reserved_name: [] }, DescriptorProto { name: Some("Circle"), field: [FieldDescriptorProto { name: Some("radius"), number: Some(1), label: Some(Optional), r#type: Some(Float), type_name: None, extendee: None, default_value: None, oneof_index: None, json_name: Some("radius"), options: None, proto3_optional: None }], extension: [], nested_type: [], enum_type: [], extension_range: [], oneof_decl: [], options: None, reserved_range: [], reserved_name: [] }, DescriptorProto { name: Some("Triangle"), field: [FieldDescriptorProto { name: Some("edge_a"), number: Some(1), label: Some(Optional), r#type: Some(Float), type_name: None, extendee: None, default_value: None, oneof_index: None, json_name: Some("edgeA"), options: None, proto3_optional: None }, FieldDescriptorProto { name: Some("edge_b"), number: Some(2), label: Some(Optional), r#type: Some(Float), type_name: None, extendee: None, default_value: None, oneof_index: None, json_name: Some("edgeB"), options: None, proto3_optional: None }, FieldDescriptorProto { name: Some("edge_c"), number: Some(3), label: Some(Optional), r#type: Some(Float), type_name: None, extendee: None, default_value: None, oneof_index: None, json_name: Some("edgeC"), options: None, proto3_optional: None }], extension: [], nested_type: [], enum_type: [], extension_range: [], oneof_decl: [], options: None, reserved_range: [], reserved_name: [] }, DescriptorProto { name: Some("Parallelogram"), field: [FieldDescriptorProto { name: Some("base_length"), number: Some(1), label: Some(Optional), r#type: Some(Float), type_name: None, extendee: None, default_value: None, oneof_index: None, json_name: Some("baseLength"), options: None, proto3_optional: None }, FieldDescriptorProto { name: Some("height"), number: Some(2), label: Some(Optional), r#type: Some(Float), type_name: None, extendee: None, default_value: None, oneof_index: None, json_name: Some("height"), options: None, proto3_optional: None }], extension: [], nested_type: [], enum_type: [], extension_range: [], oneof_decl: [], options: None, reserved_range: [], reserved_name: [] }, DescriptorProto { name: Some("AreaRequest"), field: [FieldDescriptorProto { name: Some("shapes"), number: Some(1), label: Some(Repeated), r#type: Some(Message), type_name: Some(".area_calculator.ShapeMessage"), extendee: None, default_value: None, oneof_index: None, json_name: Some("shapes"), options: None, proto3_optional: None }], extension: [], nested_type: [], enum_type: [], extension_range: [], oneof_decl: [], options: None, reserved_range: [], reserved_name: [] }, DescriptorProto { name: Some("AreaResponse"), field: [FieldDescriptorProto { name: Some("value"), number: Some(1), label: Some(Repeated), r#type: Some(Float), type_name: None, extendee: None, default_value: None, oneof_index: None, json_name: Some("value"), options: None, proto3_optional: None }], extension: [], nested_type: [], enum_type: [], extension_range: [], oneof_decl: [], options: None, reserved_range: [], reserved_name: [] }], enum_type: [], service: [ServiceDescriptorProto { name: Some("Calculator"), method: [MethodDescriptorProto { name: Some("calculateOne"), input_type: Some(".area_calculator.ShapeMessage"), output_type: Some(".area_calculator.AreaResponse"), options: Some(MethodOptions { deprecated: None, idempotency_level: None, uninterpreted_option: [] }), client_streaming: None, server_streaming: None }, MethodDescriptorProto { name: Some("calculateMulti"), input_type: Some(".area_calculator.AreaRequest"), output_type: Some(".area_calculator.AreaResponse"), options: Some(MethodOptions { deprecated: None, idempotency_level: None, uninterpreted_option: [] }), client_streaming: None, server_streaming: None }], options: None }], extension: [], options: Some(FileOptions { java_package: None, java_outer_classname: None, java_multiple_files: None, java_generate_equals_and_hash: None, java_string_check_utf8: None, optimize_for: None, go_package: Some("io.pact/area_calculator"), cc_generic_services: None, java_generic_services: None, py_generic_services: None, php_generic_services: Some(true), deprecated: None, cc_enable_arenas: None, objc_class_prefix: None, csharp_namespace: None, swift_prefix: None, php_class_prefix: None, php_namespace: None, php_metadata_namespace: None, ruby_package: None, uninterpreted_option: [] }), source_code_info: None, syntax: Some("proto3") }] }}, routes: {"Calculator/calculateOne": (FileDescriptorSet { file: [FileDescriptorProto { name: Some("area_calculator.proto"), package: Some("area_calculator"), dependency: [], public_dependency: [], weak_dependency: [], message_type: [DescriptorProto { name: Some("ShapeMessage"), field: [FieldDescriptorProto { name: Some("square"), number: Some(1), label: Some(Optional), r#type: Some(Message), type_name: Some(".area_calculator.Square"), extendee: None, default_value: None, oneof_index: Some(0), json_name: Some("square"), options: None, proto3_optional: None }, FieldDescriptorProto { name: Some("rectangle"), number: Some(2), label: Some(Optional), r#type: Some(Message), type_name: Some(".area_calculator.Rectangle"), extendee: None, default_value: None, oneof_index: Some(0), json_name: Some("rectangle"), options: None, proto3_optional: None }, FieldDescriptorProto { name: Some("circle"), number: Some(3), label: Some(Optional), r#type: Some(Message), type_name: Some(".area_calculator.Circle"), extendee: None, default_value: None, oneof_index: Some(0), json_name: Some("circle"), options: None, proto3_optional: None }, FieldDescriptorProto { name: Some("triangle"), number: Some(4), label: Some(Optional), r#type: Some(Message), type_name: Some(".area_calculator.Triangle"), extendee: None, default_value: None, oneof_index: Some(0), json_name: Some("triangle"), options: None, proto3_optional: None }, FieldDescriptorProto { name: Some("parallelogram"), number: Some(5), label: Some(Optional), r#type: Some(Message), type_name: Some(".area_calculator.Parallelogram"), extendee: None, default_value: None, oneof_index: Some(0), json_name: Some("parallelogram"), options: None, proto3_optional: None }], extension: [], nested_type: [], enum_type: [], extension_range: [], oneof_decl: [OneofDescriptorProto { name: Some("shape"), options: None }], options: None, reserved_range: [], reserved_name: [] }, DescriptorProto { name: Some("Square"), field: [FieldDescriptorProto { name: Some("edge_length"), number: Some(1), label: Some(Optional), r#type: Some(Float), type_name: None, extendee: None, default_value: None, oneof_index: None, json_name: Some("edgeLength"), options: None, proto3_optional: None }], extension: [], nested_type: [], enum_type: [], extension_range: [], oneof_decl: [], options: None, reserved_range: [], reserved_name: [] }, DescriptorProto { name: Some("Rectangle"), field: [FieldDescriptorProto { name: Some("length"), number: Some(1), label: Some(Optional), r#type: Some(Float), type_name: None, extendee: None, default_value: None, oneof_index: None, json_name: Some("length"), options: None, proto3_optional: None }, FieldDescriptorProto { name: Some("width"), number: Some(2), label: Some(Optional), r#type: Some(Float), type_name: None, extendee: None, default_value: None, oneof_index: None, json_name: Some("width"), options: None, proto3_optional: None }], extension: [], nested_type: [], enum_type: [], extension_range: [], oneof_decl: [], options: None, reserved_range: [], reserved_name: [] }, DescriptorProto { name: Some("Circle"), field: [FieldDescriptorProto { name: Some("radius"), number: Some(1), label: Some(Optional), r#type: Some(Float), type_name: None, extendee: None, default_value: None, oneof_index: None, json_name: Some("radius"), options: None, proto3_optional: None }], extension: [], nested_type: [], enum_type: [], extension_range: [], oneof_decl: [], options: None, reserved_range: [], reserved_name: [] }, DescriptorProto { name: Some("Triangle"), field: [FieldDescriptorProto { name: Some("edge_a"), number: Some(1), label: Some(Optional), r#type: Some(Float), type_name: None, extendee: None, default_value: None, oneof_index: None, json_name: Some("edgeA"), options: None, proto3_optional: None }, FieldDescriptorProto { name: Some("edge_b"), number: Some(2), label: Some(Optional), r#type: Some(Float), type_name: None, extendee: None, default_value: None, oneof_index: None, json_name: Some("edgeB"), options: None, proto3_optional: None }, FieldDescriptorProto { name: Some("edge_c"), number: Some(3), label: Some(Optional), r#type: Some(Float), type_name: None, extendee: None, default_value: None, oneof_index: None, json_name: Some("edgeC"), options: None, proto3_optional: None }], extension: [], nested_type: [], enum_type: [], extension_range: [], oneof_decl: [], options: None, reserved_range: [], reserved_name: [] }, DescriptorProto { name: Some("Parallelogram"), field: [FieldDescriptorProto { name: Some("base_length"), number: Some(1), label: Some(Optional), r#type: Some(Float), type_name: None, extendee: None, default_value: None, oneof_index: None, json_name: Some("baseLength"), options: None, proto3_optional: None }, FieldDescriptorProto { name: Some("height"), number: Some(2), label: Some(Optional), r#type: Some(Float), type_name: None, extendee: None, default_value: None, oneof_index: None, json_name: Some("height"), options: None, proto3_optional: None }], extension: [], nested_type: [], enum_type: [], extension_range: [], oneof_decl: [], options: None, reserved_range: [], reserved_name: [] }, DescriptorProto { name: Some("AreaRequest"), field: [FieldDescriptorProto { name: Some("shapes"), number: Some(1), label: Some(Repeated), r#type: Some(Message), type_name: Some(".area_calculator.ShapeMessage"), extendee: None, default_value: None, oneof_index: None, json_name: Some("shapes"), options: None, proto3_optional: None }], extension: [], nested_type: [], enum_type: [], extension_range: [], oneof_decl: [], options: None, reserved_range: [], reserved_name: [] }, DescriptorProto { name: Some("AreaResponse"), field: [FieldDescriptorProto { name: Some("value"), number: Some(1), label: Some(Repeated), r#type: Some(Float), type_name: None, extendee: None, default_value: None, oneof_index: None, json_name: Some("value"), options: None, proto3_optional: None }], extension: [], nested_type: [], enum_type: [], extension_range: [], oneof_decl: [], options: None, reserved_range: [], reserved_name: [] }], enum_type: [], service: [ServiceDescriptorProto { name: Some("Calculator"), method: [MethodDescriptorProto { name: Some("calculateOne"), input_type: Some(".area_calculator.ShapeMessage"), output_type: Some(".area_calculator.AreaResponse"), options: Some(MethodOptions { deprecated: None, idempotency_level: None, uninterpreted_option: [] }), client_streaming: None, server_streaming: None }, MethodDescriptorProto { name: Some("calculateMulti"), input_type: Some(".area_calculator.AreaRequest"), output_type: Some(".area_calculator.AreaResponse"), options: Some(MethodOptions { deprecated: None, idempotency_level: None, uninterpreted_option: [] }), client_streaming: None, server_streaming: None }], options: None }], extension: [], options: Some(FileOptions { java_package: None, java_outer_classname: None, java_multiple_files: None, java_generate_equals_and_hash: None, java_string_check_utf8: None, optimize_for: None, go_package: Some("io.pact/area_calculator"), cc_generic_services: None, java_generic_services: None, py_generic_services: None, php_generic_services: Some(true), deprecated: None, cc_enable_arenas: None, objc_class_prefix: None, csharp_namespace: None, swift_prefix: None, php_class_prefix: None, php_namespace: None, php_metadata_namespace: None, ruby_package: None, uninterpreted_option: [] }), source_code_info: None, syntax: Some("proto3") }] }, MethodDescriptorProto { name: Some("calculateOne"), input_type: Some(".area_calculator.ShapeMessage"), output_type: Some(".area_calculator.AreaResponse"), options: Some(MethodOptions { deprecated: None, idempotency_level: None, uninterpreted_option: [] }), client_streaming: None, server_streaming: None }, SynchronousMessage { id: None, key: Some("c7fbe3ee"), description: "calculate rectangle area request", provider_states: [], comments: {"testname": String("io.pact.example.grpc.consumer.PactConsumerTest.calculateRectangleArea(MockServer, SynchronousMessages)")}, request: MessageContents { contents: Present(b"\x12\n\r\0\0@@\x15\0\0\x80@", Some(ContentType { main_type: "application", sub_type: "protobuf", attributes: {"message": "ShapeMessage"}, suffix: None }), Some(BINARY)), metadata: {}, matching_rules: MatchingRules { rules: {BODY: MatchingRuleCategory { name: BODY, rules: {DocPath { path_tokens: [Root, Field("rectangle"), Field("length")], expr: "$.rectangle.length" }: RuleList { rules: [Number], rule_logic: And, cascaded: false }, DocPath { path_tokens: [Root, Field("rectangle"), Field("width")], expr: "$.rectangle.width" }: RuleList { rules: [Number], rule_logic: And, cascaded: false }} }} }, generators: Generators { categories: {} } }, response: [MessageContents { contents: Present(b"\r\0\0@A", Some(ContentType { main_type: "application", sub_type: "protobuf", attributes: {"message": "AreaResponse"}, suffix: None }), Some(BINARY)), metadata: {}, matching_rules: MatchingRules { rules: {BODY: MatchingRuleCategory { name: BODY, rules: {DocPath { path_tokens: [Root, Field("value")], expr: "$.value" }: RuleList { rules: [Number], rule_logic: And, cascaded: false }} }} }, generators: Generators { categories: {} } }], pending: false, plugin_config: {"protobuf": {"service": String("Calculator/calculateOne"), "descriptorKey": String("a85dff8f82655a9681aad113575dcfbb")}}, interaction_markup: InteractionMarkup { markup: "```protobuf\nmessage ShapeMessage {\n    message .area_calculator.Rectangle rectangle = 2;\n}\n```\n\n```protobuf\nmessage AreaResponse {\n    float value = 1;\n}\n```\n", markup_type: "COMMON_MARK" }, transport: None })}, server_key: "5cae5f82-fec2-43c6-9739-60d0383d84ec" } ?[3mreq?[0m?[2m=?[0mRequest { method: POST, uri: http://127.0.0.1:53791/area_calculator.Calculator/calculateOne, version: HTTP/2.0, headers: {"content-type": "application/grpc", "te": "trailers", "user-agent": "grpc-java-netty/1.49.0", "grpc-accept-encoding": "gzip"}, body: Body(Streaming) }?[1m}?[0m?[2m:?[0m?[1mmock_server_handler?[0m?[1m{?[0m?[3mkey?[0m?[2m=?[0m"5cae5f82-fec2-43c6-9739-60d0383d84ec"?[1m}?[0m?[2m:?[0m?[1mhandle_message?[0m?[1m{?[0m?[3mself?[0m?[2m=?[0mMockService { file_descriptor_set: FileDescriptorSet { file: [FileDescriptorProto { name: Some("area_calculator.proto"), package: Some("area_calculator"), dependency: [], public_dependency: [], weak_dependency: [], message_type: [DescriptorProto { name: Some("ShapeMessage"), field: [FieldDescriptorProto { name: Some("square"), number: Some(1), label: Some(Optional), r#type: Some(Message), type_name: Some(".area_calculator.Square"), extendee: None, default_value: None, oneof_index: Some(0), json_name: Some("square"), options: None, proto3_optional: None }, FieldDescriptorProto { name: Some("rectangle"), number: Some(2), label: Some(Optional), r#type: Some(Message), type_name: Some(".area_calculator.Rectangle"), extendee: None, default_value: None, oneof_index: Some(0), json_name: Some("rectangle"), options: None, proto3_optional: None }, FieldDescriptorProto { name: Some("circle"), number: Some(3), label: Some(Optional), r#type: Some(Message), type_name: Some(".area_calculator.Circle"), extendee: None, default_value: None, oneof_index: Some(0), json_name: Some("circle"), options: None, proto3_optional: None }, FieldDescriptorProto { name: Some("triangle"), number: Some(4), label: Some(Optional), r#type: Some(Message), type_name: Some(".area_calculator.Triangle"), extendee: None, default_value: None, oneof_index: Some(0), json_name: Some("triangle"), options: None, proto3_optional: None }, FieldDescriptorProto { name: Some("parallelogram"), number: Some(5), label: Some(Optional), r#type: Some(Message), type_name: Some(".area_calculator.Parallelogram"), extendee: None, default_value: None, oneof_index: Some(0), json_name: Some("parallelogram"), options: None, proto3_optional: None }], extension: [], nested_type: [], enum_type: [], extension_range: [], oneof_decl: [OneofDescriptorProto { name: Some("shape"), options: None }], options: None, reserved_range: [], reserved_name: [] }, DescriptorProto { name: Some("Square"), field: [FieldDescriptorProto { name: Some("edge_length"), number: Some(1), label: Some(Optional), r#type: Some(Float), type_name: None, extendee: None, default_value: None, oneof_index: None, json_name: Some("edgeLength"), options: None, proto3_optional: None }], extension: [], nested_type: [], enum_type: [], extension_range: [], oneof_decl: [], options: None, reserved_range: [], reserved_name: [] }, DescriptorProto { name: Some("Rectangle"), field: [FieldDescriptorProto { name: Some("length"), number: Some(1), label: Some(Optional), r#type: Some(Float), type_name: None, extendee: None, default_value: None, oneof_index: None, json_name: Some("length"), options: None, proto3_optional: None }, FieldDescriptorProto { name: Some("width"), number: Some(2), label: Some(Optional), r#type: Some(Float), type_name: None, extendee: None, default_value: None, oneof_index: None, json_name: Some("width"), options: None, proto3_optional: None }], extension: [], nested_type: [], enum_type: [], extension_range: [], oneof_decl: [], options: None, reserved_range: [], reserved_name: [] }, DescriptorProto { name: Some("Circle"), field: [FieldDescriptorProto { name: Some("radius"), number: Some(1), label: Some(Optional), r#type: Some(Float), type_name: None, extendee: None, default_value: None, oneof_index: None, json_name: Some("radius"), options: None, proto3_optional: None }], extension: [], nested_type: [], enum_type: [], extension_range: [], oneof_decl: [], options: None, reserved_range: [], reserved_name: [] }, DescriptorProto { name: Some("Triangle"), field: [FieldDescriptorProto { name: Some("edge_a"), number: Some(1), label: Some(Optional), r#type: Some(Float), type_name: None, extendee: None, default_value: None, oneof_index: None, json_name: Some("edgeA"), options: None, proto3_optional: None }, FieldDescriptorProto { name: Some("edge_b"), number: Some(2), label: Some(Optional), r#type: Some(Float), type_name: None, extendee: None, default_value: None, oneof_index: None, json_name: Some("edgeB"), options: None, proto3_optional: None }, FieldDescriptorProto { name: Some("edge_c"), number: Some(3), label: Some(Optional), r#type: Some(Float), type_name: None, extendee: None, default_value: None, oneof_index: None, json_name: Some("edgeC"), options: None, proto3_optional: None }], extension: [], nested_type: [], enum_type: [], extension_range: [], oneof_decl: [], options: None, reserved_range: [], reserved_name: [] }, DescriptorProto { name: Some("Parallelogram"), field: [FieldDescriptorProto { name: Some("base_length"), number: Some(1), label: Some(Optional), r#type: Some(Float), type_name: None, extendee: None, default_value: None, oneof_index: None, json_name: Some("baseLength"), options: None, proto3_optional: None }, FieldDescriptorProto { name: Some("height"), number: Some(2), label: Some(Optional), r#type: Some(Float), type_name: None, extendee: None, default_value: None, oneof_index: None, json_name: Some("height"), options: None, proto3_optional: None }], extension: [], nested_type: [], enum_type: [], extension_range: [], oneof_decl: [], options: None, reserved_range: [], reserved_name: [] }, DescriptorProto { name: Some("AreaRequest"), field: [FieldDescriptorProto { name: Some("shapes"), number: Some(1), label: Some(Repeated), r#type: Some(Message), type_name: Some(".area_calculator.ShapeMessage"), extendee: None, default_value: None, oneof_index: None, json_name: Some("shapes"), options: None, proto3_optional: None }], extension: [], nested_type: [], enum_type: [], extension_range: [], oneof_decl: [], options: None, reserved_range: [], reserved_name: [] }, DescriptorProto { name: Some("AreaResponse"), field: [FieldDescriptorProto { name: Some("value"), number: Some(1), label: Some(Repeated), r#type: Some(Float), type_name: None, extendee: None, default_value: None, oneof_index: None, json_name: Some("value"), options: None, proto3_optional: None }], extension: [], nested_type: [], enum_type: [], extension_range: [], oneof_decl: [], options: None, reserved_range: [], reserved_name: [] }], enum_type: [], service: [ServiceDescriptorProto { name: Some("Calculator"), method: [MethodDescriptorProto { name: Some("calculateOne"), input_type: Some(".area_calculator.ShapeMessage"), output_type: Some(".area_calculator.AreaResponse"), options: Some(MethodOptions { deprecated: None, idempotency_level: None, uninterpreted_option: [] }), client_streaming: None, server_streaming: None }, MethodDescriptorProto { name: Some("calculateMulti"), input_type: Some(".area_calculator.AreaRequest"), output_type: Some(".area_calculator.AreaResponse"), options: Some(MethodOptions { deprecated: None, idempotency_level: None, uninterpreted_option: [] }), client_streaming: None, server_streaming: None }], options: None }], extension: [], options: Some(FileOptions { java_package: None, java_outer_classname: None, java_multiple_files: None, java_generate_equals_and_hash: None, java_string_check_utf8: None, optimize_for: None, go_package: Some("io.pact/area_calculator"), cc_generic_services: None, java_generic_services: None, py_generic_services: None, php_generic_services: Some(true), deprecated: None, cc_enable_arenas: None, objc_class_prefix: None, csharp_namespace: None, swift_prefix: None, php_class_prefix: None, php_namespace: None, php_metadata_namespace: None, ruby_package: None, uninterpreted_option: [] }), source_code_info: None, syntax: Some("proto3") }] }, service_name: "Calculator", message: SynchronousMessage { id: None, key: Some("c7fbe3ee"), description: "calculate rectangle area request", provider_states: [], comments: {"testname": String("io.pact.example.grpc.consumer.PactConsumerTest.calculateRectangleArea(MockServer, SynchronousMessages)")}, request: MessageContents { contents: Present(b"\x12\n\r\0\0@@\x15\0\0\x80@", Some(ContentType { main_type: "application", sub_type: "protobuf", attributes: {"message": "ShapeMessage"}, suffix: None }), Some(BINARY)), metadata: {}, matching_rules: MatchingRules { rules: {BODY: MatchingRuleCategory { name: BODY, rules: {DocPath { path_tokens: [Root, Field("rectangle"), Field("length")], expr: "$.rectangle.length" }: RuleList { rules: [Number], rule_logic: And, cascaded: false }, DocPath { path_tokens: [Root, Field("rectangle"), Field("width")], expr: "$.rectangle.width" }: RuleList { rules: [Number], rule_logic: And, cascaded: false }} }} }, generators: Generators { categories: {} } }, response: [MessageContents { contents: Present(b"\r\0\0@A", Some(ContentType { main_type: "application", sub_type: "protobuf", attributes: {"message": "AreaResponse"}, suffix: None }), Some(BINARY)), metadata: {}, matching_rules: MatchingRules { rules: {BODY: MatchingRuleCategory { name: BODY, rules: {DocPath { path_tokens: [Root, Field("value")], expr: "$.value" }: RuleList { rules: [Number], rule_logic: And, cascaded: false }} }} }, generators: Generators { categories: {} } }], pending: false, plugin_config: {"protobuf": {"service": String("Calculator/calculateOne"), "descriptorKey": String("a85dff8f82655a9681aad113575dcfbb")}}, interaction_markup: InteractionMarkup { markup: "```protobuf\nmessage ShapeMessage {\n    message .area_calculator.Rectangle rectangle = 2;\n}\n```\n\n```protobuf\nmessage AreaResponse {\n    float value = 1;\n}\n```\n", markup_type: "COMMON_MARK" }, transport: None }, method_descriptor: MethodDescriptorProto { name: Some("calculateOne"), input_type: Some(".area_calculator.ShapeMessage"), output_type: Some(".area_calculator.AreaResponse"), options: Some(MethodOptions { deprecated: None, idempotency_level: None, uninterpreted_option: [] }), client_streaming: None, server_streaming: None }, input_message: DescriptorProto { name: Some("ShapeMessage"), field: [FieldDescriptorProto { name: Some("square"), number: Some(1), label: Some(Optional), r#type: Some(Message), type_name: Some(".area_calculator.Square"), extendee: None, default_value: None, oneof_index: Some(0), json_name: Some("square"), options: None, proto3_optional: None }, FieldDescriptorProto { name: Some("rectangle"), number: Some(2), label: Some(Optional), r#type: Some(Message), type_name: Some(".area_calculator.Rectangle"), extendee: None, default_value: None, oneof_index: Some(0), json_name: Some("rectangle"), options: None, proto3_optional: None }, FieldDescriptorProto { name: Some("circle"), number: Some(3), label: Some(Optional), r#type: Some(Message), type_name: Some(".area_calculator.Circle"), extendee: None, default_value: None, oneof_index: Some(0), json_name: Some("circle"), options: None, proto3_optional: None }, FieldDescriptorProto { name: Some("triangle"), number: Some(4), label: Some(Optional), r#type: Some(Message), type_name: Some(".area_calculator.Triangle"), extendee: None, default_value: None, oneof_index: Some(0), json_name: Some("triangle"), options: None, proto3_optional: None }, FieldDescriptorProto { name: Some("parallelogram"), number: Some(5), label: Some(Optional), r#type: Some(Message), type_name: Some(".area_calculator.Parallelogram"), extendee: None, default_value: None, oneof_index: Some(0), json_name: Some("parallelogram"), options: None, proto3_optional: None }], extension: [], nested_type: [], enum_type: [], extension_range: [], oneof_decl: [OneofDescriptorProto { name: Some("shape"), options: None }], options: None, reserved_range: [], reserved_name: [] }, output_message: DescriptorProto { name: Some("AreaResponse"), field: [FieldDescriptorProto { name: Some("value"), number: Some(1), label: Some(Repeated), r#type: Some(Float), type_name: None, extendee: None, default_value: None, oneof_index: None, json_name: Some("value"), options: None, proto3_optional: None }], extension: [], nested_type: [], enum_type: [], extension_range: [], oneof_decl: [], options: None, reserved_range: [], reserved_name: [] }, server_key: "5cae5f82-fec2-43c6-9739-60d0383d84ec" } ?[3mrequest?[0m?[2m=?[0mDynamicMessage { descriptor: DescriptorProto { name: Some("ShapeMessage"), field: [FieldDescriptorProto { name: Some("square"), number: Some(1), label: Some(Optional), r#type: Some(Message), type_name: Some(".area_calculator.Square"), extendee: None, default_value: None, oneof_index: Some(0), json_name: Some("square"), options: None, proto3_optional: None }, FieldDescriptorProto { name: Some("rectangle"), number: Some(2), label: Some(Optional), r#type: Some(Message), type_name: Some(".area_calculator.Rectangle"), extendee: None, default_value: None, oneof_index: Some(0), json_name: Some("rectangle"), options: None, proto3_optional: None }, FieldDescriptorProto { name: Some("circle"), number: Some(3), label: Some(Optional), r#type: Some(Message), type_name: Some(".area_calculator.Circle"), extendee: None, default_value: None, oneof_index: Some(0), json_name: Some("circle"), options: None, proto3_optional: None }, FieldDescriptorProto { name: Some("triangle"), number: Some(4), label: Some(Optional), r#type: Some(Message), type_name: Some(".area_calculator.Triangle"), extendee: None, default_value: None, oneof_index: Some(0), json_name: Some("triangle"), options: None, proto3_optional: None }, FieldDescriptorProto { name: Some("parallelogram"), number: Some(5), label: Some(Optional), r#type: Some(Message), type_name: Some(".area_calculator.Parallelogram"), extendee: None, default_value: None, oneof_index: Some(0), json_name: Some("parallelogram"), options: None, proto3_optional: None }], extension: [], nested_type: [], enum_type: [], extension_range: [], oneof_decl: [OneofDescriptorProto { name: Some("shape"), options: None }], options: None, reserved_range: [], reserved_name: [] }, fields: [ProtobufField { field_num: 2, wire_type: LengthDelimited, data: Message([13, 0, 0, 64, 64, 21, 0, 0, 128, 64], DescriptorProto { name: Some("Rectangle"), field: [FieldDescriptorProto { name: Some("length"), number: Some(1), label: Some(Optional), r#type: Some(Float), type_name: None, extendee: None, default_value: None, oneof_index: None, json_name: Some("length"), options: None, proto3_optional: None }, FieldDescriptorProto { name: Some("width"), number: Some(2), label: Some(Optional), r#type: Some(Float), type_name: None, extendee: None, default_value: None, oneof_index: None, json_name: Some("width"), options: None, proto3_optional: None }], extension: [], nested_type: [], enum_type: [], extension_range: [], oneof_decl: [], options: None, reserved_range: [], reserved_name: [] }) }] } ?[3mmessage_descriptor?[0m?[2m=?[0mDescriptorProto { name: Some("ShapeMessage"), field: [FieldDescriptorProto { name: Some("square"), number: Some(1), label: Some(Optional), r#type: Some(Message), type_name: Some(".area_calculator.Square"), extendee: None, default_value: None, oneof_index: Some(0), json_name: Some("square"), options: None, proto3_optional: None }, FieldDescriptorProto { name: Some("rectangle"), number: Some(2), label: Some(Optional), r#type: Some(Message), type_name: Some(".area_calculator.Rectangle"), extendee: None, default_value: None, oneof_index: Some(0), json_name: Some("rectangle"), options: None, proto3_optional: None }, FieldDescriptorProto { name: Some("circle"), number: Some(3), label: Some(Optional), r#type: Some(Message), type_name: Some(".area_calculator.Circle"), extendee: None, default_value: None, oneof_index: Some(0), json_name: Some("circle"), options: None, proto3_optional: None }, FieldDescriptorProto { name: Some("triangle"), number: Some(4), label: Some(Optional), r#type: Some(Message), type_name: Some(".area_calculator.Triangle"), extendee: None, default_value: None, oneof_index: Some(0), json_name: Some("triangle"), options: None, proto3_optional: None }, FieldDescriptorProto { name: Some("parallelogram"), number: Some(5), label: Some(Optional), r#type: Some(Message), type_name: Some(".area_calculator.Parallelogram"), extendee: None, default_value: None, oneof_index: Some(0), json_name: Some("parallelogram"), options: None, proto3_optional: None }], extension: [], nested_type: [], enum_type: [], extension_range: [], oneof_decl: [OneofDescriptorProto { name: Some("shape"), options: None }], options: None, reserved_range: [], reserved_name: [] } ?[3mresponse_descriptor?[0m?[2m=?[0mDescriptorProto { name: Some("AreaResponse"), field: [FieldDescriptorProto { name: Some("value"), number: Some(1), label: Some(Repeated), r#type: Some(Float), type_name: None, extendee: None, default_value: None, oneof_index: None, json_name: Some("value"), options: None, proto3_optional: None }], extension: [], nested_type: [], enum_type: [], extension_range: [], oneof_decl: [], options: None, reserved_range: [], reserved_name: [] }?[1m}?[0m?[2m:?[0m ?[2mpact_models::path_exp?[0m?[2m:?[0m Calculated weight (0, 3) for path '$.rectangle.width' and '["$", "rectangle", "length"]'
15:05:16.535 [Thread-5] DEBUG i.pact.plugins.jvm.core.ChildProcess - Plugin protobuf [46038] || ?[2m2023-03-27T09:35:16.534222Z?[0m ?[35mTRACE?[0m tokio-runtime-worker ?[1mrequest?[0m?[1m{?[0m?[3mmethod?[0m?[2m=?[0mPOST ?[3muri?[0m?[2m=?[0mhttp://127.0.0.1:53791/area_calculator.Calculator/calculateOne ?[3mversion?[0m?[2m=?[0mHTTP/2.0?[1m}?[0m?[2m:?[0m?[1mcall?[0m?[1m{?[0m?[3mself?[0m?[2m=?[0mGrpcMockServer { pact: V4Pact { consumer: Consumer { name: "grpc-consumer-jvm" }, provider: Provider { name: "area-calculator-provider" }, interactions: [SynchronousMessage { id: None, key: Some("c7fbe3ee"), description: "calculate rectangle area request", provider_states: [], comments: {"testname": String("io.pact.example.grpc.consumer.PactConsumerTest.calculateRectangleArea(MockServer, SynchronousMessages)")}, request: MessageContents { contents: Present(b"\x12\n\r\0\0@@\x15\0\0\x80@", Some(ContentType { main_type: "application", sub_type: "protobuf", attributes: {"message": "ShapeMessage"}, suffix: None }), Some(BINARY)), metadata: {}, matching_rules: MatchingRules { rules: {BODY: MatchingRuleCategory { name: BODY, rules: {DocPath { path_tokens: [Root, Field("rectangle"), Field("length")], expr: "$.rectangle.length" }: RuleList { rules: [Number], rule_logic: And, cascaded: false }, DocPath { path_tokens: [Root, Field("rectangle"), Field("width")], expr: "$.rectangle.width" }: RuleList { rules: [Number], rule_logic: And, cascaded: false }} }} }, generators: Generators { categories: {} } }, response: [MessageContents { contents: Present(b"\r\0\0@A", Some(ContentType { main_type: "application", sub_type: "protobuf", attributes: {"message": "AreaResponse"}, suffix: None }), Some(BINARY)), metadata: {}, matching_rules: MatchingRules { rules: {BODY: MatchingRuleCategory { name: BODY, rules: {DocPath { path_tokens: [Root, Field("value")], expr: "$.value" }: RuleList { rules: [Number], rule_logic: And, cascaded: false }} }} }, generators: Generators { categories: {} } }], pending: false, plugin_config: {"protobuf": {"service": String("Calculator/calculateOne"), "descriptorKey": String("a85dff8f82655a9681aad113575dcfbb")}}, interaction_markup: InteractionMarkup { markup: "```protobuf\nmessage ShapeMessage {\n    message .area_calculator.Rectangle rectangle = 2;\n}\n```\n\n```protobuf\nmessage AreaResponse {\n    float value = 1;\n}\n```\n", markup_type: "COMMON_MARK" }, transport: None }], metadata: {"pact-jvm": Object({"version": String("4.4.2")}), "pactSpecification": Object({"version": String("4.0")})}, plugin_data: [PluginData { name: "protobuf", version: "0.1.5", configuration: {"a85dff8f82655a9681aad113575dcfbb": Object({"protoDescriptors": String("CsoHChVhcmVhX2NhbGN1bGF0b3IucHJvdG8SD2FyZWFfY2FsY3VsYXRvciK6AgoMU2hhcGVNZXNzYWdlEjEKBnNxdWFyZRgBIAEoCzIXLmFyZWFfY2FsY3VsYXRvci5TcXVhcmVIAFIGc3F1YXJlEjoKCXJlY3RhbmdsZRgCIAEoCzIaLmFyZWFfY2FsY3VsYXRvci5SZWN0YW5nbGVIAFIJcmVjdGFuZ2xlEjEKBmNpcmNsZRgDIAEoCzIXLmFyZWFfY2FsY3VsYXRvci5DaXJjbGVIAFIGY2lyY2xlEjcKCHRyaWFuZ2xlGAQgASgLMhkuYXJlYV9jYWxjdWxhdG9yLlRyaWFuZ2xlSABSCHRyaWFuZ2xlEkYKDXBhcmFsbGVsb2dyYW0YBSABKAsyHi5hcmVhX2NhbGN1bGF0b3IuUGFyYWxsZWxvZ3JhbUgAUg1wYXJhbGxlbG9ncmFtQgcKBXNoYXBlIikKBlNxdWFyZRIfCgtlZGdlX2xlbmd0aBgBIAEoAlIKZWRnZUxlbmd0aCI5CglSZWN0YW5nbGUSFgoGbGVuZ3RoGAEgASgCUgZsZW5ndGgSFAoFd2lkdGgYAiABKAJSBXdpZHRoIiAKBkNpcmNsZRIWCgZyYWRpdXMYASABKAJSBnJhZGl1cyJPCghUcmlhbmdsZRIVCgZlZGdlX2EYASABKAJSBWVkZ2VBEhUKBmVkZ2VfYhgCIAEoAlIFZWRnZUISFQoGZWRnZV9jGAMgASgCUgVlZGdlQyJICg1QYXJhbGxlbG9ncmFtEh8KC2Jhc2VfbGVuZ3RoGAEgASgCUgpiYXNlTGVuZ3RoEhYKBmhlaWdodBgCIAEoAlIGaGVpZ2h0IkQKC0FyZWFSZXF1ZXN0EjUKBnNoYXBlcxgBIAMoCzIdLmFyZWFfY2FsY3VsYXRvci5TaGFwZU1lc3NhZ2VSBnNoYXBlcyIkCgxBcmVhUmVzcG9uc2USFAoFdmFsdWUYASADKAJSBXZhbHVlMq0BCgpDYWxjdWxhdG9yEk4KDGNhbGN1bGF0ZU9uZRIdLmFyZWFfY2FsY3VsYXRvci5TaGFwZU1lc3NhZ2UaHS5hcmVhX2NhbGN1bGF0b3IuQXJlYVJlc3BvbnNlIgASTwoOY2FsY3VsYXRlTXVsdGkSHC5hcmVhX2NhbGN1bGF0b3IuQXJlYVJlcXVlc3QaHS5hcmVhX2NhbGN1bGF0b3IuQXJlYVJlc3BvbnNlIgBCHFoXaW8ucGFjdC9hcmVhX2NhbGN1bGF0b3LQAgFiBnByb3RvMw=="), "protoFile": String("syntax = \"proto3\";\n\npackage area_calculator;\n\noption php_generic_services = true;\noption go_package = \"io.pact/area_calculator\";\n\nservice Calculator {\n  rpc calculateOne (ShapeMessage) returns (AreaResponse) {}\n  rpc calculateMulti (AreaRequest) returns (AreaResponse) {}\n}\n\nmessage ShapeMessage {\n  oneof shape {\n    Square square = 1;\n    Rectangle rectangle = 2;\n    Circle circle = 3;\n    Triangle triangle = 4;\n    Parallelogram parallelogram = 5;\n  }\n}\n\nmessage Square {\n  float edge_length = 1;\n}\n\nmessage Rectangle {\n  float length = 1;\n  float width = 2;\n}\n\nmessage Circle {\n  float radius = 1;\n}\n\nmessage Triangle {\n  float edge_a = 1;\n  float edge_b = 2;\n  float edge_c = 3;\n}\n\nmessage Parallelogram {\n  float base_length = 1;\n  float height = 2;\n}\n\nmessage AreaRequest {\n  repeated ShapeMessage shapes = 1;\n}\n\nmessage AreaResponse {\n  repeated float value = 1;\n}\n")})} }] }, plugin_config: PluginData { name: "protobuf", version: "0.1.5", configuration: {"a85dff8f82655a9681aad113575dcfbb": Object({"protoDescriptors": String("CsoHChVhcmVhX2NhbGN1bGF0b3IucHJvdG8SD2FyZWFfY2FsY3VsYXRvciK6AgoMU2hhcGVNZXNzYWdlEjEKBnNxdWFyZRgBIAEoCzIXLmFyZWFfY2FsY3VsYXRvci5TcXVhcmVIAFIGc3F1YXJlEjoKCXJlY3RhbmdsZRgCIAEoCzIaLmFyZWFfY2FsY3VsYXRvci5SZWN0YW5nbGVIAFIJcmVjdGFuZ2xlEjEKBmNpcmNsZRgDIAEoCzIXLmFyZWFfY2FsY3VsYXRvci5DaXJjbGVIAFIGY2lyY2xlEjcKCHRyaWFuZ2xlGAQgASgLMhkuYXJlYV9jYWxjdWxhdG9yLlRyaWFuZ2xlSABSCHRyaWFuZ2xlEkYKDXBhcmFsbGVsb2dyYW0YBSABKAsyHi5hcmVhX2NhbGN1bGF0b3IuUGFyYWxsZWxvZ3JhbUgAUg1wYXJhbGxlbG9ncmFtQgcKBXNoYXBlIikKBlNxdWFyZRIfCgtlZGdlX2xlbmd0aBgBIAEoAlIKZWRnZUxlbmd0aCI5CglSZWN0YW5nbGUSFgoGbGVuZ3RoGAEgASgCUgZsZW5ndGgSFAoFd2lkdGgYAiABKAJSBXdpZHRoIiAKBkNpcmNsZRIWCgZyYWRpdXMYASABKAJSBnJhZGl1cyJPCghUcmlhbmdsZRIVCgZlZGdlX2EYASABKAJSBWVkZ2VBEhUKBmVkZ2VfYhgCIAEoAlIFZWRnZUISFQoGZWRnZV9jGAMgASgCUgVlZGdlQyJICg1QYXJhbGxlbG9ncmFtEh8KC2Jhc2VfbGVuZ3RoGAEgASgCUgpiYXNlTGVuZ3RoEhYKBmhlaWdodBgCIAEoAlIGaGVpZ2h0IkQKC0FyZWFSZXF1ZXN0EjUKBnNoYXBlcxgBIAMoCzIdLmFyZWFfY2FsY3VsYXRvci5TaGFwZU1lc3NhZ2VSBnNoYXBlcyIkCgxBcmVhUmVzcG9uc2USFAoFdmFsdWUYASADKAJSBXZhbHVlMq0BCgpDYWxjdWxhdG9yEk4KDGNhbGN1bGF0ZU9uZRIdLmFyZWFfY2FsY3VsYXRvci5TaGFwZU1lc3NhZ2UaHS5hcmVhX2NhbGN1bGF0b3IuQXJlYVJlc3BvbnNlIgASTwoOY2FsY3VsYXRlTXVsdGkSHC5hcmVhX2NhbGN1bGF0b3IuQXJlYVJlcXVlc3QaHS5hcmVhX2NhbGN1bGF0b3IuQXJlYVJlc3BvbnNlIgBCHFoXaW8ucGFjdC9hcmVhX2NhbGN1bGF0b3LQAgFiBnByb3RvMw=="), "protoFile": String("syntax = \"proto3\";\n\npackage area_calculator;\n\noption php_generic_services = true;\noption go_package = \"io.pact/area_calculator\";\n\nservice Calculator {\n  rpc calculateOne (ShapeMessage) returns (AreaResponse) {}\n  rpc calculateMulti (AreaRequest) returns (AreaResponse) {}\n}\n\nmessage ShapeMessage {\n  oneof shape {\n    Square square = 1;\n    Rectangle rectangle = 2;\n    Circle circle = 3;\n    Triangle triangle = 4;\n    Parallelogram parallelogram = 5;\n  }\n}\n\nmessage Square {\n  float edge_length = 1;\n}\n\nmessage Rectangle {\n  float length = 1;\n  float width = 2;\n}\n\nmessage Circle {\n  float radius = 1;\n}\n\nmessage Triangle {\n  float edge_a = 1;\n  float edge_b = 2;\n  float edge_c = 3;\n}\n\nmessage Parallelogram {\n  float base_length = 1;\n  float height = 2;\n}\n\nmessage AreaRequest {\n  repeated ShapeMessage shapes = 1;\n}\n\nmessage AreaResponse {\n  repeated float value = 1;\n}\n")})} }, descriptors: {"a85dff8f82655a9681aad113575dcfbb": FileDescriptorSet { file: [FileDescriptorProto { name: Some("area_calculator.proto"), package: Some("area_calculator"), dependency: [], public_dependency: [], weak_dependency: [], message_type: [DescriptorProto { name: Some("ShapeMessage"), field: [FieldDescriptorProto { name: Some("square"), number: Some(1), label: Some(Optional), r#type: Some(Message), type_name: Some(".area_calculator.Square"), extendee: None, default_value: None, oneof_index: Some(0), json_name: Some("square"), options: None, proto3_optional: None }, FieldDescriptorProto { name: Some("rectangle"), number: Some(2), label: Some(Optional), r#type: Some(Message), type_name: Some(".area_calculator.Rectangle"), extendee: None, default_value: None, oneof_index: Some(0), json_name: Some("rectangle"), options: None, proto3_optional: None }, FieldDescriptorProto { name: Some("circle"), number: Some(3), label: Some(Optional), r#type: Some(Message), type_name: Some(".area_calculator.Circle"), extendee: None, default_value: None, oneof_index: Some(0), json_name: Some("circle"), options: None, proto3_optional: None }, FieldDescriptorProto { name: Some("triangle"), number: Some(4), label: Some(Optional), r#type: Some(Message), type_name: Some(".area_calculator.Triangle"), extendee: None, default_value: None, oneof_index: Some(0), json_name: Some("triangle"), options: None, proto3_optional: None }, FieldDescriptorProto { name: Some("parallelogram"), number: Some(5), label: Some(Optional), r#type: Some(Message), type_name: Some(".area_calculator.Parallelogram"), extendee: None, default_value: None, oneof_index: Some(0), json_name: Some("parallelogram"), options: None, proto3_optional: None }], extension: [], nested_type: [], enum_type: [], extension_range: [], oneof_decl: [OneofDescriptorProto { name: Some("shape"), options: None }], options: None, reserved_range: [], reserved_name: [] }, DescriptorProto { name: Some("Square"), field: [FieldDescriptorProto { name: Some("edge_length"), number: Some(1), label: Some(Optional), r#type: Some(Float), type_name: None, extendee: None, default_value: None, oneof_index: None, json_name: Some("edgeLength"), options: None, proto3_optional: None }], extension: [], nested_type: [], enum_type: [], extension_range: [], oneof_decl: [], options: None, reserved_range: [], reserved_name: [] }, DescriptorProto { name: Some("Rectangle"), field: [FieldDescriptorProto { name: Some("length"), number: Some(1), label: Some(Optional), r#type: Some(Float), type_name: None, extendee: None, default_value: None, oneof_index: None, json_name: Some("length"), options: None, proto3_optional: None }, FieldDescriptorProto { name: Some("width"), number: Some(2), label: Some(Optional), r#type: Some(Float), type_name: None, extendee: None, default_value: None, oneof_index: None, json_name: Some("width"), options: None, proto3_optional: None }], extension: [], nested_type: [], enum_type: [], extension_range: [], oneof_decl: [], options: None, reserved_range: [], reserved_name: [] }, DescriptorProto { name: Some("Circle"), field: [FieldDescriptorProto { name: Some("radius"), number: Some(1), label: Some(Optional), r#type: Some(Float), type_name: None, extendee: None, default_value: None, oneof_index: None, json_name: Some("radius"), options: None, proto3_optional: None }], extension: [], nested_type: [], enum_type: [], extension_range: [], oneof_decl: [], options: None, reserved_range: [], reserved_name: [] }, DescriptorProto { name: Some("Triangle"), field: [FieldDescriptorProto { name: Some("edge_a"), number: Some(1), label: Some(Optional), r#type: Some(Float), type_name: None, extendee: None, default_value: None, oneof_index: None, json_name: Some("edgeA"), options: None, proto3_optional: None }, FieldDescriptorProto { name: Some("edge_b"), number: Some(2), label: Some(Optional), r#type: Some(Float), type_name: None, extendee: None, default_value: None, oneof_index: None, json_name: Some("edgeB"), options: None, proto3_optional: None }, FieldDescriptorProto { name: Some("edge_c"), number: Some(3), label: Some(Optional), r#type: Some(Float), type_name: None, extendee: None, default_value: None, oneof_index: None, json_name: Some("edgeC"), options: None, proto3_optional: None }], extension: [], nested_type: [], enum_type: [], extension_range: [], oneof_decl: [], options: None, reserved_range: [], reserved_name: [] }, DescriptorProto { name: Some("Parallelogram"), field: [FieldDescriptorProto { name: Some("base_length"), number: Some(1), label: Some(Optional), r#type: Some(Float), type_name: None, extendee: None, default_value: None, oneof_index: None, json_name: Some("baseLength"), options: None, proto3_optional: None }, FieldDescriptorProto { name: Some("height"), number: Some(2), label: Some(Optional), r#type: Some(Float), type_name: None, extendee: None, default_value: None, oneof_index: None, json_name: Some("height"), options: None, proto3_optional: None }], extension: [], nested_type: [], enum_type: [], extension_range: [], oneof_decl: [], options: None, reserved_range: [], reserved_name: [] }, DescriptorProto { name: Some("AreaRequest"), field: [FieldDescriptorProto { name: Some("shapes"), number: Some(1), label: Some(Repeated), r#type: Some(Message), type_name: Some(".area_calculator.ShapeMessage"), extendee: None, default_value: None, oneof_index: None, json_name: Some("shapes"), options: None, proto3_optional: None }], extension: [], nested_type: [], enum_type: [], extension_range: [], oneof_decl: [], options: None, reserved_range: [], reserved_name: [] }, DescriptorProto { name: Some("AreaResponse"), field: [FieldDescriptorProto { name: Some("value"), number: Some(1), label: Some(Repeated), r#type: Some(Float), type_name: None, extendee: None, default_value: None, oneof_index: None, json_name: Some("value"), options: None, proto3_optional: None }], extension: [], nested_type: [], enum_type: [], extension_range: [], oneof_decl: [], options: None, reserved_range: [], reserved_name: [] }], enum_type: [], service: [ServiceDescriptorProto { name: Some("Calculator"), method: [MethodDescriptorProto { name: Some("calculateOne"), input_type: Some(".area_calculator.ShapeMessage"), output_type: Some(".area_calculator.AreaResponse"), options: Some(MethodOptions { deprecated: None, idempotency_level: None, uninterpreted_option: [] }), client_streaming: None, server_streaming: None }, MethodDescriptorProto { name: Some("calculateMulti"), input_type: Some(".area_calculator.AreaRequest"), output_type: Some(".area_calculator.AreaResponse"), options: Some(MethodOptions { deprecated: None, idempotency_level: None, uninterpreted_option: [] }), client_streaming: None, server_streaming: None }], options: None }], extension: [], options: Some(FileOptions { java_package: None, java_outer_classname: None, java_multiple_files: None, java_generate_equals_and_hash: None, java_string_check_utf8: None, optimize_for: None, go_package: Some("io.pact/area_calculator"), cc_generic_services: None, java_generic_services: None, py_generic_services: None, php_generic_services: Some(true), deprecated: None, cc_enable_arenas: None, objc_class_prefix: None, csharp_namespace: None, swift_prefix: None, php_class_prefix: None, php_namespace: None, php_metadata_namespace: None, ruby_package: None, uninterpreted_option: [] }), source_code_info: None, syntax: Some("proto3") }] }}, routes: {"Calculator/calculateOne": (FileDescriptorSet { file: [FileDescriptorProto { name: Some("area_calculator.proto"), package: Some("area_calculator"), dependency: [], public_dependency: [], weak_dependency: [], message_type: [DescriptorProto { name: Some("ShapeMessage"), field: [FieldDescriptorProto { name: Some("square"), number: Some(1), label: Some(Optional), r#type: Some(Message), type_name: Some(".area_calculator.Square"), extendee: None, default_value: None, oneof_index: Some(0), json_name: Some("square"), options: None, proto3_optional: None }, FieldDescriptorProto { name: Some("rectangle"), number: Some(2), label: Some(Optional), r#type: Some(Message), type_name: Some(".area_calculator.Rectangle"), extendee: None, default_value: None, oneof_index: Some(0), json_name: Some("rectangle"), options: None, proto3_optional: None }, FieldDescriptorProto { name: Some("circle"), number: Some(3), label: Some(Optional), r#type: Some(Message), type_name: Some(".area_calculator.Circle"), extendee: None, default_value: None, oneof_index: Some(0), json_name: Some("circle"), options: None, proto3_optional: None }, FieldDescriptorProto { name: Some("triangle"), number: Some(4), label: Some(Optional), r#type: Some(Message), type_name: Some(".area_calculator.Triangle"), extendee: None, default_value: None, oneof_index: Some(0), json_name: Some("triangle"), options: None, proto3_optional: None }, FieldDescriptorProto { name: Some("parallelogram"), number: Some(5), label: Some(Optional), r#type: Some(Message), type_name: Some(".area_calculator.Parallelogram"), extendee: None, default_value: None, oneof_index: Some(0), json_name: Some("parallelogram"), options: None, proto3_optional: None }], extension: [], nested_type: [], enum_type: [], extension_range: [], oneof_decl: [OneofDescriptorProto { name: Some("shape"), options: None }], options: None, reserved_range: [], reserved_name: [] }, DescriptorProto { name: Some("Square"), field: [FieldDescriptorProto { name: Some("edge_length"), number: Some(1), label: Some(Optional), r#type: Some(Float), type_name: None, extendee: None, default_value: None, oneof_index: None, json_name: Some("edgeLength"), options: None, proto3_optional: None }], extension: [], nested_type: [], enum_type: [], extension_range: [], oneof_decl: [], options: None, reserved_range: [], reserved_name: [] }, DescriptorProto { name: Some("Rectangle"), field: [FieldDescriptorProto { name: Some("length"), number: Some(1), label: Some(Optional), r#type: Some(Float), type_name: None, extendee: None, default_value: None, oneof_index: None, json_name: Some("length"), options: None, proto3_optional: None }, FieldDescriptorProto { name: Some("width"), number: Some(2), label: Some(Optional), r#type: Some(Float), type_name: None, extendee: None, default_value: None, oneof_index: None, json_name: Some("width"), options: None, proto3_optional: None }], extension: [], nested_type: [], enum_type: [], extension_range: [], oneof_decl: [], options: None, reserved_range: [], reserved_name: [] }, DescriptorProto { name: Some("Circle"), field: [FieldDescriptorProto { name: Some("radius"), number: Some(1), label: Some(Optional), r#type: Some(Float), type_name: None, extendee: None, default_value: None, oneof_index: None, json_name: Some("radius"), options: None, proto3_optional: None }], extension: [], nested_type: [], enum_type: [], extension_range: [], oneof_decl: [], options: None, reserved_range: [], reserved_name: [] }, DescriptorProto { name: Some("Triangle"), field: [FieldDescriptorProto { name: Some("edge_a"), number: Some(1), label: Some(Optional), r#type: Some(Float), type_name: None, extendee: None, default_value: None, oneof_index: None, json_name: Some("edgeA"), options: None, proto3_optional: None }, FieldDescriptorProto { name: Some("edge_b"), number: Some(2), label: Some(Optional), r#type: Some(Float), type_name: None, extendee: None, default_value: None, oneof_index: None, json_name: Some("edgeB"), options: None, proto3_optional: None }, FieldDescriptorProto { name: Some("edge_c"), number: Some(3), label: Some(Optional), r#type: Some(Float), type_name: None, extendee: None, default_value: None, oneof_index: None, json_name: Some("edgeC"), options: None, proto3_optional: None }], extension: [], nested_type: [], enum_type: [], extension_range: [], oneof_decl: [], options: None, reserved_range: [], reserved_name: [] }, DescriptorProto { name: Some("Parallelogram"), field: [FieldDescriptorProto { name: Some("base_length"), number: Some(1), label: Some(Optional), r#type: Some(Float), type_name: None, extendee: None, default_value: None, oneof_index: None, json_name: Some("baseLength"), options: None, proto3_optional: None }, FieldDescriptorProto { name: Some("height"), number: Some(2), label: Some(Optional), r#type: Some(Float), type_name: None, extendee: None, default_value: None, oneof_index: None, json_name: Some("height"), options: None, proto3_optional: None }], extension: [], nested_type: [], enum_type: [], extension_range: [], oneof_decl: [], options: None, reserved_range: [], reserved_name: [] }, DescriptorProto { name: Some("AreaRequest"), field: [FieldDescriptorProto { name: Some("shapes"), number: Some(1), label: Some(Repeated), r#type: Some(Message), type_name: Some(".area_calculator.ShapeMessage"), extendee: None, default_value: None, oneof_index: None, json_name: Some("shapes"), options: None, proto3_optional: None }], extension: [], nested_type: [], enum_type: [], extension_range: [], oneof_decl: [], options: None, reserved_range: [], reserved_name: [] }, DescriptorProto { name: Some("AreaResponse"), field: [FieldDescriptorProto { name: Some("value"), number: Some(1), label: Some(Repeated), r#type: Some(Float), type_name: None, extendee: None, default_value: None, oneof_index: None, json_name: Some("value"), options: None, proto3_optional: None }], extension: [], nested_type: [], enum_type: [], extension_range: [], oneof_decl: [], options: None, reserved_range: [], reserved_name: [] }], enum_type: [], service: [ServiceDescriptorProto { name: Some("Calculator"), method: [MethodDescriptorProto { name: Some("calculateOne"), input_type: Some(".area_calculator.ShapeMessage"), output_type: Some(".area_calculator.AreaResponse"), options: Some(MethodOptions { deprecated: None, idempotency_level: None, uninterpreted_option: [] }), client_streaming: None, server_streaming: None }, MethodDescriptorProto { name: Some("calculateMulti"), input_type: Some(".area_calculator.AreaRequest"), output_type: Some(".area_calculator.AreaResponse"), options: Some(MethodOptions { deprecated: None, idempotency_level: None, uninterpreted_option: [] }), client_streaming: None, server_streaming: None }], options: None }], extension: [], options: Some(FileOptions { java_package: None, java_outer_classname: None, java_multiple_files: None, java_generate_equals_and_hash: None, java_string_check_utf8: None, optimize_for: None, go_package: Some("io.pact/area_calculator"), cc_generic_services: None, java_generic_services: None, py_generic_services: None, php_generic_services: Some(true), deprecated: None, cc_enable_arenas: None, objc_class_prefix: None, csharp_namespace: None, swift_prefix: None, php_class_prefix: None, php_namespace: None, php_metadata_namespace: None, ruby_package: None, uninterpreted_option: [] }), source_code_info: None, syntax: Some("proto3") }] }, MethodDescriptorProto { name: Some("calculateOne"), input_type: Some(".area_calculator.ShapeMessage"), output_type: Some(".area_calculator.AreaResponse"), options: Some(MethodOptions { deprecated: None, idempotency_level: None, uninterpreted_option: [] }), client_streaming: None, server_streaming: None }, SynchronousMessage { id: None, key: Some("c7fbe3ee"), description: "calculate rectangle area request", provider_states: [], comments: {"testname": String("io.pact.example.grpc.consumer.PactConsumerTest.calculateRectangleArea(MockServer, SynchronousMessages)")}, request: MessageContents { contents: Present(b"\x12\n\r\0\0@@\x15\0\0\x80@", Some(ContentType { main_type: "application", sub_type: "protobuf", attributes: {"message": "ShapeMessage"}, suffix: None }), Some(BINARY)), metadata: {}, matching_rules: MatchingRules { rules: {BODY: MatchingRuleCategory { name: BODY, rules: {DocPath { path_tokens: [Root, Field("rectangle"), Field("length")], expr: "$.rectangle.length" }: RuleList { rules: [Number], rule_logic: And, cascaded: false }, DocPath { path_tokens: [Root, Field("rectangle"), Field("width")], expr: "$.rectangle.width" }: RuleList { rules: [Number], rule_logic: And, cascaded: false }} }} }, generators: Generators { categories: {} } }, response: [MessageContents { contents: Present(b"\r\0\0@A", Some(ContentType { main_type: "application", sub_type: "protobuf", attributes: {"message": "AreaResponse"}, suffix: None }), Some(BINARY)), metadata: {}, matching_rules: MatchingRules { rules: {BODY: MatchingRuleCategory { name: BODY, rules: {DocPath { path_tokens: [Root, Field("value")], expr: "$.value" }: RuleList { rules: [Number], rule_logic: And, cascaded: false }} }} }, generators: Generators { categories: {} } }], pending: false, plugin_config: {"protobuf": {"service": String("Calculator/calculateOne"), "descriptorKey": String("a85dff8f82655a9681aad113575dcfbb")}}, interaction_markup: InteractionMarkup { markup: "```protobuf\nmessage ShapeMessage {\n    message .area_calculator.Rectangle rectangle = 2;\n}\n```\n\n```protobuf\nmessage AreaResponse {\n    float value = 1;\n}\n```\n", markup_type: "COMMON_MARK" }, transport: None })}, server_key: "5cae5f82-fec2-43c6-9739-60d0383d84ec" } ?[3mreq?[0m?[2m=?[0mRequest { method: POST, uri: http://127.0.0.1:53791/area_calculator.Calculator/calculateOne, version: HTTP/2.0, headers: {"content-type": "application/grpc", "te": "trailers", "user-agent": "grpc-java-netty/1.49.0", "grpc-accept-encoding": "gzip"}, body: Body(Streaming) }?[1m}?[0m?[2m:?[0m?[1mmock_server_handler?[0m?[1m{?[0m?[3mkey?[0m?[2m=?[0m"5cae5f82-fec2-43c6-9739-60d0383d84ec"?[1m}?[0m?[2m:?[0m?[1mhandle_message?[0m?[1m{?[0m?[3mself?[0m?[2m=?[0mMockService { file_descriptor_set: FileDescriptorSet { file: [FileDescriptorProto { name: Some("area_calculator.proto"), package: Some("area_calculator"), dependency: [], public_dependency: [], weak_dependency: [], message_type: [DescriptorProto { name: Some("ShapeMessage"), field: [FieldDescriptorProto { name: Some("square"), number: Some(1), label: Some(Optional), r#type: Some(Message), type_name: Some(".area_calculator.Square"), extendee: None, default_value: None, oneof_index: Some(0), json_name: Some("square"), options: None, proto3_optional: None }, FieldDescriptorProto { name: Some("rectangle"), number: Some(2), label: Some(Optional), r#type: Some(Message), type_name: Some(".area_calculator.Rectangle"), extendee: None, default_value: None, oneof_index: Some(0), json_name: Some("rectangle"), options: None, proto3_optional: None }, FieldDescriptorProto { name: Some("circle"), number: Some(3), label: Some(Optional), r#type: Some(Message), type_name: Some(".area_calculator.Circle"), extendee: None, default_value: None, oneof_index: Some(0), json_name: Some("circle"), options: None, proto3_optional: None }, FieldDescriptorProto { name: Some("triangle"), number: Some(4), label: Some(Optional), r#type: Some(Message), type_name: Some(".area_calculator.Triangle"), extendee: None, default_value: None, oneof_index: Some(0), json_name: Some("triangle"), options: None, proto3_optional: None }, FieldDescriptorProto { name: Some("parallelogram"), number: Some(5), label: Some(Optional), r#type: Some(Message), type_name: Some(".area_calculator.Parallelogram"), extendee: None, default_value: None, oneof_index: Some(0), json_name: Some("parallelogram"), options: None, proto3_optional: None }], extension: [], nested_type: [], enum_type: [], extension_range: [], oneof_decl: [OneofDescriptorProto { name: Some("shape"), options: None }], options: None, reserved_range: [], reserved_name: [] }, DescriptorProto { name: Some("Square"), field: [FieldDescriptorProto { name: Some("edge_length"), number: Some(1), label: Some(Optional), r#type: Some(Float), type_name: None, extendee: None, default_value: None, oneof_index: None, json_name: Some("edgeLength"), options: None, proto3_optional: None }], extension: [], nested_type: [], enum_type: [], extension_range: [], oneof_decl: [], options: None, reserved_range: [], reserved_name: [] }, DescriptorProto { name: Some("Rectangle"), field: [FieldDescriptorProto { name: Some("length"), number: Some(1), label: Some(Optional), r#type: Some(Float), type_name: None, extendee: None, default_value: None, oneof_index: None, json_name: Some("length"), options: None, proto3_optional: None }, FieldDescriptorProto { name: Some("width"), number: Some(2), label: Some(Optional), r#type: Some(Float), type_name: None, extendee: None, default_value: None, oneof_index: None, json_name: Some("width"), options: None, proto3_optional: None }], extension: [], nested_type: [], enum_type: [], extension_range: [], oneof_decl: [], options: None, reserved_range: [], reserved_name: [] }, DescriptorProto { name: Some("Circle"), field: [FieldDescriptorProto { name: Some("radius"), number: Some(1), label: Some(Optional), r#type: Some(Float), type_name: None, extendee: None, default_value: None, oneof_index: None, json_name: Some("radius"), options: None, proto3_optional: None }], extension: [], nested_type: [], enum_type: [], extension_range: [], oneof_decl: [], options: None, reserved_range: [], reserved_name: [] }, DescriptorProto { name: Some("Triangle"), field: [FieldDescriptorProto { name: Some("edge_a"), number: Some(1), label: Some(Optional), r#type: Some(Float), type_name: None, extendee: None, default_value: None, oneof_index: None, json_name: Some("edgeA"), options: None, proto3_optional: None }, FieldDescriptorProto { name: Some("edge_b"), number: Some(2), label: Some(Optional), r#type: Some(Float), type_name: None, extendee: None, default_value: None, oneof_index: None, json_name: Some("edgeB"), options: None, proto3_optional: None }, FieldDescriptorProto { name: Some("edge_c"), number: Some(3), label: Some(Optional), r#type: Some(Float), type_name: None, extendee: None, default_value: None, oneof_index: None, json_name: Some("edgeC"), options: None, proto3_optional: None }], extension: [], nested_type: [], enum_type: [], extension_range: [], oneof_decl: [], options: None, reserved_range: [], reserved_name: [] }, DescriptorProto { name: Some("Parallelogram"), field: [FieldDescriptorProto { name: Some("base_length"), number: Some(1), label: Some(Optional), r#type: Some(Float), type_name: None, extendee: None, default_value: None, oneof_index: None, json_name: Some("baseLength"), options: None, proto3_optional: None }, FieldDescriptorProto { name: Some("height"), number: Some(2), label: Some(Optional), r#type: Some(Float), type_name: None, extendee: None, default_value: None, oneof_index: None, json_name: Some("height"), options: None, proto3_optional: None }], extension: [], nested_type: [], enum_type: [], extension_range: [], oneof_decl: [], options: None, reserved_range: [], reserved_name: [] }, DescriptorProto { name: Some("AreaRequest"), field: [FieldDescriptorProto { name: Some("shapes"), number: Some(1), label: Some(Repeated), r#type: Some(Message), type_name: Some(".area_calculator.ShapeMessage"), extendee: None, default_value: None, oneof_index: None, json_name: Some("shapes"), options: None, proto3_optional: None }], extension: [], nested_type: [], enum_type: [], extension_range: [], oneof_decl: [], options: None, reserved_range: [], reserved_name: [] }, DescriptorProto { name: Some("AreaResponse"), field: [FieldDescriptorProto { name: Some("value"), number: Some(1), label: Some(Repeated), r#type: Some(Float), type_name: None, extendee: None, default_value: None, oneof_index: None, json_name: Some("value"), options: None, proto3_optional: None }], extension: [], nested_type: [], enum_type: [], extension_range: [], oneof_decl: [], options: None, reserved_range: [], reserved_name: [] }], enum_type: [], service: [ServiceDescriptorProto { name: Some("Calculator"), method: [MethodDescriptorProto { name: Some("calculateOne"), input_type: Some(".area_calculator.ShapeMessage"), output_type: Some(".area_calculator.AreaResponse"), options: Some(MethodOptions { deprecated: None, idempotency_level: None, uninterpreted_option: [] }), client_streaming: None, server_streaming: None }, MethodDescriptorProto { name: Some("calculateMulti"), input_type: Some(".area_calculator.AreaRequest"), output_type: Some(".area_calculator.AreaResponse"), options: Some(MethodOptions { deprecated: None, idempotency_level: None, uninterpreted_option: [] }), client_streaming: None, server_streaming: None }], options: None }], extension: [], options: Some(FileOptions { java_package: None, java_outer_classname: None, java_multiple_files: None, java_generate_equals_and_hash: None, java_string_check_utf8: None, optimize_for: None, go_package: Some("io.pact/area_calculator"), cc_generic_services: None, java_generic_services: None, py_generic_services: None, php_generic_services: Some(true), deprecated: None, cc_enable_arenas: None, objc_class_prefix: None, csharp_namespace: None, swift_prefix: None, php_class_prefix: None, php_namespace: None, php_metadata_namespace: None, ruby_package: None, uninterpreted_option: [] }), source_code_info: None, syntax: Some("proto3") }] }, service_name: "Calculator", message: SynchronousMessage { id: None, key: Some("c7fbe3ee"), description: "calculate rectangle area request", provider_states: [], comments: {"testname": String("io.pact.example.grpc.consumer.PactConsumerTest.calculateRectangleArea(MockServer, SynchronousMessages)")}, request: MessageContents { contents: Present(b"\x12\n\r\0\0@@\x15\0\0\x80@", Some(ContentType { main_type: "application", sub_type: "protobuf", attributes: {"message": "ShapeMessage"}, suffix: None }), Some(BINARY)), metadata: {}, matching_rules: MatchingRules { rules: {BODY: MatchingRuleCategory { name: BODY, rules: {DocPath { path_tokens: [Root, Field("rectangle"), Field("length")], expr: "$.rectangle.length" }: RuleList { rules: [Number], rule_logic: And, cascaded: false }, DocPath { path_tokens: [Root, Field("rectangle"), Field("width")], expr: "$.rectangle.width" }: RuleList { rules: [Number], rule_logic: And, cascaded: false }} }} }, generators: Generators { categories: {} } }, response: [MessageContents { contents: Present(b"\r\0\0@A", Some(ContentType { main_type: "application", sub_type: "protobuf", attributes: {"message": "AreaResponse"}, suffix: None }), Some(BINARY)), metadata: {}, matching_rules: MatchingRules { rules: {BODY: MatchingRuleCategory { name: BODY, rules: {DocPath { path_tokens: [Root, Field("value")], expr: "$.value" }: RuleList { rules: [Number], rule_logic: And, cascaded: false }} }} }, generators: Generators { categories: {} } }], pending: false, plugin_config: {"protobuf": {"service": String("Calculator/calculateOne"), "descriptorKey": String("a85dff8f82655a9681aad113575dcfbb")}}, interaction_markup: InteractionMarkup { markup: "```protobuf\nmessage ShapeMessage {\n    message .area_calculator.Rectangle rectangle = 2;\n}\n```\n\n```protobuf\nmessage AreaResponse {\n    float value = 1;\n}\n```\n", markup_type: "COMMON_MARK" }, transport: None }, method_descriptor: MethodDescriptorProto { name: Some("calculateOne"), input_type: Some(".area_calculator.ShapeMessage"), output_type: Some(".area_calculator.AreaResponse"), options: Some(MethodOptions { deprecated: None, idempotency_level: None, uninterpreted_option: [] }), client_streaming: None, server_streaming: None }, input_message: DescriptorProto { name: Some("ShapeMessage"), field: [FieldDescriptorProto { name: Some("square"), number: Some(1), label: Some(Optional), r#type: Some(Message), type_name: Some(".area_calculator.Square"), extendee: None, default_value: None, oneof_index: Some(0), json_name: Some("square"), options: None, proto3_optional: None }, FieldDescriptorProto { name: Some("rectangle"), number: Some(2), label: Some(Optional), r#type: Some(Message), type_name: Some(".area_calculator.Rectangle"), extendee: None, default_value: None, oneof_index: Some(0), json_name: Some("rectangle"), options: None, proto3_optional: None }, FieldDescriptorProto { name: Some("circle"), number: Some(3), label: Some(Optional), r#type: Some(Message), type_name: Some(".area_calculator.Circle"), extendee: None, default_value: None, oneof_index: Some(0), json_name: Some("circle"), options: None, proto3_optional: None }, FieldDescriptorProto { name: Some("triangle"), number: Some(4), label: Some(Optional), r#type: Some(Message), type_name: Some(".area_calculator.Triangle"), extendee: None, default_value: None, oneof_index: Some(0), json_name: Some("triangle"), options: None, proto3_optional: None }, FieldDescriptorProto { name: Some("parallelogram"), number: Some(5), label: Some(Optional), r#type: Some(Message), type_name: Some(".area_calculator.Parallelogram"), extendee: None, default_value: None, oneof_index: Some(0), json_name: Some("parallelogram"), options: None, proto3_optional: None }], extension: [], nested_type: [], enum_type: [], extension_range: [], oneof_decl: [OneofDescriptorProto { name: Some("shape"), options: None }], options: None, reserved_range: [], reserved_name: [] }, output_message: DescriptorProto { name: Some("AreaResponse"), field: [FieldDescriptorProto { name: Some("value"), number: Some(1), label: Some(Repeated), r#type: Some(Float), type_name: None, extendee: None, default_value: None, oneof_index: None, json_name: Some("value"), options: None, proto3_optional: None }], extension: [], nested_type: [], enum_type: [], extension_range: [], oneof_decl: [], options: None, reserved_range: [], reserved_name: [] }, server_key: "5cae5f82-fec2-43c6-9739-60d0383d84ec" } ?[3mrequest?[0m?[2m=?[0mDynamicMessage { descriptor: DescriptorProto { name: Some("ShapeMessage"), field: [FieldDescriptorProto { name: Some("square"), number: Some(1), label: Some(Optional), r#type: Some(Message), type_name: Some(".area_calculator.Square"), extendee: None, default_value: None, oneof_index: Some(0), json_name: Some("square"), options: None, proto3_optional: None }, FieldDescriptorProto { name: Some("rectangle"), number: Some(2), label: Some(Optional), r#type: Some(Message), type_name: Some(".area_calculator.Rectangle"), extendee: None, default_value: None, oneof_index: Some(0), json_name: Some("rectangle"), options: None, proto3_optional: None }, FieldDescriptorProto { name: Some("circle"), number: Some(3), label: Some(Optional), r#type: Some(Message), type_name: Some(".area_calculator.Circle"), extendee: None, default_value: None, oneof_index: Some(0), json_name: Some("circle"), options: None, proto3_optional: None }, FieldDescriptorProto { name: Some("triangle"), number: Some(4), label: Some(Optional), r#type: Some(Message), type_name: Some(".area_calculator.Triangle"), extendee: None, default_value: None, oneof_index: Some(0), json_name: Some("triangle"), options: None, proto3_optional: None }, FieldDescriptorProto { name: Some("parallelogram"), number: Some(5), label: Some(Optional), r#type: Some(Message), type_name: Some(".area_calculator.Parallelogram"), extendee: None, default_value: None, oneof_index: Some(0), json_name: Some("parallelogram"), options: None, proto3_optional: None }], extension: [], nested_type: [], enum_type: [], extension_range: [], oneof_decl: [OneofDescriptorProto { name: Some("shape"), options: None }], options: None, reserved_range: [], reserved_name: [] }, fields: [ProtobufField { field_num: 2, wire_type: LengthDelimited, data: Message([13, 0, 0, 64, 64, 21, 0, 0, 128, 64], DescriptorProto { name: Some("Rectangle"), field: [FieldDescriptorProto { name: Some("length"), number: Some(1), label: Some(Optional), r#type: Some(Float), type_name: None, extendee: None, default_value: None, oneof_index: None, json_name: Some("length"), options: None, proto3_optional: None }, FieldDescriptorProto { name: Some("width"), number: Some(2), label: Some(Optional), r#type: Some(Float), type_name: None, extendee: None, default_value: None, oneof_index: None, json_name: Some("width"), options: None, proto3_optional: None }], extension: [], nested_type: [], enum_type: [], extension_range: [], oneof_decl: [], options: None, reserved_range: [], reserved_name: [] }) }] } ?[3mmessage_descriptor?[0m?[2m=?[0mDescriptorProto { name: Some("ShapeMessage"), field: [FieldDescriptorProto { name: Some("square"), number: Some(1), label: Some(Optional), r#type: Some(Message), type_name: Some(".area_calculator.Square"), extendee: None, default_value: None, oneof_index: Some(0), json_name: Some("square"), options: None, proto3_optional: None }, FieldDescriptorProto { name: Some("rectangle"), number: Some(2), label: Some(Optional), r#type: Some(Message), type_name: Some(".area_calculator.Rectangle"), extendee: None, default_value: None, oneof_index: Some(0), json_name: Some("rectangle"), options: None, proto3_optional: None }, FieldDescriptorProto { name: Some("circle"), number: Some(3), label: Some(Optional), r#type: Some(Message), type_name: Some(".area_calculator.Circle"), extendee: None, default_value: None, oneof_index: Some(0), json_name: Some("circle"), options: None, proto3_optional: None }, FieldDescriptorProto { name: Some("triangle"), number: Some(4), label: Some(Optional), r#type: Some(Message), type_name: Some(".area_calculator.Triangle"), extendee: None, default_value: None, oneof_index: Some(0), json_name: Some("triangle"), options: None, proto3_optional: None }, FieldDescriptorProto { name: Some("parallelogram"), number: Some(5), label: Some(Optional), r#type: Some(Message), type_name: Some(".area_calculator.Parallelogram"), extendee: None, default_value: None, oneof_index: Some(0), json_name: Some("parallelogram"), options: None, proto3_optional: None }], extension: [], nested_type: [], enum_type: [], extension_range: [], oneof_decl: [OneofDescriptorProto { name: Some("shape"), options: None }], options: None, reserved_range: [], reserved_name: [] } ?[3mresponse_descriptor?[0m?[2m=?[0mDescriptorProto { name: Some("AreaResponse"), field: [FieldDescriptorProto { name: Some("value"), number: Some(1), label: Some(Repeated), r#type: Some(Float), type_name: None, extendee: None, default_value: None, oneof_index: None, json_name: Some("value"), options: None, proto3_optional: None }], extension: [], nested_type: [], enum_type: [], extension_range: [], oneof_decl: [], options: None, reserved_range: [], reserved_name: [] }?[1m}?[0m?[2m:?[0m ?[2mpact_models::matchingrules?[0m?[2m:?[0m matcher_is_defined: for category body and path ["$", "rectangle", "length"] -> true
15:05:16.535 [Thread-5] DEBUG i.pact.plugins.jvm.core.ChildProcess - Plugin protobuf [46038] || ?[2m2023-03-27T09:35:16.534780Z?[0m ?[34mDEBUG?[0m tokio-runtime-worker ?[1mrequest?[0m?[1m{?[0m?[3mmethod?[0m?[2m=?[0mPOST ?[3muri?[0m?[2m=?[0mhttp://127.0.0.1:53791/area_calculator.Calculator/calculateOne ?[3mversion?[0m?[2m=?[0mHTTP/2.0?[1m}?[0m?[2m:?[0m?[1mcall?[0m?[1m{?[0m?[3mself?[0m?[2m=?[0mGrpcMockServer { pact: V4Pact { consumer: Consumer { name: "grpc-consumer-jvm" }, provider: Provider { name: "area-calculator-provider" }, interactions: [SynchronousMessage { id: None, key: Some("c7fbe3ee"), description: "calculate rectangle area request", provider_states: [], comments: {"testname": String("io.pact.example.grpc.consumer.PactConsumerTest.calculateRectangleArea(MockServer, SynchronousMessages)")}, request: MessageContents { contents: Present(b"\x12\n\r\0\0@@\x15\0\0\x80@", Some(ContentType { main_type: "application", sub_type: "protobuf", attributes: {"message": "ShapeMessage"}, suffix: None }), Some(BINARY)), metadata: {}, matching_rules: MatchingRules { rules: {BODY: MatchingRuleCategory { name: BODY, rules: {DocPath { path_tokens: [Root, Field("rectangle"), Field("length")], expr: "$.rectangle.length" }: RuleList { rules: [Number], rule_logic: And, cascaded: false }, DocPath { path_tokens: [Root, Field("rectangle"), Field("width")], expr: "$.rectangle.width" }: RuleList { rules: [Number], rule_logic: And, cascaded: false }} }} }, generators: Generators { categories: {} } }, response: [MessageContents { contents: Present(b"\r\0\0@A", Some(ContentType { main_type: "application", sub_type: "protobuf", attributes: {"message": "AreaResponse"}, suffix: None }), Some(BINARY)), metadata: {}, matching_rules: MatchingRules { rules: {BODY: MatchingRuleCategory { name: BODY, rules: {DocPath { path_tokens: [Root, Field("value")], expr: "$.value" }: RuleList { rules: [Number], rule_logic: And, cascaded: false }} }} }, generators: Generators { categories: {} } }], pending: false, plugin_config: {"protobuf": {"service": String("Calculator/calculateOne"), "descriptorKey": String("a85dff8f82655a9681aad113575dcfbb")}}, interaction_markup: InteractionMarkup { markup: "```protobuf\nmessage ShapeMessage {\n    message .area_calculator.Rectangle rectangle = 2;\n}\n```\n\n```protobuf\nmessage AreaResponse {\n    float value = 1;\n}\n```\n", markup_type: "COMMON_MARK" }, transport: None }], metadata: {"pact-jvm": Object({"version": String("4.4.2")}), "pactSpecification": Object({"version": String("4.0")})}, plugin_data: [PluginData { name: "protobuf", version: "0.1.5", configuration: {"a85dff8f82655a9681aad113575dcfbb": Object({"protoDescriptors": String("CsoHChVhcmVhX2NhbGN1bGF0b3IucHJvdG8SD2FyZWFfY2FsY3VsYXRvciK6AgoMU2hhcGVNZXNzYWdlEjEKBnNxdWFyZRgBIAEoCzIXLmFyZWFfY2FsY3VsYXRvci5TcXVhcmVIAFIGc3F1YXJlEjoKCXJlY3RhbmdsZRgCIAEoCzIaLmFyZWFfY2FsY3VsYXRvci5SZWN0YW5nbGVIAFIJcmVjdGFuZ2xlEjEKBmNpcmNsZRgDIAEoCzIXLmFyZWFfY2FsY3VsYXRvci5DaXJjbGVIAFIGY2lyY2xlEjcKCHRyaWFuZ2xlGAQgASgLMhkuYXJlYV9jYWxjdWxhdG9yLlRyaWFuZ2xlSABSCHRyaWFuZ2xlEkYKDXBhcmFsbGVsb2dyYW0YBSABKAsyHi5hcmVhX2NhbGN1bGF0b3IuUGFyYWxsZWxvZ3JhbUgAUg1wYXJhbGxlbG9ncmFtQgcKBXNoYXBlIikKBlNxdWFyZRIfCgtlZGdlX2xlbmd0aBgBIAEoAlIKZWRnZUxlbmd0aCI5CglSZWN0YW5nbGUSFgoGbGVuZ3RoGAEgASgCUgZsZW5ndGgSFAoFd2lkdGgYAiABKAJSBXdpZHRoIiAKBkNpcmNsZRIWCgZyYWRpdXMYASABKAJSBnJhZGl1cyJPCghUcmlhbmdsZRIVCgZlZGdlX2EYASABKAJSBWVkZ2VBEhUKBmVkZ2VfYhgCIAEoAlIFZWRnZUISFQoGZWRnZV9jGAMgASgCUgVlZGdlQyJICg1QYXJhbGxlbG9ncmFtEh8KC2Jhc2VfbGVuZ3RoGAEgASgCUgpiYXNlTGVuZ3RoEhYKBmhlaWdodBgCIAEoAlIGaGVpZ2h0IkQKC0FyZWFSZXF1ZXN0EjUKBnNoYXBlcxgBIAMoCzIdLmFyZWFfY2FsY3VsYXRvci5TaGFwZU1lc3NhZ2VSBnNoYXBlcyIkCgxBcmVhUmVzcG9uc2USFAoFdmFsdWUYASADKAJSBXZhbHVlMq0BCgpDYWxjdWxhdG9yEk4KDGNhbGN1bGF0ZU9uZRIdLmFyZWFfY2FsY3VsYXRvci5TaGFwZU1lc3NhZ2UaHS5hcmVhX2NhbGN1bGF0b3IuQXJlYVJlc3BvbnNlIgASTwoOY2FsY3VsYXRlTXVsdGkSHC5hcmVhX2NhbGN1bGF0b3IuQXJlYVJlcXVlc3QaHS5hcmVhX2NhbGN1bGF0b3IuQXJlYVJlc3BvbnNlIgBCHFoXaW8ucGFjdC9hcmVhX2NhbGN1bGF0b3LQAgFiBnByb3RvMw=="), "protoFile": String("syntax = \"proto3\";\n\npackage area_calculator;\n\noption php_generic_services = true;\noption go_package = \"io.pact/area_calculator\";\n\nservice Calculator {\n  rpc calculateOne (ShapeMessage) returns (AreaResponse) {}\n  rpc calculateMulti (AreaRequest) returns (AreaResponse) {}\n}\n\nmessage ShapeMessage {\n  oneof shape {\n    Square square = 1;\n    Rectangle rectangle = 2;\n    Circle circle = 3;\n    Triangle triangle = 4;\n    Parallelogram parallelogram = 5;\n  }\n}\n\nmessage Square {\n  float edge_length = 1;\n}\n\nmessage Rectangle {\n  float length = 1;\n  float width = 2;\n}\n\nmessage Circle {\n  float radius = 1;\n}\n\nmessage Triangle {\n  float edge_a = 1;\n  float edge_b = 2;\n  float edge_c = 3;\n}\n\nmessage Parallelogram {\n  float base_length = 1;\n  float height = 2;\n}\n\nmessage AreaRequest {\n  repeated ShapeMessage shapes = 1;\n}\n\nmessage AreaResponse {\n  repeated float value = 1;\n}\n")})} }] }, plugin_config: PluginData { name: "protobuf", version: "0.1.5", configuration: {"a85dff8f82655a9681aad113575dcfbb": Object({"protoDescriptors": String("CsoHChVhcmVhX2NhbGN1bGF0b3IucHJvdG8SD2FyZWFfY2FsY3VsYXRvciK6AgoMU2hhcGVNZXNzYWdlEjEKBnNxdWFyZRgBIAEoCzIXLmFyZWFfY2FsY3VsYXRvci5TcXVhcmVIAFIGc3F1YXJlEjoKCXJlY3RhbmdsZRgCIAEoCzIaLmFyZWFfY2FsY3VsYXRvci5SZWN0YW5nbGVIAFIJcmVjdGFuZ2xlEjEKBmNpcmNsZRgDIAEoCzIXLmFyZWFfY2FsY3VsYXRvci5DaXJjbGVIAFIGY2lyY2xlEjcKCHRyaWFuZ2xlGAQgASgLMhkuYXJlYV9jYWxjdWxhdG9yLlRyaWFuZ2xlSABSCHRyaWFuZ2xlEkYKDXBhcmFsbGVsb2dyYW0YBSABKAsyHi5hcmVhX2NhbGN1bGF0b3IuUGFyYWxsZWxvZ3JhbUgAUg1wYXJhbGxlbG9ncmFtQgcKBXNoYXBlIikKBlNxdWFyZRIfCgtlZGdlX2xlbmd0aBgBIAEoAlIKZWRnZUxlbmd0aCI5CglSZWN0YW5nbGUSFgoGbGVuZ3RoGAEgASgCUgZsZW5ndGgSFAoFd2lkdGgYAiABKAJSBXdpZHRoIiAKBkNpcmNsZRIWCgZyYWRpdXMYASABKAJSBnJhZGl1cyJPCghUcmlhbmdsZRIVCgZlZGdlX2EYASABKAJSBWVkZ2VBEhUKBmVkZ2VfYhgCIAEoAlIFZWRnZUISFQoGZWRnZV9jGAMgASgCUgVlZGdlQyJICg1QYXJhbGxlbG9ncmFtEh8KC2Jhc2VfbGVuZ3RoGAEgASgCUgpiYXNlTGVuZ3RoEhYKBmhlaWdodBgCIAEoAlIGaGVpZ2h0IkQKC0FyZWFSZXF1ZXN0EjUKBnNoYXBlcxgBIAMoCzIdLmFyZWFfY2FsY3VsYXRvci5TaGFwZU1lc3NhZ2VSBnNoYXBlcyIkCgxBcmVhUmVzcG9uc2USFAoFdmFsdWUYASADKAJSBXZhbHVlMq0BCgpDYWxjdWxhdG9yEk4KDGNhbGN1bGF0ZU9uZRIdLmFyZWFfY2FsY3VsYXRvci5TaGFwZU1lc3NhZ2UaHS5hcmVhX2NhbGN1bGF0b3IuQXJlYVJlc3BvbnNlIgASTwoOY2FsY3VsYXRlTXVsdGkSHC5hcmVhX2NhbGN1bGF0b3IuQXJlYVJlcXVlc3QaHS5hcmVhX2NhbGN1bGF0b3IuQXJlYVJlc3BvbnNlIgBCHFoXaW8ucGFjdC9hcmVhX2NhbGN1bGF0b3LQAgFiBnByb3RvMw=="), "protoFile": String("syntax = \"proto3\";\n\npackage area_calculator;\n\noption php_generic_services = true;\noption go_package = \"io.pact/area_calculator\";\n\nservice Calculator {\n  rpc calculateOne (ShapeMessage) returns (AreaResponse) {}\n  rpc calculateMulti (AreaRequest) returns (AreaResponse) {}\n}\n\nmessage ShapeMessage {\n  oneof shape {\n    Square square = 1;\n    Rectangle rectangle = 2;\n    Circle circle = 3;\n    Triangle triangle = 4;\n    Parallelogram parallelogram = 5;\n  }\n}\n\nmessage Square {\n  float edge_length = 1;\n}\n\nmessage Rectangle {\n  float length = 1;\n  float width = 2;\n}\n\nmessage Circle {\n  float radius = 1;\n}\n\nmessage Triangle {\n  float edge_a = 1;\n  float edge_b = 2;\n  float edge_c = 3;\n}\n\nmessage Parallelogram {\n  float base_length = 1;\n  float height = 2;\n}\n\nmessage AreaRequest {\n  repeated ShapeMessage shapes = 1;\n}\n\nmessage AreaResponse {\n  repeated float value = 1;\n}\n")})} }, descriptors: {"a85dff8f82655a9681aad113575dcfbb": FileDescriptorSet { file: [FileDescriptorProto { name: Some("area_calculator.proto"), package: Some("area_calculator"), dependency: [], public_dependency: [], weak_dependency: [], message_type: [DescriptorProto { name: Some("ShapeMessage"), field: [FieldDescriptorProto { name: Some("square"), number: Some(1), label: Some(Optional), r#type: Some(Message), type_name: Some(".area_calculator.Square"), extendee: None, default_value: None, oneof_index: Some(0), json_name: Some("square"), options: None, proto3_optional: None }, FieldDescriptorProto { name: Some("rectangle"), number: Some(2), label: Some(Optional), r#type: Some(Message), type_name: Some(".area_calculator.Rectangle"), extendee: None, default_value: None, oneof_index: Some(0), json_name: Some("rectangle"), options: None, proto3_optional: None }, FieldDescriptorProto { name: Some("circle"), number: Some(3), label: Some(Optional), r#type: Some(Message), type_name: Some(".area_calculator.Circle"), extendee: None, default_value: None, oneof_index: Some(0), json_name: Some("circle"), options: None, proto3_optional: None }, FieldDescriptorProto { name: Some("triangle"), number: Some(4), label: Some(Optional), r#type: Some(Message), type_name: Some(".area_calculator.Triangle"), extendee: None, default_value: None, oneof_index: Some(0), json_name: Some("triangle"), options: None, proto3_optional: None }, FieldDescriptorProto { name: Some("parallelogram"), number: Some(5), label: Some(Optional), r#type: Some(Message), type_name: Some(".area_calculator.Parallelogram"), extendee: None, default_value: None, oneof_index: Some(0), json_name: Some("parallelogram"), options: None, proto3_optional: None }], extension: [], nested_type: [], enum_type: [], extension_range: [], oneof_decl: [OneofDescriptorProto { name: Some("shape"), options: None }], options: None, reserved_range: [], reserved_name: [] }, DescriptorProto { name: Some("Square"), field: [FieldDescriptorProto { name: Some("edge_length"), number: Some(1), label: Some(Optional), r#type: Some(Float), type_name: None, extendee: None, default_value: None, oneof_index: None, json_name: Some("edgeLength"), options: None, proto3_optional: None }], extension: [], nested_type: [], enum_type: [], extension_range: [], oneof_decl: [], options: None, reserved_range: [], reserved_name: [] }, DescriptorProto { name: Some("Rectangle"), field: [FieldDescriptorProto { name: Some("length"), number: Some(1), label: Some(Optional), r#type: Some(Float), type_name: None, extendee: None, default_value: None, oneof_index: None, json_name: Some("length"), options: None, proto3_optional: None }, FieldDescriptorProto { name: Some("width"), number: Some(2), label: Some(Optional), r#type: Some(Float), type_name: None, extendee: None, default_value: None, oneof_index: None, json_name: Some("width"), options: None, proto3_optional: None }], extension: [], nested_type: [], enum_type: [], extension_range: [], oneof_decl: [], options: None, reserved_range: [], reserved_name: [] }, DescriptorProto { name: Some("Circle"), field: [FieldDescriptorProto { name: Some("radius"), number: Some(1), label: Some(Optional), r#type: Some(Float), type_name: None, extendee: None, default_value: None, oneof_index: None, json_name: Some("radius"), options: None, proto3_optional: None }], extension: [], nested_type: [], enum_type: [], extension_range: [], oneof_decl: [], options: None, reserved_range: [], reserved_name: [] }, DescriptorProto { name: Some("Triangle"), field: [FieldDescriptorProto { name: Some("edge_a"), number: Some(1), label: Some(Optional), r#type: Some(Float), type_name: None, extendee: None, default_value: None, oneof_index: None, json_name: Some("edgeA"), options: None, proto3_optional: None }, FieldDescriptorProto { name: Some("edge_b"), number: Some(2), label: Some(Optional), r#type: Some(Float), type_name: None, extendee: None, default_value: None, oneof_index: None, json_name: Some("edgeB"), options: None, proto3_optional: None }, FieldDescriptorProto { name: Some("edge_c"), number: Some(3), label: Some(Optional), r#type: Some(Float), type_name: None, extendee: None, default_value: None, oneof_index: None, json_name: Some("edgeC"), options: None, proto3_optional: None }], extension: [], nested_type: [], enum_type: [], extension_range: [], oneof_decl: [], options: None, reserved_range: [], reserved_name: [] }, DescriptorProto { name: Some("Parallelogram"), field: [FieldDescriptorProto { name: Some("base_length"), number: Some(1), label: Some(Optional), r#type: Some(Float), type_name: None, extendee: None, default_value: None, oneof_index: None, json_name: Some("baseLength"), options: None, proto3_optional: None }, FieldDescriptorProto { name: Some("height"), number: Some(2), label: Some(Optional), r#type: Some(Float), type_name: None, extendee: None, default_value: None, oneof_index: None, json_name: Some("height"), options: None, proto3_optional: None }], extension: [], nested_type: [], enum_type: [], extension_range: [], oneof_decl: [], options: None, reserved_range: [], reserved_name: [] }, DescriptorProto { name: Some("AreaRequest"), field: [FieldDescriptorProto { name: Some("shapes"), number: Some(1), label: Some(Repeated), r#type: Some(Message), type_name: Some(".area_calculator.ShapeMessage"), extendee: None, default_value: None, oneof_index: None, json_name: Some("shapes"), options: None, proto3_optional: None }], extension: [], nested_type: [], enum_type: [], extension_range: [], oneof_decl: [], options: None, reserved_range: [], reserved_name: [] }, DescriptorProto { name: Some("AreaResponse"), field: [FieldDescriptorProto { name: Some("value"), number: Some(1), label: Some(Repeated), r#type: Some(Float), type_name: None, extendee: None, default_value: None, oneof_index: None, json_name: Some("value"), options: None, proto3_optional: None }], extension: [], nested_type: [], enum_type: [], extension_range: [], oneof_decl: [], options: None, reserved_range: [], reserved_name: [] }], enum_type: [], service: [ServiceDescriptorProto { name: Some("Calculator"), method: [MethodDescriptorProto { name: Some("calculateOne"), input_type: Some(".area_calculator.ShapeMessage"), output_type: Some(".area_calculator.AreaResponse"), options: Some(MethodOptions { deprecated: None, idempotency_level: None, uninterpreted_option: [] }), client_streaming: None, server_streaming: None }, MethodDescriptorProto { name: Some("calculateMulti"), input_type: Some(".area_calculator.AreaRequest"), output_type: Some(".area_calculator.AreaResponse"), options: Some(MethodOptions { deprecated: None, idempotency_level: None, uninterpreted_option: [] }), client_streaming: None, server_streaming: None }], options: None }], extension: [], options: Some(FileOptions { java_package: None, java_outer_classname: None, java_multiple_files: None, java_generate_equals_and_hash: None, java_string_check_utf8: None, optimize_for: None, go_package: Some("io.pact/area_calculator"), cc_generic_services: None, java_generic_services: None, py_generic_services: None, php_generic_services: Some(true), deprecated: None, cc_enable_arenas: None, objc_class_prefix: None, csharp_namespace: None, swift_prefix: None, php_class_prefix: None, php_namespace: None, php_metadata_namespace: None, ruby_package: None, uninterpreted_option: [] }), source_code_info: None, syntax: Some("proto3") }] }}, routes: {"Calculator/calculateOne": (FileDescriptorSet { file: [FileDescriptorProto { name: Some("area_calculator.proto"), package: Some("area_calculator"), dependency: [], public_dependency: [], weak_dependency: [], message_type: [DescriptorProto { name: Some("ShapeMessage"), field: [FieldDescriptorProto { name: Some("square"), number: Some(1), label: Some(Optional), r#type: Some(Message), type_name: Some(".area_calculator.Square"), extendee: None, default_value: None, oneof_index: Some(0), json_name: Some("square"), options: None, proto3_optional: None }, FieldDescriptorProto { name: Some("rectangle"), number: Some(2), label: Some(Optional), r#type: Some(Message), type_name: Some(".area_calculator.Rectangle"), extendee: None, default_value: None, oneof_index: Some(0), json_name: Some("rectangle"), options: None, proto3_optional: None }, FieldDescriptorProto { name: Some("circle"), number: Some(3), label: Some(Optional), r#type: Some(Message), type_name: Some(".area_calculator.Circle"), extendee: None, default_value: None, oneof_index: Some(0), json_name: Some("circle"), options: None, proto3_optional: None }, FieldDescriptorProto { name: Some("triangle"), number: Some(4), label: Some(Optional), r#type: Some(Message), type_name: Some(".area_calculator.Triangle"), extendee: None, default_value: None, oneof_index: Some(0), json_name: Some("triangle"), options: None, proto3_optional: None }, FieldDescriptorProto { name: Some("parallelogram"), number: Some(5), label: Some(Optional), r#type: Some(Message), type_name: Some(".area_calculator.Parallelogram"), extendee: None, default_value: None, oneof_index: Some(0), json_name: Some("parallelogram"), options: None, proto3_optional: None }], extension: [], nested_type: [], enum_type: [], extension_range: [], oneof_decl: [OneofDescriptorProto { name: Some("shape"), options: None }], options: None, reserved_range: [], reserved_name: [] }, DescriptorProto { name: Some("Square"), field: [FieldDescriptorProto { name: Some("edge_length"), number: Some(1), label: Some(Optional), r#type: Some(Float), type_name: None, extendee: None, default_value: None, oneof_index: None, json_name: Some("edgeLength"), options: None, proto3_optional: None }], extension: [], nested_type: [], enum_type: [], extension_range: [], oneof_decl: [], options: None, reserved_range: [], reserved_name: [] }, DescriptorProto { name: Some("Rectangle"), field: [FieldDescriptorProto { name: Some("length"), number: Some(1), label: Some(Optional), r#type: Some(Float), type_name: None, extendee: None, default_value: None, oneof_index: None, json_name: Some("length"), options: None, proto3_optional: None }, FieldDescriptorProto { name: Some("width"), number: Some(2), label: Some(Optional), r#type: Some(Float), type_name: None, extendee: None, default_value: None, oneof_index: None, json_name: Some("width"), options: None, proto3_optional: None }], extension: [], nested_type: [], enum_type: [], extension_range: [], oneof_decl: [], options: None, reserved_range: [], reserved_name: [] }, DescriptorProto { name: Some("Circle"), field: [FieldDescriptorProto { name: Some("radius"), number: Some(1), label: Some(Optional), r#type: Some(Float), type_name: None, extendee: None, default_value: None, oneof_index: None, json_name: Some("radius"), options: None, proto3_optional: None }], extension: [], nested_type: [], enum_type: [], extension_range: [], oneof_decl: [], options: None, reserved_range: [], reserved_name: [] }, DescriptorProto { name: Some("Triangle"), field: [FieldDescriptorProto { name: Some("edge_a"), number: Some(1), label: Some(Optional), r#type: Some(Float), type_name: None, extendee: None, default_value: None, oneof_index: None, json_name: Some("edgeA"), options: None, proto3_optional: None }, FieldDescriptorProto { name: Some("edge_b"), number: Some(2), label: Some(Optional), r#type: Some(Float), type_name: None, extendee: None, default_value: None, oneof_index: None, json_name: Some("edgeB"), options: None, proto3_optional: None }, FieldDescriptorProto { name: Some("edge_c"), number: Some(3), label: Some(Optional), r#type: Some(Float), type_name: None, extendee: None, default_value: None, oneof_index: None, json_name: Some("edgeC"), options: None, proto3_optional: None }], extension: [], nested_type: [], enum_type: [], extension_range: [], oneof_decl: [], options: None, reserved_range: [], reserved_name: [] }, DescriptorProto { name: Some("Parallelogram"), field: [FieldDescriptorProto { name: Some("base_length"), number: Some(1), label: Some(Optional), r#type: Some(Float), type_name: None, extendee: None, default_value: None, oneof_index: None, json_name: Some("baseLength"), options: None, proto3_optional: None }, FieldDescriptorProto { name: Some("height"), number: Some(2), label: Some(Optional), r#type: Some(Float), type_name: None, extendee: None, default_value: None, oneof_index: None, json_name: Some("height"), options: None, proto3_optional: None }], extension: [], nested_type: [], enum_type: [], extension_range: [], oneof_decl: [], options: None, reserved_range: [], reserved_name: [] }, DescriptorProto { name: Some("AreaRequest"), field: [FieldDescriptorProto { name: Some("shapes"), number: Some(1), label: Some(Repeated), r#type: Some(Message), type_name: Some(".area_calculator.ShapeMessage"), extendee: None, default_value: None, oneof_index: None, json_name: Some("shapes"), options: None, proto3_optional: None }], extension: [], nested_type: [], enum_type: [], extension_range: [], oneof_decl: [], options: None, reserved_range: [], reserved_name: [] }, DescriptorProto { name: Some("AreaResponse"), field: [FieldDescriptorProto { name: Some("value"), number: Some(1), label: Some(Repeated), r#type: Some(Float), type_name: None, extendee: None, default_value: None, oneof_index: None, json_name: Some("value"), options: None, proto3_optional: None }], extension: [], nested_type: [], enum_type: [], extension_range: [], oneof_decl: [], options: None, reserved_range: [], reserved_name: [] }], enum_type: [], service: [ServiceDescriptorProto { name: Some("Calculator"), method: [MethodDescriptorProto { name: Some("calculateOne"), input_type: Some(".area_calculator.ShapeMessage"), output_type: Some(".area_calculator.AreaResponse"), options: Some(MethodOptions { deprecated: None, idempotency_level: None, uninterpreted_option: [] }), client_streaming: None, server_streaming: None }, MethodDescriptorProto { name: Some("calculateMulti"), input_type: Some(".area_calculator.AreaRequest"), output_type: Some(".area_calculator.AreaResponse"), options: Some(MethodOptions { deprecated: None, idempotency_level: None, uninterpreted_option: [] }), client_streaming: None, server_streaming: None }], options: None }], extension: [], options: Some(FileOptions { java_package: None, java_outer_classname: None, java_multiple_files: None, java_generate_equals_and_hash: None, java_string_check_utf8: None, optimize_for: None, go_package: Some("io.pact/area_calculator"), cc_generic_services: None, java_generic_services: None, py_generic_services: None, php_generic_services: Some(true), deprecated: None, cc_enable_arenas: None, objc_class_prefix: None, csharp_namespace: None, swift_prefix: None, php_class_prefix: None, php_namespace: None, php_metadata_namespace: None, ruby_package: None, uninterpreted_option: [] }), source_code_info: None, syntax: Some("proto3") }] }, MethodDescriptorProto { name: Some("calculateOne"), input_type: Some(".area_calculator.ShapeMessage"), output_type: Some(".area_calculator.AreaResponse"), options: Some(MethodOptions { deprecated: None, idempotency_level: None, uninterpreted_option: [] }), client_streaming: None, server_streaming: None }, SynchronousMessage { id: None, key: Some("c7fbe3ee"), description: "calculate rectangle area request", provider_states: [], comments: {"testname": String("io.pact.example.grpc.consumer.PactConsumerTest.calculateRectangleArea(MockServer, SynchronousMessages)")}, request: MessageContents { contents: Present(b"\x12\n\r\0\0@@\x15\0\0\x80@", Some(ContentType { main_type: "application", sub_type: "protobuf", attributes: {"message": "ShapeMessage"}, suffix: None }), Some(BINARY)), metadata: {}, matching_rules: MatchingRules { rules: {BODY: MatchingRuleCategory { name: BODY, rules: {DocPath { path_tokens: [Root, Field("rectangle"), Field("length")], expr: "$.rectangle.length" }: RuleList { rules: [Number], rule_logic: And, cascaded: false }, DocPath { path_tokens: [Root, Field("rectangle"), Field("width")], expr: "$.rectangle.width" }: RuleList { rules: [Number], rule_logic: And, cascaded: false }} }} }, generators: Generators { categories: {} } }, response: [MessageContents { contents: Present(b"\r\0\0@A", Some(ContentType { main_type: "application", sub_type: "protobuf", attributes: {"message": "AreaResponse"}, suffix: None }), Some(BINARY)), metadata: {}, matching_rules: MatchingRules { rules: {BODY: MatchingRuleCategory { name: BODY, rules: {DocPath { path_tokens: [Root, Field("value")], expr: "$.value" }: RuleList { rules: [Number], rule_logic: And, cascaded: false }} }} }, generators: Generators { categories: {} } }], pending: false, plugin_config: {"protobuf": {"service": String("Calculator/calculateOne"), "descriptorKey": String("a85dff8f82655a9681aad113575dcfbb")}}, interaction_markup: InteractionMarkup { markup: "```protobuf\nmessage ShapeMessage {\n    message .area_calculator.Rectangle rectangle = 2;\n}\n```\n\n```protobuf\nmessage AreaResponse {\n    float value = 1;\n}\n```\n", markup_type: "COMMON_MARK" }, transport: None })}, server_key: "5cae5f82-fec2-43c6-9739-60d0383d84ec" } ?[3mreq?[0m?[2m=?[0mRequest { method: POST, uri: http://127.0.0.1:53791/area_calculator.Calculator/calculateOne, version: HTTP/2.0, headers: {"content-type": "application/grpc", "te": "trailers", "user-agent": "grpc-java-netty/1.49.0", "grpc-accept-encoding": "gzip"}, body: Body(Streaming) }?[1m}?[0m?[2m:?[0m?[1mmock_server_handler?[0m?[1m{?[0m?[3mkey?[0m?[2m=?[0m"5cae5f82-fec2-43c6-9739-60d0383d84ec"?[1m}?[0m?[2m:?[0m?[1mhandle_message?[0m?[1m{?[0m?[3mself?[0m?[2m=?[0mMockService { file_descriptor_set: FileDescriptorSet { file: [FileDescriptorProto { name: Some("area_calculator.proto"), package: Some("area_calculator"), dependency: [], public_dependency: [], weak_dependency: [], message_type: [DescriptorProto { name: Some("ShapeMessage"), field: [FieldDescriptorProto { name: Some("square"), number: Some(1), label: Some(Optional), r#type: Some(Message), type_name: Some(".area_calculator.Square"), extendee: None, default_value: None, oneof_index: Some(0), json_name: Some("square"), options: None, proto3_optional: None }, FieldDescriptorProto { name: Some("rectangle"), number: Some(2), label: Some(Optional), r#type: Some(Message), type_name: Some(".area_calculator.Rectangle"), extendee: None, default_value: None, oneof_index: Some(0), json_name: Some("rectangle"), options: None, proto3_optional: None }, FieldDescriptorProto { name: Some("circle"), number: Some(3), label: Some(Optional), r#type: Some(Message), type_name: Some(".area_calculator.Circle"), extendee: None, default_value: None, oneof_index: Some(0), json_name: Some("circle"), options: None, proto3_optional: None }, FieldDescriptorProto { name: Some("triangle"), number: Some(4), label: Some(Optional), r#type: Some(Message), type_name: Some(".area_calculator.Triangle"), extendee: None, default_value: None, oneof_index: Some(0), json_name: Some("triangle"), options: None, proto3_optional: None }, FieldDescriptorProto { name: Some("parallelogram"), number: Some(5), label: Some(Optional), r#type: Some(Message), type_name: Some(".area_calculator.Parallelogram"), extendee: None, default_value: None, oneof_index: Some(0), json_name: Some("parallelogram"), options: None, proto3_optional: None }], extension: [], nested_type: [], enum_type: [], extension_range: [], oneof_decl: [OneofDescriptorProto { name: Some("shape"), options: None }], options: None, reserved_range: [], reserved_name: [] }, DescriptorProto { name: Some("Square"), field: [FieldDescriptorProto { name: Some("edge_length"), number: Some(1), label: Some(Optional), r#type: Some(Float), type_name: None, extendee: None, default_value: None, oneof_index: None, json_name: Some("edgeLength"), options: None, proto3_optional: None }], extension: [], nested_type: [], enum_type: [], extension_range: [], oneof_decl: [], options: None, reserved_range: [], reserved_name: [] }, DescriptorProto { name: Some("Rectangle"), field: [FieldDescriptorProto { name: Some("length"), number: Some(1), label: Some(Optional), r#type: Some(Float), type_name: None, extendee: None, default_value: None, oneof_index: None, json_name: Some("length"), options: None, proto3_optional: None }, FieldDescriptorProto { name: Some("width"), number: Some(2), label: Some(Optional), r#type: Some(Float), type_name: None, extendee: None, default_value: None, oneof_index: None, json_name: Some("width"), options: None, proto3_optional: None }], extension: [], nested_type: [], enum_type: [], extension_range: [], oneof_decl: [], options: None, reserved_range: [], reserved_name: [] }, DescriptorProto { name: Some("Circle"), field: [FieldDescriptorProto { name: Some("radius"), number: Some(1), label: Some(Optional), r#type: Some(Float), type_name: None, extendee: None, default_value: None, oneof_index: None, json_name: Some("radius"), options: None, proto3_optional: None }], extension: [], nested_type: [], enum_type: [], extension_range: [], oneof_decl: [], options: None, reserved_range: [], reserved_name: [] }, DescriptorProto { name: Some("Triangle"), field: [FieldDescriptorProto { name: Some("edge_a"), number: Some(1), label: Some(Optional), r#type: Some(Float), type_name: None, extendee: None, default_value: None, oneof_index: None, json_name: Some("edgeA"), options: None, proto3_optional: None }, FieldDescriptorProto { name: Some("edge_b"), number: Some(2), label: Some(Optional), r#type: Some(Float), type_name: None, extendee: None, default_value: None, oneof_index: None, json_name: Some("edgeB"), options: None, proto3_optional: None }, FieldDescriptorProto { name: Some("edge_c"), number: Some(3), label: Some(Optional), r#type: Some(Float), type_name: None, extendee: None, default_value: None, oneof_index: None, json_name: Some("edgeC"), options: None, proto3_optional: None }], extension: [], nested_type: [], enum_type: [], extension_range: [], oneof_decl: [], options: None, reserved_range: [], reserved_name: [] }, DescriptorProto { name: Some("Parallelogram"), field: [FieldDescriptorProto { name: Some("base_length"), number: Some(1), label: Some(Optional), r#type: Some(Float), type_name: None, extendee: None, default_value: None, oneof_index: None, json_name: Some("baseLength"), options: None, proto3_optional: None }, FieldDescriptorProto { name: Some("height"), number: Some(2), label: Some(Optional), r#type: Some(Float), type_name: None, extendee: None, default_value: None, oneof_index: None, json_name: Some("height"), options: None, proto3_optional: None }], extension: [], nested_type: [], enum_type: [], extension_range: [], oneof_decl: [], options: None, reserved_range: [], reserved_name: [] }, DescriptorProto { name: Some("AreaRequest"), field: [FieldDescriptorProto { name: Some("shapes"), number: Some(1), label: Some(Repeated), r#type: Some(Message), type_name: Some(".area_calculator.ShapeMessage"), extendee: None, default_value: None, oneof_index: None, json_name: Some("shapes"), options: None, proto3_optional: None }], extension: [], nested_type: [], enum_type: [], extension_range: [], oneof_decl: [], options: None, reserved_range: [], reserved_name: [] }, DescriptorProto { name: Some("AreaResponse"), field: [FieldDescriptorProto { name: Some("value"), number: Some(1), label: Some(Repeated), r#type: Some(Float), type_name: None, extendee: None, default_value: None, oneof_index: None, json_name: Some("value"), options: None, proto3_optional: None }], extension: [], nested_type: [], enum_type: [], extension_range: [], oneof_decl: [], options: None, reserved_range: [], reserved_name: [] }], enum_type: [], service: [ServiceDescriptorProto { name: Some("Calculator"), method: [MethodDescriptorProto { name: Some("calculateOne"), input_type: Some(".area_calculator.ShapeMessage"), output_type: Some(".area_calculator.AreaResponse"), options: Some(MethodOptions { deprecated: None, idempotency_level: None, uninterpreted_option: [] }), client_streaming: None, server_streaming: None }, MethodDescriptorProto { name: Some("calculateMulti"), input_type: Some(".area_calculator.AreaRequest"), output_type: Some(".area_calculator.AreaResponse"), options: Some(MethodOptions { deprecated: None, idempotency_level: None, uninterpreted_option: [] }), client_streaming: None, server_streaming: None }], options: None }], extension: [], options: Some(FileOptions { java_package: None, java_outer_classname: None, java_multiple_files: None, java_generate_equals_and_hash: None, java_string_check_utf8: None, optimize_for: None, go_package: Some("io.pact/area_calculator"), cc_generic_services: None, java_generic_services: None, py_generic_services: None, php_generic_services: Some(true), deprecated: None, cc_enable_arenas: None, objc_class_prefix: None, csharp_namespace: None, swift_prefix: None, php_class_prefix: None, php_namespace: None, php_metadata_namespace: None, ruby_package: None, uninterpreted_option: [] }), source_code_info: None, syntax: Some("proto3") }] }, service_name: "Calculator", message: SynchronousMessage { id: None, key: Some("c7fbe3ee"), description: "calculate rectangle area request", provider_states: [], comments: {"testname": String("io.pact.example.grpc.consumer.PactConsumerTest.calculateRectangleArea(MockServer, SynchronousMessages)")}, request: MessageContents { contents: Present(b"\x12\n\r\0\0@@\x15\0\0\x80@", Some(ContentType { main_type: "application", sub_type: "protobuf", attributes: {"message": "ShapeMessage"}, suffix: None }), Some(BINARY)), metadata: {}, matching_rules: MatchingRules { rules: {BODY: MatchingRuleCategory { name: BODY, rules: {DocPath { path_tokens: [Root, Field("rectangle"), Field("length")], expr: "$.rectangle.length" }: RuleList { rules: [Number], rule_logic: And, cascaded: false }, DocPath { path_tokens: [Root, Field("rectangle"), Field("width")], expr: "$.rectangle.width" }: RuleList { rules: [Number], rule_logic: And, cascaded: false }} }} }, generators: Generators { categories: {} } }, response: [MessageContents { contents: Present(b"\r\0\0@A", Some(ContentType { main_type: "application", sub_type: "protobuf", attributes: {"message": "AreaResponse"}, suffix: None }), Some(BINARY)), metadata: {}, matching_rules: MatchingRules { rules: {BODY: MatchingRuleCategory { name: BODY, rules: {DocPath { path_tokens: [Root, Field("value")], expr: "$.value" }: RuleList { rules: [Number], rule_logic: And, cascaded: false }} }} }, generators: Generators { categories: {} } }], pending: false, plugin_config: {"protobuf": {"service": String("Calculator/calculateOne"), "descriptorKey": String("a85dff8f82655a9681aad113575dcfbb")}}, interaction_markup: InteractionMarkup { markup: "```protobuf\nmessage ShapeMessage {\n    message .area_calculator.Rectangle rectangle = 2;\n}\n```\n\n```protobuf\nmessage AreaResponse {\n    float value = 1;\n}\n```\n", markup_type: "COMMON_MARK" }, transport: None }, method_descriptor: MethodDescriptorProto { name: Some("calculateOne"), input_type: Some(".area_calculator.ShapeMessage"), output_type: Some(".area_calculator.AreaResponse"), options: Some(MethodOptions { deprecated: None, idempotency_level: None, uninterpreted_option: [] }), client_streaming: None, server_streaming: None }, input_message: DescriptorProto { name: Some("ShapeMessage"), field: [FieldDescriptorProto { name: Some("square"), number: Some(1), label: Some(Optional), r#type: Some(Message), type_name: Some(".area_calculator.Square"), extendee: None, default_value: None, oneof_index: Some(0), json_name: Some("square"), options: None, proto3_optional: None }, FieldDescriptorProto { name: Some("rectangle"), number: Some(2), label: Some(Optional), r#type: Some(Message), type_name: Some(".area_calculator.Rectangle"), extendee: None, default_value: None, oneof_index: Some(0), json_name: Some("rectangle"), options: None, proto3_optional: None }, FieldDescriptorProto { name: Some("circle"), number: Some(3), label: Some(Optional), r#type: Some(Message), type_name: Some(".area_calculator.Circle"), extendee: None, default_value: None, oneof_index: Some(0), json_name: Some("circle"), options: None, proto3_optional: None }, FieldDescriptorProto { name: Some("triangle"), number: Some(4), label: Some(Optional), r#type: Some(Message), type_name: Some(".area_calculator.Triangle"), extendee: None, default_value: None, oneof_index: Some(0), json_name: Some("triangle"), options: None, proto3_optional: None }, FieldDescriptorProto { name: Some("parallelogram"), number: Some(5), label: Some(Optional), r#type: Some(Message), type_name: Some(".area_calculator.Parallelogram"), extendee: None, default_value: None, oneof_index: Some(0), json_name: Some("parallelogram"), options: None, proto3_optional: None }], extension: [], nested_type: [], enum_type: [], extension_range: [], oneof_decl: [OneofDescriptorProto { name: Some("shape"), options: None }], options: None, reserved_range: [], reserved_name: [] }, output_message: DescriptorProto { name: Some("AreaResponse"), field: [FieldDescriptorProto { name: Some("value"), number: Some(1), label: Some(Repeated), r#type: Some(Float), type_name: None, extendee: None, default_value: None, oneof_index: None, json_name: Some("value"), options: None, proto3_optional: None }], extension: [], nested_type: [], enum_type: [], extension_range: [], oneof_decl: [], options: None, reserved_range: [], reserved_name: [] }, server_key: "5cae5f82-fec2-43c6-9739-60d0383d84ec" } ?[3mrequest?[0m?[2m=?[0mDynamicMessage { descriptor: DescriptorProto { name: Some("ShapeMessage"), field: [FieldDescriptorProto { name: Some("square"), number: Some(1), label: Some(Optional), r#type: Some(Message), type_name: Some(".area_calculator.Square"), extendee: None, default_value: None, oneof_index: Some(0), json_name: Some("square"), options: None, proto3_optional: None }, FieldDescriptorProto { name: Some("rectangle"), number: Some(2), label: Some(Optional), r#type: Some(Message), type_name: Some(".area_calculator.Rectangle"), extendee: None, default_value: None, oneof_index: Some(0), json_name: Some("rectangle"), options: None, proto3_optional: None }, FieldDescriptorProto { name: Some("circle"), number: Some(3), label: Some(Optional), r#type: Some(Message), type_name: Some(".area_calculator.Circle"), extendee: None, default_value: None, oneof_index: Some(0), json_name: Some("circle"), options: None, proto3_optional: None }, FieldDescriptorProto { name: Some("triangle"), number: Some(4), label: Some(Optional), r#type: Some(Message), type_name: Some(".area_calculator.Triangle"), extendee: None, default_value: None, oneof_index: Some(0), json_name: Some("triangle"), options: None, proto3_optional: None }, FieldDescriptorProto { name: Some("parallelogram"), number: Some(5), label: Some(Optional), r#type: Some(Message), type_name: Some(".area_calculator.Parallelogram"), extendee: None, default_value: None, oneof_index: Some(0), json_name: Some("parallelogram"), options: None, proto3_optional: None }], extension: [], nested_type: [], enum_type: [], extension_range: [], oneof_decl: [OneofDescriptorProto { name: Some("shape"), options: None }], options: None, reserved_range: [], reserved_name: [] }, fields: [ProtobufField { field_num: 2, wire_type: LengthDelimited, data: Message([13, 0, 0, 64, 64, 21, 0, 0, 128, 64], DescriptorProto { name: Some("Rectangle"), field: [FieldDescriptorProto { name: Some("length"), number: Some(1), label: Some(Optional), r#type: Some(Float), type_name: None, extendee: None, default_value: None, oneof_index: None, json_name: Some("length"), options: None, proto3_optional: None }, FieldDescriptorProto { name: Some("width"), number: Some(2), label: Some(Optional), r#type: Some(Float), type_name: None, extendee: None, default_value: None, oneof_index: None, json_name: Some("width"), options: None, proto3_optional: None }], extension: [], nested_type: [], enum_type: [], extension_range: [], oneof_decl: [], options: None, reserved_range: [], reserved_name: [] }) }] } ?[3mmessage_descriptor?[0m?[2m=?[0mDescriptorProto { name: Some("ShapeMessage"), field: [FieldDescriptorProto { name: Some("square"), number: Some(1), label: Some(Optional), r#type: Some(Message), type_name: Some(".area_calculator.Square"), extendee: None, default_value: None, oneof_index: Some(0), json_name: Some("square"), options: None, proto3_optional: None }, FieldDescriptorProto { name: Some("rectangle"), number: Some(2), label: Some(Optional), r#type: Some(Message), type_name: Some(".area_calculator.Rectangle"), extendee: None, default_value: None, oneof_index: Some(0), json_name: Some("rectangle"), options: None, proto3_optional: None }, FieldDescriptorProto { name: Some("circle"), number: Some(3), label: Some(Optional), r#type: Some(Message), type_name: Some(".area_calculator.Circle"), extendee: None, default_value: None, oneof_index: Some(0), json_name: Some("circle"), options: None, proto3_optional: None }, FieldDescriptorProto { name: Some("triangle"), number: Some(4), label: Some(Optional), r#type: Some(Message), type_name: Some(".area_calculator.Triangle"), extendee: None, default_value: None, oneof_index: Some(0), json_name: Some("triangle"), options: None, proto3_optional: None }, FieldDescriptorProto { name: Some("parallelogram"), number: Some(5), label: Some(Optional), r#type: Some(Message), type_name: Some(".area_calculator.Parallelogram"), extendee: None, default_value: None, oneof_index: Some(0), json_name: Some("parallelogram"), options: None, proto3_optional: None }], extension: [], nested_type: [], enum_type: [], extension_range: [], oneof_decl: [OneofDescriptorProto { name: Some("shape"), options: None }], options: None, reserved_range: [], reserved_name: [] } ?[3mresponse_descriptor?[0m?[2m=?[0mDescriptorProto { name: Some("AreaResponse"), field: [FieldDescriptorProto { name: Some("value"), number: Some(1), label: Some(Repeated), r#type: Some(Float), type_name: None, extendee: None, default_value: None, oneof_index: None, json_name: Some("value"), options: None, proto3_optional: None }], extension: [], nested_type: [], enum_type: [], extension_range: [], oneof_decl: [], options: None, reserved_range: [], reserved_name: [] }?[1m}?[0m?[2m:?[0m ?[2mpact_protobuf_plugin::matching?[0m?[2m:?[0m compare_value: Matcher defined for path '$.rectangle.length' and values 3.0 -> 3.0
15:05:16.536 [Thread-5] DEBUG i.pact.plugins.jvm.core.ChildProcess - Plugin protobuf [46038] || ?[2m2023-03-27T09:35:16.535295Z?[0m ?[35mTRACE?[0m tokio-runtime-worker ?[1mrequest?[0m?[1m{?[0m?[3mmethod?[0m?[2m=?[0mPOST ?[3muri?[0m?[2m=?[0mhttp://127.0.0.1:53791/area_calculator.Calculator/calculateOne ?[3mversion?[0m?[2m=?[0mHTTP/2.0?[1m}?[0m?[2m:?[0m?[1mcall?[0m?[1m{?[0m?[3mself?[0m?[2m=?[0mGrpcMockServer { pact: V4Pact { consumer: Consumer { name: "grpc-consumer-jvm" }, provider: Provider { name: "area-calculator-provider" }, interactions: [SynchronousMessage { id: None, key: Some("c7fbe3ee"), description: "calculate rectangle area request", provider_states: [], comments: {"testname": String("io.pact.example.grpc.consumer.PactConsumerTest.calculateRectangleArea(MockServer, SynchronousMessages)")}, request: MessageContents { contents: Present(b"\x12\n\r\0\0@@\x15\0\0\x80@", Some(ContentType { main_type: "application", sub_type: "protobuf", attributes: {"message": "ShapeMessage"}, suffix: None }), Some(BINARY)), metadata: {}, matching_rules: MatchingRules { rules: {BODY: MatchingRuleCategory { name: BODY, rules: {DocPath { path_tokens: [Root, Field("rectangle"), Field("length")], expr: "$.rectangle.length" }: RuleList { rules: [Number], rule_logic: And, cascaded: false }, DocPath { path_tokens: [Root, Field("rectangle"), Field("width")], expr: "$.rectangle.width" }: RuleList { rules: [Number], rule_logic: And, cascaded: false }} }} }, generators: Generators { categories: {} } }, response: [MessageContents { contents: Present(b"\r\0\0@A", Some(ContentType { main_type: "application", sub_type: "protobuf", attributes: {"message": "AreaResponse"}, suffix: None }), Some(BINARY)), metadata: {}, matching_rules: MatchingRules { rules: {BODY: MatchingRuleCategory { name: BODY, rules: {DocPath { path_tokens: [Root, Field("value")], expr: "$.value" }: RuleList { rules: [Number], rule_logic: And, cascaded: false }} }} }, generators: Generators { categories: {} } }], pending: false, plugin_config: {"protobuf": {"service": String("Calculator/calculateOne"), "descriptorKey": String("a85dff8f82655a9681aad113575dcfbb")}}, interaction_markup: InteractionMarkup { markup: "```protobuf\nmessage ShapeMessage {\n    message .area_calculator.Rectangle rectangle = 2;\n}\n```\n\n```protobuf\nmessage AreaResponse {\n    float value = 1;\n}\n```\n", markup_type: "COMMON_MARK" }, transport: None }], metadata: {"pact-jvm": Object({"version": String("4.4.2")}), "pactSpecification": Object({"version": String("4.0")})}, plugin_data: [PluginData { name: "protobuf", version: "0.1.5", configuration: {"a85dff8f82655a9681aad113575dcfbb": Object({"protoDescriptors": String("CsoHChVhcmVhX2NhbGN1bGF0b3IucHJvdG8SD2FyZWFfY2FsY3VsYXRvciK6AgoMU2hhcGVNZXNzYWdlEjEKBnNxdWFyZRgBIAEoCzIXLmFyZWFfY2FsY3VsYXRvci5TcXVhcmVIAFIGc3F1YXJlEjoKCXJlY3RhbmdsZRgCIAEoCzIaLmFyZWFfY2FsY3VsYXRvci5SZWN0YW5nbGVIAFIJcmVjdGFuZ2xlEjEKBmNpcmNsZRgDIAEoCzIXLmFyZWFfY2FsY3VsYXRvci5DaXJjbGVIAFIGY2lyY2xlEjcKCHRyaWFuZ2xlGAQgASgLMhkuYXJlYV9jYWxjdWxhdG9yLlRyaWFuZ2xlSABSCHRyaWFuZ2xlEkYKDXBhcmFsbGVsb2dyYW0YBSABKAsyHi5hcmVhX2NhbGN1bGF0b3IuUGFyYWxsZWxvZ3JhbUgAUg1wYXJhbGxlbG9ncmFtQgcKBXNoYXBlIikKBlNxdWFyZRIfCgtlZGdlX2xlbmd0aBgBIAEoAlIKZWRnZUxlbmd0aCI5CglSZWN0YW5nbGUSFgoGbGVuZ3RoGAEgASgCUgZsZW5ndGgSFAoFd2lkdGgYAiABKAJSBXdpZHRoIiAKBkNpcmNsZRIWCgZyYWRpdXMYASABKAJSBnJhZGl1cyJPCghUcmlhbmdsZRIVCgZlZGdlX2EYASABKAJSBWVkZ2VBEhUKBmVkZ2VfYhgCIAEoAlIFZWRnZUISFQoGZWRnZV9jGAMgASgCUgVlZGdlQyJICg1QYXJhbGxlbG9ncmFtEh8KC2Jhc2VfbGVuZ3RoGAEgASgCUgpiYXNlTGVuZ3RoEhYKBmhlaWdodBgCIAEoAlIGaGVpZ2h0IkQKC0FyZWFSZXF1ZXN0EjUKBnNoYXBlcxgBIAMoCzIdLmFyZWFfY2FsY3VsYXRvci5TaGFwZU1lc3NhZ2VSBnNoYXBlcyIkCgxBcmVhUmVzcG9uc2USFAoFdmFsdWUYASADKAJSBXZhbHVlMq0BCgpDYWxjdWxhdG9yEk4KDGNhbGN1bGF0ZU9uZRIdLmFyZWFfY2FsY3VsYXRvci5TaGFwZU1lc3NhZ2UaHS5hcmVhX2NhbGN1bGF0b3IuQXJlYVJlc3BvbnNlIgASTwoOY2FsY3VsYXRlTXVsdGkSHC5hcmVhX2NhbGN1bGF0b3IuQXJlYVJlcXVlc3QaHS5hcmVhX2NhbGN1bGF0b3IuQXJlYVJlc3BvbnNlIgBCHFoXaW8ucGFjdC9hcmVhX2NhbGN1bGF0b3LQAgFiBnByb3RvMw=="), "protoFile": String("syntax = \"proto3\";\n\npackage area_calculator;\n\noption php_generic_services = true;\noption go_package = \"io.pact/area_calculator\";\n\nservice Calculator {\n  rpc calculateOne (ShapeMessage) returns (AreaResponse) {}\n  rpc calculateMulti (AreaRequest) returns (AreaResponse) {}\n}\n\nmessage ShapeMessage {\n  oneof shape {\n    Square square = 1;\n    Rectangle rectangle = 2;\n    Circle circle = 3;\n    Triangle triangle = 4;\n    Parallelogram parallelogram = 5;\n  }\n}\n\nmessage Square {\n  float edge_length = 1;\n}\n\nmessage Rectangle {\n  float length = 1;\n  float width = 2;\n}\n\nmessage Circle {\n  float radius = 1;\n}\n\nmessage Triangle {\n  float edge_a = 1;\n  float edge_b = 2;\n  float edge_c = 3;\n}\n\nmessage Parallelogram {\n  float base_length = 1;\n  float height = 2;\n}\n\nmessage AreaRequest {\n  repeated ShapeMessage shapes = 1;\n}\n\nmessage AreaResponse {\n  repeated float value = 1;\n}\n")})} }] }, plugin_config: PluginData { name: "protobuf", version: "0.1.5", configuration: {"a85dff8f82655a9681aad113575dcfbb": Object({"protoDescriptors": String("CsoHChVhcmVhX2NhbGN1bGF0b3IucHJvdG8SD2FyZWFfY2FsY3VsYXRvciK6AgoMU2hhcGVNZXNzYWdlEjEKBnNxdWFyZRgBIAEoCzIXLmFyZWFfY2FsY3VsYXRvci5TcXVhcmVIAFIGc3F1YXJlEjoKCXJlY3RhbmdsZRgCIAEoCzIaLmFyZWFfY2FsY3VsYXRvci5SZWN0YW5nbGVIAFIJcmVjdGFuZ2xlEjEKBmNpcmNsZRgDIAEoCzIXLmFyZWFfY2FsY3VsYXRvci5DaXJjbGVIAFIGY2lyY2xlEjcKCHRyaWFuZ2xlGAQgASgLMhkuYXJlYV9jYWxjdWxhdG9yLlRyaWFuZ2xlSABSCHRyaWFuZ2xlEkYKDXBhcmFsbGVsb2dyYW0YBSABKAsyHi5hcmVhX2NhbGN1bGF0b3IuUGFyYWxsZWxvZ3JhbUgAUg1wYXJhbGxlbG9ncmFtQgcKBXNoYXBlIikKBlNxdWFyZRIfCgtlZGdlX2xlbmd0aBgBIAEoAlIKZWRnZUxlbmd0aCI5CglSZWN0YW5nbGUSFgoGbGVuZ3RoGAEgASgCUgZsZW5ndGgSFAoFd2lkdGgYAiABKAJSBXdpZHRoIiAKBkNpcmNsZRIWCgZyYWRpdXMYASABKAJSBnJhZGl1cyJPCghUcmlhbmdsZRIVCgZlZGdlX2EYASABKAJSBWVkZ2VBEhUKBmVkZ2VfYhgCIAEoAlIFZWRnZUISFQoGZWRnZV9jGAMgASgCUgVlZGdlQyJICg1QYXJhbGxlbG9ncmFtEh8KC2Jhc2VfbGVuZ3RoGAEgASgCUgpiYXNlTGVuZ3RoEhYKBmhlaWdodBgCIAEoAlIGaGVpZ2h0IkQKC0FyZWFSZXF1ZXN0EjUKBnNoYXBlcxgBIAMoCzIdLmFyZWFfY2FsY3VsYXRvci5TaGFwZU1lc3NhZ2VSBnNoYXBlcyIkCgxBcmVhUmVzcG9uc2USFAoFdmFsdWUYASADKAJSBXZhbHVlMq0BCgpDYWxjdWxhdG9yEk4KDGNhbGN1bGF0ZU9uZRIdLmFyZWFfY2FsY3VsYXRvci5TaGFwZU1lc3NhZ2UaHS5hcmVhX2NhbGN1bGF0b3IuQXJlYVJlc3BvbnNlIgASTwoOY2FsY3VsYXRlTXVsdGkSHC5hcmVhX2NhbGN1bGF0b3IuQXJlYVJlcXVlc3QaHS5hcmVhX2NhbGN1bGF0b3IuQXJlYVJlc3BvbnNlIgBCHFoXaW8ucGFjdC9hcmVhX2NhbGN1bGF0b3LQAgFiBnByb3RvMw=="), "protoFile": String("syntax = \"proto3\";\n\npackage area_calculator;\n\noption php_generic_services = true;\noption go_package = \"io.pact/area_calculator\";\n\nservice Calculator {\n  rpc calculateOne (ShapeMessage) returns (AreaResponse) {}\n  rpc calculateMulti (AreaRequest) returns (AreaResponse) {}\n}\n\nmessage ShapeMessage {\n  oneof shape {\n    Square square = 1;\n    Rectangle rectangle = 2;\n    Circle circle = 3;\n    Triangle triangle = 4;\n    Parallelogram parallelogram = 5;\n  }\n}\n\nmessage Square {\n  float edge_length = 1;\n}\n\nmessage Rectangle {\n  float length = 1;\n  float width = 2;\n}\n\nmessage Circle {\n  float radius = 1;\n}\n\nmessage Triangle {\n  float edge_a = 1;\n  float edge_b = 2;\n  float edge_c = 3;\n}\n\nmessage Parallelogram {\n  float base_length = 1;\n  float height = 2;\n}\n\nmessage AreaRequest {\n  repeated ShapeMessage shapes = 1;\n}\n\nmessage AreaResponse {\n  repeated float value = 1;\n}\n")})} }, descriptors: {"a85dff8f82655a9681aad113575dcfbb": FileDescriptorSet { file: [FileDescriptorProto { name: Some("area_calculator.proto"), package: Some("area_calculator"), dependency: [], public_dependency: [], weak_dependency: [], message_type: [DescriptorProto { name: Some("ShapeMessage"), field: [FieldDescriptorProto { name: Some("square"), number: Some(1), label: Some(Optional), r#type: Some(Message), type_name: Some(".area_calculator.Square"), extendee: None, default_value: None, oneof_index: Some(0), json_name: Some("square"), options: None, proto3_optional: None }, FieldDescriptorProto { name: Some("rectangle"), number: Some(2), label: Some(Optional), r#type: Some(Message), type_name: Some(".area_calculator.Rectangle"), extendee: None, default_value: None, oneof_index: Some(0), json_name: Some("rectangle"), options: None, proto3_optional: None }, FieldDescriptorProto { name: Some("circle"), number: Some(3), label: Some(Optional), r#type: Some(Message), type_name: Some(".area_calculator.Circle"), extendee: None, default_value: None, oneof_index: Some(0), json_name: Some("circle"), options: None, proto3_optional: None }, FieldDescriptorProto { name: Some("triangle"), number: Some(4), label: Some(Optional), r#type: Some(Message), type_name: Some(".area_calculator.Triangle"), extendee: None, default_value: None, oneof_index: Some(0), json_name: Some("triangle"), options: None, proto3_optional: None }, FieldDescriptorProto { name: Some("parallelogram"), number: Some(5), label: Some(Optional), r#type: Some(Message), type_name: Some(".area_calculator.Parallelogram"), extendee: None, default_value: None, oneof_index: Some(0), json_name: Some("parallelogram"), options: None, proto3_optional: None }], extension: [], nested_type: [], enum_type: [], extension_range: [], oneof_decl: [OneofDescriptorProto { name: Some("shape"), options: None }], options: None, reserved_range: [], reserved_name: [] }, DescriptorProto { name: Some("Square"), field: [FieldDescriptorProto { name: Some("edge_length"), number: Some(1), label: Some(Optional), r#type: Some(Float), type_name: None, extendee: None, default_value: None, oneof_index: None, json_name: Some("edgeLength"), options: None, proto3_optional: None }], extension: [], nested_type: [], enum_type: [], extension_range: [], oneof_decl: [], options: None, reserved_range: [], reserved_name: [] }, DescriptorProto { name: Some("Rectangle"), field: [FieldDescriptorProto { name: Some("length"), number: Some(1), label: Some(Optional), r#type: Some(Float), type_name: None, extendee: None, default_value: None, oneof_index: None, json_name: Some("length"), options: None, proto3_optional: None }, FieldDescriptorProto { name: Some("width"), number: Some(2), label: Some(Optional), r#type: Some(Float), type_name: None, extendee: None, default_value: None, oneof_index: None, json_name: Some("width"), options: None, proto3_optional: None }], extension: [], nested_type: [], enum_type: [], extension_range: [], oneof_decl: [], options: None, reserved_range: [], reserved_name: [] }, DescriptorProto { name: Some("Circle"), field: [FieldDescriptorProto { name: Some("radius"), number: Some(1), label: Some(Optional), r#type: Some(Float), type_name: None, extendee: None, default_value: None, oneof_index: None, json_name: Some("radius"), options: None, proto3_optional: None }], extension: [], nested_type: [], enum_type: [], extension_range: [], oneof_decl: [], options: None, reserved_range: [], reserved_name: [] }, DescriptorProto { name: Some("Triangle"), field: [FieldDescriptorProto { name: Some("edge_a"), number: Some(1), label: Some(Optional), r#type: Some(Float), type_name: None, extendee: None, default_value: None, oneof_index: None, json_name: Some("edgeA"), options: None, proto3_optional: None }, FieldDescriptorProto { name: Some("edge_b"), number: Some(2), label: Some(Optional), r#type: Some(Float), type_name: None, extendee: None, default_value: None, oneof_index: None, json_name: Some("edgeB"), options: None, proto3_optional: None }, FieldDescriptorProto { name: Some("edge_c"), number: Some(3), label: Some(Optional), r#type: Some(Float), type_name: None, extendee: None, default_value: None, oneof_index: None, json_name: Some("edgeC"), options: None, proto3_optional: None }], extension: [], nested_type: [], enum_type: [], extension_range: [], oneof_decl: [], options: None, reserved_range: [], reserved_name: [] }, DescriptorProto { name: Some("Parallelogram"), field: [FieldDescriptorProto { name: Some("base_length"), number: Some(1), label: Some(Optional), r#type: Some(Float), type_name: None, extendee: None, default_value: None, oneof_index: None, json_name: Some("baseLength"), options: None, proto3_optional: None }, FieldDescriptorProto { name: Some("height"), number: Some(2), label: Some(Optional), r#type: Some(Float), type_name: None, extendee: None, default_value: None, oneof_index: None, json_name: Some("height"), options: None, proto3_optional: None }], extension: [], nested_type: [], enum_type: [], extension_range: [], oneof_decl: [], options: None, reserved_range: [], reserved_name: [] }, DescriptorProto { name: Some("AreaRequest"), field: [FieldDescriptorProto { name: Some("shapes"), number: Some(1), label: Some(Repeated), r#type: Some(Message), type_name: Some(".area_calculator.ShapeMessage"), extendee: None, default_value: None, oneof_index: None, json_name: Some("shapes"), options: None, proto3_optional: None }], extension: [], nested_type: [], enum_type: [], extension_range: [], oneof_decl: [], options: None, reserved_range: [], reserved_name: [] }, DescriptorProto { name: Some("AreaResponse"), field: [FieldDescriptorProto { name: Some("value"), number: Some(1), label: Some(Repeated), r#type: Some(Float), type_name: None, extendee: None, default_value: None, oneof_index: None, json_name: Some("value"), options: None, proto3_optional: None }], extension: [], nested_type: [], enum_type: [], extension_range: [], oneof_decl: [], options: None, reserved_range: [], reserved_name: [] }], enum_type: [], service: [ServiceDescriptorProto { name: Some("Calculator"), method: [MethodDescriptorProto { name: Some("calculateOne"), input_type: Some(".area_calculator.ShapeMessage"), output_type: Some(".area_calculator.AreaResponse"), options: Some(MethodOptions { deprecated: None, idempotency_level: None, uninterpreted_option: [] }), client_streaming: None, server_streaming: None }, MethodDescriptorProto { name: Some("calculateMulti"), input_type: Some(".area_calculator.AreaRequest"), output_type: Some(".area_calculator.AreaResponse"), options: Some(MethodOptions { deprecated: None, idempotency_level: None, uninterpreted_option: [] }), client_streaming: None, server_streaming: None }], options: None }], extension: [], options: Some(FileOptions { java_package: None, java_outer_classname: None, java_multiple_files: None, java_generate_equals_and_hash: None, java_string_check_utf8: None, optimize_for: None, go_package: Some("io.pact/area_calculator"), cc_generic_services: None, java_generic_services: None, py_generic_services: None, php_generic_services: Some(true), deprecated: None, cc_enable_arenas: None, objc_class_prefix: None, csharp_namespace: None, swift_prefix: None, php_class_prefix: None, php_namespace: None, php_metadata_namespace: None, ruby_package: None, uninterpreted_option: [] }), source_code_info: None, syntax: Some("proto3") }] }}, routes: {"Calculator/calculateOne": (FileDescriptorSet { file: [FileDescriptorProto { name: Some("area_calculator.proto"), package: Some("area_calculator"), dependency: [], public_dependency: [], weak_dependency: [], message_type: [DescriptorProto { name: Some("ShapeMessage"), field: [FieldDescriptorProto { name: Some("square"), number: Some(1), label: Some(Optional), r#type: Some(Message), type_name: Some(".area_calculator.Square"), extendee: None, default_value: None, oneof_index: Some(0), json_name: Some("square"), options: None, proto3_optional: None }, FieldDescriptorProto { name: Some("rectangle"), number: Some(2), label: Some(Optional), r#type: Some(Message), type_name: Some(".area_calculator.Rectangle"), extendee: None, default_value: None, oneof_index: Some(0), json_name: Some("rectangle"), options: None, proto3_optional: None }, FieldDescriptorProto { name: Some("circle"), number: Some(3), label: Some(Optional), r#type: Some(Message), type_name: Some(".area_calculator.Circle"), extendee: None, default_value: None, oneof_index: Some(0), json_name: Some("circle"), options: None, proto3_optional: None }, FieldDescriptorProto { name: Some("triangle"), number: Some(4), label: Some(Optional), r#type: Some(Message), type_name: Some(".area_calculator.Triangle"), extendee: None, default_value: None, oneof_index: Some(0), json_name: Some("triangle"), options: None, proto3_optional: None }, FieldDescriptorProto { name: Some("parallelogram"), number: Some(5), label: Some(Optional), r#type: Some(Message), type_name: Some(".area_calculator.Parallelogram"), extendee: None, default_value: None, oneof_index: Some(0), json_name: Some("parallelogram"), options: None, proto3_optional: None }], extension: [], nested_type: [], enum_type: [], extension_range: [], oneof_decl: [OneofDescriptorProto { name: Some("shape"), options: None }], options: None, reserved_range: [], reserved_name: [] }, DescriptorProto { name: Some("Square"), field: [FieldDescriptorProto { name: Some("edge_length"), number: Some(1), label: Some(Optional), r#type: Some(Float), type_name: None, extendee: None, default_value: None, oneof_index: None, json_name: Some("edgeLength"), options: None, proto3_optional: None }], extension: [], nested_type: [], enum_type: [], extension_range: [], oneof_decl: [], options: None, reserved_range: [], reserved_name: [] }, DescriptorProto { name: Some("Rectangle"), field: [FieldDescriptorProto { name: Some("length"), number: Some(1), label: Some(Optional), r#type: Some(Float), type_name: None, extendee: None, default_value: None, oneof_index: None, json_name: Some("length"), options: None, proto3_optional: None }, FieldDescriptorProto { name: Some("width"), number: Some(2), label: Some(Optional), r#type: Some(Float), type_name: None, extendee: None, default_value: None, oneof_index: None, json_name: Some("width"), options: None, proto3_optional: None }], extension: [], nested_type: [], enum_type: [], extension_range: [], oneof_decl: [], options: None, reserved_range: [], reserved_name: [] }, DescriptorProto { name: Some("Circle"), field: [FieldDescriptorProto { name: Some("radius"), number: Some(1), label: Some(Optional), r#type: Some(Float), type_name: None, extendee: None, default_value: None, oneof_index: None, json_name: Some("radius"), options: None, proto3_optional: None }], extension: [], nested_type: [], enum_type: [], extension_range: [], oneof_decl: [], options: None, reserved_range: [], reserved_name: [] }, DescriptorProto { name: Some("Triangle"), field: [FieldDescriptorProto { name: Some("edge_a"), number: Some(1), label: Some(Optional), r#type: Some(Float), type_name: None, extendee: None, default_value: None, oneof_index: None, json_name: Some("edgeA"), options: None, proto3_optional: None }, FieldDescriptorProto { name: Some("edge_b"), number: Some(2), label: Some(Optional), r#type: Some(Float), type_name: None, extendee: None, default_value: None, oneof_index: None, json_name: Some("edgeB"), options: None, proto3_optional: None }, FieldDescriptorProto { name: Some("edge_c"), number: Some(3), label: Some(Optional), r#type: Some(Float), type_name: None, extendee: None, default_value: None, oneof_index: None, json_name: Some("edgeC"), options: None, proto3_optional: None }], extension: [], nested_type: [], enum_type: [], extension_range: [], oneof_decl: [], options: None, reserved_range: [], reserved_name: [] }, DescriptorProto { name: Some("Parallelogram"), field: [FieldDescriptorProto { name: Some("base_length"), number: Some(1), label: Some(Optional), r#type: Some(Float), type_name: None, extendee: None, default_value: None, oneof_index: None, json_name: Some("baseLength"), options: None, proto3_optional: None }, FieldDescriptorProto { name: Some("height"), number: Some(2), label: Some(Optional), r#type: Some(Float), type_name: None, extendee: None, default_value: None, oneof_index: None, json_name: Some("height"), options: None, proto3_optional: None }], extension: [], nested_type: [], enum_type: [], extension_range: [], oneof_decl: [], options: None, reserved_range: [], reserved_name: [] }, DescriptorProto { name: Some("AreaRequest"), field: [FieldDescriptorProto { name: Some("shapes"), number: Some(1), label: Some(Repeated), r#type: Some(Message), type_name: Some(".area_calculator.ShapeMessage"), extendee: None, default_value: None, oneof_index: None, json_name: Some("shapes"), options: None, proto3_optional: None }], extension: [], nested_type: [], enum_type: [], extension_range: [], oneof_decl: [], options: None, reserved_range: [], reserved_name: [] }, DescriptorProto { name: Some("AreaResponse"), field: [FieldDescriptorProto { name: Some("value"), number: Some(1), label: Some(Repeated), r#type: Some(Float), type_name: None, extendee: None, default_value: None, oneof_index: None, json_name: Some("value"), options: None, proto3_optional: None }], extension: [], nested_type: [], enum_type: [], extension_range: [], oneof_decl: [], options: None, reserved_range: [], reserved_name: [] }], enum_type: [], service: [ServiceDescriptorProto { name: Some("Calculator"), method: [MethodDescriptorProto { name: Some("calculateOne"), input_type: Some(".area_calculator.ShapeMessage"), output_type: Some(".area_calculator.AreaResponse"), options: Some(MethodOptions { deprecated: None, idempotency_level: None, uninterpreted_option: [] }), client_streaming: None, server_streaming: None }, MethodDescriptorProto { name: Some("calculateMulti"), input_type: Some(".area_calculator.AreaRequest"), output_type: Some(".area_calculator.AreaResponse"), options: Some(MethodOptions { deprecated: None, idempotency_level: None, uninterpreted_option: [] }), client_streaming: None, server_streaming: None }], options: None }], extension: [], options: Some(FileOptions { java_package: None, java_outer_classname: None, java_multiple_files: None, java_generate_equals_and_hash: None, java_string_check_utf8: None, optimize_for: None, go_package: Some("io.pact/area_calculator"), cc_generic_services: None, java_generic_services: None, py_generic_services: None, php_generic_services: Some(true), deprecated: None, cc_enable_arenas: None, objc_class_prefix: None, csharp_namespace: None, swift_prefix: None, php_class_prefix: None, php_namespace: None, php_metadata_namespace: None, ruby_package: None, uninterpreted_option: [] }), source_code_info: None, syntax: Some("proto3") }] }, MethodDescriptorProto { name: Some("calculateOne"), input_type: Some(".area_calculator.ShapeMessage"), output_type: Some(".area_calculator.AreaResponse"), options: Some(MethodOptions { deprecated: None, idempotency_level: None, uninterpreted_option: [] }), client_streaming: None, server_streaming: None }, SynchronousMessage { id: None, key: Some("c7fbe3ee"), description: "calculate rectangle area request", provider_states: [], comments: {"testname": String("io.pact.example.grpc.consumer.PactConsumerTest.calculateRectangleArea(MockServer, SynchronousMessages)")}, request: MessageContents { contents: Present(b"\x12\n\r\0\0@@\x15\0\0\x80@", Some(ContentType { main_type: "application", sub_type: "protobuf", attributes: {"message": "ShapeMessage"}, suffix: None }), Some(BINARY)), metadata: {}, matching_rules: MatchingRules { rules: {BODY: MatchingRuleCategory { name: BODY, rules: {DocPath { path_tokens: [Root, Field("rectangle"), Field("length")], expr: "$.rectangle.length" }: RuleList { rules: [Number], rule_logic: And, cascaded: false }, DocPath { path_tokens: [Root, Field("rectangle"), Field("width")], expr: "$.rectangle.width" }: RuleList { rules: [Number], rule_logic: And, cascaded: false }} }} }, generators: Generators { categories: {} } }, response: [MessageContents { contents: Present(b"\r\0\0@A", Some(ContentType { main_type: "application", sub_type: "protobuf", attributes: {"message": "AreaResponse"}, suffix: None }), Some(BINARY)), metadata: {}, matching_rules: MatchingRules { rules: {BODY: MatchingRuleCategory { name: BODY, rules: {DocPath { path_tokens: [Root, Field("value")], expr: "$.value" }: RuleList { rules: [Number], rule_logic: And, cascaded: false }} }} }, generators: Generators { categories: {} } }], pending: false, plugin_config: {"protobuf": {"service": String("Calculator/calculateOne"), "descriptorKey": String("a85dff8f82655a9681aad113575dcfbb")}}, interaction_markup: InteractionMarkup { markup: "```protobuf\nmessage ShapeMessage {\n    message .area_calculator.Rectangle rectangle = 2;\n}\n```\n\n```protobuf\nmessage AreaResponse {\n    float value = 1;\n}\n```\n", markup_type: "COMMON_MARK" }, transport: None })}, server_key: "5cae5f82-fec2-43c6-9739-60d0383d84ec" } ?[3mreq?[0m?[2m=?[0mRequest { method: POST, uri: http://127.0.0.1:53791/area_calculator.Calculator/calculateOne, version: HTTP/2.0, headers: {"content-type": "application/grpc", "te": "trailers", "user-agent": "grpc-java-netty/1.49.0", "grpc-accept-encoding": "gzip"}, body: Body(Streaming) }?[1m}?[0m?[2m:?[0m?[1mmock_server_handler?[0m?[1m{?[0m?[3mkey?[0m?[2m=?[0m"5cae5f82-fec2-43c6-9739-60d0383d84ec"?[1m}?[0m?[2m:?[0m?[1mhandle_message?[0m?[1m{?[0m?[3mself?[0m?[2m=?[0mMockService { file_descriptor_set: FileDescriptorSet { file: [FileDescriptorProto { name: Some("area_calculator.proto"), package: Some("area_calculator"), dependency: [], public_dependency: [], weak_dependency: [], message_type: [DescriptorProto { name: Some("ShapeMessage"), field: [FieldDescriptorProto { name: Some("square"), number: Some(1), label: Some(Optional), r#type: Some(Message), type_name: Some(".area_calculator.Square"), extendee: None, default_value: None, oneof_index: Some(0), json_name: Some("square"), options: None, proto3_optional: None }, FieldDescriptorProto { name: Some("rectangle"), number: Some(2), label: Some(Optional), r#type: Some(Message), type_name: Some(".area_calculator.Rectangle"), extendee: None, default_value: None, oneof_index: Some(0), json_name: Some("rectangle"), options: None, proto3_optional: None }, FieldDescriptorProto { name: Some("circle"), number: Some(3), label: Some(Optional), r#type: Some(Message), type_name: Some(".area_calculator.Circle"), extendee: None, default_value: None, oneof_index: Some(0), json_name: Some("circle"), options: None, proto3_optional: None }, FieldDescriptorProto { name: Some("triangle"), number: Some(4), label: Some(Optional), r#type: Some(Message), type_name: Some(".area_calculator.Triangle"), extendee: None, default_value: None, oneof_index: Some(0), json_name: Some("triangle"), options: None, proto3_optional: None }, FieldDescriptorProto { name: Some("parallelogram"), number: Some(5), label: Some(Optional), r#type: Some(Message), type_name: Some(".area_calculator.Parallelogram"), extendee: None, default_value: None, oneof_index: Some(0), json_name: Some("parallelogram"), options: None, proto3_optional: None }], extension: [], nested_type: [], enum_type: [], extension_range: [], oneof_decl: [OneofDescriptorProto { name: Some("shape"), options: None }], options: None, reserved_range: [], reserved_name: [] }, DescriptorProto { name: Some("Square"), field: [FieldDescriptorProto { name: Some("edge_length"), number: Some(1), label: Some(Optional), r#type: Some(Float), type_name: None, extendee: None, default_value: None, oneof_index: None, json_name: Some("edgeLength"), options: None, proto3_optional: None }], extension: [], nested_type: [], enum_type: [], extension_range: [], oneof_decl: [], options: None, reserved_range: [], reserved_name: [] }, DescriptorProto { name: Some("Rectangle"), field: [FieldDescriptorProto { name: Some("length"), number: Some(1), label: Some(Optional), r#type: Some(Float), type_name: None, extendee: None, default_value: None, oneof_index: None, json_name: Some("length"), options: None, proto3_optional: None }, FieldDescriptorProto { name: Some("width"), number: Some(2), label: Some(Optional), r#type: Some(Float), type_name: None, extendee: None, default_value: None, oneof_index: None, json_name: Some("width"), options: None, proto3_optional: None }], extension: [], nested_type: [], enum_type: [], extension_range: [], oneof_decl: [], options: None, reserved_range: [], reserved_name: [] }, DescriptorProto { name: Some("Circle"), field: [FieldDescriptorProto { name: Some("radius"), number: Some(1), label: Some(Optional), r#type: Some(Float), type_name: None, extendee: None, default_value: None, oneof_index: None, json_name: Some("radius"), options: None, proto3_optional: None }], extension: [], nested_type: [], enum_type: [], extension_range: [], oneof_decl: [], options: None, reserved_range: [], reserved_name: [] }, DescriptorProto { name: Some("Triangle"), field: [FieldDescriptorProto { name: Some("edge_a"), number: Some(1), label: Some(Optional), r#type: Some(Float), type_name: None, extendee: None, default_value: None, oneof_index: None, json_name: Some("edgeA"), options: None, proto3_optional: None }, FieldDescriptorProto { name: Some("edge_b"), number: Some(2), label: Some(Optional), r#type: Some(Float), type_name: None, extendee: None, default_value: None, oneof_index: None, json_name: Some("edgeB"), options: None, proto3_optional: None }, FieldDescriptorProto { name: Some("edge_c"), number: Some(3), label: Some(Optional), r#type: Some(Float), type_name: None, extendee: None, default_value: None, oneof_index: None, json_name: Some("edgeC"), options: None, proto3_optional: None }], extension: [], nested_type: [], enum_type: [], extension_range: [], oneof_decl: [], options: None, reserved_range: [], reserved_name: [] }, DescriptorProto { name: Some("Parallelogram"), field: [FieldDescriptorProto { name: Some("base_length"), number: Some(1), label: Some(Optional), r#type: Some(Float), type_name: None, extendee: None, default_value: None, oneof_index: None, json_name: Some("baseLength"), options: None, proto3_optional: None }, FieldDescriptorProto { name: Some("height"), number: Some(2), label: Some(Optional), r#type: Some(Float), type_name: None, extendee: None, default_value: None, oneof_index: None, json_name: Some("height"), options: None, proto3_optional: None }], extension: [], nested_type: [], enum_type: [], extension_range: [], oneof_decl: [], options: None, reserved_range: [], reserved_name: [] }, DescriptorProto { name: Some("AreaRequest"), field: [FieldDescriptorProto { name: Some("shapes"), number: Some(1), label: Some(Repeated), r#type: Some(Message), type_name: Some(".area_calculator.ShapeMessage"), extendee: None, default_value: None, oneof_index: None, json_name: Some("shapes"), options: None, proto3_optional: None }], extension: [], nested_type: [], enum_type: [], extension_range: [], oneof_decl: [], options: None, reserved_range: [], reserved_name: [] }, DescriptorProto { name: Some("AreaResponse"), field: [FieldDescriptorProto { name: Some("value"), number: Some(1), label: Some(Repeated), r#type: Some(Float), type_name: None, extendee: None, default_value: None, oneof_index: None, json_name: Some("value"), options: None, proto3_optional: None }], extension: [], nested_type: [], enum_type: [], extension_range: [], oneof_decl: [], options: None, reserved_range: [], reserved_name: [] }], enum_type: [], service: [ServiceDescriptorProto { name: Some("Calculator"), method: [MethodDescriptorProto { name: Some("calculateOne"), input_type: Some(".area_calculator.ShapeMessage"), output_type: Some(".area_calculator.AreaResponse"), options: Some(MethodOptions { deprecated: None, idempotency_level: None, uninterpreted_option: [] }), client_streaming: None, server_streaming: None }, MethodDescriptorProto { name: Some("calculateMulti"), input_type: Some(".area_calculator.AreaRequest"), output_type: Some(".area_calculator.AreaResponse"), options: Some(MethodOptions { deprecated: None, idempotency_level: None, uninterpreted_option: [] }), client_streaming: None, server_streaming: None }], options: None }], extension: [], options: Some(FileOptions { java_package: None, java_outer_classname: None, java_multiple_files: None, java_generate_equals_and_hash: None, java_string_check_utf8: None, optimize_for: None, go_package: Some("io.pact/area_calculator"), cc_generic_services: None, java_generic_services: None, py_generic_services: None, php_generic_services: Some(true), deprecated: None, cc_enable_arenas: None, objc_class_prefix: None, csharp_namespace: None, swift_prefix: None, php_class_prefix: None, php_namespace: None, php_metadata_namespace: None, ruby_package: None, uninterpreted_option: [] }), source_code_info: None, syntax: Some("proto3") }] }, service_name: "Calculator", message: SynchronousMessage { id: None, key: Some("c7fbe3ee"), description: "calculate rectangle area request", provider_states: [], comments: {"testname": String("io.pact.example.grpc.consumer.PactConsumerTest.calculateRectangleArea(MockServer, SynchronousMessages)")}, request: MessageContents { contents: Present(b"\x12\n\r\0\0@@\x15\0\0\x80@", Some(ContentType { main_type: "application", sub_type: "protobuf", attributes: {"message": "ShapeMessage"}, suffix: None }), Some(BINARY)), metadata: {}, matching_rules: MatchingRules { rules: {BODY: MatchingRuleCategory { name: BODY, rules: {DocPath { path_tokens: [Root, Field("rectangle"), Field("length")], expr: "$.rectangle.length" }: RuleList { rules: [Number], rule_logic: And, cascaded: false }, DocPath { path_tokens: [Root, Field("rectangle"), Field("width")], expr: "$.rectangle.width" }: RuleList { rules: [Number], rule_logic: And, cascaded: false }} }} }, generators: Generators { categories: {} } }, response: [MessageContents { contents: Present(b"\r\0\0@A", Some(ContentType { main_type: "application", sub_type: "protobuf", attributes: {"message": "AreaResponse"}, suffix: None }), Some(BINARY)), metadata: {}, matching_rules: MatchingRules { rules: {BODY: MatchingRuleCategory { name: BODY, rules: {DocPath { path_tokens: [Root, Field("value")], expr: "$.value" }: RuleList { rules: [Number], rule_logic: And, cascaded: false }} }} }, generators: Generators { categories: {} } }], pending: false, plugin_config: {"protobuf": {"service": String("Calculator/calculateOne"), "descriptorKey": String("a85dff8f82655a9681aad113575dcfbb")}}, interaction_markup: InteractionMarkup { markup: "```protobuf\nmessage ShapeMessage {\n    message .area_calculator.Rectangle rectangle = 2;\n}\n```\n\n```protobuf\nmessage AreaResponse {\n    float value = 1;\n}\n```\n", markup_type: "COMMON_MARK" }, transport: None }, method_descriptor: MethodDescriptorProto { name: Some("calculateOne"), input_type: Some(".area_calculator.ShapeMessage"), output_type: Some(".area_calculator.AreaResponse"), options: Some(MethodOptions { deprecated: None, idempotency_level: None, uninterpreted_option: [] }), client_streaming: None, server_streaming: None }, input_message: DescriptorProto { name: Some("ShapeMessage"), field: [FieldDescriptorProto { name: Some("square"), number: Some(1), label: Some(Optional), r#type: Some(Message), type_name: Some(".area_calculator.Square"), extendee: None, default_value: None, oneof_index: Some(0), json_name: Some("square"), options: None, proto3_optional: None }, FieldDescriptorProto { name: Some("rectangle"), number: Some(2), label: Some(Optional), r#type: Some(Message), type_name: Some(".area_calculator.Rectangle"), extendee: None, default_value: None, oneof_index: Some(0), json_name: Some("rectangle"), options: None, proto3_optional: None }, FieldDescriptorProto { name: Some("circle"), number: Some(3), label: Some(Optional), r#type: Some(Message), type_name: Some(".area_calculator.Circle"), extendee: None, default_value: None, oneof_index: Some(0), json_name: Some("circle"), options: None, proto3_optional: None }, FieldDescriptorProto { name: Some("triangle"), number: Some(4), label: Some(Optional), r#type: Some(Message), type_name: Some(".area_calculator.Triangle"), extendee: None, default_value: None, oneof_index: Some(0), json_name: Some("triangle"), options: None, proto3_optional: None }, FieldDescriptorProto { name: Some("parallelogram"), number: Some(5), label: Some(Optional), r#type: Some(Message), type_name: Some(".area_calculator.Parallelogram"), extendee: None, default_value: None, oneof_index: Some(0), json_name: Some("parallelogram"), options: None, proto3_optional: None }], extension: [], nested_type: [], enum_type: [], extension_range: [], oneof_decl: [OneofDescriptorProto { name: Some("shape"), options: None }], options: None, reserved_range: [], reserved_name: [] }, output_message: DescriptorProto { name: Some("AreaResponse"), field: [FieldDescriptorProto { name: Some("value"), number: Some(1), label: Some(Repeated), r#type: Some(Float), type_name: None, extendee: None, default_value: None, oneof_index: None, json_name: Some("value"), options: None, proto3_optional: None }], extension: [], nested_type: [], enum_type: [], extension_range: [], oneof_decl: [], options: None, reserved_range: [], reserved_name: [] }, server_key: "5cae5f82-fec2-43c6-9739-60d0383d84ec" } ?[3mrequest?[0m?[2m=?[0mDynamicMessage { descriptor: DescriptorProto { name: Some("ShapeMessage"), field: [FieldDescriptorProto { name: Some("square"), number: Some(1), label: Some(Optional), r#type: Some(Message), type_name: Some(".area_calculator.Square"), extendee: None, default_value: None, oneof_index: Some(0), json_name: Some("square"), options: None, proto3_optional: None }, FieldDescriptorProto { name: Some("rectangle"), number: Some(2), label: Some(Optional), r#type: Some(Message), type_name: Some(".area_calculator.Rectangle"), extendee: None, default_value: None, oneof_index: Some(0), json_name: Some("rectangle"), options: None, proto3_optional: None }, FieldDescriptorProto { name: Some("circle"), number: Some(3), label: Some(Optional), r#type: Some(Message), type_name: Some(".area_calculator.Circle"), extendee: None, default_value: None, oneof_index: Some(0), json_name: Some("circle"), options: None, proto3_optional: None }, FieldDescriptorProto { name: Some("triangle"), number: Some(4), label: Some(Optional), r#type: Some(Message), type_name: Some(".area_calculator.Triangle"), extendee: None, default_value: None, oneof_index: Some(0), json_name: Some("triangle"), options: None, proto3_optional: None }, FieldDescriptorProto { name: Some("parallelogram"), number: Some(5), label: Some(Optional), r#type: Some(Message), type_name: Some(".area_calculator.Parallelogram"), extendee: None, default_value: None, oneof_index: Some(0), json_name: Some("parallelogram"), options: None, proto3_optional: None }], extension: [], nested_type: [], enum_type: [], extension_range: [], oneof_decl: [OneofDescriptorProto { name: Some("shape"), options: None }], options: None, reserved_range: [], reserved_name: [] }, fields: [ProtobufField { field_num: 2, wire_type: LengthDelimited, data: Message([13, 0, 0, 64, 64, 21, 0, 0, 128, 64], DescriptorProto { name: Some("Rectangle"), field: [FieldDescriptorProto { name: Some("length"), number: Some(1), label: Some(Optional), r#type: Some(Float), type_name: None, extendee: None, default_value: None, oneof_index: None, json_name: Some("length"), options: None, proto3_optional: None }, FieldDescriptorProto { name: Some("width"), number: Some(2), label: Some(Optional), r#type: Some(Float), type_name: None, extendee: None, default_value: None, oneof_index: None, json_name: Some("width"), options: None, proto3_optional: None }], extension: [], nested_type: [], enum_type: [], extension_range: [], oneof_decl: [], options: None, reserved_range: [], reserved_name: [] }) }] } ?[3mmessage_descriptor?[0m?[2m=?[0mDescriptorProto { name: Some("ShapeMessage"), field: [FieldDescriptorProto { name: Some("square"), number: Some(1), label: Some(Optional), r#type: Some(Message), type_name: Some(".area_calculator.Square"), extendee: None, default_value: None, oneof_index: Some(0), json_name: Some("square"), options: None, proto3_optional: None }, FieldDescriptorProto { name: Some("rectangle"), number: Some(2), label: Some(Optional), r#type: Some(Message), type_name: Some(".area_calculator.Rectangle"), extendee: None, default_value: None, oneof_index: Some(0), json_name: Some("rectangle"), options: None, proto3_optional: None }, FieldDescriptorProto { name: Some("circle"), number: Some(3), label: Some(Optional), r#type: Some(Message), type_name: Some(".area_calculator.Circle"), extendee: None, default_value: None, oneof_index: Some(0), json_name: Some("circle"), options: None, proto3_optional: None }, FieldDescriptorProto { name: Some("triangle"), number: Some(4), label: Some(Optional), r#type: Some(Message), type_name: Some(".area_calculator.Triangle"), extendee: None, default_value: None, oneof_index: Some(0), json_name: Some("triangle"), options: None, proto3_optional: None }, FieldDescriptorProto { name: Some("parallelogram"), number: Some(5), label: Some(Optional), r#type: Some(Message), type_name: Some(".area_calculator.Parallelogram"), extendee: None, default_value: None, oneof_index: Some(0), json_name: Some("parallelogram"), options: None, proto3_optional: None }], extension: [], nested_type: [], enum_type: [], extension_range: [], oneof_decl: [OneofDescriptorProto { name: Some("shape"), options: None }], options: None, reserved_range: [], reserved_name: [] } ?[3mresponse_descriptor?[0m?[2m=?[0mDescriptorProto { name: Some("AreaResponse"), field: [FieldDescriptorProto { name: Some("value"), number: Some(1), label: Some(Repeated), r#type: Some(Float), type_name: None, extendee: None, default_value: None, oneof_index: None, json_name: Some("value"), options: None, proto3_optional: None }], extension: [], nested_type: [], enum_type: [], extension_range: [], oneof_decl: [], options: None, reserved_range: [], reserved_name: [] }?[1m}?[0m?[2m:?[0m ?[2mpact_models::path_exp?[0m?[2m:?[0m Calculating weight for path tokens '[Root, Field("rectangle"), Field("length")]' and path '["$", "rectangle", "length"]'
15:05:16.536 [Thread-5] DEBUG i.pact.plugins.jvm.core.ChildProcess - Plugin protobuf [46038] || ?[2m2023-03-27T09:35:16.535871Z?[0m ?[35mTRACE?[0m tokio-runtime-worker ?[1mrequest?[0m?[1m{?[0m?[3mmethod?[0m?[2m=?[0mPOST ?[3muri?[0m?[2m=?[0mhttp://127.0.0.1:53791/area_calculator.Calculator/calculateOne ?[3mversion?[0m?[2m=?[0mHTTP/2.0?[1m}?[0m?[2m:?[0m?[1mcall?[0m?[1m{?[0m?[3mself?[0m?[2m=?[0mGrpcMockServer { pact: V4Pact { consumer: Consumer { name: "grpc-consumer-jvm" }, provider: Provider { name: "area-calculator-provider" }, interactions: [SynchronousMessage { id: None, key: Some("c7fbe3ee"), description: "calculate rectangle area request", provider_states: [], comments: {"testname": String("io.pact.example.grpc.consumer.PactConsumerTest.calculateRectangleArea(MockServer, SynchronousMessages)")}, request: MessageContents { contents: Present(b"\x12\n\r\0\0@@\x15\0\0\x80@", Some(ContentType { main_type: "application", sub_type: "protobuf", attributes: {"message": "ShapeMessage"}, suffix: None }), Some(BINARY)), metadata: {}, matching_rules: MatchingRules { rules: {BODY: MatchingRuleCategory { name: BODY, rules: {DocPath { path_tokens: [Root, Field("rectangle"), Field("length")], expr: "$.rectangle.length" }: RuleList { rules: [Number], rule_logic: And, cascaded: false }, DocPath { path_tokens: [Root, Field("rectangle"), Field("width")], expr: "$.rectangle.width" }: RuleList { rules: [Number], rule_logic: And, cascaded: false }} }} }, generators: Generators { categories: {} } }, response: [MessageContents { contents: Present(b"\r\0\0@A", Some(ContentType { main_type: "application", sub_type: "protobuf", attributes: {"message": "AreaResponse"}, suffix: None }), Some(BINARY)), metadata: {}, matching_rules: MatchingRules { rules: {BODY: MatchingRuleCategory { name: BODY, rules: {DocPath { path_tokens: [Root, Field("value")], expr: "$.value" }: RuleList { rules: [Number], rule_logic: And, cascaded: false }} }} }, generators: Generators { categories: {} } }], pending: false, plugin_config: {"protobuf": {"service": String("Calculator/calculateOne"), "descriptorKey": String("a85dff8f82655a9681aad113575dcfbb")}}, interaction_markup: InteractionMarkup { markup: "```protobuf\nmessage ShapeMessage {\n    message .area_calculator.Rectangle rectangle = 2;\n}\n```\n\n```protobuf\nmessage AreaResponse {\n    float value = 1;\n}\n```\n", markup_type: "COMMON_MARK" }, transport: None }], metadata: {"pact-jvm": Object({"version": String("4.4.2")}), "pactSpecification": Object({"version": String("4.0")})}, plugin_data: [PluginData { name: "protobuf", version: "0.1.5", configuration: {"a85dff8f82655a9681aad113575dcfbb": Object({"protoDescriptors": String("CsoHChVhcmVhX2NhbGN1bGF0b3IucHJvdG8SD2FyZWFfY2FsY3VsYXRvciK6AgoMU2hhcGVNZXNzYWdlEjEKBnNxdWFyZRgBIAEoCzIXLmFyZWFfY2FsY3VsYXRvci5TcXVhcmVIAFIGc3F1YXJlEjoKCXJlY3RhbmdsZRgCIAEoCzIaLmFyZWFfY2FsY3VsYXRvci5SZWN0YW5nbGVIAFIJcmVjdGFuZ2xlEjEKBmNpcmNsZRgDIAEoCzIXLmFyZWFfY2FsY3VsYXRvci5DaXJjbGVIAFIGY2lyY2xlEjcKCHRyaWFuZ2xlGAQgASgLMhkuYXJlYV9jYWxjdWxhdG9yLlRyaWFuZ2xlSABSCHRyaWFuZ2xlEkYKDXBhcmFsbGVsb2dyYW0YBSABKAsyHi5hcmVhX2NhbGN1bGF0b3IuUGFyYWxsZWxvZ3JhbUgAUg1wYXJhbGxlbG9ncmFtQgcKBXNoYXBlIikKBlNxdWFyZRIfCgtlZGdlX2xlbmd0aBgBIAEoAlIKZWRnZUxlbmd0aCI5CglSZWN0YW5nbGUSFgoGbGVuZ3RoGAEgASgCUgZsZW5ndGgSFAoFd2lkdGgYAiABKAJSBXdpZHRoIiAKBkNpcmNsZRIWCgZyYWRpdXMYASABKAJSBnJhZGl1cyJPCghUcmlhbmdsZRIVCgZlZGdlX2EYASABKAJSBWVkZ2VBEhUKBmVkZ2VfYhgCIAEoAlIFZWRnZUISFQoGZWRnZV9jGAMgASgCUgVlZGdlQyJICg1QYXJhbGxlbG9ncmFtEh8KC2Jhc2VfbGVuZ3RoGAEgASgCUgpiYXNlTGVuZ3RoEhYKBmhlaWdodBgCIAEoAlIGaGVpZ2h0IkQKC0FyZWFSZXF1ZXN0EjUKBnNoYXBlcxgBIAMoCzIdLmFyZWFfY2FsY3VsYXRvci5TaGFwZU1lc3NhZ2VSBnNoYXBlcyIkCgxBcmVhUmVzcG9uc2USFAoFdmFsdWUYASADKAJSBXZhbHVlMq0BCgpDYWxjdWxhdG9yEk4KDGNhbGN1bGF0ZU9uZRIdLmFyZWFfY2FsY3VsYXRvci5TaGFwZU1lc3NhZ2UaHS5hcmVhX2NhbGN1bGF0b3IuQXJlYVJlc3BvbnNlIgASTwoOY2FsY3VsYXRlTXVsdGkSHC5hcmVhX2NhbGN1bGF0b3IuQXJlYVJlcXVlc3QaHS5hcmVhX2NhbGN1bGF0b3IuQXJlYVJlc3BvbnNlIgBCHFoXaW8ucGFjdC9hcmVhX2NhbGN1bGF0b3LQAgFiBnByb3RvMw=="), "protoFile": String("syntax = \"proto3\";\n\npackage area_calculator;\n\noption php_generic_services = true;\noption go_package = \"io.pact/area_calculator\";\n\nservice Calculator {\n  rpc calculateOne (ShapeMessage) returns (AreaResponse) {}\n  rpc calculateMulti (AreaRequest) returns (AreaResponse) {}\n}\n\nmessage ShapeMessage {\n  oneof shape {\n    Square square = 1;\n    Rectangle rectangle = 2;\n    Circle circle = 3;\n    Triangle triangle = 4;\n    Parallelogram parallelogram = 5;\n  }\n}\n\nmessage Square {\n  float edge_length = 1;\n}\n\nmessage Rectangle {\n  float length = 1;\n  float width = 2;\n}\n\nmessage Circle {\n  float radius = 1;\n}\n\nmessage Triangle {\n  float edge_a = 1;\n  float edge_b = 2;\n  float edge_c = 3;\n}\n\nmessage Parallelogram {\n  float base_length = 1;\n  float height = 2;\n}\n\nmessage AreaRequest {\n  repeated ShapeMessage shapes = 1;\n}\n\nmessage AreaResponse {\n  repeated float value = 1;\n}\n")})} }] }, plugin_config: PluginData { name: "protobuf", version: "0.1.5", configuration: {"a85dff8f82655a9681aad113575dcfbb": Object({"protoDescriptors": String("CsoHChVhcmVhX2NhbGN1bGF0b3IucHJvdG8SD2FyZWFfY2FsY3VsYXRvciK6AgoMU2hhcGVNZXNzYWdlEjEKBnNxdWFyZRgBIAEoCzIXLmFyZWFfY2FsY3VsYXRvci5TcXVhcmVIAFIGc3F1YXJlEjoKCXJlY3RhbmdsZRgCIAEoCzIaLmFyZWFfY2FsY3VsYXRvci5SZWN0YW5nbGVIAFIJcmVjdGFuZ2xlEjEKBmNpcmNsZRgDIAEoCzIXLmFyZWFfY2FsY3VsYXRvci5DaXJjbGVIAFIGY2lyY2xlEjcKCHRyaWFuZ2xlGAQgASgLMhkuYXJlYV9jYWxjdWxhdG9yLlRyaWFuZ2xlSABSCHRyaWFuZ2xlEkYKDXBhcmFsbGVsb2dyYW0YBSABKAsyHi5hcmVhX2NhbGN1bGF0b3IuUGFyYWxsZWxvZ3JhbUgAUg1wYXJhbGxlbG9ncmFtQgcKBXNoYXBlIikKBlNxdWFyZRIfCgtlZGdlX2xlbmd0aBgBIAEoAlIKZWRnZUxlbmd0aCI5CglSZWN0YW5nbGUSFgoGbGVuZ3RoGAEgASgCUgZsZW5ndGgSFAoFd2lkdGgYAiABKAJSBXdpZHRoIiAKBkNpcmNsZRIWCgZyYWRpdXMYASABKAJSBnJhZGl1cyJPCghUcmlhbmdsZRIVCgZlZGdlX2EYASABKAJSBWVkZ2VBEhUKBmVkZ2VfYhgCIAEoAlIFZWRnZUISFQoGZWRnZV9jGAMgASgCUgVlZGdlQyJICg1QYXJhbGxlbG9ncmFtEh8KC2Jhc2VfbGVuZ3RoGAEgASgCUgpiYXNlTGVuZ3RoEhYKBmhlaWdodBgCIAEoAlIGaGVpZ2h0IkQKC0FyZWFSZXF1ZXN0EjUKBnNoYXBlcxgBIAMoCzIdLmFyZWFfY2FsY3VsYXRvci5TaGFwZU1lc3NhZ2VSBnNoYXBlcyIkCgxBcmVhUmVzcG9uc2USFAoFdmFsdWUYASADKAJSBXZhbHVlMq0BCgpDYWxjdWxhdG9yEk4KDGNhbGN1bGF0ZU9uZRIdLmFyZWFfY2FsY3VsYXRvci5TaGFwZU1lc3NhZ2UaHS5hcmVhX2NhbGN1bGF0b3IuQXJlYVJlc3BvbnNlIgASTwoOY2FsY3VsYXRlTXVsdGkSHC5hcmVhX2NhbGN1bGF0b3IuQXJlYVJlcXVlc3QaHS5hcmVhX2NhbGN1bGF0b3IuQXJlYVJlc3BvbnNlIgBCHFoXaW8ucGFjdC9hcmVhX2NhbGN1bGF0b3LQAgFiBnByb3RvMw=="), "protoFile": String("syntax = \"proto3\";\n\npackage area_calculator;\n\noption php_generic_services = true;\noption go_package = \"io.pact/area_calculator\";\n\nservice Calculator {\n  rpc calculateOne (ShapeMessage) returns (AreaResponse) {}\n  rpc calculateMulti (AreaRequest) returns (AreaResponse) {}\n}\n\nmessage ShapeMessage {\n  oneof shape {\n    Square square = 1;\n    Rectangle rectangle = 2;\n    Circle circle = 3;\n    Triangle triangle = 4;\n    Parallelogram parallelogram = 5;\n  }\n}\n\nmessage Square {\n  float edge_length = 1;\n}\n\nmessage Rectangle {\n  float length = 1;\n  float width = 2;\n}\n\nmessage Circle {\n  float radius = 1;\n}\n\nmessage Triangle {\n  float edge_a = 1;\n  float edge_b = 2;\n  float edge_c = 3;\n}\n\nmessage Parallelogram {\n  float base_length = 1;\n  float height = 2;\n}\n\nmessage AreaRequest {\n  repeated ShapeMessage shapes = 1;\n}\n\nmessage AreaResponse {\n  repeated float value = 1;\n}\n")})} }, descriptors: {"a85dff8f82655a9681aad113575dcfbb": FileDescriptorSet { file: [FileDescriptorProto { name: Some("area_calculator.proto"), package: Some("area_calculator"), dependency: [], public_dependency: [], weak_dependency: [], message_type: [DescriptorProto { name: Some("ShapeMessage"), field: [FieldDescriptorProto { name: Some("square"), number: Some(1), label: Some(Optional), r#type: Some(Message), type_name: Some(".area_calculator.Square"), extendee: None, default_value: None, oneof_index: Some(0), json_name: Some("square"), options: None, proto3_optional: None }, FieldDescriptorProto { name: Some("rectangle"), number: Some(2), label: Some(Optional), r#type: Some(Message), type_name: Some(".area_calculator.Rectangle"), extendee: None, default_value: None, oneof_index: Some(0), json_name: Some("rectangle"), options: None, proto3_optional: None }, FieldDescriptorProto { name: Some("circle"), number: Some(3), label: Some(Optional), r#type: Some(Message), type_name: Some(".area_calculator.Circle"), extendee: None, default_value: None, oneof_index: Some(0), json_name: Some("circle"), options: None, proto3_optional: None }, FieldDescriptorProto { name: Some("triangle"), number: Some(4), label: Some(Optional), r#type: Some(Message), type_name: Some(".area_calculator.Triangle"), extendee: None, default_value: None, oneof_index: Some(0), json_name: Some("triangle"), options: None, proto3_optional: None }, FieldDescriptorProto { name: Some("parallelogram"), number: Some(5), label: Some(Optional), r#type: Some(Message), type_name: Some(".area_calculator.Parallelogram"), extendee: None, default_value: None, oneof_index: Some(0), json_name: Some("parallelogram"), options: None, proto3_optional: None }], extension: [], nested_type: [], enum_type: [], extension_range: [], oneof_decl: [OneofDescriptorProto { name: Some("shape"), options: None }], options: None, reserved_range: [], reserved_name: [] }, DescriptorProto { name: Some("Square"), field: [FieldDescriptorProto { name: Some("edge_length"), number: Some(1), label: Some(Optional), r#type: Some(Float), type_name: None, extendee: None, default_value: None, oneof_index: None, json_name: Some("edgeLength"), options: None, proto3_optional: None }], extension: [], nested_type: [], enum_type: [], extension_range: [], oneof_decl: [], options: None, reserved_range: [], reserved_name: [] }, DescriptorProto { name: Some("Rectangle"), field: [FieldDescriptorProto { name: Some("length"), number: Some(1), label: Some(Optional), r#type: Some(Float), type_name: None, extendee: None, default_value: None, oneof_index: None, json_name: Some("length"), options: None, proto3_optional: None }, FieldDescriptorProto { name: Some("width"), number: Some(2), label: Some(Optional), r#type: Some(Float), type_name: None, extendee: None, default_value: None, oneof_index: None, json_name: Some("width"), options: None, proto3_optional: None }], extension: [], nested_type: [], enum_type: [], extension_range: [], oneof_decl: [], options: None, reserved_range: [], reserved_name: [] }, DescriptorProto { name: Some("Circle"), field: [FieldDescriptorProto { name: Some("radius"), number: Some(1), label: Some(Optional), r#type: Some(Float), type_name: None, extendee: None, default_value: None, oneof_index: None, json_name: Some("radius"), options: None, proto3_optional: None }], extension: [], nested_type: [], enum_type: [], extension_range: [], oneof_decl: [], options: None, reserved_range: [], reserved_name: [] }, DescriptorProto { name: Some("Triangle"), field: [FieldDescriptorProto { name: Some("edge_a"), number: Some(1), label: Some(Optional), r#type: Some(Float), type_name: None, extendee: None, default_value: None, oneof_index: None, json_name: Some("edgeA"), options: None, proto3_optional: None }, FieldDescriptorProto { name: Some("edge_b"), number: Some(2), label: Some(Optional), r#type: Some(Float), type_name: None, extendee: None, default_value: None, oneof_index: None, json_name: Some("edgeB"), options: None, proto3_optional: None }, FieldDescriptorProto { name: Some("edge_c"), number: Some(3), label: Some(Optional), r#type: Some(Float), type_name: None, extendee: None, default_value: None, oneof_index: None, json_name: Some("edgeC"), options: None, proto3_optional: None }], extension: [], nested_type: [], enum_type: [], extension_range: [], oneof_decl: [], options: None, reserved_range: [], reserved_name: [] }, DescriptorProto { name: Some("Parallelogram"), field: [FieldDescriptorProto { name: Some("base_length"), number: Some(1), label: Some(Optional), r#type: Some(Float), type_name: None, extendee: None, default_value: None, oneof_index: None, json_name: Some("baseLength"), options: None, proto3_optional: None }, FieldDescriptorProto { name: Some("height"), number: Some(2), label: Some(Optional), r#type: Some(Float), type_name: None, extendee: None, default_value: None, oneof_index: None, json_name: Some("height"), options: None, proto3_optional: None }], extension: [], nested_type: [], enum_type: [], extension_range: [], oneof_decl: [], options: None, reserved_range: [], reserved_name: [] }, DescriptorProto { name: Some("AreaRequest"), field: [FieldDescriptorProto { name: Some("shapes"), number: Some(1), label: Some(Repeated), r#type: Some(Message), type_name: Some(".area_calculator.ShapeMessage"), extendee: None, default_value: None, oneof_index: None, json_name: Some("shapes"), options: None, proto3_optional: None }], extension: [], nested_type: [], enum_type: [], extension_range: [], oneof_decl: [], options: None, reserved_range: [], reserved_name: [] }, DescriptorProto { name: Some("AreaResponse"), field: [FieldDescriptorProto { name: Some("value"), number: Some(1), label: Some(Repeated), r#type: Some(Float), type_name: None, extendee: None, default_value: None, oneof_index: None, json_name: Some("value"), options: None, proto3_optional: None }], extension: [], nested_type: [], enum_type: [], extension_range: [], oneof_decl: [], options: None, reserved_range: [], reserved_name: [] }], enum_type: [], service: [ServiceDescriptorProto { name: Some("Calculator"), method: [MethodDescriptorProto { name: Some("calculateOne"), input_type: Some(".area_calculator.ShapeMessage"), output_type: Some(".area_calculator.AreaResponse"), options: Some(MethodOptions { deprecated: None, idempotency_level: None, uninterpreted_option: [] }), client_streaming: None, server_streaming: None }, MethodDescriptorProto { name: Some("calculateMulti"), input_type: Some(".area_calculator.AreaRequest"), output_type: Some(".area_calculator.AreaResponse"), options: Some(MethodOptions { deprecated: None, idempotency_level: None, uninterpreted_option: [] }), client_streaming: None, server_streaming: None }], options: None }], extension: [], options: Some(FileOptions { java_package: None, java_outer_classname: None, java_multiple_files: None, java_generate_equals_and_hash: None, java_string_check_utf8: None, optimize_for: None, go_package: Some("io.pact/area_calculator"), cc_generic_services: None, java_generic_services: None, py_generic_services: None, php_generic_services: Some(true), deprecated: None, cc_enable_arenas: None, objc_class_prefix: None, csharp_namespace: None, swift_prefix: None, php_class_prefix: None, php_namespace: None, php_metadata_namespace: None, ruby_package: None, uninterpreted_option: [] }), source_code_info: None, syntax: Some("proto3") }] }}, routes: {"Calculator/calculateOne": (FileDescriptorSet { file: [FileDescriptorProto { name: Some("area_calculator.proto"), package: Some("area_calculator"), dependency: [], public_dependency: [], weak_dependency: [], message_type: [DescriptorProto { name: Some("ShapeMessage"), field: [FieldDescriptorProto { name: Some("square"), number: Some(1), label: Some(Optional), r#type: Some(Message), type_name: Some(".area_calculator.Square"), extendee: None, default_value: None, oneof_index: Some(0), json_name: Some("square"), options: None, proto3_optional: None }, FieldDescriptorProto { name: Some("rectangle"), number: Some(2), label: Some(Optional), r#type: Some(Message), type_name: Some(".area_calculator.Rectangle"), extendee: None, default_value: None, oneof_index: Some(0), json_name: Some("rectangle"), options: None, proto3_optional: None }, FieldDescriptorProto { name: Some("circle"), number: Some(3), label: Some(Optional), r#type: Some(Message), type_name: Some(".area_calculator.Circle"), extendee: None, default_value: None, oneof_index: Some(0), json_name: Some("circle"), options: None, proto3_optional: None }, FieldDescriptorProto { name: Some("triangle"), number: Some(4), label: Some(Optional), r#type: Some(Message), type_name: Some(".area_calculator.Triangle"), extendee: None, default_value: None, oneof_index: Some(0), json_name: Some("triangle"), options: None, proto3_optional: None }, FieldDescriptorProto { name: Some("parallelogram"), number: Some(5), label: Some(Optional), r#type: Some(Message), type_name: Some(".area_calculator.Parallelogram"), extendee: None, default_value: None, oneof_index: Some(0), json_name: Some("parallelogram"), options: None, proto3_optional: None }], extension: [], nested_type: [], enum_type: [], extension_range: [], oneof_decl: [OneofDescriptorProto { name: Some("shape"), options: None }], options: None, reserved_range: [], reserved_name: [] }, DescriptorProto { name: Some("Square"), field: [FieldDescriptorProto { name: Some("edge_length"), number: Some(1), label: Some(Optional), r#type: Some(Float), type_name: None, extendee: None, default_value: None, oneof_index: None, json_name: Some("edgeLength"), options: None, proto3_optional: None }], extension: [], nested_type: [], enum_type: [], extension_range: [], oneof_decl: [], options: None, reserved_range: [], reserved_name: [] }, DescriptorProto { name: Some("Rectangle"), field: [FieldDescriptorProto { name: Some("length"), number: Some(1), label: Some(Optional), r#type: Some(Float), type_name: None, extendee: None, default_value: None, oneof_index: None, json_name: Some("length"), options: None, proto3_optional: None }, FieldDescriptorProto { name: Some("width"), number: Some(2), label: Some(Optional), r#type: Some(Float), type_name: None, extendee: None, default_value: None, oneof_index: None, json_name: Some("width"), options: None, proto3_optional: None }], extension: [], nested_type: [], enum_type: [], extension_range: [], oneof_decl: [], options: None, reserved_range: [], reserved_name: [] }, DescriptorProto { name: Some("Circle"), field: [FieldDescriptorProto { name: Some("radius"), number: Some(1), label: Some(Optional), r#type: Some(Float), type_name: None, extendee: None, default_value: None, oneof_index: None, json_name: Some("radius"), options: None, proto3_optional: None }], extension: [], nested_type: [], enum_type: [], extension_range: [], oneof_decl: [], options: None, reserved_range: [], reserved_name: [] }, DescriptorProto { name: Some("Triangle"), field: [FieldDescriptorProto { name: Some("edge_a"), number: Some(1), label: Some(Optional), r#type: Some(Float), type_name: None, extendee: None, default_value: None, oneof_index: None, json_name: Some("edgeA"), options: None, proto3_optional: None }, FieldDescriptorProto { name: Some("edge_b"), number: Some(2), label: Some(Optional), r#type: Some(Float), type_name: None, extendee: None, default_value: None, oneof_index: None, json_name: Some("edgeB"), options: None, proto3_optional: None }, FieldDescriptorProto { name: Some("edge_c"), number: Some(3), label: Some(Optional), r#type: Some(Float), type_name: None, extendee: None, default_value: None, oneof_index: None, json_name: Some("edgeC"), options: None, proto3_optional: None }], extension: [], nested_type: [], enum_type: [], extension_range: [], oneof_decl: [], options: None, reserved_range: [], reserved_name: [] }, DescriptorProto { name: Some("Parallelogram"), field: [FieldDescriptorProto { name: Some("base_length"), number: Some(1), label: Some(Optional), r#type: Some(Float), type_name: None, extendee: None, default_value: None, oneof_index: None, json_name: Some("baseLength"), options: None, proto3_optional: None }, FieldDescriptorProto { name: Some("height"), number: Some(2), label: Some(Optional), r#type: Some(Float), type_name: None, extendee: None, default_value: None, oneof_index: None, json_name: Some("height"), options: None, proto3_optional: None }], extension: [], nested_type: [], enum_type: [], extension_range: [], oneof_decl: [], options: None, reserved_range: [], reserved_name: [] }, DescriptorProto { name: Some("AreaRequest"), field: [FieldDescriptorProto { name: Some("shapes"), number: Some(1), label: Some(Repeated), r#type: Some(Message), type_name: Some(".area_calculator.ShapeMessage"), extendee: None, default_value: None, oneof_index: None, json_name: Some("shapes"), options: None, proto3_optional: None }], extension: [], nested_type: [], enum_type: [], extension_range: [], oneof_decl: [], options: None, reserved_range: [], reserved_name: [] }, DescriptorProto { name: Some("AreaResponse"), field: [FieldDescriptorProto { name: Some("value"), number: Some(1), label: Some(Repeated), r#type: Some(Float), type_name: None, extendee: None, default_value: None, oneof_index: None, json_name: Some("value"), options: None, proto3_optional: None }], extension: [], nested_type: [], enum_type: [], extension_range: [], oneof_decl: [], options: None, reserved_range: [], reserved_name: [] }], enum_type: [], service: [ServiceDescriptorProto { name: Some("Calculator"), method: [MethodDescriptorProto { name: Some("calculateOne"), input_type: Some(".area_calculator.ShapeMessage"), output_type: Some(".area_calculator.AreaResponse"), options: Some(MethodOptions { deprecated: None, idempotency_level: None, uninterpreted_option: [] }), client_streaming: None, server_streaming: None }, MethodDescriptorProto { name: Some("calculateMulti"), input_type: Some(".area_calculator.AreaRequest"), output_type: Some(".area_calculator.AreaResponse"), options: Some(MethodOptions { deprecated: None, idempotency_level: None, uninterpreted_option: [] }), client_streaming: None, server_streaming: None }], options: None }], extension: [], options: Some(FileOptions { java_package: None, java_outer_classname: None, java_multiple_files: None, java_generate_equals_and_hash: None, java_string_check_utf8: None, optimize_for: None, go_package: Some("io.pact/area_calculator"), cc_generic_services: None, java_generic_services: None, py_generic_services: None, php_generic_services: Some(true), deprecated: None, cc_enable_arenas: None, objc_class_prefix: None, csharp_namespace: None, swift_prefix: None, php_class_prefix: None, php_namespace: None, php_metadata_namespace: None, ruby_package: None, uninterpreted_option: [] }), source_code_info: None, syntax: Some("proto3") }] }, MethodDescriptorProto { name: Some("calculateOne"), input_type: Some(".area_calculator.ShapeMessage"), output_type: Some(".area_calculator.AreaResponse"), options: Some(MethodOptions { deprecated: None, idempotency_level: None, uninterpreted_option: [] }), client_streaming: None, server_streaming: None }, SynchronousMessage { id: None, key: Some("c7fbe3ee"), description: "calculate rectangle area request", provider_states: [], comments: {"testname": String("io.pact.example.grpc.consumer.PactConsumerTest.calculateRectangleArea(MockServer, SynchronousMessages)")}, request: MessageContents { contents: Present(b"\x12\n\r\0\0@@\x15\0\0\x80@", Some(ContentType { main_type: "application", sub_type: "protobuf", attributes: {"message": "ShapeMessage"}, suffix: None }), Some(BINARY)), metadata: {}, matching_rules: MatchingRules { rules: {BODY: MatchingRuleCategory { name: BODY, rules: {DocPath { path_tokens: [Root, Field("rectangle"), Field("length")], expr: "$.rectangle.length" }: RuleList { rules: [Number], rule_logic: And, cascaded: false }, DocPath { path_tokens: [Root, Field("rectangle"), Field("width")], expr: "$.rectangle.width" }: RuleList { rules: [Number], rule_logic: And, cascaded: false }} }} }, generators: Generators { categories: {} } }, response: [MessageContents { contents: Present(b"\r\0\0@A", Some(ContentType { main_type: "application", sub_type: "protobuf", attributes: {"message": "AreaResponse"}, suffix: None }), Some(BINARY)), metadata: {}, matching_rules: MatchingRules { rules: {BODY: MatchingRuleCategory { name: BODY, rules: {DocPath { path_tokens: [Root, Field("value")], expr: "$.value" }: RuleList { rules: [Number], rule_logic: And, cascaded: false }} }} }, generators: Generators { categories: {} } }], pending: false, plugin_config: {"protobuf": {"service": String("Calculator/calculateOne"), "descriptorKey": String("a85dff8f82655a9681aad113575dcfbb")}}, interaction_markup: InteractionMarkup { markup: "```protobuf\nmessage ShapeMessage {\n    message .area_calculator.Rectangle rectangle = 2;\n}\n```\n\n```protobuf\nmessage AreaResponse {\n    float value = 1;\n}\n```\n", markup_type: "COMMON_MARK" }, transport: None })}, server_key: "5cae5f82-fec2-43c6-9739-60d0383d84ec" } ?[3mreq?[0m?[2m=?[0mRequest { method: POST, uri: http://127.0.0.1:53791/area_calculator.Calculator/calculateOne, version: HTTP/2.0, headers: {"content-type": "application/grpc", "te": "trailers", "user-agent": "grpc-java-netty/1.49.0", "grpc-accept-encoding": "gzip"}, body: Body(Streaming) }?[1m}?[0m?[2m:?[0m?[1mmock_server_handler?[0m?[1m{?[0m?[3mkey?[0m?[2m=?[0m"5cae5f82-fec2-43c6-9739-60d0383d84ec"?[1m}?[0m?[2m:?[0m?[1mhandle_message?[0m?[1m{?[0m?[3mself?[0m?[2m=?[0mMockService { file_descriptor_set: FileDescriptorSet { file: [FileDescriptorProto { name: Some("area_calculator.proto"), package: Some("area_calculator"), dependency: [], public_dependency: [], weak_dependency: [], message_type: [DescriptorProto { name: Some("ShapeMessage"), field: [FieldDescriptorProto { name: Some("square"), number: Some(1), label: Some(Optional), r#type: Some(Message), type_name: Some(".area_calculator.Square"), extendee: None, default_value: None, oneof_index: Some(0), json_name: Some("square"), options: None, proto3_optional: None }, FieldDescriptorProto { name: Some("rectangle"), number: Some(2), label: Some(Optional), r#type: Some(Message), type_name: Some(".area_calculator.Rectangle"), extendee: None, default_value: None, oneof_index: Some(0), json_name: Some("rectangle"), options: None, proto3_optional: None }, FieldDescriptorProto { name: Some("circle"), number: Some(3), label: Some(Optional), r#type: Some(Message), type_name: Some(".area_calculator.Circle"), extendee: None, default_value: None, oneof_index: Some(0), json_name: Some("circle"), options: None, proto3_optional: None }, FieldDescriptorProto { name: Some("triangle"), number: Some(4), label: Some(Optional), r#type: Some(Message), type_name: Some(".area_calculator.Triangle"), extendee: None, default_value: None, oneof_index: Some(0), json_name: Some("triangle"), options: None, proto3_optional: None }, FieldDescriptorProto { name: Some("parallelogram"), number: Some(5), label: Some(Optional), r#type: Some(Message), type_name: Some(".area_calculator.Parallelogram"), extendee: None, default_value: None, oneof_index: Some(0), json_name: Some("parallelogram"), options: None, proto3_optional: None }], extension: [], nested_type: [], enum_type: [], extension_range: [], oneof_decl: [OneofDescriptorProto { name: Some("shape"), options: None }], options: None, reserved_range: [], reserved_name: [] }, DescriptorProto { name: Some("Square"), field: [FieldDescriptorProto { name: Some("edge_length"), number: Some(1), label: Some(Optional), r#type: Some(Float), type_name: None, extendee: None, default_value: None, oneof_index: None, json_name: Some("edgeLength"), options: None, proto3_optional: None }], extension: [], nested_type: [], enum_type: [], extension_range: [], oneof_decl: [], options: None, reserved_range: [], reserved_name: [] }, DescriptorProto { name: Some("Rectangle"), field: [FieldDescriptorProto { name: Some("length"), number: Some(1), label: Some(Optional), r#type: Some(Float), type_name: None, extendee: None, default_value: None, oneof_index: None, json_name: Some("length"), options: None, proto3_optional: None }, FieldDescriptorProto { name: Some("width"), number: Some(2), label: Some(Optional), r#type: Some(Float), type_name: None, extendee: None, default_value: None, oneof_index: None, json_name: Some("width"), options: None, proto3_optional: None }], extension: [], nested_type: [], enum_type: [], extension_range: [], oneof_decl: [], options: None, reserved_range: [], reserved_name: [] }, DescriptorProto { name: Some("Circle"), field: [FieldDescriptorProto { name: Some("radius"), number: Some(1), label: Some(Optional), r#type: Some(Float), type_name: None, extendee: None, default_value: None, oneof_index: None, json_name: Some("radius"), options: None, proto3_optional: None }], extension: [], nested_type: [], enum_type: [], extension_range: [], oneof_decl: [], options: None, reserved_range: [], reserved_name: [] }, DescriptorProto { name: Some("Triangle"), field: [FieldDescriptorProto { name: Some("edge_a"), number: Some(1), label: Some(Optional), r#type: Some(Float), type_name: None, extendee: None, default_value: None, oneof_index: None, json_name: Some("edgeA"), options: None, proto3_optional: None }, FieldDescriptorProto { name: Some("edge_b"), number: Some(2), label: Some(Optional), r#type: Some(Float), type_name: None, extendee: None, default_value: None, oneof_index: None, json_name: Some("edgeB"), options: None, proto3_optional: None }, FieldDescriptorProto { name: Some("edge_c"), number: Some(3), label: Some(Optional), r#type: Some(Float), type_name: None, extendee: None, default_value: None, oneof_index: None, json_name: Some("edgeC"), options: None, proto3_optional: None }], extension: [], nested_type: [], enum_type: [], extension_range: [], oneof_decl: [], options: None, reserved_range: [], reserved_name: [] }, DescriptorProto { name: Some("Parallelogram"), field: [FieldDescriptorProto { name: Some("base_length"), number: Some(1), label: Some(Optional), r#type: Some(Float), type_name: None, extendee: None, default_value: None, oneof_index: None, json_name: Some("baseLength"), options: None, proto3_optional: None }, FieldDescriptorProto { name: Some("height"), number: Some(2), label: Some(Optional), r#type: Some(Float), type_name: None, extendee: None, default_value: None, oneof_index: None, json_name: Some("height"), options: None, proto3_optional: None }], extension: [], nested_type: [], enum_type: [], extension_range: [], oneof_decl: [], options: None, reserved_range: [], reserved_name: [] }, DescriptorProto { name: Some("AreaRequest"), field: [FieldDescriptorProto { name: Some("shapes"), number: Some(1), label: Some(Repeated), r#type: Some(Message), type_name: Some(".area_calculator.ShapeMessage"), extendee: None, default_value: None, oneof_index: None, json_name: Some("shapes"), options: None, proto3_optional: None }], extension: [], nested_type: [], enum_type: [], extension_range: [], oneof_decl: [], options: None, reserved_range: [], reserved_name: [] }, DescriptorProto { name: Some("AreaResponse"), field: [FieldDescriptorProto { name: Some("value"), number: Some(1), label: Some(Repeated), r#type: Some(Float), type_name: None, extendee: None, default_value: None, oneof_index: None, json_name: Some("value"), options: None, proto3_optional: None }], extension: [], nested_type: [], enum_type: [], extension_range: [], oneof_decl: [], options: None, reserved_range: [], reserved_name: [] }], enum_type: [], service: [ServiceDescriptorProto { name: Some("Calculator"), method: [MethodDescriptorProto { name: Some("calculateOne"), input_type: Some(".area_calculator.ShapeMessage"), output_type: Some(".area_calculator.AreaResponse"), options: Some(MethodOptions { deprecated: None, idempotency_level: None, uninterpreted_option: [] }), client_streaming: None, server_streaming: None }, MethodDescriptorProto { name: Some("calculateMulti"), input_type: Some(".area_calculator.AreaRequest"), output_type: Some(".area_calculator.AreaResponse"), options: Some(MethodOptions { deprecated: None, idempotency_level: None, uninterpreted_option: [] }), client_streaming: None, server_streaming: None }], options: None }], extension: [], options: Some(FileOptions { java_package: None, java_outer_classname: None, java_multiple_files: None, java_generate_equals_and_hash: None, java_string_check_utf8: None, optimize_for: None, go_package: Some("io.pact/area_calculator"), cc_generic_services: None, java_generic_services: None, py_generic_services: None, php_generic_services: Some(true), deprecated: None, cc_enable_arenas: None, objc_class_prefix: None, csharp_namespace: None, swift_prefix: None, php_class_prefix: None, php_namespace: None, php_metadata_namespace: None, ruby_package: None, uninterpreted_option: [] }), source_code_info: None, syntax: Some("proto3") }] }, service_name: "Calculator", message: SynchronousMessage { id: None, key: Some("c7fbe3ee"), description: "calculate rectangle area request", provider_states: [], comments: {"testname": String("io.pact.example.grpc.consumer.PactConsumerTest.calculateRectangleArea(MockServer, SynchronousMessages)")}, request: MessageContents { contents: Present(b"\x12\n\r\0\0@@\x15\0\0\x80@", Some(ContentType { main_type: "application", sub_type: "protobuf", attributes: {"message": "ShapeMessage"}, suffix: None }), Some(BINARY)), metadata: {}, matching_rules: MatchingRules { rules: {BODY: MatchingRuleCategory { name: BODY, rules: {DocPath { path_tokens: [Root, Field("rectangle"), Field("length")], expr: "$.rectangle.length" }: RuleList { rules: [Number], rule_logic: And, cascaded: false }, DocPath { path_tokens: [Root, Field("rectangle"), Field("width")], expr: "$.rectangle.width" }: RuleList { rules: [Number], rule_logic: And, cascaded: false }} }} }, generators: Generators { categories: {} } }, response: [MessageContents { contents: Present(b"\r\0\0@A", Some(ContentType { main_type: "application", sub_type: "protobuf", attributes: {"message": "AreaResponse"}, suffix: None }), Some(BINARY)), metadata: {}, matching_rules: MatchingRules { rules: {BODY: MatchingRuleCategory { name: BODY, rules: {DocPath { path_tokens: [Root, Field("value")], expr: "$.value" }: RuleList { rules: [Number], rule_logic: And, cascaded: false }} }} }, generators: Generators { categories: {} } }], pending: false, plugin_config: {"protobuf": {"service": String("Calculator/calculateOne"), "descriptorKey": String("a85dff8f82655a9681aad113575dcfbb")}}, interaction_markup: InteractionMarkup { markup: "```protobuf\nmessage ShapeMessage {\n    message .area_calculator.Rectangle rectangle = 2;\n}\n```\n\n```protobuf\nmessage AreaResponse {\n    float value = 1;\n}\n```\n", markup_type: "COMMON_MARK" }, transport: None }, method_descriptor: MethodDescriptorProto { name: Some("calculateOne"), input_type: Some(".area_calculator.ShapeMessage"), output_type: Some(".area_calculator.AreaResponse"), options: Some(MethodOptions { deprecated: None, idempotency_level: None, uninterpreted_option: [] }), client_streaming: None, server_streaming: None }, input_message: DescriptorProto { name: Some("ShapeMessage"), field: [FieldDescriptorProto { name: Some("square"), number: Some(1), label: Some(Optional), r#type: Some(Message), type_name: Some(".area_calculator.Square"), extendee: None, default_value: None, oneof_index: Some(0), json_name: Some("square"), options: None, proto3_optional: None }, FieldDescriptorProto { name: Some("rectangle"), number: Some(2), label: Some(Optional), r#type: Some(Message), type_name: Some(".area_calculator.Rectangle"), extendee: None, default_value: None, oneof_index: Some(0), json_name: Some("rectangle"), options: None, proto3_optional: None }, FieldDescriptorProto { name: Some("circle"), number: Some(3), label: Some(Optional), r#type: Some(Message), type_name: Some(".area_calculator.Circle"), extendee: None, default_value: None, oneof_index: Some(0), json_name: Some("circle"), options: None, proto3_optional: None }, FieldDescriptorProto { name: Some("triangle"), number: Some(4), label: Some(Optional), r#type: Some(Message), type_name: Some(".area_calculator.Triangle"), extendee: None, default_value: None, oneof_index: Some(0), json_name: Some("triangle"), options: None, proto3_optional: None }, FieldDescriptorProto { name: Some("parallelogram"), number: Some(5), label: Some(Optional), r#type: Some(Message), type_name: Some(".area_calculator.Parallelogram"), extendee: None, default_value: None, oneof_index: Some(0), json_name: Some("parallelogram"), options: None, proto3_optional: None }], extension: [], nested_type: [], enum_type: [], extension_range: [], oneof_decl: [OneofDescriptorProto { name: Some("shape"), options: None }], options: None, reserved_range: [], reserved_name: [] }, output_message: DescriptorProto { name: Some("AreaResponse"), field: [FieldDescriptorProto { name: Some("value"), number: Some(1), label: Some(Repeated), r#type: Some(Float), type_name: None, extendee: None, default_value: None, oneof_index: None, json_name: Some("value"), options: None, proto3_optional: None }], extension: [], nested_type: [], enum_type: [], extension_range: [], oneof_decl: [], options: None, reserved_range: [], reserved_name: [] }, server_key: "5cae5f82-fec2-43c6-9739-60d0383d84ec" } ?[3mrequest?[0m?[2m=?[0mDynamicMessage { descriptor: DescriptorProto { name: Some("ShapeMessage"), field: [FieldDescriptorProto { name: Some("square"), number: Some(1), label: Some(Optional), r#type: Some(Message), type_name: Some(".area_calculator.Square"), extendee: None, default_value: None, oneof_index: Some(0), json_name: Some("square"), options: None, proto3_optional: None }, FieldDescriptorProto { name: Some("rectangle"), number: Some(2), label: Some(Optional), r#type: Some(Message), type_name: Some(".area_calculator.Rectangle"), extendee: None, default_value: None, oneof_index: Some(0), json_name: Some("rectangle"), options: None, proto3_optional: None }, FieldDescriptorProto { name: Some("circle"), number: Some(3), label: Some(Optional), r#type: Some(Message), type_name: Some(".area_calculator.Circle"), extendee: None, default_value: None, oneof_index: Some(0), json_name: Some("circle"), options: None, proto3_optional: None }, FieldDescriptorProto { name: Some("triangle"), number: Some(4), label: Some(Optional), r#type: Some(Message), type_name: Some(".area_calculator.Triangle"), extendee: None, default_value: None, oneof_index: Some(0), json_name: Some("triangle"), options: None, proto3_optional: None }, FieldDescriptorProto { name: Some("parallelogram"), number: Some(5), label: Some(Optional), r#type: Some(Message), type_name: Some(".area_calculator.Parallelogram"), extendee: None, default_value: None, oneof_index: Some(0), json_name: Some("parallelogram"), options: None, proto3_optional: None }], extension: [], nested_type: [], enum_type: [], extension_range: [], oneof_decl: [OneofDescriptorProto { name: Some("shape"), options: None }], options: None, reserved_range: [], reserved_name: [] }, fields: [ProtobufField { field_num: 2, wire_type: LengthDelimited, data: Message([13, 0, 0, 64, 64, 21, 0, 0, 128, 64], DescriptorProto { name: Some("Rectangle"), field: [FieldDescriptorProto { name: Some("length"), number: Some(1), label: Some(Optional), r#type: Some(Float), type_name: None, extendee: None, default_value: None, oneof_index: None, json_name: Some("length"), options: None, proto3_optional: None }, FieldDescriptorProto { name: Some("width"), number: Some(2), label: Some(Optional), r#type: Some(Float), type_name: None, extendee: None, default_value: None, oneof_index: None, json_name: Some("width"), options: None, proto3_optional: None }], extension: [], nested_type: [], enum_type: [], extension_range: [], oneof_decl: [], options: None, reserved_range: [], reserved_name: [] }) }] } ?[3mmessage_descriptor?[0m?[2m=?[0mDescriptorProto { name: Some("ShapeMessage"), field: [FieldDescriptorProto { name: Some("square"), number: Some(1), label: Some(Optional), r#type: Some(Message), type_name: Some(".area_calculator.Square"), extendee: None, default_value: None, oneof_index: Some(0), json_name: Some("square"), options: None, proto3_optional: None }, FieldDescriptorProto { name: Some("rectangle"), number: Some(2), label: Some(Optional), r#type: Some(Message), type_name: Some(".area_calculator.Rectangle"), extendee: None, default_value: None, oneof_index: Some(0), json_name: Some("rectangle"), options: None, proto3_optional: None }, FieldDescriptorProto { name: Some("circle"), number: Some(3), label: Some(Optional), r#type: Some(Message), type_name: Some(".area_calculator.Circle"), extendee: None, default_value: None, oneof_index: Some(0), json_name: Some("circle"), options: None, proto3_optional: None }, FieldDescriptorProto { name: Some("triangle"), number: Some(4), label: Some(Optional), r#type: Some(Message), type_name: Some(".area_calculator.Triangle"), extendee: None, default_value: None, oneof_index: Some(0), json_name: Some("triangle"), options: None, proto3_optional: None }, FieldDescriptorProto { name: Some("parallelogram"), number: Some(5), label: Some(Optional), r#type: Some(Message), type_name: Some(".area_calculator.Parallelogram"), extendee: None, default_value: None, oneof_index: Some(0), json_name: Some("parallelogram"), options: None, proto3_optional: None }], extension: [], nested_type: [], enum_type: [], extension_range: [], oneof_decl: [OneofDescriptorProto { name: Some("shape"), options: None }], options: None, reserved_range: [], reserved_name: [] } ?[3mresponse_descriptor?[0m?[2m=?[0mDescriptorProto { name: Some("AreaResponse"), field: [FieldDescriptorProto { name: Some("value"), number: Some(1), label: Some(Repeated), r#type: Some(Float), type_name: None, extendee: None, default_value: None, oneof_index: None, json_name: Some("value"), options: None, proto3_optional: None }], extension: [], nested_type: [], enum_type: [], extension_range: [], oneof_decl: [], options: None, reserved_range: [], reserved_name: [] }?[1m}?[0m?[2m:?[0m ?[2mpact_models::path_exp?[0m?[2m:?[0m Calculated weight (8, 3) for path '$.rectangle.length' and '["$", "rectangle", "length"]'
15:05:16.537 [Thread-5] DEBUG i.pact.plugins.jvm.core.ChildProcess - Plugin protobuf [46038] || ?[2m2023-03-27T09:35:16.536372Z?[0m ?[35mTRACE?[0m tokio-runtime-worker ?[1mrequest?[0m?[1m{?[0m?[3mmethod?[0m?[2m=?[0mPOST ?[3muri?[0m?[2m=?[0mhttp://127.0.0.1:53791/area_calculator.Calculator/calculateOne ?[3mversion?[0m?[2m=?[0mHTTP/2.0?[1m}?[0m?[2m:?[0m?[1mcall?[0m?[1m{?[0m?[3mself?[0m?[2m=?[0mGrpcMockServer { pact: V4Pact { consumer: Consumer { name: "grpc-consumer-jvm" }, provider: Provider { name: "area-calculator-provider" }, interactions: [SynchronousMessage { id: None, key: Some("c7fbe3ee"), description: "calculate rectangle area request", provider_states: [], comments: {"testname": String("io.pact.example.grpc.consumer.PactConsumerTest.calculateRectangleArea(MockServer, SynchronousMessages)")}, request: MessageContents { contents: Present(b"\x12\n\r\0\0@@\x15\0\0\x80@", Some(ContentType { main_type: "application", sub_type: "protobuf", attributes: {"message": "ShapeMessage"}, suffix: None }), Some(BINARY)), metadata: {}, matching_rules: MatchingRules { rules: {BODY: MatchingRuleCategory { name: BODY, rules: {DocPath { path_tokens: [Root, Field("rectangle"), Field("length")], expr: "$.rectangle.length" }: RuleList { rules: [Number], rule_logic: And, cascaded: false }, DocPath { path_tokens: [Root, Field("rectangle"), Field("width")], expr: "$.rectangle.width" }: RuleList { rules: [Number], rule_logic: And, cascaded: false }} }} }, generators: Generators { categories: {} } }, response: [MessageContents { contents: Present(b"\r\0\0@A", Some(ContentType { main_type: "application", sub_type: "protobuf", attributes: {"message": "AreaResponse"}, suffix: None }), Some(BINARY)), metadata: {}, matching_rules: MatchingRules { rules: {BODY: MatchingRuleCategory { name: BODY, rules: {DocPath { path_tokens: [Root, Field("value")], expr: "$.value" }: RuleList { rules: [Number], rule_logic: And, cascaded: false }} }} }, generators: Generators { categories: {} } }], pending: false, plugin_config: {"protobuf": {"service": String("Calculator/calculateOne"), "descriptorKey": String("a85dff8f82655a9681aad113575dcfbb")}}, interaction_markup: InteractionMarkup { markup: "```protobuf\nmessage ShapeMessage {\n    message .area_calculator.Rectangle rectangle = 2;\n}\n```\n\n```protobuf\nmessage AreaResponse {\n    float value = 1;\n}\n```\n", markup_type: "COMMON_MARK" }, transport: None }], metadata: {"pact-jvm": Object({"version": String("4.4.2")}), "pactSpecification": Object({"version": String("4.0")})}, plugin_data: [PluginData { name: "protobuf", version: "0.1.5", configuration: {"a85dff8f82655a9681aad113575dcfbb": Object({"protoDescriptors": String("CsoHChVhcmVhX2NhbGN1bGF0b3IucHJvdG8SD2FyZWFfY2FsY3VsYXRvciK6AgoMU2hhcGVNZXNzYWdlEjEKBnNxdWFyZRgBIAEoCzIXLmFyZWFfY2FsY3VsYXRvci5TcXVhcmVIAFIGc3F1YXJlEjoKCXJlY3RhbmdsZRgCIAEoCzIaLmFyZWFfY2FsY3VsYXRvci5SZWN0YW5nbGVIAFIJcmVjdGFuZ2xlEjEKBmNpcmNsZRgDIAEoCzIXLmFyZWFfY2FsY3VsYXRvci5DaXJjbGVIAFIGY2lyY2xlEjcKCHRyaWFuZ2xlGAQgASgLMhkuYXJlYV9jYWxjdWxhdG9yLlRyaWFuZ2xlSABSCHRyaWFuZ2xlEkYKDXBhcmFsbGVsb2dyYW0YBSABKAsyHi5hcmVhX2NhbGN1bGF0b3IuUGFyYWxsZWxvZ3JhbUgAUg1wYXJhbGxlbG9ncmFtQgcKBXNoYXBlIikKBlNxdWFyZRIfCgtlZGdlX2xlbmd0aBgBIAEoAlIKZWRnZUxlbmd0aCI5CglSZWN0YW5nbGUSFgoGbGVuZ3RoGAEgASgCUgZsZW5ndGgSFAoFd2lkdGgYAiABKAJSBXdpZHRoIiAKBkNpcmNsZRIWCgZyYWRpdXMYASABKAJSBnJhZGl1cyJPCghUcmlhbmdsZRIVCgZlZGdlX2EYASABKAJSBWVkZ2VBEhUKBmVkZ2VfYhgCIAEoAlIFZWRnZUISFQoGZWRnZV9jGAMgASgCUgVlZGdlQyJICg1QYXJhbGxlbG9ncmFtEh8KC2Jhc2VfbGVuZ3RoGAEgASgCUgpiYXNlTGVuZ3RoEhYKBmhlaWdodBgCIAEoAlIGaGVpZ2h0IkQKC0FyZWFSZXF1ZXN0EjUKBnNoYXBlcxgBIAMoCzIdLmFyZWFfY2FsY3VsYXRvci5TaGFwZU1lc3NhZ2VSBnNoYXBlcyIkCgxBcmVhUmVzcG9uc2USFAoFdmFsdWUYASADKAJSBXZhbHVlMq0BCgpDYWxjdWxhdG9yEk4KDGNhbGN1bGF0ZU9uZRIdLmFyZWFfY2FsY3VsYXRvci5TaGFwZU1lc3NhZ2UaHS5hcmVhX2NhbGN1bGF0b3IuQXJlYVJlc3BvbnNlIgASTwoOY2FsY3VsYXRlTXVsdGkSHC5hcmVhX2NhbGN1bGF0b3IuQXJlYVJlcXVlc3QaHS5hcmVhX2NhbGN1bGF0b3IuQXJlYVJlc3BvbnNlIgBCHFoXaW8ucGFjdC9hcmVhX2NhbGN1bGF0b3LQAgFiBnByb3RvMw=="), "protoFile": String("syntax = \"proto3\";\n\npackage area_calculator;\n\noption php_generic_services = true;\noption go_package = \"io.pact/area_calculator\";\n\nservice Calculator {\n  rpc calculateOne (ShapeMessage) returns (AreaResponse) {}\n  rpc calculateMulti (AreaRequest) returns (AreaResponse) {}\n}\n\nmessage ShapeMessage {\n  oneof shape {\n    Square square = 1;\n    Rectangle rectangle = 2;\n    Circle circle = 3;\n    Triangle triangle = 4;\n    Parallelogram parallelogram = 5;\n  }\n}\n\nmessage Square {\n  float edge_length = 1;\n}\n\nmessage Rectangle {\n  float length = 1;\n  float width = 2;\n}\n\nmessage Circle {\n  float radius = 1;\n}\n\nmessage Triangle {\n  float edge_a = 1;\n  float edge_b = 2;\n  float edge_c = 3;\n}\n\nmessage Parallelogram {\n  float base_length = 1;\n  float height = 2;\n}\n\nmessage AreaRequest {\n  repeated ShapeMessage shapes = 1;\n}\n\nmessage AreaResponse {\n  repeated float value = 1;\n}\n")})} }] }, plugin_config: PluginData { name: "protobuf", version: "0.1.5", configuration: {"a85dff8f82655a9681aad113575dcfbb": Object({"protoDescriptors": String("CsoHChVhcmVhX2NhbGN1bGF0b3IucHJvdG8SD2FyZWFfY2FsY3VsYXRvciK6AgoMU2hhcGVNZXNzYWdlEjEKBnNxdWFyZRgBIAEoCzIXLmFyZWFfY2FsY3VsYXRvci5TcXVhcmVIAFIGc3F1YXJlEjoKCXJlY3RhbmdsZRgCIAEoCzIaLmFyZWFfY2FsY3VsYXRvci5SZWN0YW5nbGVIAFIJcmVjdGFuZ2xlEjEKBmNpcmNsZRgDIAEoCzIXLmFyZWFfY2FsY3VsYXRvci5DaXJjbGVIAFIGY2lyY2xlEjcKCHRyaWFuZ2xlGAQgASgLMhkuYXJlYV9jYWxjdWxhdG9yLlRyaWFuZ2xlSABSCHRyaWFuZ2xlEkYKDXBhcmFsbGVsb2dyYW0YBSABKAsyHi5hcmVhX2NhbGN1bGF0b3IuUGFyYWxsZWxvZ3JhbUgAUg1wYXJhbGxlbG9ncmFtQgcKBXNoYXBlIikKBlNxdWFyZRIfCgtlZGdlX2xlbmd0aBgBIAEoAlIKZWRnZUxlbmd0aCI5CglSZWN0YW5nbGUSFgoGbGVuZ3RoGAEgASgCUgZsZW5ndGgSFAoFd2lkdGgYAiABKAJSBXdpZHRoIiAKBkNpcmNsZRIWCgZyYWRpdXMYASABKAJSBnJhZGl1cyJPCghUcmlhbmdsZRIVCgZlZGdlX2EYASABKAJSBWVkZ2VBEhUKBmVkZ2VfYhgCIAEoAlIFZWRnZUISFQoGZWRnZV9jGAMgASgCUgVlZGdlQyJICg1QYXJhbGxlbG9ncmFtEh8KC2Jhc2VfbGVuZ3RoGAEgASgCUgpiYXNlTGVuZ3RoEhYKBmhlaWdodBgCIAEoAlIGaGVpZ2h0IkQKC0FyZWFSZXF1ZXN0EjUKBnNoYXBlcxgBIAMoCzIdLmFyZWFfY2FsY3VsYXRvci5TaGFwZU1lc3NhZ2VSBnNoYXBlcyIkCgxBcmVhUmVzcG9uc2USFAoFdmFsdWUYASADKAJSBXZhbHVlMq0BCgpDYWxjdWxhdG9yEk4KDGNhbGN1bGF0ZU9uZRIdLmFyZWFfY2FsY3VsYXRvci5TaGFwZU1lc3NhZ2UaHS5hcmVhX2NhbGN1bGF0b3IuQXJlYVJlc3BvbnNlIgASTwoOY2FsY3VsYXRlTXVsdGkSHC5hcmVhX2NhbGN1bGF0b3IuQXJlYVJlcXVlc3QaHS5hcmVhX2NhbGN1bGF0b3IuQXJlYVJlc3BvbnNlIgBCHFoXaW8ucGFjdC9hcmVhX2NhbGN1bGF0b3LQAgFiBnByb3RvMw=="), "protoFile": String("syntax = \"proto3\";\n\npackage area_calculator;\n\noption php_generic_services = true;\noption go_package = \"io.pact/area_calculator\";\n\nservice Calculator {\n  rpc calculateOne (ShapeMessage) returns (AreaResponse) {}\n  rpc calculateMulti (AreaRequest) returns (AreaResponse) {}\n}\n\nmessage ShapeMessage {\n  oneof shape {\n    Square square = 1;\n    Rectangle rectangle = 2;\n    Circle circle = 3;\n    Triangle triangle = 4;\n    Parallelogram parallelogram = 5;\n  }\n}\n\nmessage Square {\n  float edge_length = 1;\n}\n\nmessage Rectangle {\n  float length = 1;\n  float width = 2;\n}\n\nmessage Circle {\n  float radius = 1;\n}\n\nmessage Triangle {\n  float edge_a = 1;\n  float edge_b = 2;\n  float edge_c = 3;\n}\n\nmessage Parallelogram {\n  float base_length = 1;\n  float height = 2;\n}\n\nmessage AreaRequest {\n  repeated ShapeMessage shapes = 1;\n}\n\nmessage AreaResponse {\n  repeated float value = 1;\n}\n")})} }, descriptors: {"a85dff8f82655a9681aad113575dcfbb": FileDescriptorSet { file: [FileDescriptorProto { name: Some("area_calculator.proto"), package: Some("area_calculator"), dependency: [], public_dependency: [], weak_dependency: [], message_type: [DescriptorProto { name: Some("ShapeMessage"), field: [FieldDescriptorProto { name: Some("square"), number: Some(1), label: Some(Optional), r#type: Some(Message), type_name: Some(".area_calculator.Square"), extendee: None, default_value: None, oneof_index: Some(0), json_name: Some("square"), options: None, proto3_optional: None }, FieldDescriptorProto { name: Some("rectangle"), number: Some(2), label: Some(Optional), r#type: Some(Message), type_name: Some(".area_calculator.Rectangle"), extendee: None, default_value: None, oneof_index: Some(0), json_name: Some("rectangle"), options: None, proto3_optional: None }, FieldDescriptorProto { name: Some("circle"), number: Some(3), label: Some(Optional), r#type: Some(Message), type_name: Some(".area_calculator.Circle"), extendee: None, default_value: None, oneof_index: Some(0), json_name: Some("circle"), options: None, proto3_optional: None }, FieldDescriptorProto { name: Some("triangle"), number: Some(4), label: Some(Optional), r#type: Some(Message), type_name: Some(".area_calculator.Triangle"), extendee: None, default_value: None, oneof_index: Some(0), json_name: Some("triangle"), options: None, proto3_optional: None }, FieldDescriptorProto { name: Some("parallelogram"), number: Some(5), label: Some(Optional), r#type: Some(Message), type_name: Some(".area_calculator.Parallelogram"), extendee: None, default_value: None, oneof_index: Some(0), json_name: Some("parallelogram"), options: None, proto3_optional: None }], extension: [], nested_type: [], enum_type: [], extension_range: [], oneof_decl: [OneofDescriptorProto { name: Some("shape"), options: None }], options: None, reserved_range: [], reserved_name: [] }, DescriptorProto { name: Some("Square"), field: [FieldDescriptorProto { name: Some("edge_length"), number: Some(1), label: Some(Optional), r#type: Some(Float), type_name: None, extendee: None, default_value: None, oneof_index: None, json_name: Some("edgeLength"), options: None, proto3_optional: None }], extension: [], nested_type: [], enum_type: [], extension_range: [], oneof_decl: [], options: None, reserved_range: [], reserved_name: [] }, DescriptorProto { name: Some("Rectangle"), field: [FieldDescriptorProto { name: Some("length"), number: Some(1), label: Some(Optional), r#type: Some(Float), type_name: None, extendee: None, default_value: None, oneof_index: None, json_name: Some("length"), options: None, proto3_optional: None }, FieldDescriptorProto { name: Some("width"), number: Some(2), label: Some(Optional), r#type: Some(Float), type_name: None, extendee: None, default_value: None, oneof_index: None, json_name: Some("width"), options: None, proto3_optional: None }], extension: [], nested_type: [], enum_type: [], extension_range: [], oneof_decl: [], options: None, reserved_range: [], reserved_name: [] }, DescriptorProto { name: Some("Circle"), field: [FieldDescriptorProto { name: Some("radius"), number: Some(1), label: Some(Optional), r#type: Some(Float), type_name: None, extendee: None, default_value: None, oneof_index: None, json_name: Some("radius"), options: None, proto3_optional: None }], extension: [], nested_type: [], enum_type: [], extension_range: [], oneof_decl: [], options: None, reserved_range: [], reserved_name: [] }, DescriptorProto { name: Some("Triangle"), field: [FieldDescriptorProto { name: Some("edge_a"), number: Some(1), label: Some(Optional), r#type: Some(Float), type_name: None, extendee: None, default_value: None, oneof_index: None, json_name: Some("edgeA"), options: None, proto3_optional: None }, FieldDescriptorProto { name: Some("edge_b"), number: Some(2), label: Some(Optional), r#type: Some(Float), type_name: None, extendee: None, default_value: None, oneof_index: None, json_name: Some("edgeB"), options: None, proto3_optional: None }, FieldDescriptorProto { name: Some("edge_c"), number: Some(3), label: Some(Optional), r#type: Some(Float), type_name: None, extendee: None, default_value: None, oneof_index: None, json_name: Some("edgeC"), options: None, proto3_optional: None }], extension: [], nested_type: [], enum_type: [], extension_range: [], oneof_decl: [], options: None, reserved_range: [], reserved_name: [] }, DescriptorProto { name: Some("Parallelogram"), field: [FieldDescriptorProto { name: Some("base_length"), number: Some(1), label: Some(Optional), r#type: Some(Float), type_name: None, extendee: None, default_value: None, oneof_index: None, json_name: Some("baseLength"), options: None, proto3_optional: None }, FieldDescriptorProto { name: Some("height"), number: Some(2), label: Some(Optional), r#type: Some(Float), type_name: None, extendee: None, default_value: None, oneof_index: None, json_name: Some("height"), options: None, proto3_optional: None }], extension: [], nested_type: [], enum_type: [], extension_range: [], oneof_decl: [], options: None, reserved_range: [], reserved_name: [] }, DescriptorProto { name: Some("AreaRequest"), field: [FieldDescriptorProto { name: Some("shapes"), number: Some(1), label: Some(Repeated), r#type: Some(Message), type_name: Some(".area_calculator.ShapeMessage"), extendee: None, default_value: None, oneof_index: None, json_name: Some("shapes"), options: None, proto3_optional: None }], extension: [], nested_type: [], enum_type: [], extension_range: [], oneof_decl: [], options: None, reserved_range: [], reserved_name: [] }, DescriptorProto { name: Some("AreaResponse"), field: [FieldDescriptorProto { name: Some("value"), number: Some(1), label: Some(Repeated), r#type: Some(Float), type_name: None, extendee: None, default_value: None, oneof_index: None, json_name: Some("value"), options: None, proto3_optional: None }], extension: [], nested_type: [], enum_type: [], extension_range: [], oneof_decl: [], options: None, reserved_range: [], reserved_name: [] }], enum_type: [], service: [ServiceDescriptorProto { name: Some("Calculator"), method: [MethodDescriptorProto { name: Some("calculateOne"), input_type: Some(".area_calculator.ShapeMessage"), output_type: Some(".area_calculator.AreaResponse"), options: Some(MethodOptions { deprecated: None, idempotency_level: None, uninterpreted_option: [] }), client_streaming: None, server_streaming: None }, MethodDescriptorProto { name: Some("calculateMulti"), input_type: Some(".area_calculator.AreaRequest"), output_type: Some(".area_calculator.AreaResponse"), options: Some(MethodOptions { deprecated: None, idempotency_level: None, uninterpreted_option: [] }), client_streaming: None, server_streaming: None }], options: None }], extension: [], options: Some(FileOptions { java_package: None, java_outer_classname: None, java_multiple_files: None, java_generate_equals_and_hash: None, java_string_check_utf8: None, optimize_for: None, go_package: Some("io.pact/area_calculator"), cc_generic_services: None, java_generic_services: None, py_generic_services: None, php_generic_services: Some(true), deprecated: None, cc_enable_arenas: None, objc_class_prefix: None, csharp_namespace: None, swift_prefix: None, php_class_prefix: None, php_namespace: None, php_metadata_namespace: None, ruby_package: None, uninterpreted_option: [] }), source_code_info: None, syntax: Some("proto3") }] }}, routes: {"Calculator/calculateOne": (FileDescriptorSet { file: [FileDescriptorProto { name: Some("area_calculator.proto"), package: Some("area_calculator"), dependency: [], public_dependency: [], weak_dependency: [], message_type: [DescriptorProto { name: Some("ShapeMessage"), field: [FieldDescriptorProto { name: Some("square"), number: Some(1), label: Some(Optional), r#type: Some(Message), type_name: Some(".area_calculator.Square"), extendee: None, default_value: None, oneof_index: Some(0), json_name: Some("square"), options: None, proto3_optional: None }, FieldDescriptorProto { name: Some("rectangle"), number: Some(2), label: Some(Optional), r#type: Some(Message), type_name: Some(".area_calculator.Rectangle"), extendee: None, default_value: None, oneof_index: Some(0), json_name: Some("rectangle"), options: None, proto3_optional: None }, FieldDescriptorProto { name: Some("circle"), number: Some(3), label: Some(Optional), r#type: Some(Message), type_name: Some(".area_calculator.Circle"), extendee: None, default_value: None, oneof_index: Some(0), json_name: Some("circle"), options: None, proto3_optional: None }, FieldDescriptorProto { name: Some("triangle"), number: Some(4), label: Some(Optional), r#type: Some(Message), type_name: Some(".area_calculator.Triangle"), extendee: None, default_value: None, oneof_index: Some(0), json_name: Some("triangle"), options: None, proto3_optional: None }, FieldDescriptorProto { name: Some("parallelogram"), number: Some(5), label: Some(Optional), r#type: Some(Message), type_name: Some(".area_calculator.Parallelogram"), extendee: None, default_value: None, oneof_index: Some(0), json_name: Some("parallelogram"), options: None, proto3_optional: None }], extension: [], nested_type: [], enum_type: [], extension_range: [], oneof_decl: [OneofDescriptorProto { name: Some("shape"), options: None }], options: None, reserved_range: [], reserved_name: [] }, DescriptorProto { name: Some("Square"), field: [FieldDescriptorProto { name: Some("edge_length"), number: Some(1), label: Some(Optional), r#type: Some(Float), type_name: None, extendee: None, default_value: None, oneof_index: None, json_name: Some("edgeLength"), options: None, proto3_optional: None }], extension: [], nested_type: [], enum_type: [], extension_range: [], oneof_decl: [], options: None, reserved_range: [], reserved_name: [] }, DescriptorProto { name: Some("Rectangle"), field: [FieldDescriptorProto { name: Some("length"), number: Some(1), label: Some(Optional), r#type: Some(Float), type_name: None, extendee: None, default_value: None, oneof_index: None, json_name: Some("length"), options: None, proto3_optional: None }, FieldDescriptorProto { name: Some("width"), number: Some(2), label: Some(Optional), r#type: Some(Float), type_name: None, extendee: None, default_value: None, oneof_index: None, json_name: Some("width"), options: None, proto3_optional: None }], extension: [], nested_type: [], enum_type: [], extension_range: [], oneof_decl: [], options: None, reserved_range: [], reserved_name: [] }, DescriptorProto { name: Some("Circle"), field: [FieldDescriptorProto { name: Some("radius"), number: Some(1), label: Some(Optional), r#type: Some(Float), type_name: None, extendee: None, default_value: None, oneof_index: None, json_name: Some("radius"), options: None, proto3_optional: None }], extension: [], nested_type: [], enum_type: [], extension_range: [], oneof_decl: [], options: None, reserved_range: [], reserved_name: [] }, DescriptorProto { name: Some("Triangle"), field: [FieldDescriptorProto { name: Some("edge_a"), number: Some(1), label: Some(Optional), r#type: Some(Float), type_name: None, extendee: None, default_value: None, oneof_index: None, json_name: Some("edgeA"), options: None, proto3_optional: None }, FieldDescriptorProto { name: Some("edge_b"), number: Some(2), label: Some(Optional), r#type: Some(Float), type_name: None, extendee: None, default_value: None, oneof_index: None, json_name: Some("edgeB"), options: None, proto3_optional: None }, FieldDescriptorProto { name: Some("edge_c"), number: Some(3), label: Some(Optional), r#type: Some(Float), type_name: None, extendee: None, default_value: None, oneof_index: None, json_name: Some("edgeC"), options: None, proto3_optional: None }], extension: [], nested_type: [], enum_type: [], extension_range: [], oneof_decl: [], options: None, reserved_range: [], reserved_name: [] }, DescriptorProto { name: Some("Parallelogram"), field: [FieldDescriptorProto { name: Some("base_length"), number: Some(1), label: Some(Optional), r#type: Some(Float), type_name: None, extendee: None, default_value: None, oneof_index: None, json_name: Some("baseLength"), options: None, proto3_optional: None }, FieldDescriptorProto { name: Some("height"), number: Some(2), label: Some(Optional), r#type: Some(Float), type_name: None, extendee: None, default_value: None, oneof_index: None, json_name: Some("height"), options: None, proto3_optional: None }], extension: [], nested_type: [], enum_type: [], extension_range: [], oneof_decl: [], options: None, reserved_range: [], reserved_name: [] }, DescriptorProto { name: Some("AreaRequest"), field: [FieldDescriptorProto { name: Some("shapes"), number: Some(1), label: Some(Repeated), r#type: Some(Message), type_name: Some(".area_calculator.ShapeMessage"), extendee: None, default_value: None, oneof_index: None, json_name: Some("shapes"), options: None, proto3_optional: None }], extension: [], nested_type: [], enum_type: [], extension_range: [], oneof_decl: [], options: None, reserved_range: [], reserved_name: [] }, DescriptorProto { name: Some("AreaResponse"), field: [FieldDescriptorProto { name: Some("value"), number: Some(1), label: Some(Repeated), r#type: Some(Float), type_name: None, extendee: None, default_value: None, oneof_index: None, json_name: Some("value"), options: None, proto3_optional: None }], extension: [], nested_type: [], enum_type: [], extension_range: [], oneof_decl: [], options: None, reserved_range: [], reserved_name: [] }], enum_type: [], service: [ServiceDescriptorProto { name: Some("Calculator"), method: [MethodDescriptorProto { name: Some("calculateOne"), input_type: Some(".area_calculator.ShapeMessage"), output_type: Some(".area_calculator.AreaResponse"), options: Some(MethodOptions { deprecated: None, idempotency_level: None, uninterpreted_option: [] }), client_streaming: None, server_streaming: None }, MethodDescriptorProto { name: Some("calculateMulti"), input_type: Some(".area_calculator.AreaRequest"), output_type: Some(".area_calculator.AreaResponse"), options: Some(MethodOptions { deprecated: None, idempotency_level: None, uninterpreted_option: [] }), client_streaming: None, server_streaming: None }], options: None }], extension: [], options: Some(FileOptions { java_package: None, java_outer_classname: None, java_multiple_files: None, java_generate_equals_and_hash: None, java_string_check_utf8: None, optimize_for: None, go_package: Some("io.pact/area_calculator"), cc_generic_services: None, java_generic_services: None, py_generic_services: None, php_generic_services: Some(true), deprecated: None, cc_enable_arenas: None, objc_class_prefix: None, csharp_namespace: None, swift_prefix: None, php_class_prefix: None, php_namespace: None, php_metadata_namespace: None, ruby_package: None, uninterpreted_option: [] }), source_code_info: None, syntax: Some("proto3") }] }, MethodDescriptorProto { name: Some("calculateOne"), input_type: Some(".area_calculator.ShapeMessage"), output_type: Some(".area_calculator.AreaResponse"), options: Some(MethodOptions { deprecated: None, idempotency_level: None, uninterpreted_option: [] }), client_streaming: None, server_streaming: None }, SynchronousMessage { id: None, key: Some("c7fbe3ee"), description: "calculate rectangle area request", provider_states: [], comments: {"testname": String("io.pact.example.grpc.consumer.PactConsumerTest.calculateRectangleArea(MockServer, SynchronousMessages)")}, request: MessageContents { contents: Present(b"\x12\n\r\0\0@@\x15\0\0\x80@", Some(ContentType { main_type: "application", sub_type: "protobuf", attributes: {"message": "ShapeMessage"}, suffix: None }), Some(BINARY)), metadata: {}, matching_rules: MatchingRules { rules: {BODY: MatchingRuleCategory { name: BODY, rules: {DocPath { path_tokens: [Root, Field("rectangle"), Field("length")], expr: "$.rectangle.length" }: RuleList { rules: [Number], rule_logic: And, cascaded: false }, DocPath { path_tokens: [Root, Field("rectangle"), Field("width")], expr: "$.rectangle.width" }: RuleList { rules: [Number], rule_logic: And, cascaded: false }} }} }, generators: Generators { categories: {} } }, response: [MessageContents { contents: Present(b"\r\0\0@A", Some(ContentType { main_type: "application", sub_type: "protobuf", attributes: {"message": "AreaResponse"}, suffix: None }), Some(BINARY)), metadata: {}, matching_rules: MatchingRules { rules: {BODY: MatchingRuleCategory { name: BODY, rules: {DocPath { path_tokens: [Root, Field("value")], expr: "$.value" }: RuleList { rules: [Number], rule_logic: And, cascaded: false }} }} }, generators: Generators { categories: {} } }], pending: false, plugin_config: {"protobuf": {"service": String("Calculator/calculateOne"), "descriptorKey": String("a85dff8f82655a9681aad113575dcfbb")}}, interaction_markup: InteractionMarkup { markup: "```protobuf\nmessage ShapeMessage {\n    message .area_calculator.Rectangle rectangle = 2;\n}\n```\n\n```protobuf\nmessage AreaResponse {\n    float value = 1;\n}\n```\n", markup_type: "COMMON_MARK" }, transport: None })}, server_key: "5cae5f82-fec2-43c6-9739-60d0383d84ec" } ?[3mreq?[0m?[2m=?[0mRequest { method: POST, uri: http://127.0.0.1:53791/area_calculator.Calculator/calculateOne, version: HTTP/2.0, headers: {"content-type": "application/grpc", "te": "trailers", "user-agent": "grpc-java-netty/1.49.0", "grpc-accept-encoding": "gzip"}, body: Body(Streaming) }?[1m}?[0m?[2m:?[0m?[1mmock_server_handler?[0m?[1m{?[0m?[3mkey?[0m?[2m=?[0m"5cae5f82-fec2-43c6-9739-60d0383d84ec"?[1m}?[0m?[2m:?[0m?[1mhandle_message?[0m?[1m{?[0m?[3mself?[0m?[2m=?[0mMockService { file_descriptor_set: FileDescriptorSet { file: [FileDescriptorProto { name: Some("area_calculator.proto"), package: Some("area_calculator"), dependency: [], public_dependency: [], weak_dependency: [], message_type: [DescriptorProto { name: Some("ShapeMessage"), field: [FieldDescriptorProto { name: Some("square"), number: Some(1), label: Some(Optional), r#type: Some(Message), type_name: Some(".area_calculator.Square"), extendee: None, default_value: None, oneof_index: Some(0), json_name: Some("square"), options: None, proto3_optional: None }, FieldDescriptorProto { name: Some("rectangle"), number: Some(2), label: Some(Optional), r#type: Some(Message), type_name: Some(".area_calculator.Rectangle"), extendee: None, default_value: None, oneof_index: Some(0), json_name: Some("rectangle"), options: None, proto3_optional: None }, FieldDescriptorProto { name: Some("circle"), number: Some(3), label: Some(Optional), r#type: Some(Message), type_name: Some(".area_calculator.Circle"), extendee: None, default_value: None, oneof_index: Some(0), json_name: Some("circle"), options: None, proto3_optional: None }, FieldDescriptorProto { name: Some("triangle"), number: Some(4), label: Some(Optional), r#type: Some(Message), type_name: Some(".area_calculator.Triangle"), extendee: None, default_value: None, oneof_index: Some(0), json_name: Some("triangle"), options: None, proto3_optional: None }, FieldDescriptorProto { name: Some("parallelogram"), number: Some(5), label: Some(Optional), r#type: Some(Message), type_name: Some(".area_calculator.Parallelogram"), extendee: None, default_value: None, oneof_index: Some(0), json_name: Some("parallelogram"), options: None, proto3_optional: None }], extension: [], nested_type: [], enum_type: [], extension_range: [], oneof_decl: [OneofDescriptorProto { name: Some("shape"), options: None }], options: None, reserved_range: [], reserved_name: [] }, DescriptorProto { name: Some("Square"), field: [FieldDescriptorProto { name: Some("edge_length"), number: Some(1), label: Some(Optional), r#type: Some(Float), type_name: None, extendee: None, default_value: None, oneof_index: None, json_name: Some("edgeLength"), options: None, proto3_optional: None }], extension: [], nested_type: [], enum_type: [], extension_range: [], oneof_decl: [], options: None, reserved_range: [], reserved_name: [] }, DescriptorProto { name: Some("Rectangle"), field: [FieldDescriptorProto { name: Some("length"), number: Some(1), label: Some(Optional), r#type: Some(Float), type_name: None, extendee: None, default_value: None, oneof_index: None, json_name: Some("length"), options: None, proto3_optional: None }, FieldDescriptorProto { name: Some("width"), number: Some(2), label: Some(Optional), r#type: Some(Float), type_name: None, extendee: None, default_value: None, oneof_index: None, json_name: Some("width"), options: None, proto3_optional: None }], extension: [], nested_type: [], enum_type: [], extension_range: [], oneof_decl: [], options: None, reserved_range: [], reserved_name: [] }, DescriptorProto { name: Some("Circle"), field: [FieldDescriptorProto { name: Some("radius"), number: Some(1), label: Some(Optional), r#type: Some(Float), type_name: None, extendee: None, default_value: None, oneof_index: None, json_name: Some("radius"), options: None, proto3_optional: None }], extension: [], nested_type: [], enum_type: [], extension_range: [], oneof_decl: [], options: None, reserved_range: [], reserved_name: [] }, DescriptorProto { name: Some("Triangle"), field: [FieldDescriptorProto { name: Some("edge_a"), number: Some(1), label: Some(Optional), r#type: Some(Float), type_name: None, extendee: None, default_value: None, oneof_index: None, json_name: Some("edgeA"), options: None, proto3_optional: None }, FieldDescriptorProto { name: Some("edge_b"), number: Some(2), label: Some(Optional), r#type: Some(Float), type_name: None, extendee: None, default_value: None, oneof_index: None, json_name: Some("edgeB"), options: None, proto3_optional: None }, FieldDescriptorProto { name: Some("edge_c"), number: Some(3), label: Some(Optional), r#type: Some(Float), type_name: None, extendee: None, default_value: None, oneof_index: None, json_name: Some("edgeC"), options: None, proto3_optional: None }], extension: [], nested_type: [], enum_type: [], extension_range: [], oneof_decl: [], options: None, reserved_range: [], reserved_name: [] }, DescriptorProto { name: Some("Parallelogram"), field: [FieldDescriptorProto { name: Some("base_length"), number: Some(1), label: Some(Optional), r#type: Some(Float), type_name: None, extendee: None, default_value: None, oneof_index: None, json_name: Some("baseLength"), options: None, proto3_optional: None }, FieldDescriptorProto { name: Some("height"), number: Some(2), label: Some(Optional), r#type: Some(Float), type_name: None, extendee: None, default_value: None, oneof_index: None, json_name: Some("height"), options: None, proto3_optional: None }], extension: [], nested_type: [], enum_type: [], extension_range: [], oneof_decl: [], options: None, reserved_range: [], reserved_name: [] }, DescriptorProto { name: Some("AreaRequest"), field: [FieldDescriptorProto { name: Some("shapes"), number: Some(1), label: Some(Repeated), r#type: Some(Message), type_name: Some(".area_calculator.ShapeMessage"), extendee: None, default_value: None, oneof_index: None, json_name: Some("shapes"), options: None, proto3_optional: None }], extension: [], nested_type: [], enum_type: [], extension_range: [], oneof_decl: [], options: None, reserved_range: [], reserved_name: [] }, DescriptorProto { name: Some("AreaResponse"), field: [FieldDescriptorProto { name: Some("value"), number: Some(1), label: Some(Repeated), r#type: Some(Float), type_name: None, extendee: None, default_value: None, oneof_index: None, json_name: Some("value"), options: None, proto3_optional: None }], extension: [], nested_type: [], enum_type: [], extension_range: [], oneof_decl: [], options: None, reserved_range: [], reserved_name: [] }], enum_type: [], service: [ServiceDescriptorProto { name: Some("Calculator"), method: [MethodDescriptorProto { name: Some("calculateOne"), input_type: Some(".area_calculator.ShapeMessage"), output_type: Some(".area_calculator.AreaResponse"), options: Some(MethodOptions { deprecated: None, idempotency_level: None, uninterpreted_option: [] }), client_streaming: None, server_streaming: None }, MethodDescriptorProto { name: Some("calculateMulti"), input_type: Some(".area_calculator.AreaRequest"), output_type: Some(".area_calculator.AreaResponse"), options: Some(MethodOptions { deprecated: None, idempotency_level: None, uninterpreted_option: [] }), client_streaming: None, server_streaming: None }], options: None }], extension: [], options: Some(FileOptions { java_package: None, java_outer_classname: None, java_multiple_files: None, java_generate_equals_and_hash: None, java_string_check_utf8: None, optimize_for: None, go_package: Some("io.pact/area_calculator"), cc_generic_services: None, java_generic_services: None, py_generic_services: None, php_generic_services: Some(true), deprecated: None, cc_enable_arenas: None, objc_class_prefix: None, csharp_namespace: None, swift_prefix: None, php_class_prefix: None, php_namespace: None, php_metadata_namespace: None, ruby_package: None, uninterpreted_option: [] }), source_code_info: None, syntax: Some("proto3") }] }, service_name: "Calculator", message: SynchronousMessage { id: None, key: Some("c7fbe3ee"), description: "calculate rectangle area request", provider_states: [], comments: {"testname": String("io.pact.example.grpc.consumer.PactConsumerTest.calculateRectangleArea(MockServer, SynchronousMessages)")}, request: MessageContents { contents: Present(b"\x12\n\r\0\0@@\x15\0\0\x80@", Some(ContentType { main_type: "application", sub_type: "protobuf", attributes: {"message": "ShapeMessage"}, suffix: None }), Some(BINARY)), metadata: {}, matching_rules: MatchingRules { rules: {BODY: MatchingRuleCategory { name: BODY, rules: {DocPath { path_tokens: [Root, Field("rectangle"), Field("length")], expr: "$.rectangle.length" }: RuleList { rules: [Number], rule_logic: And, cascaded: false }, DocPath { path_tokens: [Root, Field("rectangle"), Field("width")], expr: "$.rectangle.width" }: RuleList { rules: [Number], rule_logic: And, cascaded: false }} }} }, generators: Generators { categories: {} } }, response: [MessageContents { contents: Present(b"\r\0\0@A", Some(ContentType { main_type: "application", sub_type: "protobuf", attributes: {"message": "AreaResponse"}, suffix: None }), Some(BINARY)), metadata: {}, matching_rules: MatchingRules { rules: {BODY: MatchingRuleCategory { name: BODY, rules: {DocPath { path_tokens: [Root, Field("value")], expr: "$.value" }: RuleList { rules: [Number], rule_logic: And, cascaded: false }} }} }, generators: Generators { categories: {} } }], pending: false, plugin_config: {"protobuf": {"service": String("Calculator/calculateOne"), "descriptorKey": String("a85dff8f82655a9681aad113575dcfbb")}}, interaction_markup: InteractionMarkup { markup: "```protobuf\nmessage ShapeMessage {\n    message .area_calculator.Rectangle rectangle = 2;\n}\n```\n\n```protobuf\nmessage AreaResponse {\n    float value = 1;\n}\n```\n", markup_type: "COMMON_MARK" }, transport: None }, method_descriptor: MethodDescriptorProto { name: Some("calculateOne"), input_type: Some(".area_calculator.ShapeMessage"), output_type: Some(".area_calculator.AreaResponse"), options: Some(MethodOptions { deprecated: None, idempotency_level: None, uninterpreted_option: [] }), client_streaming: None, server_streaming: None }, input_message: DescriptorProto { name: Some("ShapeMessage"), field: [FieldDescriptorProto { name: Some("square"), number: Some(1), label: Some(Optional), r#type: Some(Message), type_name: Some(".area_calculator.Square"), extendee: None, default_value: None, oneof_index: Some(0), json_name: Some("square"), options: None, proto3_optional: None }, FieldDescriptorProto { name: Some("rectangle"), number: Some(2), label: Some(Optional), r#type: Some(Message), type_name: Some(".area_calculator.Rectangle"), extendee: None, default_value: None, oneof_index: Some(0), json_name: Some("rectangle"), options: None, proto3_optional: None }, FieldDescriptorProto { name: Some("circle"), number: Some(3), label: Some(Optional), r#type: Some(Message), type_name: Some(".area_calculator.Circle"), extendee: None, default_value: None, oneof_index: Some(0), json_name: Some("circle"), options: None, proto3_optional: None }, FieldDescriptorProto { name: Some("triangle"), number: Some(4), label: Some(Optional), r#type: Some(Message), type_name: Some(".area_calculator.Triangle"), extendee: None, default_value: None, oneof_index: Some(0), json_name: Some("triangle"), options: None, proto3_optional: None }, FieldDescriptorProto { name: Some("parallelogram"), number: Some(5), label: Some(Optional), r#type: Some(Message), type_name: Some(".area_calculator.Parallelogram"), extendee: None, default_value: None, oneof_index: Some(0), json_name: Some("parallelogram"), options: None, proto3_optional: None }], extension: [], nested_type: [], enum_type: [], extension_range: [], oneof_decl: [OneofDescriptorProto { name: Some("shape"), options: None }], options: None, reserved_range: [], reserved_name: [] }, output_message: DescriptorProto { name: Some("AreaResponse"), field: [FieldDescriptorProto { name: Some("value"), number: Some(1), label: Some(Repeated), r#type: Some(Float), type_name: None, extendee: None, default_value: None, oneof_index: None, json_name: Some("value"), options: None, proto3_optional: None }], extension: [], nested_type: [], enum_type: [], extension_range: [], oneof_decl: [], options: None, reserved_range: [], reserved_name: [] }, server_key: "5cae5f82-fec2-43c6-9739-60d0383d84ec" } ?[3mrequest?[0m?[2m=?[0mDynamicMessage { descriptor: DescriptorProto { name: Some("ShapeMessage"), field: [FieldDescriptorProto { name: Some("square"), number: Some(1), label: Some(Optional), r#type: Some(Message), type_name: Some(".area_calculator.Square"), extendee: None, default_value: None, oneof_index: Some(0), json_name: Some("square"), options: None, proto3_optional: None }, FieldDescriptorProto { name: Some("rectangle"), number: Some(2), label: Some(Optional), r#type: Some(Message), type_name: Some(".area_calculator.Rectangle"), extendee: None, default_value: None, oneof_index: Some(0), json_name: Some("rectangle"), options: None, proto3_optional: None }, FieldDescriptorProto { name: Some("circle"), number: Some(3), label: Some(Optional), r#type: Some(Message), type_name: Some(".area_calculator.Circle"), extendee: None, default_value: None, oneof_index: Some(0), json_name: Some("circle"), options: None, proto3_optional: None }, FieldDescriptorProto { name: Some("triangle"), number: Some(4), label: Some(Optional), r#type: Some(Message), type_name: Some(".area_calculator.Triangle"), extendee: None, default_value: None, oneof_index: Some(0), json_name: Some("triangle"), options: None, proto3_optional: None }, FieldDescriptorProto { name: Some("parallelogram"), number: Some(5), label: Some(Optional), r#type: Some(Message), type_name: Some(".area_calculator.Parallelogram"), extendee: None, default_value: None, oneof_index: Some(0), json_name: Some("parallelogram"), options: None, proto3_optional: None }], extension: [], nested_type: [], enum_type: [], extension_range: [], oneof_decl: [OneofDescriptorProto { name: Some("shape"), options: None }], options: None, reserved_range: [], reserved_name: [] }, fields: [ProtobufField { field_num: 2, wire_type: LengthDelimited, data: Message([13, 0, 0, 64, 64, 21, 0, 0, 128, 64], DescriptorProto { name: Some("Rectangle"), field: [FieldDescriptorProto { name: Some("length"), number: Some(1), label: Some(Optional), r#type: Some(Float), type_name: None, extendee: None, default_value: None, oneof_index: None, json_name: Some("length"), options: None, proto3_optional: None }, FieldDescriptorProto { name: Some("width"), number: Some(2), label: Some(Optional), r#type: Some(Float), type_name: None, extendee: None, default_value: None, oneof_index: None, json_name: Some("width"), options: None, proto3_optional: None }], extension: [], nested_type: [], enum_type: [], extension_range: [], oneof_decl: [], options: None, reserved_range: [], reserved_name: [] }) }] } ?[3mmessage_descriptor?[0m?[2m=?[0mDescriptorProto { name: Some("ShapeMessage"), field: [FieldDescriptorProto { name: Some("square"), number: Some(1), label: Some(Optional), r#type: Some(Message), type_name: Some(".area_calculator.Square"), extendee: None, default_value: None, oneof_index: Some(0), json_name: Some("square"), options: None, proto3_optional: None }, FieldDescriptorProto { name: Some("rectangle"), number: Some(2), label: Some(Optional), r#type: Some(Message), type_name: Some(".area_calculator.Rectangle"), extendee: None, default_value: None, oneof_index: Some(0), json_name: Some("rectangle"), options: None, proto3_optional: None }, FieldDescriptorProto { name: Some("circle"), number: Some(3), label: Some(Optional), r#type: Some(Message), type_name: Some(".area_calculator.Circle"), extendee: None, default_value: None, oneof_index: Some(0), json_name: Some("circle"), options: None, proto3_optional: None }, FieldDescriptorProto { name: Some("triangle"), number: Some(4), label: Some(Optional), r#type: Some(Message), type_name: Some(".area_calculator.Triangle"), extendee: None, default_value: None, oneof_index: Some(0), json_name: Some("triangle"), options: None, proto3_optional: None }, FieldDescriptorProto { name: Some("parallelogram"), number: Some(5), label: Some(Optional), r#type: Some(Message), type_name: Some(".area_calculator.Parallelogram"), extendee: None, default_value: None, oneof_index: Some(0), json_name: Some("parallelogram"), options: None, proto3_optional: None }], extension: [], nested_type: [], enum_type: [], extension_range: [], oneof_decl: [OneofDescriptorProto { name: Some("shape"), options: None }], options: None, reserved_range: [], reserved_name: [] } ?[3mresponse_descriptor?[0m?[2m=?[0mDescriptorProto { name: Some("AreaResponse"), field: [FieldDescriptorProto { name: Some("value"), number: Some(1), label: Some(Repeated), r#type: Some(Float), type_name: None, extendee: None, default_value: None, oneof_index: None, json_name: Some("value"), options: None, proto3_optional: None }], extension: [], nested_type: [], enum_type: [], extension_range: [], oneof_decl: [], options: None, reserved_range: [], reserved_name: [] }?[1m}?[0m?[2m:?[0m ?[2mpact_models::path_exp?[0m?[2m:?[0m Calculating weight for path tokens '[Root, Field("rectangle"), Field("width")]' and path '["$", "rectangle", "length"]'
15:05:16.538 [Thread-5] DEBUG i.pact.plugins.jvm.core.ChildProcess - Plugin protobuf [46038] || ?[2m2023-03-27T09:35:16.536863Z?[0m ?[35mTRACE?[0m tokio-runtime-worker ?[1mrequest?[0m?[1m{?[0m?[3mmethod?[0m?[2m=?[0mPOST ?[3muri?[0m?[2m=?[0mhttp://127.0.0.1:53791/area_calculator.Calculator/calculateOne ?[3mversion?[0m?[2m=?[0mHTTP/2.0?[1m}?[0m?[2m:?[0m?[1mcall?[0m?[1m{?[0m?[3mself?[0m?[2m=?[0mGrpcMockServer { pact: V4Pact { consumer: Consumer { name: "grpc-consumer-jvm" }, provider: Provider { name: "area-calculator-provider" }, interactions: [SynchronousMessage { id: None, key: Some("c7fbe3ee"), description: "calculate rectangle area request", provider_states: [], comments: {"testname": String("io.pact.example.grpc.consumer.PactConsumerTest.calculateRectangleArea(MockServer, SynchronousMessages)")}, request: MessageContents { contents: Present(b"\x12\n\r\0\0@@\x15\0\0\x80@", Some(ContentType { main_type: "application", sub_type: "protobuf", attributes: {"message": "ShapeMessage"}, suffix: None }), Some(BINARY)), metadata: {}, matching_rules: MatchingRules { rules: {BODY: MatchingRuleCategory { name: BODY, rules: {DocPath { path_tokens: [Root, Field("rectangle"), Field("length")], expr: "$.rectangle.length" }: RuleList { rules: [Number], rule_logic: And, cascaded: false }, DocPath { path_tokens: [Root, Field("rectangle"), Field("width")], expr: "$.rectangle.width" }: RuleList { rules: [Number], rule_logic: And, cascaded: false }} }} }, generators: Generators { categories: {} } }, response: [MessageContents { contents: Present(b"\r\0\0@A", Some(ContentType { main_type: "application", sub_type: "protobuf", attributes: {"message": "AreaResponse"}, suffix: None }), Some(BINARY)), metadata: {}, matching_rules: MatchingRules { rules: {BODY: MatchingRuleCategory { name: BODY, rules: {DocPath { path_tokens: [Root, Field("value")], expr: "$.value" }: RuleList { rules: [Number], rule_logic: And, cascaded: false }} }} }, generators: Generators { categories: {} } }], pending: false, plugin_config: {"protobuf": {"service": String("Calculator/calculateOne"), "descriptorKey": String("a85dff8f82655a9681aad113575dcfbb")}}, interaction_markup: InteractionMarkup { markup: "```protobuf\nmessage ShapeMessage {\n    message .area_calculator.Rectangle rectangle = 2;\n}\n```\n\n```protobuf\nmessage AreaResponse {\n    float value = 1;\n}\n```\n", markup_type: "COMMON_MARK" }, transport: None }], metadata: {"pact-jvm": Object({"version": String("4.4.2")}), "pactSpecification": Object({"version": String("4.0")})}, plugin_data: [PluginData { name: "protobuf", version: "0.1.5", configuration: {"a85dff8f82655a9681aad113575dcfbb": Object({"protoDescriptors": String("CsoHChVhcmVhX2NhbGN1bGF0b3IucHJvdG8SD2FyZWFfY2FsY3VsYXRvciK6AgoMU2hhcGVNZXNzYWdlEjEKBnNxdWFyZRgBIAEoCzIXLmFyZWFfY2FsY3VsYXRvci5TcXVhcmVIAFIGc3F1YXJlEjoKCXJlY3RhbmdsZRgCIAEoCzIaLmFyZWFfY2FsY3VsYXRvci5SZWN0YW5nbGVIAFIJcmVjdGFuZ2xlEjEKBmNpcmNsZRgDIAEoCzIXLmFyZWFfY2FsY3VsYXRvci5DaXJjbGVIAFIGY2lyY2xlEjcKCHRyaWFuZ2xlGAQgASgLMhkuYXJlYV9jYWxjdWxhdG9yLlRyaWFuZ2xlSABSCHRyaWFuZ2xlEkYKDXBhcmFsbGVsb2dyYW0YBSABKAsyHi5hcmVhX2NhbGN1bGF0b3IuUGFyYWxsZWxvZ3JhbUgAUg1wYXJhbGxlbG9ncmFtQgcKBXNoYXBlIikKBlNxdWFyZRIfCgtlZGdlX2xlbmd0aBgBIAEoAlIKZWRnZUxlbmd0aCI5CglSZWN0YW5nbGUSFgoGbGVuZ3RoGAEgASgCUgZsZW5ndGgSFAoFd2lkdGgYAiABKAJSBXdpZHRoIiAKBkNpcmNsZRIWCgZyYWRpdXMYASABKAJSBnJhZGl1cyJPCghUcmlhbmdsZRIVCgZlZGdlX2EYASABKAJSBWVkZ2VBEhUKBmVkZ2VfYhgCIAEoAlIFZWRnZUISFQoGZWRnZV9jGAMgASgCUgVlZGdlQyJICg1QYXJhbGxlbG9ncmFtEh8KC2Jhc2VfbGVuZ3RoGAEgASgCUgpiYXNlTGVuZ3RoEhYKBmhlaWdodBgCIAEoAlIGaGVpZ2h0IkQKC0FyZWFSZXF1ZXN0EjUKBnNoYXBlcxgBIAMoCzIdLmFyZWFfY2FsY3VsYXRvci5TaGFwZU1lc3NhZ2VSBnNoYXBlcyIkCgxBcmVhUmVzcG9uc2USFAoFdmFsdWUYASADKAJSBXZhbHVlMq0BCgpDYWxjdWxhdG9yEk4KDGNhbGN1bGF0ZU9uZRIdLmFyZWFfY2FsY3VsYXRvci5TaGFwZU1lc3NhZ2UaHS5hcmVhX2NhbGN1bGF0b3IuQXJlYVJlc3BvbnNlIgASTwoOY2FsY3VsYXRlTXVsdGkSHC5hcmVhX2NhbGN1bGF0b3IuQXJlYVJlcXVlc3QaHS5hcmVhX2NhbGN1bGF0b3IuQXJlYVJlc3BvbnNlIgBCHFoXaW8ucGFjdC9hcmVhX2NhbGN1bGF0b3LQAgFiBnByb3RvMw=="), "protoFile": String("syntax = \"proto3\";\n\npackage area_calculator;\n\noption php_generic_services = true;\noption go_package = \"io.pact/area_calculator\";\n\nservice Calculator {\n  rpc calculateOne (ShapeMessage) returns (AreaResponse) {}\n  rpc calculateMulti (AreaRequest) returns (AreaResponse) {}\n}\n\nmessage ShapeMessage {\n  oneof shape {\n    Square square = 1;\n    Rectangle rectangle = 2;\n    Circle circle = 3;\n    Triangle triangle = 4;\n    Parallelogram parallelogram = 5;\n  }\n}\n\nmessage Square {\n  float edge_length = 1;\n}\n\nmessage Rectangle {\n  float length = 1;\n  float width = 2;\n}\n\nmessage Circle {\n  float radius = 1;\n}\n\nmessage Triangle {\n  float edge_a = 1;\n  float edge_b = 2;\n  float edge_c = 3;\n}\n\nmessage Parallelogram {\n  float base_length = 1;\n  float height = 2;\n}\n\nmessage AreaRequest {\n  repeated ShapeMessage shapes = 1;\n}\n\nmessage AreaResponse {\n  repeated float value = 1;\n}\n")})} }] }, plugin_config: PluginData { name: "protobuf", version: "0.1.5", configuration: {"a85dff8f82655a9681aad113575dcfbb": Object({"protoDescriptors": String("CsoHChVhcmVhX2NhbGN1bGF0b3IucHJvdG8SD2FyZWFfY2FsY3VsYXRvciK6AgoMU2hhcGVNZXNzYWdlEjEKBnNxdWFyZRgBIAEoCzIXLmFyZWFfY2FsY3VsYXRvci5TcXVhcmVIAFIGc3F1YXJlEjoKCXJlY3RhbmdsZRgCIAEoCzIaLmFyZWFfY2FsY3VsYXRvci5SZWN0YW5nbGVIAFIJcmVjdGFuZ2xlEjEKBmNpcmNsZRgDIAEoCzIXLmFyZWFfY2FsY3VsYXRvci5DaXJjbGVIAFIGY2lyY2xlEjcKCHRyaWFuZ2xlGAQgASgLMhkuYXJlYV9jYWxjdWxhdG9yLlRyaWFuZ2xlSABSCHRyaWFuZ2xlEkYKDXBhcmFsbGVsb2dyYW0YBSABKAsyHi5hcmVhX2NhbGN1bGF0b3IuUGFyYWxsZWxvZ3JhbUgAUg1wYXJhbGxlbG9ncmFtQgcKBXNoYXBlIikKBlNxdWFyZRIfCgtlZGdlX2xlbmd0aBgBIAEoAlIKZWRnZUxlbmd0aCI5CglSZWN0YW5nbGUSFgoGbGVuZ3RoGAEgASgCUgZsZW5ndGgSFAoFd2lkdGgYAiABKAJSBXdpZHRoIiAKBkNpcmNsZRIWCgZyYWRpdXMYASABKAJSBnJhZGl1cyJPCghUcmlhbmdsZRIVCgZlZGdlX2EYASABKAJSBWVkZ2VBEhUKBmVkZ2VfYhgCIAEoAlIFZWRnZUISFQoGZWRnZV9jGAMgASgCUgVlZGdlQyJICg1QYXJhbGxlbG9ncmFtEh8KC2Jhc2VfbGVuZ3RoGAEgASgCUgpiYXNlTGVuZ3RoEhYKBmhlaWdodBgCIAEoAlIGaGVpZ2h0IkQKC0FyZWFSZXF1ZXN0EjUKBnNoYXBlcxgBIAMoCzIdLmFyZWFfY2FsY3VsYXRvci5TaGFwZU1lc3NhZ2VSBnNoYXBlcyIkCgxBcmVhUmVzcG9uc2USFAoFdmFsdWUYASADKAJSBXZhbHVlMq0BCgpDYWxjdWxhdG9yEk4KDGNhbGN1bGF0ZU9uZRIdLmFyZWFfY2FsY3VsYXRvci5TaGFwZU1lc3NhZ2UaHS5hcmVhX2NhbGN1bGF0b3IuQXJlYVJlc3BvbnNlIgASTwoOY2FsY3VsYXRlTXVsdGkSHC5hcmVhX2NhbGN1bGF0b3IuQXJlYVJlcXVlc3QaHS5hcmVhX2NhbGN1bGF0b3IuQXJlYVJlc3BvbnNlIgBCHFoXaW8ucGFjdC9hcmVhX2NhbGN1bGF0b3LQAgFiBnByb3RvMw=="), "protoFile": String("syntax = \"proto3\";\n\npackage area_calculator;\n\noption php_generic_services = true;\noption go_package = \"io.pact/area_calculator\";\n\nservice Calculator {\n  rpc calculateOne (ShapeMessage) returns (AreaResponse) {}\n  rpc calculateMulti (AreaRequest) returns (AreaResponse) {}\n}\n\nmessage ShapeMessage {\n  oneof shape {\n    Square square = 1;\n    Rectangle rectangle = 2;\n    Circle circle = 3;\n    Triangle triangle = 4;\n    Parallelogram parallelogram = 5;\n  }\n}\n\nmessage Square {\n  float edge_length = 1;\n}\n\nmessage Rectangle {\n  float length = 1;\n  float width = 2;\n}\n\nmessage Circle {\n  float radius = 1;\n}\n\nmessage Triangle {\n  float edge_a = 1;\n  float edge_b = 2;\n  float edge_c = 3;\n}\n\nmessage Parallelogram {\n  float base_length = 1;\n  float height = 2;\n}\n\nmessage AreaRequest {\n  repeated ShapeMessage shapes = 1;\n}\n\nmessage AreaResponse {\n  repeated float value = 1;\n}\n")})} }, descriptors: {"a85dff8f82655a9681aad113575dcfbb": FileDescriptorSet { file: [FileDescriptorProto { name: Some("area_calculator.proto"), package: Some("area_calculator"), dependency: [], public_dependency: [], weak_dependency: [], message_type: [DescriptorProto { name: Some("ShapeMessage"), field: [FieldDescriptorProto { name: Some("square"), number: Some(1), label: Some(Optional), r#type: Some(Message), type_name: Some(".area_calculator.Square"), extendee: None, default_value: None, oneof_index: Some(0), json_name: Some("square"), options: None, proto3_optional: None }, FieldDescriptorProto { name: Some("rectangle"), number: Some(2), label: Some(Optional), r#type: Some(Message), type_name: Some(".area_calculator.Rectangle"), extendee: None, default_value: None, oneof_index: Some(0), json_name: Some("rectangle"), options: None, proto3_optional: None }, FieldDescriptorProto { name: Some("circle"), number: Some(3), label: Some(Optional), r#type: Some(Message), type_name: Some(".area_calculator.Circle"), extendee: None, default_value: None, oneof_index: Some(0), json_name: Some("circle"), options: None, proto3_optional: None }, FieldDescriptorProto { name: Some("triangle"), number: Some(4), label: Some(Optional), r#type: Some(Message), type_name: Some(".area_calculator.Triangle"), extendee: None, default_value: None, oneof_index: Some(0), json_name: Some("triangle"), options: None, proto3_optional: None }, FieldDescriptorProto { name: Some("parallelogram"), number: Some(5), label: Some(Optional), r#type: Some(Message), type_name: Some(".area_calculator.Parallelogram"), extendee: None, default_value: None, oneof_index: Some(0), json_name: Some("parallelogram"), options: None, proto3_optional: None }], extension: [], nested_type: [], enum_type: [], extension_range: [], oneof_decl: [OneofDescriptorProto { name: Some("shape"), options: None }], options: None, reserved_range: [], reserved_name: [] }, DescriptorProto { name: Some("Square"), field: [FieldDescriptorProto { name: Some("edge_length"), number: Some(1), label: Some(Optional), r#type: Some(Float), type_name: None, extendee: None, default_value: None, oneof_index: None, json_name: Some("edgeLength"), options: None, proto3_optional: None }], extension: [], nested_type: [], enum_type: [], extension_range: [], oneof_decl: [], options: None, reserved_range: [], reserved_name: [] }, DescriptorProto { name: Some("Rectangle"), field: [FieldDescriptorProto { name: Some("length"), number: Some(1), label: Some(Optional), r#type: Some(Float), type_name: None, extendee: None, default_value: None, oneof_index: None, json_name: Some("length"), options: None, proto3_optional: None }, FieldDescriptorProto { name: Some("width"), number: Some(2), label: Some(Optional), r#type: Some(Float), type_name: None, extendee: None, default_value: None, oneof_index: None, json_name: Some("width"), options: None, proto3_optional: None }], extension: [], nested_type: [], enum_type: [], extension_range: [], oneof_decl: [], options: None, reserved_range: [], reserved_name: [] }, DescriptorProto { name: Some("Circle"), field: [FieldDescriptorProto { name: Some("radius"), number: Some(1), label: Some(Optional), r#type: Some(Float), type_name: None, extendee: None, default_value: None, oneof_index: None, json_name: Some("radius"), options: None, proto3_optional: None }], extension: [], nested_type: [], enum_type: [], extension_range: [], oneof_decl: [], options: None, reserved_range: [], reserved_name: [] }, DescriptorProto { name: Some("Triangle"), field: [FieldDescriptorProto { name: Some("edge_a"), number: Some(1), label: Some(Optional), r#type: Some(Float), type_name: None, extendee: None, default_value: None, oneof_index: None, json_name: Some("edgeA"), options: None, proto3_optional: None }, FieldDescriptorProto { name: Some("edge_b"), number: Some(2), label: Some(Optional), r#type: Some(Float), type_name: None, extendee: None, default_value: None, oneof_index: None, json_name: Some("edgeB"), options: None, proto3_optional: None }, FieldDescriptorProto { name: Some("edge_c"), number: Some(3), label: Some(Optional), r#type: Some(Float), type_name: None, extendee: None, default_value: None, oneof_index: None, json_name: Some("edgeC"), options: None, proto3_optional: None }], extension: [], nested_type: [], enum_type: [], extension_range: [], oneof_decl: [], options: None, reserved_range: [], reserved_name: [] }, DescriptorProto { name: Some("Parallelogram"), field: [FieldDescriptorProto { name: Some("base_length"), number: Some(1), label: Some(Optional), r#type: Some(Float), type_name: None, extendee: None, default_value: None, oneof_index: None, json_name: Some("baseLength"), options: None, proto3_optional: None }, FieldDescriptorProto { name: Some("height"), number: Some(2), label: Some(Optional), r#type: Some(Float), type_name: None, extendee: None, default_value: None, oneof_index: None, json_name: Some("height"), options: None, proto3_optional: None }], extension: [], nested_type: [], enum_type: [], extension_range: [], oneof_decl: [], options: None, reserved_range: [], reserved_name: [] }, DescriptorProto { name: Some("AreaRequest"), field: [FieldDescriptorProto { name: Some("shapes"), number: Some(1), label: Some(Repeated), r#type: Some(Message), type_name: Some(".area_calculator.ShapeMessage"), extendee: None, default_value: None, oneof_index: None, json_name: Some("shapes"), options: None, proto3_optional: None }], extension: [], nested_type: [], enum_type: [], extension_range: [], oneof_decl: [], options: None, reserved_range: [], reserved_name: [] }, DescriptorProto { name: Some("AreaResponse"), field: [FieldDescriptorProto { name: Some("value"), number: Some(1), label: Some(Repeated), r#type: Some(Float), type_name: None, extendee: None, default_value: None, oneof_index: None, json_name: Some("value"), options: None, proto3_optional: None }], extension: [], nested_type: [], enum_type: [], extension_range: [], oneof_decl: [], options: None, reserved_range: [], reserved_name: [] }], enum_type: [], service: [ServiceDescriptorProto { name: Some("Calculator"), method: [MethodDescriptorProto { name: Some("calculateOne"), input_type: Some(".area_calculator.ShapeMessage"), output_type: Some(".area_calculator.AreaResponse"), options: Some(MethodOptions { deprecated: None, idempotency_level: None, uninterpreted_option: [] }), client_streaming: None, server_streaming: None }, MethodDescriptorProto { name: Some("calculateMulti"), input_type: Some(".area_calculator.AreaRequest"), output_type: Some(".area_calculator.AreaResponse"), options: Some(MethodOptions { deprecated: None, idempotency_level: None, uninterpreted_option: [] }), client_streaming: None, server_streaming: None }], options: None }], extension: [], options: Some(FileOptions { java_package: None, java_outer_classname: None, java_multiple_files: None, java_generate_equals_and_hash: None, java_string_check_utf8: None, optimize_for: None, go_package: Some("io.pact/area_calculator"), cc_generic_services: None, java_generic_services: None, py_generic_services: None, php_generic_services: Some(true), deprecated: None, cc_enable_arenas: None, objc_class_prefix: None, csharp_namespace: None, swift_prefix: None, php_class_prefix: None, php_namespace: None, php_metadata_namespace: None, ruby_package: None, uninterpreted_option: [] }), source_code_info: None, syntax: Some("proto3") }] }}, routes: {"Calculator/calculateOne": (FileDescriptorSet { file: [FileDescriptorProto { name: Some("area_calculator.proto"), package: Some("area_calculator"), dependency: [], public_dependency: [], weak_dependency: [], message_type: [DescriptorProto { name: Some("ShapeMessage"), field: [FieldDescriptorProto { name: Some("square"), number: Some(1), label: Some(Optional), r#type: Some(Message), type_name: Some(".area_calculator.Square"), extendee: None, default_value: None, oneof_index: Some(0), json_name: Some("square"), options: None, proto3_optional: None }, FieldDescriptorProto { name: Some("rectangle"), number: Some(2), label: Some(Optional), r#type: Some(Message), type_name: Some(".area_calculator.Rectangle"), extendee: None, default_value: None, oneof_index: Some(0), json_name: Some("rectangle"), options: None, proto3_optional: None }, FieldDescriptorProto { name: Some("circle"), number: Some(3), label: Some(Optional), r#type: Some(Message), type_name: Some(".area_calculator.Circle"), extendee: None, default_value: None, oneof_index: Some(0), json_name: Some("circle"), options: None, proto3_optional: None }, FieldDescriptorProto { name: Some("triangle"), number: Some(4), label: Some(Optional), r#type: Some(Message), type_name: Some(".area_calculator.Triangle"), extendee: None, default_value: None, oneof_index: Some(0), json_name: Some("triangle"), options: None, proto3_optional: None }, FieldDescriptorProto { name: Some("parallelogram"), number: Some(5), label: Some(Optional), r#type: Some(Message), type_name: Some(".area_calculator.Parallelogram"), extendee: None, default_value: None, oneof_index: Some(0), json_name: Some("parallelogram"), options: None, proto3_optional: None }], extension: [], nested_type: [], enum_type: [], extension_range: [], oneof_decl: [OneofDescriptorProto { name: Some("shape"), options: None }], options: None, reserved_range: [], reserved_name: [] }, DescriptorProto { name: Some("Square"), field: [FieldDescriptorProto { name: Some("edge_length"), number: Some(1), label: Some(Optional), r#type: Some(Float), type_name: None, extendee: None, default_value: None, oneof_index: None, json_name: Some("edgeLength"), options: None, proto3_optional: None }], extension: [], nested_type: [], enum_type: [], extension_range: [], oneof_decl: [], options: None, reserved_range: [], reserved_name: [] }, DescriptorProto { name: Some("Rectangle"), field: [FieldDescriptorProto { name: Some("length"), number: Some(1), label: Some(Optional), r#type: Some(Float), type_name: None, extendee: None, default_value: None, oneof_index: None, json_name: Some("length"), options: None, proto3_optional: None }, FieldDescriptorProto { name: Some("width"), number: Some(2), label: Some(Optional), r#type: Some(Float), type_name: None, extendee: None, default_value: None, oneof_index: None, json_name: Some("width"), options: None, proto3_optional: None }], extension: [], nested_type: [], enum_type: [], extension_range: [], oneof_decl: [], options: None, reserved_range: [], reserved_name: [] }, DescriptorProto { name: Some("Circle"), field: [FieldDescriptorProto { name: Some("radius"), number: Some(1), label: Some(Optional), r#type: Some(Float), type_name: None, extendee: None, default_value: None, oneof_index: None, json_name: Some("radius"), options: None, proto3_optional: None }], extension: [], nested_type: [], enum_type: [], extension_range: [], oneof_decl: [], options: None, reserved_range: [], reserved_name: [] }, DescriptorProto { name: Some("Triangle"), field: [FieldDescriptorProto { name: Some("edge_a"), number: Some(1), label: Some(Optional), r#type: Some(Float), type_name: None, extendee: None, default_value: None, oneof_index: None, json_name: Some("edgeA"), options: None, proto3_optional: None }, FieldDescriptorProto { name: Some("edge_b"), number: Some(2), label: Some(Optional), r#type: Some(Float), type_name: None, extendee: None, default_value: None, oneof_index: None, json_name: Some("edgeB"), options: None, proto3_optional: None }, FieldDescriptorProto { name: Some("edge_c"), number: Some(3), label: Some(Optional), r#type: Some(Float), type_name: None, extendee: None, default_value: None, oneof_index: None, json_name: Some("edgeC"), options: None, proto3_optional: None }], extension: [], nested_type: [], enum_type: [], extension_range: [], oneof_decl: [], options: None, reserved_range: [], reserved_name: [] }, DescriptorProto { name: Some("Parallelogram"), field: [FieldDescriptorProto { name: Some("base_length"), number: Some(1), label: Some(Optional), r#type: Some(Float), type_name: None, extendee: None, default_value: None, oneof_index: None, json_name: Some("baseLength"), options: None, proto3_optional: None }, FieldDescriptorProto { name: Some("height"), number: Some(2), label: Some(Optional), r#type: Some(Float), type_name: None, extendee: None, default_value: None, oneof_index: None, json_name: Some("height"), options: None, proto3_optional: None }], extension: [], nested_type: [], enum_type: [], extension_range: [], oneof_decl: [], options: None, reserved_range: [], reserved_name: [] }, DescriptorProto { name: Some("AreaRequest"), field: [FieldDescriptorProto { name: Some("shapes"), number: Some(1), label: Some(Repeated), r#type: Some(Message), type_name: Some(".area_calculator.ShapeMessage"), extendee: None, default_value: None, oneof_index: None, json_name: Some("shapes"), options: None, proto3_optional: None }], extension: [], nested_type: [], enum_type: [], extension_range: [], oneof_decl: [], options: None, reserved_range: [], reserved_name: [] }, DescriptorProto { name: Some("AreaResponse"), field: [FieldDescriptorProto { name: Some("value"), number: Some(1), label: Some(Repeated), r#type: Some(Float), type_name: None, extendee: None, default_value: None, oneof_index: None, json_name: Some("value"), options: None, proto3_optional: None }], extension: [], nested_type: [], enum_type: [], extension_range: [], oneof_decl: [], options: None, reserved_range: [], reserved_name: [] }], enum_type: [], service: [ServiceDescriptorProto { name: Some("Calculator"), method: [MethodDescriptorProto { name: Some("calculateOne"), input_type: Some(".area_calculator.ShapeMessage"), output_type: Some(".area_calculator.AreaResponse"), options: Some(MethodOptions { deprecated: None, idempotency_level: None, uninterpreted_option: [] }), client_streaming: None, server_streaming: None }, MethodDescriptorProto { name: Some("calculateMulti"), input_type: Some(".area_calculator.AreaRequest"), output_type: Some(".area_calculator.AreaResponse"), options: Some(MethodOptions { deprecated: None, idempotency_level: None, uninterpreted_option: [] }), client_streaming: None, server_streaming: None }], options: None }], extension: [], options: Some(FileOptions { java_package: None, java_outer_classname: None, java_multiple_files: None, java_generate_equals_and_hash: None, java_string_check_utf8: None, optimize_for: None, go_package: Some("io.pact/area_calculator"), cc_generic_services: None, java_generic_services: None, py_generic_services: None, php_generic_services: Some(true), deprecated: None, cc_enable_arenas: None, objc_class_prefix: None, csharp_namespace: None, swift_prefix: None, php_class_prefix: None, php_namespace: None, php_metadata_namespace: None, ruby_package: None, uninterpreted_option: [] }), source_code_info: None, syntax: Some("proto3") }] }, MethodDescriptorProto { name: Some("calculateOne"), input_type: Some(".area_calculator.ShapeMessage"), output_type: Some(".area_calculator.AreaResponse"), options: Some(MethodOptions { deprecated: None, idempotency_level: None, uninterpreted_option: [] }), client_streaming: None, server_streaming: None }, SynchronousMessage { id: None, key: Some("c7fbe3ee"), description: "calculate rectangle area request", provider_states: [], comments: {"testname": String("io.pact.example.grpc.consumer.PactConsumerTest.calculateRectangleArea(MockServer, SynchronousMessages)")}, request: MessageContents { contents: Present(b"\x12\n\r\0\0@@\x15\0\0\x80@", Some(ContentType { main_type: "application", sub_type: "protobuf", attributes: {"message": "ShapeMessage"}, suffix: None }), Some(BINARY)), metadata: {}, matching_rules: MatchingRules { rules: {BODY: MatchingRuleCategory { name: BODY, rules: {DocPath { path_tokens: [Root, Field("rectangle"), Field("length")], expr: "$.rectangle.length" }: RuleList { rules: [Number], rule_logic: And, cascaded: false }, DocPath { path_tokens: [Root, Field("rectangle"), Field("width")], expr: "$.rectangle.width" }: RuleList { rules: [Number], rule_logic: And, cascaded: false }} }} }, generators: Generators { categories: {} } }, response: [MessageContents { contents: Present(b"\r\0\0@A", Some(ContentType { main_type: "application", sub_type: "protobuf", attributes: {"message": "AreaResponse"}, suffix: None }), Some(BINARY)), metadata: {}, matching_rules: MatchingRules { rules: {BODY: MatchingRuleCategory { name: BODY, rules: {DocPath { path_tokens: [Root, Field("value")], expr: "$.value" }: RuleList { rules: [Number], rule_logic: And, cascaded: false }} }} }, generators: Generators { categories: {} } }], pending: false, plugin_config: {"protobuf": {"service": String("Calculator/calculateOne"), "descriptorKey": String("a85dff8f82655a9681aad113575dcfbb")}}, interaction_markup: InteractionMarkup { markup: "```protobuf\nmessage ShapeMessage {\n    message .area_calculator.Rectangle rectangle = 2;\n}\n```\n\n```protobuf\nmessage AreaResponse {\n    float value = 1;\n}\n```\n", markup_type: "COMMON_MARK" }, transport: None })}, server_key: "5cae5f82-fec2-43c6-9739-60d0383d84ec" } ?[3mreq?[0m?[2m=?[0mRequest { method: POST, uri: http://127.0.0.1:53791/area_calculator.Calculator/calculateOne, version: HTTP/2.0, headers: {"content-type": "application/grpc", "te": "trailers", "user-agent": "grpc-java-netty/1.49.0", "grpc-accept-encoding": "gzip"}, body: Body(Streaming) }?[1m}?[0m?[2m:?[0m?[1mmock_server_handler?[0m?[1m{?[0m?[3mkey?[0m?[2m=?[0m"5cae5f82-fec2-43c6-9739-60d0383d84ec"?[1m}?[0m?[2m:?[0m?[1mhandle_message?[0m?[1m{?[0m?[3mself?[0m?[2m=?[0mMockService { file_descriptor_set: FileDescriptorSet { file: [FileDescriptorProto { name: Some("area_calculator.proto"), package: Some("area_calculator"), dependency: [], public_dependency: [], weak_dependency: [], message_type: [DescriptorProto { name: Some("ShapeMessage"), field: [FieldDescriptorProto { name: Some("square"), number: Some(1), label: Some(Optional), r#type: Some(Message), type_name: Some(".area_calculator.Square"), extendee: None, default_value: None, oneof_index: Some(0), json_name: Some("square"), options: None, proto3_optional: None }, FieldDescriptorProto { name: Some("rectangle"), number: Some(2), label: Some(Optional), r#type: Some(Message), type_name: Some(".area_calculator.Rectangle"), extendee: None, default_value: None, oneof_index: Some(0), json_name: Some("rectangle"), options: None, proto3_optional: None }, FieldDescriptorProto { name: Some("circle"), number: Some(3), label: Some(Optional), r#type: Some(Message), type_name: Some(".area_calculator.Circle"), extendee: None, default_value: None, oneof_index: Some(0), json_name: Some("circle"), options: None, proto3_optional: None }, FieldDescriptorProto { name: Some("triangle"), number: Some(4), label: Some(Optional), r#type: Some(Message), type_name: Some(".area_calculator.Triangle"), extendee: None, default_value: None, oneof_index: Some(0), json_name: Some("triangle"), options: None, proto3_optional: None }, FieldDescriptorProto { name: Some("parallelogram"), number: Some(5), label: Some(Optional), r#type: Some(Message), type_name: Some(".area_calculator.Parallelogram"), extendee: None, default_value: None, oneof_index: Some(0), json_name: Some("parallelogram"), options: None, proto3_optional: None }], extension: [], nested_type: [], enum_type: [], extension_range: [], oneof_decl: [OneofDescriptorProto { name: Some("shape"), options: None }], options: None, reserved_range: [], reserved_name: [] }, DescriptorProto { name: Some("Square"), field: [FieldDescriptorProto { name: Some("edge_length"), number: Some(1), label: Some(Optional), r#type: Some(Float), type_name: None, extendee: None, default_value: None, oneof_index: None, json_name: Some("edgeLength"), options: None, proto3_optional: None }], extension: [], nested_type: [], enum_type: [], extension_range: [], oneof_decl: [], options: None, reserved_range: [], reserved_name: [] }, DescriptorProto { name: Some("Rectangle"), field: [FieldDescriptorProto { name: Some("length"), number: Some(1), label: Some(Optional), r#type: Some(Float), type_name: None, extendee: None, default_value: None, oneof_index: None, json_name: Some("length"), options: None, proto3_optional: None }, FieldDescriptorProto { name: Some("width"), number: Some(2), label: Some(Optional), r#type: Some(Float), type_name: None, extendee: None, default_value: None, oneof_index: None, json_name: Some("width"), options: None, proto3_optional: None }], extension: [], nested_type: [], enum_type: [], extension_range: [], oneof_decl: [], options: None, reserved_range: [], reserved_name: [] }, DescriptorProto { name: Some("Circle"), field: [FieldDescriptorProto { name: Some("radius"), number: Some(1), label: Some(Optional), r#type: Some(Float), type_name: None, extendee: None, default_value: None, oneof_index: None, json_name: Some("radius"), options: None, proto3_optional: None }], extension: [], nested_type: [], enum_type: [], extension_range: [], oneof_decl: [], options: None, reserved_range: [], reserved_name: [] }, DescriptorProto { name: Some("Triangle"), field: [FieldDescriptorProto { name: Some("edge_a"), number: Some(1), label: Some(Optional), r#type: Some(Float), type_name: None, extendee: None, default_value: None, oneof_index: None, json_name: Some("edgeA"), options: None, proto3_optional: None }, FieldDescriptorProto { name: Some("edge_b"), number: Some(2), label: Some(Optional), r#type: Some(Float), type_name: None, extendee: None, default_value: None, oneof_index: None, json_name: Some("edgeB"), options: None, proto3_optional: None }, FieldDescriptorProto { name: Some("edge_c"), number: Some(3), label: Some(Optional), r#type: Some(Float), type_name: None, extendee: None, default_value: None, oneof_index: None, json_name: Some("edgeC"), options: None, proto3_optional: None }], extension: [], nested_type: [], enum_type: [], extension_range: [], oneof_decl: [], options: None, reserved_range: [], reserved_name: [] }, DescriptorProto { name: Some("Parallelogram"), field: [FieldDescriptorProto { name: Some("base_length"), number: Some(1), label: Some(Optional), r#type: Some(Float), type_name: None, extendee: None, default_value: None, oneof_index: None, json_name: Some("baseLength"), options: None, proto3_optional: None }, FieldDescriptorProto { name: Some("height"), number: Some(2), label: Some(Optional), r#type: Some(Float), type_name: None, extendee: None, default_value: None, oneof_index: None, json_name: Some("height"), options: None, proto3_optional: None }], extension: [], nested_type: [], enum_type: [], extension_range: [], oneof_decl: [], options: None, reserved_range: [], reserved_name: [] }, DescriptorProto { name: Some("AreaRequest"), field: [FieldDescriptorProto { name: Some("shapes"), number: Some(1), label: Some(Repeated), r#type: Some(Message), type_name: Some(".area_calculator.ShapeMessage"), extendee: None, default_value: None, oneof_index: None, json_name: Some("shapes"), options: None, proto3_optional: None }], extension: [], nested_type: [], enum_type: [], extension_range: [], oneof_decl: [], options: None, reserved_range: [], reserved_name: [] }, DescriptorProto { name: Some("AreaResponse"), field: [FieldDescriptorProto { name: Some("value"), number: Some(1), label: Some(Repeated), r#type: Some(Float), type_name: None, extendee: None, default_value: None, oneof_index: None, json_name: Some("value"), options: None, proto3_optional: None }], extension: [], nested_type: [], enum_type: [], extension_range: [], oneof_decl: [], options: None, reserved_range: [], reserved_name: [] }], enum_type: [], service: [ServiceDescriptorProto { name: Some("Calculator"), method: [MethodDescriptorProto { name: Some("calculateOne"), input_type: Some(".area_calculator.ShapeMessage"), output_type: Some(".area_calculator.AreaResponse"), options: Some(MethodOptions { deprecated: None, idempotency_level: None, uninterpreted_option: [] }), client_streaming: None, server_streaming: None }, MethodDescriptorProto { name: Some("calculateMulti"), input_type: Some(".area_calculator.AreaRequest"), output_type: Some(".area_calculator.AreaResponse"), options: Some(MethodOptions { deprecated: None, idempotency_level: None, uninterpreted_option: [] }), client_streaming: None, server_streaming: None }], options: None }], extension: [], options: Some(FileOptions { java_package: None, java_outer_classname: None, java_multiple_files: None, java_generate_equals_and_hash: None, java_string_check_utf8: None, optimize_for: None, go_package: Some("io.pact/area_calculator"), cc_generic_services: None, java_generic_services: None, py_generic_services: None, php_generic_services: Some(true), deprecated: None, cc_enable_arenas: None, objc_class_prefix: None, csharp_namespace: None, swift_prefix: None, php_class_prefix: None, php_namespace: None, php_metadata_namespace: None, ruby_package: None, uninterpreted_option: [] }), source_code_info: None, syntax: Some("proto3") }] }, service_name: "Calculator", message: SynchronousMessage { id: None, key: Some("c7fbe3ee"), description: "calculate rectangle area request", provider_states: [], comments: {"testname": String("io.pact.example.grpc.consumer.PactConsumerTest.calculateRectangleArea(MockServer, SynchronousMessages)")}, request: MessageContents { contents: Present(b"\x12\n\r\0\0@@\x15\0\0\x80@", Some(ContentType { main_type: "application", sub_type: "protobuf", attributes: {"message": "ShapeMessage"}, suffix: None }), Some(BINARY)), metadata: {}, matching_rules: MatchingRules { rules: {BODY: MatchingRuleCategory { name: BODY, rules: {DocPath { path_tokens: [Root, Field("rectangle"), Field("length")], expr: "$.rectangle.length" }: RuleList { rules: [Number], rule_logic: And, cascaded: false }, DocPath { path_tokens: [Root, Field("rectangle"), Field("width")], expr: "$.rectangle.width" }: RuleList { rules: [Number], rule_logic: And, cascaded: false }} }} }, generators: Generators { categories: {} } }, response: [MessageContents { contents: Present(b"\r\0\0@A", Some(ContentType { main_type: "application", sub_type: "protobuf", attributes: {"message": "AreaResponse"}, suffix: None }), Some(BINARY)), metadata: {}, matching_rules: MatchingRules { rules: {BODY: MatchingRuleCategory { name: BODY, rules: {DocPath { path_tokens: [Root, Field("value")], expr: "$.value" }: RuleList { rules: [Number], rule_logic: And, cascaded: false }} }} }, generators: Generators { categories: {} } }], pending: false, plugin_config: {"protobuf": {"service": String("Calculator/calculateOne"), "descriptorKey": String("a85dff8f82655a9681aad113575dcfbb")}}, interaction_markup: InteractionMarkup { markup: "```protobuf\nmessage ShapeMessage {\n    message .area_calculator.Rectangle rectangle = 2;\n}\n```\n\n```protobuf\nmessage AreaResponse {\n    float value = 1;\n}\n```\n", markup_type: "COMMON_MARK" }, transport: None }, method_descriptor: MethodDescriptorProto { name: Some("calculateOne"), input_type: Some(".area_calculator.ShapeMessage"), output_type: Some(".area_calculator.AreaResponse"), options: Some(MethodOptions { deprecated: None, idempotency_level: None, uninterpreted_option: [] }), client_streaming: None, server_streaming: None }, input_message: DescriptorProto { name: Some("ShapeMessage"), field: [FieldDescriptorProto { name: Some("square"), number: Some(1), label: Some(Optional), r#type: Some(Message), type_name: Some(".area_calculator.Square"), extendee: None, default_value: None, oneof_index: Some(0), json_name: Some("square"), options: None, proto3_optional: None }, FieldDescriptorProto { name: Some("rectangle"), number: Some(2), label: Some(Optional), r#type: Some(Message), type_name: Some(".area_calculator.Rectangle"), extendee: None, default_value: None, oneof_index: Some(0), json_name: Some("rectangle"), options: None, proto3_optional: None }, FieldDescriptorProto { name: Some("circle"), number: Some(3), label: Some(Optional), r#type: Some(Message), type_name: Some(".area_calculator.Circle"), extendee: None, default_value: None, oneof_index: Some(0), json_name: Some("circle"), options: None, proto3_optional: None }, FieldDescriptorProto { name: Some("triangle"), number: Some(4), label: Some(Optional), r#type: Some(Message), type_name: Some(".area_calculator.Triangle"), extendee: None, default_value: None, oneof_index: Some(0), json_name: Some("triangle"), options: None, proto3_optional: None }, FieldDescriptorProto { name: Some("parallelogram"), number: Some(5), label: Some(Optional), r#type: Some(Message), type_name: Some(".area_calculator.Parallelogram"), extendee: None, default_value: None, oneof_index: Some(0), json_name: Some("parallelogram"), options: None, proto3_optional: None }], extension: [], nested_type: [], enum_type: [], extension_range: [], oneof_decl: [OneofDescriptorProto { name: Some("shape"), options: None }], options: None, reserved_range: [], reserved_name: [] }, output_message: DescriptorProto { name: Some("AreaResponse"), field: [FieldDescriptorProto { name: Some("value"), number: Some(1), label: Some(Repeated), r#type: Some(Float), type_name: None, extendee: None, default_value: None, oneof_index: None, json_name: Some("value"), options: None, proto3_optional: None }], extension: [], nested_type: [], enum_type: [], extension_range: [], oneof_decl: [], options: None, reserved_range: [], reserved_name: [] }, server_key: "5cae5f82-fec2-43c6-9739-60d0383d84ec" } ?[3mrequest?[0m?[2m=?[0mDynamicMessage { descriptor: DescriptorProto { name: Some("ShapeMessage"), field: [FieldDescriptorProto { name: Some("square"), number: Some(1), label: Some(Optional), r#type: Some(Message), type_name: Some(".area_calculator.Square"), extendee: None, default_value: None, oneof_index: Some(0), json_name: Some("square"), options: None, proto3_optional: None }, FieldDescriptorProto { name: Some("rectangle"), number: Some(2), label: Some(Optional), r#type: Some(Message), type_name: Some(".area_calculator.Rectangle"), extendee: None, default_value: None, oneof_index: Some(0), json_name: Some("rectangle"), options: None, proto3_optional: None }, FieldDescriptorProto { name: Some("circle"), number: Some(3), label: Some(Optional), r#type: Some(Message), type_name: Some(".area_calculator.Circle"), extendee: None, default_value: None, oneof_index: Some(0), json_name: Some("circle"), options: None, proto3_optional: None }, FieldDescriptorProto { name: Some("triangle"), number: Some(4), label: Some(Optional), r#type: Some(Message), type_name: Some(".area_calculator.Triangle"), extendee: None, default_value: None, oneof_index: Some(0), json_name: Some("triangle"), options: None, proto3_optional: None }, FieldDescriptorProto { name: Some("parallelogram"), number: Some(5), label: Some(Optional), r#type: Some(Message), type_name: Some(".area_calculator.Parallelogram"), extendee: None, default_value: None, oneof_index: Some(0), json_name: Some("parallelogram"), options: None, proto3_optional: None }], extension: [], nested_type: [], enum_type: [], extension_range: [], oneof_decl: [OneofDescriptorProto { name: Some("shape"), options: None }], options: None, reserved_range: [], reserved_name: [] }, fields: [ProtobufField { field_num: 2, wire_type: LengthDelimited, data: Message([13, 0, 0, 64, 64, 21, 0, 0, 128, 64], DescriptorProto { name: Some("Rectangle"), field: [FieldDescriptorProto { name: Some("length"), number: Some(1), label: Some(Optional), r#type: Some(Float), type_name: None, extendee: None, default_value: None, oneof_index: None, json_name: Some("length"), options: None, proto3_optional: None }, FieldDescriptorProto { name: Some("width"), number: Some(2), label: Some(Optional), r#type: Some(Float), type_name: None, extendee: None, default_value: None, oneof_index: None, json_name: Some("width"), options: None, proto3_optional: None }], extension: [], nested_type: [], enum_type: [], extension_range: [], oneof_decl: [], options: None, reserved_range: [], reserved_name: [] }) }] } ?[3mmessage_descriptor?[0m?[2m=?[0mDescriptorProto { name: Some("ShapeMessage"), field: [FieldDescriptorProto { name: Some("square"), number: Some(1), label: Some(Optional), r#type: Some(Message), type_name: Some(".area_calculator.Square"), extendee: None, default_value: None, oneof_index: Some(0), json_name: Some("square"), options: None, proto3_optional: None }, FieldDescriptorProto { name: Some("rectangle"), number: Some(2), label: Some(Optional), r#type: Some(Message), type_name: Some(".area_calculator.Rectangle"), extendee: None, default_value: None, oneof_index: Some(0), json_name: Some("rectangle"), options: None, proto3_optional: None }, FieldDescriptorProto { name: Some("circle"), number: Some(3), label: Some(Optional), r#type: Some(Message), type_name: Some(".area_calculator.Circle"), extendee: None, default_value: None, oneof_index: Some(0), json_name: Some("circle"), options: None, proto3_optional: None }, FieldDescriptorProto { name: Some("triangle"), number: Some(4), label: Some(Optional), r#type: Some(Message), type_name: Some(".area_calculator.Triangle"), extendee: None, default_value: None, oneof_index: Some(0), json_name: Some("triangle"), options: None, proto3_optional: None }, FieldDescriptorProto { name: Some("parallelogram"), number: Some(5), label: Some(Optional), r#type: Some(Message), type_name: Some(".area_calculator.Parallelogram"), extendee: None, default_value: None, oneof_index: Some(0), json_name: Some("parallelogram"), options: None, proto3_optional: None }], extension: [], nested_type: [], enum_type: [], extension_range: [], oneof_decl: [OneofDescriptorProto { name: Some("shape"), options: None }], options: None, reserved_range: [], reserved_name: [] } ?[3mresponse_descriptor?[0m?[2m=?[0mDescriptorProto { name: Some("AreaResponse"), field: [FieldDescriptorProto { name: Some("value"), number: Some(1), label: Some(Repeated), r#type: Some(Float), type_name: None, extendee: None, default_value: None, oneof_index: None, json_name: Some("value"), options: None, proto3_optional: None }], extension: [], nested_type: [], enum_type: [], extension_range: [], oneof_decl: [], options: None, reserved_range: [], reserved_name: [] }?[1m}?[0m?[2m:?[0m ?[2mpact_models::path_exp?[0m?[2m:?[0m Calculated weight (0, 3) for path '$.rectangle.width' and '["$", "rectangle", "length"]'
15:05:16.538 [Thread-5] DEBUG i.pact.plugins.jvm.core.ChildProcess - Plugin protobuf [46038] || ?[2m2023-03-27T09:35:16.537422Z?[0m ?[35mTRACE?[0m tokio-runtime-worker ?[1mrequest?[0m?[1m{?[0m?[3mmethod?[0m?[2m=?[0mPOST ?[3muri?[0m?[2m=?[0mhttp://127.0.0.1:53791/area_calculator.Calculator/calculateOne ?[3mversion?[0m?[2m=?[0mHTTP/2.0?[1m}?[0m?[2m:?[0m?[1mcall?[0m?[1m{?[0m?[3mself?[0m?[2m=?[0mGrpcMockServer { pact: V4Pact { consumer: Consumer { name: "grpc-consumer-jvm" }, provider: Provider { name: "area-calculator-provider" }, interactions: [SynchronousMessage { id: None, key: Some("c7fbe3ee"), description: "calculate rectangle area request", provider_states: [], comments: {"testname": String("io.pact.example.grpc.consumer.PactConsumerTest.calculateRectangleArea(MockServer, SynchronousMessages)")}, request: MessageContents { contents: Present(b"\x12\n\r\0\0@@\x15\0\0\x80@", Some(ContentType { main_type: "application", sub_type: "protobuf", attributes: {"message": "ShapeMessage"}, suffix: None }), Some(BINARY)), metadata: {}, matching_rules: MatchingRules { rules: {BODY: MatchingRuleCategory { name: BODY, rules: {DocPath { path_tokens: [Root, Field("rectangle"), Field("length")], expr: "$.rectangle.length" }: RuleList { rules: [Number], rule_logic: And, cascaded: false }, DocPath { path_tokens: [Root, Field("rectangle"), Field("width")], expr: "$.rectangle.width" }: RuleList { rules: [Number], rule_logic: And, cascaded: false }} }} }, generators: Generators { categories: {} } }, response: [MessageContents { contents: Present(b"\r\0\0@A", Some(ContentType { main_type: "application", sub_type: "protobuf", attributes: {"message": "AreaResponse"}, suffix: None }), Some(BINARY)), metadata: {}, matching_rules: MatchingRules { rules: {BODY: MatchingRuleCategory { name: BODY, rules: {DocPath { path_tokens: [Root, Field("value")], expr: "$.value" }: RuleList { rules: [Number], rule_logic: And, cascaded: false }} }} }, generators: Generators { categories: {} } }], pending: false, plugin_config: {"protobuf": {"service": String("Calculator/calculateOne"), "descriptorKey": String("a85dff8f82655a9681aad113575dcfbb")}}, interaction_markup: InteractionMarkup { markup: "```protobuf\nmessage ShapeMessage {\n    message .area_calculator.Rectangle rectangle = 2;\n}\n```\n\n```protobuf\nmessage AreaResponse {\n    float value = 1;\n}\n```\n", markup_type: "COMMON_MARK" }, transport: None }], metadata: {"pact-jvm": Object({"version": String("4.4.2")}), "pactSpecification": Object({"version": String("4.0")})}, plugin_data: [PluginData { name: "protobuf", version: "0.1.5", configuration: {"a85dff8f82655a9681aad113575dcfbb": Object({"protoDescriptors": String("CsoHChVhcmVhX2NhbGN1bGF0b3IucHJvdG8SD2FyZWFfY2FsY3VsYXRvciK6AgoMU2hhcGVNZXNzYWdlEjEKBnNxdWFyZRgBIAEoCzIXLmFyZWFfY2FsY3VsYXRvci5TcXVhcmVIAFIGc3F1YXJlEjoKCXJlY3RhbmdsZRgCIAEoCzIaLmFyZWFfY2FsY3VsYXRvci5SZWN0YW5nbGVIAFIJcmVjdGFuZ2xlEjEKBmNpcmNsZRgDIAEoCzIXLmFyZWFfY2FsY3VsYXRvci5DaXJjbGVIAFIGY2lyY2xlEjcKCHRyaWFuZ2xlGAQgASgLMhkuYXJlYV9jYWxjdWxhdG9yLlRyaWFuZ2xlSABSCHRyaWFuZ2xlEkYKDXBhcmFsbGVsb2dyYW0YBSABKAsyHi5hcmVhX2NhbGN1bGF0b3IuUGFyYWxsZWxvZ3JhbUgAUg1wYXJhbGxlbG9ncmFtQgcKBXNoYXBlIikKBlNxdWFyZRIfCgtlZGdlX2xlbmd0aBgBIAEoAlIKZWRnZUxlbmd0aCI5CglSZWN0YW5nbGUSFgoGbGVuZ3RoGAEgASgCUgZsZW5ndGgSFAoFd2lkdGgYAiABKAJSBXdpZHRoIiAKBkNpcmNsZRIWCgZyYWRpdXMYASABKAJSBnJhZGl1cyJPCghUcmlhbmdsZRIVCgZlZGdlX2EYASABKAJSBWVkZ2VBEhUKBmVkZ2VfYhgCIAEoAlIFZWRnZUISFQoGZWRnZV9jGAMgASgCUgVlZGdlQyJICg1QYXJhbGxlbG9ncmFtEh8KC2Jhc2VfbGVuZ3RoGAEgASgCUgpiYXNlTGVuZ3RoEhYKBmhlaWdodBgCIAEoAlIGaGVpZ2h0IkQKC0FyZWFSZXF1ZXN0EjUKBnNoYXBlcxgBIAMoCzIdLmFyZWFfY2FsY3VsYXRvci5TaGFwZU1lc3NhZ2VSBnNoYXBlcyIkCgxBcmVhUmVzcG9uc2USFAoFdmFsdWUYASADKAJSBXZhbHVlMq0BCgpDYWxjdWxhdG9yEk4KDGNhbGN1bGF0ZU9uZRIdLmFyZWFfY2FsY3VsYXRvci5TaGFwZU1lc3NhZ2UaHS5hcmVhX2NhbGN1bGF0b3IuQXJlYVJlc3BvbnNlIgASTwoOY2FsY3VsYXRlTXVsdGkSHC5hcmVhX2NhbGN1bGF0b3IuQXJlYVJlcXVlc3QaHS5hcmVhX2NhbGN1bGF0b3IuQXJlYVJlc3BvbnNlIgBCHFoXaW8ucGFjdC9hcmVhX2NhbGN1bGF0b3LQAgFiBnByb3RvMw=="), "protoFile": String("syntax = \"proto3\";\n\npackage area_calculator;\n\noption php_generic_services = true;\noption go_package = \"io.pact/area_calculator\";\n\nservice Calculator {\n  rpc calculateOne (ShapeMessage) returns (AreaResponse) {}\n  rpc calculateMulti (AreaRequest) returns (AreaResponse) {}\n}\n\nmessage ShapeMessage {\n  oneof shape {\n    Square square = 1;\n    Rectangle rectangle = 2;\n    Circle circle = 3;\n    Triangle triangle = 4;\n    Parallelogram parallelogram = 5;\n  }\n}\n\nmessage Square {\n  float edge_length = 1;\n}\n\nmessage Rectangle {\n  float length = 1;\n  float width = 2;\n}\n\nmessage Circle {\n  float radius = 1;\n}\n\nmessage Triangle {\n  float edge_a = 1;\n  float edge_b = 2;\n  float edge_c = 3;\n}\n\nmessage Parallelogram {\n  float base_length = 1;\n  float height = 2;\n}\n\nmessage AreaRequest {\n  repeated ShapeMessage shapes = 1;\n}\n\nmessage AreaResponse {\n  repeated float value = 1;\n}\n")})} }] }, plugin_config: PluginData { name: "protobuf", version: "0.1.5", configuration: {"a85dff8f82655a9681aad113575dcfbb": Object({"protoDescriptors": String("CsoHChVhcmVhX2NhbGN1bGF0b3IucHJvdG8SD2FyZWFfY2FsY3VsYXRvciK6AgoMU2hhcGVNZXNzYWdlEjEKBnNxdWFyZRgBIAEoCzIXLmFyZWFfY2FsY3VsYXRvci5TcXVhcmVIAFIGc3F1YXJlEjoKCXJlY3RhbmdsZRgCIAEoCzIaLmFyZWFfY2FsY3VsYXRvci5SZWN0YW5nbGVIAFIJcmVjdGFuZ2xlEjEKBmNpcmNsZRgDIAEoCzIXLmFyZWFfY2FsY3VsYXRvci5DaXJjbGVIAFIGY2lyY2xlEjcKCHRyaWFuZ2xlGAQgASgLMhkuYXJlYV9jYWxjdWxhdG9yLlRyaWFuZ2xlSABSCHRyaWFuZ2xlEkYKDXBhcmFsbGVsb2dyYW0YBSABKAsyHi5hcmVhX2NhbGN1bGF0b3IuUGFyYWxsZWxvZ3JhbUgAUg1wYXJhbGxlbG9ncmFtQgcKBXNoYXBlIikKBlNxdWFyZRIfCgtlZGdlX2xlbmd0aBgBIAEoAlIKZWRnZUxlbmd0aCI5CglSZWN0YW5nbGUSFgoGbGVuZ3RoGAEgASgCUgZsZW5ndGgSFAoFd2lkdGgYAiABKAJSBXdpZHRoIiAKBkNpcmNsZRIWCgZyYWRpdXMYASABKAJSBnJhZGl1cyJPCghUcmlhbmdsZRIVCgZlZGdlX2EYASABKAJSBWVkZ2VBEhUKBmVkZ2VfYhgCIAEoAlIFZWRnZUISFQoGZWRnZV9jGAMgASgCUgVlZGdlQyJICg1QYXJhbGxlbG9ncmFtEh8KC2Jhc2VfbGVuZ3RoGAEgASgCUgpiYXNlTGVuZ3RoEhYKBmhlaWdodBgCIAEoAlIGaGVpZ2h0IkQKC0FyZWFSZXF1ZXN0EjUKBnNoYXBlcxgBIAMoCzIdLmFyZWFfY2FsY3VsYXRvci5TaGFwZU1lc3NhZ2VSBnNoYXBlcyIkCgxBcmVhUmVzcG9uc2USFAoFdmFsdWUYASADKAJSBXZhbHVlMq0BCgpDYWxjdWxhdG9yEk4KDGNhbGN1bGF0ZU9uZRIdLmFyZWFfY2FsY3VsYXRvci5TaGFwZU1lc3NhZ2UaHS5hcmVhX2NhbGN1bGF0b3IuQXJlYVJlc3BvbnNlIgASTwoOY2FsY3VsYXRlTXVsdGkSHC5hcmVhX2NhbGN1bGF0b3IuQXJlYVJlcXVlc3QaHS5hcmVhX2NhbGN1bGF0b3IuQXJlYVJlc3BvbnNlIgBCHFoXaW8ucGFjdC9hcmVhX2NhbGN1bGF0b3LQAgFiBnByb3RvMw=="), "protoFile": String("syntax = \"proto3\";\n\npackage area_calculator;\n\noption php_generic_services = true;\noption go_package = \"io.pact/area_calculator\";\n\nservice Calculator {\n  rpc calculateOne (ShapeMessage) returns (AreaResponse) {}\n  rpc calculateMulti (AreaRequest) returns (AreaResponse) {}\n}\n\nmessage ShapeMessage {\n  oneof shape {\n    Square square = 1;\n    Rectangle rectangle = 2;\n    Circle circle = 3;\n    Triangle triangle = 4;\n    Parallelogram parallelogram = 5;\n  }\n}\n\nmessage Square {\n  float edge_length = 1;\n}\n\nmessage Rectangle {\n  float length = 1;\n  float width = 2;\n}\n\nmessage Circle {\n  float radius = 1;\n}\n\nmessage Triangle {\n  float edge_a = 1;\n  float edge_b = 2;\n  float edge_c = 3;\n}\n\nmessage Parallelogram {\n  float base_length = 1;\n  float height = 2;\n}\n\nmessage AreaRequest {\n  repeated ShapeMessage shapes = 1;\n}\n\nmessage AreaResponse {\n  repeated float value = 1;\n}\n")})} }, descriptors: {"a85dff8f82655a9681aad113575dcfbb": FileDescriptorSet { file: [FileDescriptorProto { name: Some("area_calculator.proto"), package: Some("area_calculator"), dependency: [], public_dependency: [], weak_dependency: [], message_type: [DescriptorProto { name: Some("ShapeMessage"), field: [FieldDescriptorProto { name: Some("square"), number: Some(1), label: Some(Optional), r#type: Some(Message), type_name: Some(".area_calculator.Square"), extendee: None, default_value: None, oneof_index: Some(0), json_name: Some("square"), options: None, proto3_optional: None }, FieldDescriptorProto { name: Some("rectangle"), number: Some(2), label: Some(Optional), r#type: Some(Message), type_name: Some(".area_calculator.Rectangle"), extendee: None, default_value: None, oneof_index: Some(0), json_name: Some("rectangle"), options: None, proto3_optional: None }, FieldDescriptorProto { name: Some("circle"), number: Some(3), label: Some(Optional), r#type: Some(Message), type_name: Some(".area_calculator.Circle"), extendee: None, default_value: None, oneof_index: Some(0), json_name: Some("circle"), options: None, proto3_optional: None }, FieldDescriptorProto { name: Some("triangle"), number: Some(4), label: Some(Optional), r#type: Some(Message), type_name: Some(".area_calculator.Triangle"), extendee: None, default_value: None, oneof_index: Some(0), json_name: Some("triangle"), options: None, proto3_optional: None }, FieldDescriptorProto { name: Some("parallelogram"), number: Some(5), label: Some(Optional), r#type: Some(Message), type_name: Some(".area_calculator.Parallelogram"), extendee: None, default_value: None, oneof_index: Some(0), json_name: Some("parallelogram"), options: None, proto3_optional: None }], extension: [], nested_type: [], enum_type: [], extension_range: [], oneof_decl: [OneofDescriptorProto { name: Some("shape"), options: None }], options: None, reserved_range: [], reserved_name: [] }, DescriptorProto { name: Some("Square"), field: [FieldDescriptorProto { name: Some("edge_length"), number: Some(1), label: Some(Optional), r#type: Some(Float), type_name: None, extendee: None, default_value: None, oneof_index: None, json_name: Some("edgeLength"), options: None, proto3_optional: None }], extension: [], nested_type: [], enum_type: [], extension_range: [], oneof_decl: [], options: None, reserved_range: [], reserved_name: [] }, DescriptorProto { name: Some("Rectangle"), field: [FieldDescriptorProto { name: Some("length"), number: Some(1), label: Some(Optional), r#type: Some(Float), type_name: None, extendee: None, default_value: None, oneof_index: None, json_name: Some("length"), options: None, proto3_optional: None }, FieldDescriptorProto { name: Some("width"), number: Some(2), label: Some(Optional), r#type: Some(Float), type_name: None, extendee: None, default_value: None, oneof_index: None, json_name: Some("width"), options: None, proto3_optional: None }], extension: [], nested_type: [], enum_type: [], extension_range: [], oneof_decl: [], options: None, reserved_range: [], reserved_name: [] }, DescriptorProto { name: Some("Circle"), field: [FieldDescriptorProto { name: Some("radius"), number: Some(1), label: Some(Optional), r#type: Some(Float), type_name: None, extendee: None, default_value: None, oneof_index: None, json_name: Some("radius"), options: None, proto3_optional: None }], extension: [], nested_type: [], enum_type: [], extension_range: [], oneof_decl: [], options: None, reserved_range: [], reserved_name: [] }, DescriptorProto { name: Some("Triangle"), field: [FieldDescriptorProto { name: Some("edge_a"), number: Some(1), label: Some(Optional), r#type: Some(Float), type_name: None, extendee: None, default_value: None, oneof_index: None, json_name: Some("edgeA"), options: None, proto3_optional: None }, FieldDescriptorProto { name: Some("edge_b"), number: Some(2), label: Some(Optional), r#type: Some(Float), type_name: None, extendee: None, default_value: None, oneof_index: None, json_name: Some("edgeB"), options: None, proto3_optional: None }, FieldDescriptorProto { name: Some("edge_c"), number: Some(3), label: Some(Optional), r#type: Some(Float), type_name: None, extendee: None, default_value: None, oneof_index: None, json_name: Some("edgeC"), options: None, proto3_optional: None }], extension: [], nested_type: [], enum_type: [], extension_range: [], oneof_decl: [], options: None, reserved_range: [], reserved_name: [] }, DescriptorProto { name: Some("Parallelogram"), field: [FieldDescriptorProto { name: Some("base_length"), number: Some(1), label: Some(Optional), r#type: Some(Float), type_name: None, extendee: None, default_value: None, oneof_index: None, json_name: Some("baseLength"), options: None, proto3_optional: None }, FieldDescriptorProto { name: Some("height"), number: Some(2), label: Some(Optional), r#type: Some(Float), type_name: None, extendee: None, default_value: None, oneof_index: None, json_name: Some("height"), options: None, proto3_optional: None }], extension: [], nested_type: [], enum_type: [], extension_range: [], oneof_decl: [], options: None, reserved_range: [], reserved_name: [] }, DescriptorProto { name: Some("AreaRequest"), field: [FieldDescriptorProto { name: Some("shapes"), number: Some(1), label: Some(Repeated), r#type: Some(Message), type_name: Some(".area_calculator.ShapeMessage"), extendee: None, default_value: None, oneof_index: None, json_name: Some("shapes"), options: None, proto3_optional: None }], extension: [], nested_type: [], enum_type: [], extension_range: [], oneof_decl: [], options: None, reserved_range: [], reserved_name: [] }, DescriptorProto { name: Some("AreaResponse"), field: [FieldDescriptorProto { name: Some("value"), number: Some(1), label: Some(Repeated), r#type: Some(Float), type_name: None, extendee: None, default_value: None, oneof_index: None, json_name: Some("value"), options: None, proto3_optional: None }], extension: [], nested_type: [], enum_type: [], extension_range: [], oneof_decl: [], options: None, reserved_range: [], reserved_name: [] }], enum_type: [], service: [ServiceDescriptorProto { name: Some("Calculator"), method: [MethodDescriptorProto { name: Some("calculateOne"), input_type: Some(".area_calculator.ShapeMessage"), output_type: Some(".area_calculator.AreaResponse"), options: Some(MethodOptions { deprecated: None, idempotency_level: None, uninterpreted_option: [] }), client_streaming: None, server_streaming: None }, MethodDescriptorProto { name: Some("calculateMulti"), input_type: Some(".area_calculator.AreaRequest"), output_type: Some(".area_calculator.AreaResponse"), options: Some(MethodOptions { deprecated: None, idempotency_level: None, uninterpreted_option: [] }), client_streaming: None, server_streaming: None }], options: None }], extension: [], options: Some(FileOptions { java_package: None, java_outer_classname: None, java_multiple_files: None, java_generate_equals_and_hash: None, java_string_check_utf8: None, optimize_for: None, go_package: Some("io.pact/area_calculator"), cc_generic_services: None, java_generic_services: None, py_generic_services: None, php_generic_services: Some(true), deprecated: None, cc_enable_arenas: None, objc_class_prefix: None, csharp_namespace: None, swift_prefix: None, php_class_prefix: None, php_namespace: None, php_metadata_namespace: None, ruby_package: None, uninterpreted_option: [] }), source_code_info: None, syntax: Some("proto3") }] }}, routes: {"Calculator/calculateOne": (FileDescriptorSet { file: [FileDescriptorProto { name: Some("area_calculator.proto"), package: Some("area_calculator"), dependency: [], public_dependency: [], weak_dependency: [], message_type: [DescriptorProto { name: Some("ShapeMessage"), field: [FieldDescriptorProto { name: Some("square"), number: Some(1), label: Some(Optional), r#type: Some(Message), type_name: Some(".area_calculator.Square"), extendee: None, default_value: None, oneof_index: Some(0), json_name: Some("square"), options: None, proto3_optional: None }, FieldDescriptorProto { name: Some("rectangle"), number: Some(2), label: Some(Optional), r#type: Some(Message), type_name: Some(".area_calculator.Rectangle"), extendee: None, default_value: None, oneof_index: Some(0), json_name: Some("rectangle"), options: None, proto3_optional: None }, FieldDescriptorProto { name: Some("circle"), number: Some(3), label: Some(Optional), r#type: Some(Message), type_name: Some(".area_calculator.Circle"), extendee: None, default_value: None, oneof_index: Some(0), json_name: Some("circle"), options: None, proto3_optional: None }, FieldDescriptorProto { name: Some("triangle"), number: Some(4), label: Some(Optional), r#type: Some(Message), type_name: Some(".area_calculator.Triangle"), extendee: None, default_value: None, oneof_index: Some(0), json_name: Some("triangle"), options: None, proto3_optional: None }, FieldDescriptorProto { name: Some("parallelogram"), number: Some(5), label: Some(Optional), r#type: Some(Message), type_name: Some(".area_calculator.Parallelogram"), extendee: None, default_value: None, oneof_index: Some(0), json_name: Some("parallelogram"), options: None, proto3_optional: None }], extension: [], nested_type: [], enum_type: [], extension_range: [], oneof_decl: [OneofDescriptorProto { name: Some("shape"), options: None }], options: None, reserved_range: [], reserved_name: [] }, DescriptorProto { name: Some("Square"), field: [FieldDescriptorProto { name: Some("edge_length"), number: Some(1), label: Some(Optional), r#type: Some(Float), type_name: None, extendee: None, default_value: None, oneof_index: None, json_name: Some("edgeLength"), options: None, proto3_optional: None }], extension: [], nested_type: [], enum_type: [], extension_range: [], oneof_decl: [], options: None, reserved_range: [], reserved_name: [] }, DescriptorProto { name: Some("Rectangle"), field: [FieldDescriptorProto { name: Some("length"), number: Some(1), label: Some(Optional), r#type: Some(Float), type_name: None, extendee: None, default_value: None, oneof_index: None, json_name: Some("length"), options: None, proto3_optional: None }, FieldDescriptorProto { name: Some("width"), number: Some(2), label: Some(Optional), r#type: Some(Float), type_name: None, extendee: None, default_value: None, oneof_index: None, json_name: Some("width"), options: None, proto3_optional: None }], extension: [], nested_type: [], enum_type: [], extension_range: [], oneof_decl: [], options: None, reserved_range: [], reserved_name: [] }, DescriptorProto { name: Some("Circle"), field: [FieldDescriptorProto { name: Some("radius"), number: Some(1), label: Some(Optional), r#type: Some(Float), type_name: None, extendee: None, default_value: None, oneof_index: None, json_name: Some("radius"), options: None, proto3_optional: None }], extension: [], nested_type: [], enum_type: [], extension_range: [], oneof_decl: [], options: None, reserved_range: [], reserved_name: [] }, DescriptorProto { name: Some("Triangle"), field: [FieldDescriptorProto { name: Some("edge_a"), number: Some(1), label: Some(Optional), r#type: Some(Float), type_name: None, extendee: None, default_value: None, oneof_index: None, json_name: Some("edgeA"), options: None, proto3_optional: None }, FieldDescriptorProto { name: Some("edge_b"), number: Some(2), label: Some(Optional), r#type: Some(Float), type_name: None, extendee: None, default_value: None, oneof_index: None, json_name: Some("edgeB"), options: None, proto3_optional: None }, FieldDescriptorProto { name: Some("edge_c"), number: Some(3), label: Some(Optional), r#type: Some(Float), type_name: None, extendee: None, default_value: None, oneof_index: None, json_name: Some("edgeC"), options: None, proto3_optional: None }], extension: [], nested_type: [], enum_type: [], extension_range: [], oneof_decl: [], options: None, reserved_range: [], reserved_name: [] }, DescriptorProto { name: Some("Parallelogram"), field: [FieldDescriptorProto { name: Some("base_length"), number: Some(1), label: Some(Optional), r#type: Some(Float), type_name: None, extendee: None, default_value: None, oneof_index: None, json_name: Some("baseLength"), options: None, proto3_optional: None }, FieldDescriptorProto { name: Some("height"), number: Some(2), label: Some(Optional), r#type: Some(Float), type_name: None, extendee: None, default_value: None, oneof_index: None, json_name: Some("height"), options: None, proto3_optional: None }], extension: [], nested_type: [], enum_type: [], extension_range: [], oneof_decl: [], options: None, reserved_range: [], reserved_name: [] }, DescriptorProto { name: Some("AreaRequest"), field: [FieldDescriptorProto { name: Some("shapes"), number: Some(1), label: Some(Repeated), r#type: Some(Message), type_name: Some(".area_calculator.ShapeMessage"), extendee: None, default_value: None, oneof_index: None, json_name: Some("shapes"), options: None, proto3_optional: None }], extension: [], nested_type: [], enum_type: [], extension_range: [], oneof_decl: [], options: None, reserved_range: [], reserved_name: [] }, DescriptorProto { name: Some("AreaResponse"), field: [FieldDescriptorProto { name: Some("value"), number: Some(1), label: Some(Repeated), r#type: Some(Float), type_name: None, extendee: None, default_value: None, oneof_index: None, json_name: Some("value"), options: None, proto3_optional: None }], extension: [], nested_type: [], enum_type: [], extension_range: [], oneof_decl: [], options: None, reserved_range: [], reserved_name: [] }], enum_type: [], service: [ServiceDescriptorProto { name: Some("Calculator"), method: [MethodDescriptorProto { name: Some("calculateOne"), input_type: Some(".area_calculator.ShapeMessage"), output_type: Some(".area_calculator.AreaResponse"), options: Some(MethodOptions { deprecated: None, idempotency_level: None, uninterpreted_option: [] }), client_streaming: None, server_streaming: None }, MethodDescriptorProto { name: Some("calculateMulti"), input_type: Some(".area_calculator.AreaRequest"), output_type: Some(".area_calculator.AreaResponse"), options: Some(MethodOptions { deprecated: None, idempotency_level: None, uninterpreted_option: [] }), client_streaming: None, server_streaming: None }], options: None }], extension: [], options: Some(FileOptions { java_package: None, java_outer_classname: None, java_multiple_files: None, java_generate_equals_and_hash: None, java_string_check_utf8: None, optimize_for: None, go_package: Some("io.pact/area_calculator"), cc_generic_services: None, java_generic_services: None, py_generic_services: None, php_generic_services: Some(true), deprecated: None, cc_enable_arenas: None, objc_class_prefix: None, csharp_namespace: None, swift_prefix: None, php_class_prefix: None, php_namespace: None, php_metadata_namespace: None, ruby_package: None, uninterpreted_option: [] }), source_code_info: None, syntax: Some("proto3") }] }, MethodDescriptorProto { name: Some("calculateOne"), input_type: Some(".area_calculator.ShapeMessage"), output_type: Some(".area_calculator.AreaResponse"), options: Some(MethodOptions { deprecated: None, idempotency_level: None, uninterpreted_option: [] }), client_streaming: None, server_streaming: None }, SynchronousMessage { id: None, key: Some("c7fbe3ee"), description: "calculate rectangle area request", provider_states: [], comments: {"testname": String("io.pact.example.grpc.consumer.PactConsumerTest.calculateRectangleArea(MockServer, SynchronousMessages)")}, request: MessageContents { contents: Present(b"\x12\n\r\0\0@@\x15\0\0\x80@", Some(ContentType { main_type: "application", sub_type: "protobuf", attributes: {"message": "ShapeMessage"}, suffix: None }), Some(BINARY)), metadata: {}, matching_rules: MatchingRules { rules: {BODY: MatchingRuleCategory { name: BODY, rules: {DocPath { path_tokens: [Root, Field("rectangle"), Field("length")], expr: "$.rectangle.length" }: RuleList { rules: [Number], rule_logic: And, cascaded: false }, DocPath { path_tokens: [Root, Field("rectangle"), Field("width")], expr: "$.rectangle.width" }: RuleList { rules: [Number], rule_logic: And, cascaded: false }} }} }, generators: Generators { categories: {} } }, response: [MessageContents { contents: Present(b"\r\0\0@A", Some(ContentType { main_type: "application", sub_type: "protobuf", attributes: {"message": "AreaResponse"}, suffix: None }), Some(BINARY)), metadata: {}, matching_rules: MatchingRules { rules: {BODY: MatchingRuleCategory { name: BODY, rules: {DocPath { path_tokens: [Root, Field("value")], expr: "$.value" }: RuleList { rules: [Number], rule_logic: And, cascaded: false }} }} }, generators: Generators { categories: {} } }], pending: false, plugin_config: {"protobuf": {"service": String("Calculator/calculateOne"), "descriptorKey": String("a85dff8f82655a9681aad113575dcfbb")}}, interaction_markup: InteractionMarkup { markup: "```protobuf\nmessage ShapeMessage {\n    message .area_calculator.Rectangle rectangle = 2;\n}\n```\n\n```protobuf\nmessage AreaResponse {\n    float value = 1;\n}\n```\n", markup_type: "COMMON_MARK" }, transport: None })}, server_key: "5cae5f82-fec2-43c6-9739-60d0383d84ec" } ?[3mreq?[0m?[2m=?[0mRequest { method: POST, uri: http://127.0.0.1:53791/area_calculator.Calculator/calculateOne, version: HTTP/2.0, headers: {"content-type": "application/grpc", "te": "trailers", "user-agent": "grpc-java-netty/1.49.0", "grpc-accept-encoding": "gzip"}, body: Body(Streaming) }?[1m}?[0m?[2m:?[0m?[1mmock_server_handler?[0m?[1m{?[0m?[3mkey?[0m?[2m=?[0m"5cae5f82-fec2-43c6-9739-60d0383d84ec"?[1m}?[0m?[2m:?[0m?[1mhandle_message?[0m?[1m{?[0m?[3mself?[0m?[2m=?[0mMockService { file_descriptor_set: FileDescriptorSet { file: [FileDescriptorProto { name: Some("area_calculator.proto"), package: Some("area_calculator"), dependency: [], public_dependency: [], weak_dependency: [], message_type: [DescriptorProto { name: Some("ShapeMessage"), field: [FieldDescriptorProto { name: Some("square"), number: Some(1), label: Some(Optional), r#type: Some(Message), type_name: Some(".area_calculator.Square"), extendee: None, default_value: None, oneof_index: Some(0), json_name: Some("square"), options: None, proto3_optional: None }, FieldDescriptorProto { name: Some("rectangle"), number: Some(2), label: Some(Optional), r#type: Some(Message), type_name: Some(".area_calculator.Rectangle"), extendee: None, default_value: None, oneof_index: Some(0), json_name: Some("rectangle"), options: None, proto3_optional: None }, FieldDescriptorProto { name: Some("circle"), number: Some(3), label: Some(Optional), r#type: Some(Message), type_name: Some(".area_calculator.Circle"), extendee: None, default_value: None, oneof_index: Some(0), json_name: Some("circle"), options: None, proto3_optional: None }, FieldDescriptorProto { name: Some("triangle"), number: Some(4), label: Some(Optional), r#type: Some(Message), type_name: Some(".area_calculator.Triangle"), extendee: None, default_value: None, oneof_index: Some(0), json_name: Some("triangle"), options: None, proto3_optional: None }, FieldDescriptorProto { name: Some("parallelogram"), number: Some(5), label: Some(Optional), r#type: Some(Message), type_name: Some(".area_calculator.Parallelogram"), extendee: None, default_value: None, oneof_index: Some(0), json_name: Some("parallelogram"), options: None, proto3_optional: None }], extension: [], nested_type: [], enum_type: [], extension_range: [], oneof_decl: [OneofDescriptorProto { name: Some("shape"), options: None }], options: None, reserved_range: [], reserved_name: [] }, DescriptorProto { name: Some("Square"), field: [FieldDescriptorProto { name: Some("edge_length"), number: Some(1), label: Some(Optional), r#type: Some(Float), type_name: None, extendee: None, default_value: None, oneof_index: None, json_name: Some("edgeLength"), options: None, proto3_optional: None }], extension: [], nested_type: [], enum_type: [], extension_range: [], oneof_decl: [], options: None, reserved_range: [], reserved_name: [] }, DescriptorProto { name: Some("Rectangle"), field: [FieldDescriptorProto { name: Some("length"), number: Some(1), label: Some(Optional), r#type: Some(Float), type_name: None, extendee: None, default_value: None, oneof_index: None, json_name: Some("length"), options: None, proto3_optional: None }, FieldDescriptorProto { name: Some("width"), number: Some(2), label: Some(Optional), r#type: Some(Float), type_name: None, extendee: None, default_value: None, oneof_index: None, json_name: Some("width"), options: None, proto3_optional: None }], extension: [], nested_type: [], enum_type: [], extension_range: [], oneof_decl: [], options: None, reserved_range: [], reserved_name: [] }, DescriptorProto { name: Some("Circle"), field: [FieldDescriptorProto { name: Some("radius"), number: Some(1), label: Some(Optional), r#type: Some(Float), type_name: None, extendee: None, default_value: None, oneof_index: None, json_name: Some("radius"), options: None, proto3_optional: None }], extension: [], nested_type: [], enum_type: [], extension_range: [], oneof_decl: [], options: None, reserved_range: [], reserved_name: [] }, DescriptorProto { name: Some("Triangle"), field: [FieldDescriptorProto { name: Some("edge_a"), number: Some(1), label: Some(Optional), r#type: Some(Float), type_name: None, extendee: None, default_value: None, oneof_index: None, json_name: Some("edgeA"), options: None, proto3_optional: None }, FieldDescriptorProto { name: Some("edge_b"), number: Some(2), label: Some(Optional), r#type: Some(Float), type_name: None, extendee: None, default_value: None, oneof_index: None, json_name: Some("edgeB"), options: None, proto3_optional: None }, FieldDescriptorProto { name: Some("edge_c"), number: Some(3), label: Some(Optional), r#type: Some(Float), type_name: None, extendee: None, default_value: None, oneof_index: None, json_name: Some("edgeC"), options: None, proto3_optional: None }], extension: [], nested_type: [], enum_type: [], extension_range: [], oneof_decl: [], options: None, reserved_range: [], reserved_name: [] }, DescriptorProto { name: Some("Parallelogram"), field: [FieldDescriptorProto { name: Some("base_length"), number: Some(1), label: Some(Optional), r#type: Some(Float), type_name: None, extendee: None, default_value: None, oneof_index: None, json_name: Some("baseLength"), options: None, proto3_optional: None }, FieldDescriptorProto { name: Some("height"), number: Some(2), label: Some(Optional), r#type: Some(Float), type_name: None, extendee: None, default_value: None, oneof_index: None, json_name: Some("height"), options: None, proto3_optional: None }], extension: [], nested_type: [], enum_type: [], extension_range: [], oneof_decl: [], options: None, reserved_range: [], reserved_name: [] }, DescriptorProto { name: Some("AreaRequest"), field: [FieldDescriptorProto { name: Some("shapes"), number: Some(1), label: Some(Repeated), r#type: Some(Message), type_name: Some(".area_calculator.ShapeMessage"), extendee: None, default_value: None, oneof_index: None, json_name: Some("shapes"), options: None, proto3_optional: None }], extension: [], nested_type: [], enum_type: [], extension_range: [], oneof_decl: [], options: None, reserved_range: [], reserved_name: [] }, DescriptorProto { name: Some("AreaResponse"), field: [FieldDescriptorProto { name: Some("value"), number: Some(1), label: Some(Repeated), r#type: Some(Float), type_name: None, extendee: None, default_value: None, oneof_index: None, json_name: Some("value"), options: None, proto3_optional: None }], extension: [], nested_type: [], enum_type: [], extension_range: [], oneof_decl: [], options: None, reserved_range: [], reserved_name: [] }], enum_type: [], service: [ServiceDescriptorProto { name: Some("Calculator"), method: [MethodDescriptorProto { name: Some("calculateOne"), input_type: Some(".area_calculator.ShapeMessage"), output_type: Some(".area_calculator.AreaResponse"), options: Some(MethodOptions { deprecated: None, idempotency_level: None, uninterpreted_option: [] }), client_streaming: None, server_streaming: None }, MethodDescriptorProto { name: Some("calculateMulti"), input_type: Some(".area_calculator.AreaRequest"), output_type: Some(".area_calculator.AreaResponse"), options: Some(MethodOptions { deprecated: None, idempotency_level: None, uninterpreted_option: [] }), client_streaming: None, server_streaming: None }], options: None }], extension: [], options: Some(FileOptions { java_package: None, java_outer_classname: None, java_multiple_files: None, java_generate_equals_and_hash: None, java_string_check_utf8: None, optimize_for: None, go_package: Some("io.pact/area_calculator"), cc_generic_services: None, java_generic_services: None, py_generic_services: None, php_generic_services: Some(true), deprecated: None, cc_enable_arenas: None, objc_class_prefix: None, csharp_namespace: None, swift_prefix: None, php_class_prefix: None, php_namespace: None, php_metadata_namespace: None, ruby_package: None, uninterpreted_option: [] }), source_code_info: None, syntax: Some("proto3") }] }, service_name: "Calculator", message: SynchronousMessage { id: None, key: Some("c7fbe3ee"), description: "calculate rectangle area request", provider_states: [], comments: {"testname": String("io.pact.example.grpc.consumer.PactConsumerTest.calculateRectangleArea(MockServer, SynchronousMessages)")}, request: MessageContents { contents: Present(b"\x12\n\r\0\0@@\x15\0\0\x80@", Some(ContentType { main_type: "application", sub_type: "protobuf", attributes: {"message": "ShapeMessage"}, suffix: None }), Some(BINARY)), metadata: {}, matching_rules: MatchingRules { rules: {BODY: MatchingRuleCategory { name: BODY, rules: {DocPath { path_tokens: [Root, Field("rectangle"), Field("length")], expr: "$.rectangle.length" }: RuleList { rules: [Number], rule_logic: And, cascaded: false }, DocPath { path_tokens: [Root, Field("rectangle"), Field("width")], expr: "$.rectangle.width" }: RuleList { rules: [Number], rule_logic: And, cascaded: false }} }} }, generators: Generators { categories: {} } }, response: [MessageContents { contents: Present(b"\r\0\0@A", Some(ContentType { main_type: "application", sub_type: "protobuf", attributes: {"message": "AreaResponse"}, suffix: None }), Some(BINARY)), metadata: {}, matching_rules: MatchingRules { rules: {BODY: MatchingRuleCategory { name: BODY, rules: {DocPath { path_tokens: [Root, Field("value")], expr: "$.value" }: RuleList { rules: [Number], rule_logic: And, cascaded: false }} }} }, generators: Generators { categories: {} } }], pending: false, plugin_config: {"protobuf": {"service": String("Calculator/calculateOne"), "descriptorKey": String("a85dff8f82655a9681aad113575dcfbb")}}, interaction_markup: InteractionMarkup { markup: "```protobuf\nmessage ShapeMessage {\n    message .area_calculator.Rectangle rectangle = 2;\n}\n```\n\n```protobuf\nmessage AreaResponse {\n    float value = 1;\n}\n```\n", markup_type: "COMMON_MARK" }, transport: None }, method_descriptor: MethodDescriptorProto { name: Some("calculateOne"), input_type: Some(".area_calculator.ShapeMessage"), output_type: Some(".area_calculator.AreaResponse"), options: Some(MethodOptions { deprecated: None, idempotency_level: None, uninterpreted_option: [] }), client_streaming: None, server_streaming: None }, input_message: DescriptorProto { name: Some("ShapeMessage"), field: [FieldDescriptorProto { name: Some("square"), number: Some(1), label: Some(Optional), r#type: Some(Message), type_name: Some(".area_calculator.Square"), extendee: None, default_value: None, oneof_index: Some(0), json_name: Some("square"), options: None, proto3_optional: None }, FieldDescriptorProto { name: Some("rectangle"), number: Some(2), label: Some(Optional), r#type: Some(Message), type_name: Some(".area_calculator.Rectangle"), extendee: None, default_value: None, oneof_index: Some(0), json_name: Some("rectangle"), options: None, proto3_optional: None }, FieldDescriptorProto { name: Some("circle"), number: Some(3), label: Some(Optional), r#type: Some(Message), type_name: Some(".area_calculator.Circle"), extendee: None, default_value: None, oneof_index: Some(0), json_name: Some("circle"), options: None, proto3_optional: None }, FieldDescriptorProto { name: Some("triangle"), number: Some(4), label: Some(Optional), r#type: Some(Message), type_name: Some(".area_calculator.Triangle"), extendee: None, default_value: None, oneof_index: Some(0), json_name: Some("triangle"), options: None, proto3_optional: None }, FieldDescriptorProto { name: Some("parallelogram"), number: Some(5), label: Some(Optional), r#type: Some(Message), type_name: Some(".area_calculator.Parallelogram"), extendee: None, default_value: None, oneof_index: Some(0), json_name: Some("parallelogram"), options: None, proto3_optional: None }], extension: [], nested_type: [], enum_type: [], extension_range: [], oneof_decl: [OneofDescriptorProto { name: Some("shape"), options: None }], options: None, reserved_range: [], reserved_name: [] }, output_message: DescriptorProto { name: Some("AreaResponse"), field: [FieldDescriptorProto { name: Some("value"), number: Some(1), label: Some(Repeated), r#type: Some(Float), type_name: None, extendee: None, default_value: None, oneof_index: None, json_name: Some("value"), options: None, proto3_optional: None }], extension: [], nested_type: [], enum_type: [], extension_range: [], oneof_decl: [], options: None, reserved_range: [], reserved_name: [] }, server_key: "5cae5f82-fec2-43c6-9739-60d0383d84ec" } ?[3mrequest?[0m?[2m=?[0mDynamicMessage { descriptor: DescriptorProto { name: Some("ShapeMessage"), field: [FieldDescriptorProto { name: Some("square"), number: Some(1), label: Some(Optional), r#type: Some(Message), type_name: Some(".area_calculator.Square"), extendee: None, default_value: None, oneof_index: Some(0), json_name: Some("square"), options: None, proto3_optional: None }, FieldDescriptorProto { name: Some("rectangle"), number: Some(2), label: Some(Optional), r#type: Some(Message), type_name: Some(".area_calculator.Rectangle"), extendee: None, default_value: None, oneof_index: Some(0), json_name: Some("rectangle"), options: None, proto3_optional: None }, FieldDescriptorProto { name: Some("circle"), number: Some(3), label: Some(Optional), r#type: Some(Message), type_name: Some(".area_calculator.Circle"), extendee: None, default_value: None, oneof_index: Some(0), json_name: Some("circle"), options: None, proto3_optional: None }, FieldDescriptorProto { name: Some("triangle"), number: Some(4), label: Some(Optional), r#type: Some(Message), type_name: Some(".area_calculator.Triangle"), extendee: None, default_value: None, oneof_index: Some(0), json_name: Some("triangle"), options: None, proto3_optional: None }, FieldDescriptorProto { name: Some("parallelogram"), number: Some(5), label: Some(Optional), r#type: Some(Message), type_name: Some(".area_calculator.Parallelogram"), extendee: None, default_value: None, oneof_index: Some(0), json_name: Some("parallelogram"), options: None, proto3_optional: None }], extension: [], nested_type: [], enum_type: [], extension_range: [], oneof_decl: [OneofDescriptorProto { name: Some("shape"), options: None }], options: None, reserved_range: [], reserved_name: [] }, fields: [ProtobufField { field_num: 2, wire_type: LengthDelimited, data: Message([13, 0, 0, 64, 64, 21, 0, 0, 128, 64], DescriptorProto { name: Some("Rectangle"), field: [FieldDescriptorProto { name: Some("length"), number: Some(1), label: Some(Optional), r#type: Some(Float), type_name: None, extendee: None, default_value: None, oneof_index: None, json_name: Some("length"), options: None, proto3_optional: None }, FieldDescriptorProto { name: Some("width"), number: Some(2), label: Some(Optional), r#type: Some(Float), type_name: None, extendee: None, default_value: None, oneof_index: None, json_name: Some("width"), options: None, proto3_optional: None }], extension: [], nested_type: [], enum_type: [], extension_range: [], oneof_decl: [], options: None, reserved_range: [], reserved_name: [] }) }] } ?[3mmessage_descriptor?[0m?[2m=?[0mDescriptorProto { name: Some("ShapeMessage"), field: [FieldDescriptorProto { name: Some("square"), number: Some(1), label: Some(Optional), r#type: Some(Message), type_name: Some(".area_calculator.Square"), extendee: None, default_value: None, oneof_index: Some(0), json_name: Some("square"), options: None, proto3_optional: None }, FieldDescriptorProto { name: Some("rectangle"), number: Some(2), label: Some(Optional), r#type: Some(Message), type_name: Some(".area_calculator.Rectangle"), extendee: None, default_value: None, oneof_index: Some(0), json_name: Some("rectangle"), options: None, proto3_optional: None }, FieldDescriptorProto { name: Some("circle"), number: Some(3), label: Some(Optional), r#type: Some(Message), type_name: Some(".area_calculator.Circle"), extendee: None, default_value: None, oneof_index: Some(0), json_name: Some("circle"), options: None, proto3_optional: None }, FieldDescriptorProto { name: Some("triangle"), number: Some(4), label: Some(Optional), r#type: Some(Message), type_name: Some(".area_calculator.Triangle"), extendee: None, default_value: None, oneof_index: Some(0), json_name: Some("triangle"), options: None, proto3_optional: None }, FieldDescriptorProto { name: Some("parallelogram"), number: Some(5), label: Some(Optional), r#type: Some(Message), type_name: Some(".area_calculator.Parallelogram"), extendee: None, default_value: None, oneof_index: Some(0), json_name: Some("parallelogram"), options: None, proto3_optional: None }], extension: [], nested_type: [], enum_type: [], extension_range: [], oneof_decl: [OneofDescriptorProto { name: Some("shape"), options: None }], options: None, reserved_range: [], reserved_name: [] } ?[3mresponse_descriptor?[0m?[2m=?[0mDescriptorProto { name: Some("AreaResponse"), field: [FieldDescriptorProto { name: Some("value"), number: Some(1), label: Some(Repeated), r#type: Some(Float), type_name: None, extendee: None, default_value: None, oneof_index: None, json_name: Some("value"), options: None, proto3_optional: None }], extension: [], nested_type: [], enum_type: [], extension_range: [], oneof_decl: [], options: None, reserved_range: [], reserved_name: [] }?[1m}?[0m?[2m:?[0m ?[2mpact_protobuf_plugin::matching?[0m?[2m:?[0m Comparing message field width:2
15:05:16.539 [Thread-5] DEBUG i.pact.plugins.jvm.core.ChildProcess - Plugin protobuf [46038] || ?[2m2023-03-27T09:35:16.538119Z?[0m ?[35mTRACE?[0m tokio-runtime-worker ?[1mrequest?[0m?[1m{?[0m?[3mmethod?[0m?[2m=?[0mPOST ?[3muri?[0m?[2m=?[0mhttp://127.0.0.1:53791/area_calculator.Calculator/calculateOne ?[3mversion?[0m?[2m=?[0mHTTP/2.0?[1m}?[0m?[2m:?[0m?[1mcall?[0m?[1m{?[0m?[3mself?[0m?[2m=?[0mGrpcMockServer { pact: V4Pact { consumer: Consumer { name: "grpc-consumer-jvm" }, provider: Provider { name: "area-calculator-provider" }, interactions: [SynchronousMessage { id: None, key: Some("c7fbe3ee"), description: "calculate rectangle area request", provider_states: [], comments: {"testname": String("io.pact.example.grpc.consumer.PactConsumerTest.calculateRectangleArea(MockServer, SynchronousMessages)")}, request: MessageContents { contents: Present(b"\x12\n\r\0\0@@\x15\0\0\x80@", Some(ContentType { main_type: "application", sub_type: "protobuf", attributes: {"message": "ShapeMessage"}, suffix: None }), Some(BINARY)), metadata: {}, matching_rules: MatchingRules { rules: {BODY: MatchingRuleCategory { name: BODY, rules: {DocPath { path_tokens: [Root, Field("rectangle"), Field("length")], expr: "$.rectangle.length" }: RuleList { rules: [Number], rule_logic: And, cascaded: false }, DocPath { path_tokens: [Root, Field("rectangle"), Field("width")], expr: "$.rectangle.width" }: RuleList { rules: [Number], rule_logic: And, cascaded: false }} }} }, generators: Generators { categories: {} } }, response: [MessageContents { contents: Present(b"\r\0\0@A", Some(ContentType { main_type: "application", sub_type: "protobuf", attributes: {"message": "AreaResponse"}, suffix: None }), Some(BINARY)), metadata: {}, matching_rules: MatchingRules { rules: {BODY: MatchingRuleCategory { name: BODY, rules: {DocPath { path_tokens: [Root, Field("value")], expr: "$.value" }: RuleList { rules: [Number], rule_logic: And, cascaded: false }} }} }, generators: Generators { categories: {} } }], pending: false, plugin_config: {"protobuf": {"service": String("Calculator/calculateOne"), "descriptorKey": String("a85dff8f82655a9681aad113575dcfbb")}}, interaction_markup: InteractionMarkup { markup: "```protobuf\nmessage ShapeMessage {\n    message .area_calculator.Rectangle rectangle = 2;\n}\n```\n\n```protobuf\nmessage AreaResponse {\n    float value = 1;\n}\n```\n", markup_type: "COMMON_MARK" }, transport: None }], metadata: {"pact-jvm": Object({"version": String("4.4.2")}), "pactSpecification": Object({"version": String("4.0")})}, plugin_data: [PluginData { name: "protobuf", version: "0.1.5", configuration: {"a85dff8f82655a9681aad113575dcfbb": Object({"protoDescriptors": String("CsoHChVhcmVhX2NhbGN1bGF0b3IucHJvdG8SD2FyZWFfY2FsY3VsYXRvciK6AgoMU2hhcGVNZXNzYWdlEjEKBnNxdWFyZRgBIAEoCzIXLmFyZWFfY2FsY3VsYXRvci5TcXVhcmVIAFIGc3F1YXJlEjoKCXJlY3RhbmdsZRgCIAEoCzIaLmFyZWFfY2FsY3VsYXRvci5SZWN0YW5nbGVIAFIJcmVjdGFuZ2xlEjEKBmNpcmNsZRgDIAEoCzIXLmFyZWFfY2FsY3VsYXRvci5DaXJjbGVIAFIGY2lyY2xlEjcKCHRyaWFuZ2xlGAQgASgLMhkuYXJlYV9jYWxjdWxhdG9yLlRyaWFuZ2xlSABSCHRyaWFuZ2xlEkYKDXBhcmFsbGVsb2dyYW0YBSABKAsyHi5hcmVhX2NhbGN1bGF0b3IuUGFyYWxsZWxvZ3JhbUgAUg1wYXJhbGxlbG9ncmFtQgcKBXNoYXBlIikKBlNxdWFyZRIfCgtlZGdlX2xlbmd0aBgBIAEoAlIKZWRnZUxlbmd0aCI5CglSZWN0YW5nbGUSFgoGbGVuZ3RoGAEgASgCUgZsZW5ndGgSFAoFd2lkdGgYAiABKAJSBXdpZHRoIiAKBkNpcmNsZRIWCgZyYWRpdXMYASABKAJSBnJhZGl1cyJPCghUcmlhbmdsZRIVCgZlZGdlX2EYASABKAJSBWVkZ2VBEhUKBmVkZ2VfYhgCIAEoAlIFZWRnZUISFQoGZWRnZV9jGAMgASgCUgVlZGdlQyJICg1QYXJhbGxlbG9ncmFtEh8KC2Jhc2VfbGVuZ3RoGAEgASgCUgpiYXNlTGVuZ3RoEhYKBmhlaWdodBgCIAEoAlIGaGVpZ2h0IkQKC0FyZWFSZXF1ZXN0EjUKBnNoYXBlcxgBIAMoCzIdLmFyZWFfY2FsY3VsYXRvci5TaGFwZU1lc3NhZ2VSBnNoYXBlcyIkCgxBcmVhUmVzcG9uc2USFAoFdmFsdWUYASADKAJSBXZhbHVlMq0BCgpDYWxjdWxhdG9yEk4KDGNhbGN1bGF0ZU9uZRIdLmFyZWFfY2FsY3VsYXRvci5TaGFwZU1lc3NhZ2UaHS5hcmVhX2NhbGN1bGF0b3IuQXJlYVJlc3BvbnNlIgASTwoOY2FsY3VsYXRlTXVsdGkSHC5hcmVhX2NhbGN1bGF0b3IuQXJlYVJlcXVlc3QaHS5hcmVhX2NhbGN1bGF0b3IuQXJlYVJlc3BvbnNlIgBCHFoXaW8ucGFjdC9hcmVhX2NhbGN1bGF0b3LQAgFiBnByb3RvMw=="), "protoFile": String("syntax = \"proto3\";\n\npackage area_calculator;\n\noption php_generic_services = true;\noption go_package = \"io.pact/area_calculator\";\n\nservice Calculator {\n  rpc calculateOne (ShapeMessage) returns (AreaResponse) {}\n  rpc calculateMulti (AreaRequest) returns (AreaResponse) {}\n}\n\nmessage ShapeMessage {\n  oneof shape {\n    Square square = 1;\n    Rectangle rectangle = 2;\n    Circle circle = 3;\n    Triangle triangle = 4;\n    Parallelogram parallelogram = 5;\n  }\n}\n\nmessage Square {\n  float edge_length = 1;\n}\n\nmessage Rectangle {\n  float length = 1;\n  float width = 2;\n}\n\nmessage Circle {\n  float radius = 1;\n}\n\nmessage Triangle {\n  float edge_a = 1;\n  float edge_b = 2;\n  float edge_c = 3;\n}\n\nmessage Parallelogram {\n  float base_length = 1;\n  float height = 2;\n}\n\nmessage AreaRequest {\n  repeated ShapeMessage shapes = 1;\n}\n\nmessage AreaResponse {\n  repeated float value = 1;\n}\n")})} }] }, plugin_config: PluginData { name: "protobuf", version: "0.1.5", configuration: {"a85dff8f82655a9681aad113575dcfbb": Object({"protoDescriptors": String("CsoHChVhcmVhX2NhbGN1bGF0b3IucHJvdG8SD2FyZWFfY2FsY3VsYXRvciK6AgoMU2hhcGVNZXNzYWdlEjEKBnNxdWFyZRgBIAEoCzIXLmFyZWFfY2FsY3VsYXRvci5TcXVhcmVIAFIGc3F1YXJlEjoKCXJlY3RhbmdsZRgCIAEoCzIaLmFyZWFfY2FsY3VsYXRvci5SZWN0YW5nbGVIAFIJcmVjdGFuZ2xlEjEKBmNpcmNsZRgDIAEoCzIXLmFyZWFfY2FsY3VsYXRvci5DaXJjbGVIAFIGY2lyY2xlEjcKCHRyaWFuZ2xlGAQgASgLMhkuYXJlYV9jYWxjdWxhdG9yLlRyaWFuZ2xlSABSCHRyaWFuZ2xlEkYKDXBhcmFsbGVsb2dyYW0YBSABKAsyHi5hcmVhX2NhbGN1bGF0b3IuUGFyYWxsZWxvZ3JhbUgAUg1wYXJhbGxlbG9ncmFtQgcKBXNoYXBlIikKBlNxdWFyZRIfCgtlZGdlX2xlbmd0aBgBIAEoAlIKZWRnZUxlbmd0aCI5CglSZWN0YW5nbGUSFgoGbGVuZ3RoGAEgASgCUgZsZW5ndGgSFAoFd2lkdGgYAiABKAJSBXdpZHRoIiAKBkNpcmNsZRIWCgZyYWRpdXMYASABKAJSBnJhZGl1cyJPCghUcmlhbmdsZRIVCgZlZGdlX2EYASABKAJSBWVkZ2VBEhUKBmVkZ2VfYhgCIAEoAlIFZWRnZUISFQoGZWRnZV9jGAMgASgCUgVlZGdlQyJICg1QYXJhbGxlbG9ncmFtEh8KC2Jhc2VfbGVuZ3RoGAEgASgCUgpiYXNlTGVuZ3RoEhYKBmhlaWdodBgCIAEoAlIGaGVpZ2h0IkQKC0FyZWFSZXF1ZXN0EjUKBnNoYXBlcxgBIAMoCzIdLmFyZWFfY2FsY3VsYXRvci5TaGFwZU1lc3NhZ2VSBnNoYXBlcyIkCgxBcmVhUmVzcG9uc2USFAoFdmFsdWUYASADKAJSBXZhbHVlMq0BCgpDYWxjdWxhdG9yEk4KDGNhbGN1bGF0ZU9uZRIdLmFyZWFfY2FsY3VsYXRvci5TaGFwZU1lc3NhZ2UaHS5hcmVhX2NhbGN1bGF0b3IuQXJlYVJlc3BvbnNlIgASTwoOY2FsY3VsYXRlTXVsdGkSHC5hcmVhX2NhbGN1bGF0b3IuQXJlYVJlcXVlc3QaHS5hcmVhX2NhbGN1bGF0b3IuQXJlYVJlc3BvbnNlIgBCHFoXaW8ucGFjdC9hcmVhX2NhbGN1bGF0b3LQAgFiBnByb3RvMw=="), "protoFile": String("syntax = \"proto3\";\n\npackage area_calculator;\n\noption php_generic_services = true;\noption go_package = \"io.pact/area_calculator\";\n\nservice Calculator {\n  rpc calculateOne (ShapeMessage) returns (AreaResponse) {}\n  rpc calculateMulti (AreaRequest) returns (AreaResponse) {}\n}\n\nmessage ShapeMessage {\n  oneof shape {\n    Square square = 1;\n    Rectangle rectangle = 2;\n    Circle circle = 3;\n    Triangle triangle = 4;\n    Parallelogram parallelogram = 5;\n  }\n}\n\nmessage Square {\n  float edge_length = 1;\n}\n\nmessage Rectangle {\n  float length = 1;\n  float width = 2;\n}\n\nmessage Circle {\n  float radius = 1;\n}\n\nmessage Triangle {\n  float edge_a = 1;\n  float edge_b = 2;\n  float edge_c = 3;\n}\n\nmessage Parallelogram {\n  float base_length = 1;\n  float height = 2;\n}\n\nmessage AreaRequest {\n  repeated ShapeMessage shapes = 1;\n}\n\nmessage AreaResponse {\n  repeated float value = 1;\n}\n")})} }, descriptors: {"a85dff8f82655a9681aad113575dcfbb": FileDescriptorSet { file: [FileDescriptorProto { name: Some("area_calculator.proto"), package: Some("area_calculator"), dependency: [], public_dependency: [], weak_dependency: [], message_type: [DescriptorProto { name: Some("ShapeMessage"), field: [FieldDescriptorProto { name: Some("square"), number: Some(1), label: Some(Optional), r#type: Some(Message), type_name: Some(".area_calculator.Square"), extendee: None, default_value: None, oneof_index: Some(0), json_name: Some("square"), options: None, proto3_optional: None }, FieldDescriptorProto { name: Some("rectangle"), number: Some(2), label: Some(Optional), r#type: Some(Message), type_name: Some(".area_calculator.Rectangle"), extendee: None, default_value: None, oneof_index: Some(0), json_name: Some("rectangle"), options: None, proto3_optional: None }, FieldDescriptorProto { name: Some("circle"), number: Some(3), label: Some(Optional), r#type: Some(Message), type_name: Some(".area_calculator.Circle"), extendee: None, default_value: None, oneof_index: Some(0), json_name: Some("circle"), options: None, proto3_optional: None }, FieldDescriptorProto { name: Some("triangle"), number: Some(4), label: Some(Optional), r#type: Some(Message), type_name: Some(".area_calculator.Triangle"), extendee: None, default_value: None, oneof_index: Some(0), json_name: Some("triangle"), options: None, proto3_optional: None }, FieldDescriptorProto { name: Some("parallelogram"), number: Some(5), label: Some(Optional), r#type: Some(Message), type_name: Some(".area_calculator.Parallelogram"), extendee: None, default_value: None, oneof_index: Some(0), json_name: Some("parallelogram"), options: None, proto3_optional: None }], extension: [], nested_type: [], enum_type: [], extension_range: [], oneof_decl: [OneofDescriptorProto { name: Some("shape"), options: None }], options: None, reserved_range: [], reserved_name: [] }, DescriptorProto { name: Some("Square"), field: [FieldDescriptorProto { name: Some("edge_length"), number: Some(1), label: Some(Optional), r#type: Some(Float), type_name: None, extendee: None, default_value: None, oneof_index: None, json_name: Some("edgeLength"), options: None, proto3_optional: None }], extension: [], nested_type: [], enum_type: [], extension_range: [], oneof_decl: [], options: None, reserved_range: [], reserved_name: [] }, DescriptorProto { name: Some("Rectangle"), field: [FieldDescriptorProto { name: Some("length"), number: Some(1), label: Some(Optional), r#type: Some(Float), type_name: None, extendee: None, default_value: None, oneof_index: None, json_name: Some("length"), options: None, proto3_optional: None }, FieldDescriptorProto { name: Some("width"), number: Some(2), label: Some(Optional), r#type: Some(Float), type_name: None, extendee: None, default_value: None, oneof_index: None, json_name: Some("width"), options: None, proto3_optional: None }], extension: [], nested_type: [], enum_type: [], extension_range: [], oneof_decl: [], options: None, reserved_range: [], reserved_name: [] }, DescriptorProto { name: Some("Circle"), field: [FieldDescriptorProto { name: Some("radius"), number: Some(1), label: Some(Optional), r#type: Some(Float), type_name: None, extendee: None, default_value: None, oneof_index: None, json_name: Some("radius"), options: None, proto3_optional: None }], extension: [], nested_type: [], enum_type: [], extension_range: [], oneof_decl: [], options: None, reserved_range: [], reserved_name: [] }, DescriptorProto { name: Some("Triangle"), field: [FieldDescriptorProto { name: Some("edge_a"), number: Some(1), label: Some(Optional), r#type: Some(Float), type_name: None, extendee: None, default_value: None, oneof_index: None, json_name: Some("edgeA"), options: None, proto3_optional: None }, FieldDescriptorProto { name: Some("edge_b"), number: Some(2), label: Some(Optional), r#type: Some(Float), type_name: None, extendee: None, default_value: None, oneof_index: None, json_name: Some("edgeB"), options: None, proto3_optional: None }, FieldDescriptorProto { name: Some("edge_c"), number: Some(3), label: Some(Optional), r#type: Some(Float), type_name: None, extendee: None, default_value: None, oneof_index: None, json_name: Some("edgeC"), options: None, proto3_optional: None }], extension: [], nested_type: [], enum_type: [], extension_range: [], oneof_decl: [], options: None, reserved_range: [], reserved_name: [] }, DescriptorProto { name: Some("Parallelogram"), field: [FieldDescriptorProto { name: Some("base_length"), number: Some(1), label: Some(Optional), r#type: Some(Float), type_name: None, extendee: None, default_value: None, oneof_index: None, json_name: Some("baseLength"), options: None, proto3_optional: None }, FieldDescriptorProto { name: Some("height"), number: Some(2), label: Some(Optional), r#type: Some(Float), type_name: None, extendee: None, default_value: None, oneof_index: None, json_name: Some("height"), options: None, proto3_optional: None }], extension: [], nested_type: [], enum_type: [], extension_range: [], oneof_decl: [], options: None, reserved_range: [], reserved_name: [] }, DescriptorProto { name: Some("AreaRequest"), field: [FieldDescriptorProto { name: Some("shapes"), number: Some(1), label: Some(Repeated), r#type: Some(Message), type_name: Some(".area_calculator.ShapeMessage"), extendee: None, default_value: None, oneof_index: None, json_name: Some("shapes"), options: None, proto3_optional: None }], extension: [], nested_type: [], enum_type: [], extension_range: [], oneof_decl: [], options: None, reserved_range: [], reserved_name: [] }, DescriptorProto { name: Some("AreaResponse"), field: [FieldDescriptorProto { name: Some("value"), number: Some(1), label: Some(Repeated), r#type: Some(Float), type_name: None, extendee: None, default_value: None, oneof_index: None, json_name: Some("value"), options: None, proto3_optional: None }], extension: [], nested_type: [], enum_type: [], extension_range: [], oneof_decl: [], options: None, reserved_range: [], reserved_name: [] }], enum_type: [], service: [ServiceDescriptorProto { name: Some("Calculator"), method: [MethodDescriptorProto { name: Some("calculateOne"), input_type: Some(".area_calculator.ShapeMessage"), output_type: Some(".area_calculator.AreaResponse"), options: Some(MethodOptions { deprecated: None, idempotency_level: None, uninterpreted_option: [] }), client_streaming: None, server_streaming: None }, MethodDescriptorProto { name: Some("calculateMulti"), input_type: Some(".area_calculator.AreaRequest"), output_type: Some(".area_calculator.AreaResponse"), options: Some(MethodOptions { deprecated: None, idempotency_level: None, uninterpreted_option: [] }), client_streaming: None, server_streaming: None }], options: None }], extension: [], options: Some(FileOptions { java_package: None, java_outer_classname: None, java_multiple_files: None, java_generate_equals_and_hash: None, java_string_check_utf8: None, optimize_for: None, go_package: Some("io.pact/area_calculator"), cc_generic_services: None, java_generic_services: None, py_generic_services: None, php_generic_services: Some(true), deprecated: None, cc_enable_arenas: None, objc_class_prefix: None, csharp_namespace: None, swift_prefix: None, php_class_prefix: None, php_namespace: None, php_metadata_namespace: None, ruby_package: None, uninterpreted_option: [] }), source_code_info: None, syntax: Some("proto3") }] }}, routes: {"Calculator/calculateOne": (FileDescriptorSet { file: [FileDescriptorProto { name: Some("area_calculator.proto"), package: Some("area_calculator"), dependency: [], public_dependency: [], weak_dependency: [], message_type: [DescriptorProto { name: Some("ShapeMessage"), field: [FieldDescriptorProto { name: Some("square"), number: Some(1), label: Some(Optional), r#type: Some(Message), type_name: Some(".area_calculator.Square"), extendee: None, default_value: None, oneof_index: Some(0), json_name: Some("square"), options: None, proto3_optional: None }, FieldDescriptorProto { name: Some("rectangle"), number: Some(2), label: Some(Optional), r#type: Some(Message), type_name: Some(".area_calculator.Rectangle"), extendee: None, default_value: None, oneof_index: Some(0), json_name: Some("rectangle"), options: None, proto3_optional: None }, FieldDescriptorProto { name: Some("circle"), number: Some(3), label: Some(Optional), r#type: Some(Message), type_name: Some(".area_calculator.Circle"), extendee: None, default_value: None, oneof_index: Some(0), json_name: Some("circle"), options: None, proto3_optional: None }, FieldDescriptorProto { name: Some("triangle"), number: Some(4), label: Some(Optional), r#type: Some(Message), type_name: Some(".area_calculator.Triangle"), extendee: None, default_value: None, oneof_index: Some(0), json_name: Some("triangle"), options: None, proto3_optional: None }, FieldDescriptorProto { name: Some("parallelogram"), number: Some(5), label: Some(Optional), r#type: Some(Message), type_name: Some(".area_calculator.Parallelogram"), extendee: None, default_value: None, oneof_index: Some(0), json_name: Some("parallelogram"), options: None, proto3_optional: None }], extension: [], nested_type: [], enum_type: [], extension_range: [], oneof_decl: [OneofDescriptorProto { name: Some("shape"), options: None }], options: None, reserved_range: [], reserved_name: [] }, DescriptorProto { name: Some("Square"), field: [FieldDescriptorProto { name: Some("edge_length"), number: Some(1), label: Some(Optional), r#type: Some(Float), type_name: None, extendee: None, default_value: None, oneof_index: None, json_name: Some("edgeLength"), options: None, proto3_optional: None }], extension: [], nested_type: [], enum_type: [], extension_range: [], oneof_decl: [], options: None, reserved_range: [], reserved_name: [] }, DescriptorProto { name: Some("Rectangle"), field: [FieldDescriptorProto { name: Some("length"), number: Some(1), label: Some(Optional), r#type: Some(Float), type_name: None, extendee: None, default_value: None, oneof_index: None, json_name: Some("length"), options: None, proto3_optional: None }, FieldDescriptorProto { name: Some("width"), number: Some(2), label: Some(Optional), r#type: Some(Float), type_name: None, extendee: None, default_value: None, oneof_index: None, json_name: Some("width"), options: None, proto3_optional: None }], extension: [], nested_type: [], enum_type: [], extension_range: [], oneof_decl: [], options: None, reserved_range: [], reserved_name: [] }, DescriptorProto { name: Some("Circle"), field: [FieldDescriptorProto { name: Some("radius"), number: Some(1), label: Some(Optional), r#type: Some(Float), type_name: None, extendee: None, default_value: None, oneof_index: None, json_name: Some("radius"), options: None, proto3_optional: None }], extension: [], nested_type: [], enum_type: [], extension_range: [], oneof_decl: [], options: None, reserved_range: [], reserved_name: [] }, DescriptorProto { name: Some("Triangle"), field: [FieldDescriptorProto { name: Some("edge_a"), number: Some(1), label: Some(Optional), r#type: Some(Float), type_name: None, extendee: None, default_value: None, oneof_index: None, json_name: Some("edgeA"), options: None, proto3_optional: None }, FieldDescriptorProto { name: Some("edge_b"), number: Some(2), label: Some(Optional), r#type: Some(Float), type_name: None, extendee: None, default_value: None, oneof_index: None, json_name: Some("edgeB"), options: None, proto3_optional: None }, FieldDescriptorProto { name: Some("edge_c"), number: Some(3), label: Some(Optional), r#type: Some(Float), type_name: None, extendee: None, default_value: None, oneof_index: None, json_name: Some("edgeC"), options: None, proto3_optional: None }], extension: [], nested_type: [], enum_type: [], extension_range: [], oneof_decl: [], options: None, reserved_range: [], reserved_name: [] }, DescriptorProto { name: Some("Parallelogram"), field: [FieldDescriptorProto { name: Some("base_length"), number: Some(1), label: Some(Optional), r#type: Some(Float), type_name: None, extendee: None, default_value: None, oneof_index: None, json_name: Some("baseLength"), options: None, proto3_optional: None }, FieldDescriptorProto { name: Some("height"), number: Some(2), label: Some(Optional), r#type: Some(Float), type_name: None, extendee: None, default_value: None, oneof_index: None, json_name: Some("height"), options: None, proto3_optional: None }], extension: [], nested_type: [], enum_type: [], extension_range: [], oneof_decl: [], options: None, reserved_range: [], reserved_name: [] }, DescriptorProto { name: Some("AreaRequest"), field: [FieldDescriptorProto { name: Some("shapes"), number: Some(1), label: Some(Repeated), r#type: Some(Message), type_name: Some(".area_calculator.ShapeMessage"), extendee: None, default_value: None, oneof_index: None, json_name: Some("shapes"), options: None, proto3_optional: None }], extension: [], nested_type: [], enum_type: [], extension_range: [], oneof_decl: [], options: None, reserved_range: [], reserved_name: [] }, DescriptorProto { name: Some("AreaResponse"), field: [FieldDescriptorProto { name: Some("value"), number: Some(1), label: Some(Repeated), r#type: Some(Float), type_name: None, extendee: None, default_value: None, oneof_index: None, json_name: Some("value"), options: None, proto3_optional: None }], extension: [], nested_type: [], enum_type: [], extension_range: [], oneof_decl: [], options: None, reserved_range: [], reserved_name: [] }], enum_type: [], service: [ServiceDescriptorProto { name: Some("Calculator"), method: [MethodDescriptorProto { name: Some("calculateOne"), input_type: Some(".area_calculator.ShapeMessage"), output_type: Some(".area_calculator.AreaResponse"), options: Some(MethodOptions { deprecated: None, idempotency_level: None, uninterpreted_option: [] }), client_streaming: None, server_streaming: None }, MethodDescriptorProto { name: Some("calculateMulti"), input_type: Some(".area_calculator.AreaRequest"), output_type: Some(".area_calculator.AreaResponse"), options: Some(MethodOptions { deprecated: None, idempotency_level: None, uninterpreted_option: [] }), client_streaming: None, server_streaming: None }], options: None }], extension: [], options: Some(FileOptions { java_package: None, java_outer_classname: None, java_multiple_files: None, java_generate_equals_and_hash: None, java_string_check_utf8: None, optimize_for: None, go_package: Some("io.pact/area_calculator"), cc_generic_services: None, java_generic_services: None, py_generic_services: None, php_generic_services: Some(true), deprecated: None, cc_enable_arenas: None, objc_class_prefix: None, csharp_namespace: None, swift_prefix: None, php_class_prefix: None, php_namespace: None, php_metadata_namespace: None, ruby_package: None, uninterpreted_option: [] }), source_code_info: None, syntax: Some("proto3") }] }, MethodDescriptorProto { name: Some("calculateOne"), input_type: Some(".area_calculator.ShapeMessage"), output_type: Some(".area_calculator.AreaResponse"), options: Some(MethodOptions { deprecated: None, idempotency_level: None, uninterpreted_option: [] }), client_streaming: None, server_streaming: None }, SynchronousMessage { id: None, key: Some("c7fbe3ee"), description: "calculate rectangle area request", provider_states: [], comments: {"testname": String("io.pact.example.grpc.consumer.PactConsumerTest.calculateRectangleArea(MockServer, SynchronousMessages)")}, request: MessageContents { contents: Present(b"\x12\n\r\0\0@@\x15\0\0\x80@", Some(ContentType { main_type: "application", sub_type: "protobuf", attributes: {"message": "ShapeMessage"}, suffix: None }), Some(BINARY)), metadata: {}, matching_rules: MatchingRules { rules: {BODY: MatchingRuleCategory { name: BODY, rules: {DocPath { path_tokens: [Root, Field("rectangle"), Field("length")], expr: "$.rectangle.length" }: RuleList { rules: [Number], rule_logic: And, cascaded: false }, DocPath { path_tokens: [Root, Field("rectangle"), Field("width")], expr: "$.rectangle.width" }: RuleList { rules: [Number], rule_logic: And, cascaded: false }} }} }, generators: Generators { categories: {} } }, response: [MessageContents { contents: Present(b"\r\0\0@A", Some(ContentType { main_type: "application", sub_type: "protobuf", attributes: {"message": "AreaResponse"}, suffix: None }), Some(BINARY)), metadata: {}, matching_rules: MatchingRules { rules: {BODY: MatchingRuleCategory { name: BODY, rules: {DocPath { path_tokens: [Root, Field("value")], expr: "$.value" }: RuleList { rules: [Number], rule_logic: And, cascaded: false }} }} }, generators: Generators { categories: {} } }], pending: false, plugin_config: {"protobuf": {"service": String("Calculator/calculateOne"), "descriptorKey": String("a85dff8f82655a9681aad113575dcfbb")}}, interaction_markup: InteractionMarkup { markup: "```protobuf\nmessage ShapeMessage {\n    message .area_calculator.Rectangle rectangle = 2;\n}\n```\n\n```protobuf\nmessage AreaResponse {\n    float value = 1;\n}\n```\n", markup_type: "COMMON_MARK" }, transport: None })}, server_key: "5cae5f82-fec2-43c6-9739-60d0383d84ec" } ?[3mreq?[0m?[2m=?[0mRequest { method: POST, uri: http://127.0.0.1:53791/area_calculator.Calculator/calculateOne, version: HTTP/2.0, headers: {"content-type": "application/grpc", "te": "trailers", "user-agent": "grpc-java-netty/1.49.0", "grpc-accept-encoding": "gzip"}, body: Body(Streaming) }?[1m}?[0m?[2m:?[0m?[1mmock_server_handler?[0m?[1m{?[0m?[3mkey?[0m?[2m=?[0m"5cae5f82-fec2-43c6-9739-60d0383d84ec"?[1m}?[0m?[2m:?[0m?[1mhandle_message?[0m?[1m{?[0m?[3mself?[0m?[2m=?[0mMockService { file_descriptor_set: FileDescriptorSet { file: [FileDescriptorProto { name: Some("area_calculator.proto"), package: Some("area_calculator"), dependency: [], public_dependency: [], weak_dependency: [], message_type: [DescriptorProto { name: Some("ShapeMessage"), field: [FieldDescriptorProto { name: Some("square"), number: Some(1), label: Some(Optional), r#type: Some(Message), type_name: Some(".area_calculator.Square"), extendee: None, default_value: None, oneof_index: Some(0), json_name: Some("square"), options: None, proto3_optional: None }, FieldDescriptorProto { name: Some("rectangle"), number: Some(2), label: Some(Optional), r#type: Some(Message), type_name: Some(".area_calculator.Rectangle"), extendee: None, default_value: None, oneof_index: Some(0), json_name: Some("rectangle"), options: None, proto3_optional: None }, FieldDescriptorProto { name: Some("circle"), number: Some(3), label: Some(Optional), r#type: Some(Message), type_name: Some(".area_calculator.Circle"), extendee: None, default_value: None, oneof_index: Some(0), json_name: Some("circle"), options: None, proto3_optional: None }, FieldDescriptorProto { name: Some("triangle"), number: Some(4), label: Some(Optional), r#type: Some(Message), type_name: Some(".area_calculator.Triangle"), extendee: None, default_value: None, oneof_index: Some(0), json_name: Some("triangle"), options: None, proto3_optional: None }, FieldDescriptorProto { name: Some("parallelogram"), number: Some(5), label: Some(Optional), r#type: Some(Message), type_name: Some(".area_calculator.Parallelogram"), extendee: None, default_value: None, oneof_index: Some(0), json_name: Some("parallelogram"), options: None, proto3_optional: None }], extension: [], nested_type: [], enum_type: [], extension_range: [], oneof_decl: [OneofDescriptorProto { name: Some("shape"), options: None }], options: None, reserved_range: [], reserved_name: [] }, DescriptorProto { name: Some("Square"), field: [FieldDescriptorProto { name: Some("edge_length"), number: Some(1), label: Some(Optional), r#type: Some(Float), type_name: None, extendee: None, default_value: None, oneof_index: None, json_name: Some("edgeLength"), options: None, proto3_optional: None }], extension: [], nested_type: [], enum_type: [], extension_range: [], oneof_decl: [], options: None, reserved_range: [], reserved_name: [] }, DescriptorProto { name: Some("Rectangle"), field: [FieldDescriptorProto { name: Some("length"), number: Some(1), label: Some(Optional), r#type: Some(Float), type_name: None, extendee: None, default_value: None, oneof_index: None, json_name: Some("length"), options: None, proto3_optional: None }, FieldDescriptorProto { name: Some("width"), number: Some(2), label: Some(Optional), r#type: Some(Float), type_name: None, extendee: None, default_value: None, oneof_index: None, json_name: Some("width"), options: None, proto3_optional: None }], extension: [], nested_type: [], enum_type: [], extension_range: [], oneof_decl: [], options: None, reserved_range: [], reserved_name: [] }, DescriptorProto { name: Some("Circle"), field: [FieldDescriptorProto { name: Some("radius"), number: Some(1), label: Some(Optional), r#type: Some(Float), type_name: None, extendee: None, default_value: None, oneof_index: None, json_name: Some("radius"), options: None, proto3_optional: None }], extension: [], nested_type: [], enum_type: [], extension_range: [], oneof_decl: [], options: None, reserved_range: [], reserved_name: [] }, DescriptorProto { name: Some("Triangle"), field: [FieldDescriptorProto { name: Some("edge_a"), number: Some(1), label: Some(Optional), r#type: Some(Float), type_name: None, extendee: None, default_value: None, oneof_index: None, json_name: Some("edgeA"), options: None, proto3_optional: None }, FieldDescriptorProto { name: Some("edge_b"), number: Some(2), label: Some(Optional), r#type: Some(Float), type_name: None, extendee: None, default_value: None, oneof_index: None, json_name: Some("edgeB"), options: None, proto3_optional: None }, FieldDescriptorProto { name: Some("edge_c"), number: Some(3), label: Some(Optional), r#type: Some(Float), type_name: None, extendee: None, default_value: None, oneof_index: None, json_name: Some("edgeC"), options: None, proto3_optional: None }], extension: [], nested_type: [], enum_type: [], extension_range: [], oneof_decl: [], options: None, reserved_range: [], reserved_name: [] }, DescriptorProto { name: Some("Parallelogram"), field: [FieldDescriptorProto { name: Some("base_length"), number: Some(1), label: Some(Optional), r#type: Some(Float), type_name: None, extendee: None, default_value: None, oneof_index: None, json_name: Some("baseLength"), options: None, proto3_optional: None }, FieldDescriptorProto { name: Some("height"), number: Some(2), label: Some(Optional), r#type: Some(Float), type_name: None, extendee: None, default_value: None, oneof_index: None, json_name: Some("height"), options: None, proto3_optional: None }], extension: [], nested_type: [], enum_type: [], extension_range: [], oneof_decl: [], options: None, reserved_range: [], reserved_name: [] }, DescriptorProto { name: Some("AreaRequest"), field: [FieldDescriptorProto { name: Some("shapes"), number: Some(1), label: Some(Repeated), r#type: Some(Message), type_name: Some(".area_calculator.ShapeMessage"), extendee: None, default_value: None, oneof_index: None, json_name: Some("shapes"), options: None, proto3_optional: None }], extension: [], nested_type: [], enum_type: [], extension_range: [], oneof_decl: [], options: None, reserved_range: [], reserved_name: [] }, DescriptorProto { name: Some("AreaResponse"), field: [FieldDescriptorProto { name: Some("value"), number: Some(1), label: Some(Repeated), r#type: Some(Float), type_name: None, extendee: None, default_value: None, oneof_index: None, json_name: Some("value"), options: None, proto3_optional: None }], extension: [], nested_type: [], enum_type: [], extension_range: [], oneof_decl: [], options: None, reserved_range: [], reserved_name: [] }], enum_type: [], service: [ServiceDescriptorProto { name: Some("Calculator"), method: [MethodDescriptorProto { name: Some("calculateOne"), input_type: Some(".area_calculator.ShapeMessage"), output_type: Some(".area_calculator.AreaResponse"), options: Some(MethodOptions { deprecated: None, idempotency_level: None, uninterpreted_option: [] }), client_streaming: None, server_streaming: None }, MethodDescriptorProto { name: Some("calculateMulti"), input_type: Some(".area_calculator.AreaRequest"), output_type: Some(".area_calculator.AreaResponse"), options: Some(MethodOptions { deprecated: None, idempotency_level: None, uninterpreted_option: [] }), client_streaming: None, server_streaming: None }], options: None }], extension: [], options: Some(FileOptions { java_package: None, java_outer_classname: None, java_multiple_files: None, java_generate_equals_and_hash: None, java_string_check_utf8: None, optimize_for: None, go_package: Some("io.pact/area_calculator"), cc_generic_services: None, java_generic_services: None, py_generic_services: None, php_generic_services: Some(true), deprecated: None, cc_enable_arenas: None, objc_class_prefix: None, csharp_namespace: None, swift_prefix: None, php_class_prefix: None, php_namespace: None, php_metadata_namespace: None, ruby_package: None, uninterpreted_option: [] }), source_code_info: None, syntax: Some("proto3") }] }, service_name: "Calculator", message: SynchronousMessage { id: None, key: Some("c7fbe3ee"), description: "calculate rectangle area request", provider_states: [], comments: {"testname": String("io.pact.example.grpc.consumer.PactConsumerTest.calculateRectangleArea(MockServer, SynchronousMessages)")}, request: MessageContents { contents: Present(b"\x12\n\r\0\0@@\x15\0\0\x80@", Some(ContentType { main_type: "application", sub_type: "protobuf", attributes: {"message": "ShapeMessage"}, suffix: None }), Some(BINARY)), metadata: {}, matching_rules: MatchingRules { rules: {BODY: MatchingRuleCategory { name: BODY, rules: {DocPath { path_tokens: [Root, Field("rectangle"), Field("length")], expr: "$.rectangle.length" }: RuleList { rules: [Number], rule_logic: And, cascaded: false }, DocPath { path_tokens: [Root, Field("rectangle"), Field("width")], expr: "$.rectangle.width" }: RuleList { rules: [Number], rule_logic: And, cascaded: false }} }} }, generators: Generators { categories: {} } }, response: [MessageContents { contents: Present(b"\r\0\0@A", Some(ContentType { main_type: "application", sub_type: "protobuf", attributes: {"message": "AreaResponse"}, suffix: None }), Some(BINARY)), metadata: {}, matching_rules: MatchingRules { rules: {BODY: MatchingRuleCategory { name: BODY, rules: {DocPath { path_tokens: [Root, Field("value")], expr: "$.value" }: RuleList { rules: [Number], rule_logic: And, cascaded: false }} }} }, generators: Generators { categories: {} } }], pending: false, plugin_config: {"protobuf": {"service": String("Calculator/calculateOne"), "descriptorKey": String("a85dff8f82655a9681aad113575dcfbb")}}, interaction_markup: InteractionMarkup { markup: "```protobuf\nmessage ShapeMessage {\n    message .area_calculator.Rectangle rectangle = 2;\n}\n```\n\n```protobuf\nmessage AreaResponse {\n    float value = 1;\n}\n```\n", markup_type: "COMMON_MARK" }, transport: None }, method_descriptor: MethodDescriptorProto { name: Some("calculateOne"), input_type: Some(".area_calculator.ShapeMessage"), output_type: Some(".area_calculator.AreaResponse"), options: Some(MethodOptions { deprecated: None, idempotency_level: None, uninterpreted_option: [] }), client_streaming: None, server_streaming: None }, input_message: DescriptorProto { name: Some("ShapeMessage"), field: [FieldDescriptorProto { name: Some("square"), number: Some(1), label: Some(Optional), r#type: Some(Message), type_name: Some(".area_calculator.Square"), extendee: None, default_value: None, oneof_index: Some(0), json_name: Some("square"), options: None, proto3_optional: None }, FieldDescriptorProto { name: Some("rectangle"), number: Some(2), label: Some(Optional), r#type: Some(Message), type_name: Some(".area_calculator.Rectangle"), extendee: None, default_value: None, oneof_index: Some(0), json_name: Some("rectangle"), options: None, proto3_optional: None }, FieldDescriptorProto { name: Some("circle"), number: Some(3), label: Some(Optional), r#type: Some(Message), type_name: Some(".area_calculator.Circle"), extendee: None, default_value: None, oneof_index: Some(0), json_name: Some("circle"), options: None, proto3_optional: None }, FieldDescriptorProto { name: Some("triangle"), number: Some(4), label: Some(Optional), r#type: Some(Message), type_name: Some(".area_calculator.Triangle"), extendee: None, default_value: None, oneof_index: Some(0), json_name: Some("triangle"), options: None, proto3_optional: None }, FieldDescriptorProto { name: Some("parallelogram"), number: Some(5), label: Some(Optional), r#type: Some(Message), type_name: Some(".area_calculator.Parallelogram"), extendee: None, default_value: None, oneof_index: Some(0), json_name: Some("parallelogram"), options: None, proto3_optional: None }], extension: [], nested_type: [], enum_type: [], extension_range: [], oneof_decl: [OneofDescriptorProto { name: Some("shape"), options: None }], options: None, reserved_range: [], reserved_name: [] }, output_message: DescriptorProto { name: Some("AreaResponse"), field: [FieldDescriptorProto { name: Some("value"), number: Some(1), label: Some(Repeated), r#type: Some(Float), type_name: None, extendee: None, default_value: None, oneof_index: None, json_name: Some("value"), options: None, proto3_optional: None }], extension: [], nested_type: [], enum_type: [], extension_range: [], oneof_decl: [], options: None, reserved_range: [], reserved_name: [] }, server_key: "5cae5f82-fec2-43c6-9739-60d0383d84ec" } ?[3mrequest?[0m?[2m=?[0mDynamicMessage { descriptor: DescriptorProto { name: Some("ShapeMessage"), field: [FieldDescriptorProto { name: Some("square"), number: Some(1), label: Some(Optional), r#type: Some(Message), type_name: Some(".area_calculator.Square"), extendee: None, default_value: None, oneof_index: Some(0), json_name: Some("square"), options: None, proto3_optional: None }, FieldDescriptorProto { name: Some("rectangle"), number: Some(2), label: Some(Optional), r#type: Some(Message), type_name: Some(".area_calculator.Rectangle"), extendee: None, default_value: None, oneof_index: Some(0), json_name: Some("rectangle"), options: None, proto3_optional: None }, FieldDescriptorProto { name: Some("circle"), number: Some(3), label: Some(Optional), r#type: Some(Message), type_name: Some(".area_calculator.Circle"), extendee: None, default_value: None, oneof_index: Some(0), json_name: Some("circle"), options: None, proto3_optional: None }, FieldDescriptorProto { name: Some("triangle"), number: Some(4), label: Some(Optional), r#type: Some(Message), type_name: Some(".area_calculator.Triangle"), extendee: None, default_value: None, oneof_index: Some(0), json_name: Some("triangle"), options: None, proto3_optional: None }, FieldDescriptorProto { name: Some("parallelogram"), number: Some(5), label: Some(Optional), r#type: Some(Message), type_name: Some(".area_calculator.Parallelogram"), extendee: None, default_value: None, oneof_index: Some(0), json_name: Some("parallelogram"), options: None, proto3_optional: None }], extension: [], nested_type: [], enum_type: [], extension_range: [], oneof_decl: [OneofDescriptorProto { name: Some("shape"), options: None }], options: None, reserved_range: [], reserved_name: [] }, fields: [ProtobufField { field_num: 2, wire_type: LengthDelimited, data: Message([13, 0, 0, 64, 64, 21, 0, 0, 128, 64], DescriptorProto { name: Some("Rectangle"), field: [FieldDescriptorProto { name: Some("length"), number: Some(1), label: Some(Optional), r#type: Some(Float), type_name: None, extendee: None, default_value: None, oneof_index: None, json_name: Some("length"), options: None, proto3_optional: None }, FieldDescriptorProto { name: Some("width"), number: Some(2), label: Some(Optional), r#type: Some(Float), type_name: None, extendee: None, default_value: None, oneof_index: None, json_name: Some("width"), options: None, proto3_optional: None }], extension: [], nested_type: [], enum_type: [], extension_range: [], oneof_decl: [], options: None, reserved_range: [], reserved_name: [] }) }] } ?[3mmessage_descriptor?[0m?[2m=?[0mDescriptorProto { name: Some("ShapeMessage"), field: [FieldDescriptorProto { name: Some("square"), number: Some(1), label: Some(Optional), r#type: Some(Message), type_name: Some(".area_calculator.Square"), extendee: None, default_value: None, oneof_index: Some(0), json_name: Some("square"), options: None, proto3_optional: None }, FieldDescriptorProto { name: Some("rectangle"), number: Some(2), label: Some(Optional), r#type: Some(Message), type_name: Some(".area_calculator.Rectangle"), extendee: None, default_value: None, oneof_index: Some(0), json_name: Some("rectangle"), options: None, proto3_optional: None }, FieldDescriptorProto { name: Some("circle"), number: Some(3), label: Some(Optional), r#type: Some(Message), type_name: Some(".area_calculator.Circle"), extendee: None, default_value: None, oneof_index: Some(0), json_name: Some("circle"), options: None, proto3_optional: None }, FieldDescriptorProto { name: Some("triangle"), number: Some(4), label: Some(Optional), r#type: Some(Message), type_name: Some(".area_calculator.Triangle"), extendee: None, default_value: None, oneof_index: Some(0), json_name: Some("triangle"), options: None, proto3_optional: None }, FieldDescriptorProto { name: Some("parallelogram"), number: Some(5), label: Some(Optional), r#type: Some(Message), type_name: Some(".area_calculator.Parallelogram"), extendee: None, default_value: None, oneof_index: Some(0), json_name: Some("parallelogram"), options: None, proto3_optional: None }], extension: [], nested_type: [], enum_type: [], extension_range: [], oneof_decl: [OneofDescriptorProto { name: Some("shape"), options: None }], options: None, reserved_range: [], reserved_name: [] } ?[3mresponse_descriptor?[0m?[2m=?[0mDescriptorProto { name: Some("AreaResponse"), field: [FieldDescriptorProto { name: Some("value"), number: Some(1), label: Some(Repeated), r#type: Some(Float), type_name: None, extendee: None, default_value: None, oneof_index: None, json_name: Some("value"), options: None, proto3_optional: None }], extension: [], nested_type: [], enum_type: [], extension_range: [], oneof_decl: [], options: None, reserved_range: [], reserved_name: [] }?[1m}?[0m?[2m:?[0m ?[2mpact_protobuf_plugin::matching?[0m?[2m:?[0m compare_field($.rectangle.width, ProtobufField { field_num: 2, wire_type: ThirtyTwoBit, data: Float(4.0) }, FieldDescriptorProto { name: Some("width"), number: Some(2), label: Some(Optional), r#type: Some(Float), type_name: None, extendee: None, default_value: None, oneof_index: None, json_name: Some("width"), options: None, proto3_optional: None }, ProtobufField { field_num: 2, wire_type: ThirtyTwoBit, data: Float(4.0) })
15:05:16.540 [Thread-5] DEBUG i.pact.plugins.jvm.core.ChildProcess - Plugin protobuf [46038] || ?[2m2023-03-27T09:35:16.538743Z?[0m ?[35mTRACE?[0m tokio-runtime-worker ?[1mrequest?[0m?[1m{?[0m?[3mmethod?[0m?[2m=?[0mPOST ?[3muri?[0m?[2m=?[0mhttp://127.0.0.1:53791/area_calculator.Calculator/calculateOne ?[3mversion?[0m?[2m=?[0mHTTP/2.0?[1m}?[0m?[2m:?[0m?[1mcall?[0m?[1m{?[0m?[3mself?[0m?[2m=?[0mGrpcMockServer { pact: V4Pact { consumer: Consumer { name: "grpc-consumer-jvm" }, provider: Provider { name: "area-calculator-provider" }, interactions: [SynchronousMessage { id: None, key: Some("c7fbe3ee"), description: "calculate rectangle area request", provider_states: [], comments: {"testname": String("io.pact.example.grpc.consumer.PactConsumerTest.calculateRectangleArea(MockServer, SynchronousMessages)")}, request: MessageContents { contents: Present(b"\x12\n\r\0\0@@\x15\0\0\x80@", Some(ContentType { main_type: "application", sub_type: "protobuf", attributes: {"message": "ShapeMessage"}, suffix: None }), Some(BINARY)), metadata: {}, matching_rules: MatchingRules { rules: {BODY: MatchingRuleCategory { name: BODY, rules: {DocPath { path_tokens: [Root, Field("rectangle"), Field("length")], expr: "$.rectangle.length" }: RuleList { rules: [Number], rule_logic: And, cascaded: false }, DocPath { path_tokens: [Root, Field("rectangle"), Field("width")], expr: "$.rectangle.width" }: RuleList { rules: [Number], rule_logic: And, cascaded: false }} }} }, generators: Generators { categories: {} } }, response: [MessageContents { contents: Present(b"\r\0\0@A", Some(ContentType { main_type: "application", sub_type: "protobuf", attributes: {"message": "AreaResponse"}, suffix: None }), Some(BINARY)), metadata: {}, matching_rules: MatchingRules { rules: {BODY: MatchingRuleCategory { name: BODY, rules: {DocPath { path_tokens: [Root, Field("value")], expr: "$.value" }: RuleList { rules: [Number], rule_logic: And, cascaded: false }} }} }, generators: Generators { categories: {} } }], pending: false, plugin_config: {"protobuf": {"service": String("Calculator/calculateOne"), "descriptorKey": String("a85dff8f82655a9681aad113575dcfbb")}}, interaction_markup: InteractionMarkup { markup: "```protobuf\nmessage ShapeMessage {\n    message .area_calculator.Rectangle rectangle = 2;\n}\n```\n\n```protobuf\nmessage AreaResponse {\n    float value = 1;\n}\n```\n", markup_type: "COMMON_MARK" }, transport: None }], metadata: {"pact-jvm": Object({"version": String("4.4.2")}), "pactSpecification": Object({"version": String("4.0")})}, plugin_data: [PluginData { name: "protobuf", version: "0.1.5", configuration: {"a85dff8f82655a9681aad113575dcfbb": Object({"protoDescriptors": String("CsoHChVhcmVhX2NhbGN1bGF0b3IucHJvdG8SD2FyZWFfY2FsY3VsYXRvciK6AgoMU2hhcGVNZXNzYWdlEjEKBnNxdWFyZRgBIAEoCzIXLmFyZWFfY2FsY3VsYXRvci5TcXVhcmVIAFIGc3F1YXJlEjoKCXJlY3RhbmdsZRgCIAEoCzIaLmFyZWFfY2FsY3VsYXRvci5SZWN0YW5nbGVIAFIJcmVjdGFuZ2xlEjEKBmNpcmNsZRgDIAEoCzIXLmFyZWFfY2FsY3VsYXRvci5DaXJjbGVIAFIGY2lyY2xlEjcKCHRyaWFuZ2xlGAQgASgLMhkuYXJlYV9jYWxjdWxhdG9yLlRyaWFuZ2xlSABSCHRyaWFuZ2xlEkYKDXBhcmFsbGVsb2dyYW0YBSABKAsyHi5hcmVhX2NhbGN1bGF0b3IuUGFyYWxsZWxvZ3JhbUgAUg1wYXJhbGxlbG9ncmFtQgcKBXNoYXBlIikKBlNxdWFyZRIfCgtlZGdlX2xlbmd0aBgBIAEoAlIKZWRnZUxlbmd0aCI5CglSZWN0YW5nbGUSFgoGbGVuZ3RoGAEgASgCUgZsZW5ndGgSFAoFd2lkdGgYAiABKAJSBXdpZHRoIiAKBkNpcmNsZRIWCgZyYWRpdXMYASABKAJSBnJhZGl1cyJPCghUcmlhbmdsZRIVCgZlZGdlX2EYASABKAJSBWVkZ2VBEhUKBmVkZ2VfYhgCIAEoAlIFZWRnZUISFQoGZWRnZV9jGAMgASgCUgVlZGdlQyJICg1QYXJhbGxlbG9ncmFtEh8KC2Jhc2VfbGVuZ3RoGAEgASgCUgpiYXNlTGVuZ3RoEhYKBmhlaWdodBgCIAEoAlIGaGVpZ2h0IkQKC0FyZWFSZXF1ZXN0EjUKBnNoYXBlcxgBIAMoCzIdLmFyZWFfY2FsY3VsYXRvci5TaGFwZU1lc3NhZ2VSBnNoYXBlcyIkCgxBcmVhUmVzcG9uc2USFAoFdmFsdWUYASADKAJSBXZhbHVlMq0BCgpDYWxjdWxhdG9yEk4KDGNhbGN1bGF0ZU9uZRIdLmFyZWFfY2FsY3VsYXRvci5TaGFwZU1lc3NhZ2UaHS5hcmVhX2NhbGN1bGF0b3IuQXJlYVJlc3BvbnNlIgASTwoOY2FsY3VsYXRlTXVsdGkSHC5hcmVhX2NhbGN1bGF0b3IuQXJlYVJlcXVlc3QaHS5hcmVhX2NhbGN1bGF0b3IuQXJlYVJlc3BvbnNlIgBCHFoXaW8ucGFjdC9hcmVhX2NhbGN1bGF0b3LQAgFiBnByb3RvMw=="), "protoFile": String("syntax = \"proto3\";\n\npackage area_calculator;\n\noption php_generic_services = true;\noption go_package = \"io.pact/area_calculator\";\n\nservice Calculator {\n  rpc calculateOne (ShapeMessage) returns (AreaResponse) {}\n  rpc calculateMulti (AreaRequest) returns (AreaResponse) {}\n}\n\nmessage ShapeMessage {\n  oneof shape {\n    Square square = 1;\n    Rectangle rectangle = 2;\n    Circle circle = 3;\n    Triangle triangle = 4;\n    Parallelogram parallelogram = 5;\n  }\n}\n\nmessage Square {\n  float edge_length = 1;\n}\n\nmessage Rectangle {\n  float length = 1;\n  float width = 2;\n}\n\nmessage Circle {\n  float radius = 1;\n}\n\nmessage Triangle {\n  float edge_a = 1;\n  float edge_b = 2;\n  float edge_c = 3;\n}\n\nmessage Parallelogram {\n  float base_length = 1;\n  float height = 2;\n}\n\nmessage AreaRequest {\n  repeated ShapeMessage shapes = 1;\n}\n\nmessage AreaResponse {\n  repeated float value = 1;\n}\n")})} }] }, plugin_config: PluginData { name: "protobuf", version: "0.1.5", configuration: {"a85dff8f82655a9681aad113575dcfbb": Object({"protoDescriptors": String("CsoHChVhcmVhX2NhbGN1bGF0b3IucHJvdG8SD2FyZWFfY2FsY3VsYXRvciK6AgoMU2hhcGVNZXNzYWdlEjEKBnNxdWFyZRgBIAEoCzIXLmFyZWFfY2FsY3VsYXRvci5TcXVhcmVIAFIGc3F1YXJlEjoKCXJlY3RhbmdsZRgCIAEoCzIaLmFyZWFfY2FsY3VsYXRvci5SZWN0YW5nbGVIAFIJcmVjdGFuZ2xlEjEKBmNpcmNsZRgDIAEoCzIXLmFyZWFfY2FsY3VsYXRvci5DaXJjbGVIAFIGY2lyY2xlEjcKCHRyaWFuZ2xlGAQgASgLMhkuYXJlYV9jYWxjdWxhdG9yLlRyaWFuZ2xlSABSCHRyaWFuZ2xlEkYKDXBhcmFsbGVsb2dyYW0YBSABKAsyHi5hcmVhX2NhbGN1bGF0b3IuUGFyYWxsZWxvZ3JhbUgAUg1wYXJhbGxlbG9ncmFtQgcKBXNoYXBlIikKBlNxdWFyZRIfCgtlZGdlX2xlbmd0aBgBIAEoAlIKZWRnZUxlbmd0aCI5CglSZWN0YW5nbGUSFgoGbGVuZ3RoGAEgASgCUgZsZW5ndGgSFAoFd2lkdGgYAiABKAJSBXdpZHRoIiAKBkNpcmNsZRIWCgZyYWRpdXMYASABKAJSBnJhZGl1cyJPCghUcmlhbmdsZRIVCgZlZGdlX2EYASABKAJSBWVkZ2VBEhUKBmVkZ2VfYhgCIAEoAlIFZWRnZUISFQoGZWRnZV9jGAMgASgCUgVlZGdlQyJICg1QYXJhbGxlbG9ncmFtEh8KC2Jhc2VfbGVuZ3RoGAEgASgCUgpiYXNlTGVuZ3RoEhYKBmhlaWdodBgCIAEoAlIGaGVpZ2h0IkQKC0FyZWFSZXF1ZXN0EjUKBnNoYXBlcxgBIAMoCzIdLmFyZWFfY2FsY3VsYXRvci5TaGFwZU1lc3NhZ2VSBnNoYXBlcyIkCgxBcmVhUmVzcG9uc2USFAoFdmFsdWUYASADKAJSBXZhbHVlMq0BCgpDYWxjdWxhdG9yEk4KDGNhbGN1bGF0ZU9uZRIdLmFyZWFfY2FsY3VsYXRvci5TaGFwZU1lc3NhZ2UaHS5hcmVhX2NhbGN1bGF0b3IuQXJlYVJlc3BvbnNlIgASTwoOY2FsY3VsYXRlTXVsdGkSHC5hcmVhX2NhbGN1bGF0b3IuQXJlYVJlcXVlc3QaHS5hcmVhX2NhbGN1bGF0b3IuQXJlYVJlc3BvbnNlIgBCHFoXaW8ucGFjdC9hcmVhX2NhbGN1bGF0b3LQAgFiBnByb3RvMw=="), "protoFile": String("syntax = \"proto3\";\n\npackage area_calculator;\n\noption php_generic_services = true;\noption go_package = \"io.pact/area_calculator\";\n\nservice Calculator {\n  rpc calculateOne (ShapeMessage) returns (AreaResponse) {}\n  rpc calculateMulti (AreaRequest) returns (AreaResponse) {}\n}\n\nmessage ShapeMessage {\n  oneof shape {\n    Square square = 1;\n    Rectangle rectangle = 2;\n    Circle circle = 3;\n    Triangle triangle = 4;\n    Parallelogram parallelogram = 5;\n  }\n}\n\nmessage Square {\n  float edge_length = 1;\n}\n\nmessage Rectangle {\n  float length = 1;\n  float width = 2;\n}\n\nmessage Circle {\n  float radius = 1;\n}\n\nmessage Triangle {\n  float edge_a = 1;\n  float edge_b = 2;\n  float edge_c = 3;\n}\n\nmessage Parallelogram {\n  float base_length = 1;\n  float height = 2;\n}\n\nmessage AreaRequest {\n  repeated ShapeMessage shapes = 1;\n}\n\nmessage AreaResponse {\n  repeated float value = 1;\n}\n")})} }, descriptors: {"a85dff8f82655a9681aad113575dcfbb": FileDescriptorSet { file: [FileDescriptorProto { name: Some("area_calculator.proto"), package: Some("area_calculator"), dependency: [], public_dependency: [], weak_dependency: [], message_type: [DescriptorProto { name: Some("ShapeMessage"), field: [FieldDescriptorProto { name: Some("square"), number: Some(1), label: Some(Optional), r#type: Some(Message), type_name: Some(".area_calculator.Square"), extendee: None, default_value: None, oneof_index: Some(0), json_name: Some("square"), options: None, proto3_optional: None }, FieldDescriptorProto { name: Some("rectangle"), number: Some(2), label: Some(Optional), r#type: Some(Message), type_name: Some(".area_calculator.Rectangle"), extendee: None, default_value: None, oneof_index: Some(0), json_name: Some("rectangle"), options: None, proto3_optional: None }, FieldDescriptorProto { name: Some("circle"), number: Some(3), label: Some(Optional), r#type: Some(Message), type_name: Some(".area_calculator.Circle"), extendee: None, default_value: None, oneof_index: Some(0), json_name: Some("circle"), options: None, proto3_optional: None }, FieldDescriptorProto { name: Some("triangle"), number: Some(4), label: Some(Optional), r#type: Some(Message), type_name: Some(".area_calculator.Triangle"), extendee: None, default_value: None, oneof_index: Some(0), json_name: Some("triangle"), options: None, proto3_optional: None }, FieldDescriptorProto { name: Some("parallelogram"), number: Some(5), label: Some(Optional), r#type: Some(Message), type_name: Some(".area_calculator.Parallelogram"), extendee: None, default_value: None, oneof_index: Some(0), json_name: Some("parallelogram"), options: None, proto3_optional: None }], extension: [], nested_type: [], enum_type: [], extension_range: [], oneof_decl: [OneofDescriptorProto { name: Some("shape"), options: None }], options: None, reserved_range: [], reserved_name: [] }, DescriptorProto { name: Some("Square"), field: [FieldDescriptorProto { name: Some("edge_length"), number: Some(1), label: Some(Optional), r#type: Some(Float), type_name: None, extendee: None, default_value: None, oneof_index: None, json_name: Some("edgeLength"), options: None, proto3_optional: None }], extension: [], nested_type: [], enum_type: [], extension_range: [], oneof_decl: [], options: None, reserved_range: [], reserved_name: [] }, DescriptorProto { name: Some("Rectangle"), field: [FieldDescriptorProto { name: Some("length"), number: Some(1), label: Some(Optional), r#type: Some(Float), type_name: None, extendee: None, default_value: None, oneof_index: None, json_name: Some("length"), options: None, proto3_optional: None }, FieldDescriptorProto { name: Some("width"), number: Some(2), label: Some(Optional), r#type: Some(Float), type_name: None, extendee: None, default_value: None, oneof_index: None, json_name: Some("width"), options: None, proto3_optional: None }], extension: [], nested_type: [], enum_type: [], extension_range: [], oneof_decl: [], options: None, reserved_range: [], reserved_name: [] }, DescriptorProto { name: Some("Circle"), field: [FieldDescriptorProto { name: Some("radius"), number: Some(1), label: Some(Optional), r#type: Some(Float), type_name: None, extendee: None, default_value: None, oneof_index: None, json_name: Some("radius"), options: None, proto3_optional: None }], extension: [], nested_type: [], enum_type: [], extension_range: [], oneof_decl: [], options: None, reserved_range: [], reserved_name: [] }, DescriptorProto { name: Some("Triangle"), field: [FieldDescriptorProto { name: Some("edge_a"), number: Some(1), label: Some(Optional), r#type: Some(Float), type_name: None, extendee: None, default_value: None, oneof_index: None, json_name: Some("edgeA"), options: None, proto3_optional: None }, FieldDescriptorProto { name: Some("edge_b"), number: Some(2), label: Some(Optional), r#type: Some(Float), type_name: None, extendee: None, default_value: None, oneof_index: None, json_name: Some("edgeB"), options: None, proto3_optional: None }, FieldDescriptorProto { name: Some("edge_c"), number: Some(3), label: Some(Optional), r#type: Some(Float), type_name: None, extendee: None, default_value: None, oneof_index: None, json_name: Some("edgeC"), options: None, proto3_optional: None }], extension: [], nested_type: [], enum_type: [], extension_range: [], oneof_decl: [], options: None, reserved_range: [], reserved_name: [] }, DescriptorProto { name: Some("Parallelogram"), field: [FieldDescriptorProto { name: Some("base_length"), number: Some(1), label: Some(Optional), r#type: Some(Float), type_name: None, extendee: None, default_value: None, oneof_index: None, json_name: Some("baseLength"), options: None, proto3_optional: None }, FieldDescriptorProto { name: Some("height"), number: Some(2), label: Some(Optional), r#type: Some(Float), type_name: None, extendee: None, default_value: None, oneof_index: None, json_name: Some("height"), options: None, proto3_optional: None }], extension: [], nested_type: [], enum_type: [], extension_range: [], oneof_decl: [], options: None, reserved_range: [], reserved_name: [] }, DescriptorProto { name: Some("AreaRequest"), field: [FieldDescriptorProto { name: Some("shapes"), number: Some(1), label: Some(Repeated), r#type: Some(Message), type_name: Some(".area_calculator.ShapeMessage"), extendee: None, default_value: None, oneof_index: None, json_name: Some("shapes"), options: None, proto3_optional: None }], extension: [], nested_type: [], enum_type: [], extension_range: [], oneof_decl: [], options: None, reserved_range: [], reserved_name: [] }, DescriptorProto { name: Some("AreaResponse"), field: [FieldDescriptorProto { name: Some("value"), number: Some(1), label: Some(Repeated), r#type: Some(Float), type_name: None, extendee: None, default_value: None, oneof_index: None, json_name: Some("value"), options: None, proto3_optional: None }], extension: [], nested_type: [], enum_type: [], extension_range: [], oneof_decl: [], options: None, reserved_range: [], reserved_name: [] }], enum_type: [], service: [ServiceDescriptorProto { name: Some("Calculator"), method: [MethodDescriptorProto { name: Some("calculateOne"), input_type: Some(".area_calculator.ShapeMessage"), output_type: Some(".area_calculator.AreaResponse"), options: Some(MethodOptions { deprecated: None, idempotency_level: None, uninterpreted_option: [] }), client_streaming: None, server_streaming: None }, MethodDescriptorProto { name: Some("calculateMulti"), input_type: Some(".area_calculator.AreaRequest"), output_type: Some(".area_calculator.AreaResponse"), options: Some(MethodOptions { deprecated: None, idempotency_level: None, uninterpreted_option: [] }), client_streaming: None, server_streaming: None }], options: None }], extension: [], options: Some(FileOptions { java_package: None, java_outer_classname: None, java_multiple_files: None, java_generate_equals_and_hash: None, java_string_check_utf8: None, optimize_for: None, go_package: Some("io.pact/area_calculator"), cc_generic_services: None, java_generic_services: None, py_generic_services: None, php_generic_services: Some(true), deprecated: None, cc_enable_arenas: None, objc_class_prefix: None, csharp_namespace: None, swift_prefix: None, php_class_prefix: None, php_namespace: None, php_metadata_namespace: None, ruby_package: None, uninterpreted_option: [] }), source_code_info: None, syntax: Some("proto3") }] }}, routes: {"Calculator/calculateOne": (FileDescriptorSet { file: [FileDescriptorProto { name: Some("area_calculator.proto"), package: Some("area_calculator"), dependency: [], public_dependency: [], weak_dependency: [], message_type: [DescriptorProto { name: Some("ShapeMessage"), field: [FieldDescriptorProto { name: Some("square"), number: Some(1), label: Some(Optional), r#type: Some(Message), type_name: Some(".area_calculator.Square"), extendee: None, default_value: None, oneof_index: Some(0), json_name: Some("square"), options: None, proto3_optional: None }, FieldDescriptorProto { name: Some("rectangle"), number: Some(2), label: Some(Optional), r#type: Some(Message), type_name: Some(".area_calculator.Rectangle"), extendee: None, default_value: None, oneof_index: Some(0), json_name: Some("rectangle"), options: None, proto3_optional: None }, FieldDescriptorProto { name: Some("circle"), number: Some(3), label: Some(Optional), r#type: Some(Message), type_name: Some(".area_calculator.Circle"), extendee: None, default_value: None, oneof_index: Some(0), json_name: Some("circle"), options: None, proto3_optional: None }, FieldDescriptorProto { name: Some("triangle"), number: Some(4), label: Some(Optional), r#type: Some(Message), type_name: Some(".area_calculator.Triangle"), extendee: None, default_value: None, oneof_index: Some(0), json_name: Some("triangle"), options: None, proto3_optional: None }, FieldDescriptorProto { name: Some("parallelogram"), number: Some(5), label: Some(Optional), r#type: Some(Message), type_name: Some(".area_calculator.Parallelogram"), extendee: None, default_value: None, oneof_index: Some(0), json_name: Some("parallelogram"), options: None, proto3_optional: None }], extension: [], nested_type: [], enum_type: [], extension_range: [], oneof_decl: [OneofDescriptorProto { name: Some("shape"), options: None }], options: None, reserved_range: [], reserved_name: [] }, DescriptorProto { name: Some("Square"), field: [FieldDescriptorProto { name: Some("edge_length"), number: Some(1), label: Some(Optional), r#type: Some(Float), type_name: None, extendee: None, default_value: None, oneof_index: None, json_name: Some("edgeLength"), options: None, proto3_optional: None }], extension: [], nested_type: [], enum_type: [], extension_range: [], oneof_decl: [], options: None, reserved_range: [], reserved_name: [] }, DescriptorProto { name: Some("Rectangle"), field: [FieldDescriptorProto { name: Some("length"), number: Some(1), label: Some(Optional), r#type: Some(Float), type_name: None, extendee: None, default_value: None, oneof_index: None, json_name: Some("length"), options: None, proto3_optional: None }, FieldDescriptorProto { name: Some("width"), number: Some(2), label: Some(Optional), r#type: Some(Float), type_name: None, extendee: None, default_value: None, oneof_index: None, json_name: Some("width"), options: None, proto3_optional: None }], extension: [], nested_type: [], enum_type: [], extension_range: [], oneof_decl: [], options: None, reserved_range: [], reserved_name: [] }, DescriptorProto { name: Some("Circle"), field: [FieldDescriptorProto { name: Some("radius"), number: Some(1), label: Some(Optional), r#type: Some(Float), type_name: None, extendee: None, default_value: None, oneof_index: None, json_name: Some("radius"), options: None, proto3_optional: None }], extension: [], nested_type: [], enum_type: [], extension_range: [], oneof_decl: [], options: None, reserved_range: [], reserved_name: [] }, DescriptorProto { name: Some("Triangle"), field: [FieldDescriptorProto { name: Some("edge_a"), number: Some(1), label: Some(Optional), r#type: Some(Float), type_name: None, extendee: None, default_value: None, oneof_index: None, json_name: Some("edgeA"), options: None, proto3_optional: None }, FieldDescriptorProto { name: Some("edge_b"), number: Some(2), label: Some(Optional), r#type: Some(Float), type_name: None, extendee: None, default_value: None, oneof_index: None, json_name: Some("edgeB"), options: None, proto3_optional: None }, FieldDescriptorProto { name: Some("edge_c"), number: Some(3), label: Some(Optional), r#type: Some(Float), type_name: None, extendee: None, default_value: None, oneof_index: None, json_name: Some("edgeC"), options: None, proto3_optional: None }], extension: [], nested_type: [], enum_type: [], extension_range: [], oneof_decl: [], options: None, reserved_range: [], reserved_name: [] }, DescriptorProto { name: Some("Parallelogram"), field: [FieldDescriptorProto { name: Some("base_length"), number: Some(1), label: Some(Optional), r#type: Some(Float), type_name: None, extendee: None, default_value: None, oneof_index: None, json_name: Some("baseLength"), options: None, proto3_optional: None }, FieldDescriptorProto { name: Some("height"), number: Some(2), label: Some(Optional), r#type: Some(Float), type_name: None, extendee: None, default_value: None, oneof_index: None, json_name: Some("height"), options: None, proto3_optional: None }], extension: [], nested_type: [], enum_type: [], extension_range: [], oneof_decl: [], options: None, reserved_range: [], reserved_name: [] }, DescriptorProto { name: Some("AreaRequest"), field: [FieldDescriptorProto { name: Some("shapes"), number: Some(1), label: Some(Repeated), r#type: Some(Message), type_name: Some(".area_calculator.ShapeMessage"), extendee: None, default_value: None, oneof_index: None, json_name: Some("shapes"), options: None, proto3_optional: None }], extension: [], nested_type: [], enum_type: [], extension_range: [], oneof_decl: [], options: None, reserved_range: [], reserved_name: [] }, DescriptorProto { name: Some("AreaResponse"), field: [FieldDescriptorProto { name: Some("value"), number: Some(1), label: Some(Repeated), r#type: Some(Float), type_name: None, extendee: None, default_value: None, oneof_index: None, json_name: Some("value"), options: None, proto3_optional: None }], extension: [], nested_type: [], enum_type: [], extension_range: [], oneof_decl: [], options: None, reserved_range: [], reserved_name: [] }], enum_type: [], service: [ServiceDescriptorProto { name: Some("Calculator"), method: [MethodDescriptorProto { name: Some("calculateOne"), input_type: Some(".area_calculator.ShapeMessage"), output_type: Some(".area_calculator.AreaResponse"), options: Some(MethodOptions { deprecated: None, idempotency_level: None, uninterpreted_option: [] }), client_streaming: None, server_streaming: None }, MethodDescriptorProto { name: Some("calculateMulti"), input_type: Some(".area_calculator.AreaRequest"), output_type: Some(".area_calculator.AreaResponse"), options: Some(MethodOptions { deprecated: None, idempotency_level: None, uninterpreted_option: [] }), client_streaming: None, server_streaming: None }], options: None }], extension: [], options: Some(FileOptions { java_package: None, java_outer_classname: None, java_multiple_files: None, java_generate_equals_and_hash: None, java_string_check_utf8: None, optimize_for: None, go_package: Some("io.pact/area_calculator"), cc_generic_services: None, java_generic_services: None, py_generic_services: None, php_generic_services: Some(true), deprecated: None, cc_enable_arenas: None, objc_class_prefix: None, csharp_namespace: None, swift_prefix: None, php_class_prefix: None, php_namespace: None, php_metadata_namespace: None, ruby_package: None, uninterpreted_option: [] }), source_code_info: None, syntax: Some("proto3") }] }, MethodDescriptorProto { name: Some("calculateOne"), input_type: Some(".area_calculator.ShapeMessage"), output_type: Some(".area_calculator.AreaResponse"), options: Some(MethodOptions { deprecated: None, idempotency_level: None, uninterpreted_option: [] }), client_streaming: None, server_streaming: None }, SynchronousMessage { id: None, key: Some("c7fbe3ee"), description: "calculate rectangle area request", provider_states: [], comments: {"testname": String("io.pact.example.grpc.consumer.PactConsumerTest.calculateRectangleArea(MockServer, SynchronousMessages)")}, request: MessageContents { contents: Present(b"\x12\n\r\0\0@@\x15\0\0\x80@", Some(ContentType { main_type: "application", sub_type: "protobuf", attributes: {"message": "ShapeMessage"}, suffix: None }), Some(BINARY)), metadata: {}, matching_rules: MatchingRules { rules: {BODY: MatchingRuleCategory { name: BODY, rules: {DocPath { path_tokens: [Root, Field("rectangle"), Field("length")], expr: "$.rectangle.length" }: RuleList { rules: [Number], rule_logic: And, cascaded: false }, DocPath { path_tokens: [Root, Field("rectangle"), Field("width")], expr: "$.rectangle.width" }: RuleList { rules: [Number], rule_logic: And, cascaded: false }} }} }, generators: Generators { categories: {} } }, response: [MessageContents { contents: Present(b"\r\0\0@A", Some(ContentType { main_type: "application", sub_type: "protobuf", attributes: {"message": "AreaResponse"}, suffix: None }), Some(BINARY)), metadata: {}, matching_rules: MatchingRules { rules: {BODY: MatchingRuleCategory { name: BODY, rules: {DocPath { path_tokens: [Root, Field("value")], expr: "$.value" }: RuleList { rules: [Number], rule_logic: And, cascaded: false }} }} }, generators: Generators { categories: {} } }], pending: false, plugin_config: {"protobuf": {"service": String("Calculator/calculateOne"), "descriptorKey": String("a85dff8f82655a9681aad113575dcfbb")}}, interaction_markup: InteractionMarkup { markup: "```protobuf\nmessage ShapeMessage {\n    message .area_calculator.Rectangle rectangle = 2;\n}\n```\n\n```protobuf\nmessage AreaResponse {\n    float value = 1;\n}\n```\n", markup_type: "COMMON_MARK" }, transport: None })}, server_key: "5cae5f82-fec2-43c6-9739-60d0383d84ec" } ?[3mreq?[0m?[2m=?[0mRequest { method: POST, uri: http://127.0.0.1:53791/area_calculator.Calculator/calculateOne, version: HTTP/2.0, headers: {"content-type": "application/grpc", "te": "trailers", "user-agent": "grpc-java-netty/1.49.0", "grpc-accept-encoding": "gzip"}, body: Body(Streaming) }?[1m}?[0m?[2m:?[0m?[1mmock_server_handler?[0m?[1m{?[0m?[3mkey?[0m?[2m=?[0m"5cae5f82-fec2-43c6-9739-60d0383d84ec"?[1m}?[0m?[2m:?[0m?[1mhandle_message?[0m?[1m{?[0m?[3mself?[0m?[2m=?[0mMockService { file_descriptor_set: FileDescriptorSet { file: [FileDescriptorProto { name: Some("area_calculator.proto"), package: Some("area_calculator"), dependency: [], public_dependency: [], weak_dependency: [], message_type: [DescriptorProto { name: Some("ShapeMessage"), field: [FieldDescriptorProto { name: Some("square"), number: Some(1), label: Some(Optional), r#type: Some(Message), type_name: Some(".area_calculator.Square"), extendee: None, default_value: None, oneof_index: Some(0), json_name: Some("square"), options: None, proto3_optional: None }, FieldDescriptorProto { name: Some("rectangle"), number: Some(2), label: Some(Optional), r#type: Some(Message), type_name: Some(".area_calculator.Rectangle"), extendee: None, default_value: None, oneof_index: Some(0), json_name: Some("rectangle"), options: None, proto3_optional: None }, FieldDescriptorProto { name: Some("circle"), number: Some(3), label: Some(Optional), r#type: Some(Message), type_name: Some(".area_calculator.Circle"), extendee: None, default_value: None, oneof_index: Some(0), json_name: Some("circle"), options: None, proto3_optional: None }, FieldDescriptorProto { name: Some("triangle"), number: Some(4), label: Some(Optional), r#type: Some(Message), type_name: Some(".area_calculator.Triangle"), extendee: None, default_value: None, oneof_index: Some(0), json_name: Some("triangle"), options: None, proto3_optional: None }, FieldDescriptorProto { name: Some("parallelogram"), number: Some(5), label: Some(Optional), r#type: Some(Message), type_name: Some(".area_calculator.Parallelogram"), extendee: None, default_value: None, oneof_index: Some(0), json_name: Some("parallelogram"), options: None, proto3_optional: None }], extension: [], nested_type: [], enum_type: [], extension_range: [], oneof_decl: [OneofDescriptorProto { name: Some("shape"), options: None }], options: None, reserved_range: [], reserved_name: [] }, DescriptorProto { name: Some("Square"), field: [FieldDescriptorProto { name: Some("edge_length"), number: Some(1), label: Some(Optional), r#type: Some(Float), type_name: None, extendee: None, default_value: None, oneof_index: None, json_name: Some("edgeLength"), options: None, proto3_optional: None }], extension: [], nested_type: [], enum_type: [], extension_range: [], oneof_decl: [], options: None, reserved_range: [], reserved_name: [] }, DescriptorProto { name: Some("Rectangle"), field: [FieldDescriptorProto { name: Some("length"), number: Some(1), label: Some(Optional), r#type: Some(Float), type_name: None, extendee: None, default_value: None, oneof_index: None, json_name: Some("length"), options: None, proto3_optional: None }, FieldDescriptorProto { name: Some("width"), number: Some(2), label: Some(Optional), r#type: Some(Float), type_name: None, extendee: None, default_value: None, oneof_index: None, json_name: Some("width"), options: None, proto3_optional: None }], extension: [], nested_type: [], enum_type: [], extension_range: [], oneof_decl: [], options: None, reserved_range: [], reserved_name: [] }, DescriptorProto { name: Some("Circle"), field: [FieldDescriptorProto { name: Some("radius"), number: Some(1), label: Some(Optional), r#type: Some(Float), type_name: None, extendee: None, default_value: None, oneof_index: None, json_name: Some("radius"), options: None, proto3_optional: None }], extension: [], nested_type: [], enum_type: [], extension_range: [], oneof_decl: [], options: None, reserved_range: [], reserved_name: [] }, DescriptorProto { name: Some("Triangle"), field: [FieldDescriptorProto { name: Some("edge_a"), number: Some(1), label: Some(Optional), r#type: Some(Float), type_name: None, extendee: None, default_value: None, oneof_index: None, json_name: Some("edgeA"), options: None, proto3_optional: None }, FieldDescriptorProto { name: Some("edge_b"), number: Some(2), label: Some(Optional), r#type: Some(Float), type_name: None, extendee: None, default_value: None, oneof_index: None, json_name: Some("edgeB"), options: None, proto3_optional: None }, FieldDescriptorProto { name: Some("edge_c"), number: Some(3), label: Some(Optional), r#type: Some(Float), type_name: None, extendee: None, default_value: None, oneof_index: None, json_name: Some("edgeC"), options: None, proto3_optional: None }], extension: [], nested_type: [], enum_type: [], extension_range: [], oneof_decl: [], options: None, reserved_range: [], reserved_name: [] }, DescriptorProto { name: Some("Parallelogram"), field: [FieldDescriptorProto { name: Some("base_length"), number: Some(1), label: Some(Optional), r#type: Some(Float), type_name: None, extendee: None, default_value: None, oneof_index: None, json_name: Some("baseLength"), options: None, proto3_optional: None }, FieldDescriptorProto { name: Some("height"), number: Some(2), label: Some(Optional), r#type: Some(Float), type_name: None, extendee: None, default_value: None, oneof_index: None, json_name: Some("height"), options: None, proto3_optional: None }], extension: [], nested_type: [], enum_type: [], extension_range: [], oneof_decl: [], options: None, reserved_range: [], reserved_name: [] }, DescriptorProto { name: Some("AreaRequest"), field: [FieldDescriptorProto { name: Some("shapes"), number: Some(1), label: Some(Repeated), r#type: Some(Message), type_name: Some(".area_calculator.ShapeMessage"), extendee: None, default_value: None, oneof_index: None, json_name: Some("shapes"), options: None, proto3_optional: None }], extension: [], nested_type: [], enum_type: [], extension_range: [], oneof_decl: [], options: None, reserved_range: [], reserved_name: [] }, DescriptorProto { name: Some("AreaResponse"), field: [FieldDescriptorProto { name: Some("value"), number: Some(1), label: Some(Repeated), r#type: Some(Float), type_name: None, extendee: None, default_value: None, oneof_index: None, json_name: Some("value"), options: None, proto3_optional: None }], extension: [], nested_type: [], enum_type: [], extension_range: [], oneof_decl: [], options: None, reserved_range: [], reserved_name: [] }], enum_type: [], service: [ServiceDescriptorProto { name: Some("Calculator"), method: [MethodDescriptorProto { name: Some("calculateOne"), input_type: Some(".area_calculator.ShapeMessage"), output_type: Some(".area_calculator.AreaResponse"), options: Some(MethodOptions { deprecated: None, idempotency_level: None, uninterpreted_option: [] }), client_streaming: None, server_streaming: None }, MethodDescriptorProto { name: Some("calculateMulti"), input_type: Some(".area_calculator.AreaRequest"), output_type: Some(".area_calculator.AreaResponse"), options: Some(MethodOptions { deprecated: None, idempotency_level: None, uninterpreted_option: [] }), client_streaming: None, server_streaming: None }], options: None }], extension: [], options: Some(FileOptions { java_package: None, java_outer_classname: None, java_multiple_files: None, java_generate_equals_and_hash: None, java_string_check_utf8: None, optimize_for: None, go_package: Some("io.pact/area_calculator"), cc_generic_services: None, java_generic_services: None, py_generic_services: None, php_generic_services: Some(true), deprecated: None, cc_enable_arenas: None, objc_class_prefix: None, csharp_namespace: None, swift_prefix: None, php_class_prefix: None, php_namespace: None, php_metadata_namespace: None, ruby_package: None, uninterpreted_option: [] }), source_code_info: None, syntax: Some("proto3") }] }, service_name: "Calculator", message: SynchronousMessage { id: None, key: Some("c7fbe3ee"), description: "calculate rectangle area request", provider_states: [], comments: {"testname": String("io.pact.example.grpc.consumer.PactConsumerTest.calculateRectangleArea(MockServer, SynchronousMessages)")}, request: MessageContents { contents: Present(b"\x12\n\r\0\0@@\x15\0\0\x80@", Some(ContentType { main_type: "application", sub_type: "protobuf", attributes: {"message": "ShapeMessage"}, suffix: None }), Some(BINARY)), metadata: {}, matching_rules: MatchingRules { rules: {BODY: MatchingRuleCategory { name: BODY, rules: {DocPath { path_tokens: [Root, Field("rectangle"), Field("length")], expr: "$.rectangle.length" }: RuleList { rules: [Number], rule_logic: And, cascaded: false }, DocPath { path_tokens: [Root, Field("rectangle"), Field("width")], expr: "$.rectangle.width" }: RuleList { rules: [Number], rule_logic: And, cascaded: false }} }} }, generators: Generators { categories: {} } }, response: [MessageContents { contents: Present(b"\r\0\0@A", Some(ContentType { main_type: "application", sub_type: "protobuf", attributes: {"message": "AreaResponse"}, suffix: None }), Some(BINARY)), metadata: {}, matching_rules: MatchingRules { rules: {BODY: MatchingRuleCategory { name: BODY, rules: {DocPath { path_tokens: [Root, Field("value")], expr: "$.value" }: RuleList { rules: [Number], rule_logic: And, cascaded: false }} }} }, generators: Generators { categories: {} } }], pending: false, plugin_config: {"protobuf": {"service": String("Calculator/calculateOne"), "descriptorKey": String("a85dff8f82655a9681aad113575dcfbb")}}, interaction_markup: InteractionMarkup { markup: "```protobuf\nmessage ShapeMessage {\n    message .area_calculator.Rectangle rectangle = 2;\n}\n```\n\n```protobuf\nmessage AreaResponse {\n    float value = 1;\n}\n```\n", markup_type: "COMMON_MARK" }, transport: None }, method_descriptor: MethodDescriptorProto { name: Some("calculateOne"), input_type: Some(".area_calculator.ShapeMessage"), output_type: Some(".area_calculator.AreaResponse"), options: Some(MethodOptions { deprecated: None, idempotency_level: None, uninterpreted_option: [] }), client_streaming: None, server_streaming: None }, input_message: DescriptorProto { name: Some("ShapeMessage"), field: [FieldDescriptorProto { name: Some("square"), number: Some(1), label: Some(Optional), r#type: Some(Message), type_name: Some(".area_calculator.Square"), extendee: None, default_value: None, oneof_index: Some(0), json_name: Some("square"), options: None, proto3_optional: None }, FieldDescriptorProto { name: Some("rectangle"), number: Some(2), label: Some(Optional), r#type: Some(Message), type_name: Some(".area_calculator.Rectangle"), extendee: None, default_value: None, oneof_index: Some(0), json_name: Some("rectangle"), options: None, proto3_optional: None }, FieldDescriptorProto { name: Some("circle"), number: Some(3), label: Some(Optional), r#type: Some(Message), type_name: Some(".area_calculator.Circle"), extendee: None, default_value: None, oneof_index: Some(0), json_name: Some("circle"), options: None, proto3_optional: None }, FieldDescriptorProto { name: Some("triangle"), number: Some(4), label: Some(Optional), r#type: Some(Message), type_name: Some(".area_calculator.Triangle"), extendee: None, default_value: None, oneof_index: Some(0), json_name: Some("triangle"), options: None, proto3_optional: None }, FieldDescriptorProto { name: Some("parallelogram"), number: Some(5), label: Some(Optional), r#type: Some(Message), type_name: Some(".area_calculator.Parallelogram"), extendee: None, default_value: None, oneof_index: Some(0), json_name: Some("parallelogram"), options: None, proto3_optional: None }], extension: [], nested_type: [], enum_type: [], extension_range: [], oneof_decl: [OneofDescriptorProto { name: Some("shape"), options: None }], options: None, reserved_range: [], reserved_name: [] }, output_message: DescriptorProto { name: Some("AreaResponse"), field: [FieldDescriptorProto { name: Some("value"), number: Some(1), label: Some(Repeated), r#type: Some(Float), type_name: None, extendee: None, default_value: None, oneof_index: None, json_name: Some("value"), options: None, proto3_optional: None }], extension: [], nested_type: [], enum_type: [], extension_range: [], oneof_decl: [], options: None, reserved_range: [], reserved_name: [] }, server_key: "5cae5f82-fec2-43c6-9739-60d0383d84ec" } ?[3mrequest?[0m?[2m=?[0mDynamicMessage { descriptor: DescriptorProto { name: Some("ShapeMessage"), field: [FieldDescriptorProto { name: Some("square"), number: Some(1), label: Some(Optional), r#type: Some(Message), type_name: Some(".area_calculator.Square"), extendee: None, default_value: None, oneof_index: Some(0), json_name: Some("square"), options: None, proto3_optional: None }, FieldDescriptorProto { name: Some("rectangle"), number: Some(2), label: Some(Optional), r#type: Some(Message), type_name: Some(".area_calculator.Rectangle"), extendee: None, default_value: None, oneof_index: Some(0), json_name: Some("rectangle"), options: None, proto3_optional: None }, FieldDescriptorProto { name: Some("circle"), number: Some(3), label: Some(Optional), r#type: Some(Message), type_name: Some(".area_calculator.Circle"), extendee: None, default_value: None, oneof_index: Some(0), json_name: Some("circle"), options: None, proto3_optional: None }, FieldDescriptorProto { name: Some("triangle"), number: Some(4), label: Some(Optional), r#type: Some(Message), type_name: Some(".area_calculator.Triangle"), extendee: None, default_value: None, oneof_index: Some(0), json_name: Some("triangle"), options: None, proto3_optional: None }, FieldDescriptorProto { name: Some("parallelogram"), number: Some(5), label: Some(Optional), r#type: Some(Message), type_name: Some(".area_calculator.Parallelogram"), extendee: None, default_value: None, oneof_index: Some(0), json_name: Some("parallelogram"), options: None, proto3_optional: None }], extension: [], nested_type: [], enum_type: [], extension_range: [], oneof_decl: [OneofDescriptorProto { name: Some("shape"), options: None }], options: None, reserved_range: [], reserved_name: [] }, fields: [ProtobufField { field_num: 2, wire_type: LengthDelimited, data: Message([13, 0, 0, 64, 64, 21, 0, 0, 128, 64], DescriptorProto { name: Some("Rectangle"), field: [FieldDescriptorProto { name: Some("length"), number: Some(1), label: Some(Optional), r#type: Some(Float), type_name: None, extendee: None, default_value: None, oneof_index: None, json_name: Some("length"), options: None, proto3_optional: None }, FieldDescriptorProto { name: Some("width"), number: Some(2), label: Some(Optional), r#type: Some(Float), type_name: None, extendee: None, default_value: None, oneof_index: None, json_name: Some("width"), options: None, proto3_optional: None }], extension: [], nested_type: [], enum_type: [], extension_range: [], oneof_decl: [], options: None, reserved_range: [], reserved_name: [] }) }] } ?[3mmessage_descriptor?[0m?[2m=?[0mDescriptorProto { name: Some("ShapeMessage"), field: [FieldDescriptorProto { name: Some("square"), number: Some(1), label: Some(Optional), r#type: Some(Message), type_name: Some(".area_calculator.Square"), extendee: None, default_value: None, oneof_index: Some(0), json_name: Some("square"), options: None, proto3_optional: None }, FieldDescriptorProto { name: Some("rectangle"), number: Some(2), label: Some(Optional), r#type: Some(Message), type_name: Some(".area_calculator.Rectangle"), extendee: None, default_value: None, oneof_index: Some(0), json_name: Some("rectangle"), options: None, proto3_optional: None }, FieldDescriptorProto { name: Some("circle"), number: Some(3), label: Some(Optional), r#type: Some(Message), type_name: Some(".area_calculator.Circle"), extendee: None, default_value: None, oneof_index: Some(0), json_name: Some("circle"), options: None, proto3_optional: None }, FieldDescriptorProto { name: Some("triangle"), number: Some(4), label: Some(Optional), r#type: Some(Message), type_name: Some(".area_calculator.Triangle"), extendee: None, default_value: None, oneof_index: Some(0), json_name: Some("triangle"), options: None, proto3_optional: None }, FieldDescriptorProto { name: Some("parallelogram"), number: Some(5), label: Some(Optional), r#type: Some(Message), type_name: Some(".area_calculator.Parallelogram"), extendee: None, default_value: None, oneof_index: Some(0), json_name: Some("parallelogram"), options: None, proto3_optional: None }], extension: [], nested_type: [], enum_type: [], extension_range: [], oneof_decl: [OneofDescriptorProto { name: Some("shape"), options: None }], options: None, reserved_range: [], reserved_name: [] } ?[3mresponse_descriptor?[0m?[2m=?[0mDescriptorProto { name: Some("AreaResponse"), field: [FieldDescriptorProto { name: Some("value"), number: Some(1), label: Some(Repeated), r#type: Some(Float), type_name: None, extendee: None, default_value: None, oneof_index: None, json_name: Some("value"), options: None, proto3_optional: None }], extension: [], nested_type: [], enum_type: [], extension_range: [], oneof_decl: [], options: None, reserved_range: [], reserved_name: [] }?[1m}?[0m?[2m:?[0m ?[2mpact_protobuf_plugin::matching?[0m?[2m:?[0m Comparing Float values
15:05:16.540 [Thread-5] DEBUG i.pact.plugins.jvm.core.ChildProcess - Plugin protobuf [46038] || ?[2m2023-03-27T09:35:16.539461Z?[0m ?[35mTRACE?[0m tokio-runtime-worker ?[1mrequest?[0m?[1m{?[0m?[3mmethod?[0m?[2m=?[0mPOST ?[3muri?[0m?[2m=?[0mhttp://127.0.0.1:53791/area_calculator.Calculator/calculateOne ?[3mversion?[0m?[2m=?[0mHTTP/2.0?[1m}?[0m?[2m:?[0m?[1mcall?[0m?[1m{?[0m?[3mself?[0m?[2m=?[0mGrpcMockServer { pact: V4Pact { consumer: Consumer { name: "grpc-consumer-jvm" }, provider: Provider { name: "area-calculator-provider" }, interactions: [SynchronousMessage { id: None, key: Some("c7fbe3ee"), description: "calculate rectangle area request", provider_states: [], comments: {"testname": String("io.pact.example.grpc.consumer.PactConsumerTest.calculateRectangleArea(MockServer, SynchronousMessages)")}, request: MessageContents { contents: Present(b"\x12\n\r\0\0@@\x15\0\0\x80@", Some(ContentType { main_type: "application", sub_type: "protobuf", attributes: {"message": "ShapeMessage"}, suffix: None }), Some(BINARY)), metadata: {}, matching_rules: MatchingRules { rules: {BODY: MatchingRuleCategory { name: BODY, rules: {DocPath { path_tokens: [Root, Field("rectangle"), Field("length")], expr: "$.rectangle.length" }: RuleList { rules: [Number], rule_logic: And, cascaded: false }, DocPath { path_tokens: [Root, Field("rectangle"), Field("width")], expr: "$.rectangle.width" }: RuleList { rules: [Number], rule_logic: And, cascaded: false }} }} }, generators: Generators { categories: {} } }, response: [MessageContents { contents: Present(b"\r\0\0@A", Some(ContentType { main_type: "application", sub_type: "protobuf", attributes: {"message": "AreaResponse"}, suffix: None }), Some(BINARY)), metadata: {}, matching_rules: MatchingRules { rules: {BODY: MatchingRuleCategory { name: BODY, rules: {DocPath { path_tokens: [Root, Field("value")], expr: "$.value" }: RuleList { rules: [Number], rule_logic: And, cascaded: false }} }} }, generators: Generators { categories: {} } }], pending: false, plugin_config: {"protobuf": {"service": String("Calculator/calculateOne"), "descriptorKey": String("a85dff8f82655a9681aad113575dcfbb")}}, interaction_markup: InteractionMarkup { markup: "```protobuf\nmessage ShapeMessage {\n    message .area_calculator.Rectangle rectangle = 2;\n}\n```\n\n```protobuf\nmessage AreaResponse {\n    float value = 1;\n}\n```\n", markup_type: "COMMON_MARK" }, transport: None }], metadata: {"pact-jvm": Object({"version": String("4.4.2")}), "pactSpecification": Object({"version": String("4.0")})}, plugin_data: [PluginData { name: "protobuf", version: "0.1.5", configuration: {"a85dff8f82655a9681aad113575dcfbb": Object({"protoDescriptors": String("CsoHChVhcmVhX2NhbGN1bGF0b3IucHJvdG8SD2FyZWFfY2FsY3VsYXRvciK6AgoMU2hhcGVNZXNzYWdlEjEKBnNxdWFyZRgBIAEoCzIXLmFyZWFfY2FsY3VsYXRvci5TcXVhcmVIAFIGc3F1YXJlEjoKCXJlY3RhbmdsZRgCIAEoCzIaLmFyZWFfY2FsY3VsYXRvci5SZWN0YW5nbGVIAFIJcmVjdGFuZ2xlEjEKBmNpcmNsZRgDIAEoCzIXLmFyZWFfY2FsY3VsYXRvci5DaXJjbGVIAFIGY2lyY2xlEjcKCHRyaWFuZ2xlGAQgASgLMhkuYXJlYV9jYWxjdWxhdG9yLlRyaWFuZ2xlSABSCHRyaWFuZ2xlEkYKDXBhcmFsbGVsb2dyYW0YBSABKAsyHi5hcmVhX2NhbGN1bGF0b3IuUGFyYWxsZWxvZ3JhbUgAUg1wYXJhbGxlbG9ncmFtQgcKBXNoYXBlIikKBlNxdWFyZRIfCgtlZGdlX2xlbmd0aBgBIAEoAlIKZWRnZUxlbmd0aCI5CglSZWN0YW5nbGUSFgoGbGVuZ3RoGAEgASgCUgZsZW5ndGgSFAoFd2lkdGgYAiABKAJSBXdpZHRoIiAKBkNpcmNsZRIWCgZyYWRpdXMYASABKAJSBnJhZGl1cyJPCghUcmlhbmdsZRIVCgZlZGdlX2EYASABKAJSBWVkZ2VBEhUKBmVkZ2VfYhgCIAEoAlIFZWRnZUISFQoGZWRnZV9jGAMgASgCUgVlZGdlQyJICg1QYXJhbGxlbG9ncmFtEh8KC2Jhc2VfbGVuZ3RoGAEgASgCUgpiYXNlTGVuZ3RoEhYKBmhlaWdodBgCIAEoAlIGaGVpZ2h0IkQKC0FyZWFSZXF1ZXN0EjUKBnNoYXBlcxgBIAMoCzIdLmFyZWFfY2FsY3VsYXRvci5TaGFwZU1lc3NhZ2VSBnNoYXBlcyIkCgxBcmVhUmVzcG9uc2USFAoFdmFsdWUYASADKAJSBXZhbHVlMq0BCgpDYWxjdWxhdG9yEk4KDGNhbGN1bGF0ZU9uZRIdLmFyZWFfY2FsY3VsYXRvci5TaGFwZU1lc3NhZ2UaHS5hcmVhX2NhbGN1bGF0b3IuQXJlYVJlc3BvbnNlIgASTwoOY2FsY3VsYXRlTXVsdGkSHC5hcmVhX2NhbGN1bGF0b3IuQXJlYVJlcXVlc3QaHS5hcmVhX2NhbGN1bGF0b3IuQXJlYVJlc3BvbnNlIgBCHFoXaW8ucGFjdC9hcmVhX2NhbGN1bGF0b3LQAgFiBnByb3RvMw=="), "protoFile": String("syntax = \"proto3\";\n\npackage area_calculator;\n\noption php_generic_services = true;\noption go_package = \"io.pact/area_calculator\";\n\nservice Calculator {\n  rpc calculateOne (ShapeMessage) returns (AreaResponse) {}\n  rpc calculateMulti (AreaRequest) returns (AreaResponse) {}\n}\n\nmessage ShapeMessage {\n  oneof shape {\n    Square square = 1;\n    Rectangle rectangle = 2;\n    Circle circle = 3;\n    Triangle triangle = 4;\n    Parallelogram parallelogram = 5;\n  }\n}\n\nmessage Square {\n  float edge_length = 1;\n}\n\nmessage Rectangle {\n  float length = 1;\n  float width = 2;\n}\n\nmessage Circle {\n  float radius = 1;\n}\n\nmessage Triangle {\n  float edge_a = 1;\n  float edge_b = 2;\n  float edge_c = 3;\n}\n\nmessage Parallelogram {\n  float base_length = 1;\n  float height = 2;\n}\n\nmessage AreaRequest {\n  repeated ShapeMessage shapes = 1;\n}\n\nmessage AreaResponse {\n  repeated float value = 1;\n}\n")})} }] }, plugin_config: PluginData { name: "protobuf", version: "0.1.5", configuration: {"a85dff8f82655a9681aad113575dcfbb": Object({"protoDescriptors": String("CsoHChVhcmVhX2NhbGN1bGF0b3IucHJvdG8SD2FyZWFfY2FsY3VsYXRvciK6AgoMU2hhcGVNZXNzYWdlEjEKBnNxdWFyZRgBIAEoCzIXLmFyZWFfY2FsY3VsYXRvci5TcXVhcmVIAFIGc3F1YXJlEjoKCXJlY3RhbmdsZRgCIAEoCzIaLmFyZWFfY2FsY3VsYXRvci5SZWN0YW5nbGVIAFIJcmVjdGFuZ2xlEjEKBmNpcmNsZRgDIAEoCzIXLmFyZWFfY2FsY3VsYXRvci5DaXJjbGVIAFIGY2lyY2xlEjcKCHRyaWFuZ2xlGAQgASgLMhkuYXJlYV9jYWxjdWxhdG9yLlRyaWFuZ2xlSABSCHRyaWFuZ2xlEkYKDXBhcmFsbGVsb2dyYW0YBSABKAsyHi5hcmVhX2NhbGN1bGF0b3IuUGFyYWxsZWxvZ3JhbUgAUg1wYXJhbGxlbG9ncmFtQgcKBXNoYXBlIikKBlNxdWFyZRIfCgtlZGdlX2xlbmd0aBgBIAEoAlIKZWRnZUxlbmd0aCI5CglSZWN0YW5nbGUSFgoGbGVuZ3RoGAEgASgCUgZsZW5ndGgSFAoFd2lkdGgYAiABKAJSBXdpZHRoIiAKBkNpcmNsZRIWCgZyYWRpdXMYASABKAJSBnJhZGl1cyJPCghUcmlhbmdsZRIVCgZlZGdlX2EYASABKAJSBWVkZ2VBEhUKBmVkZ2VfYhgCIAEoAlIFZWRnZUISFQoGZWRnZV9jGAMgASgCUgVlZGdlQyJICg1QYXJhbGxlbG9ncmFtEh8KC2Jhc2VfbGVuZ3RoGAEgASgCUgpiYXNlTGVuZ3RoEhYKBmhlaWdodBgCIAEoAlIGaGVpZ2h0IkQKC0FyZWFSZXF1ZXN0EjUKBnNoYXBlcxgBIAMoCzIdLmFyZWFfY2FsY3VsYXRvci5TaGFwZU1lc3NhZ2VSBnNoYXBlcyIkCgxBcmVhUmVzcG9uc2USFAoFdmFsdWUYASADKAJSBXZhbHVlMq0BCgpDYWxjdWxhdG9yEk4KDGNhbGN1bGF0ZU9uZRIdLmFyZWFfY2FsY3VsYXRvci5TaGFwZU1lc3NhZ2UaHS5hcmVhX2NhbGN1bGF0b3IuQXJlYVJlc3BvbnNlIgASTwoOY2FsY3VsYXRlTXVsdGkSHC5hcmVhX2NhbGN1bGF0b3IuQXJlYVJlcXVlc3QaHS5hcmVhX2NhbGN1bGF0b3IuQXJlYVJlc3BvbnNlIgBCHFoXaW8ucGFjdC9hcmVhX2NhbGN1bGF0b3LQAgFiBnByb3RvMw=="), "protoFile": String("syntax = \"proto3\";\n\npackage area_calculator;\n\noption php_generic_services = true;\noption go_package = \"io.pact/area_calculator\";\n\nservice Calculator {\n  rpc calculateOne (ShapeMessage) returns (AreaResponse) {}\n  rpc calculateMulti (AreaRequest) returns (AreaResponse) {}\n}\n\nmessage ShapeMessage {\n  oneof shape {\n    Square square = 1;\n    Rectangle rectangle = 2;\n    Circle circle = 3;\n    Triangle triangle = 4;\n    Parallelogram parallelogram = 5;\n  }\n}\n\nmessage Square {\n  float edge_length = 1;\n}\n\nmessage Rectangle {\n  float length = 1;\n  float width = 2;\n}\n\nmessage Circle {\n  float radius = 1;\n}\n\nmessage Triangle {\n  float edge_a = 1;\n  float edge_b = 2;\n  float edge_c = 3;\n}\n\nmessage Parallelogram {\n  float base_length = 1;\n  float height = 2;\n}\n\nmessage AreaRequest {\n  repeated ShapeMessage shapes = 1;\n}\n\nmessage AreaResponse {\n  repeated float value = 1;\n}\n")})} }, descriptors: {"a85dff8f82655a9681aad113575dcfbb": FileDescriptorSet { file: [FileDescriptorProto { name: Some("area_calculator.proto"), package: Some("area_calculator"), dependency: [], public_dependency: [], weak_dependency: [], message_type: [DescriptorProto { name: Some("ShapeMessage"), field: [FieldDescriptorProto { name: Some("square"), number: Some(1), label: Some(Optional), r#type: Some(Message), type_name: Some(".area_calculator.Square"), extendee: None, default_value: None, oneof_index: Some(0), json_name: Some("square"), options: None, proto3_optional: None }, FieldDescriptorProto { name: Some("rectangle"), number: Some(2), label: Some(Optional), r#type: Some(Message), type_name: Some(".area_calculator.Rectangle"), extendee: None, default_value: None, oneof_index: Some(0), json_name: Some("rectangle"), options: None, proto3_optional: None }, FieldDescriptorProto { name: Some("circle"), number: Some(3), label: Some(Optional), r#type: Some(Message), type_name: Some(".area_calculator.Circle"), extendee: None, default_value: None, oneof_index: Some(0), json_name: Some("circle"), options: None, proto3_optional: None }, FieldDescriptorProto { name: Some("triangle"), number: Some(4), label: Some(Optional), r#type: Some(Message), type_name: Some(".area_calculator.Triangle"), extendee: None, default_value: None, oneof_index: Some(0), json_name: Some("triangle"), options: None, proto3_optional: None }, FieldDescriptorProto { name: Some("parallelogram"), number: Some(5), label: Some(Optional), r#type: Some(Message), type_name: Some(".area_calculator.Parallelogram"), extendee: None, default_value: None, oneof_index: Some(0), json_name: Some("parallelogram"), options: None, proto3_optional: None }], extension: [], nested_type: [], enum_type: [], extension_range: [], oneof_decl: [OneofDescriptorProto { name: Some("shape"), options: None }], options: None, reserved_range: [], reserved_name: [] }, DescriptorProto { name: Some("Square"), field: [FieldDescriptorProto { name: Some("edge_length"), number: Some(1), label: Some(Optional), r#type: Some(Float), type_name: None, extendee: None, default_value: None, oneof_index: None, json_name: Some("edgeLength"), options: None, proto3_optional: None }], extension: [], nested_type: [], enum_type: [], extension_range: [], oneof_decl: [], options: None, reserved_range: [], reserved_name: [] }, DescriptorProto { name: Some("Rectangle"), field: [FieldDescriptorProto { name: Some("length"), number: Some(1), label: Some(Optional), r#type: Some(Float), type_name: None, extendee: None, default_value: None, oneof_index: None, json_name: Some("length"), options: None, proto3_optional: None }, FieldDescriptorProto { name: Some("width"), number: Some(2), label: Some(Optional), r#type: Some(Float), type_name: None, extendee: None, default_value: None, oneof_index: None, json_name: Some("width"), options: None, proto3_optional: None }], extension: [], nested_type: [], enum_type: [], extension_range: [], oneof_decl: [], options: None, reserved_range: [], reserved_name: [] }, DescriptorProto { name: Some("Circle"), field: [FieldDescriptorProto { name: Some("radius"), number: Some(1), label: Some(Optional), r#type: Some(Float), type_name: None, extendee: None, default_value: None, oneof_index: None, json_name: Some("radius"), options: None, proto3_optional: None }], extension: [], nested_type: [], enum_type: [], extension_range: [], oneof_decl: [], options: None, reserved_range: [], reserved_name: [] }, DescriptorProto { name: Some("Triangle"), field: [FieldDescriptorProto { name: Some("edge_a"), number: Some(1), label: Some(Optional), r#type: Some(Float), type_name: None, extendee: None, default_value: None, oneof_index: None, json_name: Some("edgeA"), options: None, proto3_optional: None }, FieldDescriptorProto { name: Some("edge_b"), number: Some(2), label: Some(Optional), r#type: Some(Float), type_name: None, extendee: None, default_value: None, oneof_index: None, json_name: Some("edgeB"), options: None, proto3_optional: None }, FieldDescriptorProto { name: Some("edge_c"), number: Some(3), label: Some(Optional), r#type: Some(Float), type_name: None, extendee: None, default_value: None, oneof_index: None, json_name: Some("edgeC"), options: None, proto3_optional: None }], extension: [], nested_type: [], enum_type: [], extension_range: [], oneof_decl: [], options: None, reserved_range: [], reserved_name: [] }, DescriptorProto { name: Some("Parallelogram"), field: [FieldDescriptorProto { name: Some("base_length"), number: Some(1), label: Some(Optional), r#type: Some(Float), type_name: None, extendee: None, default_value: None, oneof_index: None, json_name: Some("baseLength"), options: None, proto3_optional: None }, FieldDescriptorProto { name: Some("height"), number: Some(2), label: Some(Optional), r#type: Some(Float), type_name: None, extendee: None, default_value: None, oneof_index: None, json_name: Some("height"), options: None, proto3_optional: None }], extension: [], nested_type: [], enum_type: [], extension_range: [], oneof_decl: [], options: None, reserved_range: [], reserved_name: [] }, DescriptorProto { name: Some("AreaRequest"), field: [FieldDescriptorProto { name: Some("shapes"), number: Some(1), label: Some(Repeated), r#type: Some(Message), type_name: Some(".area_calculator.ShapeMessage"), extendee: None, default_value: None, oneof_index: None, json_name: Some("shapes"), options: None, proto3_optional: None }], extension: [], nested_type: [], enum_type: [], extension_range: [], oneof_decl: [], options: None, reserved_range: [], reserved_name: [] }, DescriptorProto { name: Some("AreaResponse"), field: [FieldDescriptorProto { name: Some("value"), number: Some(1), label: Some(Repeated), r#type: Some(Float), type_name: None, extendee: None, default_value: None, oneof_index: None, json_name: Some("value"), options: None, proto3_optional: None }], extension: [], nested_type: [], enum_type: [], extension_range: [], oneof_decl: [], options: None, reserved_range: [], reserved_name: [] }], enum_type: [], service: [ServiceDescriptorProto { name: Some("Calculator"), method: [MethodDescriptorProto { name: Some("calculateOne"), input_type: Some(".area_calculator.ShapeMessage"), output_type: Some(".area_calculator.AreaResponse"), options: Some(MethodOptions { deprecated: None, idempotency_level: None, uninterpreted_option: [] }), client_streaming: None, server_streaming: None }, MethodDescriptorProto { name: Some("calculateMulti"), input_type: Some(".area_calculator.AreaRequest"), output_type: Some(".area_calculator.AreaResponse"), options: Some(MethodOptions { deprecated: None, idempotency_level: None, uninterpreted_option: [] }), client_streaming: None, server_streaming: None }], options: None }], extension: [], options: Some(FileOptions { java_package: None, java_outer_classname: None, java_multiple_files: None, java_generate_equals_and_hash: None, java_string_check_utf8: None, optimize_for: None, go_package: Some("io.pact/area_calculator"), cc_generic_services: None, java_generic_services: None, py_generic_services: None, php_generic_services: Some(true), deprecated: None, cc_enable_arenas: None, objc_class_prefix: None, csharp_namespace: None, swift_prefix: None, php_class_prefix: None, php_namespace: None, php_metadata_namespace: None, ruby_package: None, uninterpreted_option: [] }), source_code_info: None, syntax: Some("proto3") }] }}, routes: {"Calculator/calculateOne": (FileDescriptorSet { file: [FileDescriptorProto { name: Some("area_calculator.proto"), package: Some("area_calculator"), dependency: [], public_dependency: [], weak_dependency: [], message_type: [DescriptorProto { name: Some("ShapeMessage"), field: [FieldDescriptorProto { name: Some("square"), number: Some(1), label: Some(Optional), r#type: Some(Message), type_name: Some(".area_calculator.Square"), extendee: None, default_value: None, oneof_index: Some(0), json_name: Some("square"), options: None, proto3_optional: None }, FieldDescriptorProto { name: Some("rectangle"), number: Some(2), label: Some(Optional), r#type: Some(Message), type_name: Some(".area_calculator.Rectangle"), extendee: None, default_value: None, oneof_index: Some(0), json_name: Some("rectangle"), options: None, proto3_optional: None }, FieldDescriptorProto { name: Some("circle"), number: Some(3), label: Some(Optional), r#type: Some(Message), type_name: Some(".area_calculator.Circle"), extendee: None, default_value: None, oneof_index: Some(0), json_name: Some("circle"), options: None, proto3_optional: None }, FieldDescriptorProto { name: Some("triangle"), number: Some(4), label: Some(Optional), r#type: Some(Message), type_name: Some(".area_calculator.Triangle"), extendee: None, default_value: None, oneof_index: Some(0), json_name: Some("triangle"), options: None, proto3_optional: None }, FieldDescriptorProto { name: Some("parallelogram"), number: Some(5), label: Some(Optional), r#type: Some(Message), type_name: Some(".area_calculator.Parallelogram"), extendee: None, default_value: None, oneof_index: Some(0), json_name: Some("parallelogram"), options: None, proto3_optional: None }], extension: [], nested_type: [], enum_type: [], extension_range: [], oneof_decl: [OneofDescriptorProto { name: Some("shape"), options: None }], options: None, reserved_range: [], reserved_name: [] }, DescriptorProto { name: Some("Square"), field: [FieldDescriptorProto { name: Some("edge_length"), number: Some(1), label: Some(Optional), r#type: Some(Float), type_name: None, extendee: None, default_value: None, oneof_index: None, json_name: Some("edgeLength"), options: None, proto3_optional: None }], extension: [], nested_type: [], enum_type: [], extension_range: [], oneof_decl: [], options: None, reserved_range: [], reserved_name: [] }, DescriptorProto { name: Some("Rectangle"), field: [FieldDescriptorProto { name: Some("length"), number: Some(1), label: Some(Optional), r#type: Some(Float), type_name: None, extendee: None, default_value: None, oneof_index: None, json_name: Some("length"), options: None, proto3_optional: None }, FieldDescriptorProto { name: Some("width"), number: Some(2), label: Some(Optional), r#type: Some(Float), type_name: None, extendee: None, default_value: None, oneof_index: None, json_name: Some("width"), options: None, proto3_optional: None }], extension: [], nested_type: [], enum_type: [], extension_range: [], oneof_decl: [], options: None, reserved_range: [], reserved_name: [] }, DescriptorProto { name: Some("Circle"), field: [FieldDescriptorProto { name: Some("radius"), number: Some(1), label: Some(Optional), r#type: Some(Float), type_name: None, extendee: None, default_value: None, oneof_index: None, json_name: Some("radius"), options: None, proto3_optional: None }], extension: [], nested_type: [], enum_type: [], extension_range: [], oneof_decl: [], options: None, reserved_range: [], reserved_name: [] }, DescriptorProto { name: Some("Triangle"), field: [FieldDescriptorProto { name: Some("edge_a"), number: Some(1), label: Some(Optional), r#type: Some(Float), type_name: None, extendee: None, default_value: None, oneof_index: None, json_name: Some("edgeA"), options: None, proto3_optional: None }, FieldDescriptorProto { name: Some("edge_b"), number: Some(2), label: Some(Optional), r#type: Some(Float), type_name: None, extendee: None, default_value: None, oneof_index: None, json_name: Some("edgeB"), options: None, proto3_optional: None }, FieldDescriptorProto { name: Some("edge_c"), number: Some(3), label: Some(Optional), r#type: Some(Float), type_name: None, extendee: None, default_value: None, oneof_index: None, json_name: Some("edgeC"), options: None, proto3_optional: None }], extension: [], nested_type: [], enum_type: [], extension_range: [], oneof_decl: [], options: None, reserved_range: [], reserved_name: [] }, DescriptorProto { name: Some("Parallelogram"), field: [FieldDescriptorProto { name: Some("base_length"), number: Some(1), label: Some(Optional), r#type: Some(Float), type_name: None, extendee: None, default_value: None, oneof_index: None, json_name: Some("baseLength"), options: None, proto3_optional: None }, FieldDescriptorProto { name: Some("height"), number: Some(2), label: Some(Optional), r#type: Some(Float), type_name: None, extendee: None, default_value: None, oneof_index: None, json_name: Some("height"), options: None, proto3_optional: None }], extension: [], nested_type: [], enum_type: [], extension_range: [], oneof_decl: [], options: None, reserved_range: [], reserved_name: [] }, DescriptorProto { name: Some("AreaRequest"), field: [FieldDescriptorProto { name: Some("shapes"), number: Some(1), label: Some(Repeated), r#type: Some(Message), type_name: Some(".area_calculator.ShapeMessage"), extendee: None, default_value: None, oneof_index: None, json_name: Some("shapes"), options: None, proto3_optional: None }], extension: [], nested_type: [], enum_type: [], extension_range: [], oneof_decl: [], options: None, reserved_range: [], reserved_name: [] }, DescriptorProto { name: Some("AreaResponse"), field: [FieldDescriptorProto { name: Some("value"), number: Some(1), label: Some(Repeated), r#type: Some(Float), type_name: None, extendee: None, default_value: None, oneof_index: None, json_name: Some("value"), options: None, proto3_optional: None }], extension: [], nested_type: [], enum_type: [], extension_range: [], oneof_decl: [], options: None, reserved_range: [], reserved_name: [] }], enum_type: [], service: [ServiceDescriptorProto { name: Some("Calculator"), method: [MethodDescriptorProto { name: Some("calculateOne"), input_type: Some(".area_calculator.ShapeMessage"), output_type: Some(".area_calculator.AreaResponse"), options: Some(MethodOptions { deprecated: None, idempotency_level: None, uninterpreted_option: [] }), client_streaming: None, server_streaming: None }, MethodDescriptorProto { name: Some("calculateMulti"), input_type: Some(".area_calculator.AreaRequest"), output_type: Some(".area_calculator.AreaResponse"), options: Some(MethodOptions { deprecated: None, idempotency_level: None, uninterpreted_option: [] }), client_streaming: None, server_streaming: None }], options: None }], extension: [], options: Some(FileOptions { java_package: None, java_outer_classname: None, java_multiple_files: None, java_generate_equals_and_hash: None, java_string_check_utf8: None, optimize_for: None, go_package: Some("io.pact/area_calculator"), cc_generic_services: None, java_generic_services: None, py_generic_services: None, php_generic_services: Some(true), deprecated: None, cc_enable_arenas: None, objc_class_prefix: None, csharp_namespace: None, swift_prefix: None, php_class_prefix: None, php_namespace: None, php_metadata_namespace: None, ruby_package: None, uninterpreted_option: [] }), source_code_info: None, syntax: Some("proto3") }] }, MethodDescriptorProto { name: Some("calculateOne"), input_type: Some(".area_calculator.ShapeMessage"), output_type: Some(".area_calculator.AreaResponse"), options: Some(MethodOptions { deprecated: None, idempotency_level: None, uninterpreted_option: [] }), client_streaming: None, server_streaming: None }, SynchronousMessage { id: None, key: Some("c7fbe3ee"), description: "calculate rectangle area request", provider_states: [], comments: {"testname": String("io.pact.example.grpc.consumer.PactConsumerTest.calculateRectangleArea(MockServer, SynchronousMessages)")}, request: MessageContents { contents: Present(b"\x12\n\r\0\0@@\x15\0\0\x80@", Some(ContentType { main_type: "application", sub_type: "protobuf", attributes: {"message": "ShapeMessage"}, suffix: None }), Some(BINARY)), metadata: {}, matching_rules: MatchingRules { rules: {BODY: MatchingRuleCategory { name: BODY, rules: {DocPath { path_tokens: [Root, Field("rectangle"), Field("length")], expr: "$.rectangle.length" }: RuleList { rules: [Number], rule_logic: And, cascaded: false }, DocPath { path_tokens: [Root, Field("rectangle"), Field("width")], expr: "$.rectangle.width" }: RuleList { rules: [Number], rule_logic: And, cascaded: false }} }} }, generators: Generators { categories: {} } }, response: [MessageContents { contents: Present(b"\r\0\0@A", Some(ContentType { main_type: "application", sub_type: "protobuf", attributes: {"message": "AreaResponse"}, suffix: None }), Some(BINARY)), metadata: {}, matching_rules: MatchingRules { rules: {BODY: MatchingRuleCategory { name: BODY, rules: {DocPath { path_tokens: [Root, Field("value")], expr: "$.value" }: RuleList { rules: [Number], rule_logic: And, cascaded: false }} }} }, generators: Generators { categories: {} } }], pending: false, plugin_config: {"protobuf": {"service": String("Calculator/calculateOne"), "descriptorKey": String("a85dff8f82655a9681aad113575dcfbb")}}, interaction_markup: InteractionMarkup { markup: "```protobuf\nmessage ShapeMessage {\n    message .area_calculator.Rectangle rectangle = 2;\n}\n```\n\n```protobuf\nmessage AreaResponse {\n    float value = 1;\n}\n```\n", markup_type: "COMMON_MARK" }, transport: None })}, server_key: "5cae5f82-fec2-43c6-9739-60d0383d84ec" } ?[3mreq?[0m?[2m=?[0mRequest { method: POST, uri: http://127.0.0.1:53791/area_calculator.Calculator/calculateOne, version: HTTP/2.0, headers: {"content-type": "application/grpc", "te": "trailers", "user-agent": "grpc-java-netty/1.49.0", "grpc-accept-encoding": "gzip"}, body: Body(Streaming) }?[1m}?[0m?[2m:?[0m?[1mmock_server_handler?[0m?[1m{?[0m?[3mkey?[0m?[2m=?[0m"5cae5f82-fec2-43c6-9739-60d0383d84ec"?[1m}?[0m?[2m:?[0m?[1mhandle_message?[0m?[1m{?[0m?[3mself?[0m?[2m=?[0mMockService { file_descriptor_set: FileDescriptorSet { file: [FileDescriptorProto { name: Some("area_calculator.proto"), package: Some("area_calculator"), dependency: [], public_dependency: [], weak_dependency: [], message_type: [DescriptorProto { name: Some("ShapeMessage"), field: [FieldDescriptorProto { name: Some("square"), number: Some(1), label: Some(Optional), r#type: Some(Message), type_name: Some(".area_calculator.Square"), extendee: None, default_value: None, oneof_index: Some(0), json_name: Some("square"), options: None, proto3_optional: None }, FieldDescriptorProto { name: Some("rectangle"), number: Some(2), label: Some(Optional), r#type: Some(Message), type_name: Some(".area_calculator.Rectangle"), extendee: None, default_value: None, oneof_index: Some(0), json_name: Some("rectangle"), options: None, proto3_optional: None }, FieldDescriptorProto { name: Some("circle"), number: Some(3), label: Some(Optional), r#type: Some(Message), type_name: Some(".area_calculator.Circle"), extendee: None, default_value: None, oneof_index: Some(0), json_name: Some("circle"), options: None, proto3_optional: None }, FieldDescriptorProto { name: Some("triangle"), number: Some(4), label: Some(Optional), r#type: Some(Message), type_name: Some(".area_calculator.Triangle"), extendee: None, default_value: None, oneof_index: Some(0), json_name: Some("triangle"), options: None, proto3_optional: None }, FieldDescriptorProto { name: Some("parallelogram"), number: Some(5), label: Some(Optional), r#type: Some(Message), type_name: Some(".area_calculator.Parallelogram"), extendee: None, default_value: None, oneof_index: Some(0), json_name: Some("parallelogram"), options: None, proto3_optional: None }], extension: [], nested_type: [], enum_type: [], extension_range: [], oneof_decl: [OneofDescriptorProto { name: Some("shape"), options: None }], options: None, reserved_range: [], reserved_name: [] }, DescriptorProto { name: Some("Square"), field: [FieldDescriptorProto { name: Some("edge_length"), number: Some(1), label: Some(Optional), r#type: Some(Float), type_name: None, extendee: None, default_value: None, oneof_index: None, json_name: Some("edgeLength"), options: None, proto3_optional: None }], extension: [], nested_type: [], enum_type: [], extension_range: [], oneof_decl: [], options: None, reserved_range: [], reserved_name: [] }, DescriptorProto { name: Some("Rectangle"), field: [FieldDescriptorProto { name: Some("length"), number: Some(1), label: Some(Optional), r#type: Some(Float), type_name: None, extendee: None, default_value: None, oneof_index: None, json_name: Some("length"), options: None, proto3_optional: None }, FieldDescriptorProto { name: Some("width"), number: Some(2), label: Some(Optional), r#type: Some(Float), type_name: None, extendee: None, default_value: None, oneof_index: None, json_name: Some("width"), options: None, proto3_optional: None }], extension: [], nested_type: [], enum_type: [], extension_range: [], oneof_decl: [], options: None, reserved_range: [], reserved_name: [] }, DescriptorProto { name: Some("Circle"), field: [FieldDescriptorProto { name: Some("radius"), number: Some(1), label: Some(Optional), r#type: Some(Float), type_name: None, extendee: None, default_value: None, oneof_index: None, json_name: Some("radius"), options: None, proto3_optional: None }], extension: [], nested_type: [], enum_type: [], extension_range: [], oneof_decl: [], options: None, reserved_range: [], reserved_name: [] }, DescriptorProto { name: Some("Triangle"), field: [FieldDescriptorProto { name: Some("edge_a"), number: Some(1), label: Some(Optional), r#type: Some(Float), type_name: None, extendee: None, default_value: None, oneof_index: None, json_name: Some("edgeA"), options: None, proto3_optional: None }, FieldDescriptorProto { name: Some("edge_b"), number: Some(2), label: Some(Optional), r#type: Some(Float), type_name: None, extendee: None, default_value: None, oneof_index: None, json_name: Some("edgeB"), options: None, proto3_optional: None }, FieldDescriptorProto { name: Some("edge_c"), number: Some(3), label: Some(Optional), r#type: Some(Float), type_name: None, extendee: None, default_value: None, oneof_index: None, json_name: Some("edgeC"), options: None, proto3_optional: None }], extension: [], nested_type: [], enum_type: [], extension_range: [], oneof_decl: [], options: None, reserved_range: [], reserved_name: [] }, DescriptorProto { name: Some("Parallelogram"), field: [FieldDescriptorProto { name: Some("base_length"), number: Some(1), label: Some(Optional), r#type: Some(Float), type_name: None, extendee: None, default_value: None, oneof_index: None, json_name: Some("baseLength"), options: None, proto3_optional: None }, FieldDescriptorProto { name: Some("height"), number: Some(2), label: Some(Optional), r#type: Some(Float), type_name: None, extendee: None, default_value: None, oneof_index: None, json_name: Some("height"), options: None, proto3_optional: None }], extension: [], nested_type: [], enum_type: [], extension_range: [], oneof_decl: [], options: None, reserved_range: [], reserved_name: [] }, DescriptorProto { name: Some("AreaRequest"), field: [FieldDescriptorProto { name: Some("shapes"), number: Some(1), label: Some(Repeated), r#type: Some(Message), type_name: Some(".area_calculator.ShapeMessage"), extendee: None, default_value: None, oneof_index: None, json_name: Some("shapes"), options: None, proto3_optional: None }], extension: [], nested_type: [], enum_type: [], extension_range: [], oneof_decl: [], options: None, reserved_range: [], reserved_name: [] }, DescriptorProto { name: Some("AreaResponse"), field: [FieldDescriptorProto { name: Some("value"), number: Some(1), label: Some(Repeated), r#type: Some(Float), type_name: None, extendee: None, default_value: None, oneof_index: None, json_name: Some("value"), options: None, proto3_optional: None }], extension: [], nested_type: [], enum_type: [], extension_range: [], oneof_decl: [], options: None, reserved_range: [], reserved_name: [] }], enum_type: [], service: [ServiceDescriptorProto { name: Some("Calculator"), method: [MethodDescriptorProto { name: Some("calculateOne"), input_type: Some(".area_calculator.ShapeMessage"), output_type: Some(".area_calculator.AreaResponse"), options: Some(MethodOptions { deprecated: None, idempotency_level: None, uninterpreted_option: [] }), client_streaming: None, server_streaming: None }, MethodDescriptorProto { name: Some("calculateMulti"), input_type: Some(".area_calculator.AreaRequest"), output_type: Some(".area_calculator.AreaResponse"), options: Some(MethodOptions { deprecated: None, idempotency_level: None, uninterpreted_option: [] }), client_streaming: None, server_streaming: None }], options: None }], extension: [], options: Some(FileOptions { java_package: None, java_outer_classname: None, java_multiple_files: None, java_generate_equals_and_hash: None, java_string_check_utf8: None, optimize_for: None, go_package: Some("io.pact/area_calculator"), cc_generic_services: None, java_generic_services: None, py_generic_services: None, php_generic_services: Some(true), deprecated: None, cc_enable_arenas: None, objc_class_prefix: None, csharp_namespace: None, swift_prefix: None, php_class_prefix: None, php_namespace: None, php_metadata_namespace: None, ruby_package: None, uninterpreted_option: [] }), source_code_info: None, syntax: Some("proto3") }] }, service_name: "Calculator", message: SynchronousMessage { id: None, key: Some("c7fbe3ee"), description: "calculate rectangle area request", provider_states: [], comments: {"testname": String("io.pact.example.grpc.consumer.PactConsumerTest.calculateRectangleArea(MockServer, SynchronousMessages)")}, request: MessageContents { contents: Present(b"\x12\n\r\0\0@@\x15\0\0\x80@", Some(ContentType { main_type: "application", sub_type: "protobuf", attributes: {"message": "ShapeMessage"}, suffix: None }), Some(BINARY)), metadata: {}, matching_rules: MatchingRules { rules: {BODY: MatchingRuleCategory { name: BODY, rules: {DocPath { path_tokens: [Root, Field("rectangle"), Field("length")], expr: "$.rectangle.length" }: RuleList { rules: [Number], rule_logic: And, cascaded: false }, DocPath { path_tokens: [Root, Field("rectangle"), Field("width")], expr: "$.rectangle.width" }: RuleList { rules: [Number], rule_logic: And, cascaded: false }} }} }, generators: Generators { categories: {} } }, response: [MessageContents { contents: Present(b"\r\0\0@A", Some(ContentType { main_type: "application", sub_type: "protobuf", attributes: {"message": "AreaResponse"}, suffix: None }), Some(BINARY)), metadata: {}, matching_rules: MatchingRules { rules: {BODY: MatchingRuleCategory { name: BODY, rules: {DocPath { path_tokens: [Root, Field("value")], expr: "$.value" }: RuleList { rules: [Number], rule_logic: And, cascaded: false }} }} }, generators: Generators { categories: {} } }], pending: false, plugin_config: {"protobuf": {"service": String("Calculator/calculateOne"), "descriptorKey": String("a85dff8f82655a9681aad113575dcfbb")}}, interaction_markup: InteractionMarkup { markup: "```protobuf\nmessage ShapeMessage {\n    message .area_calculator.Rectangle rectangle = 2;\n}\n```\n\n```protobuf\nmessage AreaResponse {\n    float value = 1;\n}\n```\n", markup_type: "COMMON_MARK" }, transport: None }, method_descriptor: MethodDescriptorProto { name: Some("calculateOne"), input_type: Some(".area_calculator.ShapeMessage"), output_type: Some(".area_calculator.AreaResponse"), options: Some(MethodOptions { deprecated: None, idempotency_level: None, uninterpreted_option: [] }), client_streaming: None, server_streaming: None }, input_message: DescriptorProto { name: Some("ShapeMessage"), field: [FieldDescriptorProto { name: Some("square"), number: Some(1), label: Some(Optional), r#type: Some(Message), type_name: Some(".area_calculator.Square"), extendee: None, default_value: None, oneof_index: Some(0), json_name: Some("square"), options: None, proto3_optional: None }, FieldDescriptorProto { name: Some("rectangle"), number: Some(2), label: Some(Optional), r#type: Some(Message), type_name: Some(".area_calculator.Rectangle"), extendee: None, default_value: None, oneof_index: Some(0), json_name: Some("rectangle"), options: None, proto3_optional: None }, FieldDescriptorProto { name: Some("circle"), number: Some(3), label: Some(Optional), r#type: Some(Message), type_name: Some(".area_calculator.Circle"), extendee: None, default_value: None, oneof_index: Some(0), json_name: Some("circle"), options: None, proto3_optional: None }, FieldDescriptorProto { name: Some("triangle"), number: Some(4), label: Some(Optional), r#type: Some(Message), type_name: Some(".area_calculator.Triangle"), extendee: None, default_value: None, oneof_index: Some(0), json_name: Some("triangle"), options: None, proto3_optional: None }, FieldDescriptorProto { name: Some("parallelogram"), number: Some(5), label: Some(Optional), r#type: Some(Message), type_name: Some(".area_calculator.Parallelogram"), extendee: None, default_value: None, oneof_index: Some(0), json_name: Some("parallelogram"), options: None, proto3_optional: None }], extension: [], nested_type: [], enum_type: [], extension_range: [], oneof_decl: [OneofDescriptorProto { name: Some("shape"), options: None }], options: None, reserved_range: [], reserved_name: [] }, output_message: DescriptorProto { name: Some("AreaResponse"), field: [FieldDescriptorProto { name: Some("value"), number: Some(1), label: Some(Repeated), r#type: Some(Float), type_name: None, extendee: None, default_value: None, oneof_index: None, json_name: Some("value"), options: None, proto3_optional: None }], extension: [], nested_type: [], enum_type: [], extension_range: [], oneof_decl: [], options: None, reserved_range: [], reserved_name: [] }, server_key: "5cae5f82-fec2-43c6-9739-60d0383d84ec" } ?[3mrequest?[0m?[2m=?[0mDynamicMessage { descriptor: DescriptorProto { name: Some("ShapeMessage"), field: [FieldDescriptorProto { name: Some("square"), number: Some(1), label: Some(Optional), r#type: Some(Message), type_name: Some(".area_calculator.Square"), extendee: None, default_value: None, oneof_index: Some(0), json_name: Some("square"), options: None, proto3_optional: None }, FieldDescriptorProto { name: Some("rectangle"), number: Some(2), label: Some(Optional), r#type: Some(Message), type_name: Some(".area_calculator.Rectangle"), extendee: None, default_value: None, oneof_index: Some(0), json_name: Some("rectangle"), options: None, proto3_optional: None }, FieldDescriptorProto { name: Some("circle"), number: Some(3), label: Some(Optional), r#type: Some(Message), type_name: Some(".area_calculator.Circle"), extendee: None, default_value: None, oneof_index: Some(0), json_name: Some("circle"), options: None, proto3_optional: None }, FieldDescriptorProto { name: Some("triangle"), number: Some(4), label: Some(Optional), r#type: Some(Message), type_name: Some(".area_calculator.Triangle"), extendee: None, default_value: None, oneof_index: Some(0), json_name: Some("triangle"), options: None, proto3_optional: None }, FieldDescriptorProto { name: Some("parallelogram"), number: Some(5), label: Some(Optional), r#type: Some(Message), type_name: Some(".area_calculator.Parallelogram"), extendee: None, default_value: None, oneof_index: Some(0), json_name: Some("parallelogram"), options: None, proto3_optional: None }], extension: [], nested_type: [], enum_type: [], extension_range: [], oneof_decl: [OneofDescriptorProto { name: Some("shape"), options: None }], options: None, reserved_range: [], reserved_name: [] }, fields: [ProtobufField { field_num: 2, wire_type: LengthDelimited, data: Message([13, 0, 0, 64, 64, 21, 0, 0, 128, 64], DescriptorProto { name: Some("Rectangle"), field: [FieldDescriptorProto { name: Some("length"), number: Some(1), label: Some(Optional), r#type: Some(Float), type_name: None, extendee: None, default_value: None, oneof_index: None, json_name: Some("length"), options: None, proto3_optional: None }, FieldDescriptorProto { name: Some("width"), number: Some(2), label: Some(Optional), r#type: Some(Float), type_name: None, extendee: None, default_value: None, oneof_index: None, json_name: Some("width"), options: None, proto3_optional: None }], extension: [], nested_type: [], enum_type: [], extension_range: [], oneof_decl: [], options: None, reserved_range: [], reserved_name: [] }) }] } ?[3mmessage_descriptor?[0m?[2m=?[0mDescriptorProto { name: Some("ShapeMessage"), field: [FieldDescriptorProto { name: Some("square"), number: Some(1), label: Some(Optional), r#type: Some(Message), type_name: Some(".area_calculator.Square"), extendee: None, default_value: None, oneof_index: Some(0), json_name: Some("square"), options: None, proto3_optional: None }, FieldDescriptorProto { name: Some("rectangle"), number: Some(2), label: Some(Optional), r#type: Some(Message), type_name: Some(".area_calculator.Rectangle"), extendee: None, default_value: None, oneof_index: Some(0), json_name: Some("rectangle"), options: None, proto3_optional: None }, FieldDescriptorProto { name: Some("circle"), number: Some(3), label: Some(Optional), r#type: Some(Message), type_name: Some(".area_calculator.Circle"), extendee: None, default_value: None, oneof_index: Some(0), json_name: Some("circle"), options: None, proto3_optional: None }, FieldDescriptorProto { name: Some("triangle"), number: Some(4), label: Some(Optional), r#type: Some(Message), type_name: Some(".area_calculator.Triangle"), extendee: None, default_value: None, oneof_index: Some(0), json_name: Some("triangle"), options: None, proto3_optional: None }, FieldDescriptorProto { name: Some("parallelogram"), number: Some(5), label: Some(Optional), r#type: Some(Message), type_name: Some(".area_calculator.Parallelogram"), extendee: None, default_value: None, oneof_index: Some(0), json_name: Some("parallelogram"), options: None, proto3_optional: None }], extension: [], nested_type: [], enum_type: [], extension_range: [], oneof_decl: [OneofDescriptorProto { name: Some("shape"), options: None }], options: None, reserved_range: [], reserved_name: [] } ?[3mresponse_descriptor?[0m?[2m=?[0mDescriptorProto { name: Some("AreaResponse"), field: [FieldDescriptorProto { name: Some("value"), number: Some(1), label: Some(Repeated), r#type: Some(Float), type_name: None, extendee: None, default_value: None, oneof_index: None, json_name: Some("value"), options: None, proto3_optional: None }], extension: [], nested_type: [], enum_type: [], extension_range: [], oneof_decl: [], options: None, reserved_range: [], reserved_name: [] }?[1m}?[0m?[2m:?[0m ?[2mpact_protobuf_plugin::matching?[0m?[2m:?[0m compare_value($.rectangle.width, ProtobufField { field_num: 2, wire_type: ThirtyTwoBit, data: Float(4.0) }, 4, 4)
15:05:16.541 [Thread-5] DEBUG i.pact.plugins.jvm.core.ChildProcess - Plugin protobuf [46038] || ?[2m2023-03-27T09:35:16.540047Z?[0m ?[35mTRACE?[0m tokio-runtime-worker ?[1mrequest?[0m?[1m{?[0m?[3mmethod?[0m?[2m=?[0mPOST ?[3muri?[0m?[2m=?[0mhttp://127.0.0.1:53791/area_calculator.Calculator/calculateOne ?[3mversion?[0m?[2m=?[0mHTTP/2.0?[1m}?[0m?[2m:?[0m?[1mcall?[0m?[1m{?[0m?[3mself?[0m?[2m=?[0mGrpcMockServer { pact: V4Pact { consumer: Consumer { name: "grpc-consumer-jvm" }, provider: Provider { name: "area-calculator-provider" }, interactions: [SynchronousMessage { id: None, key: Some("c7fbe3ee"), description: "calculate rectangle area request", provider_states: [], comments: {"testname": String("io.pact.example.grpc.consumer.PactConsumerTest.calculateRectangleArea(MockServer, SynchronousMessages)")}, request: MessageContents { contents: Present(b"\x12\n\r\0\0@@\x15\0\0\x80@", Some(ContentType { main_type: "application", sub_type: "protobuf", attributes: {"message": "ShapeMessage"}, suffix: None }), Some(BINARY)), metadata: {}, matching_rules: MatchingRules { rules: {BODY: MatchingRuleCategory { name: BODY, rules: {DocPath { path_tokens: [Root, Field("rectangle"), Field("length")], expr: "$.rectangle.length" }: RuleList { rules: [Number], rule_logic: And, cascaded: false }, DocPath { path_tokens: [Root, Field("rectangle"), Field("width")], expr: "$.rectangle.width" }: RuleList { rules: [Number], rule_logic: And, cascaded: false }} }} }, generators: Generators { categories: {} } }, response: [MessageContents { contents: Present(b"\r\0\0@A", Some(ContentType { main_type: "application", sub_type: "protobuf", attributes: {"message": "AreaResponse"}, suffix: None }), Some(BINARY)), metadata: {}, matching_rules: MatchingRules { rules: {BODY: MatchingRuleCategory { name: BODY, rules: {DocPath { path_tokens: [Root, Field("value")], expr: "$.value" }: RuleList { rules: [Number], rule_logic: And, cascaded: false }} }} }, generators: Generators { categories: {} } }], pending: false, plugin_config: {"protobuf": {"service": String("Calculator/calculateOne"), "descriptorKey": String("a85dff8f82655a9681aad113575dcfbb")}}, interaction_markup: InteractionMarkup { markup: "```protobuf\nmessage ShapeMessage {\n    message .area_calculator.Rectangle rectangle = 2;\n}\n```\n\n```protobuf\nmessage AreaResponse {\n    float value = 1;\n}\n```\n", markup_type: "COMMON_MARK" }, transport: None }], metadata: {"pact-jvm": Object({"version": String("4.4.2")}), "pactSpecification": Object({"version": String("4.0")})}, plugin_data: [PluginData { name: "protobuf", version: "0.1.5", configuration: {"a85dff8f82655a9681aad113575dcfbb": Object({"protoDescriptors": String("CsoHChVhcmVhX2NhbGN1bGF0b3IucHJvdG8SD2FyZWFfY2FsY3VsYXRvciK6AgoMU2hhcGVNZXNzYWdlEjEKBnNxdWFyZRgBIAEoCzIXLmFyZWFfY2FsY3VsYXRvci5TcXVhcmVIAFIGc3F1YXJlEjoKCXJlY3RhbmdsZRgCIAEoCzIaLmFyZWFfY2FsY3VsYXRvci5SZWN0YW5nbGVIAFIJcmVjdGFuZ2xlEjEKBmNpcmNsZRgDIAEoCzIXLmFyZWFfY2FsY3VsYXRvci5DaXJjbGVIAFIGY2lyY2xlEjcKCHRyaWFuZ2xlGAQgASgLMhkuYXJlYV9jYWxjdWxhdG9yLlRyaWFuZ2xlSABSCHRyaWFuZ2xlEkYKDXBhcmFsbGVsb2dyYW0YBSABKAsyHi5hcmVhX2NhbGN1bGF0b3IuUGFyYWxsZWxvZ3JhbUgAUg1wYXJhbGxlbG9ncmFtQgcKBXNoYXBlIikKBlNxdWFyZRIfCgtlZGdlX2xlbmd0aBgBIAEoAlIKZWRnZUxlbmd0aCI5CglSZWN0YW5nbGUSFgoGbGVuZ3RoGAEgASgCUgZsZW5ndGgSFAoFd2lkdGgYAiABKAJSBXdpZHRoIiAKBkNpcmNsZRIWCgZyYWRpdXMYASABKAJSBnJhZGl1cyJPCghUcmlhbmdsZRIVCgZlZGdlX2EYASABKAJSBWVkZ2VBEhUKBmVkZ2VfYhgCIAEoAlIFZWRnZUISFQoGZWRnZV9jGAMgASgCUgVlZGdlQyJICg1QYXJhbGxlbG9ncmFtEh8KC2Jhc2VfbGVuZ3RoGAEgASgCUgpiYXNlTGVuZ3RoEhYKBmhlaWdodBgCIAEoAlIGaGVpZ2h0IkQKC0FyZWFSZXF1ZXN0EjUKBnNoYXBlcxgBIAMoCzIdLmFyZWFfY2FsY3VsYXRvci5TaGFwZU1lc3NhZ2VSBnNoYXBlcyIkCgxBcmVhUmVzcG9uc2USFAoFdmFsdWUYASADKAJSBXZhbHVlMq0BCgpDYWxjdWxhdG9yEk4KDGNhbGN1bGF0ZU9uZRIdLmFyZWFfY2FsY3VsYXRvci5TaGFwZU1lc3NhZ2UaHS5hcmVhX2NhbGN1bGF0b3IuQXJlYVJlc3BvbnNlIgASTwoOY2FsY3VsYXRlTXVsdGkSHC5hcmVhX2NhbGN1bGF0b3IuQXJlYVJlcXVlc3QaHS5hcmVhX2NhbGN1bGF0b3IuQXJlYVJlc3BvbnNlIgBCHFoXaW8ucGFjdC9hcmVhX2NhbGN1bGF0b3LQAgFiBnByb3RvMw=="), "protoFile": String("syntax = \"proto3\";\n\npackage area_calculator;\n\noption php_generic_services = true;\noption go_package = \"io.pact/area_calculator\";\n\nservice Calculator {\n  rpc calculateOne (ShapeMessage) returns (AreaResponse) {}\n  rpc calculateMulti (AreaRequest) returns (AreaResponse) {}\n}\n\nmessage ShapeMessage {\n  oneof shape {\n    Square square = 1;\n    Rectangle rectangle = 2;\n    Circle circle = 3;\n    Triangle triangle = 4;\n    Parallelogram parallelogram = 5;\n  }\n}\n\nmessage Square {\n  float edge_length = 1;\n}\n\nmessage Rectangle {\n  float length = 1;\n  float width = 2;\n}\n\nmessage Circle {\n  float radius = 1;\n}\n\nmessage Triangle {\n  float edge_a = 1;\n  float edge_b = 2;\n  float edge_c = 3;\n}\n\nmessage Parallelogram {\n  float base_length = 1;\n  float height = 2;\n}\n\nmessage AreaRequest {\n  repeated ShapeMessage shapes = 1;\n}\n\nmessage AreaResponse {\n  repeated float value = 1;\n}\n")})} }] }, plugin_config: PluginData { name: "protobuf", version: "0.1.5", configuration: {"a85dff8f82655a9681aad113575dcfbb": Object({"protoDescriptors": String("CsoHChVhcmVhX2NhbGN1bGF0b3IucHJvdG8SD2FyZWFfY2FsY3VsYXRvciK6AgoMU2hhcGVNZXNzYWdlEjEKBnNxdWFyZRgBIAEoCzIXLmFyZWFfY2FsY3VsYXRvci5TcXVhcmVIAFIGc3F1YXJlEjoKCXJlY3RhbmdsZRgCIAEoCzIaLmFyZWFfY2FsY3VsYXRvci5SZWN0YW5nbGVIAFIJcmVjdGFuZ2xlEjEKBmNpcmNsZRgDIAEoCzIXLmFyZWFfY2FsY3VsYXRvci5DaXJjbGVIAFIGY2lyY2xlEjcKCHRyaWFuZ2xlGAQgASgLMhkuYXJlYV9jYWxjdWxhdG9yLlRyaWFuZ2xlSABSCHRyaWFuZ2xlEkYKDXBhcmFsbGVsb2dyYW0YBSABKAsyHi5hcmVhX2NhbGN1bGF0b3IuUGFyYWxsZWxvZ3JhbUgAUg1wYXJhbGxlbG9ncmFtQgcKBXNoYXBlIikKBlNxdWFyZRIfCgtlZGdlX2xlbmd0aBgBIAEoAlIKZWRnZUxlbmd0aCI5CglSZWN0YW5nbGUSFgoGbGVuZ3RoGAEgASgCUgZsZW5ndGgSFAoFd2lkdGgYAiABKAJSBXdpZHRoIiAKBkNpcmNsZRIWCgZyYWRpdXMYASABKAJSBnJhZGl1cyJPCghUcmlhbmdsZRIVCgZlZGdlX2EYASABKAJSBWVkZ2VBEhUKBmVkZ2VfYhgCIAEoAlIFZWRnZUISFQoGZWRnZV9jGAMgASgCUgVlZGdlQyJICg1QYXJhbGxlbG9ncmFtEh8KC2Jhc2VfbGVuZ3RoGAEgASgCUgpiYXNlTGVuZ3RoEhYKBmhlaWdodBgCIAEoAlIGaGVpZ2h0IkQKC0FyZWFSZXF1ZXN0EjUKBnNoYXBlcxgBIAMoCzIdLmFyZWFfY2FsY3VsYXRvci5TaGFwZU1lc3NhZ2VSBnNoYXBlcyIkCgxBcmVhUmVzcG9uc2USFAoFdmFsdWUYASADKAJSBXZhbHVlMq0BCgpDYWxjdWxhdG9yEk4KDGNhbGN1bGF0ZU9uZRIdLmFyZWFfY2FsY3VsYXRvci5TaGFwZU1lc3NhZ2UaHS5hcmVhX2NhbGN1bGF0b3IuQXJlYVJlc3BvbnNlIgASTwoOY2FsY3VsYXRlTXVsdGkSHC5hcmVhX2NhbGN1bGF0b3IuQXJlYVJlcXVlc3QaHS5hcmVhX2NhbGN1bGF0b3IuQXJlYVJlc3BvbnNlIgBCHFoXaW8ucGFjdC9hcmVhX2NhbGN1bGF0b3LQAgFiBnByb3RvMw=="), "protoFile": String("syntax = \"proto3\";\n\npackage area_calculator;\n\noption php_generic_services = true;\noption go_package = \"io.pact/area_calculator\";\n\nservice Calculator {\n  rpc calculateOne (ShapeMessage) returns (AreaResponse) {}\n  rpc calculateMulti (AreaRequest) returns (AreaResponse) {}\n}\n\nmessage ShapeMessage {\n  oneof shape {\n    Square square = 1;\n    Rectangle rectangle = 2;\n    Circle circle = 3;\n    Triangle triangle = 4;\n    Parallelogram parallelogram = 5;\n  }\n}\n\nmessage Square {\n  float edge_length = 1;\n}\n\nmessage Rectangle {\n  float length = 1;\n  float width = 2;\n}\n\nmessage Circle {\n  float radius = 1;\n}\n\nmessage Triangle {\n  float edge_a = 1;\n  float edge_b = 2;\n  float edge_c = 3;\n}\n\nmessage Parallelogram {\n  float base_length = 1;\n  float height = 2;\n}\n\nmessage AreaRequest {\n  repeated ShapeMessage shapes = 1;\n}\n\nmessage AreaResponse {\n  repeated float value = 1;\n}\n")})} }, descriptors: {"a85dff8f82655a9681aad113575dcfbb": FileDescriptorSet { file: [FileDescriptorProto { name: Some("area_calculator.proto"), package: Some("area_calculator"), dependency: [], public_dependency: [], weak_dependency: [], message_type: [DescriptorProto { name: Some("ShapeMessage"), field: [FieldDescriptorProto { name: Some("square"), number: Some(1), label: Some(Optional), r#type: Some(Message), type_name: Some(".area_calculator.Square"), extendee: None, default_value: None, oneof_index: Some(0), json_name: Some("square"), options: None, proto3_optional: None }, FieldDescriptorProto { name: Some("rectangle"), number: Some(2), label: Some(Optional), r#type: Some(Message), type_name: Some(".area_calculator.Rectangle"), extendee: None, default_value: None, oneof_index: Some(0), json_name: Some("rectangle"), options: None, proto3_optional: None }, FieldDescriptorProto { name: Some("circle"), number: Some(3), label: Some(Optional), r#type: Some(Message), type_name: Some(".area_calculator.Circle"), extendee: None, default_value: None, oneof_index: Some(0), json_name: Some("circle"), options: None, proto3_optional: None }, FieldDescriptorProto { name: Some("triangle"), number: Some(4), label: Some(Optional), r#type: Some(Message), type_name: Some(".area_calculator.Triangle"), extendee: None, default_value: None, oneof_index: Some(0), json_name: Some("triangle"), options: None, proto3_optional: None }, FieldDescriptorProto { name: Some("parallelogram"), number: Some(5), label: Some(Optional), r#type: Some(Message), type_name: Some(".area_calculator.Parallelogram"), extendee: None, default_value: None, oneof_index: Some(0), json_name: Some("parallelogram"), options: None, proto3_optional: None }], extension: [], nested_type: [], enum_type: [], extension_range: [], oneof_decl: [OneofDescriptorProto { name: Some("shape"), options: None }], options: None, reserved_range: [], reserved_name: [] }, DescriptorProto { name: Some("Square"), field: [FieldDescriptorProto { name: Some("edge_length"), number: Some(1), label: Some(Optional), r#type: Some(Float), type_name: None, extendee: None, default_value: None, oneof_index: None, json_name: Some("edgeLength"), options: None, proto3_optional: None }], extension: [], nested_type: [], enum_type: [], extension_range: [], oneof_decl: [], options: None, reserved_range: [], reserved_name: [] }, DescriptorProto { name: Some("Rectangle"), field: [FieldDescriptorProto { name: Some("length"), number: Some(1), label: Some(Optional), r#type: Some(Float), type_name: None, extendee: None, default_value: None, oneof_index: None, json_name: Some("length"), options: None, proto3_optional: None }, FieldDescriptorProto { name: Some("width"), number: Some(2), label: Some(Optional), r#type: Some(Float), type_name: None, extendee: None, default_value: None, oneof_index: None, json_name: Some("width"), options: None, proto3_optional: None }], extension: [], nested_type: [], enum_type: [], extension_range: [], oneof_decl: [], options: None, reserved_range: [], reserved_name: [] }, DescriptorProto { name: Some("Circle"), field: [FieldDescriptorProto { name: Some("radius"), number: Some(1), label: Some(Optional), r#type: Some(Float), type_name: None, extendee: None, default_value: None, oneof_index: None, json_name: Some("radius"), options: None, proto3_optional: None }], extension: [], nested_type: [], enum_type: [], extension_range: [], oneof_decl: [], options: None, reserved_range: [], reserved_name: [] }, DescriptorProto { name: Some("Triangle"), field: [FieldDescriptorProto { name: Some("edge_a"), number: Some(1), label: Some(Optional), r#type: Some(Float), type_name: None, extendee: None, default_value: None, oneof_index: None, json_name: Some("edgeA"), options: None, proto3_optional: None }, FieldDescriptorProto { name: Some("edge_b"), number: Some(2), label: Some(Optional), r#type: Some(Float), type_name: None, extendee: None, default_value: None, oneof_index: None, json_name: Some("edgeB"), options: None, proto3_optional: None }, FieldDescriptorProto { name: Some("edge_c"), number: Some(3), label: Some(Optional), r#type: Some(Float), type_name: None, extendee: None, default_value: None, oneof_index: None, json_name: Some("edgeC"), options: None, proto3_optional: None }], extension: [], nested_type: [], enum_type: [], extension_range: [], oneof_decl: [], options: None, reserved_range: [], reserved_name: [] }, DescriptorProto { name: Some("Parallelogram"), field: [FieldDescriptorProto { name: Some("base_length"), number: Some(1), label: Some(Optional), r#type: Some(Float), type_name: None, extendee: None, default_value: None, oneof_index: None, json_name: Some("baseLength"), options: None, proto3_optional: None }, FieldDescriptorProto { name: Some("height"), number: Some(2), label: Some(Optional), r#type: Some(Float), type_name: None, extendee: None, default_value: None, oneof_index: None, json_name: Some("height"), options: None, proto3_optional: None }], extension: [], nested_type: [], enum_type: [], extension_range: [], oneof_decl: [], options: None, reserved_range: [], reserved_name: [] }, DescriptorProto { name: Some("AreaRequest"), field: [FieldDescriptorProto { name: Some("shapes"), number: Some(1), label: Some(Repeated), r#type: Some(Message), type_name: Some(".area_calculator.ShapeMessage"), extendee: None, default_value: None, oneof_index: None, json_name: Some("shapes"), options: None, proto3_optional: None }], extension: [], nested_type: [], enum_type: [], extension_range: [], oneof_decl: [], options: None, reserved_range: [], reserved_name: [] }, DescriptorProto { name: Some("AreaResponse"), field: [FieldDescriptorProto { name: Some("value"), number: Some(1), label: Some(Repeated), r#type: Some(Float), type_name: None, extendee: None, default_value: None, oneof_index: None, json_name: Some("value"), options: None, proto3_optional: None }], extension: [], nested_type: [], enum_type: [], extension_range: [], oneof_decl: [], options: None, reserved_range: [], reserved_name: [] }], enum_type: [], service: [ServiceDescriptorProto { name: Some("Calculator"), method: [MethodDescriptorProto { name: Some("calculateOne"), input_type: Some(".area_calculator.ShapeMessage"), output_type: Some(".area_calculator.AreaResponse"), options: Some(MethodOptions { deprecated: None, idempotency_level: None, uninterpreted_option: [] }), client_streaming: None, server_streaming: None }, MethodDescriptorProto { name: Some("calculateMulti"), input_type: Some(".area_calculator.AreaRequest"), output_type: Some(".area_calculator.AreaResponse"), options: Some(MethodOptions { deprecated: None, idempotency_level: None, uninterpreted_option: [] }), client_streaming: None, server_streaming: None }], options: None }], extension: [], options: Some(FileOptions { java_package: None, java_outer_classname: None, java_multiple_files: None, java_generate_equals_and_hash: None, java_string_check_utf8: None, optimize_for: None, go_package: Some("io.pact/area_calculator"), cc_generic_services: None, java_generic_services: None, py_generic_services: None, php_generic_services: Some(true), deprecated: None, cc_enable_arenas: None, objc_class_prefix: None, csharp_namespace: None, swift_prefix: None, php_class_prefix: None, php_namespace: None, php_metadata_namespace: None, ruby_package: None, uninterpreted_option: [] }), source_code_info: None, syntax: Some("proto3") }] }}, routes: {"Calculator/calculateOne": (FileDescriptorSet { file: [FileDescriptorProto { name: Some("area_calculator.proto"), package: Some("area_calculator"), dependency: [], public_dependency: [], weak_dependency: [], message_type: [DescriptorProto { name: Some("ShapeMessage"), field: [FieldDescriptorProto { name: Some("square"), number: Some(1), label: Some(Optional), r#type: Some(Message), type_name: Some(".area_calculator.Square"), extendee: None, default_value: None, oneof_index: Some(0), json_name: Some("square"), options: None, proto3_optional: None }, FieldDescriptorProto { name: Some("rectangle"), number: Some(2), label: Some(Optional), r#type: Some(Message), type_name: Some(".area_calculator.Rectangle"), extendee: None, default_value: None, oneof_index: Some(0), json_name: Some("rectangle"), options: None, proto3_optional: None }, FieldDescriptorProto { name: Some("circle"), number: Some(3), label: Some(Optional), r#type: Some(Message), type_name: Some(".area_calculator.Circle"), extendee: None, default_value: None, oneof_index: Some(0), json_name: Some("circle"), options: None, proto3_optional: None }, FieldDescriptorProto { name: Some("triangle"), number: Some(4), label: Some(Optional), r#type: Some(Message), type_name: Some(".area_calculator.Triangle"), extendee: None, default_value: None, oneof_index: Some(0), json_name: Some("triangle"), options: None, proto3_optional: None }, FieldDescriptorProto { name: Some("parallelogram"), number: Some(5), label: Some(Optional), r#type: Some(Message), type_name: Some(".area_calculator.Parallelogram"), extendee: None, default_value: None, oneof_index: Some(0), json_name: Some("parallelogram"), options: None, proto3_optional: None }], extension: [], nested_type: [], enum_type: [], extension_range: [], oneof_decl: [OneofDescriptorProto { name: Some("shape"), options: None }], options: None, reserved_range: [], reserved_name: [] }, DescriptorProto { name: Some("Square"), field: [FieldDescriptorProto { name: Some("edge_length"), number: Some(1), label: Some(Optional), r#type: Some(Float), type_name: None, extendee: None, default_value: None, oneof_index: None, json_name: Some("edgeLength"), options: None, proto3_optional: None }], extension: [], nested_type: [], enum_type: [], extension_range: [], oneof_decl: [], options: None, reserved_range: [], reserved_name: [] }, DescriptorProto { name: Some("Rectangle"), field: [FieldDescriptorProto { name: Some("length"), number: Some(1), label: Some(Optional), r#type: Some(Float), type_name: None, extendee: None, default_value: None, oneof_index: None, json_name: Some("length"), options: None, proto3_optional: None }, FieldDescriptorProto { name: Some("width"), number: Some(2), label: Some(Optional), r#type: Some(Float), type_name: None, extendee: None, default_value: None, oneof_index: None, json_name: Some("width"), options: None, proto3_optional: None }], extension: [], nested_type: [], enum_type: [], extension_range: [], oneof_decl: [], options: None, reserved_range: [], reserved_name: [] }, DescriptorProto { name: Some("Circle"), field: [FieldDescriptorProto { name: Some("radius"), number: Some(1), label: Some(Optional), r#type: Some(Float), type_name: None, extendee: None, default_value: None, oneof_index: None, json_name: Some("radius"), options: None, proto3_optional: None }], extension: [], nested_type: [], enum_type: [], extension_range: [], oneof_decl: [], options: None, reserved_range: [], reserved_name: [] }, DescriptorProto { name: Some("Triangle"), field: [FieldDescriptorProto { name: Some("edge_a"), number: Some(1), label: Some(Optional), r#type: Some(Float), type_name: None, extendee: None, default_value: None, oneof_index: None, json_name: Some("edgeA"), options: None, proto3_optional: None }, FieldDescriptorProto { name: Some("edge_b"), number: Some(2), label: Some(Optional), r#type: Some(Float), type_name: None, extendee: None, default_value: None, oneof_index: None, json_name: Some("edgeB"), options: None, proto3_optional: None }, FieldDescriptorProto { name: Some("edge_c"), number: Some(3), label: Some(Optional), r#type: Some(Float), type_name: None, extendee: None, default_value: None, oneof_index: None, json_name: Some("edgeC"), options: None, proto3_optional: None }], extension: [], nested_type: [], enum_type: [], extension_range: [], oneof_decl: [], options: None, reserved_range: [], reserved_name: [] }, DescriptorProto { name: Some("Parallelogram"), field: [FieldDescriptorProto { name: Some("base_length"), number: Some(1), label: Some(Optional), r#type: Some(Float), type_name: None, extendee: None, default_value: None, oneof_index: None, json_name: Some("baseLength"), options: None, proto3_optional: None }, FieldDescriptorProto { name: Some("height"), number: Some(2), label: Some(Optional), r#type: Some(Float), type_name: None, extendee: None, default_value: None, oneof_index: None, json_name: Some("height"), options: None, proto3_optional: None }], extension: [], nested_type: [], enum_type: [], extension_range: [], oneof_decl: [], options: None, reserved_range: [], reserved_name: [] }, DescriptorProto { name: Some("AreaRequest"), field: [FieldDescriptorProto { name: Some("shapes"), number: Some(1), label: Some(Repeated), r#type: Some(Message), type_name: Some(".area_calculator.ShapeMessage"), extendee: None, default_value: None, oneof_index: None, json_name: Some("shapes"), options: None, proto3_optional: None }], extension: [], nested_type: [], enum_type: [], extension_range: [], oneof_decl: [], options: None, reserved_range: [], reserved_name: [] }, DescriptorProto { name: Some("AreaResponse"), field: [FieldDescriptorProto { name: Some("value"), number: Some(1), label: Some(Repeated), r#type: Some(Float), type_name: None, extendee: None, default_value: None, oneof_index: None, json_name: Some("value"), options: None, proto3_optional: None }], extension: [], nested_type: [], enum_type: [], extension_range: [], oneof_decl: [], options: None, reserved_range: [], reserved_name: [] }], enum_type: [], service: [ServiceDescriptorProto { name: Some("Calculator"), method: [MethodDescriptorProto { name: Some("calculateOne"), input_type: Some(".area_calculator.ShapeMessage"), output_type: Some(".area_calculator.AreaResponse"), options: Some(MethodOptions { deprecated: None, idempotency_level: None, uninterpreted_option: [] }), client_streaming: None, server_streaming: None }, MethodDescriptorProto { name: Some("calculateMulti"), input_type: Some(".area_calculator.AreaRequest"), output_type: Some(".area_calculator.AreaResponse"), options: Some(MethodOptions { deprecated: None, idempotency_level: None, uninterpreted_option: [] }), client_streaming: None, server_streaming: None }], options: None }], extension: [], options: Some(FileOptions { java_package: None, java_outer_classname: None, java_multiple_files: None, java_generate_equals_and_hash: None, java_string_check_utf8: None, optimize_for: None, go_package: Some("io.pact/area_calculator"), cc_generic_services: None, java_generic_services: None, py_generic_services: None, php_generic_services: Some(true), deprecated: None, cc_enable_arenas: None, objc_class_prefix: None, csharp_namespace: None, swift_prefix: None, php_class_prefix: None, php_namespace: None, php_metadata_namespace: None, ruby_package: None, uninterpreted_option: [] }), source_code_info: None, syntax: Some("proto3") }] }, MethodDescriptorProto { name: Some("calculateOne"), input_type: Some(".area_calculator.ShapeMessage"), output_type: Some(".area_calculator.AreaResponse"), options: Some(MethodOptions { deprecated: None, idempotency_level: None, uninterpreted_option: [] }), client_streaming: None, server_streaming: None }, SynchronousMessage { id: None, key: Some("c7fbe3ee"), description: "calculate rectangle area request", provider_states: [], comments: {"testname": String("io.pact.example.grpc.consumer.PactConsumerTest.calculateRectangleArea(MockServer, SynchronousMessages)")}, request: MessageContents { contents: Present(b"\x12\n\r\0\0@@\x15\0\0\x80@", Some(ContentType { main_type: "application", sub_type: "protobuf", attributes: {"message": "ShapeMessage"}, suffix: None }), Some(BINARY)), metadata: {}, matching_rules: MatchingRules { rules: {BODY: MatchingRuleCategory { name: BODY, rules: {DocPath { path_tokens: [Root, Field("rectangle"), Field("length")], expr: "$.rectangle.length" }: RuleList { rules: [Number], rule_logic: And, cascaded: false }, DocPath { path_tokens: [Root, Field("rectangle"), Field("width")], expr: "$.rectangle.width" }: RuleList { rules: [Number], rule_logic: And, cascaded: false }} }} }, generators: Generators { categories: {} } }, response: [MessageContents { contents: Present(b"\r\0\0@A", Some(ContentType { main_type: "application", sub_type: "protobuf", attributes: {"message": "AreaResponse"}, suffix: None }), Some(BINARY)), metadata: {}, matching_rules: MatchingRules { rules: {BODY: MatchingRuleCategory { name: BODY, rules: {DocPath { path_tokens: [Root, Field("value")], expr: "$.value" }: RuleList { rules: [Number], rule_logic: And, cascaded: false }} }} }, generators: Generators { categories: {} } }], pending: false, plugin_config: {"protobuf": {"service": String("Calculator/calculateOne"), "descriptorKey": String("a85dff8f82655a9681aad113575dcfbb")}}, interaction_markup: InteractionMarkup { markup: "```protobuf\nmessage ShapeMessage {\n    message .area_calculator.Rectangle rectangle = 2;\n}\n```\n\n```protobuf\nmessage AreaResponse {\n    float value = 1;\n}\n```\n", markup_type: "COMMON_MARK" }, transport: None })}, server_key: "5cae5f82-fec2-43c6-9739-60d0383d84ec" } ?[3mreq?[0m?[2m=?[0mRequest { method: POST, uri: http://127.0.0.1:53791/area_calculator.Calculator/calculateOne, version: HTTP/2.0, headers: {"content-type": "application/grpc", "te": "trailers", "user-agent": "grpc-java-netty/1.49.0", "grpc-accept-encoding": "gzip"}, body: Body(Streaming) }?[1m}?[0m?[2m:?[0m?[1mmock_server_handler?[0m?[1m{?[0m?[3mkey?[0m?[2m=?[0m"5cae5f82-fec2-43c6-9739-60d0383d84ec"?[1m}?[0m?[2m:?[0m?[1mhandle_message?[0m?[1m{?[0m?[3mself?[0m?[2m=?[0mMockService { file_descriptor_set: FileDescriptorSet { file: [FileDescriptorProto { name: Some("area_calculator.proto"), package: Some("area_calculator"), dependency: [], public_dependency: [], weak_dependency: [], message_type: [DescriptorProto { name: Some("ShapeMessage"), field: [FieldDescriptorProto { name: Some("square"), number: Some(1), label: Some(Optional), r#type: Some(Message), type_name: Some(".area_calculator.Square"), extendee: None, default_value: None, oneof_index: Some(0), json_name: Some("square"), options: None, proto3_optional: None }, FieldDescriptorProto { name: Some("rectangle"), number: Some(2), label: Some(Optional), r#type: Some(Message), type_name: Some(".area_calculator.Rectangle"), extendee: None, default_value: None, oneof_index: Some(0), json_name: Some("rectangle"), options: None, proto3_optional: None }, FieldDescriptorProto { name: Some("circle"), number: Some(3), label: Some(Optional), r#type: Some(Message), type_name: Some(".area_calculator.Circle"), extendee: None, default_value: None, oneof_index: Some(0), json_name: Some("circle"), options: None, proto3_optional: None }, FieldDescriptorProto { name: Some("triangle"), number: Some(4), label: Some(Optional), r#type: Some(Message), type_name: Some(".area_calculator.Triangle"), extendee: None, default_value: None, oneof_index: Some(0), json_name: Some("triangle"), options: None, proto3_optional: None }, FieldDescriptorProto { name: Some("parallelogram"), number: Some(5), label: Some(Optional), r#type: Some(Message), type_name: Some(".area_calculator.Parallelogram"), extendee: None, default_value: None, oneof_index: Some(0), json_name: Some("parallelogram"), options: None, proto3_optional: None }], extension: [], nested_type: [], enum_type: [], extension_range: [], oneof_decl: [OneofDescriptorProto { name: Some("shape"), options: None }], options: None, reserved_range: [], reserved_name: [] }, DescriptorProto { name: Some("Square"), field: [FieldDescriptorProto { name: Some("edge_length"), number: Some(1), label: Some(Optional), r#type: Some(Float), type_name: None, extendee: None, default_value: None, oneof_index: None, json_name: Some("edgeLength"), options: None, proto3_optional: None }], extension: [], nested_type: [], enum_type: [], extension_range: [], oneof_decl: [], options: None, reserved_range: [], reserved_name: [] }, DescriptorProto { name: Some("Rectangle"), field: [FieldDescriptorProto { name: Some("length"), number: Some(1), label: Some(Optional), r#type: Some(Float), type_name: None, extendee: None, default_value: None, oneof_index: None, json_name: Some("length"), options: None, proto3_optional: None }, FieldDescriptorProto { name: Some("width"), number: Some(2), label: Some(Optional), r#type: Some(Float), type_name: None, extendee: None, default_value: None, oneof_index: None, json_name: Some("width"), options: None, proto3_optional: None }], extension: [], nested_type: [], enum_type: [], extension_range: [], oneof_decl: [], options: None, reserved_range: [], reserved_name: [] }, DescriptorProto { name: Some("Circle"), field: [FieldDescriptorProto { name: Some("radius"), number: Some(1), label: Some(Optional), r#type: Some(Float), type_name: None, extendee: None, default_value: None, oneof_index: None, json_name: Some("radius"), options: None, proto3_optional: None }], extension: [], nested_type: [], enum_type: [], extension_range: [], oneof_decl: [], options: None, reserved_range: [], reserved_name: [] }, DescriptorProto { name: Some("Triangle"), field: [FieldDescriptorProto { name: Some("edge_a"), number: Some(1), label: Some(Optional), r#type: Some(Float), type_name: None, extendee: None, default_value: None, oneof_index: None, json_name: Some("edgeA"), options: None, proto3_optional: None }, FieldDescriptorProto { name: Some("edge_b"), number: Some(2), label: Some(Optional), r#type: Some(Float), type_name: None, extendee: None, default_value: None, oneof_index: None, json_name: Some("edgeB"), options: None, proto3_optional: None }, FieldDescriptorProto { name: Some("edge_c"), number: Some(3), label: Some(Optional), r#type: Some(Float), type_name: None, extendee: None, default_value: None, oneof_index: None, json_name: Some("edgeC"), options: None, proto3_optional: None }], extension: [], nested_type: [], enum_type: [], extension_range: [], oneof_decl: [], options: None, reserved_range: [], reserved_name: [] }, DescriptorProto { name: Some("Parallelogram"), field: [FieldDescriptorProto { name: Some("base_length"), number: Some(1), label: Some(Optional), r#type: Some(Float), type_name: None, extendee: None, default_value: None, oneof_index: None, json_name: Some("baseLength"), options: None, proto3_optional: None }, FieldDescriptorProto { name: Some("height"), number: Some(2), label: Some(Optional), r#type: Some(Float), type_name: None, extendee: None, default_value: None, oneof_index: None, json_name: Some("height"), options: None, proto3_optional: None }], extension: [], nested_type: [], enum_type: [], extension_range: [], oneof_decl: [], options: None, reserved_range: [], reserved_name: [] }, DescriptorProto { name: Some("AreaRequest"), field: [FieldDescriptorProto { name: Some("shapes"), number: Some(1), label: Some(Repeated), r#type: Some(Message), type_name: Some(".area_calculator.ShapeMessage"), extendee: None, default_value: None, oneof_index: None, json_name: Some("shapes"), options: None, proto3_optional: None }], extension: [], nested_type: [], enum_type: [], extension_range: [], oneof_decl: [], options: None, reserved_range: [], reserved_name: [] }, DescriptorProto { name: Some("AreaResponse"), field: [FieldDescriptorProto { name: Some("value"), number: Some(1), label: Some(Repeated), r#type: Some(Float), type_name: None, extendee: None, default_value: None, oneof_index: None, json_name: Some("value"), options: None, proto3_optional: None }], extension: [], nested_type: [], enum_type: [], extension_range: [], oneof_decl: [], options: None, reserved_range: [], reserved_name: [] }], enum_type: [], service: [ServiceDescriptorProto { name: Some("Calculator"), method: [MethodDescriptorProto { name: Some("calculateOne"), input_type: Some(".area_calculator.ShapeMessage"), output_type: Some(".area_calculator.AreaResponse"), options: Some(MethodOptions { deprecated: None, idempotency_level: None, uninterpreted_option: [] }), client_streaming: None, server_streaming: None }, MethodDescriptorProto { name: Some("calculateMulti"), input_type: Some(".area_calculator.AreaRequest"), output_type: Some(".area_calculator.AreaResponse"), options: Some(MethodOptions { deprecated: None, idempotency_level: None, uninterpreted_option: [] }), client_streaming: None, server_streaming: None }], options: None }], extension: [], options: Some(FileOptions { java_package: None, java_outer_classname: None, java_multiple_files: None, java_generate_equals_and_hash: None, java_string_check_utf8: None, optimize_for: None, go_package: Some("io.pact/area_calculator"), cc_generic_services: None, java_generic_services: None, py_generic_services: None, php_generic_services: Some(true), deprecated: None, cc_enable_arenas: None, objc_class_prefix: None, csharp_namespace: None, swift_prefix: None, php_class_prefix: None, php_namespace: None, php_metadata_namespace: None, ruby_package: None, uninterpreted_option: [] }), source_code_info: None, syntax: Some("proto3") }] }, service_name: "Calculator", message: SynchronousMessage { id: None, key: Some("c7fbe3ee"), description: "calculate rectangle area request", provider_states: [], comments: {"testname": String("io.pact.example.grpc.consumer.PactConsumerTest.calculateRectangleArea(MockServer, SynchronousMessages)")}, request: MessageContents { contents: Present(b"\x12\n\r\0\0@@\x15\0\0\x80@", Some(ContentType { main_type: "application", sub_type: "protobuf", attributes: {"message": "ShapeMessage"}, suffix: None }), Some(BINARY)), metadata: {}, matching_rules: MatchingRules { rules: {BODY: MatchingRuleCategory { name: BODY, rules: {DocPath { path_tokens: [Root, Field("rectangle"), Field("length")], expr: "$.rectangle.length" }: RuleList { rules: [Number], rule_logic: And, cascaded: false }, DocPath { path_tokens: [Root, Field("rectangle"), Field("width")], expr: "$.rectangle.width" }: RuleList { rules: [Number], rule_logic: And, cascaded: false }} }} }, generators: Generators { categories: {} } }, response: [MessageContents { contents: Present(b"\r\0\0@A", Some(ContentType { main_type: "application", sub_type: "protobuf", attributes: {"message": "AreaResponse"}, suffix: None }), Some(BINARY)), metadata: {}, matching_rules: MatchingRules { rules: {BODY: MatchingRuleCategory { name: BODY, rules: {DocPath { path_tokens: [Root, Field("value")], expr: "$.value" }: RuleList { rules: [Number], rule_logic: And, cascaded: false }} }} }, generators: Generators { categories: {} } }], pending: false, plugin_config: {"protobuf": {"service": String("Calculator/calculateOne"), "descriptorKey": String("a85dff8f82655a9681aad113575dcfbb")}}, interaction_markup: InteractionMarkup { markup: "```protobuf\nmessage ShapeMessage {\n    message .area_calculator.Rectangle rectangle = 2;\n}\n```\n\n```protobuf\nmessage AreaResponse {\n    float value = 1;\n}\n```\n", markup_type: "COMMON_MARK" }, transport: None }, method_descriptor: MethodDescriptorProto { name: Some("calculateOne"), input_type: Some(".area_calculator.ShapeMessage"), output_type: Some(".area_calculator.AreaResponse"), options: Some(MethodOptions { deprecated: None, idempotency_level: None, uninterpreted_option: [] }), client_streaming: None, server_streaming: None }, input_message: DescriptorProto { name: Some("ShapeMessage"), field: [FieldDescriptorProto { name: Some("square"), number: Some(1), label: Some(Optional), r#type: Some(Message), type_name: Some(".area_calculator.Square"), extendee: None, default_value: None, oneof_index: Some(0), json_name: Some("square"), options: None, proto3_optional: None }, FieldDescriptorProto { name: Some("rectangle"), number: Some(2), label: Some(Optional), r#type: Some(Message), type_name: Some(".area_calculator.Rectangle"), extendee: None, default_value: None, oneof_index: Some(0), json_name: Some("rectangle"), options: None, proto3_optional: None }, FieldDescriptorProto { name: Some("circle"), number: Some(3), label: Some(Optional), r#type: Some(Message), type_name: Some(".area_calculator.Circle"), extendee: None, default_value: None, oneof_index: Some(0), json_name: Some("circle"), options: None, proto3_optional: None }, FieldDescriptorProto { name: Some("triangle"), number: Some(4), label: Some(Optional), r#type: Some(Message), type_name: Some(".area_calculator.Triangle"), extendee: None, default_value: None, oneof_index: Some(0), json_name: Some("triangle"), options: None, proto3_optional: None }, FieldDescriptorProto { name: Some("parallelogram"), number: Some(5), label: Some(Optional), r#type: Some(Message), type_name: Some(".area_calculator.Parallelogram"), extendee: None, default_value: None, oneof_index: Some(0), json_name: Some("parallelogram"), options: None, proto3_optional: None }], extension: [], nested_type: [], enum_type: [], extension_range: [], oneof_decl: [OneofDescriptorProto { name: Some("shape"), options: None }], options: None, reserved_range: [], reserved_name: [] }, output_message: DescriptorProto { name: Some("AreaResponse"), field: [FieldDescriptorProto { name: Some("value"), number: Some(1), label: Some(Repeated), r#type: Some(Float), type_name: None, extendee: None, default_value: None, oneof_index: None, json_name: Some("value"), options: None, proto3_optional: None }], extension: [], nested_type: [], enum_type: [], extension_range: [], oneof_decl: [], options: None, reserved_range: [], reserved_name: [] }, server_key: "5cae5f82-fec2-43c6-9739-60d0383d84ec" } ?[3mrequest?[0m?[2m=?[0mDynamicMessage { descriptor: DescriptorProto { name: Some("ShapeMessage"), field: [FieldDescriptorProto { name: Some("square"), number: Some(1), label: Some(Optional), r#type: Some(Message), type_name: Some(".area_calculator.Square"), extendee: None, default_value: None, oneof_index: Some(0), json_name: Some("square"), options: None, proto3_optional: None }, FieldDescriptorProto { name: Some("rectangle"), number: Some(2), label: Some(Optional), r#type: Some(Message), type_name: Some(".area_calculator.Rectangle"), extendee: None, default_value: None, oneof_index: Some(0), json_name: Some("rectangle"), options: None, proto3_optional: None }, FieldDescriptorProto { name: Some("circle"), number: Some(3), label: Some(Optional), r#type: Some(Message), type_name: Some(".area_calculator.Circle"), extendee: None, default_value: None, oneof_index: Some(0), json_name: Some("circle"), options: None, proto3_optional: None }, FieldDescriptorProto { name: Some("triangle"), number: Some(4), label: Some(Optional), r#type: Some(Message), type_name: Some(".area_calculator.Triangle"), extendee: None, default_value: None, oneof_index: Some(0), json_name: Some("triangle"), options: None, proto3_optional: None }, FieldDescriptorProto { name: Some("parallelogram"), number: Some(5), label: Some(Optional), r#type: Some(Message), type_name: Some(".area_calculator.Parallelogram"), extendee: None, default_value: None, oneof_index: Some(0), json_name: Some("parallelogram"), options: None, proto3_optional: None }], extension: [], nested_type: [], enum_type: [], extension_range: [], oneof_decl: [OneofDescriptorProto { name: Some("shape"), options: None }], options: None, reserved_range: [], reserved_name: [] }, fields: [ProtobufField { field_num: 2, wire_type: LengthDelimited, data: Message([13, 0, 0, 64, 64, 21, 0, 0, 128, 64], DescriptorProto { name: Some("Rectangle"), field: [FieldDescriptorProto { name: Some("length"), number: Some(1), label: Some(Optional), r#type: Some(Float), type_name: None, extendee: None, default_value: None, oneof_index: None, json_name: Some("length"), options: None, proto3_optional: None }, FieldDescriptorProto { name: Some("width"), number: Some(2), label: Some(Optional), r#type: Some(Float), type_name: None, extendee: None, default_value: None, oneof_index: None, json_name: Some("width"), options: None, proto3_optional: None }], extension: [], nested_type: [], enum_type: [], extension_range: [], oneof_decl: [], options: None, reserved_range: [], reserved_name: [] }) }] } ?[3mmessage_descriptor?[0m?[2m=?[0mDescriptorProto { name: Some("ShapeMessage"), field: [FieldDescriptorProto { name: Some("square"), number: Some(1), label: Some(Optional), r#type: Some(Message), type_name: Some(".area_calculator.Square"), extendee: None, default_value: None, oneof_index: Some(0), json_name: Some("square"), options: None, proto3_optional: None }, FieldDescriptorProto { name: Some("rectangle"), number: Some(2), label: Some(Optional), r#type: Some(Message), type_name: Some(".area_calculator.Rectangle"), extendee: None, default_value: None, oneof_index: Some(0), json_name: Some("rectangle"), options: None, proto3_optional: None }, FieldDescriptorProto { name: Some("circle"), number: Some(3), label: Some(Optional), r#type: Some(Message), type_name: Some(".area_calculator.Circle"), extendee: None, default_value: None, oneof_index: Some(0), json_name: Some("circle"), options: None, proto3_optional: None }, FieldDescriptorProto { name: Some("triangle"), number: Some(4), label: Some(Optional), r#type: Some(Message), type_name: Some(".area_calculator.Triangle"), extendee: None, default_value: None, oneof_index: Some(0), json_name: Some("triangle"), options: None, proto3_optional: None }, FieldDescriptorProto { name: Some("parallelogram"), number: Some(5), label: Some(Optional), r#type: Some(Message), type_name: Some(".area_calculator.Parallelogram"), extendee: None, default_value: None, oneof_index: Some(0), json_name: Some("parallelogram"), options: None, proto3_optional: None }], extension: [], nested_type: [], enum_type: [], extension_range: [], oneof_decl: [OneofDescriptorProto { name: Some("shape"), options: None }], options: None, reserved_range: [], reserved_name: [] } ?[3mresponse_descriptor?[0m?[2m=?[0mDescriptorProto { name: Some("AreaResponse"), field: [FieldDescriptorProto { name: Some("value"), number: Some(1), label: Some(Repeated), r#type: Some(Float), type_name: None, extendee: None, default_value: None, oneof_index: None, json_name: Some("value"), options: None, proto3_optional: None }], extension: [], nested_type: [], enum_type: [], extension_range: [], oneof_decl: [], options: None, reserved_range: [], reserved_name: [] }?[1m}?[0m?[2m:?[0m ?[2mpact_models::path_exp?[0m?[2m:?[0m Calculating weight for path tokens '[Root, Field("rectangle"), Field("length")]' and path '["$", "rectangle", "width"]'
15:05:16.541 [Thread-5] DEBUG i.pact.plugins.jvm.core.ChildProcess - Plugin protobuf [46038] || ?[2m2023-03-27T09:35:16.540570Z?[0m ?[35mTRACE?[0m tokio-runtime-worker ?[1mrequest?[0m?[1m{?[0m?[3mmethod?[0m?[2m=?[0mPOST ?[3muri?[0m?[2m=?[0mhttp://127.0.0.1:53791/area_calculator.Calculator/calculateOne ?[3mversion?[0m?[2m=?[0mHTTP/2.0?[1m}?[0m?[2m:?[0m?[1mcall?[0m?[1m{?[0m?[3mself?[0m?[2m=?[0mGrpcMockServer { pact: V4Pact { consumer: Consumer { name: "grpc-consumer-jvm" }, provider: Provider { name: "area-calculator-provider" }, interactions: [SynchronousMessage { id: None, key: Some("c7fbe3ee"), description: "calculate rectangle area request", provider_states: [], comments: {"testname": String("io.pact.example.grpc.consumer.PactConsumerTest.calculateRectangleArea(MockServer, SynchronousMessages)")}, request: MessageContents { contents: Present(b"\x12\n\r\0\0@@\x15\0\0\x80@", Some(ContentType { main_type: "application", sub_type: "protobuf", attributes: {"message": "ShapeMessage"}, suffix: None }), Some(BINARY)), metadata: {}, matching_rules: MatchingRules { rules: {BODY: MatchingRuleCategory { name: BODY, rules: {DocPath { path_tokens: [Root, Field("rectangle"), Field("length")], expr: "$.rectangle.length" }: RuleList { rules: [Number], rule_logic: And, cascaded: false }, DocPath { path_tokens: [Root, Field("rectangle"), Field("width")], expr: "$.rectangle.width" }: RuleList { rules: [Number], rule_logic: And, cascaded: false }} }} }, generators: Generators { categories: {} } }, response: [MessageContents { contents: Present(b"\r\0\0@A", Some(ContentType { main_type: "application", sub_type: "protobuf", attributes: {"message": "AreaResponse"}, suffix: None }), Some(BINARY)), metadata: {}, matching_rules: MatchingRules { rules: {BODY: MatchingRuleCategory { name: BODY, rules: {DocPath { path_tokens: [Root, Field("value")], expr: "$.value" }: RuleList { rules: [Number], rule_logic: And, cascaded: false }} }} }, generators: Generators { categories: {} } }], pending: false, plugin_config: {"protobuf": {"service": String("Calculator/calculateOne"), "descriptorKey": String("a85dff8f82655a9681aad113575dcfbb")}}, interaction_markup: InteractionMarkup { markup: "```protobuf\nmessage ShapeMessage {\n    message .area_calculator.Rectangle rectangle = 2;\n}\n```\n\n```protobuf\nmessage AreaResponse {\n    float value = 1;\n}\n```\n", markup_type: "COMMON_MARK" }, transport: None }], metadata: {"pact-jvm": Object({"version": String("4.4.2")}), "pactSpecification": Object({"version": String("4.0")})}, plugin_data: [PluginData { name: "protobuf", version: "0.1.5", configuration: {"a85dff8f82655a9681aad113575dcfbb": Object({"protoDescriptors": String("CsoHChVhcmVhX2NhbGN1bGF0b3IucHJvdG8SD2FyZWFfY2FsY3VsYXRvciK6AgoMU2hhcGVNZXNzYWdlEjEKBnNxdWFyZRgBIAEoCzIXLmFyZWFfY2FsY3VsYXRvci5TcXVhcmVIAFIGc3F1YXJlEjoKCXJlY3RhbmdsZRgCIAEoCzIaLmFyZWFfY2FsY3VsYXRvci5SZWN0YW5nbGVIAFIJcmVjdGFuZ2xlEjEKBmNpcmNsZRgDIAEoCzIXLmFyZWFfY2FsY3VsYXRvci5DaXJjbGVIAFIGY2lyY2xlEjcKCHRyaWFuZ2xlGAQgASgLMhkuYXJlYV9jYWxjdWxhdG9yLlRyaWFuZ2xlSABSCHRyaWFuZ2xlEkYKDXBhcmFsbGVsb2dyYW0YBSABKAsyHi5hcmVhX2NhbGN1bGF0b3IuUGFyYWxsZWxvZ3JhbUgAUg1wYXJhbGxlbG9ncmFtQgcKBXNoYXBlIikKBlNxdWFyZRIfCgtlZGdlX2xlbmd0aBgBIAEoAlIKZWRnZUxlbmd0aCI5CglSZWN0YW5nbGUSFgoGbGVuZ3RoGAEgASgCUgZsZW5ndGgSFAoFd2lkdGgYAiABKAJSBXdpZHRoIiAKBkNpcmNsZRIWCgZyYWRpdXMYASABKAJSBnJhZGl1cyJPCghUcmlhbmdsZRIVCgZlZGdlX2EYASABKAJSBWVkZ2VBEhUKBmVkZ2VfYhgCIAEoAlIFZWRnZUISFQoGZWRnZV9jGAMgASgCUgVlZGdlQyJICg1QYXJhbGxlbG9ncmFtEh8KC2Jhc2VfbGVuZ3RoGAEgASgCUgpiYXNlTGVuZ3RoEhYKBmhlaWdodBgCIAEoAlIGaGVpZ2h0IkQKC0FyZWFSZXF1ZXN0EjUKBnNoYXBlcxgBIAMoCzIdLmFyZWFfY2FsY3VsYXRvci5TaGFwZU1lc3NhZ2VSBnNoYXBlcyIkCgxBcmVhUmVzcG9uc2USFAoFdmFsdWUYASADKAJSBXZhbHVlMq0BCgpDYWxjdWxhdG9yEk4KDGNhbGN1bGF0ZU9uZRIdLmFyZWFfY2FsY3VsYXRvci5TaGFwZU1lc3NhZ2UaHS5hcmVhX2NhbGN1bGF0b3IuQXJlYVJlc3BvbnNlIgASTwoOY2FsY3VsYXRlTXVsdGkSHC5hcmVhX2NhbGN1bGF0b3IuQXJlYVJlcXVlc3QaHS5hcmVhX2NhbGN1bGF0b3IuQXJlYVJlc3BvbnNlIgBCHFoXaW8ucGFjdC9hcmVhX2NhbGN1bGF0b3LQAgFiBnByb3RvMw=="), "protoFile": String("syntax = \"proto3\";\n\npackage area_calculator;\n\noption php_generic_services = true;\noption go_package = \"io.pact/area_calculator\";\n\nservice Calculator {\n  rpc calculateOne (ShapeMessage) returns (AreaResponse) {}\n  rpc calculateMulti (AreaRequest) returns (AreaResponse) {}\n}\n\nmessage ShapeMessage {\n  oneof shape {\n    Square square = 1;\n    Rectangle rectangle = 2;\n    Circle circle = 3;\n    Triangle triangle = 4;\n    Parallelogram parallelogram = 5;\n  }\n}\n\nmessage Square {\n  float edge_length = 1;\n}\n\nmessage Rectangle {\n  float length = 1;\n  float width = 2;\n}\n\nmessage Circle {\n  float radius = 1;\n}\n\nmessage Triangle {\n  float edge_a = 1;\n  float edge_b = 2;\n  float edge_c = 3;\n}\n\nmessage Parallelogram {\n  float base_length = 1;\n  float height = 2;\n}\n\nmessage AreaRequest {\n  repeated ShapeMessage shapes = 1;\n}\n\nmessage AreaResponse {\n  repeated float value = 1;\n}\n")})} }] }, plugin_config: PluginData { name: "protobuf", version: "0.1.5", configuration: {"a85dff8f82655a9681aad113575dcfbb": Object({"protoDescriptors": String("CsoHChVhcmVhX2NhbGN1bGF0b3IucHJvdG8SD2FyZWFfY2FsY3VsYXRvciK6AgoMU2hhcGVNZXNzYWdlEjEKBnNxdWFyZRgBIAEoCzIXLmFyZWFfY2FsY3VsYXRvci5TcXVhcmVIAFIGc3F1YXJlEjoKCXJlY3RhbmdsZRgCIAEoCzIaLmFyZWFfY2FsY3VsYXRvci5SZWN0YW5nbGVIAFIJcmVjdGFuZ2xlEjEKBmNpcmNsZRgDIAEoCzIXLmFyZWFfY2FsY3VsYXRvci5DaXJjbGVIAFIGY2lyY2xlEjcKCHRyaWFuZ2xlGAQgASgLMhkuYXJlYV9jYWxjdWxhdG9yLlRyaWFuZ2xlSABSCHRyaWFuZ2xlEkYKDXBhcmFsbGVsb2dyYW0YBSABKAsyHi5hcmVhX2NhbGN1bGF0b3IuUGFyYWxsZWxvZ3JhbUgAUg1wYXJhbGxlbG9ncmFtQgcKBXNoYXBlIikKBlNxdWFyZRIfCgtlZGdlX2xlbmd0aBgBIAEoAlIKZWRnZUxlbmd0aCI5CglSZWN0YW5nbGUSFgoGbGVuZ3RoGAEgASgCUgZsZW5ndGgSFAoFd2lkdGgYAiABKAJSBXdpZHRoIiAKBkNpcmNsZRIWCgZyYWRpdXMYASABKAJSBnJhZGl1cyJPCghUcmlhbmdsZRIVCgZlZGdlX2EYASABKAJSBWVkZ2VBEhUKBmVkZ2VfYhgCIAEoAlIFZWRnZUISFQoGZWRnZV9jGAMgASgCUgVlZGdlQyJICg1QYXJhbGxlbG9ncmFtEh8KC2Jhc2VfbGVuZ3RoGAEgASgCUgpiYXNlTGVuZ3RoEhYKBmhlaWdodBgCIAEoAlIGaGVpZ2h0IkQKC0FyZWFSZXF1ZXN0EjUKBnNoYXBlcxgBIAMoCzIdLmFyZWFfY2FsY3VsYXRvci5TaGFwZU1lc3NhZ2VSBnNoYXBlcyIkCgxBcmVhUmVzcG9uc2USFAoFdmFsdWUYASADKAJSBXZhbHVlMq0BCgpDYWxjdWxhdG9yEk4KDGNhbGN1bGF0ZU9uZRIdLmFyZWFfY2FsY3VsYXRvci5TaGFwZU1lc3NhZ2UaHS5hcmVhX2NhbGN1bGF0b3IuQXJlYVJlc3BvbnNlIgASTwoOY2FsY3VsYXRlTXVsdGkSHC5hcmVhX2NhbGN1bGF0b3IuQXJlYVJlcXVlc3QaHS5hcmVhX2NhbGN1bGF0b3IuQXJlYVJlc3BvbnNlIgBCHFoXaW8ucGFjdC9hcmVhX2NhbGN1bGF0b3LQAgFiBnByb3RvMw=="), "protoFile": String("syntax = \"proto3\";\n\npackage area_calculator;\n\noption php_generic_services = true;\noption go_package = \"io.pact/area_calculator\";\n\nservice Calculator {\n  rpc calculateOne (ShapeMessage) returns (AreaResponse) {}\n  rpc calculateMulti (AreaRequest) returns (AreaResponse) {}\n}\n\nmessage ShapeMessage {\n  oneof shape {\n    Square square = 1;\n    Rectangle rectangle = 2;\n    Circle circle = 3;\n    Triangle triangle = 4;\n    Parallelogram parallelogram = 5;\n  }\n}\n\nmessage Square {\n  float edge_length = 1;\n}\n\nmessage Rectangle {\n  float length = 1;\n  float width = 2;\n}\n\nmessage Circle {\n  float radius = 1;\n}\n\nmessage Triangle {\n  float edge_a = 1;\n  float edge_b = 2;\n  float edge_c = 3;\n}\n\nmessage Parallelogram {\n  float base_length = 1;\n  float height = 2;\n}\n\nmessage AreaRequest {\n  repeated ShapeMessage shapes = 1;\n}\n\nmessage AreaResponse {\n  repeated float value = 1;\n}\n")})} }, descriptors: {"a85dff8f82655a9681aad113575dcfbb": FileDescriptorSet { file: [FileDescriptorProto { name: Some("area_calculator.proto"), package: Some("area_calculator"), dependency: [], public_dependency: [], weak_dependency: [], message_type: [DescriptorProto { name: Some("ShapeMessage"), field: [FieldDescriptorProto { name: Some("square"), number: Some(1), label: Some(Optional), r#type: Some(Message), type_name: Some(".area_calculator.Square"), extendee: None, default_value: None, oneof_index: Some(0), json_name: Some("square"), options: None, proto3_optional: None }, FieldDescriptorProto { name: Some("rectangle"), number: Some(2), label: Some(Optional), r#type: Some(Message), type_name: Some(".area_calculator.Rectangle"), extendee: None, default_value: None, oneof_index: Some(0), json_name: Some("rectangle"), options: None, proto3_optional: None }, FieldDescriptorProto { name: Some("circle"), number: Some(3), label: Some(Optional), r#type: Some(Message), type_name: Some(".area_calculator.Circle"), extendee: None, default_value: None, oneof_index: Some(0), json_name: Some("circle"), options: None, proto3_optional: None }, FieldDescriptorProto { name: Some("triangle"), number: Some(4), label: Some(Optional), r#type: Some(Message), type_name: Some(".area_calculator.Triangle"), extendee: None, default_value: None, oneof_index: Some(0), json_name: Some("triangle"), options: None, proto3_optional: None }, FieldDescriptorProto { name: Some("parallelogram"), number: Some(5), label: Some(Optional), r#type: Some(Message), type_name: Some(".area_calculator.Parallelogram"), extendee: None, default_value: None, oneof_index: Some(0), json_name: Some("parallelogram"), options: None, proto3_optional: None }], extension: [], nested_type: [], enum_type: [], extension_range: [], oneof_decl: [OneofDescriptorProto { name: Some("shape"), options: None }], options: None, reserved_range: [], reserved_name: [] }, DescriptorProto { name: Some("Square"), field: [FieldDescriptorProto { name: Some("edge_length"), number: Some(1), label: Some(Optional), r#type: Some(Float), type_name: None, extendee: None, default_value: None, oneof_index: None, json_name: Some("edgeLength"), options: None, proto3_optional: None }], extension: [], nested_type: [], enum_type: [], extension_range: [], oneof_decl: [], options: None, reserved_range: [], reserved_name: [] }, DescriptorProto { name: Some("Rectangle"), field: [FieldDescriptorProto { name: Some("length"), number: Some(1), label: Some(Optional), r#type: Some(Float), type_name: None, extendee: None, default_value: None, oneof_index: None, json_name: Some("length"), options: None, proto3_optional: None }, FieldDescriptorProto { name: Some("width"), number: Some(2), label: Some(Optional), r#type: Some(Float), type_name: None, extendee: None, default_value: None, oneof_index: None, json_name: Some("width"), options: None, proto3_optional: None }], extension: [], nested_type: [], enum_type: [], extension_range: [], oneof_decl: [], options: None, reserved_range: [], reserved_name: [] }, DescriptorProto { name: Some("Circle"), field: [FieldDescriptorProto { name: Some("radius"), number: Some(1), label: Some(Optional), r#type: Some(Float), type_name: None, extendee: None, default_value: None, oneof_index: None, json_name: Some("radius"), options: None, proto3_optional: None }], extension: [], nested_type: [], enum_type: [], extension_range: [], oneof_decl: [], options: None, reserved_range: [], reserved_name: [] }, DescriptorProto { name: Some("Triangle"), field: [FieldDescriptorProto { name: Some("edge_a"), number: Some(1), label: Some(Optional), r#type: Some(Float), type_name: None, extendee: None, default_value: None, oneof_index: None, json_name: Some("edgeA"), options: None, proto3_optional: None }, FieldDescriptorProto { name: Some("edge_b"), number: Some(2), label: Some(Optional), r#type: Some(Float), type_name: None, extendee: None, default_value: None, oneof_index: None, json_name: Some("edgeB"), options: None, proto3_optional: None }, FieldDescriptorProto { name: Some("edge_c"), number: Some(3), label: Some(Optional), r#type: Some(Float), type_name: None, extendee: None, default_value: None, oneof_index: None, json_name: Some("edgeC"), options: None, proto3_optional: None }], extension: [], nested_type: [], enum_type: [], extension_range: [], oneof_decl: [], options: None, reserved_range: [], reserved_name: [] }, DescriptorProto { name: Some("Parallelogram"), field: [FieldDescriptorProto { name: Some("base_length"), number: Some(1), label: Some(Optional), r#type: Some(Float), type_name: None, extendee: None, default_value: None, oneof_index: None, json_name: Some("baseLength"), options: None, proto3_optional: None }, FieldDescriptorProto { name: Some("height"), number: Some(2), label: Some(Optional), r#type: Some(Float), type_name: None, extendee: None, default_value: None, oneof_index: None, json_name: Some("height"), options: None, proto3_optional: None }], extension: [], nested_type: [], enum_type: [], extension_range: [], oneof_decl: [], options: None, reserved_range: [], reserved_name: [] }, DescriptorProto { name: Some("AreaRequest"), field: [FieldDescriptorProto { name: Some("shapes"), number: Some(1), label: Some(Repeated), r#type: Some(Message), type_name: Some(".area_calculator.ShapeMessage"), extendee: None, default_value: None, oneof_index: None, json_name: Some("shapes"), options: None, proto3_optional: None }], extension: [], nested_type: [], enum_type: [], extension_range: [], oneof_decl: [], options: None, reserved_range: [], reserved_name: [] }, DescriptorProto { name: Some("AreaResponse"), field: [FieldDescriptorProto { name: Some("value"), number: Some(1), label: Some(Repeated), r#type: Some(Float), type_name: None, extendee: None, default_value: None, oneof_index: None, json_name: Some("value"), options: None, proto3_optional: None }], extension: [], nested_type: [], enum_type: [], extension_range: [], oneof_decl: [], options: None, reserved_range: [], reserved_name: [] }], enum_type: [], service: [ServiceDescriptorProto { name: Some("Calculator"), method: [MethodDescriptorProto { name: Some("calculateOne"), input_type: Some(".area_calculator.ShapeMessage"), output_type: Some(".area_calculator.AreaResponse"), options: Some(MethodOptions { deprecated: None, idempotency_level: None, uninterpreted_option: [] }), client_streaming: None, server_streaming: None }, MethodDescriptorProto { name: Some("calculateMulti"), input_type: Some(".area_calculator.AreaRequest"), output_type: Some(".area_calculator.AreaResponse"), options: Some(MethodOptions { deprecated: None, idempotency_level: None, uninterpreted_option: [] }), client_streaming: None, server_streaming: None }], options: None }], extension: [], options: Some(FileOptions { java_package: None, java_outer_classname: None, java_multiple_files: None, java_generate_equals_and_hash: None, java_string_check_utf8: None, optimize_for: None, go_package: Some("io.pact/area_calculator"), cc_generic_services: None, java_generic_services: None, py_generic_services: None, php_generic_services: Some(true), deprecated: None, cc_enable_arenas: None, objc_class_prefix: None, csharp_namespace: None, swift_prefix: None, php_class_prefix: None, php_namespace: None, php_metadata_namespace: None, ruby_package: None, uninterpreted_option: [] }), source_code_info: None, syntax: Some("proto3") }] }}, routes: {"Calculator/calculateOne": (FileDescriptorSet { file: [FileDescriptorProto { name: Some("area_calculator.proto"), package: Some("area_calculator"), dependency: [], public_dependency: [], weak_dependency: [], message_type: [DescriptorProto { name: Some("ShapeMessage"), field: [FieldDescriptorProto { name: Some("square"), number: Some(1), label: Some(Optional), r#type: Some(Message), type_name: Some(".area_calculator.Square"), extendee: None, default_value: None, oneof_index: Some(0), json_name: Some("square"), options: None, proto3_optional: None }, FieldDescriptorProto { name: Some("rectangle"), number: Some(2), label: Some(Optional), r#type: Some(Message), type_name: Some(".area_calculator.Rectangle"), extendee: None, default_value: None, oneof_index: Some(0), json_name: Some("rectangle"), options: None, proto3_optional: None }, FieldDescriptorProto { name: Some("circle"), number: Some(3), label: Some(Optional), r#type: Some(Message), type_name: Some(".area_calculator.Circle"), extendee: None, default_value: None, oneof_index: Some(0), json_name: Some("circle"), options: None, proto3_optional: None }, FieldDescriptorProto { name: Some("triangle"), number: Some(4), label: Some(Optional), r#type: Some(Message), type_name: Some(".area_calculator.Triangle"), extendee: None, default_value: None, oneof_index: Some(0), json_name: Some("triangle"), options: None, proto3_optional: None }, FieldDescriptorProto { name: Some("parallelogram"), number: Some(5), label: Some(Optional), r#type: Some(Message), type_name: Some(".area_calculator.Parallelogram"), extendee: None, default_value: None, oneof_index: Some(0), json_name: Some("parallelogram"), options: None, proto3_optional: None }], extension: [], nested_type: [], enum_type: [], extension_range: [], oneof_decl: [OneofDescriptorProto { name: Some("shape"), options: None }], options: None, reserved_range: [], reserved_name: [] }, DescriptorProto { name: Some("Square"), field: [FieldDescriptorProto { name: Some("edge_length"), number: Some(1), label: Some(Optional), r#type: Some(Float), type_name: None, extendee: None, default_value: None, oneof_index: None, json_name: Some("edgeLength"), options: None, proto3_optional: None }], extension: [], nested_type: [], enum_type: [], extension_range: [], oneof_decl: [], options: None, reserved_range: [], reserved_name: [] }, DescriptorProto { name: Some("Rectangle"), field: [FieldDescriptorProto { name: Some("length"), number: Some(1), label: Some(Optional), r#type: Some(Float), type_name: None, extendee: None, default_value: None, oneof_index: None, json_name: Some("length"), options: None, proto3_optional: None }, FieldDescriptorProto { name: Some("width"), number: Some(2), label: Some(Optional), r#type: Some(Float), type_name: None, extendee: None, default_value: None, oneof_index: None, json_name: Some("width"), options: None, proto3_optional: None }], extension: [], nested_type: [], enum_type: [], extension_range: [], oneof_decl: [], options: None, reserved_range: [], reserved_name: [] }, DescriptorProto { name: Some("Circle"), field: [FieldDescriptorProto { name: Some("radius"), number: Some(1), label: Some(Optional), r#type: Some(Float), type_name: None, extendee: None, default_value: None, oneof_index: None, json_name: Some("radius"), options: None, proto3_optional: None }], extension: [], nested_type: [], enum_type: [], extension_range: [], oneof_decl: [], options: None, reserved_range: [], reserved_name: [] }, DescriptorProto { name: Some("Triangle"), field: [FieldDescriptorProto { name: Some("edge_a"), number: Some(1), label: Some(Optional), r#type: Some(Float), type_name: None, extendee: None, default_value: None, oneof_index: None, json_name: Some("edgeA"), options: None, proto3_optional: None }, FieldDescriptorProto { name: Some("edge_b"), number: Some(2), label: Some(Optional), r#type: Some(Float), type_name: None, extendee: None, default_value: None, oneof_index: None, json_name: Some("edgeB"), options: None, proto3_optional: None }, FieldDescriptorProto { name: Some("edge_c"), number: Some(3), label: Some(Optional), r#type: Some(Float), type_name: None, extendee: None, default_value: None, oneof_index: None, json_name: Some("edgeC"), options: None, proto3_optional: None }], extension: [], nested_type: [], enum_type: [], extension_range: [], oneof_decl: [], options: None, reserved_range: [], reserved_name: [] }, DescriptorProto { name: Some("Parallelogram"), field: [FieldDescriptorProto { name: Some("base_length"), number: Some(1), label: Some(Optional), r#type: Some(Float), type_name: None, extendee: None, default_value: None, oneof_index: None, json_name: Some("baseLength"), options: None, proto3_optional: None }, FieldDescriptorProto { name: Some("height"), number: Some(2), label: Some(Optional), r#type: Some(Float), type_name: None, extendee: None, default_value: None, oneof_index: None, json_name: Some("height"), options: None, proto3_optional: None }], extension: [], nested_type: [], enum_type: [], extension_range: [], oneof_decl: [], options: None, reserved_range: [], reserved_name: [] }, DescriptorProto { name: Some("AreaRequest"), field: [FieldDescriptorProto { name: Some("shapes"), number: Some(1), label: Some(Repeated), r#type: Some(Message), type_name: Some(".area_calculator.ShapeMessage"), extendee: None, default_value: None, oneof_index: None, json_name: Some("shapes"), options: None, proto3_optional: None }], extension: [], nested_type: [], enum_type: [], extension_range: [], oneof_decl: [], options: None, reserved_range: [], reserved_name: [] }, DescriptorProto { name: Some("AreaResponse"), field: [FieldDescriptorProto { name: Some("value"), number: Some(1), label: Some(Repeated), r#type: Some(Float), type_name: None, extendee: None, default_value: None, oneof_index: None, json_name: Some("value"), options: None, proto3_optional: None }], extension: [], nested_type: [], enum_type: [], extension_range: [], oneof_decl: [], options: None, reserved_range: [], reserved_name: [] }], enum_type: [], service: [ServiceDescriptorProto { name: Some("Calculator"), method: [MethodDescriptorProto { name: Some("calculateOne"), input_type: Some(".area_calculator.ShapeMessage"), output_type: Some(".area_calculator.AreaResponse"), options: Some(MethodOptions { deprecated: None, idempotency_level: None, uninterpreted_option: [] }), client_streaming: None, server_streaming: None }, MethodDescriptorProto { name: Some("calculateMulti"), input_type: Some(".area_calculator.AreaRequest"), output_type: Some(".area_calculator.AreaResponse"), options: Some(MethodOptions { deprecated: None, idempotency_level: None, uninterpreted_option: [] }), client_streaming: None, server_streaming: None }], options: None }], extension: [], options: Some(FileOptions { java_package: None, java_outer_classname: None, java_multiple_files: None, java_generate_equals_and_hash: None, java_string_check_utf8: None, optimize_for: None, go_package: Some("io.pact/area_calculator"), cc_generic_services: None, java_generic_services: None, py_generic_services: None, php_generic_services: Some(true), deprecated: None, cc_enable_arenas: None, objc_class_prefix: None, csharp_namespace: None, swift_prefix: None, php_class_prefix: None, php_namespace: None, php_metadata_namespace: None, ruby_package: None, uninterpreted_option: [] }), source_code_info: None, syntax: Some("proto3") }] }, MethodDescriptorProto { name: Some("calculateOne"), input_type: Some(".area_calculator.ShapeMessage"), output_type: Some(".area_calculator.AreaResponse"), options: Some(MethodOptions { deprecated: None, idempotency_level: None, uninterpreted_option: [] }), client_streaming: None, server_streaming: None }, SynchronousMessage { id: None, key: Some("c7fbe3ee"), description: "calculate rectangle area request", provider_states: [], comments: {"testname": String("io.pact.example.grpc.consumer.PactConsumerTest.calculateRectangleArea(MockServer, SynchronousMessages)")}, request: MessageContents { contents: Present(b"\x12\n\r\0\0@@\x15\0\0\x80@", Some(ContentType { main_type: "application", sub_type: "protobuf", attributes: {"message": "ShapeMessage"}, suffix: None }), Some(BINARY)), metadata: {}, matching_rules: MatchingRules { rules: {BODY: MatchingRuleCategory { name: BODY, rules: {DocPath { path_tokens: [Root, Field("rectangle"), Field("length")], expr: "$.rectangle.length" }: RuleList { rules: [Number], rule_logic: And, cascaded: false }, DocPath { path_tokens: [Root, Field("rectangle"), Field("width")], expr: "$.rectangle.width" }: RuleList { rules: [Number], rule_logic: And, cascaded: false }} }} }, generators: Generators { categories: {} } }, response: [MessageContents { contents: Present(b"\r\0\0@A", Some(ContentType { main_type: "application", sub_type: "protobuf", attributes: {"message": "AreaResponse"}, suffix: None }), Some(BINARY)), metadata: {}, matching_rules: MatchingRules { rules: {BODY: MatchingRuleCategory { name: BODY, rules: {DocPath { path_tokens: [Root, Field("value")], expr: "$.value" }: RuleList { rules: [Number], rule_logic: And, cascaded: false }} }} }, generators: Generators { categories: {} } }], pending: false, plugin_config: {"protobuf": {"service": String("Calculator/calculateOne"), "descriptorKey": String("a85dff8f82655a9681aad113575dcfbb")}}, interaction_markup: InteractionMarkup { markup: "```protobuf\nmessage ShapeMessage {\n    message .area_calculator.Rectangle rectangle = 2;\n}\n```\n\n```protobuf\nmessage AreaResponse {\n    float value = 1;\n}\n```\n", markup_type: "COMMON_MARK" }, transport: None })}, server_key: "5cae5f82-fec2-43c6-9739-60d0383d84ec" } ?[3mreq?[0m?[2m=?[0mRequest { method: POST, uri: http://127.0.0.1:53791/area_calculator.Calculator/calculateOne, version: HTTP/2.0, headers: {"content-type": "application/grpc", "te": "trailers", "user-agent": "grpc-java-netty/1.49.0", "grpc-accept-encoding": "gzip"}, body: Body(Streaming) }?[1m}?[0m?[2m:?[0m?[1mmock_server_handler?[0m?[1m{?[0m?[3mkey?[0m?[2m=?[0m"5cae5f82-fec2-43c6-9739-60d0383d84ec"?[1m}?[0m?[2m:?[0m?[1mhandle_message?[0m?[1m{?[0m?[3mself?[0m?[2m=?[0mMockService { file_descriptor_set: FileDescriptorSet { file: [FileDescriptorProto { name: Some("area_calculator.proto"), package: Some("area_calculator"), dependency: [], public_dependency: [], weak_dependency: [], message_type: [DescriptorProto { name: Some("ShapeMessage"), field: [FieldDescriptorProto { name: Some("square"), number: Some(1), label: Some(Optional), r#type: Some(Message), type_name: Some(".area_calculator.Square"), extendee: None, default_value: None, oneof_index: Some(0), json_name: Some("square"), options: None, proto3_optional: None }, FieldDescriptorProto { name: Some("rectangle"), number: Some(2), label: Some(Optional), r#type: Some(Message), type_name: Some(".area_calculator.Rectangle"), extendee: None, default_value: None, oneof_index: Some(0), json_name: Some("rectangle"), options: None, proto3_optional: None }, FieldDescriptorProto { name: Some("circle"), number: Some(3), label: Some(Optional), r#type: Some(Message), type_name: Some(".area_calculator.Circle"), extendee: None, default_value: None, oneof_index: Some(0), json_name: Some("circle"), options: None, proto3_optional: None }, FieldDescriptorProto { name: Some("triangle"), number: Some(4), label: Some(Optional), r#type: Some(Message), type_name: Some(".area_calculator.Triangle"), extendee: None, default_value: None, oneof_index: Some(0), json_name: Some("triangle"), options: None, proto3_optional: None }, FieldDescriptorProto { name: Some("parallelogram"), number: Some(5), label: Some(Optional), r#type: Some(Message), type_name: Some(".area_calculator.Parallelogram"), extendee: None, default_value: None, oneof_index: Some(0), json_name: Some("parallelogram"), options: None, proto3_optional: None }], extension: [], nested_type: [], enum_type: [], extension_range: [], oneof_decl: [OneofDescriptorProto { name: Some("shape"), options: None }], options: None, reserved_range: [], reserved_name: [] }, DescriptorProto { name: Some("Square"), field: [FieldDescriptorProto { name: Some("edge_length"), number: Some(1), label: Some(Optional), r#type: Some(Float), type_name: None, extendee: None, default_value: None, oneof_index: None, json_name: Some("edgeLength"), options: None, proto3_optional: None }], extension: [], nested_type: [], enum_type: [], extension_range: [], oneof_decl: [], options: None, reserved_range: [], reserved_name: [] }, DescriptorProto { name: Some("Rectangle"), field: [FieldDescriptorProto { name: Some("length"), number: Some(1), label: Some(Optional), r#type: Some(Float), type_name: None, extendee: None, default_value: None, oneof_index: None, json_name: Some("length"), options: None, proto3_optional: None }, FieldDescriptorProto { name: Some("width"), number: Some(2), label: Some(Optional), r#type: Some(Float), type_name: None, extendee: None, default_value: None, oneof_index: None, json_name: Some("width"), options: None, proto3_optional: None }], extension: [], nested_type: [], enum_type: [], extension_range: [], oneof_decl: [], options: None, reserved_range: [], reserved_name: [] }, DescriptorProto { name: Some("Circle"), field: [FieldDescriptorProto { name: Some("radius"), number: Some(1), label: Some(Optional), r#type: Some(Float), type_name: None, extendee: None, default_value: None, oneof_index: None, json_name: Some("radius"), options: None, proto3_optional: None }], extension: [], nested_type: [], enum_type: [], extension_range: [], oneof_decl: [], options: None, reserved_range: [], reserved_name: [] }, DescriptorProto { name: Some("Triangle"), field: [FieldDescriptorProto { name: Some("edge_a"), number: Some(1), label: Some(Optional), r#type: Some(Float), type_name: None, extendee: None, default_value: None, oneof_index: None, json_name: Some("edgeA"), options: None, proto3_optional: None }, FieldDescriptorProto { name: Some("edge_b"), number: Some(2), label: Some(Optional), r#type: Some(Float), type_name: None, extendee: None, default_value: None, oneof_index: None, json_name: Some("edgeB"), options: None, proto3_optional: None }, FieldDescriptorProto { name: Some("edge_c"), number: Some(3), label: Some(Optional), r#type: Some(Float), type_name: None, extendee: None, default_value: None, oneof_index: None, json_name: Some("edgeC"), options: None, proto3_optional: None }], extension: [], nested_type: [], enum_type: [], extension_range: [], oneof_decl: [], options: None, reserved_range: [], reserved_name: [] }, DescriptorProto { name: Some("Parallelogram"), field: [FieldDescriptorProto { name: Some("base_length"), number: Some(1), label: Some(Optional), r#type: Some(Float), type_name: None, extendee: None, default_value: None, oneof_index: None, json_name: Some("baseLength"), options: None, proto3_optional: None }, FieldDescriptorProto { name: Some("height"), number: Some(2), label: Some(Optional), r#type: Some(Float), type_name: None, extendee: None, default_value: None, oneof_index: None, json_name: Some("height"), options: None, proto3_optional: None }], extension: [], nested_type: [], enum_type: [], extension_range: [], oneof_decl: [], options: None, reserved_range: [], reserved_name: [] }, DescriptorProto { name: Some("AreaRequest"), field: [FieldDescriptorProto { name: Some("shapes"), number: Some(1), label: Some(Repeated), r#type: Some(Message), type_name: Some(".area_calculator.ShapeMessage"), extendee: None, default_value: None, oneof_index: None, json_name: Some("shapes"), options: None, proto3_optional: None }], extension: [], nested_type: [], enum_type: [], extension_range: [], oneof_decl: [], options: None, reserved_range: [], reserved_name: [] }, DescriptorProto { name: Some("AreaResponse"), field: [FieldDescriptorProto { name: Some("value"), number: Some(1), label: Some(Repeated), r#type: Some(Float), type_name: None, extendee: None, default_value: None, oneof_index: None, json_name: Some("value"), options: None, proto3_optional: None }], extension: [], nested_type: [], enum_type: [], extension_range: [], oneof_decl: [], options: None, reserved_range: [], reserved_name: [] }], enum_type: [], service: [ServiceDescriptorProto { name: Some("Calculator"), method: [MethodDescriptorProto { name: Some("calculateOne"), input_type: Some(".area_calculator.ShapeMessage"), output_type: Some(".area_calculator.AreaResponse"), options: Some(MethodOptions { deprecated: None, idempotency_level: None, uninterpreted_option: [] }), client_streaming: None, server_streaming: None }, MethodDescriptorProto { name: Some("calculateMulti"), input_type: Some(".area_calculator.AreaRequest"), output_type: Some(".area_calculator.AreaResponse"), options: Some(MethodOptions { deprecated: None, idempotency_level: None, uninterpreted_option: [] }), client_streaming: None, server_streaming: None }], options: None }], extension: [], options: Some(FileOptions { java_package: None, java_outer_classname: None, java_multiple_files: None, java_generate_equals_and_hash: None, java_string_check_utf8: None, optimize_for: None, go_package: Some("io.pact/area_calculator"), cc_generic_services: None, java_generic_services: None, py_generic_services: None, php_generic_services: Some(true), deprecated: None, cc_enable_arenas: None, objc_class_prefix: None, csharp_namespace: None, swift_prefix: None, php_class_prefix: None, php_namespace: None, php_metadata_namespace: None, ruby_package: None, uninterpreted_option: [] }), source_code_info: None, syntax: Some("proto3") }] }, service_name: "Calculator", message: SynchronousMessage { id: None, key: Some("c7fbe3ee"), description: "calculate rectangle area request", provider_states: [], comments: {"testname": String("io.pact.example.grpc.consumer.PactConsumerTest.calculateRectangleArea(MockServer, SynchronousMessages)")}, request: MessageContents { contents: Present(b"\x12\n\r\0\0@@\x15\0\0\x80@", Some(ContentType { main_type: "application", sub_type: "protobuf", attributes: {"message": "ShapeMessage"}, suffix: None }), Some(BINARY)), metadata: {}, matching_rules: MatchingRules { rules: {BODY: MatchingRuleCategory { name: BODY, rules: {DocPath { path_tokens: [Root, Field("rectangle"), Field("length")], expr: "$.rectangle.length" }: RuleList { rules: [Number], rule_logic: And, cascaded: false }, DocPath { path_tokens: [Root, Field("rectangle"), Field("width")], expr: "$.rectangle.width" }: RuleList { rules: [Number], rule_logic: And, cascaded: false }} }} }, generators: Generators { categories: {} } }, response: [MessageContents { contents: Present(b"\r\0\0@A", Some(ContentType { main_type: "application", sub_type: "protobuf", attributes: {"message": "AreaResponse"}, suffix: None }), Some(BINARY)), metadata: {}, matching_rules: MatchingRules { rules: {BODY: MatchingRuleCategory { name: BODY, rules: {DocPath { path_tokens: [Root, Field("value")], expr: "$.value" }: RuleList { rules: [Number], rule_logic: And, cascaded: false }} }} }, generators: Generators { categories: {} } }], pending: false, plugin_config: {"protobuf": {"service": String("Calculator/calculateOne"), "descriptorKey": String("a85dff8f82655a9681aad113575dcfbb")}}, interaction_markup: InteractionMarkup { markup: "```protobuf\nmessage ShapeMessage {\n    message .area_calculator.Rectangle rectangle = 2;\n}\n```\n\n```protobuf\nmessage AreaResponse {\n    float value = 1;\n}\n```\n", markup_type: "COMMON_MARK" }, transport: None }, method_descriptor: MethodDescriptorProto { name: Some("calculateOne"), input_type: Some(".area_calculator.ShapeMessage"), output_type: Some(".area_calculator.AreaResponse"), options: Some(MethodOptions { deprecated: None, idempotency_level: None, uninterpreted_option: [] }), client_streaming: None, server_streaming: None }, input_message: DescriptorProto { name: Some("ShapeMessage"), field: [FieldDescriptorProto { name: Some("square"), number: Some(1), label: Some(Optional), r#type: Some(Message), type_name: Some(".area_calculator.Square"), extendee: None, default_value: None, oneof_index: Some(0), json_name: Some("square"), options: None, proto3_optional: None }, FieldDescriptorProto { name: Some("rectangle"), number: Some(2), label: Some(Optional), r#type: Some(Message), type_name: Some(".area_calculator.Rectangle"), extendee: None, default_value: None, oneof_index: Some(0), json_name: Some("rectangle"), options: None, proto3_optional: None }, FieldDescriptorProto { name: Some("circle"), number: Some(3), label: Some(Optional), r#type: Some(Message), type_name: Some(".area_calculator.Circle"), extendee: None, default_value: None, oneof_index: Some(0), json_name: Some("circle"), options: None, proto3_optional: None }, FieldDescriptorProto { name: Some("triangle"), number: Some(4), label: Some(Optional), r#type: Some(Message), type_name: Some(".area_calculator.Triangle"), extendee: None, default_value: None, oneof_index: Some(0), json_name: Some("triangle"), options: None, proto3_optional: None }, FieldDescriptorProto { name: Some("parallelogram"), number: Some(5), label: Some(Optional), r#type: Some(Message), type_name: Some(".area_calculator.Parallelogram"), extendee: None, default_value: None, oneof_index: Some(0), json_name: Some("parallelogram"), options: None, proto3_optional: None }], extension: [], nested_type: [], enum_type: [], extension_range: [], oneof_decl: [OneofDescriptorProto { name: Some("shape"), options: None }], options: None, reserved_range: [], reserved_name: [] }, output_message: DescriptorProto { name: Some("AreaResponse"), field: [FieldDescriptorProto { name: Some("value"), number: Some(1), label: Some(Repeated), r#type: Some(Float), type_name: None, extendee: None, default_value: None, oneof_index: None, json_name: Some("value"), options: None, proto3_optional: None }], extension: [], nested_type: [], enum_type: [], extension_range: [], oneof_decl: [], options: None, reserved_range: [], reserved_name: [] }, server_key: "5cae5f82-fec2-43c6-9739-60d0383d84ec" } ?[3mrequest?[0m?[2m=?[0mDynamicMessage { descriptor: DescriptorProto { name: Some("ShapeMessage"), field: [FieldDescriptorProto { name: Some("square"), number: Some(1), label: Some(Optional), r#type: Some(Message), type_name: Some(".area_calculator.Square"), extendee: None, default_value: None, oneof_index: Some(0), json_name: Some("square"), options: None, proto3_optional: None }, FieldDescriptorProto { name: Some("rectangle"), number: Some(2), label: Some(Optional), r#type: Some(Message), type_name: Some(".area_calculator.Rectangle"), extendee: None, default_value: None, oneof_index: Some(0), json_name: Some("rectangle"), options: None, proto3_optional: None }, FieldDescriptorProto { name: Some("circle"), number: Some(3), label: Some(Optional), r#type: Some(Message), type_name: Some(".area_calculator.Circle"), extendee: None, default_value: None, oneof_index: Some(0), json_name: Some("circle"), options: None, proto3_optional: None }, FieldDescriptorProto { name: Some("triangle"), number: Some(4), label: Some(Optional), r#type: Some(Message), type_name: Some(".area_calculator.Triangle"), extendee: None, default_value: None, oneof_index: Some(0), json_name: Some("triangle"), options: None, proto3_optional: None }, FieldDescriptorProto { name: Some("parallelogram"), number: Some(5), label: Some(Optional), r#type: Some(Message), type_name: Some(".area_calculator.Parallelogram"), extendee: None, default_value: None, oneof_index: Some(0), json_name: Some("parallelogram"), options: None, proto3_optional: None }], extension: [], nested_type: [], enum_type: [], extension_range: [], oneof_decl: [OneofDescriptorProto { name: Some("shape"), options: None }], options: None, reserved_range: [], reserved_name: [] }, fields: [ProtobufField { field_num: 2, wire_type: LengthDelimited, data: Message([13, 0, 0, 64, 64, 21, 0, 0, 128, 64], DescriptorProto { name: Some("Rectangle"), field: [FieldDescriptorProto { name: Some("length"), number: Some(1), label: Some(Optional), r#type: Some(Float), type_name: None, extendee: None, default_value: None, oneof_index: None, json_name: Some("length"), options: None, proto3_optional: None }, FieldDescriptorProto { name: Some("width"), number: Some(2), label: Some(Optional), r#type: Some(Float), type_name: None, extendee: None, default_value: None, oneof_index: None, json_name: Some("width"), options: None, proto3_optional: None }], extension: [], nested_type: [], enum_type: [], extension_range: [], oneof_decl: [], options: None, reserved_range: [], reserved_name: [] }) }] } ?[3mmessage_descriptor?[0m?[2m=?[0mDescriptorProto { name: Some("ShapeMessage"), field: [FieldDescriptorProto { name: Some("square"), number: Some(1), label: Some(Optional), r#type: Some(Message), type_name: Some(".area_calculator.Square"), extendee: None, default_value: None, oneof_index: Some(0), json_name: Some("square"), options: None, proto3_optional: None }, FieldDescriptorProto { name: Some("rectangle"), number: Some(2), label: Some(Optional), r#type: Some(Message), type_name: Some(".area_calculator.Rectangle"), extendee: None, default_value: None, oneof_index: Some(0), json_name: Some("rectangle"), options: None, proto3_optional: None }, FieldDescriptorProto { name: Some("circle"), number: Some(3), label: Some(Optional), r#type: Some(Message), type_name: Some(".area_calculator.Circle"), extendee: None, default_value: None, oneof_index: Some(0), json_name: Some("circle"), options: None, proto3_optional: None }, FieldDescriptorProto { name: Some("triangle"), number: Some(4), label: Some(Optional), r#type: Some(Message), type_name: Some(".area_calculator.Triangle"), extendee: None, default_value: None, oneof_index: Some(0), json_name: Some("triangle"), options: None, proto3_optional: None }, FieldDescriptorProto { name: Some("parallelogram"), number: Some(5), label: Some(Optional), r#type: Some(Message), type_name: Some(".area_calculator.Parallelogram"), extendee: None, default_value: None, oneof_index: Some(0), json_name: Some("parallelogram"), options: None, proto3_optional: None }], extension: [], nested_type: [], enum_type: [], extension_range: [], oneof_decl: [OneofDescriptorProto { name: Some("shape"), options: None }], options: None, reserved_range: [], reserved_name: [] } ?[3mresponse_descriptor?[0m?[2m=?[0mDescriptorProto { name: Some("AreaResponse"), field: [FieldDescriptorProto { name: Some("value"), number: Some(1), label: Some(Repeated), r#type: Some(Float), type_name: None, extendee: None, default_value: None, oneof_index: None, json_name: Some("value"), options: None, proto3_optional: None }], extension: [], nested_type: [], enum_type: [], extension_range: [], oneof_decl: [], options: None, reserved_range: [], reserved_name: [] }?[1m}?[0m?[2m:?[0m ?[2mpact_models::path_exp?[0m?[2m:?[0m Calculated weight (0, 3) for path '$.rectangle.length' and '["$", "rectangle", "width"]'
15:05:16.542 [Thread-5] DEBUG i.pact.plugins.jvm.core.ChildProcess - Plugin protobuf [46038] || ?[2m2023-03-27T09:35:16.541277Z?[0m ?[35mTRACE?[0m tokio-runtime-worker ?[1mrequest?[0m?[1m{?[0m?[3mmethod?[0m?[2m=?[0mPOST ?[3muri?[0m?[2m=?[0mhttp://127.0.0.1:53791/area_calculator.Calculator/calculateOne ?[3mversion?[0m?[2m=?[0mHTTP/2.0?[1m}?[0m?[2m:?[0m?[1mcall?[0m?[1m{?[0m?[3mself?[0m?[2m=?[0mGrpcMockServer { pact: V4Pact { consumer: Consumer { name: "grpc-consumer-jvm" }, provider: Provider { name: "area-calculator-provider" }, interactions: [SynchronousMessage { id: None, key: Some("c7fbe3ee"), description: "calculate rectangle area request", provider_states: [], comments: {"testname": String("io.pact.example.grpc.consumer.PactConsumerTest.calculateRectangleArea(MockServer, SynchronousMessages)")}, request: MessageContents { contents: Present(b"\x12\n\r\0\0@@\x15\0\0\x80@", Some(ContentType { main_type: "application", sub_type: "protobuf", attributes: {"message": "ShapeMessage"}, suffix: None }), Some(BINARY)), metadata: {}, matching_rules: MatchingRules { rules: {BODY: MatchingRuleCategory { name: BODY, rules: {DocPath { path_tokens: [Root, Field("rectangle"), Field("length")], expr: "$.rectangle.length" }: RuleList { rules: [Number], rule_logic: And, cascaded: false }, DocPath { path_tokens: [Root, Field("rectangle"), Field("width")], expr: "$.rectangle.width" }: RuleList { rules: [Number], rule_logic: And, cascaded: false }} }} }, generators: Generators { categories: {} } }, response: [MessageContents { contents: Present(b"\r\0\0@A", Some(ContentType { main_type: "application", sub_type: "protobuf", attributes: {"message": "AreaResponse"}, suffix: None }), Some(BINARY)), metadata: {}, matching_rules: MatchingRules { rules: {BODY: MatchingRuleCategory { name: BODY, rules: {DocPath { path_tokens: [Root, Field("value")], expr: "$.value" }: RuleList { rules: [Number], rule_logic: And, cascaded: false }} }} }, generators: Generators { categories: {} } }], pending: false, plugin_config: {"protobuf": {"service": String("Calculator/calculateOne"), "descriptorKey": String("a85dff8f82655a9681aad113575dcfbb")}}, interaction_markup: InteractionMarkup { markup: "```protobuf\nmessage ShapeMessage {\n    message .area_calculator.Rectangle rectangle = 2;\n}\n```\n\n```protobuf\nmessage AreaResponse {\n    float value = 1;\n}\n```\n", markup_type: "COMMON_MARK" }, transport: None }], metadata: {"pact-jvm": Object({"version": String("4.4.2")}), "pactSpecification": Object({"version": String("4.0")})}, plugin_data: [PluginData { name: "protobuf", version: "0.1.5", configuration: {"a85dff8f82655a9681aad113575dcfbb": Object({"protoDescriptors": String("CsoHChVhcmVhX2NhbGN1bGF0b3IucHJvdG8SD2FyZWFfY2FsY3VsYXRvciK6AgoMU2hhcGVNZXNzYWdlEjEKBnNxdWFyZRgBIAEoCzIXLmFyZWFfY2FsY3VsYXRvci5TcXVhcmVIAFIGc3F1YXJlEjoKCXJlY3RhbmdsZRgCIAEoCzIaLmFyZWFfY2FsY3VsYXRvci5SZWN0YW5nbGVIAFIJcmVjdGFuZ2xlEjEKBmNpcmNsZRgDIAEoCzIXLmFyZWFfY2FsY3VsYXRvci5DaXJjbGVIAFIGY2lyY2xlEjcKCHRyaWFuZ2xlGAQgASgLMhkuYXJlYV9jYWxjdWxhdG9yLlRyaWFuZ2xlSABSCHRyaWFuZ2xlEkYKDXBhcmFsbGVsb2dyYW0YBSABKAsyHi5hcmVhX2NhbGN1bGF0b3IuUGFyYWxsZWxvZ3JhbUgAUg1wYXJhbGxlbG9ncmFtQgcKBXNoYXBlIikKBlNxdWFyZRIfCgtlZGdlX2xlbmd0aBgBIAEoAlIKZWRnZUxlbmd0aCI5CglSZWN0YW5nbGUSFgoGbGVuZ3RoGAEgASgCUgZsZW5ndGgSFAoFd2lkdGgYAiABKAJSBXdpZHRoIiAKBkNpcmNsZRIWCgZyYWRpdXMYASABKAJSBnJhZGl1cyJPCghUcmlhbmdsZRIVCgZlZGdlX2EYASABKAJSBWVkZ2VBEhUKBmVkZ2VfYhgCIAEoAlIFZWRnZUISFQoGZWRnZV9jGAMgASgCUgVlZGdlQyJICg1QYXJhbGxlbG9ncmFtEh8KC2Jhc2VfbGVuZ3RoGAEgASgCUgpiYXNlTGVuZ3RoEhYKBmhlaWdodBgCIAEoAlIGaGVpZ2h0IkQKC0FyZWFSZXF1ZXN0EjUKBnNoYXBlcxgBIAMoCzIdLmFyZWFfY2FsY3VsYXRvci5TaGFwZU1lc3NhZ2VSBnNoYXBlcyIkCgxBcmVhUmVzcG9uc2USFAoFdmFsdWUYASADKAJSBXZhbHVlMq0BCgpDYWxjdWxhdG9yEk4KDGNhbGN1bGF0ZU9uZRIdLmFyZWFfY2FsY3VsYXRvci5TaGFwZU1lc3NhZ2UaHS5hcmVhX2NhbGN1bGF0b3IuQXJlYVJlc3BvbnNlIgASTwoOY2FsY3VsYXRlTXVsdGkSHC5hcmVhX2NhbGN1bGF0b3IuQXJlYVJlcXVlc3QaHS5hcmVhX2NhbGN1bGF0b3IuQXJlYVJlc3BvbnNlIgBCHFoXaW8ucGFjdC9hcmVhX2NhbGN1bGF0b3LQAgFiBnByb3RvMw=="), "protoFile": String("syntax = \"proto3\";\n\npackage area_calculator;\n\noption php_generic_services = true;\noption go_package = \"io.pact/area_calculator\";\n\nservice Calculator {\n  rpc calculateOne (ShapeMessage) returns (AreaResponse) {}\n  rpc calculateMulti (AreaRequest) returns (AreaResponse) {}\n}\n\nmessage ShapeMessage {\n  oneof shape {\n    Square square = 1;\n    Rectangle rectangle = 2;\n    Circle circle = 3;\n    Triangle triangle = 4;\n    Parallelogram parallelogram = 5;\n  }\n}\n\nmessage Square {\n  float edge_length = 1;\n}\n\nmessage Rectangle {\n  float length = 1;\n  float width = 2;\n}\n\nmessage Circle {\n  float radius = 1;\n}\n\nmessage Triangle {\n  float edge_a = 1;\n  float edge_b = 2;\n  float edge_c = 3;\n}\n\nmessage Parallelogram {\n  float base_length = 1;\n  float height = 2;\n}\n\nmessage AreaRequest {\n  repeated ShapeMessage shapes = 1;\n}\n\nmessage AreaResponse {\n  repeated float value = 1;\n}\n")})} }] }, plugin_config: PluginData { name: "protobuf", version: "0.1.5", configuration: {"a85dff8f82655a9681aad113575dcfbb": Object({"protoDescriptors": String("CsoHChVhcmVhX2NhbGN1bGF0b3IucHJvdG8SD2FyZWFfY2FsY3VsYXRvciK6AgoMU2hhcGVNZXNzYWdlEjEKBnNxdWFyZRgBIAEoCzIXLmFyZWFfY2FsY3VsYXRvci5TcXVhcmVIAFIGc3F1YXJlEjoKCXJlY3RhbmdsZRgCIAEoCzIaLmFyZWFfY2FsY3VsYXRvci5SZWN0YW5nbGVIAFIJcmVjdGFuZ2xlEjEKBmNpcmNsZRgDIAEoCzIXLmFyZWFfY2FsY3VsYXRvci5DaXJjbGVIAFIGY2lyY2xlEjcKCHRyaWFuZ2xlGAQgASgLMhkuYXJlYV9jYWxjdWxhdG9yLlRyaWFuZ2xlSABSCHRyaWFuZ2xlEkYKDXBhcmFsbGVsb2dyYW0YBSABKAsyHi5hcmVhX2NhbGN1bGF0b3IuUGFyYWxsZWxvZ3JhbUgAUg1wYXJhbGxlbG9ncmFtQgcKBXNoYXBlIikKBlNxdWFyZRIfCgtlZGdlX2xlbmd0aBgBIAEoAlIKZWRnZUxlbmd0aCI5CglSZWN0YW5nbGUSFgoGbGVuZ3RoGAEgASgCUgZsZW5ndGgSFAoFd2lkdGgYAiABKAJSBXdpZHRoIiAKBkNpcmNsZRIWCgZyYWRpdXMYASABKAJSBnJhZGl1cyJPCghUcmlhbmdsZRIVCgZlZGdlX2EYASABKAJSBWVkZ2VBEhUKBmVkZ2VfYhgCIAEoAlIFZWRnZUISFQoGZWRnZV9jGAMgASgCUgVlZGdlQyJICg1QYXJhbGxlbG9ncmFtEh8KC2Jhc2VfbGVuZ3RoGAEgASgCUgpiYXNlTGVuZ3RoEhYKBmhlaWdodBgCIAEoAlIGaGVpZ2h0IkQKC0FyZWFSZXF1ZXN0EjUKBnNoYXBlcxgBIAMoCzIdLmFyZWFfY2FsY3VsYXRvci5TaGFwZU1lc3NhZ2VSBnNoYXBlcyIkCgxBcmVhUmVzcG9uc2USFAoFdmFsdWUYASADKAJSBXZhbHVlMq0BCgpDYWxjdWxhdG9yEk4KDGNhbGN1bGF0ZU9uZRIdLmFyZWFfY2FsY3VsYXRvci5TaGFwZU1lc3NhZ2UaHS5hcmVhX2NhbGN1bGF0b3IuQXJlYVJlc3BvbnNlIgASTwoOY2FsY3VsYXRlTXVsdGkSHC5hcmVhX2NhbGN1bGF0b3IuQXJlYVJlcXVlc3QaHS5hcmVhX2NhbGN1bGF0b3IuQXJlYVJlc3BvbnNlIgBCHFoXaW8ucGFjdC9hcmVhX2NhbGN1bGF0b3LQAgFiBnByb3RvMw=="), "protoFile": String("syntax = \"proto3\";\n\npackage area_calculator;\n\noption php_generic_services = true;\noption go_package = \"io.pact/area_calculator\";\n\nservice Calculator {\n  rpc calculateOne (ShapeMessage) returns (AreaResponse) {}\n  rpc calculateMulti (AreaRequest) returns (AreaResponse) {}\n}\n\nmessage ShapeMessage {\n  oneof shape {\n    Square square = 1;\n    Rectangle rectangle = 2;\n    Circle circle = 3;\n    Triangle triangle = 4;\n    Parallelogram parallelogram = 5;\n  }\n}\n\nmessage Square {\n  float edge_length = 1;\n}\n\nmessage Rectangle {\n  float length = 1;\n  float width = 2;\n}\n\nmessage Circle {\n  float radius = 1;\n}\n\nmessage Triangle {\n  float edge_a = 1;\n  float edge_b = 2;\n  float edge_c = 3;\n}\n\nmessage Parallelogram {\n  float base_length = 1;\n  float height = 2;\n}\n\nmessage AreaRequest {\n  repeated ShapeMessage shapes = 1;\n}\n\nmessage AreaResponse {\n  repeated float value = 1;\n}\n")})} }, descriptors: {"a85dff8f82655a9681aad113575dcfbb": FileDescriptorSet { file: [FileDescriptorProto { name: Some("area_calculator.proto"), package: Some("area_calculator"), dependency: [], public_dependency: [], weak_dependency: [], message_type: [DescriptorProto { name: Some("ShapeMessage"), field: [FieldDescriptorProto { name: Some("square"), number: Some(1), label: Some(Optional), r#type: Some(Message), type_name: Some(".area_calculator.Square"), extendee: None, default_value: None, oneof_index: Some(0), json_name: Some("square"), options: None, proto3_optional: None }, FieldDescriptorProto { name: Some("rectangle"), number: Some(2), label: Some(Optional), r#type: Some(Message), type_name: Some(".area_calculator.Rectangle"), extendee: None, default_value: None, oneof_index: Some(0), json_name: Some("rectangle"), options: None, proto3_optional: None }, FieldDescriptorProto { name: Some("circle"), number: Some(3), label: Some(Optional), r#type: Some(Message), type_name: Some(".area_calculator.Circle"), extendee: None, default_value: None, oneof_index: Some(0), json_name: Some("circle"), options: None, proto3_optional: None }, FieldDescriptorProto { name: Some("triangle"), number: Some(4), label: Some(Optional), r#type: Some(Message), type_name: Some(".area_calculator.Triangle"), extendee: None, default_value: None, oneof_index: Some(0), json_name: Some("triangle"), options: None, proto3_optional: None }, FieldDescriptorProto { name: Some("parallelogram"), number: Some(5), label: Some(Optional), r#type: Some(Message), type_name: Some(".area_calculator.Parallelogram"), extendee: None, default_value: None, oneof_index: Some(0), json_name: Some("parallelogram"), options: None, proto3_optional: None }], extension: [], nested_type: [], enum_type: [], extension_range: [], oneof_decl: [OneofDescriptorProto { name: Some("shape"), options: None }], options: None, reserved_range: [], reserved_name: [] }, DescriptorProto { name: Some("Square"), field: [FieldDescriptorProto { name: Some("edge_length"), number: Some(1), label: Some(Optional), r#type: Some(Float), type_name: None, extendee: None, default_value: None, oneof_index: None, json_name: Some("edgeLength"), options: None, proto3_optional: None }], extension: [], nested_type: [], enum_type: [], extension_range: [], oneof_decl: [], options: None, reserved_range: [], reserved_name: [] }, DescriptorProto { name: Some("Rectangle"), field: [FieldDescriptorProto { name: Some("length"), number: Some(1), label: Some(Optional), r#type: Some(Float), type_name: None, extendee: None, default_value: None, oneof_index: None, json_name: Some("length"), options: None, proto3_optional: None }, FieldDescriptorProto { name: Some("width"), number: Some(2), label: Some(Optional), r#type: Some(Float), type_name: None, extendee: None, default_value: None, oneof_index: None, json_name: Some("width"), options: None, proto3_optional: None }], extension: [], nested_type: [], enum_type: [], extension_range: [], oneof_decl: [], options: None, reserved_range: [], reserved_name: [] }, DescriptorProto { name: Some("Circle"), field: [FieldDescriptorProto { name: Some("radius"), number: Some(1), label: Some(Optional), r#type: Some(Float), type_name: None, extendee: None, default_value: None, oneof_index: None, json_name: Some("radius"), options: None, proto3_optional: None }], extension: [], nested_type: [], enum_type: [], extension_range: [], oneof_decl: [], options: None, reserved_range: [], reserved_name: [] }, DescriptorProto { name: Some("Triangle"), field: [FieldDescriptorProto { name: Some("edge_a"), number: Some(1), label: Some(Optional), r#type: Some(Float), type_name: None, extendee: None, default_value: None, oneof_index: None, json_name: Some("edgeA"), options: None, proto3_optional: None }, FieldDescriptorProto { name: Some("edge_b"), number: Some(2), label: Some(Optional), r#type: Some(Float), type_name: None, extendee: None, default_value: None, oneof_index: None, json_name: Some("edgeB"), options: None, proto3_optional: None }, FieldDescriptorProto { name: Some("edge_c"), number: Some(3), label: Some(Optional), r#type: Some(Float), type_name: None, extendee: None, default_value: None, oneof_index: None, json_name: Some("edgeC"), options: None, proto3_optional: None }], extension: [], nested_type: [], enum_type: [], extension_range: [], oneof_decl: [], options: None, reserved_range: [], reserved_name: [] }, DescriptorProto { name: Some("Parallelogram"), field: [FieldDescriptorProto { name: Some("base_length"), number: Some(1), label: Some(Optional), r#type: Some(Float), type_name: None, extendee: None, default_value: None, oneof_index: None, json_name: Some("baseLength"), options: None, proto3_optional: None }, FieldDescriptorProto { name: Some("height"), number: Some(2), label: Some(Optional), r#type: Some(Float), type_name: None, extendee: None, default_value: None, oneof_index: None, json_name: Some("height"), options: None, proto3_optional: None }], extension: [], nested_type: [], enum_type: [], extension_range: [], oneof_decl: [], options: None, reserved_range: [], reserved_name: [] }, DescriptorProto { name: Some("AreaRequest"), field: [FieldDescriptorProto { name: Some("shapes"), number: Some(1), label: Some(Repeated), r#type: Some(Message), type_name: Some(".area_calculator.ShapeMessage"), extendee: None, default_value: None, oneof_index: None, json_name: Some("shapes"), options: None, proto3_optional: None }], extension: [], nested_type: [], enum_type: [], extension_range: [], oneof_decl: [], options: None, reserved_range: [], reserved_name: [] }, DescriptorProto { name: Some("AreaResponse"), field: [FieldDescriptorProto { name: Some("value"), number: Some(1), label: Some(Repeated), r#type: Some(Float), type_name: None, extendee: None, default_value: None, oneof_index: None, json_name: Some("value"), options: None, proto3_optional: None }], extension: [], nested_type: [], enum_type: [], extension_range: [], oneof_decl: [], options: None, reserved_range: [], reserved_name: [] }], enum_type: [], service: [ServiceDescriptorProto { name: Some("Calculator"), method: [MethodDescriptorProto { name: Some("calculateOne"), input_type: Some(".area_calculator.ShapeMessage"), output_type: Some(".area_calculator.AreaResponse"), options: Some(MethodOptions { deprecated: None, idempotency_level: None, uninterpreted_option: [] }), client_streaming: None, server_streaming: None }, MethodDescriptorProto { name: Some("calculateMulti"), input_type: Some(".area_calculator.AreaRequest"), output_type: Some(".area_calculator.AreaResponse"), options: Some(MethodOptions { deprecated: None, idempotency_level: None, uninterpreted_option: [] }), client_streaming: None, server_streaming: None }], options: None }], extension: [], options: Some(FileOptions { java_package: None, java_outer_classname: None, java_multiple_files: None, java_generate_equals_and_hash: None, java_string_check_utf8: None, optimize_for: None, go_package: Some("io.pact/area_calculator"), cc_generic_services: None, java_generic_services: None, py_generic_services: None, php_generic_services: Some(true), deprecated: None, cc_enable_arenas: None, objc_class_prefix: None, csharp_namespace: None, swift_prefix: None, php_class_prefix: None, php_namespace: None, php_metadata_namespace: None, ruby_package: None, uninterpreted_option: [] }), source_code_info: None, syntax: Some("proto3") }] }}, routes: {"Calculator/calculateOne": (FileDescriptorSet { file: [FileDescriptorProto { name: Some("area_calculator.proto"), package: Some("area_calculator"), dependency: [], public_dependency: [], weak_dependency: [], message_type: [DescriptorProto { name: Some("ShapeMessage"), field: [FieldDescriptorProto { name: Some("square"), number: Some(1), label: Some(Optional), r#type: Some(Message), type_name: Some(".area_calculator.Square"), extendee: None, default_value: None, oneof_index: Some(0), json_name: Some("square"), options: None, proto3_optional: None }, FieldDescriptorProto { name: Some("rectangle"), number: Some(2), label: Some(Optional), r#type: Some(Message), type_name: Some(".area_calculator.Rectangle"), extendee: None, default_value: None, oneof_index: Some(0), json_name: Some("rectangle"), options: None, proto3_optional: None }, FieldDescriptorProto { name: Some("circle"), number: Some(3), label: Some(Optional), r#type: Some(Message), type_name: Some(".area_calculator.Circle"), extendee: None, default_value: None, oneof_index: Some(0), json_name: Some("circle"), options: None, proto3_optional: None }, FieldDescriptorProto { name: Some("triangle"), number: Some(4), label: Some(Optional), r#type: Some(Message), type_name: Some(".area_calculator.Triangle"), extendee: None, default_value: None, oneof_index: Some(0), json_name: Some("triangle"), options: None, proto3_optional: None }, FieldDescriptorProto { name: Some("parallelogram"), number: Some(5), label: Some(Optional), r#type: Some(Message), type_name: Some(".area_calculator.Parallelogram"), extendee: None, default_value: None, oneof_index: Some(0), json_name: Some("parallelogram"), options: None, proto3_optional: None }], extension: [], nested_type: [], enum_type: [], extension_range: [], oneof_decl: [OneofDescriptorProto { name: Some("shape"), options: None }], options: None, reserved_range: [], reserved_name: [] }, DescriptorProto { name: Some("Square"), field: [FieldDescriptorProto { name: Some("edge_length"), number: Some(1), label: Some(Optional), r#type: Some(Float), type_name: None, extendee: None, default_value: None, oneof_index: None, json_name: Some("edgeLength"), options: None, proto3_optional: None }], extension: [], nested_type: [], enum_type: [], extension_range: [], oneof_decl: [], options: None, reserved_range: [], reserved_name: [] }, DescriptorProto { name: Some("Rectangle"), field: [FieldDescriptorProto { name: Some("length"), number: Some(1), label: Some(Optional), r#type: Some(Float), type_name: None, extendee: None, default_value: None, oneof_index: None, json_name: Some("length"), options: None, proto3_optional: None }, FieldDescriptorProto { name: Some("width"), number: Some(2), label: Some(Optional), r#type: Some(Float), type_name: None, extendee: None, default_value: None, oneof_index: None, json_name: Some("width"), options: None, proto3_optional: None }], extension: [], nested_type: [], enum_type: [], extension_range: [], oneof_decl: [], options: None, reserved_range: [], reserved_name: [] }, DescriptorProto { name: Some("Circle"), field: [FieldDescriptorProto { name: Some("radius"), number: Some(1), label: Some(Optional), r#type: Some(Float), type_name: None, extendee: None, default_value: None, oneof_index: None, json_name: Some("radius"), options: None, proto3_optional: None }], extension: [], nested_type: [], enum_type: [], extension_range: [], oneof_decl: [], options: None, reserved_range: [], reserved_name: [] }, DescriptorProto { name: Some("Triangle"), field: [FieldDescriptorProto { name: Some("edge_a"), number: Some(1), label: Some(Optional), r#type: Some(Float), type_name: None, extendee: None, default_value: None, oneof_index: None, json_name: Some("edgeA"), options: None, proto3_optional: None }, FieldDescriptorProto { name: Some("edge_b"), number: Some(2), label: Some(Optional), r#type: Some(Float), type_name: None, extendee: None, default_value: None, oneof_index: None, json_name: Some("edgeB"), options: None, proto3_optional: None }, FieldDescriptorProto { name: Some("edge_c"), number: Some(3), label: Some(Optional), r#type: Some(Float), type_name: None, extendee: None, default_value: None, oneof_index: None, json_name: Some("edgeC"), options: None, proto3_optional: None }], extension: [], nested_type: [], enum_type: [], extension_range: [], oneof_decl: [], options: None, reserved_range: [], reserved_name: [] }, DescriptorProto { name: Some("Parallelogram"), field: [FieldDescriptorProto { name: Some("base_length"), number: Some(1), label: Some(Optional), r#type: Some(Float), type_name: None, extendee: None, default_value: None, oneof_index: None, json_name: Some("baseLength"), options: None, proto3_optional: None }, FieldDescriptorProto { name: Some("height"), number: Some(2), label: Some(Optional), r#type: Some(Float), type_name: None, extendee: None, default_value: None, oneof_index: None, json_name: Some("height"), options: None, proto3_optional: None }], extension: [], nested_type: [], enum_type: [], extension_range: [], oneof_decl: [], options: None, reserved_range: [], reserved_name: [] }, DescriptorProto { name: Some("AreaRequest"), field: [FieldDescriptorProto { name: Some("shapes"), number: Some(1), label: Some(Repeated), r#type: Some(Message), type_name: Some(".area_calculator.ShapeMessage"), extendee: None, default_value: None, oneof_index: None, json_name: Some("shapes"), options: None, proto3_optional: None }], extension: [], nested_type: [], enum_type: [], extension_range: [], oneof_decl: [], options: None, reserved_range: [], reserved_name: [] }, DescriptorProto { name: Some("AreaResponse"), field: [FieldDescriptorProto { name: Some("value"), number: Some(1), label: Some(Repeated), r#type: Some(Float), type_name: None, extendee: None, default_value: None, oneof_index: None, json_name: Some("value"), options: None, proto3_optional: None }], extension: [], nested_type: [], enum_type: [], extension_range: [], oneof_decl: [], options: None, reserved_range: [], reserved_name: [] }], enum_type: [], service: [ServiceDescriptorProto { name: Some("Calculator"), method: [MethodDescriptorProto { name: Some("calculateOne"), input_type: Some(".area_calculator.ShapeMessage"), output_type: Some(".area_calculator.AreaResponse"), options: Some(MethodOptions { deprecated: None, idempotency_level: None, uninterpreted_option: [] }), client_streaming: None, server_streaming: None }, MethodDescriptorProto { name: Some("calculateMulti"), input_type: Some(".area_calculator.AreaRequest"), output_type: Some(".area_calculator.AreaResponse"), options: Some(MethodOptions { deprecated: None, idempotency_level: None, uninterpreted_option: [] }), client_streaming: None, server_streaming: None }], options: None }], extension: [], options: Some(FileOptions { java_package: None, java_outer_classname: None, java_multiple_files: None, java_generate_equals_and_hash: None, java_string_check_utf8: None, optimize_for: None, go_package: Some("io.pact/area_calculator"), cc_generic_services: None, java_generic_services: None, py_generic_services: None, php_generic_services: Some(true), deprecated: None, cc_enable_arenas: None, objc_class_prefix: None, csharp_namespace: None, swift_prefix: None, php_class_prefix: None, php_namespace: None, php_metadata_namespace: None, ruby_package: None, uninterpreted_option: [] }), source_code_info: None, syntax: Some("proto3") }] }, MethodDescriptorProto { name: Some("calculateOne"), input_type: Some(".area_calculator.ShapeMessage"), output_type: Some(".area_calculator.AreaResponse"), options: Some(MethodOptions { deprecated: None, idempotency_level: None, uninterpreted_option: [] }), client_streaming: None, server_streaming: None }, SynchronousMessage { id: None, key: Some("c7fbe3ee"), description: "calculate rectangle area request", provider_states: [], comments: {"testname": String("io.pact.example.grpc.consumer.PactConsumerTest.calculateRectangleArea(MockServer, SynchronousMessages)")}, request: MessageContents { contents: Present(b"\x12\n\r\0\0@@\x15\0\0\x80@", Some(ContentType { main_type: "application", sub_type: "protobuf", attributes: {"message": "ShapeMessage"}, suffix: None }), Some(BINARY)), metadata: {}, matching_rules: MatchingRules { rules: {BODY: MatchingRuleCategory { name: BODY, rules: {DocPath { path_tokens: [Root, Field("rectangle"), Field("length")], expr: "$.rectangle.length" }: RuleList { rules: [Number], rule_logic: And, cascaded: false }, DocPath { path_tokens: [Root, Field("rectangle"), Field("width")], expr: "$.rectangle.width" }: RuleList { rules: [Number], rule_logic: And, cascaded: false }} }} }, generators: Generators { categories: {} } }, response: [MessageContents { contents: Present(b"\r\0\0@A", Some(ContentType { main_type: "application", sub_type: "protobuf", attributes: {"message": "AreaResponse"}, suffix: None }), Some(BINARY)), metadata: {}, matching_rules: MatchingRules { rules: {BODY: MatchingRuleCategory { name: BODY, rules: {DocPath { path_tokens: [Root, Field("value")], expr: "$.value" }: RuleList { rules: [Number], rule_logic: And, cascaded: false }} }} }, generators: Generators { categories: {} } }], pending: false, plugin_config: {"protobuf": {"service": String("Calculator/calculateOne"), "descriptorKey": String("a85dff8f82655a9681aad113575dcfbb")}}, interaction_markup: InteractionMarkup { markup: "```protobuf\nmessage ShapeMessage {\n    message .area_calculator.Rectangle rectangle = 2;\n}\n```\n\n```protobuf\nmessage AreaResponse {\n    float value = 1;\n}\n```\n", markup_type: "COMMON_MARK" }, transport: None })}, server_key: "5cae5f82-fec2-43c6-9739-60d0383d84ec" } ?[3mreq?[0m?[2m=?[0mRequest { method: POST, uri: http://127.0.0.1:53791/area_calculator.Calculator/calculateOne, version: HTTP/2.0, headers: {"content-type": "application/grpc", "te": "trailers", "user-agent": "grpc-java-netty/1.49.0", "grpc-accept-encoding": "gzip"}, body: Body(Streaming) }?[1m}?[0m?[2m:?[0m?[1mmock_server_handler?[0m?[1m{?[0m?[3mkey?[0m?[2m=?[0m"5cae5f82-fec2-43c6-9739-60d0383d84ec"?[1m}?[0m?[2m:?[0m?[1mhandle_message?[0m?[1m{?[0m?[3mself?[0m?[2m=?[0mMockService { file_descriptor_set: FileDescriptorSet { file: [FileDescriptorProto { name: Some("area_calculator.proto"), package: Some("area_calculator"), dependency: [], public_dependency: [], weak_dependency: [], message_type: [DescriptorProto { name: Some("ShapeMessage"), field: [FieldDescriptorProto { name: Some("square"), number: Some(1), label: Some(Optional), r#type: Some(Message), type_name: Some(".area_calculator.Square"), extendee: None, default_value: None, oneof_index: Some(0), json_name: Some("square"), options: None, proto3_optional: None }, FieldDescriptorProto { name: Some("rectangle"), number: Some(2), label: Some(Optional), r#type: Some(Message), type_name: Some(".area_calculator.Rectangle"), extendee: None, default_value: None, oneof_index: Some(0), json_name: Some("rectangle"), options: None, proto3_optional: None }, FieldDescriptorProto { name: Some("circle"), number: Some(3), label: Some(Optional), r#type: Some(Message), type_name: Some(".area_calculator.Circle"), extendee: None, default_value: None, oneof_index: Some(0), json_name: Some("circle"), options: None, proto3_optional: None }, FieldDescriptorProto { name: Some("triangle"), number: Some(4), label: Some(Optional), r#type: Some(Message), type_name: Some(".area_calculator.Triangle"), extendee: None, default_value: None, oneof_index: Some(0), json_name: Some("triangle"), options: None, proto3_optional: None }, FieldDescriptorProto { name: Some("parallelogram"), number: Some(5), label: Some(Optional), r#type: Some(Message), type_name: Some(".area_calculator.Parallelogram"), extendee: None, default_value: None, oneof_index: Some(0), json_name: Some("parallelogram"), options: None, proto3_optional: None }], extension: [], nested_type: [], enum_type: [], extension_range: [], oneof_decl: [OneofDescriptorProto { name: Some("shape"), options: None }], options: None, reserved_range: [], reserved_name: [] }, DescriptorProto { name: Some("Square"), field: [FieldDescriptorProto { name: Some("edge_length"), number: Some(1), label: Some(Optional), r#type: Some(Float), type_name: None, extendee: None, default_value: None, oneof_index: None, json_name: Some("edgeLength"), options: None, proto3_optional: None }], extension: [], nested_type: [], enum_type: [], extension_range: [], oneof_decl: [], options: None, reserved_range: [], reserved_name: [] }, DescriptorProto { name: Some("Rectangle"), field: [FieldDescriptorProto { name: Some("length"), number: Some(1), label: Some(Optional), r#type: Some(Float), type_name: None, extendee: None, default_value: None, oneof_index: None, json_name: Some("length"), options: None, proto3_optional: None }, FieldDescriptorProto { name: Some("width"), number: Some(2), label: Some(Optional), r#type: Some(Float), type_name: None, extendee: None, default_value: None, oneof_index: None, json_name: Some("width"), options: None, proto3_optional: None }], extension: [], nested_type: [], enum_type: [], extension_range: [], oneof_decl: [], options: None, reserved_range: [], reserved_name: [] }, DescriptorProto { name: Some("Circle"), field: [FieldDescriptorProto { name: Some("radius"), number: Some(1), label: Some(Optional), r#type: Some(Float), type_name: None, extendee: None, default_value: None, oneof_index: None, json_name: Some("radius"), options: None, proto3_optional: None }], extension: [], nested_type: [], enum_type: [], extension_range: [], oneof_decl: [], options: None, reserved_range: [], reserved_name: [] }, DescriptorProto { name: Some("Triangle"), field: [FieldDescriptorProto { name: Some("edge_a"), number: Some(1), label: Some(Optional), r#type: Some(Float), type_name: None, extendee: None, default_value: None, oneof_index: None, json_name: Some("edgeA"), options: None, proto3_optional: None }, FieldDescriptorProto { name: Some("edge_b"), number: Some(2), label: Some(Optional), r#type: Some(Float), type_name: None, extendee: None, default_value: None, oneof_index: None, json_name: Some("edgeB"), options: None, proto3_optional: None }, FieldDescriptorProto { name: Some("edge_c"), number: Some(3), label: Some(Optional), r#type: Some(Float), type_name: None, extendee: None, default_value: None, oneof_index: None, json_name: Some("edgeC"), options: None, proto3_optional: None }], extension: [], nested_type: [], enum_type: [], extension_range: [], oneof_decl: [], options: None, reserved_range: [], reserved_name: [] }, DescriptorProto { name: Some("Parallelogram"), field: [FieldDescriptorProto { name: Some("base_length"), number: Some(1), label: Some(Optional), r#type: Some(Float), type_name: None, extendee: None, default_value: None, oneof_index: None, json_name: Some("baseLength"), options: None, proto3_optional: None }, FieldDescriptorProto { name: Some("height"), number: Some(2), label: Some(Optional), r#type: Some(Float), type_name: None, extendee: None, default_value: None, oneof_index: None, json_name: Some("height"), options: None, proto3_optional: None }], extension: [], nested_type: [], enum_type: [], extension_range: [], oneof_decl: [], options: None, reserved_range: [], reserved_name: [] }, DescriptorProto { name: Some("AreaRequest"), field: [FieldDescriptorProto { name: Some("shapes"), number: Some(1), label: Some(Repeated), r#type: Some(Message), type_name: Some(".area_calculator.ShapeMessage"), extendee: None, default_value: None, oneof_index: None, json_name: Some("shapes"), options: None, proto3_optional: None }], extension: [], nested_type: [], enum_type: [], extension_range: [], oneof_decl: [], options: None, reserved_range: [], reserved_name: [] }, DescriptorProto { name: Some("AreaResponse"), field: [FieldDescriptorProto { name: Some("value"), number: Some(1), label: Some(Repeated), r#type: Some(Float), type_name: None, extendee: None, default_value: None, oneof_index: None, json_name: Some("value"), options: None, proto3_optional: None }], extension: [], nested_type: [], enum_type: [], extension_range: [], oneof_decl: [], options: None, reserved_range: [], reserved_name: [] }], enum_type: [], service: [ServiceDescriptorProto { name: Some("Calculator"), method: [MethodDescriptorProto { name: Some("calculateOne"), input_type: Some(".area_calculator.ShapeMessage"), output_type: Some(".area_calculator.AreaResponse"), options: Some(MethodOptions { deprecated: None, idempotency_level: None, uninterpreted_option: [] }), client_streaming: None, server_streaming: None }, MethodDescriptorProto { name: Some("calculateMulti"), input_type: Some(".area_calculator.AreaRequest"), output_type: Some(".area_calculator.AreaResponse"), options: Some(MethodOptions { deprecated: None, idempotency_level: None, uninterpreted_option: [] }), client_streaming: None, server_streaming: None }], options: None }], extension: [], options: Some(FileOptions { java_package: None, java_outer_classname: None, java_multiple_files: None, java_generate_equals_and_hash: None, java_string_check_utf8: None, optimize_for: None, go_package: Some("io.pact/area_calculator"), cc_generic_services: None, java_generic_services: None, py_generic_services: None, php_generic_services: Some(true), deprecated: None, cc_enable_arenas: None, objc_class_prefix: None, csharp_namespace: None, swift_prefix: None, php_class_prefix: None, php_namespace: None, php_metadata_namespace: None, ruby_package: None, uninterpreted_option: [] }), source_code_info: None, syntax: Some("proto3") }] }, service_name: "Calculator", message: SynchronousMessage { id: None, key: Some("c7fbe3ee"), description: "calculate rectangle area request", provider_states: [], comments: {"testname": String("io.pact.example.grpc.consumer.PactConsumerTest.calculateRectangleArea(MockServer, SynchronousMessages)")}, request: MessageContents { contents: Present(b"\x12\n\r\0\0@@\x15\0\0\x80@", Some(ContentType { main_type: "application", sub_type: "protobuf", attributes: {"message": "ShapeMessage"}, suffix: None }), Some(BINARY)), metadata: {}, matching_rules: MatchingRules { rules: {BODY: MatchingRuleCategory { name: BODY, rules: {DocPath { path_tokens: [Root, Field("rectangle"), Field("length")], expr: "$.rectangle.length" }: RuleList { rules: [Number], rule_logic: And, cascaded: false }, DocPath { path_tokens: [Root, Field("rectangle"), Field("width")], expr: "$.rectangle.width" }: RuleList { rules: [Number], rule_logic: And, cascaded: false }} }} }, generators: Generators { categories: {} } }, response: [MessageContents { contents: Present(b"\r\0\0@A", Some(ContentType { main_type: "application", sub_type: "protobuf", attributes: {"message": "AreaResponse"}, suffix: None }), Some(BINARY)), metadata: {}, matching_rules: MatchingRules { rules: {BODY: MatchingRuleCategory { name: BODY, rules: {DocPath { path_tokens: [Root, Field("value")], expr: "$.value" }: RuleList { rules: [Number], rule_logic: And, cascaded: false }} }} }, generators: Generators { categories: {} } }], pending: false, plugin_config: {"protobuf": {"service": String("Calculator/calculateOne"), "descriptorKey": String("a85dff8f82655a9681aad113575dcfbb")}}, interaction_markup: InteractionMarkup { markup: "```protobuf\nmessage ShapeMessage {\n    message .area_calculator.Rectangle rectangle = 2;\n}\n```\n\n```protobuf\nmessage AreaResponse {\n    float value = 1;\n}\n```\n", markup_type: "COMMON_MARK" }, transport: None }, method_descriptor: MethodDescriptorProto { name: Some("calculateOne"), input_type: Some(".area_calculator.ShapeMessage"), output_type: Some(".area_calculator.AreaResponse"), options: Some(MethodOptions { deprecated: None, idempotency_level: None, uninterpreted_option: [] }), client_streaming: None, server_streaming: None }, input_message: DescriptorProto { name: Some("ShapeMessage"), field: [FieldDescriptorProto { name: Some("square"), number: Some(1), label: Some(Optional), r#type: Some(Message), type_name: Some(".area_calculator.Square"), extendee: None, default_value: None, oneof_index: Some(0), json_name: Some("square"), options: None, proto3_optional: None }, FieldDescriptorProto { name: Some("rectangle"), number: Some(2), label: Some(Optional), r#type: Some(Message), type_name: Some(".area_calculator.Rectangle"), extendee: None, default_value: None, oneof_index: Some(0), json_name: Some("rectangle"), options: None, proto3_optional: None }, FieldDescriptorProto { name: Some("circle"), number: Some(3), label: Some(Optional), r#type: Some(Message), type_name: Some(".area_calculator.Circle"), extendee: None, default_value: None, oneof_index: Some(0), json_name: Some("circle"), options: None, proto3_optional: None }, FieldDescriptorProto { name: Some("triangle"), number: Some(4), label: Some(Optional), r#type: Some(Message), type_name: Some(".area_calculator.Triangle"), extendee: None, default_value: None, oneof_index: Some(0), json_name: Some("triangle"), options: None, proto3_optional: None }, FieldDescriptorProto { name: Some("parallelogram"), number: Some(5), label: Some(Optional), r#type: Some(Message), type_name: Some(".area_calculator.Parallelogram"), extendee: None, default_value: None, oneof_index: Some(0), json_name: Some("parallelogram"), options: None, proto3_optional: None }], extension: [], nested_type: [], enum_type: [], extension_range: [], oneof_decl: [OneofDescriptorProto { name: Some("shape"), options: None }], options: None, reserved_range: [], reserved_name: [] }, output_message: DescriptorProto { name: Some("AreaResponse"), field: [FieldDescriptorProto { name: Some("value"), number: Some(1), label: Some(Repeated), r#type: Some(Float), type_name: None, extendee: None, default_value: None, oneof_index: None, json_name: Some("value"), options: None, proto3_optional: None }], extension: [], nested_type: [], enum_type: [], extension_range: [], oneof_decl: [], options: None, reserved_range: [], reserved_name: [] }, server_key: "5cae5f82-fec2-43c6-9739-60d0383d84ec" } ?[3mrequest?[0m?[2m=?[0mDynamicMessage { descriptor: DescriptorProto { name: Some("ShapeMessage"), field: [FieldDescriptorProto { name: Some("square"), number: Some(1), label: Some(Optional), r#type: Some(Message), type_name: Some(".area_calculator.Square"), extendee: None, default_value: None, oneof_index: Some(0), json_name: Some("square"), options: None, proto3_optional: None }, FieldDescriptorProto { name: Some("rectangle"), number: Some(2), label: Some(Optional), r#type: Some(Message), type_name: Some(".area_calculator.Rectangle"), extendee: None, default_value: None, oneof_index: Some(0), json_name: Some("rectangle"), options: None, proto3_optional: None }, FieldDescriptorProto { name: Some("circle"), number: Some(3), label: Some(Optional), r#type: Some(Message), type_name: Some(".area_calculator.Circle"), extendee: None, default_value: None, oneof_index: Some(0), json_name: Some("circle"), options: None, proto3_optional: None }, FieldDescriptorProto { name: Some("triangle"), number: Some(4), label: Some(Optional), r#type: Some(Message), type_name: Some(".area_calculator.Triangle"), extendee: None, default_value: None, oneof_index: Some(0), json_name: Some("triangle"), options: None, proto3_optional: None }, FieldDescriptorProto { name: Some("parallelogram"), number: Some(5), label: Some(Optional), r#type: Some(Message), type_name: Some(".area_calculator.Parallelogram"), extendee: None, default_value: None, oneof_index: Some(0), json_name: Some("parallelogram"), options: None, proto3_optional: None }], extension: [], nested_type: [], enum_type: [], extension_range: [], oneof_decl: [OneofDescriptorProto { name: Some("shape"), options: None }], options: None, reserved_range: [], reserved_name: [] }, fields: [ProtobufField { field_num: 2, wire_type: LengthDelimited, data: Message([13, 0, 0, 64, 64, 21, 0, 0, 128, 64], DescriptorProto { name: Some("Rectangle"), field: [FieldDescriptorProto { name: Some("length"), number: Some(1), label: Some(Optional), r#type: Some(Float), type_name: None, extendee: None, default_value: None, oneof_index: None, json_name: Some("length"), options: None, proto3_optional: None }, FieldDescriptorProto { name: Some("width"), number: Some(2), label: Some(Optional), r#type: Some(Float), type_name: None, extendee: None, default_value: None, oneof_index: None, json_name: Some("width"), options: None, proto3_optional: None }], extension: [], nested_type: [], enum_type: [], extension_range: [], oneof_decl: [], options: None, reserved_range: [], reserved_name: [] }) }] } ?[3mmessage_descriptor?[0m?[2m=?[0mDescriptorProto { name: Some("ShapeMessage"), field: [FieldDescriptorProto { name: Some("square"), number: Some(1), label: Some(Optional), r#type: Some(Message), type_name: Some(".area_calculator.Square"), extendee: None, default_value: None, oneof_index: Some(0), json_name: Some("square"), options: None, proto3_optional: None }, FieldDescriptorProto { name: Some("rectangle"), number: Some(2), label: Some(Optional), r#type: Some(Message), type_name: Some(".area_calculator.Rectangle"), extendee: None, default_value: None, oneof_index: Some(0), json_name: Some("rectangle"), options: None, proto3_optional: None }, FieldDescriptorProto { name: Some("circle"), number: Some(3), label: Some(Optional), r#type: Some(Message), type_name: Some(".area_calculator.Circle"), extendee: None, default_value: None, oneof_index: Some(0), json_name: Some("circle"), options: None, proto3_optional: None }, FieldDescriptorProto { name: Some("triangle"), number: Some(4), label: Some(Optional), r#type: Some(Message), type_name: Some(".area_calculator.Triangle"), extendee: None, default_value: None, oneof_index: Some(0), json_name: Some("triangle"), options: None, proto3_optional: None }, FieldDescriptorProto { name: Some("parallelogram"), number: Some(5), label: Some(Optional), r#type: Some(Message), type_name: Some(".area_calculator.Parallelogram"), extendee: None, default_value: None, oneof_index: Some(0), json_name: Some("parallelogram"), options: None, proto3_optional: None }], extension: [], nested_type: [], enum_type: [], extension_range: [], oneof_decl: [OneofDescriptorProto { name: Some("shape"), options: None }], options: None, reserved_range: [], reserved_name: [] } ?[3mresponse_descriptor?[0m?[2m=?[0mDescriptorProto { name: Some("AreaResponse"), field: [FieldDescriptorProto { name: Some("value"), number: Some(1), label: Some(Repeated), r#type: Some(Float), type_name: None, extendee: None, default_value: None, oneof_index: None, json_name: Some("value"), options: None, proto3_optional: None }], extension: [], nested_type: [], enum_type: [], extension_range: [], oneof_decl: [], options: None, reserved_range: [], reserved_name: [] }?[1m}?[0m?[2m:?[0m ?[2mpact_models::path_exp?[0m?[2m:?[0m Calculating weight for path tokens '[Root, Field("rectangle"), Field("width")]' and path '["$", "rectangle", "width"]'
15:05:16.542 [Thread-5] DEBUG i.pact.plugins.jvm.core.ChildProcess - Plugin protobuf [46038] || ?[2m2023-03-27T09:35:16.541736Z?[0m ?[35mTRACE?[0m tokio-runtime-worker ?[1mrequest?[0m?[1m{?[0m?[3mmethod?[0m?[2m=?[0mPOST ?[3muri?[0m?[2m=?[0mhttp://127.0.0.1:53791/area_calculator.Calculator/calculateOne ?[3mversion?[0m?[2m=?[0mHTTP/2.0?[1m}?[0m?[2m:?[0m?[1mcall?[0m?[1m{?[0m?[3mself?[0m?[2m=?[0mGrpcMockServer { pact: V4Pact { consumer: Consumer { name: "grpc-consumer-jvm" }, provider: Provider { name: "area-calculator-provider" }, interactions: [SynchronousMessage { id: None, key: Some("c7fbe3ee"), description: "calculate rectangle area request", provider_states: [], comments: {"testname": String("io.pact.example.grpc.consumer.PactConsumerTest.calculateRectangleArea(MockServer, SynchronousMessages)")}, request: MessageContents { contents: Present(b"\x12\n\r\0\0@@\x15\0\0\x80@", Some(ContentType { main_type: "application", sub_type: "protobuf", attributes: {"message": "ShapeMessage"}, suffix: None }), Some(BINARY)), metadata: {}, matching_rules: MatchingRules { rules: {BODY: MatchingRuleCategory { name: BODY, rules: {DocPath { path_tokens: [Root, Field("rectangle"), Field("length")], expr: "$.rectangle.length" }: RuleList { rules: [Number], rule_logic: And, cascaded: false }, DocPath { path_tokens: [Root, Field("rectangle"), Field("width")], expr: "$.rectangle.width" }: RuleList { rules: [Number], rule_logic: And, cascaded: false }} }} }, generators: Generators { categories: {} } }, response: [MessageContents { contents: Present(b"\r\0\0@A", Some(ContentType { main_type: "application", sub_type: "protobuf", attributes: {"message": "AreaResponse"}, suffix: None }), Some(BINARY)), metadata: {}, matching_rules: MatchingRules { rules: {BODY: MatchingRuleCategory { name: BODY, rules: {DocPath { path_tokens: [Root, Field("value")], expr: "$.value" }: RuleList { rules: [Number], rule_logic: And, cascaded: false }} }} }, generators: Generators { categories: {} } }], pending: false, plugin_config: {"protobuf": {"service": String("Calculator/calculateOne"), "descriptorKey": String("a85dff8f82655a9681aad113575dcfbb")}}, interaction_markup: InteractionMarkup { markup: "```protobuf\nmessage ShapeMessage {\n    message .area_calculator.Rectangle rectangle = 2;\n}\n```\n\n```protobuf\nmessage AreaResponse {\n    float value = 1;\n}\n```\n", markup_type: "COMMON_MARK" }, transport: None }], metadata: {"pact-jvm": Object({"version": String("4.4.2")}), "pactSpecification": Object({"version": String("4.0")})}, plugin_data: [PluginData { name: "protobuf", version: "0.1.5", configuration: {"a85dff8f82655a9681aad113575dcfbb": Object({"protoDescriptors": String("CsoHChVhcmVhX2NhbGN1bGF0b3IucHJvdG8SD2FyZWFfY2FsY3VsYXRvciK6AgoMU2hhcGVNZXNzYWdlEjEKBnNxdWFyZRgBIAEoCzIXLmFyZWFfY2FsY3VsYXRvci5TcXVhcmVIAFIGc3F1YXJlEjoKCXJlY3RhbmdsZRgCIAEoCzIaLmFyZWFfY2FsY3VsYXRvci5SZWN0YW5nbGVIAFIJcmVjdGFuZ2xlEjEKBmNpcmNsZRgDIAEoCzIXLmFyZWFfY2FsY3VsYXRvci5DaXJjbGVIAFIGY2lyY2xlEjcKCHRyaWFuZ2xlGAQgASgLMhkuYXJlYV9jYWxjdWxhdG9yLlRyaWFuZ2xlSABSCHRyaWFuZ2xlEkYKDXBhcmFsbGVsb2dyYW0YBSABKAsyHi5hcmVhX2NhbGN1bGF0b3IuUGFyYWxsZWxvZ3JhbUgAUg1wYXJhbGxlbG9ncmFtQgcKBXNoYXBlIikKBlNxdWFyZRIfCgtlZGdlX2xlbmd0aBgBIAEoAlIKZWRnZUxlbmd0aCI5CglSZWN0YW5nbGUSFgoGbGVuZ3RoGAEgASgCUgZsZW5ndGgSFAoFd2lkdGgYAiABKAJSBXdpZHRoIiAKBkNpcmNsZRIWCgZyYWRpdXMYASABKAJSBnJhZGl1cyJPCghUcmlhbmdsZRIVCgZlZGdlX2EYASABKAJSBWVkZ2VBEhUKBmVkZ2VfYhgCIAEoAlIFZWRnZUISFQoGZWRnZV9jGAMgASgCUgVlZGdlQyJICg1QYXJhbGxlbG9ncmFtEh8KC2Jhc2VfbGVuZ3RoGAEgASgCUgpiYXNlTGVuZ3RoEhYKBmhlaWdodBgCIAEoAlIGaGVpZ2h0IkQKC0FyZWFSZXF1ZXN0EjUKBnNoYXBlcxgBIAMoCzIdLmFyZWFfY2FsY3VsYXRvci5TaGFwZU1lc3NhZ2VSBnNoYXBlcyIkCgxBcmVhUmVzcG9uc2USFAoFdmFsdWUYASADKAJSBXZhbHVlMq0BCgpDYWxjdWxhdG9yEk4KDGNhbGN1bGF0ZU9uZRIdLmFyZWFfY2FsY3VsYXRvci5TaGFwZU1lc3NhZ2UaHS5hcmVhX2NhbGN1bGF0b3IuQXJlYVJlc3BvbnNlIgASTwoOY2FsY3VsYXRlTXVsdGkSHC5hcmVhX2NhbGN1bGF0b3IuQXJlYVJlcXVlc3QaHS5hcmVhX2NhbGN1bGF0b3IuQXJlYVJlc3BvbnNlIgBCHFoXaW8ucGFjdC9hcmVhX2NhbGN1bGF0b3LQAgFiBnByb3RvMw=="), "protoFile": String("syntax = \"proto3\";\n\npackage area_calculator;\n\noption php_generic_services = true;\noption go_package = \"io.pact/area_calculator\";\n\nservice Calculator {\n  rpc calculateOne (ShapeMessage) returns (AreaResponse) {}\n  rpc calculateMulti (AreaRequest) returns (AreaResponse) {}\n}\n\nmessage ShapeMessage {\n  oneof shape {\n    Square square = 1;\n    Rectangle rectangle = 2;\n    Circle circle = 3;\n    Triangle triangle = 4;\n    Parallelogram parallelogram = 5;\n  }\n}\n\nmessage Square {\n  float edge_length = 1;\n}\n\nmessage Rectangle {\n  float length = 1;\n  float width = 2;\n}\n\nmessage Circle {\n  float radius = 1;\n}\n\nmessage Triangle {\n  float edge_a = 1;\n  float edge_b = 2;\n  float edge_c = 3;\n}\n\nmessage Parallelogram {\n  float base_length = 1;\n  float height = 2;\n}\n\nmessage AreaRequest {\n  repeated ShapeMessage shapes = 1;\n}\n\nmessage AreaResponse {\n  repeated float value = 1;\n}\n")})} }] }, plugin_config: PluginData { name: "protobuf", version: "0.1.5", configuration: {"a85dff8f82655a9681aad113575dcfbb": Object({"protoDescriptors": String("CsoHChVhcmVhX2NhbGN1bGF0b3IucHJvdG8SD2FyZWFfY2FsY3VsYXRvciK6AgoMU2hhcGVNZXNzYWdlEjEKBnNxdWFyZRgBIAEoCzIXLmFyZWFfY2FsY3VsYXRvci5TcXVhcmVIAFIGc3F1YXJlEjoKCXJlY3RhbmdsZRgCIAEoCzIaLmFyZWFfY2FsY3VsYXRvci5SZWN0YW5nbGVIAFIJcmVjdGFuZ2xlEjEKBmNpcmNsZRgDIAEoCzIXLmFyZWFfY2FsY3VsYXRvci5DaXJjbGVIAFIGY2lyY2xlEjcKCHRyaWFuZ2xlGAQgASgLMhkuYXJlYV9jYWxjdWxhdG9yLlRyaWFuZ2xlSABSCHRyaWFuZ2xlEkYKDXBhcmFsbGVsb2dyYW0YBSABKAsyHi5hcmVhX2NhbGN1bGF0b3IuUGFyYWxsZWxvZ3JhbUgAUg1wYXJhbGxlbG9ncmFtQgcKBXNoYXBlIikKBlNxdWFyZRIfCgtlZGdlX2xlbmd0aBgBIAEoAlIKZWRnZUxlbmd0aCI5CglSZWN0YW5nbGUSFgoGbGVuZ3RoGAEgASgCUgZsZW5ndGgSFAoFd2lkdGgYAiABKAJSBXdpZHRoIiAKBkNpcmNsZRIWCgZyYWRpdXMYASABKAJSBnJhZGl1cyJPCghUcmlhbmdsZRIVCgZlZGdlX2EYASABKAJSBWVkZ2VBEhUKBmVkZ2VfYhgCIAEoAlIFZWRnZUISFQoGZWRnZV9jGAMgASgCUgVlZGdlQyJICg1QYXJhbGxlbG9ncmFtEh8KC2Jhc2VfbGVuZ3RoGAEgASgCUgpiYXNlTGVuZ3RoEhYKBmhlaWdodBgCIAEoAlIGaGVpZ2h0IkQKC0FyZWFSZXF1ZXN0EjUKBnNoYXBlcxgBIAMoCzIdLmFyZWFfY2FsY3VsYXRvci5TaGFwZU1lc3NhZ2VSBnNoYXBlcyIkCgxBcmVhUmVzcG9uc2USFAoFdmFsdWUYASADKAJSBXZhbHVlMq0BCgpDYWxjdWxhdG9yEk4KDGNhbGN1bGF0ZU9uZRIdLmFyZWFfY2FsY3VsYXRvci5TaGFwZU1lc3NhZ2UaHS5hcmVhX2NhbGN1bGF0b3IuQXJlYVJlc3BvbnNlIgASTwoOY2FsY3VsYXRlTXVsdGkSHC5hcmVhX2NhbGN1bGF0b3IuQXJlYVJlcXVlc3QaHS5hcmVhX2NhbGN1bGF0b3IuQXJlYVJlc3BvbnNlIgBCHFoXaW8ucGFjdC9hcmVhX2NhbGN1bGF0b3LQAgFiBnByb3RvMw=="), "protoFile": String("syntax = \"proto3\";\n\npackage area_calculator;\n\noption php_generic_services = true;\noption go_package = \"io.pact/area_calculator\";\n\nservice Calculator {\n  rpc calculateOne (ShapeMessage) returns (AreaResponse) {}\n  rpc calculateMulti (AreaRequest) returns (AreaResponse) {}\n}\n\nmessage ShapeMessage {\n  oneof shape {\n    Square square = 1;\n    Rectangle rectangle = 2;\n    Circle circle = 3;\n    Triangle triangle = 4;\n    Parallelogram parallelogram = 5;\n  }\n}\n\nmessage Square {\n  float edge_length = 1;\n}\n\nmessage Rectangle {\n  float length = 1;\n  float width = 2;\n}\n\nmessage Circle {\n  float radius = 1;\n}\n\nmessage Triangle {\n  float edge_a = 1;\n  float edge_b = 2;\n  float edge_c = 3;\n}\n\nmessage Parallelogram {\n  float base_length = 1;\n  float height = 2;\n}\n\nmessage AreaRequest {\n  repeated ShapeMessage shapes = 1;\n}\n\nmessage AreaResponse {\n  repeated float value = 1;\n}\n")})} }, descriptors: {"a85dff8f82655a9681aad113575dcfbb": FileDescriptorSet { file: [FileDescriptorProto { name: Some("area_calculator.proto"), package: Some("area_calculator"), dependency: [], public_dependency: [], weak_dependency: [], message_type: [DescriptorProto { name: Some("ShapeMessage"), field: [FieldDescriptorProto { name: Some("square"), number: Some(1), label: Some(Optional), r#type: Some(Message), type_name: Some(".area_calculator.Square"), extendee: None, default_value: None, oneof_index: Some(0), json_name: Some("square"), options: None, proto3_optional: None }, FieldDescriptorProto { name: Some("rectangle"), number: Some(2), label: Some(Optional), r#type: Some(Message), type_name: Some(".area_calculator.Rectangle"), extendee: None, default_value: None, oneof_index: Some(0), json_name: Some("rectangle"), options: None, proto3_optional: None }, FieldDescriptorProto { name: Some("circle"), number: Some(3), label: Some(Optional), r#type: Some(Message), type_name: Some(".area_calculator.Circle"), extendee: None, default_value: None, oneof_index: Some(0), json_name: Some("circle"), options: None, proto3_optional: None }, FieldDescriptorProto { name: Some("triangle"), number: Some(4), label: Some(Optional), r#type: Some(Message), type_name: Some(".area_calculator.Triangle"), extendee: None, default_value: None, oneof_index: Some(0), json_name: Some("triangle"), options: None, proto3_optional: None }, FieldDescriptorProto { name: Some("parallelogram"), number: Some(5), label: Some(Optional), r#type: Some(Message), type_name: Some(".area_calculator.Parallelogram"), extendee: None, default_value: None, oneof_index: Some(0), json_name: Some("parallelogram"), options: None, proto3_optional: None }], extension: [], nested_type: [], enum_type: [], extension_range: [], oneof_decl: [OneofDescriptorProto { name: Some("shape"), options: None }], options: None, reserved_range: [], reserved_name: [] }, DescriptorProto { name: Some("Square"), field: [FieldDescriptorProto { name: Some("edge_length"), number: Some(1), label: Some(Optional), r#type: Some(Float), type_name: None, extendee: None, default_value: None, oneof_index: None, json_name: Some("edgeLength"), options: None, proto3_optional: None }], extension: [], nested_type: [], enum_type: [], extension_range: [], oneof_decl: [], options: None, reserved_range: [], reserved_name: [] }, DescriptorProto { name: Some("Rectangle"), field: [FieldDescriptorProto { name: Some("length"), number: Some(1), label: Some(Optional), r#type: Some(Float), type_name: None, extendee: None, default_value: None, oneof_index: None, json_name: Some("length"), options: None, proto3_optional: None }, FieldDescriptorProto { name: Some("width"), number: Some(2), label: Some(Optional), r#type: Some(Float), type_name: None, extendee: None, default_value: None, oneof_index: None, json_name: Some("width"), options: None, proto3_optional: None }], extension: [], nested_type: [], enum_type: [], extension_range: [], oneof_decl: [], options: None, reserved_range: [], reserved_name: [] }, DescriptorProto { name: Some("Circle"), field: [FieldDescriptorProto { name: Some("radius"), number: Some(1), label: Some(Optional), r#type: Some(Float), type_name: None, extendee: None, default_value: None, oneof_index: None, json_name: Some("radius"), options: None, proto3_optional: None }], extension: [], nested_type: [], enum_type: [], extension_range: [], oneof_decl: [], options: None, reserved_range: [], reserved_name: [] }, DescriptorProto { name: Some("Triangle"), field: [FieldDescriptorProto { name: Some("edge_a"), number: Some(1), label: Some(Optional), r#type: Some(Float), type_name: None, extendee: None, default_value: None, oneof_index: None, json_name: Some("edgeA"), options: None, proto3_optional: None }, FieldDescriptorProto { name: Some("edge_b"), number: Some(2), label: Some(Optional), r#type: Some(Float), type_name: None, extendee: None, default_value: None, oneof_index: None, json_name: Some("edgeB"), options: None, proto3_optional: None }, FieldDescriptorProto { name: Some("edge_c"), number: Some(3), label: Some(Optional), r#type: Some(Float), type_name: None, extendee: None, default_value: None, oneof_index: None, json_name: Some("edgeC"), options: None, proto3_optional: None }], extension: [], nested_type: [], enum_type: [], extension_range: [], oneof_decl: [], options: None, reserved_range: [], reserved_name: [] }, DescriptorProto { name: Some("Parallelogram"), field: [FieldDescriptorProto { name: Some("base_length"), number: Some(1), label: Some(Optional), r#type: Some(Float), type_name: None, extendee: None, default_value: None, oneof_index: None, json_name: Some("baseLength"), options: None, proto3_optional: None }, FieldDescriptorProto { name: Some("height"), number: Some(2), label: Some(Optional), r#type: Some(Float), type_name: None, extendee: None, default_value: None, oneof_index: None, json_name: Some("height"), options: None, proto3_optional: None }], extension: [], nested_type: [], enum_type: [], extension_range: [], oneof_decl: [], options: None, reserved_range: [], reserved_name: [] }, DescriptorProto { name: Some("AreaRequest"), field: [FieldDescriptorProto { name: Some("shapes"), number: Some(1), label: Some(Repeated), r#type: Some(Message), type_name: Some(".area_calculator.ShapeMessage"), extendee: None, default_value: None, oneof_index: None, json_name: Some("shapes"), options: None, proto3_optional: None }], extension: [], nested_type: [], enum_type: [], extension_range: [], oneof_decl: [], options: None, reserved_range: [], reserved_name: [] }, DescriptorProto { name: Some("AreaResponse"), field: [FieldDescriptorProto { name: Some("value"), number: Some(1), label: Some(Repeated), r#type: Some(Float), type_name: None, extendee: None, default_value: None, oneof_index: None, json_name: Some("value"), options: None, proto3_optional: None }], extension: [], nested_type: [], enum_type: [], extension_range: [], oneof_decl: [], options: None, reserved_range: [], reserved_name: [] }], enum_type: [], service: [ServiceDescriptorProto { name: Some("Calculator"), method: [MethodDescriptorProto { name: Some("calculateOne"), input_type: Some(".area_calculator.ShapeMessage"), output_type: Some(".area_calculator.AreaResponse"), options: Some(MethodOptions { deprecated: None, idempotency_level: None, uninterpreted_option: [] }), client_streaming: None, server_streaming: None }, MethodDescriptorProto { name: Some("calculateMulti"), input_type: Some(".area_calculator.AreaRequest"), output_type: Some(".area_calculator.AreaResponse"), options: Some(MethodOptions { deprecated: None, idempotency_level: None, uninterpreted_option: [] }), client_streaming: None, server_streaming: None }], options: None }], extension: [], options: Some(FileOptions { java_package: None, java_outer_classname: None, java_multiple_files: None, java_generate_equals_and_hash: None, java_string_check_utf8: None, optimize_for: None, go_package: Some("io.pact/area_calculator"), cc_generic_services: None, java_generic_services: None, py_generic_services: None, php_generic_services: Some(true), deprecated: None, cc_enable_arenas: None, objc_class_prefix: None, csharp_namespace: None, swift_prefix: None, php_class_prefix: None, php_namespace: None, php_metadata_namespace: None, ruby_package: None, uninterpreted_option: [] }), source_code_info: None, syntax: Some("proto3") }] }}, routes: {"Calculator/calculateOne": (FileDescriptorSet { file: [FileDescriptorProto { name: Some("area_calculator.proto"), package: Some("area_calculator"), dependency: [], public_dependency: [], weak_dependency: [], message_type: [DescriptorProto { name: Some("ShapeMessage"), field: [FieldDescriptorProto { name: Some("square"), number: Some(1), label: Some(Optional), r#type: Some(Message), type_name: Some(".area_calculator.Square"), extendee: None, default_value: None, oneof_index: Some(0), json_name: Some("square"), options: None, proto3_optional: None }, FieldDescriptorProto { name: Some("rectangle"), number: Some(2), label: Some(Optional), r#type: Some(Message), type_name: Some(".area_calculator.Rectangle"), extendee: None, default_value: None, oneof_index: Some(0), json_name: Some("rectangle"), options: None, proto3_optional: None }, FieldDescriptorProto { name: Some("circle"), number: Some(3), label: Some(Optional), r#type: Some(Message), type_name: Some(".area_calculator.Circle"), extendee: None, default_value: None, oneof_index: Some(0), json_name: Some("circle"), options: None, proto3_optional: None }, FieldDescriptorProto { name: Some("triangle"), number: Some(4), label: Some(Optional), r#type: Some(Message), type_name: Some(".area_calculator.Triangle"), extendee: None, default_value: None, oneof_index: Some(0), json_name: Some("triangle"), options: None, proto3_optional: None }, FieldDescriptorProto { name: Some("parallelogram"), number: Some(5), label: Some(Optional), r#type: Some(Message), type_name: Some(".area_calculator.Parallelogram"), extendee: None, default_value: None, oneof_index: Some(0), json_name: Some("parallelogram"), options: None, proto3_optional: None }], extension: [], nested_type: [], enum_type: [], extension_range: [], oneof_decl: [OneofDescriptorProto { name: Some("shape"), options: None }], options: None, reserved_range: [], reserved_name: [] }, DescriptorProto { name: Some("Square"), field: [FieldDescriptorProto { name: Some("edge_length"), number: Some(1), label: Some(Optional), r#type: Some(Float), type_name: None, extendee: None, default_value: None, oneof_index: None, json_name: Some("edgeLength"), options: None, proto3_optional: None }], extension: [], nested_type: [], enum_type: [], extension_range: [], oneof_decl: [], options: None, reserved_range: [], reserved_name: [] }, DescriptorProto { name: Some("Rectangle"), field: [FieldDescriptorProto { name: Some("length"), number: Some(1), label: Some(Optional), r#type: Some(Float), type_name: None, extendee: None, default_value: None, oneof_index: None, json_name: Some("length"), options: None, proto3_optional: None }, FieldDescriptorProto { name: Some("width"), number: Some(2), label: Some(Optional), r#type: Some(Float), type_name: None, extendee: None, default_value: None, oneof_index: None, json_name: Some("width"), options: None, proto3_optional: None }], extension: [], nested_type: [], enum_type: [], extension_range: [], oneof_decl: [], options: None, reserved_range: [], reserved_name: [] }, DescriptorProto { name: Some("Circle"), field: [FieldDescriptorProto { name: Some("radius"), number: Some(1), label: Some(Optional), r#type: Some(Float), type_name: None, extendee: None, default_value: None, oneof_index: None, json_name: Some("radius"), options: None, proto3_optional: None }], extension: [], nested_type: [], enum_type: [], extension_range: [], oneof_decl: [], options: None, reserved_range: [], reserved_name: [] }, DescriptorProto { name: Some("Triangle"), field: [FieldDescriptorProto { name: Some("edge_a"), number: Some(1), label: Some(Optional), r#type: Some(Float), type_name: None, extendee: None, default_value: None, oneof_index: None, json_name: Some("edgeA"), options: None, proto3_optional: None }, FieldDescriptorProto { name: Some("edge_b"), number: Some(2), label: Some(Optional), r#type: Some(Float), type_name: None, extendee: None, default_value: None, oneof_index: None, json_name: Some("edgeB"), options: None, proto3_optional: None }, FieldDescriptorProto { name: Some("edge_c"), number: Some(3), label: Some(Optional), r#type: Some(Float), type_name: None, extendee: None, default_value: None, oneof_index: None, json_name: Some("edgeC"), options: None, proto3_optional: None }], extension: [], nested_type: [], enum_type: [], extension_range: [], oneof_decl: [], options: None, reserved_range: [], reserved_name: [] }, DescriptorProto { name: Some("Parallelogram"), field: [FieldDescriptorProto { name: Some("base_length"), number: Some(1), label: Some(Optional), r#type: Some(Float), type_name: None, extendee: None, default_value: None, oneof_index: None, json_name: Some("baseLength"), options: None, proto3_optional: None }, FieldDescriptorProto { name: Some("height"), number: Some(2), label: Some(Optional), r#type: Some(Float), type_name: None, extendee: None, default_value: None, oneof_index: None, json_name: Some("height"), options: None, proto3_optional: None }], extension: [], nested_type: [], enum_type: [], extension_range: [], oneof_decl: [], options: None, reserved_range: [], reserved_name: [] }, DescriptorProto { name: Some("AreaRequest"), field: [FieldDescriptorProto { name: Some("shapes"), number: Some(1), label: Some(Repeated), r#type: Some(Message), type_name: Some(".area_calculator.ShapeMessage"), extendee: None, default_value: None, oneof_index: None, json_name: Some("shapes"), options: None, proto3_optional: None }], extension: [], nested_type: [], enum_type: [], extension_range: [], oneof_decl: [], options: None, reserved_range: [], reserved_name: [] }, DescriptorProto { name: Some("AreaResponse"), field: [FieldDescriptorProto { name: Some("value"), number: Some(1), label: Some(Repeated), r#type: Some(Float), type_name: None, extendee: None, default_value: None, oneof_index: None, json_name: Some("value"), options: None, proto3_optional: None }], extension: [], nested_type: [], enum_type: [], extension_range: [], oneof_decl: [], options: None, reserved_range: [], reserved_name: [] }], enum_type: [], service: [ServiceDescriptorProto { name: Some("Calculator"), method: [MethodDescriptorProto { name: Some("calculateOne"), input_type: Some(".area_calculator.ShapeMessage"), output_type: Some(".area_calculator.AreaResponse"), options: Some(MethodOptions { deprecated: None, idempotency_level: None, uninterpreted_option: [] }), client_streaming: None, server_streaming: None }, MethodDescriptorProto { name: Some("calculateMulti"), input_type: Some(".area_calculator.AreaRequest"), output_type: Some(".area_calculator.AreaResponse"), options: Some(MethodOptions { deprecated: None, idempotency_level: None, uninterpreted_option: [] }), client_streaming: None, server_streaming: None }], options: None }], extension: [], options: Some(FileOptions { java_package: None, java_outer_classname: None, java_multiple_files: None, java_generate_equals_and_hash: None, java_string_check_utf8: None, optimize_for: None, go_package: Some("io.pact/area_calculator"), cc_generic_services: None, java_generic_services: None, py_generic_services: None, php_generic_services: Some(true), deprecated: None, cc_enable_arenas: None, objc_class_prefix: None, csharp_namespace: None, swift_prefix: None, php_class_prefix: None, php_namespace: None, php_metadata_namespace: None, ruby_package: None, uninterpreted_option: [] }), source_code_info: None, syntax: Some("proto3") }] }, MethodDescriptorProto { name: Some("calculateOne"), input_type: Some(".area_calculator.ShapeMessage"), output_type: Some(".area_calculator.AreaResponse"), options: Some(MethodOptions { deprecated: None, idempotency_level: None, uninterpreted_option: [] }), client_streaming: None, server_streaming: None }, SynchronousMessage { id: None, key: Some("c7fbe3ee"), description: "calculate rectangle area request", provider_states: [], comments: {"testname": String("io.pact.example.grpc.consumer.PactConsumerTest.calculateRectangleArea(MockServer, SynchronousMessages)")}, request: MessageContents { contents: Present(b"\x12\n\r\0\0@@\x15\0\0\x80@", Some(ContentType { main_type: "application", sub_type: "protobuf", attributes: {"message": "ShapeMessage"}, suffix: None }), Some(BINARY)), metadata: {}, matching_rules: MatchingRules { rules: {BODY: MatchingRuleCategory { name: BODY, rules: {DocPath { path_tokens: [Root, Field("rectangle"), Field("length")], expr: "$.rectangle.length" }: RuleList { rules: [Number], rule_logic: And, cascaded: false }, DocPath { path_tokens: [Root, Field("rectangle"), Field("width")], expr: "$.rectangle.width" }: RuleList { rules: [Number], rule_logic: And, cascaded: false }} }} }, generators: Generators { categories: {} } }, response: [MessageContents { contents: Present(b"\r\0\0@A", Some(ContentType { main_type: "application", sub_type: "protobuf", attributes: {"message": "AreaResponse"}, suffix: None }), Some(BINARY)), metadata: {}, matching_rules: MatchingRules { rules: {BODY: MatchingRuleCategory { name: BODY, rules: {DocPath { path_tokens: [Root, Field("value")], expr: "$.value" }: RuleList { rules: [Number], rule_logic: And, cascaded: false }} }} }, generators: Generators { categories: {} } }], pending: false, plugin_config: {"protobuf": {"service": String("Calculator/calculateOne"), "descriptorKey": String("a85dff8f82655a9681aad113575dcfbb")}}, interaction_markup: InteractionMarkup { markup: "```protobuf\nmessage ShapeMessage {\n    message .area_calculator.Rectangle rectangle = 2;\n}\n```\n\n```protobuf\nmessage AreaResponse {\n    float value = 1;\n}\n```\n", markup_type: "COMMON_MARK" }, transport: None })}, server_key: "5cae5f82-fec2-43c6-9739-60d0383d84ec" } ?[3mreq?[0m?[2m=?[0mRequest { method: POST, uri: http://127.0.0.1:53791/area_calculator.Calculator/calculateOne, version: HTTP/2.0, headers: {"content-type": "application/grpc", "te": "trailers", "user-agent": "grpc-java-netty/1.49.0", "grpc-accept-encoding": "gzip"}, body: Body(Streaming) }?[1m}?[0m?[2m:?[0m?[1mmock_server_handler?[0m?[1m{?[0m?[3mkey?[0m?[2m=?[0m"5cae5f82-fec2-43c6-9739-60d0383d84ec"?[1m}?[0m?[2m:?[0m?[1mhandle_message?[0m?[1m{?[0m?[3mself?[0m?[2m=?[0mMockService { file_descriptor_set: FileDescriptorSet { file: [FileDescriptorProto { name: Some("area_calculator.proto"), package: Some("area_calculator"), dependency: [], public_dependency: [], weak_dependency: [], message_type: [DescriptorProto { name: Some("ShapeMessage"), field: [FieldDescriptorProto { name: Some("square"), number: Some(1), label: Some(Optional), r#type: Some(Message), type_name: Some(".area_calculator.Square"), extendee: None, default_value: None, oneof_index: Some(0), json_name: Some("square"), options: None, proto3_optional: None }, FieldDescriptorProto { name: Some("rectangle"), number: Some(2), label: Some(Optional), r#type: Some(Message), type_name: Some(".area_calculator.Rectangle"), extendee: None, default_value: None, oneof_index: Some(0), json_name: Some("rectangle"), options: None, proto3_optional: None }, FieldDescriptorProto { name: Some("circle"), number: Some(3), label: Some(Optional), r#type: Some(Message), type_name: Some(".area_calculator.Circle"), extendee: None, default_value: None, oneof_index: Some(0), json_name: Some("circle"), options: None, proto3_optional: None }, FieldDescriptorProto { name: Some("triangle"), number: Some(4), label: Some(Optional), r#type: Some(Message), type_name: Some(".area_calculator.Triangle"), extendee: None, default_value: None, oneof_index: Some(0), json_name: Some("triangle"), options: None, proto3_optional: None }, FieldDescriptorProto { name: Some("parallelogram"), number: Some(5), label: Some(Optional), r#type: Some(Message), type_name: Some(".area_calculator.Parallelogram"), extendee: None, default_value: None, oneof_index: Some(0), json_name: Some("parallelogram"), options: None, proto3_optional: None }], extension: [], nested_type: [], enum_type: [], extension_range: [], oneof_decl: [OneofDescriptorProto { name: Some("shape"), options: None }], options: None, reserved_range: [], reserved_name: [] }, DescriptorProto { name: Some("Square"), field: [FieldDescriptorProto { name: Some("edge_length"), number: Some(1), label: Some(Optional), r#type: Some(Float), type_name: None, extendee: None, default_value: None, oneof_index: None, json_name: Some("edgeLength"), options: None, proto3_optional: None }], extension: [], nested_type: [], enum_type: [], extension_range: [], oneof_decl: [], options: None, reserved_range: [], reserved_name: [] }, DescriptorProto { name: Some("Rectangle"), field: [FieldDescriptorProto { name: Some("length"), number: Some(1), label: Some(Optional), r#type: Some(Float), type_name: None, extendee: None, default_value: None, oneof_index: None, json_name: Some("length"), options: None, proto3_optional: None }, FieldDescriptorProto { name: Some("width"), number: Some(2), label: Some(Optional), r#type: Some(Float), type_name: None, extendee: None, default_value: None, oneof_index: None, json_name: Some("width"), options: None, proto3_optional: None }], extension: [], nested_type: [], enum_type: [], extension_range: [], oneof_decl: [], options: None, reserved_range: [], reserved_name: [] }, DescriptorProto { name: Some("Circle"), field: [FieldDescriptorProto { name: Some("radius"), number: Some(1), label: Some(Optional), r#type: Some(Float), type_name: None, extendee: None, default_value: None, oneof_index: None, json_name: Some("radius"), options: None, proto3_optional: None }], extension: [], nested_type: [], enum_type: [], extension_range: [], oneof_decl: [], options: None, reserved_range: [], reserved_name: [] }, DescriptorProto { name: Some("Triangle"), field: [FieldDescriptorProto { name: Some("edge_a"), number: Some(1), label: Some(Optional), r#type: Some(Float), type_name: None, extendee: None, default_value: None, oneof_index: None, json_name: Some("edgeA"), options: None, proto3_optional: None }, FieldDescriptorProto { name: Some("edge_b"), number: Some(2), label: Some(Optional), r#type: Some(Float), type_name: None, extendee: None, default_value: None, oneof_index: None, json_name: Some("edgeB"), options: None, proto3_optional: None }, FieldDescriptorProto { name: Some("edge_c"), number: Some(3), label: Some(Optional), r#type: Some(Float), type_name: None, extendee: None, default_value: None, oneof_index: None, json_name: Some("edgeC"), options: None, proto3_optional: None }], extension: [], nested_type: [], enum_type: [], extension_range: [], oneof_decl: [], options: None, reserved_range: [], reserved_name: [] }, DescriptorProto { name: Some("Parallelogram"), field: [FieldDescriptorProto { name: Some("base_length"), number: Some(1), label: Some(Optional), r#type: Some(Float), type_name: None, extendee: None, default_value: None, oneof_index: None, json_name: Some("baseLength"), options: None, proto3_optional: None }, FieldDescriptorProto { name: Some("height"), number: Some(2), label: Some(Optional), r#type: Some(Float), type_name: None, extendee: None, default_value: None, oneof_index: None, json_name: Some("height"), options: None, proto3_optional: None }], extension: [], nested_type: [], enum_type: [], extension_range: [], oneof_decl: [], options: None, reserved_range: [], reserved_name: [] }, DescriptorProto { name: Some("AreaRequest"), field: [FieldDescriptorProto { name: Some("shapes"), number: Some(1), label: Some(Repeated), r#type: Some(Message), type_name: Some(".area_calculator.ShapeMessage"), extendee: None, default_value: None, oneof_index: None, json_name: Some("shapes"), options: None, proto3_optional: None }], extension: [], nested_type: [], enum_type: [], extension_range: [], oneof_decl: [], options: None, reserved_range: [], reserved_name: [] }, DescriptorProto { name: Some("AreaResponse"), field: [FieldDescriptorProto { name: Some("value"), number: Some(1), label: Some(Repeated), r#type: Some(Float), type_name: None, extendee: None, default_value: None, oneof_index: None, json_name: Some("value"), options: None, proto3_optional: None }], extension: [], nested_type: [], enum_type: [], extension_range: [], oneof_decl: [], options: None, reserved_range: [], reserved_name: [] }], enum_type: [], service: [ServiceDescriptorProto { name: Some("Calculator"), method: [MethodDescriptorProto { name: Some("calculateOne"), input_type: Some(".area_calculator.ShapeMessage"), output_type: Some(".area_calculator.AreaResponse"), options: Some(MethodOptions { deprecated: None, idempotency_level: None, uninterpreted_option: [] }), client_streaming: None, server_streaming: None }, MethodDescriptorProto { name: Some("calculateMulti"), input_type: Some(".area_calculator.AreaRequest"), output_type: Some(".area_calculator.AreaResponse"), options: Some(MethodOptions { deprecated: None, idempotency_level: None, uninterpreted_option: [] }), client_streaming: None, server_streaming: None }], options: None }], extension: [], options: Some(FileOptions { java_package: None, java_outer_classname: None, java_multiple_files: None, java_generate_equals_and_hash: None, java_string_check_utf8: None, optimize_for: None, go_package: Some("io.pact/area_calculator"), cc_generic_services: None, java_generic_services: None, py_generic_services: None, php_generic_services: Some(true), deprecated: None, cc_enable_arenas: None, objc_class_prefix: None, csharp_namespace: None, swift_prefix: None, php_class_prefix: None, php_namespace: None, php_metadata_namespace: None, ruby_package: None, uninterpreted_option: [] }), source_code_info: None, syntax: Some("proto3") }] }, service_name: "Calculator", message: SynchronousMessage { id: None, key: Some("c7fbe3ee"), description: "calculate rectangle area request", provider_states: [], comments: {"testname": String("io.pact.example.grpc.consumer.PactConsumerTest.calculateRectangleArea(MockServer, SynchronousMessages)")}, request: MessageContents { contents: Present(b"\x12\n\r\0\0@@\x15\0\0\x80@", Some(ContentType { main_type: "application", sub_type: "protobuf", attributes: {"message": "ShapeMessage"}, suffix: None }), Some(BINARY)), metadata: {}, matching_rules: MatchingRules { rules: {BODY: MatchingRuleCategory { name: BODY, rules: {DocPath { path_tokens: [Root, Field("rectangle"), Field("length")], expr: "$.rectangle.length" }: RuleList { rules: [Number], rule_logic: And, cascaded: false }, DocPath { path_tokens: [Root, Field("rectangle"), Field("width")], expr: "$.rectangle.width" }: RuleList { rules: [Number], rule_logic: And, cascaded: false }} }} }, generators: Generators { categories: {} } }, response: [MessageContents { contents: Present(b"\r\0\0@A", Some(ContentType { main_type: "application", sub_type: "protobuf", attributes: {"message": "AreaResponse"}, suffix: None }), Some(BINARY)), metadata: {}, matching_rules: MatchingRules { rules: {BODY: MatchingRuleCategory { name: BODY, rules: {DocPath { path_tokens: [Root, Field("value")], expr: "$.value" }: RuleList { rules: [Number], rule_logic: And, cascaded: false }} }} }, generators: Generators { categories: {} } }], pending: false, plugin_config: {"protobuf": {"service": String("Calculator/calculateOne"), "descriptorKey": String("a85dff8f82655a9681aad113575dcfbb")}}, interaction_markup: InteractionMarkup { markup: "```protobuf\nmessage ShapeMessage {\n    message .area_calculator.Rectangle rectangle = 2;\n}\n```\n\n```protobuf\nmessage AreaResponse {\n    float value = 1;\n}\n```\n", markup_type: "COMMON_MARK" }, transport: None }, method_descriptor: MethodDescriptorProto { name: Some("calculateOne"), input_type: Some(".area_calculator.ShapeMessage"), output_type: Some(".area_calculator.AreaResponse"), options: Some(MethodOptions { deprecated: None, idempotency_level: None, uninterpreted_option: [] }), client_streaming: None, server_streaming: None }, input_message: DescriptorProto { name: Some("ShapeMessage"), field: [FieldDescriptorProto { name: Some("square"), number: Some(1), label: Some(Optional), r#type: Some(Message), type_name: Some(".area_calculator.Square"), extendee: None, default_value: None, oneof_index: Some(0), json_name: Some("square"), options: None, proto3_optional: None }, FieldDescriptorProto { name: Some("rectangle"), number: Some(2), label: Some(Optional), r#type: Some(Message), type_name: Some(".area_calculator.Rectangle"), extendee: None, default_value: None, oneof_index: Some(0), json_name: Some("rectangle"), options: None, proto3_optional: None }, FieldDescriptorProto { name: Some("circle"), number: Some(3), label: Some(Optional), r#type: Some(Message), type_name: Some(".area_calculator.Circle"), extendee: None, default_value: None, oneof_index: Some(0), json_name: Some("circle"), options: None, proto3_optional: None }, FieldDescriptorProto { name: Some("triangle"), number: Some(4), label: Some(Optional), r#type: Some(Message), type_name: Some(".area_calculator.Triangle"), extendee: None, default_value: None, oneof_index: Some(0), json_name: Some("triangle"), options: None, proto3_optional: None }, FieldDescriptorProto { name: Some("parallelogram"), number: Some(5), label: Some(Optional), r#type: Some(Message), type_name: Some(".area_calculator.Parallelogram"), extendee: None, default_value: None, oneof_index: Some(0), json_name: Some("parallelogram"), options: None, proto3_optional: None }], extension: [], nested_type: [], enum_type: [], extension_range: [], oneof_decl: [OneofDescriptorProto { name: Some("shape"), options: None }], options: None, reserved_range: [], reserved_name: [] }, output_message: DescriptorProto { name: Some("AreaResponse"), field: [FieldDescriptorProto { name: Some("value"), number: Some(1), label: Some(Repeated), r#type: Some(Float), type_name: None, extendee: None, default_value: None, oneof_index: None, json_name: Some("value"), options: None, proto3_optional: None }], extension: [], nested_type: [], enum_type: [], extension_range: [], oneof_decl: [], options: None, reserved_range: [], reserved_name: [] }, server_key: "5cae5f82-fec2-43c6-9739-60d0383d84ec" } ?[3mrequest?[0m?[2m=?[0mDynamicMessage { descriptor: DescriptorProto { name: Some("ShapeMessage"), field: [FieldDescriptorProto { name: Some("square"), number: Some(1), label: Some(Optional), r#type: Some(Message), type_name: Some(".area_calculator.Square"), extendee: None, default_value: None, oneof_index: Some(0), json_name: Some("square"), options: None, proto3_optional: None }, FieldDescriptorProto { name: Some("rectangle"), number: Some(2), label: Some(Optional), r#type: Some(Message), type_name: Some(".area_calculator.Rectangle"), extendee: None, default_value: None, oneof_index: Some(0), json_name: Some("rectangle"), options: None, proto3_optional: None }, FieldDescriptorProto { name: Some("circle"), number: Some(3), label: Some(Optional), r#type: Some(Message), type_name: Some(".area_calculator.Circle"), extendee: None, default_value: None, oneof_index: Some(0), json_name: Some("circle"), options: None, proto3_optional: None }, FieldDescriptorProto { name: Some("triangle"), number: Some(4), label: Some(Optional), r#type: Some(Message), type_name: Some(".area_calculator.Triangle"), extendee: None, default_value: None, oneof_index: Some(0), json_name: Some("triangle"), options: None, proto3_optional: None }, FieldDescriptorProto { name: Some("parallelogram"), number: Some(5), label: Some(Optional), r#type: Some(Message), type_name: Some(".area_calculator.Parallelogram"), extendee: None, default_value: None, oneof_index: Some(0), json_name: Some("parallelogram"), options: None, proto3_optional: None }], extension: [], nested_type: [], enum_type: [], extension_range: [], oneof_decl: [OneofDescriptorProto { name: Some("shape"), options: None }], options: None, reserved_range: [], reserved_name: [] }, fields: [ProtobufField { field_num: 2, wire_type: LengthDelimited, data: Message([13, 0, 0, 64, 64, 21, 0, 0, 128, 64], DescriptorProto { name: Some("Rectangle"), field: [FieldDescriptorProto { name: Some("length"), number: Some(1), label: Some(Optional), r#type: Some(Float), type_name: None, extendee: None, default_value: None, oneof_index: None, json_name: Some("length"), options: None, proto3_optional: None }, FieldDescriptorProto { name: Some("width"), number: Some(2), label: Some(Optional), r#type: Some(Float), type_name: None, extendee: None, default_value: None, oneof_index: None, json_name: Some("width"), options: None, proto3_optional: None }], extension: [], nested_type: [], enum_type: [], extension_range: [], oneof_decl: [], options: None, reserved_range: [], reserved_name: [] }) }] } ?[3mmessage_descriptor?[0m?[2m=?[0mDescriptorProto { name: Some("ShapeMessage"), field: [FieldDescriptorProto { name: Some("square"), number: Some(1), label: Some(Optional), r#type: Some(Message), type_name: Some(".area_calculator.Square"), extendee: None, default_value: None, oneof_index: Some(0), json_name: Some("square"), options: None, proto3_optional: None }, FieldDescriptorProto { name: Some("rectangle"), number: Some(2), label: Some(Optional), r#type: Some(Message), type_name: Some(".area_calculator.Rectangle"), extendee: None, default_value: None, oneof_index: Some(0), json_name: Some("rectangle"), options: None, proto3_optional: None }, FieldDescriptorProto { name: Some("circle"), number: Some(3), label: Some(Optional), r#type: Some(Message), type_name: Some(".area_calculator.Circle"), extendee: None, default_value: None, oneof_index: Some(0), json_name: Some("circle"), options: None, proto3_optional: None }, FieldDescriptorProto { name: Some("triangle"), number: Some(4), label: Some(Optional), r#type: Some(Message), type_name: Some(".area_calculator.Triangle"), extendee: None, default_value: None, oneof_index: Some(0), json_name: Some("triangle"), options: None, proto3_optional: None }, FieldDescriptorProto { name: Some("parallelogram"), number: Some(5), label: Some(Optional), r#type: Some(Message), type_name: Some(".area_calculator.Parallelogram"), extendee: None, default_value: None, oneof_index: Some(0), json_name: Some("parallelogram"), options: None, proto3_optional: None }], extension: [], nested_type: [], enum_type: [], extension_range: [], oneof_decl: [OneofDescriptorProto { name: Some("shape"), options: None }], options: None, reserved_range: [], reserved_name: [] } ?[3mresponse_descriptor?[0m?[2m=?[0mDescriptorProto { name: Some("AreaResponse"), field: [FieldDescriptorProto { name: Some("value"), number: Some(1), label: Some(Repeated), r#type: Some(Float), type_name: None, extendee: None, default_value: None, oneof_index: None, json_name: Some("value"), options: None, proto3_optional: None }], extension: [], nested_type: [], enum_type: [], extension_range: [], oneof_decl: [], options: None, reserved_range: [], reserved_name: [] }?[1m}?[0m?[2m:?[0m ?[2mpact_models::path_exp?[0m?[2m:?[0m Calculated weight (8, 3) for path '$.rectangle.width' and '["$", "rectangle", "width"]'
15:05:16.543 [Thread-5] DEBUG i.pact.plugins.jvm.core.ChildProcess - Plugin protobuf [46038] || ?[2m2023-03-27T09:35:16.542320Z?[0m ?[35mTRACE?[0m tokio-runtime-worker ?[1mrequest?[0m?[1m{?[0m?[3mmethod?[0m?[2m=?[0mPOST ?[3muri?[0m?[2m=?[0mhttp://127.0.0.1:53791/area_calculator.Calculator/calculateOne ?[3mversion?[0m?[2m=?[0mHTTP/2.0?[1m}?[0m?[2m:?[0m?[1mcall?[0m?[1m{?[0m?[3mself?[0m?[2m=?[0mGrpcMockServer { pact: V4Pact { consumer: Consumer { name: "grpc-consumer-jvm" }, provider: Provider { name: "area-calculator-provider" }, interactions: [SynchronousMessage { id: None, key: Some("c7fbe3ee"), description: "calculate rectangle area request", provider_states: [], comments: {"testname": String("io.pact.example.grpc.consumer.PactConsumerTest.calculateRectangleArea(MockServer, SynchronousMessages)")}, request: MessageContents { contents: Present(b"\x12\n\r\0\0@@\x15\0\0\x80@", Some(ContentType { main_type: "application", sub_type: "protobuf", attributes: {"message": "ShapeMessage"}, suffix: None }), Some(BINARY)), metadata: {}, matching_rules: MatchingRules { rules: {BODY: MatchingRuleCategory { name: BODY, rules: {DocPath { path_tokens: [Root, Field("rectangle"), Field("length")], expr: "$.rectangle.length" }: RuleList { rules: [Number], rule_logic: And, cascaded: false }, DocPath { path_tokens: [Root, Field("rectangle"), Field("width")], expr: "$.rectangle.width" }: RuleList { rules: [Number], rule_logic: And, cascaded: false }} }} }, generators: Generators { categories: {} } }, response: [MessageContents { contents: Present(b"\r\0\0@A", Some(ContentType { main_type: "application", sub_type: "protobuf", attributes: {"message": "AreaResponse"}, suffix: None }), Some(BINARY)), metadata: {}, matching_rules: MatchingRules { rules: {BODY: MatchingRuleCategory { name: BODY, rules: {DocPath { path_tokens: [Root, Field("value")], expr: "$.value" }: RuleList { rules: [Number], rule_logic: And, cascaded: false }} }} }, generators: Generators { categories: {} } }], pending: false, plugin_config: {"protobuf": {"service": String("Calculator/calculateOne"), "descriptorKey": String("a85dff8f82655a9681aad113575dcfbb")}}, interaction_markup: InteractionMarkup { markup: "```protobuf\nmessage ShapeMessage {\n    message .area_calculator.Rectangle rectangle = 2;\n}\n```\n\n```protobuf\nmessage AreaResponse {\n    float value = 1;\n}\n```\n", markup_type: "COMMON_MARK" }, transport: None }], metadata: {"pact-jvm": Object({"version": String("4.4.2")}), "pactSpecification": Object({"version": String("4.0")})}, plugin_data: [PluginData { name: "protobuf", version: "0.1.5", configuration: {"a85dff8f82655a9681aad113575dcfbb": Object({"protoDescriptors": String("CsoHChVhcmVhX2NhbGN1bGF0b3IucHJvdG8SD2FyZWFfY2FsY3VsYXRvciK6AgoMU2hhcGVNZXNzYWdlEjEKBnNxdWFyZRgBIAEoCzIXLmFyZWFfY2FsY3VsYXRvci5TcXVhcmVIAFIGc3F1YXJlEjoKCXJlY3RhbmdsZRgCIAEoCzIaLmFyZWFfY2FsY3VsYXRvci5SZWN0YW5nbGVIAFIJcmVjdGFuZ2xlEjEKBmNpcmNsZRgDIAEoCzIXLmFyZWFfY2FsY3VsYXRvci5DaXJjbGVIAFIGY2lyY2xlEjcKCHRyaWFuZ2xlGAQgASgLMhkuYXJlYV9jYWxjdWxhdG9yLlRyaWFuZ2xlSABSCHRyaWFuZ2xlEkYKDXBhcmFsbGVsb2dyYW0YBSABKAsyHi5hcmVhX2NhbGN1bGF0b3IuUGFyYWxsZWxvZ3JhbUgAUg1wYXJhbGxlbG9ncmFtQgcKBXNoYXBlIikKBlNxdWFyZRIfCgtlZGdlX2xlbmd0aBgBIAEoAlIKZWRnZUxlbmd0aCI5CglSZWN0YW5nbGUSFgoGbGVuZ3RoGAEgASgCUgZsZW5ndGgSFAoFd2lkdGgYAiABKAJSBXdpZHRoIiAKBkNpcmNsZRIWCgZyYWRpdXMYASABKAJSBnJhZGl1cyJPCghUcmlhbmdsZRIVCgZlZGdlX2EYASABKAJSBWVkZ2VBEhUKBmVkZ2VfYhgCIAEoAlIFZWRnZUISFQoGZWRnZV9jGAMgASgCUgVlZGdlQyJICg1QYXJhbGxlbG9ncmFtEh8KC2Jhc2VfbGVuZ3RoGAEgASgCUgpiYXNlTGVuZ3RoEhYKBmhlaWdodBgCIAEoAlIGaGVpZ2h0IkQKC0FyZWFSZXF1ZXN0EjUKBnNoYXBlcxgBIAMoCzIdLmFyZWFfY2FsY3VsYXRvci5TaGFwZU1lc3NhZ2VSBnNoYXBlcyIkCgxBcmVhUmVzcG9uc2USFAoFdmFsdWUYASADKAJSBXZhbHVlMq0BCgpDYWxjdWxhdG9yEk4KDGNhbGN1bGF0ZU9uZRIdLmFyZWFfY2FsY3VsYXRvci5TaGFwZU1lc3NhZ2UaHS5hcmVhX2NhbGN1bGF0b3IuQXJlYVJlc3BvbnNlIgASTwoOY2FsY3VsYXRlTXVsdGkSHC5hcmVhX2NhbGN1bGF0b3IuQXJlYVJlcXVlc3QaHS5hcmVhX2NhbGN1bGF0b3IuQXJlYVJlc3BvbnNlIgBCHFoXaW8ucGFjdC9hcmVhX2NhbGN1bGF0b3LQAgFiBnByb3RvMw=="), "protoFile": String("syntax = \"proto3\";\n\npackage area_calculator;\n\noption php_generic_services = true;\noption go_package = \"io.pact/area_calculator\";\n\nservice Calculator {\n  rpc calculateOne (ShapeMessage) returns (AreaResponse) {}\n  rpc calculateMulti (AreaRequest) returns (AreaResponse) {}\n}\n\nmessage ShapeMessage {\n  oneof shape {\n    Square square = 1;\n    Rectangle rectangle = 2;\n    Circle circle = 3;\n    Triangle triangle = 4;\n    Parallelogram parallelogram = 5;\n  }\n}\n\nmessage Square {\n  float edge_length = 1;\n}\n\nmessage Rectangle {\n  float length = 1;\n  float width = 2;\n}\n\nmessage Circle {\n  float radius = 1;\n}\n\nmessage Triangle {\n  float edge_a = 1;\n  float edge_b = 2;\n  float edge_c = 3;\n}\n\nmessage Parallelogram {\n  float base_length = 1;\n  float height = 2;\n}\n\nmessage AreaRequest {\n  repeated ShapeMessage shapes = 1;\n}\n\nmessage AreaResponse {\n  repeated float value = 1;\n}\n")})} }] }, plugin_config: PluginData { name: "protobuf", version: "0.1.5", configuration: {"a85dff8f82655a9681aad113575dcfbb": Object({"protoDescriptors": String("CsoHChVhcmVhX2NhbGN1bGF0b3IucHJvdG8SD2FyZWFfY2FsY3VsYXRvciK6AgoMU2hhcGVNZXNzYWdlEjEKBnNxdWFyZRgBIAEoCzIXLmFyZWFfY2FsY3VsYXRvci5TcXVhcmVIAFIGc3F1YXJlEjoKCXJlY3RhbmdsZRgCIAEoCzIaLmFyZWFfY2FsY3VsYXRvci5SZWN0YW5nbGVIAFIJcmVjdGFuZ2xlEjEKBmNpcmNsZRgDIAEoCzIXLmFyZWFfY2FsY3VsYXRvci5DaXJjbGVIAFIGY2lyY2xlEjcKCHRyaWFuZ2xlGAQgASgLMhkuYXJlYV9jYWxjdWxhdG9yLlRyaWFuZ2xlSABSCHRyaWFuZ2xlEkYKDXBhcmFsbGVsb2dyYW0YBSABKAsyHi5hcmVhX2NhbGN1bGF0b3IuUGFyYWxsZWxvZ3JhbUgAUg1wYXJhbGxlbG9ncmFtQgcKBXNoYXBlIikKBlNxdWFyZRIfCgtlZGdlX2xlbmd0aBgBIAEoAlIKZWRnZUxlbmd0aCI5CglSZWN0YW5nbGUSFgoGbGVuZ3RoGAEgASgCUgZsZW5ndGgSFAoFd2lkdGgYAiABKAJSBXdpZHRoIiAKBkNpcmNsZRIWCgZyYWRpdXMYASABKAJSBnJhZGl1cyJPCghUcmlhbmdsZRIVCgZlZGdlX2EYASABKAJSBWVkZ2VBEhUKBmVkZ2VfYhgCIAEoAlIFZWRnZUISFQoGZWRnZV9jGAMgASgCUgVlZGdlQyJICg1QYXJhbGxlbG9ncmFtEh8KC2Jhc2VfbGVuZ3RoGAEgASgCUgpiYXNlTGVuZ3RoEhYKBmhlaWdodBgCIAEoAlIGaGVpZ2h0IkQKC0FyZWFSZXF1ZXN0EjUKBnNoYXBlcxgBIAMoCzIdLmFyZWFfY2FsY3VsYXRvci5TaGFwZU1lc3NhZ2VSBnNoYXBlcyIkCgxBcmVhUmVzcG9uc2USFAoFdmFsdWUYASADKAJSBXZhbHVlMq0BCgpDYWxjdWxhdG9yEk4KDGNhbGN1bGF0ZU9uZRIdLmFyZWFfY2FsY3VsYXRvci5TaGFwZU1lc3NhZ2UaHS5hcmVhX2NhbGN1bGF0b3IuQXJlYVJlc3BvbnNlIgASTwoOY2FsY3VsYXRlTXVsdGkSHC5hcmVhX2NhbGN1bGF0b3IuQXJlYVJlcXVlc3QaHS5hcmVhX2NhbGN1bGF0b3IuQXJlYVJlc3BvbnNlIgBCHFoXaW8ucGFjdC9hcmVhX2NhbGN1bGF0b3LQAgFiBnByb3RvMw=="), "protoFile": String("syntax = \"proto3\";\n\npackage area_calculator;\n\noption php_generic_services = true;\noption go_package = \"io.pact/area_calculator\";\n\nservice Calculator {\n  rpc calculateOne (ShapeMessage) returns (AreaResponse) {}\n  rpc calculateMulti (AreaRequest) returns (AreaResponse) {}\n}\n\nmessage ShapeMessage {\n  oneof shape {\n    Square square = 1;\n    Rectangle rectangle = 2;\n    Circle circle = 3;\n    Triangle triangle = 4;\n    Parallelogram parallelogram = 5;\n  }\n}\n\nmessage Square {\n  float edge_length = 1;\n}\n\nmessage Rectangle {\n  float length = 1;\n  float width = 2;\n}\n\nmessage Circle {\n  float radius = 1;\n}\n\nmessage Triangle {\n  float edge_a = 1;\n  float edge_b = 2;\n  float edge_c = 3;\n}\n\nmessage Parallelogram {\n  float base_length = 1;\n  float height = 2;\n}\n\nmessage AreaRequest {\n  repeated ShapeMessage shapes = 1;\n}\n\nmessage AreaResponse {\n  repeated float value = 1;\n}\n")})} }, descriptors: {"a85dff8f82655a9681aad113575dcfbb": FileDescriptorSet { file: [FileDescriptorProto { name: Some("area_calculator.proto"), package: Some("area_calculator"), dependency: [], public_dependency: [], weak_dependency: [], message_type: [DescriptorProto { name: Some("ShapeMessage"), field: [FieldDescriptorProto { name: Some("square"), number: Some(1), label: Some(Optional), r#type: Some(Message), type_name: Some(".area_calculator.Square"), extendee: None, default_value: None, oneof_index: Some(0), json_name: Some("square"), options: None, proto3_optional: None }, FieldDescriptorProto { name: Some("rectangle"), number: Some(2), label: Some(Optional), r#type: Some(Message), type_name: Some(".area_calculator.Rectangle"), extendee: None, default_value: None, oneof_index: Some(0), json_name: Some("rectangle"), options: None, proto3_optional: None }, FieldDescriptorProto { name: Some("circle"), number: Some(3), label: Some(Optional), r#type: Some(Message), type_name: Some(".area_calculator.Circle"), extendee: None, default_value: None, oneof_index: Some(0), json_name: Some("circle"), options: None, proto3_optional: None }, FieldDescriptorProto { name: Some("triangle"), number: Some(4), label: Some(Optional), r#type: Some(Message), type_name: Some(".area_calculator.Triangle"), extendee: None, default_value: None, oneof_index: Some(0), json_name: Some("triangle"), options: None, proto3_optional: None }, FieldDescriptorProto { name: Some("parallelogram"), number: Some(5), label: Some(Optional), r#type: Some(Message), type_name: Some(".area_calculator.Parallelogram"), extendee: None, default_value: None, oneof_index: Some(0), json_name: Some("parallelogram"), options: None, proto3_optional: None }], extension: [], nested_type: [], enum_type: [], extension_range: [], oneof_decl: [OneofDescriptorProto { name: Some("shape"), options: None }], options: None, reserved_range: [], reserved_name: [] }, DescriptorProto { name: Some("Square"), field: [FieldDescriptorProto { name: Some("edge_length"), number: Some(1), label: Some(Optional), r#type: Some(Float), type_name: None, extendee: None, default_value: None, oneof_index: None, json_name: Some("edgeLength"), options: None, proto3_optional: None }], extension: [], nested_type: [], enum_type: [], extension_range: [], oneof_decl: [], options: None, reserved_range: [], reserved_name: [] }, DescriptorProto { name: Some("Rectangle"), field: [FieldDescriptorProto { name: Some("length"), number: Some(1), label: Some(Optional), r#type: Some(Float), type_name: None, extendee: None, default_value: None, oneof_index: None, json_name: Some("length"), options: None, proto3_optional: None }, FieldDescriptorProto { name: Some("width"), number: Some(2), label: Some(Optional), r#type: Some(Float), type_name: None, extendee: None, default_value: None, oneof_index: None, json_name: Some("width"), options: None, proto3_optional: None }], extension: [], nested_type: [], enum_type: [], extension_range: [], oneof_decl: [], options: None, reserved_range: [], reserved_name: [] }, DescriptorProto { name: Some("Circle"), field: [FieldDescriptorProto { name: Some("radius"), number: Some(1), label: Some(Optional), r#type: Some(Float), type_name: None, extendee: None, default_value: None, oneof_index: None, json_name: Some("radius"), options: None, proto3_optional: None }], extension: [], nested_type: [], enum_type: [], extension_range: [], oneof_decl: [], options: None, reserved_range: [], reserved_name: [] }, DescriptorProto { name: Some("Triangle"), field: [FieldDescriptorProto { name: Some("edge_a"), number: Some(1), label: Some(Optional), r#type: Some(Float), type_name: None, extendee: None, default_value: None, oneof_index: None, json_name: Some("edgeA"), options: None, proto3_optional: None }, FieldDescriptorProto { name: Some("edge_b"), number: Some(2), label: Some(Optional), r#type: Some(Float), type_name: None, extendee: None, default_value: None, oneof_index: None, json_name: Some("edgeB"), options: None, proto3_optional: None }, FieldDescriptorProto { name: Some("edge_c"), number: Some(3), label: Some(Optional), r#type: Some(Float), type_name: None, extendee: None, default_value: None, oneof_index: None, json_name: Some("edgeC"), options: None, proto3_optional: None }], extension: [], nested_type: [], enum_type: [], extension_range: [], oneof_decl: [], options: None, reserved_range: [], reserved_name: [] }, DescriptorProto { name: Some("Parallelogram"), field: [FieldDescriptorProto { name: Some("base_length"), number: Some(1), label: Some(Optional), r#type: Some(Float), type_name: None, extendee: None, default_value: None, oneof_index: None, json_name: Some("baseLength"), options: None, proto3_optional: None }, FieldDescriptorProto { name: Some("height"), number: Some(2), label: Some(Optional), r#type: Some(Float), type_name: None, extendee: None, default_value: None, oneof_index: None, json_name: Some("height"), options: None, proto3_optional: None }], extension: [], nested_type: [], enum_type: [], extension_range: [], oneof_decl: [], options: None, reserved_range: [], reserved_name: [] }, DescriptorProto { name: Some("AreaRequest"), field: [FieldDescriptorProto { name: Some("shapes"), number: Some(1), label: Some(Repeated), r#type: Some(Message), type_name: Some(".area_calculator.ShapeMessage"), extendee: None, default_value: None, oneof_index: None, json_name: Some("shapes"), options: None, proto3_optional: None }], extension: [], nested_type: [], enum_type: [], extension_range: [], oneof_decl: [], options: None, reserved_range: [], reserved_name: [] }, DescriptorProto { name: Some("AreaResponse"), field: [FieldDescriptorProto { name: Some("value"), number: Some(1), label: Some(Repeated), r#type: Some(Float), type_name: None, extendee: None, default_value: None, oneof_index: None, json_name: Some("value"), options: None, proto3_optional: None }], extension: [], nested_type: [], enum_type: [], extension_range: [], oneof_decl: [], options: None, reserved_range: [], reserved_name: [] }], enum_type: [], service: [ServiceDescriptorProto { name: Some("Calculator"), method: [MethodDescriptorProto { name: Some("calculateOne"), input_type: Some(".area_calculator.ShapeMessage"), output_type: Some(".area_calculator.AreaResponse"), options: Some(MethodOptions { deprecated: None, idempotency_level: None, uninterpreted_option: [] }), client_streaming: None, server_streaming: None }, MethodDescriptorProto { name: Some("calculateMulti"), input_type: Some(".area_calculator.AreaRequest"), output_type: Some(".area_calculator.AreaResponse"), options: Some(MethodOptions { deprecated: None, idempotency_level: None, uninterpreted_option: [] }), client_streaming: None, server_streaming: None }], options: None }], extension: [], options: Some(FileOptions { java_package: None, java_outer_classname: None, java_multiple_files: None, java_generate_equals_and_hash: None, java_string_check_utf8: None, optimize_for: None, go_package: Some("io.pact/area_calculator"), cc_generic_services: None, java_generic_services: None, py_generic_services: None, php_generic_services: Some(true), deprecated: None, cc_enable_arenas: None, objc_class_prefix: None, csharp_namespace: None, swift_prefix: None, php_class_prefix: None, php_namespace: None, php_metadata_namespace: None, ruby_package: None, uninterpreted_option: [] }), source_code_info: None, syntax: Some("proto3") }] }}, routes: {"Calculator/calculateOne": (FileDescriptorSet { file: [FileDescriptorProto { name: Some("area_calculator.proto"), package: Some("area_calculator"), dependency: [], public_dependency: [], weak_dependency: [], message_type: [DescriptorProto { name: Some("ShapeMessage"), field: [FieldDescriptorProto { name: Some("square"), number: Some(1), label: Some(Optional), r#type: Some(Message), type_name: Some(".area_calculator.Square"), extendee: None, default_value: None, oneof_index: Some(0), json_name: Some("square"), options: None, proto3_optional: None }, FieldDescriptorProto { name: Some("rectangle"), number: Some(2), label: Some(Optional), r#type: Some(Message), type_name: Some(".area_calculator.Rectangle"), extendee: None, default_value: None, oneof_index: Some(0), json_name: Some("rectangle"), options: None, proto3_optional: None }, FieldDescriptorProto { name: Some("circle"), number: Some(3), label: Some(Optional), r#type: Some(Message), type_name: Some(".area_calculator.Circle"), extendee: None, default_value: None, oneof_index: Some(0), json_name: Some("circle"), options: None, proto3_optional: None }, FieldDescriptorProto { name: Some("triangle"), number: Some(4), label: Some(Optional), r#type: Some(Message), type_name: Some(".area_calculator.Triangle"), extendee: None, default_value: None, oneof_index: Some(0), json_name: Some("triangle"), options: None, proto3_optional: None }, FieldDescriptorProto { name: Some("parallelogram"), number: Some(5), label: Some(Optional), r#type: Some(Message), type_name: Some(".area_calculator.Parallelogram"), extendee: None, default_value: None, oneof_index: Some(0), json_name: Some("parallelogram"), options: None, proto3_optional: None }], extension: [], nested_type: [], enum_type: [], extension_range: [], oneof_decl: [OneofDescriptorProto { name: Some("shape"), options: None }], options: None, reserved_range: [], reserved_name: [] }, DescriptorProto { name: Some("Square"), field: [FieldDescriptorProto { name: Some("edge_length"), number: Some(1), label: Some(Optional), r#type: Some(Float), type_name: None, extendee: None, default_value: None, oneof_index: None, json_name: Some("edgeLength"), options: None, proto3_optional: None }], extension: [], nested_type: [], enum_type: [], extension_range: [], oneof_decl: [], options: None, reserved_range: [], reserved_name: [] }, DescriptorProto { name: Some("Rectangle"), field: [FieldDescriptorProto { name: Some("length"), number: Some(1), label: Some(Optional), r#type: Some(Float), type_name: None, extendee: None, default_value: None, oneof_index: None, json_name: Some("length"), options: None, proto3_optional: None }, FieldDescriptorProto { name: Some("width"), number: Some(2), label: Some(Optional), r#type: Some(Float), type_name: None, extendee: None, default_value: None, oneof_index: None, json_name: Some("width"), options: None, proto3_optional: None }], extension: [], nested_type: [], enum_type: [], extension_range: [], oneof_decl: [], options: None, reserved_range: [], reserved_name: [] }, DescriptorProto { name: Some("Circle"), field: [FieldDescriptorProto { name: Some("radius"), number: Some(1), label: Some(Optional), r#type: Some(Float), type_name: None, extendee: None, default_value: None, oneof_index: None, json_name: Some("radius"), options: None, proto3_optional: None }], extension: [], nested_type: [], enum_type: [], extension_range: [], oneof_decl: [], options: None, reserved_range: [], reserved_name: [] }, DescriptorProto { name: Some("Triangle"), field: [FieldDescriptorProto { name: Some("edge_a"), number: Some(1), label: Some(Optional), r#type: Some(Float), type_name: None, extendee: None, default_value: None, oneof_index: None, json_name: Some("edgeA"), options: None, proto3_optional: None }, FieldDescriptorProto { name: Some("edge_b"), number: Some(2), label: Some(Optional), r#type: Some(Float), type_name: None, extendee: None, default_value: None, oneof_index: None, json_name: Some("edgeB"), options: None, proto3_optional: None }, FieldDescriptorProto { name: Some("edge_c"), number: Some(3), label: Some(Optional), r#type: Some(Float), type_name: None, extendee: None, default_value: None, oneof_index: None, json_name: Some("edgeC"), options: None, proto3_optional: None }], extension: [], nested_type: [], enum_type: [], extension_range: [], oneof_decl: [], options: None, reserved_range: [], reserved_name: [] }, DescriptorProto { name: Some("Parallelogram"), field: [FieldDescriptorProto { name: Some("base_length"), number: Some(1), label: Some(Optional), r#type: Some(Float), type_name: None, extendee: None, default_value: None, oneof_index: None, json_name: Some("baseLength"), options: None, proto3_optional: None }, FieldDescriptorProto { name: Some("height"), number: Some(2), label: Some(Optional), r#type: Some(Float), type_name: None, extendee: None, default_value: None, oneof_index: None, json_name: Some("height"), options: None, proto3_optional: None }], extension: [], nested_type: [], enum_type: [], extension_range: [], oneof_decl: [], options: None, reserved_range: [], reserved_name: [] }, DescriptorProto { name: Some("AreaRequest"), field: [FieldDescriptorProto { name: Some("shapes"), number: Some(1), label: Some(Repeated), r#type: Some(Message), type_name: Some(".area_calculator.ShapeMessage"), extendee: None, default_value: None, oneof_index: None, json_name: Some("shapes"), options: None, proto3_optional: None }], extension: [], nested_type: [], enum_type: [], extension_range: [], oneof_decl: [], options: None, reserved_range: [], reserved_name: [] }, DescriptorProto { name: Some("AreaResponse"), field: [FieldDescriptorProto { name: Some("value"), number: Some(1), label: Some(Repeated), r#type: Some(Float), type_name: None, extendee: None, default_value: None, oneof_index: None, json_name: Some("value"), options: None, proto3_optional: None }], extension: [], nested_type: [], enum_type: [], extension_range: [], oneof_decl: [], options: None, reserved_range: [], reserved_name: [] }], enum_type: [], service: [ServiceDescriptorProto { name: Some("Calculator"), method: [MethodDescriptorProto { name: Some("calculateOne"), input_type: Some(".area_calculator.ShapeMessage"), output_type: Some(".area_calculator.AreaResponse"), options: Some(MethodOptions { deprecated: None, idempotency_level: None, uninterpreted_option: [] }), client_streaming: None, server_streaming: None }, MethodDescriptorProto { name: Some("calculateMulti"), input_type: Some(".area_calculator.AreaRequest"), output_type: Some(".area_calculator.AreaResponse"), options: Some(MethodOptions { deprecated: None, idempotency_level: None, uninterpreted_option: [] }), client_streaming: None, server_streaming: None }], options: None }], extension: [], options: Some(FileOptions { java_package: None, java_outer_classname: None, java_multiple_files: None, java_generate_equals_and_hash: None, java_string_check_utf8: None, optimize_for: None, go_package: Some("io.pact/area_calculator"), cc_generic_services: None, java_generic_services: None, py_generic_services: None, php_generic_services: Some(true), deprecated: None, cc_enable_arenas: None, objc_class_prefix: None, csharp_namespace: None, swift_prefix: None, php_class_prefix: None, php_namespace: None, php_metadata_namespace: None, ruby_package: None, uninterpreted_option: [] }), source_code_info: None, syntax: Some("proto3") }] }, MethodDescriptorProto { name: Some("calculateOne"), input_type: Some(".area_calculator.ShapeMessage"), output_type: Some(".area_calculator.AreaResponse"), options: Some(MethodOptions { deprecated: None, idempotency_level: None, uninterpreted_option: [] }), client_streaming: None, server_streaming: None }, SynchronousMessage { id: None, key: Some("c7fbe3ee"), description: "calculate rectangle area request", provider_states: [], comments: {"testname": String("io.pact.example.grpc.consumer.PactConsumerTest.calculateRectangleArea(MockServer, SynchronousMessages)")}, request: MessageContents { contents: Present(b"\x12\n\r\0\0@@\x15\0\0\x80@", Some(ContentType { main_type: "application", sub_type: "protobuf", attributes: {"message": "ShapeMessage"}, suffix: None }), Some(BINARY)), metadata: {}, matching_rules: MatchingRules { rules: {BODY: MatchingRuleCategory { name: BODY, rules: {DocPath { path_tokens: [Root, Field("rectangle"), Field("length")], expr: "$.rectangle.length" }: RuleList { rules: [Number], rule_logic: And, cascaded: false }, DocPath { path_tokens: [Root, Field("rectangle"), Field("width")], expr: "$.rectangle.width" }: RuleList { rules: [Number], rule_logic: And, cascaded: false }} }} }, generators: Generators { categories: {} } }, response: [MessageContents { contents: Present(b"\r\0\0@A", Some(ContentType { main_type: "application", sub_type: "protobuf", attributes: {"message": "AreaResponse"}, suffix: None }), Some(BINARY)), metadata: {}, matching_rules: MatchingRules { rules: {BODY: MatchingRuleCategory { name: BODY, rules: {DocPath { path_tokens: [Root, Field("value")], expr: "$.value" }: RuleList { rules: [Number], rule_logic: And, cascaded: false }} }} }, generators: Generators { categories: {} } }], pending: false, plugin_config: {"protobuf": {"service": String("Calculator/calculateOne"), "descriptorKey": String("a85dff8f82655a9681aad113575dcfbb")}}, interaction_markup: InteractionMarkup { markup: "```protobuf\nmessage ShapeMessage {\n    message .area_calculator.Rectangle rectangle = 2;\n}\n```\n\n```protobuf\nmessage AreaResponse {\n    float value = 1;\n}\n```\n", markup_type: "COMMON_MARK" }, transport: None })}, server_key: "5cae5f82-fec2-43c6-9739-60d0383d84ec" } ?[3mreq?[0m?[2m=?[0mRequest { method: POST, uri: http://127.0.0.1:53791/area_calculator.Calculator/calculateOne, version: HTTP/2.0, headers: {"content-type": "application/grpc", "te": "trailers", "user-agent": "grpc-java-netty/1.49.0", "grpc-accept-encoding": "gzip"}, body: Body(Streaming) }?[1m}?[0m?[2m:?[0m?[1mmock_server_handler?[0m?[1m{?[0m?[3mkey?[0m?[2m=?[0m"5cae5f82-fec2-43c6-9739-60d0383d84ec"?[1m}?[0m?[2m:?[0m?[1mhandle_message?[0m?[1m{?[0m?[3mself?[0m?[2m=?[0mMockService { file_descriptor_set: FileDescriptorSet { file: [FileDescriptorProto { name: Some("area_calculator.proto"), package: Some("area_calculator"), dependency: [], public_dependency: [], weak_dependency: [], message_type: [DescriptorProto { name: Some("ShapeMessage"), field: [FieldDescriptorProto { name: Some("square"), number: Some(1), label: Some(Optional), r#type: Some(Message), type_name: Some(".area_calculator.Square"), extendee: None, default_value: None, oneof_index: Some(0), json_name: Some("square"), options: None, proto3_optional: None }, FieldDescriptorProto { name: Some("rectangle"), number: Some(2), label: Some(Optional), r#type: Some(Message), type_name: Some(".area_calculator.Rectangle"), extendee: None, default_value: None, oneof_index: Some(0), json_name: Some("rectangle"), options: None, proto3_optional: None }, FieldDescriptorProto { name: Some("circle"), number: Some(3), label: Some(Optional), r#type: Some(Message), type_name: Some(".area_calculator.Circle"), extendee: None, default_value: None, oneof_index: Some(0), json_name: Some("circle"), options: None, proto3_optional: None }, FieldDescriptorProto { name: Some("triangle"), number: Some(4), label: Some(Optional), r#type: Some(Message), type_name: Some(".area_calculator.Triangle"), extendee: None, default_value: None, oneof_index: Some(0), json_name: Some("triangle"), options: None, proto3_optional: None }, FieldDescriptorProto { name: Some("parallelogram"), number: Some(5), label: Some(Optional), r#type: Some(Message), type_name: Some(".area_calculator.Parallelogram"), extendee: None, default_value: None, oneof_index: Some(0), json_name: Some("parallelogram"), options: None, proto3_optional: None }], extension: [], nested_type: [], enum_type: [], extension_range: [], oneof_decl: [OneofDescriptorProto { name: Some("shape"), options: None }], options: None, reserved_range: [], reserved_name: [] }, DescriptorProto { name: Some("Square"), field: [FieldDescriptorProto { name: Some("edge_length"), number: Some(1), label: Some(Optional), r#type: Some(Float), type_name: None, extendee: None, default_value: None, oneof_index: None, json_name: Some("edgeLength"), options: None, proto3_optional: None }], extension: [], nested_type: [], enum_type: [], extension_range: [], oneof_decl: [], options: None, reserved_range: [], reserved_name: [] }, DescriptorProto { name: Some("Rectangle"), field: [FieldDescriptorProto { name: Some("length"), number: Some(1), label: Some(Optional), r#type: Some(Float), type_name: None, extendee: None, default_value: None, oneof_index: None, json_name: Some("length"), options: None, proto3_optional: None }, FieldDescriptorProto { name: Some("width"), number: Some(2), label: Some(Optional), r#type: Some(Float), type_name: None, extendee: None, default_value: None, oneof_index: None, json_name: Some("width"), options: None, proto3_optional: None }], extension: [], nested_type: [], enum_type: [], extension_range: [], oneof_decl: [], options: None, reserved_range: [], reserved_name: [] }, DescriptorProto { name: Some("Circle"), field: [FieldDescriptorProto { name: Some("radius"), number: Some(1), label: Some(Optional), r#type: Some(Float), type_name: None, extendee: None, default_value: None, oneof_index: None, json_name: Some("radius"), options: None, proto3_optional: None }], extension: [], nested_type: [], enum_type: [], extension_range: [], oneof_decl: [], options: None, reserved_range: [], reserved_name: [] }, DescriptorProto { name: Some("Triangle"), field: [FieldDescriptorProto { name: Some("edge_a"), number: Some(1), label: Some(Optional), r#type: Some(Float), type_name: None, extendee: None, default_value: None, oneof_index: None, json_name: Some("edgeA"), options: None, proto3_optional: None }, FieldDescriptorProto { name: Some("edge_b"), number: Some(2), label: Some(Optional), r#type: Some(Float), type_name: None, extendee: None, default_value: None, oneof_index: None, json_name: Some("edgeB"), options: None, proto3_optional: None }, FieldDescriptorProto { name: Some("edge_c"), number: Some(3), label: Some(Optional), r#type: Some(Float), type_name: None, extendee: None, default_value: None, oneof_index: None, json_name: Some("edgeC"), options: None, proto3_optional: None }], extension: [], nested_type: [], enum_type: [], extension_range: [], oneof_decl: [], options: None, reserved_range: [], reserved_name: [] }, DescriptorProto { name: Some("Parallelogram"), field: [FieldDescriptorProto { name: Some("base_length"), number: Some(1), label: Some(Optional), r#type: Some(Float), type_name: None, extendee: None, default_value: None, oneof_index: None, json_name: Some("baseLength"), options: None, proto3_optional: None }, FieldDescriptorProto { name: Some("height"), number: Some(2), label: Some(Optional), r#type: Some(Float), type_name: None, extendee: None, default_value: None, oneof_index: None, json_name: Some("height"), options: None, proto3_optional: None }], extension: [], nested_type: [], enum_type: [], extension_range: [], oneof_decl: [], options: None, reserved_range: [], reserved_name: [] }, DescriptorProto { name: Some("AreaRequest"), field: [FieldDescriptorProto { name: Some("shapes"), number: Some(1), label: Some(Repeated), r#type: Some(Message), type_name: Some(".area_calculator.ShapeMessage"), extendee: None, default_value: None, oneof_index: None, json_name: Some("shapes"), options: None, proto3_optional: None }], extension: [], nested_type: [], enum_type: [], extension_range: [], oneof_decl: [], options: None, reserved_range: [], reserved_name: [] }, DescriptorProto { name: Some("AreaResponse"), field: [FieldDescriptorProto { name: Some("value"), number: Some(1), label: Some(Repeated), r#type: Some(Float), type_name: None, extendee: None, default_value: None, oneof_index: None, json_name: Some("value"), options: None, proto3_optional: None }], extension: [], nested_type: [], enum_type: [], extension_range: [], oneof_decl: [], options: None, reserved_range: [], reserved_name: [] }], enum_type: [], service: [ServiceDescriptorProto { name: Some("Calculator"), method: [MethodDescriptorProto { name: Some("calculateOne"), input_type: Some(".area_calculator.ShapeMessage"), output_type: Some(".area_calculator.AreaResponse"), options: Some(MethodOptions { deprecated: None, idempotency_level: None, uninterpreted_option: [] }), client_streaming: None, server_streaming: None }, MethodDescriptorProto { name: Some("calculateMulti"), input_type: Some(".area_calculator.AreaRequest"), output_type: Some(".area_calculator.AreaResponse"), options: Some(MethodOptions { deprecated: None, idempotency_level: None, uninterpreted_option: [] }), client_streaming: None, server_streaming: None }], options: None }], extension: [], options: Some(FileOptions { java_package: None, java_outer_classname: None, java_multiple_files: None, java_generate_equals_and_hash: None, java_string_check_utf8: None, optimize_for: None, go_package: Some("io.pact/area_calculator"), cc_generic_services: None, java_generic_services: None, py_generic_services: None, php_generic_services: Some(true), deprecated: None, cc_enable_arenas: None, objc_class_prefix: None, csharp_namespace: None, swift_prefix: None, php_class_prefix: None, php_namespace: None, php_metadata_namespace: None, ruby_package: None, uninterpreted_option: [] }), source_code_info: None, syntax: Some("proto3") }] }, service_name: "Calculator", message: SynchronousMessage { id: None, key: Some("c7fbe3ee"), description: "calculate rectangle area request", provider_states: [], comments: {"testname": String("io.pact.example.grpc.consumer.PactConsumerTest.calculateRectangleArea(MockServer, SynchronousMessages)")}, request: MessageContents { contents: Present(b"\x12\n\r\0\0@@\x15\0\0\x80@", Some(ContentType { main_type: "application", sub_type: "protobuf", attributes: {"message": "ShapeMessage"}, suffix: None }), Some(BINARY)), metadata: {}, matching_rules: MatchingRules { rules: {BODY: MatchingRuleCategory { name: BODY, rules: {DocPath { path_tokens: [Root, Field("rectangle"), Field("length")], expr: "$.rectangle.length" }: RuleList { rules: [Number], rule_logic: And, cascaded: false }, DocPath { path_tokens: [Root, Field("rectangle"), Field("width")], expr: "$.rectangle.width" }: RuleList { rules: [Number], rule_logic: And, cascaded: false }} }} }, generators: Generators { categories: {} } }, response: [MessageContents { contents: Present(b"\r\0\0@A", Some(ContentType { main_type: "application", sub_type: "protobuf", attributes: {"message": "AreaResponse"}, suffix: None }), Some(BINARY)), metadata: {}, matching_rules: MatchingRules { rules: {BODY: MatchingRuleCategory { name: BODY, rules: {DocPath { path_tokens: [Root, Field("value")], expr: "$.value" }: RuleList { rules: [Number], rule_logic: And, cascaded: false }} }} }, generators: Generators { categories: {} } }], pending: false, plugin_config: {"protobuf": {"service": String("Calculator/calculateOne"), "descriptorKey": String("a85dff8f82655a9681aad113575dcfbb")}}, interaction_markup: InteractionMarkup { markup: "```protobuf\nmessage ShapeMessage {\n    message .area_calculator.Rectangle rectangle = 2;\n}\n```\n\n```protobuf\nmessage AreaResponse {\n    float value = 1;\n}\n```\n", markup_type: "COMMON_MARK" }, transport: None }, method_descriptor: MethodDescriptorProto { name: Some("calculateOne"), input_type: Some(".area_calculator.ShapeMessage"), output_type: Some(".area_calculator.AreaResponse"), options: Some(MethodOptions { deprecated: None, idempotency_level: None, uninterpreted_option: [] }), client_streaming: None, server_streaming: None }, input_message: DescriptorProto { name: Some("ShapeMessage"), field: [FieldDescriptorProto { name: Some("square"), number: Some(1), label: Some(Optional), r#type: Some(Message), type_name: Some(".area_calculator.Square"), extendee: None, default_value: None, oneof_index: Some(0), json_name: Some("square"), options: None, proto3_optional: None }, FieldDescriptorProto { name: Some("rectangle"), number: Some(2), label: Some(Optional), r#type: Some(Message), type_name: Some(".area_calculator.Rectangle"), extendee: None, default_value: None, oneof_index: Some(0), json_name: Some("rectangle"), options: None, proto3_optional: None }, FieldDescriptorProto { name: Some("circle"), number: Some(3), label: Some(Optional), r#type: Some(Message), type_name: Some(".area_calculator.Circle"), extendee: None, default_value: None, oneof_index: Some(0), json_name: Some("circle"), options: None, proto3_optional: None }, FieldDescriptorProto { name: Some("triangle"), number: Some(4), label: Some(Optional), r#type: Some(Message), type_name: Some(".area_calculator.Triangle"), extendee: None, default_value: None, oneof_index: Some(0), json_name: Some("triangle"), options: None, proto3_optional: None }, FieldDescriptorProto { name: Some("parallelogram"), number: Some(5), label: Some(Optional), r#type: Some(Message), type_name: Some(".area_calculator.Parallelogram"), extendee: None, default_value: None, oneof_index: Some(0), json_name: Some("parallelogram"), options: None, proto3_optional: None }], extension: [], nested_type: [], enum_type: [], extension_range: [], oneof_decl: [OneofDescriptorProto { name: Some("shape"), options: None }], options: None, reserved_range: [], reserved_name: [] }, output_message: DescriptorProto { name: Some("AreaResponse"), field: [FieldDescriptorProto { name: Some("value"), number: Some(1), label: Some(Repeated), r#type: Some(Float), type_name: None, extendee: None, default_value: None, oneof_index: None, json_name: Some("value"), options: None, proto3_optional: None }], extension: [], nested_type: [], enum_type: [], extension_range: [], oneof_decl: [], options: None, reserved_range: [], reserved_name: [] }, server_key: "5cae5f82-fec2-43c6-9739-60d0383d84ec" } ?[3mrequest?[0m?[2m=?[0mDynamicMessage { descriptor: DescriptorProto { name: Some("ShapeMessage"), field: [FieldDescriptorProto { name: Some("square"), number: Some(1), label: Some(Optional), r#type: Some(Message), type_name: Some(".area_calculator.Square"), extendee: None, default_value: None, oneof_index: Some(0), json_name: Some("square"), options: None, proto3_optional: None }, FieldDescriptorProto { name: Some("rectangle"), number: Some(2), label: Some(Optional), r#type: Some(Message), type_name: Some(".area_calculator.Rectangle"), extendee: None, default_value: None, oneof_index: Some(0), json_name: Some("rectangle"), options: None, proto3_optional: None }, FieldDescriptorProto { name: Some("circle"), number: Some(3), label: Some(Optional), r#type: Some(Message), type_name: Some(".area_calculator.Circle"), extendee: None, default_value: None, oneof_index: Some(0), json_name: Some("circle"), options: None, proto3_optional: None }, FieldDescriptorProto { name: Some("triangle"), number: Some(4), label: Some(Optional), r#type: Some(Message), type_name: Some(".area_calculator.Triangle"), extendee: None, default_value: None, oneof_index: Some(0), json_name: Some("triangle"), options: None, proto3_optional: None }, FieldDescriptorProto { name: Some("parallelogram"), number: Some(5), label: Some(Optional), r#type: Some(Message), type_name: Some(".area_calculator.Parallelogram"), extendee: None, default_value: None, oneof_index: Some(0), json_name: Some("parallelogram"), options: None, proto3_optional: None }], extension: [], nested_type: [], enum_type: [], extension_range: [], oneof_decl: [OneofDescriptorProto { name: Some("shape"), options: None }], options: None, reserved_range: [], reserved_name: [] }, fields: [ProtobufField { field_num: 2, wire_type: LengthDelimited, data: Message([13, 0, 0, 64, 64, 21, 0, 0, 128, 64], DescriptorProto { name: Some("Rectangle"), field: [FieldDescriptorProto { name: Some("length"), number: Some(1), label: Some(Optional), r#type: Some(Float), type_name: None, extendee: None, default_value: None, oneof_index: None, json_name: Some("length"), options: None, proto3_optional: None }, FieldDescriptorProto { name: Some("width"), number: Some(2), label: Some(Optional), r#type: Some(Float), type_name: None, extendee: None, default_value: None, oneof_index: None, json_name: Some("width"), options: None, proto3_optional: None }], extension: [], nested_type: [], enum_type: [], extension_range: [], oneof_decl: [], options: None, reserved_range: [], reserved_name: [] }) }] } ?[3mmessage_descriptor?[0m?[2m=?[0mDescriptorProto { name: Some("ShapeMessage"), field: [FieldDescriptorProto { name: Some("square"), number: Some(1), label: Some(Optional), r#type: Some(Message), type_name: Some(".area_calculator.Square"), extendee: None, default_value: None, oneof_index: Some(0), json_name: Some("square"), options: None, proto3_optional: None }, FieldDescriptorProto { name: Some("rectangle"), number: Some(2), label: Some(Optional), r#type: Some(Message), type_name: Some(".area_calculator.Rectangle"), extendee: None, default_value: None, oneof_index: Some(0), json_name: Some("rectangle"), options: None, proto3_optional: None }, FieldDescriptorProto { name: Some("circle"), number: Some(3), label: Some(Optional), r#type: Some(Message), type_name: Some(".area_calculator.Circle"), extendee: None, default_value: None, oneof_index: Some(0), json_name: Some("circle"), options: None, proto3_optional: None }, FieldDescriptorProto { name: Some("triangle"), number: Some(4), label: Some(Optional), r#type: Some(Message), type_name: Some(".area_calculator.Triangle"), extendee: None, default_value: None, oneof_index: Some(0), json_name: Some("triangle"), options: None, proto3_optional: None }, FieldDescriptorProto { name: Some("parallelogram"), number: Some(5), label: Some(Optional), r#type: Some(Message), type_name: Some(".area_calculator.Parallelogram"), extendee: None, default_value: None, oneof_index: Some(0), json_name: Some("parallelogram"), options: None, proto3_optional: None }], extension: [], nested_type: [], enum_type: [], extension_range: [], oneof_decl: [OneofDescriptorProto { name: Some("shape"), options: None }], options: None, reserved_range: [], reserved_name: [] } ?[3mresponse_descriptor?[0m?[2m=?[0mDescriptorProto { name: Some("AreaResponse"), field: [FieldDescriptorProto { name: Some("value"), number: Some(1), label: Some(Repeated), r#type: Some(Float), type_name: None, extendee: None, default_value: None, oneof_index: None, json_name: Some("value"), options: None, proto3_optional: None }], extension: [], nested_type: [], enum_type: [], extension_range: [], oneof_decl: [], options: None, reserved_range: [], reserved_name: [] }?[1m}?[0m?[2m:?[0m ?[2mpact_models::matchingrules?[0m?[2m:?[0m matcher_is_defined: for category body and path ["$", "rectangle", "width"] -> true
15:05:16.543 [Thread-5] DEBUG i.pact.plugins.jvm.core.ChildProcess - Plugin protobuf [46038] || ?[2m2023-03-27T09:35:16.542784Z?[0m ?[34mDEBUG?[0m tokio-runtime-worker ?[1mrequest?[0m?[1m{?[0m?[3mmethod?[0m?[2m=?[0mPOST ?[3muri?[0m?[2m=?[0mhttp://127.0.0.1:53791/area_calculator.Calculator/calculateOne ?[3mversion?[0m?[2m=?[0mHTTP/2.0?[1m}?[0m?[2m:?[0m?[1mcall?[0m?[1m{?[0m?[3mself?[0m?[2m=?[0mGrpcMockServer { pact: V4Pact { consumer: Consumer { name: "grpc-consumer-jvm" }, provider: Provider { name: "area-calculator-provider" }, interactions: [SynchronousMessage { id: None, key: Some("c7fbe3ee"), description: "calculate rectangle area request", provider_states: [], comments: {"testname": String("io.pact.example.grpc.consumer.PactConsumerTest.calculateRectangleArea(MockServer, SynchronousMessages)")}, request: MessageContents { contents: Present(b"\x12\n\r\0\0@@\x15\0\0\x80@", Some(ContentType { main_type: "application", sub_type: "protobuf", attributes: {"message": "ShapeMessage"}, suffix: None }), Some(BINARY)), metadata: {}, matching_rules: MatchingRules { rules: {BODY: MatchingRuleCategory { name: BODY, rules: {DocPath { path_tokens: [Root, Field("rectangle"), Field("length")], expr: "$.rectangle.length" }: RuleList { rules: [Number], rule_logic: And, cascaded: false }, DocPath { path_tokens: [Root, Field("rectangle"), Field("width")], expr: "$.rectangle.width" }: RuleList { rules: [Number], rule_logic: And, cascaded: false }} }} }, generators: Generators { categories: {} } }, response: [MessageContents { contents: Present(b"\r\0\0@A", Some(ContentType { main_type: "application", sub_type: "protobuf", attributes: {"message": "AreaResponse"}, suffix: None }), Some(BINARY)), metadata: {}, matching_rules: MatchingRules { rules: {BODY: MatchingRuleCategory { name: BODY, rules: {DocPath { path_tokens: [Root, Field("value")], expr: "$.value" }: RuleList { rules: [Number], rule_logic: And, cascaded: false }} }} }, generators: Generators { categories: {} } }], pending: false, plugin_config: {"protobuf": {"service": String("Calculator/calculateOne"), "descriptorKey": String("a85dff8f82655a9681aad113575dcfbb")}}, interaction_markup: InteractionMarkup { markup: "```protobuf\nmessage ShapeMessage {\n    message .area_calculator.Rectangle rectangle = 2;\n}\n```\n\n```protobuf\nmessage AreaResponse {\n    float value = 1;\n}\n```\n", markup_type: "COMMON_MARK" }, transport: None }], metadata: {"pact-jvm": Object({"version": String("4.4.2")}), "pactSpecification": Object({"version": String("4.0")})}, plugin_data: [PluginData { name: "protobuf", version: "0.1.5", configuration: {"a85dff8f82655a9681aad113575dcfbb": Object({"protoDescriptors": String("CsoHChVhcmVhX2NhbGN1bGF0b3IucHJvdG8SD2FyZWFfY2FsY3VsYXRvciK6AgoMU2hhcGVNZXNzYWdlEjEKBnNxdWFyZRgBIAEoCzIXLmFyZWFfY2FsY3VsYXRvci5TcXVhcmVIAFIGc3F1YXJlEjoKCXJlY3RhbmdsZRgCIAEoCzIaLmFyZWFfY2FsY3VsYXRvci5SZWN0YW5nbGVIAFIJcmVjdGFuZ2xlEjEKBmNpcmNsZRgDIAEoCzIXLmFyZWFfY2FsY3VsYXRvci5DaXJjbGVIAFIGY2lyY2xlEjcKCHRyaWFuZ2xlGAQgASgLMhkuYXJlYV9jYWxjdWxhdG9yLlRyaWFuZ2xlSABSCHRyaWFuZ2xlEkYKDXBhcmFsbGVsb2dyYW0YBSABKAsyHi5hcmVhX2NhbGN1bGF0b3IuUGFyYWxsZWxvZ3JhbUgAUg1wYXJhbGxlbG9ncmFtQgcKBXNoYXBlIikKBlNxdWFyZRIfCgtlZGdlX2xlbmd0aBgBIAEoAlIKZWRnZUxlbmd0aCI5CglSZWN0YW5nbGUSFgoGbGVuZ3RoGAEgASgCUgZsZW5ndGgSFAoFd2lkdGgYAiABKAJSBXdpZHRoIiAKBkNpcmNsZRIWCgZyYWRpdXMYASABKAJSBnJhZGl1cyJPCghUcmlhbmdsZRIVCgZlZGdlX2EYASABKAJSBWVkZ2VBEhUKBmVkZ2VfYhgCIAEoAlIFZWRnZUISFQoGZWRnZV9jGAMgASgCUgVlZGdlQyJICg1QYXJhbGxlbG9ncmFtEh8KC2Jhc2VfbGVuZ3RoGAEgASgCUgpiYXNlTGVuZ3RoEhYKBmhlaWdodBgCIAEoAlIGaGVpZ2h0IkQKC0FyZWFSZXF1ZXN0EjUKBnNoYXBlcxgBIAMoCzIdLmFyZWFfY2FsY3VsYXRvci5TaGFwZU1lc3NhZ2VSBnNoYXBlcyIkCgxBcmVhUmVzcG9uc2USFAoFdmFsdWUYASADKAJSBXZhbHVlMq0BCgpDYWxjdWxhdG9yEk4KDGNhbGN1bGF0ZU9uZRIdLmFyZWFfY2FsY3VsYXRvci5TaGFwZU1lc3NhZ2UaHS5hcmVhX2NhbGN1bGF0b3IuQXJlYVJlc3BvbnNlIgASTwoOY2FsY3VsYXRlTXVsdGkSHC5hcmVhX2NhbGN1bGF0b3IuQXJlYVJlcXVlc3QaHS5hcmVhX2NhbGN1bGF0b3IuQXJlYVJlc3BvbnNlIgBCHFoXaW8ucGFjdC9hcmVhX2NhbGN1bGF0b3LQAgFiBnByb3RvMw=="), "protoFile": String("syntax = \"proto3\";\n\npackage area_calculator;\n\noption php_generic_services = true;\noption go_package = \"io.pact/area_calculator\";\n\nservice Calculator {\n  rpc calculateOne (ShapeMessage) returns (AreaResponse) {}\n  rpc calculateMulti (AreaRequest) returns (AreaResponse) {}\n}\n\nmessage ShapeMessage {\n  oneof shape {\n    Square square = 1;\n    Rectangle rectangle = 2;\n    Circle circle = 3;\n    Triangle triangle = 4;\n    Parallelogram parallelogram = 5;\n  }\n}\n\nmessage Square {\n  float edge_length = 1;\n}\n\nmessage Rectangle {\n  float length = 1;\n  float width = 2;\n}\n\nmessage Circle {\n  float radius = 1;\n}\n\nmessage Triangle {\n  float edge_a = 1;\n  float edge_b = 2;\n  float edge_c = 3;\n}\n\nmessage Parallelogram {\n  float base_length = 1;\n  float height = 2;\n}\n\nmessage AreaRequest {\n  repeated ShapeMessage shapes = 1;\n}\n\nmessage AreaResponse {\n  repeated float value = 1;\n}\n")})} }] }, plugin_config: PluginData { name: "protobuf", version: "0.1.5", configuration: {"a85dff8f82655a9681aad113575dcfbb": Object({"protoDescriptors": String("CsoHChVhcmVhX2NhbGN1bGF0b3IucHJvdG8SD2FyZWFfY2FsY3VsYXRvciK6AgoMU2hhcGVNZXNzYWdlEjEKBnNxdWFyZRgBIAEoCzIXLmFyZWFfY2FsY3VsYXRvci5TcXVhcmVIAFIGc3F1YXJlEjoKCXJlY3RhbmdsZRgCIAEoCzIaLmFyZWFfY2FsY3VsYXRvci5SZWN0YW5nbGVIAFIJcmVjdGFuZ2xlEjEKBmNpcmNsZRgDIAEoCzIXLmFyZWFfY2FsY3VsYXRvci5DaXJjbGVIAFIGY2lyY2xlEjcKCHRyaWFuZ2xlGAQgASgLMhkuYXJlYV9jYWxjdWxhdG9yLlRyaWFuZ2xlSABSCHRyaWFuZ2xlEkYKDXBhcmFsbGVsb2dyYW0YBSABKAsyHi5hcmVhX2NhbGN1bGF0b3IuUGFyYWxsZWxvZ3JhbUgAUg1wYXJhbGxlbG9ncmFtQgcKBXNoYXBlIikKBlNxdWFyZRIfCgtlZGdlX2xlbmd0aBgBIAEoAlIKZWRnZUxlbmd0aCI5CglSZWN0YW5nbGUSFgoGbGVuZ3RoGAEgASgCUgZsZW5ndGgSFAoFd2lkdGgYAiABKAJSBXdpZHRoIiAKBkNpcmNsZRIWCgZyYWRpdXMYASABKAJSBnJhZGl1cyJPCghUcmlhbmdsZRIVCgZlZGdlX2EYASABKAJSBWVkZ2VBEhUKBmVkZ2VfYhgCIAEoAlIFZWRnZUISFQoGZWRnZV9jGAMgASgCUgVlZGdlQyJICg1QYXJhbGxlbG9ncmFtEh8KC2Jhc2VfbGVuZ3RoGAEgASgCUgpiYXNlTGVuZ3RoEhYKBmhlaWdodBgCIAEoAlIGaGVpZ2h0IkQKC0FyZWFSZXF1ZXN0EjUKBnNoYXBlcxgBIAMoCzIdLmFyZWFfY2FsY3VsYXRvci5TaGFwZU1lc3NhZ2VSBnNoYXBlcyIkCgxBcmVhUmVzcG9uc2USFAoFdmFsdWUYASADKAJSBXZhbHVlMq0BCgpDYWxjdWxhdG9yEk4KDGNhbGN1bGF0ZU9uZRIdLmFyZWFfY2FsY3VsYXRvci5TaGFwZU1lc3NhZ2UaHS5hcmVhX2NhbGN1bGF0b3IuQXJlYVJlc3BvbnNlIgASTwoOY2FsY3VsYXRlTXVsdGkSHC5hcmVhX2NhbGN1bGF0b3IuQXJlYVJlcXVlc3QaHS5hcmVhX2NhbGN1bGF0b3IuQXJlYVJlc3BvbnNlIgBCHFoXaW8ucGFjdC9hcmVhX2NhbGN1bGF0b3LQAgFiBnByb3RvMw=="), "protoFile": String("syntax = \"proto3\";\n\npackage area_calculator;\n\noption php_generic_services = true;\noption go_package = \"io.pact/area_calculator\";\n\nservice Calculator {\n  rpc calculateOne (ShapeMessage) returns (AreaResponse) {}\n  rpc calculateMulti (AreaRequest) returns (AreaResponse) {}\n}\n\nmessage ShapeMessage {\n  oneof shape {\n    Square square = 1;\n    Rectangle rectangle = 2;\n    Circle circle = 3;\n    Triangle triangle = 4;\n    Parallelogram parallelogram = 5;\n  }\n}\n\nmessage Square {\n  float edge_length = 1;\n}\n\nmessage Rectangle {\n  float length = 1;\n  float width = 2;\n}\n\nmessage Circle {\n  float radius = 1;\n}\n\nmessage Triangle {\n  float edge_a = 1;\n  float edge_b = 2;\n  float edge_c = 3;\n}\n\nmessage Parallelogram {\n  float base_length = 1;\n  float height = 2;\n}\n\nmessage AreaRequest {\n  repeated ShapeMessage shapes = 1;\n}\n\nmessage AreaResponse {\n  repeated float value = 1;\n}\n")})} }, descriptors: {"a85dff8f82655a9681aad113575dcfbb": FileDescriptorSet { file: [FileDescriptorProto { name: Some("area_calculator.proto"), package: Some("area_calculator"), dependency: [], public_dependency: [], weak_dependency: [], message_type: [DescriptorProto { name: Some("ShapeMessage"), field: [FieldDescriptorProto { name: Some("square"), number: Some(1), label: Some(Optional), r#type: Some(Message), type_name: Some(".area_calculator.Square"), extendee: None, default_value: None, oneof_index: Some(0), json_name: Some("square"), options: None, proto3_optional: None }, FieldDescriptorProto { name: Some("rectangle"), number: Some(2), label: Some(Optional), r#type: Some(Message), type_name: Some(".area_calculator.Rectangle"), extendee: None, default_value: None, oneof_index: Some(0), json_name: Some("rectangle"), options: None, proto3_optional: None }, FieldDescriptorProto { name: Some("circle"), number: Some(3), label: Some(Optional), r#type: Some(Message), type_name: Some(".area_calculator.Circle"), extendee: None, default_value: None, oneof_index: Some(0), json_name: Some("circle"), options: None, proto3_optional: None }, FieldDescriptorProto { name: Some("triangle"), number: Some(4), label: Some(Optional), r#type: Some(Message), type_name: Some(".area_calculator.Triangle"), extendee: None, default_value: None, oneof_index: Some(0), json_name: Some("triangle"), options: None, proto3_optional: None }, FieldDescriptorProto { name: Some("parallelogram"), number: Some(5), label: Some(Optional), r#type: Some(Message), type_name: Some(".area_calculator.Parallelogram"), extendee: None, default_value: None, oneof_index: Some(0), json_name: Some("parallelogram"), options: None, proto3_optional: None }], extension: [], nested_type: [], enum_type: [], extension_range: [], oneof_decl: [OneofDescriptorProto { name: Some("shape"), options: None }], options: None, reserved_range: [], reserved_name: [] }, DescriptorProto { name: Some("Square"), field: [FieldDescriptorProto { name: Some("edge_length"), number: Some(1), label: Some(Optional), r#type: Some(Float), type_name: None, extendee: None, default_value: None, oneof_index: None, json_name: Some("edgeLength"), options: None, proto3_optional: None }], extension: [], nested_type: [], enum_type: [], extension_range: [], oneof_decl: [], options: None, reserved_range: [], reserved_name: [] }, DescriptorProto { name: Some("Rectangle"), field: [FieldDescriptorProto { name: Some("length"), number: Some(1), label: Some(Optional), r#type: Some(Float), type_name: None, extendee: None, default_value: None, oneof_index: None, json_name: Some("length"), options: None, proto3_optional: None }, FieldDescriptorProto { name: Some("width"), number: Some(2), label: Some(Optional), r#type: Some(Float), type_name: None, extendee: None, default_value: None, oneof_index: None, json_name: Some("width"), options: None, proto3_optional: None }], extension: [], nested_type: [], enum_type: [], extension_range: [], oneof_decl: [], options: None, reserved_range: [], reserved_name: [] }, DescriptorProto { name: Some("Circle"), field: [FieldDescriptorProto { name: Some("radius"), number: Some(1), label: Some(Optional), r#type: Some(Float), type_name: None, extendee: None, default_value: None, oneof_index: None, json_name: Some("radius"), options: None, proto3_optional: None }], extension: [], nested_type: [], enum_type: [], extension_range: [], oneof_decl: [], options: None, reserved_range: [], reserved_name: [] }, DescriptorProto { name: Some("Triangle"), field: [FieldDescriptorProto { name: Some("edge_a"), number: Some(1), label: Some(Optional), r#type: Some(Float), type_name: None, extendee: None, default_value: None, oneof_index: None, json_name: Some("edgeA"), options: None, proto3_optional: None }, FieldDescriptorProto { name: Some("edge_b"), number: Some(2), label: Some(Optional), r#type: Some(Float), type_name: None, extendee: None, default_value: None, oneof_index: None, json_name: Some("edgeB"), options: None, proto3_optional: None }, FieldDescriptorProto { name: Some("edge_c"), number: Some(3), label: Some(Optional), r#type: Some(Float), type_name: None, extendee: None, default_value: None, oneof_index: None, json_name: Some("edgeC"), options: None, proto3_optional: None }], extension: [], nested_type: [], enum_type: [], extension_range: [], oneof_decl: [], options: None, reserved_range: [], reserved_name: [] }, DescriptorProto { name: Some("Parallelogram"), field: [FieldDescriptorProto { name: Some("base_length"), number: Some(1), label: Some(Optional), r#type: Some(Float), type_name: None, extendee: None, default_value: None, oneof_index: None, json_name: Some("baseLength"), options: None, proto3_optional: None }, FieldDescriptorProto { name: Some("height"), number: Some(2), label: Some(Optional), r#type: Some(Float), type_name: None, extendee: None, default_value: None, oneof_index: None, json_name: Some("height"), options: None, proto3_optional: None }], extension: [], nested_type: [], enum_type: [], extension_range: [], oneof_decl: [], options: None, reserved_range: [], reserved_name: [] }, DescriptorProto { name: Some("AreaRequest"), field: [FieldDescriptorProto { name: Some("shapes"), number: Some(1), label: Some(Repeated), r#type: Some(Message), type_name: Some(".area_calculator.ShapeMessage"), extendee: None, default_value: None, oneof_index: None, json_name: Some("shapes"), options: None, proto3_optional: None }], extension: [], nested_type: [], enum_type: [], extension_range: [], oneof_decl: [], options: None, reserved_range: [], reserved_name: [] }, DescriptorProto { name: Some("AreaResponse"), field: [FieldDescriptorProto { name: Some("value"), number: Some(1), label: Some(Repeated), r#type: Some(Float), type_name: None, extendee: None, default_value: None, oneof_index: None, json_name: Some("value"), options: None, proto3_optional: None }], extension: [], nested_type: [], enum_type: [], extension_range: [], oneof_decl: [], options: None, reserved_range: [], reserved_name: [] }], enum_type: [], service: [ServiceDescriptorProto { name: Some("Calculator"), method: [MethodDescriptorProto { name: Some("calculateOne"), input_type: Some(".area_calculator.ShapeMessage"), output_type: Some(".area_calculator.AreaResponse"), options: Some(MethodOptions { deprecated: None, idempotency_level: None, uninterpreted_option: [] }), client_streaming: None, server_streaming: None }, MethodDescriptorProto { name: Some("calculateMulti"), input_type: Some(".area_calculator.AreaRequest"), output_type: Some(".area_calculator.AreaResponse"), options: Some(MethodOptions { deprecated: None, idempotency_level: None, uninterpreted_option: [] }), client_streaming: None, server_streaming: None }], options: None }], extension: [], options: Some(FileOptions { java_package: None, java_outer_classname: None, java_multiple_files: None, java_generate_equals_and_hash: None, java_string_check_utf8: None, optimize_for: None, go_package: Some("io.pact/area_calculator"), cc_generic_services: None, java_generic_services: None, py_generic_services: None, php_generic_services: Some(true), deprecated: None, cc_enable_arenas: None, objc_class_prefix: None, csharp_namespace: None, swift_prefix: None, php_class_prefix: None, php_namespace: None, php_metadata_namespace: None, ruby_package: None, uninterpreted_option: [] }), source_code_info: None, syntax: Some("proto3") }] }}, routes: {"Calculator/calculateOne": (FileDescriptorSet { file: [FileDescriptorProto { name: Some("area_calculator.proto"), package: Some("area_calculator"), dependency: [], public_dependency: [], weak_dependency: [], message_type: [DescriptorProto { name: Some("ShapeMessage"), field: [FieldDescriptorProto { name: Some("square"), number: Some(1), label: Some(Optional), r#type: Some(Message), type_name: Some(".area_calculator.Square"), extendee: None, default_value: None, oneof_index: Some(0), json_name: Some("square"), options: None, proto3_optional: None }, FieldDescriptorProto { name: Some("rectangle"), number: Some(2), label: Some(Optional), r#type: Some(Message), type_name: Some(".area_calculator.Rectangle"), extendee: None, default_value: None, oneof_index: Some(0), json_name: Some("rectangle"), options: None, proto3_optional: None }, FieldDescriptorProto { name: Some("circle"), number: Some(3), label: Some(Optional), r#type: Some(Message), type_name: Some(".area_calculator.Circle"), extendee: None, default_value: None, oneof_index: Some(0), json_name: Some("circle"), options: None, proto3_optional: None }, FieldDescriptorProto { name: Some("triangle"), number: Some(4), label: Some(Optional), r#type: Some(Message), type_name: Some(".area_calculator.Triangle"), extendee: None, default_value: None, oneof_index: Some(0), json_name: Some("triangle"), options: None, proto3_optional: None }, FieldDescriptorProto { name: Some("parallelogram"), number: Some(5), label: Some(Optional), r#type: Some(Message), type_name: Some(".area_calculator.Parallelogram"), extendee: None, default_value: None, oneof_index: Some(0), json_name: Some("parallelogram"), options: None, proto3_optional: None }], extension: [], nested_type: [], enum_type: [], extension_range: [], oneof_decl: [OneofDescriptorProto { name: Some("shape"), options: None }], options: None, reserved_range: [], reserved_name: [] }, DescriptorProto { name: Some("Square"), field: [FieldDescriptorProto { name: Some("edge_length"), number: Some(1), label: Some(Optional), r#type: Some(Float), type_name: None, extendee: None, default_value: None, oneof_index: None, json_name: Some("edgeLength"), options: None, proto3_optional: None }], extension: [], nested_type: [], enum_type: [], extension_range: [], oneof_decl: [], options: None, reserved_range: [], reserved_name: [] }, DescriptorProto { name: Some("Rectangle"), field: [FieldDescriptorProto { name: Some("length"), number: Some(1), label: Some(Optional), r#type: Some(Float), type_name: None, extendee: None, default_value: None, oneof_index: None, json_name: Some("length"), options: None, proto3_optional: None }, FieldDescriptorProto { name: Some("width"), number: Some(2), label: Some(Optional), r#type: Some(Float), type_name: None, extendee: None, default_value: None, oneof_index: None, json_name: Some("width"), options: None, proto3_optional: None }], extension: [], nested_type: [], enum_type: [], extension_range: [], oneof_decl: [], options: None, reserved_range: [], reserved_name: [] }, DescriptorProto { name: Some("Circle"), field: [FieldDescriptorProto { name: Some("radius"), number: Some(1), label: Some(Optional), r#type: Some(Float), type_name: None, extendee: None, default_value: None, oneof_index: None, json_name: Some("radius"), options: None, proto3_optional: None }], extension: [], nested_type: [], enum_type: [], extension_range: [], oneof_decl: [], options: None, reserved_range: [], reserved_name: [] }, DescriptorProto { name: Some("Triangle"), field: [FieldDescriptorProto { name: Some("edge_a"), number: Some(1), label: Some(Optional), r#type: Some(Float), type_name: None, extendee: None, default_value: None, oneof_index: None, json_name: Some("edgeA"), options: None, proto3_optional: None }, FieldDescriptorProto { name: Some("edge_b"), number: Some(2), label: Some(Optional), r#type: Some(Float), type_name: None, extendee: None, default_value: None, oneof_index: None, json_name: Some("edgeB"), options: None, proto3_optional: None }, FieldDescriptorProto { name: Some("edge_c"), number: Some(3), label: Some(Optional), r#type: Some(Float), type_name: None, extendee: None, default_value: None, oneof_index: None, json_name: Some("edgeC"), options: None, proto3_optional: None }], extension: [], nested_type: [], enum_type: [], extension_range: [], oneof_decl: [], options: None, reserved_range: [], reserved_name: [] }, DescriptorProto { name: Some("Parallelogram"), field: [FieldDescriptorProto { name: Some("base_length"), number: Some(1), label: Some(Optional), r#type: Some(Float), type_name: None, extendee: None, default_value: None, oneof_index: None, json_name: Some("baseLength"), options: None, proto3_optional: None }, FieldDescriptorProto { name: Some("height"), number: Some(2), label: Some(Optional), r#type: Some(Float), type_name: None, extendee: None, default_value: None, oneof_index: None, json_name: Some("height"), options: None, proto3_optional: None }], extension: [], nested_type: [], enum_type: [], extension_range: [], oneof_decl: [], options: None, reserved_range: [], reserved_name: [] }, DescriptorProto { name: Some("AreaRequest"), field: [FieldDescriptorProto { name: Some("shapes"), number: Some(1), label: Some(Repeated), r#type: Some(Message), type_name: Some(".area_calculator.ShapeMessage"), extendee: None, default_value: None, oneof_index: None, json_name: Some("shapes"), options: None, proto3_optional: None }], extension: [], nested_type: [], enum_type: [], extension_range: [], oneof_decl: [], options: None, reserved_range: [], reserved_name: [] }, DescriptorProto { name: Some("AreaResponse"), field: [FieldDescriptorProto { name: Some("value"), number: Some(1), label: Some(Repeated), r#type: Some(Float), type_name: None, extendee: None, default_value: None, oneof_index: None, json_name: Some("value"), options: None, proto3_optional: None }], extension: [], nested_type: [], enum_type: [], extension_range: [], oneof_decl: [], options: None, reserved_range: [], reserved_name: [] }], enum_type: [], service: [ServiceDescriptorProto { name: Some("Calculator"), method: [MethodDescriptorProto { name: Some("calculateOne"), input_type: Some(".area_calculator.ShapeMessage"), output_type: Some(".area_calculator.AreaResponse"), options: Some(MethodOptions { deprecated: None, idempotency_level: None, uninterpreted_option: [] }), client_streaming: None, server_streaming: None }, MethodDescriptorProto { name: Some("calculateMulti"), input_type: Some(".area_calculator.AreaRequest"), output_type: Some(".area_calculator.AreaResponse"), options: Some(MethodOptions { deprecated: None, idempotency_level: None, uninterpreted_option: [] }), client_streaming: None, server_streaming: None }], options: None }], extension: [], options: Some(FileOptions { java_package: None, java_outer_classname: None, java_multiple_files: None, java_generate_equals_and_hash: None, java_string_check_utf8: None, optimize_for: None, go_package: Some("io.pact/area_calculator"), cc_generic_services: None, java_generic_services: None, py_generic_services: None, php_generic_services: Some(true), deprecated: None, cc_enable_arenas: None, objc_class_prefix: None, csharp_namespace: None, swift_prefix: None, php_class_prefix: None, php_namespace: None, php_metadata_namespace: None, ruby_package: None, uninterpreted_option: [] }), source_code_info: None, syntax: Some("proto3") }] }, MethodDescriptorProto { name: Some("calculateOne"), input_type: Some(".area_calculator.ShapeMessage"), output_type: Some(".area_calculator.AreaResponse"), options: Some(MethodOptions { deprecated: None, idempotency_level: None, uninterpreted_option: [] }), client_streaming: None, server_streaming: None }, SynchronousMessage { id: None, key: Some("c7fbe3ee"), description: "calculate rectangle area request", provider_states: [], comments: {"testname": String("io.pact.example.grpc.consumer.PactConsumerTest.calculateRectangleArea(MockServer, SynchronousMessages)")}, request: MessageContents { contents: Present(b"\x12\n\r\0\0@@\x15\0\0\x80@", Some(ContentType { main_type: "application", sub_type: "protobuf", attributes: {"message": "ShapeMessage"}, suffix: None }), Some(BINARY)), metadata: {}, matching_rules: MatchingRules { rules: {BODY: MatchingRuleCategory { name: BODY, rules: {DocPath { path_tokens: [Root, Field("rectangle"), Field("length")], expr: "$.rectangle.length" }: RuleList { rules: [Number], rule_logic: And, cascaded: false }, DocPath { path_tokens: [Root, Field("rectangle"), Field("width")], expr: "$.rectangle.width" }: RuleList { rules: [Number], rule_logic: And, cascaded: false }} }} }, generators: Generators { categories: {} } }, response: [MessageContents { contents: Present(b"\r\0\0@A", Some(ContentType { main_type: "application", sub_type: "protobuf", attributes: {"message": "AreaResponse"}, suffix: None }), Some(BINARY)), metadata: {}, matching_rules: MatchingRules { rules: {BODY: MatchingRuleCategory { name: BODY, rules: {DocPath { path_tokens: [Root, Field("value")], expr: "$.value" }: RuleList { rules: [Number], rule_logic: And, cascaded: false }} }} }, generators: Generators { categories: {} } }], pending: false, plugin_config: {"protobuf": {"service": String("Calculator/calculateOne"), "descriptorKey": String("a85dff8f82655a9681aad113575dcfbb")}}, interaction_markup: InteractionMarkup { markup: "```protobuf\nmessage ShapeMessage {\n    message .area_calculator.Rectangle rectangle = 2;\n}\n```\n\n```protobuf\nmessage AreaResponse {\n    float value = 1;\n}\n```\n", markup_type: "COMMON_MARK" }, transport: None })}, server_key: "5cae5f82-fec2-43c6-9739-60d0383d84ec" } ?[3mreq?[0m?[2m=?[0mRequest { method: POST, uri: http://127.0.0.1:53791/area_calculator.Calculator/calculateOne, version: HTTP/2.0, headers: {"content-type": "application/grpc", "te": "trailers", "user-agent": "grpc-java-netty/1.49.0", "grpc-accept-encoding": "gzip"}, body: Body(Streaming) }?[1m}?[0m?[2m:?[0m?[1mmock_server_handler?[0m?[1m{?[0m?[3mkey?[0m?[2m=?[0m"5cae5f82-fec2-43c6-9739-60d0383d84ec"?[1m}?[0m?[2m:?[0m?[1mhandle_message?[0m?[1m{?[0m?[3mself?[0m?[2m=?[0mMockService { file_descriptor_set: FileDescriptorSet { file: [FileDescriptorProto { name: Some("area_calculator.proto"), package: Some("area_calculator"), dependency: [], public_dependency: [], weak_dependency: [], message_type: [DescriptorProto { name: Some("ShapeMessage"), field: [FieldDescriptorProto { name: Some("square"), number: Some(1), label: Some(Optional), r#type: Some(Message), type_name: Some(".area_calculator.Square"), extendee: None, default_value: None, oneof_index: Some(0), json_name: Some("square"), options: None, proto3_optional: None }, FieldDescriptorProto { name: Some("rectangle"), number: Some(2), label: Some(Optional), r#type: Some(Message), type_name: Some(".area_calculator.Rectangle"), extendee: None, default_value: None, oneof_index: Some(0), json_name: Some("rectangle"), options: None, proto3_optional: None }, FieldDescriptorProto { name: Some("circle"), number: Some(3), label: Some(Optional), r#type: Some(Message), type_name: Some(".area_calculator.Circle"), extendee: None, default_value: None, oneof_index: Some(0), json_name: Some("circle"), options: None, proto3_optional: None }, FieldDescriptorProto { name: Some("triangle"), number: Some(4), label: Some(Optional), r#type: Some(Message), type_name: Some(".area_calculator.Triangle"), extendee: None, default_value: None, oneof_index: Some(0), json_name: Some("triangle"), options: None, proto3_optional: None }, FieldDescriptorProto { name: Some("parallelogram"), number: Some(5), label: Some(Optional), r#type: Some(Message), type_name: Some(".area_calculator.Parallelogram"), extendee: None, default_value: None, oneof_index: Some(0), json_name: Some("parallelogram"), options: None, proto3_optional: None }], extension: [], nested_type: [], enum_type: [], extension_range: [], oneof_decl: [OneofDescriptorProto { name: Some("shape"), options: None }], options: None, reserved_range: [], reserved_name: [] }, DescriptorProto { name: Some("Square"), field: [FieldDescriptorProto { name: Some("edge_length"), number: Some(1), label: Some(Optional), r#type: Some(Float), type_name: None, extendee: None, default_value: None, oneof_index: None, json_name: Some("edgeLength"), options: None, proto3_optional: None }], extension: [], nested_type: [], enum_type: [], extension_range: [], oneof_decl: [], options: None, reserved_range: [], reserved_name: [] }, DescriptorProto { name: Some("Rectangle"), field: [FieldDescriptorProto { name: Some("length"), number: Some(1), label: Some(Optional), r#type: Some(Float), type_name: None, extendee: None, default_value: None, oneof_index: None, json_name: Some("length"), options: None, proto3_optional: None }, FieldDescriptorProto { name: Some("width"), number: Some(2), label: Some(Optional), r#type: Some(Float), type_name: None, extendee: None, default_value: None, oneof_index: None, json_name: Some("width"), options: None, proto3_optional: None }], extension: [], nested_type: [], enum_type: [], extension_range: [], oneof_decl: [], options: None, reserved_range: [], reserved_name: [] }, DescriptorProto { name: Some("Circle"), field: [FieldDescriptorProto { name: Some("radius"), number: Some(1), label: Some(Optional), r#type: Some(Float), type_name: None, extendee: None, default_value: None, oneof_index: None, json_name: Some("radius"), options: None, proto3_optional: None }], extension: [], nested_type: [], enum_type: [], extension_range: [], oneof_decl: [], options: None, reserved_range: [], reserved_name: [] }, DescriptorProto { name: Some("Triangle"), field: [FieldDescriptorProto { name: Some("edge_a"), number: Some(1), label: Some(Optional), r#type: Some(Float), type_name: None, extendee: None, default_value: None, oneof_index: None, json_name: Some("edgeA"), options: None, proto3_optional: None }, FieldDescriptorProto { name: Some("edge_b"), number: Some(2), label: Some(Optional), r#type: Some(Float), type_name: None, extendee: None, default_value: None, oneof_index: None, json_name: Some("edgeB"), options: None, proto3_optional: None }, FieldDescriptorProto { name: Some("edge_c"), number: Some(3), label: Some(Optional), r#type: Some(Float), type_name: None, extendee: None, default_value: None, oneof_index: None, json_name: Some("edgeC"), options: None, proto3_optional: None }], extension: [], nested_type: [], enum_type: [], extension_range: [], oneof_decl: [], options: None, reserved_range: [], reserved_name: [] }, DescriptorProto { name: Some("Parallelogram"), field: [FieldDescriptorProto { name: Some("base_length"), number: Some(1), label: Some(Optional), r#type: Some(Float), type_name: None, extendee: None, default_value: None, oneof_index: None, json_name: Some("baseLength"), options: None, proto3_optional: None }, FieldDescriptorProto { name: Some("height"), number: Some(2), label: Some(Optional), r#type: Some(Float), type_name: None, extendee: None, default_value: None, oneof_index: None, json_name: Some("height"), options: None, proto3_optional: None }], extension: [], nested_type: [], enum_type: [], extension_range: [], oneof_decl: [], options: None, reserved_range: [], reserved_name: [] }, DescriptorProto { name: Some("AreaRequest"), field: [FieldDescriptorProto { name: Some("shapes"), number: Some(1), label: Some(Repeated), r#type: Some(Message), type_name: Some(".area_calculator.ShapeMessage"), extendee: None, default_value: None, oneof_index: None, json_name: Some("shapes"), options: None, proto3_optional: None }], extension: [], nested_type: [], enum_type: [], extension_range: [], oneof_decl: [], options: None, reserved_range: [], reserved_name: [] }, DescriptorProto { name: Some("AreaResponse"), field: [FieldDescriptorProto { name: Some("value"), number: Some(1), label: Some(Repeated), r#type: Some(Float), type_name: None, extendee: None, default_value: None, oneof_index: None, json_name: Some("value"), options: None, proto3_optional: None }], extension: [], nested_type: [], enum_type: [], extension_range: [], oneof_decl: [], options: None, reserved_range: [], reserved_name: [] }], enum_type: [], service: [ServiceDescriptorProto { name: Some("Calculator"), method: [MethodDescriptorProto { name: Some("calculateOne"), input_type: Some(".area_calculator.ShapeMessage"), output_type: Some(".area_calculator.AreaResponse"), options: Some(MethodOptions { deprecated: None, idempotency_level: None, uninterpreted_option: [] }), client_streaming: None, server_streaming: None }, MethodDescriptorProto { name: Some("calculateMulti"), input_type: Some(".area_calculator.AreaRequest"), output_type: Some(".area_calculator.AreaResponse"), options: Some(MethodOptions { deprecated: None, idempotency_level: None, uninterpreted_option: [] }), client_streaming: None, server_streaming: None }], options: None }], extension: [], options: Some(FileOptions { java_package: None, java_outer_classname: None, java_multiple_files: None, java_generate_equals_and_hash: None, java_string_check_utf8: None, optimize_for: None, go_package: Some("io.pact/area_calculator"), cc_generic_services: None, java_generic_services: None, py_generic_services: None, php_generic_services: Some(true), deprecated: None, cc_enable_arenas: None, objc_class_prefix: None, csharp_namespace: None, swift_prefix: None, php_class_prefix: None, php_namespace: None, php_metadata_namespace: None, ruby_package: None, uninterpreted_option: [] }), source_code_info: None, syntax: Some("proto3") }] }, service_name: "Calculator", message: SynchronousMessage { id: None, key: Some("c7fbe3ee"), description: "calculate rectangle area request", provider_states: [], comments: {"testname": String("io.pact.example.grpc.consumer.PactConsumerTest.calculateRectangleArea(MockServer, SynchronousMessages)")}, request: MessageContents { contents: Present(b"\x12\n\r\0\0@@\x15\0\0\x80@", Some(ContentType { main_type: "application", sub_type: "protobuf", attributes: {"message": "ShapeMessage"}, suffix: None }), Some(BINARY)), metadata: {}, matching_rules: MatchingRules { rules: {BODY: MatchingRuleCategory { name: BODY, rules: {DocPath { path_tokens: [Root, Field("rectangle"), Field("length")], expr: "$.rectangle.length" }: RuleList { rules: [Number], rule_logic: And, cascaded: false }, DocPath { path_tokens: [Root, Field("rectangle"), Field("width")], expr: "$.rectangle.width" }: RuleList { rules: [Number], rule_logic: And, cascaded: false }} }} }, generators: Generators { categories: {} } }, response: [MessageContents { contents: Present(b"\r\0\0@A", Some(ContentType { main_type: "application", sub_type: "protobuf", attributes: {"message": "AreaResponse"}, suffix: None }), Some(BINARY)), metadata: {}, matching_rules: MatchingRules { rules: {BODY: MatchingRuleCategory { name: BODY, rules: {DocPath { path_tokens: [Root, Field("value")], expr: "$.value" }: RuleList { rules: [Number], rule_logic: And, cascaded: false }} }} }, generators: Generators { categories: {} } }], pending: false, plugin_config: {"protobuf": {"service": String("Calculator/calculateOne"), "descriptorKey": String("a85dff8f82655a9681aad113575dcfbb")}}, interaction_markup: InteractionMarkup { markup: "```protobuf\nmessage ShapeMessage {\n    message .area_calculator.Rectangle rectangle = 2;\n}\n```\n\n```protobuf\nmessage AreaResponse {\n    float value = 1;\n}\n```\n", markup_type: "COMMON_MARK" }, transport: None }, method_descriptor: MethodDescriptorProto { name: Some("calculateOne"), input_type: Some(".area_calculator.ShapeMessage"), output_type: Some(".area_calculator.AreaResponse"), options: Some(MethodOptions { deprecated: None, idempotency_level: None, uninterpreted_option: [] }), client_streaming: None, server_streaming: None }, input_message: DescriptorProto { name: Some("ShapeMessage"), field: [FieldDescriptorProto { name: Some("square"), number: Some(1), label: Some(Optional), r#type: Some(Message), type_name: Some(".area_calculator.Square"), extendee: None, default_value: None, oneof_index: Some(0), json_name: Some("square"), options: None, proto3_optional: None }, FieldDescriptorProto { name: Some("rectangle"), number: Some(2), label: Some(Optional), r#type: Some(Message), type_name: Some(".area_calculator.Rectangle"), extendee: None, default_value: None, oneof_index: Some(0), json_name: Some("rectangle"), options: None, proto3_optional: None }, FieldDescriptorProto { name: Some("circle"), number: Some(3), label: Some(Optional), r#type: Some(Message), type_name: Some(".area_calculator.Circle"), extendee: None, default_value: None, oneof_index: Some(0), json_name: Some("circle"), options: None, proto3_optional: None }, FieldDescriptorProto { name: Some("triangle"), number: Some(4), label: Some(Optional), r#type: Some(Message), type_name: Some(".area_calculator.Triangle"), extendee: None, default_value: None, oneof_index: Some(0), json_name: Some("triangle"), options: None, proto3_optional: None }, FieldDescriptorProto { name: Some("parallelogram"), number: Some(5), label: Some(Optional), r#type: Some(Message), type_name: Some(".area_calculator.Parallelogram"), extendee: None, default_value: None, oneof_index: Some(0), json_name: Some("parallelogram"), options: None, proto3_optional: None }], extension: [], nested_type: [], enum_type: [], extension_range: [], oneof_decl: [OneofDescriptorProto { name: Some("shape"), options: None }], options: None, reserved_range: [], reserved_name: [] }, output_message: DescriptorProto { name: Some("AreaResponse"), field: [FieldDescriptorProto { name: Some("value"), number: Some(1), label: Some(Repeated), r#type: Some(Float), type_name: None, extendee: None, default_value: None, oneof_index: None, json_name: Some("value"), options: None, proto3_optional: None }], extension: [], nested_type: [], enum_type: [], extension_range: [], oneof_decl: [], options: None, reserved_range: [], reserved_name: [] }, server_key: "5cae5f82-fec2-43c6-9739-60d0383d84ec" } ?[3mrequest?[0m?[2m=?[0mDynamicMessage { descriptor: DescriptorProto { name: Some("ShapeMessage"), field: [FieldDescriptorProto { name: Some("square"), number: Some(1), label: Some(Optional), r#type: Some(Message), type_name: Some(".area_calculator.Square"), extendee: None, default_value: None, oneof_index: Some(0), json_name: Some("square"), options: None, proto3_optional: None }, FieldDescriptorProto { name: Some("rectangle"), number: Some(2), label: Some(Optional), r#type: Some(Message), type_name: Some(".area_calculator.Rectangle"), extendee: None, default_value: None, oneof_index: Some(0), json_name: Some("rectangle"), options: None, proto3_optional: None }, FieldDescriptorProto { name: Some("circle"), number: Some(3), label: Some(Optional), r#type: Some(Message), type_name: Some(".area_calculator.Circle"), extendee: None, default_value: None, oneof_index: Some(0), json_name: Some("circle"), options: None, proto3_optional: None }, FieldDescriptorProto { name: Some("triangle"), number: Some(4), label: Some(Optional), r#type: Some(Message), type_name: Some(".area_calculator.Triangle"), extendee: None, default_value: None, oneof_index: Some(0), json_name: Some("triangle"), options: None, proto3_optional: None }, FieldDescriptorProto { name: Some("parallelogram"), number: Some(5), label: Some(Optional), r#type: Some(Message), type_name: Some(".area_calculator.Parallelogram"), extendee: None, default_value: None, oneof_index: Some(0), json_name: Some("parallelogram"), options: None, proto3_optional: None }], extension: [], nested_type: [], enum_type: [], extension_range: [], oneof_decl: [OneofDescriptorProto { name: Some("shape"), options: None }], options: None, reserved_range: [], reserved_name: [] }, fields: [ProtobufField { field_num: 2, wire_type: LengthDelimited, data: Message([13, 0, 0, 64, 64, 21, 0, 0, 128, 64], DescriptorProto { name: Some("Rectangle"), field: [FieldDescriptorProto { name: Some("length"), number: Some(1), label: Some(Optional), r#type: Some(Float), type_name: None, extendee: None, default_value: None, oneof_index: None, json_name: Some("length"), options: None, proto3_optional: None }, FieldDescriptorProto { name: Some("width"), number: Some(2), label: Some(Optional), r#type: Some(Float), type_name: None, extendee: None, default_value: None, oneof_index: None, json_name: Some("width"), options: None, proto3_optional: None }], extension: [], nested_type: [], enum_type: [], extension_range: [], oneof_decl: [], options: None, reserved_range: [], reserved_name: [] }) }] } ?[3mmessage_descriptor?[0m?[2m=?[0mDescriptorProto { name: Some("ShapeMessage"), field: [FieldDescriptorProto { name: Some("square"), number: Some(1), label: Some(Optional), r#type: Some(Message), type_name: Some(".area_calculator.Square"), extendee: None, default_value: None, oneof_index: Some(0), json_name: Some("square"), options: None, proto3_optional: None }, FieldDescriptorProto { name: Some("rectangle"), number: Some(2), label: Some(Optional), r#type: Some(Message), type_name: Some(".area_calculator.Rectangle"), extendee: None, default_value: None, oneof_index: Some(0), json_name: Some("rectangle"), options: None, proto3_optional: None }, FieldDescriptorProto { name: Some("circle"), number: Some(3), label: Some(Optional), r#type: Some(Message), type_name: Some(".area_calculator.Circle"), extendee: None, default_value: None, oneof_index: Some(0), json_name: Some("circle"), options: None, proto3_optional: None }, FieldDescriptorProto { name: Some("triangle"), number: Some(4), label: Some(Optional), r#type: Some(Message), type_name: Some(".area_calculator.Triangle"), extendee: None, default_value: None, oneof_index: Some(0), json_name: Some("triangle"), options: None, proto3_optional: None }, FieldDescriptorProto { name: Some("parallelogram"), number: Some(5), label: Some(Optional), r#type: Some(Message), type_name: Some(".area_calculator.Parallelogram"), extendee: None, default_value: None, oneof_index: Some(0), json_name: Some("parallelogram"), options: None, proto3_optional: None }], extension: [], nested_type: [], enum_type: [], extension_range: [], oneof_decl: [OneofDescriptorProto { name: Some("shape"), options: None }], options: None, reserved_range: [], reserved_name: [] } ?[3mresponse_descriptor?[0m?[2m=?[0mDescriptorProto { name: Some("AreaResponse"), field: [FieldDescriptorProto { name: Some("value"), number: Some(1), label: Some(Repeated), r#type: Some(Float), type_name: None, extendee: None, default_value: None, oneof_index: None, json_name: Some("value"), options: None, proto3_optional: None }], extension: [], nested_type: [], enum_type: [], extension_range: [], oneof_decl: [], options: None, reserved_range: [], reserved_name: [] }?[1m}?[0m?[2m:?[0m ?[2mpact_protobuf_plugin::matching?[0m?[2m:?[0m compare_value: Matcher defined for path '$.rectangle.width' and values 4.0 -> 4.0
15:05:16.544 [Thread-5] DEBUG i.pact.plugins.jvm.core.ChildProcess - Plugin protobuf [46038] || ?[2m2023-03-27T09:35:16.543282Z?[0m ?[35mTRACE?[0m tokio-runtime-worker ?[1mrequest?[0m?[1m{?[0m?[3mmethod?[0m?[2m=?[0mPOST ?[3muri?[0m?[2m=?[0mhttp://127.0.0.1:53791/area_calculator.Calculator/calculateOne ?[3mversion?[0m?[2m=?[0mHTTP/2.0?[1m}?[0m?[2m:?[0m?[1mcall?[0m?[1m{?[0m?[3mself?[0m?[2m=?[0mGrpcMockServer { pact: V4Pact { consumer: Consumer { name: "grpc-consumer-jvm" }, provider: Provider { name: "area-calculator-provider" }, interactions: [SynchronousMessage { id: None, key: Some("c7fbe3ee"), description: "calculate rectangle area request", provider_states: [], comments: {"testname": String("io.pact.example.grpc.consumer.PactConsumerTest.calculateRectangleArea(MockServer, SynchronousMessages)")}, request: MessageContents { contents: Present(b"\x12\n\r\0\0@@\x15\0\0\x80@", Some(ContentType { main_type: "application", sub_type: "protobuf", attributes: {"message": "ShapeMessage"}, suffix: None }), Some(BINARY)), metadata: {}, matching_rules: MatchingRules { rules: {BODY: MatchingRuleCategory { name: BODY, rules: {DocPath { path_tokens: [Root, Field("rectangle"), Field("length")], expr: "$.rectangle.length" }: RuleList { rules: [Number], rule_logic: And, cascaded: false }, DocPath { path_tokens: [Root, Field("rectangle"), Field("width")], expr: "$.rectangle.width" }: RuleList { rules: [Number], rule_logic: And, cascaded: false }} }} }, generators: Generators { categories: {} } }, response: [MessageContents { contents: Present(b"\r\0\0@A", Some(ContentType { main_type: "application", sub_type: "protobuf", attributes: {"message": "AreaResponse"}, suffix: None }), Some(BINARY)), metadata: {}, matching_rules: MatchingRules { rules: {BODY: MatchingRuleCategory { name: BODY, rules: {DocPath { path_tokens: [Root, Field("value")], expr: "$.value" }: RuleList { rules: [Number], rule_logic: And, cascaded: false }} }} }, generators: Generators { categories: {} } }], pending: false, plugin_config: {"protobuf": {"service": String("Calculator/calculateOne"), "descriptorKey": String("a85dff8f82655a9681aad113575dcfbb")}}, interaction_markup: InteractionMarkup { markup: "```protobuf\nmessage ShapeMessage {\n    message .area_calculator.Rectangle rectangle = 2;\n}\n```\n\n```protobuf\nmessage AreaResponse {\n    float value = 1;\n}\n```\n", markup_type: "COMMON_MARK" }, transport: None }], metadata: {"pact-jvm": Object({"version": String("4.4.2")}), "pactSpecification": Object({"version": String("4.0")})}, plugin_data: [PluginData { name: "protobuf", version: "0.1.5", configuration: {"a85dff8f82655a9681aad113575dcfbb": Object({"protoDescriptors": String("CsoHChVhcmVhX2NhbGN1bGF0b3IucHJvdG8SD2FyZWFfY2FsY3VsYXRvciK6AgoMU2hhcGVNZXNzYWdlEjEKBnNxdWFyZRgBIAEoCzIXLmFyZWFfY2FsY3VsYXRvci5TcXVhcmVIAFIGc3F1YXJlEjoKCXJlY3RhbmdsZRgCIAEoCzIaLmFyZWFfY2FsY3VsYXRvci5SZWN0YW5nbGVIAFIJcmVjdGFuZ2xlEjEKBmNpcmNsZRgDIAEoCzIXLmFyZWFfY2FsY3VsYXRvci5DaXJjbGVIAFIGY2lyY2xlEjcKCHRyaWFuZ2xlGAQgASgLMhkuYXJlYV9jYWxjdWxhdG9yLlRyaWFuZ2xlSABSCHRyaWFuZ2xlEkYKDXBhcmFsbGVsb2dyYW0YBSABKAsyHi5hcmVhX2NhbGN1bGF0b3IuUGFyYWxsZWxvZ3JhbUgAUg1wYXJhbGxlbG9ncmFtQgcKBXNoYXBlIikKBlNxdWFyZRIfCgtlZGdlX2xlbmd0aBgBIAEoAlIKZWRnZUxlbmd0aCI5CglSZWN0YW5nbGUSFgoGbGVuZ3RoGAEgASgCUgZsZW5ndGgSFAoFd2lkdGgYAiABKAJSBXdpZHRoIiAKBkNpcmNsZRIWCgZyYWRpdXMYASABKAJSBnJhZGl1cyJPCghUcmlhbmdsZRIVCgZlZGdlX2EYASABKAJSBWVkZ2VBEhUKBmVkZ2VfYhgCIAEoAlIFZWRnZUISFQoGZWRnZV9jGAMgASgCUgVlZGdlQyJICg1QYXJhbGxlbG9ncmFtEh8KC2Jhc2VfbGVuZ3RoGAEgASgCUgpiYXNlTGVuZ3RoEhYKBmhlaWdodBgCIAEoAlIGaGVpZ2h0IkQKC0FyZWFSZXF1ZXN0EjUKBnNoYXBlcxgBIAMoCzIdLmFyZWFfY2FsY3VsYXRvci5TaGFwZU1lc3NhZ2VSBnNoYXBlcyIkCgxBcmVhUmVzcG9uc2USFAoFdmFsdWUYASADKAJSBXZhbHVlMq0BCgpDYWxjdWxhdG9yEk4KDGNhbGN1bGF0ZU9uZRIdLmFyZWFfY2FsY3VsYXRvci5TaGFwZU1lc3NhZ2UaHS5hcmVhX2NhbGN1bGF0b3IuQXJlYVJlc3BvbnNlIgASTwoOY2FsY3VsYXRlTXVsdGkSHC5hcmVhX2NhbGN1bGF0b3IuQXJlYVJlcXVlc3QaHS5hcmVhX2NhbGN1bGF0b3IuQXJlYVJlc3BvbnNlIgBCHFoXaW8ucGFjdC9hcmVhX2NhbGN1bGF0b3LQAgFiBnByb3RvMw=="), "protoFile": String("syntax = \"proto3\";\n\npackage area_calculator;\n\noption php_generic_services = true;\noption go_package = \"io.pact/area_calculator\";\n\nservice Calculator {\n  rpc calculateOne (ShapeMessage) returns (AreaResponse) {}\n  rpc calculateMulti (AreaRequest) returns (AreaResponse) {}\n}\n\nmessage ShapeMessage {\n  oneof shape {\n    Square square = 1;\n    Rectangle rectangle = 2;\n    Circle circle = 3;\n    Triangle triangle = 4;\n    Parallelogram parallelogram = 5;\n  }\n}\n\nmessage Square {\n  float edge_length = 1;\n}\n\nmessage Rectangle {\n  float length = 1;\n  float width = 2;\n}\n\nmessage Circle {\n  float radius = 1;\n}\n\nmessage Triangle {\n  float edge_a = 1;\n  float edge_b = 2;\n  float edge_c = 3;\n}\n\nmessage Parallelogram {\n  float base_length = 1;\n  float height = 2;\n}\n\nmessage AreaRequest {\n  repeated ShapeMessage shapes = 1;\n}\n\nmessage AreaResponse {\n  repeated float value = 1;\n}\n")})} }] }, plugin_config: PluginData { name: "protobuf", version: "0.1.5", configuration: {"a85dff8f82655a9681aad113575dcfbb": Object({"protoDescriptors": String("CsoHChVhcmVhX2NhbGN1bGF0b3IucHJvdG8SD2FyZWFfY2FsY3VsYXRvciK6AgoMU2hhcGVNZXNzYWdlEjEKBnNxdWFyZRgBIAEoCzIXLmFyZWFfY2FsY3VsYXRvci5TcXVhcmVIAFIGc3F1YXJlEjoKCXJlY3RhbmdsZRgCIAEoCzIaLmFyZWFfY2FsY3VsYXRvci5SZWN0YW5nbGVIAFIJcmVjdGFuZ2xlEjEKBmNpcmNsZRgDIAEoCzIXLmFyZWFfY2FsY3VsYXRvci5DaXJjbGVIAFIGY2lyY2xlEjcKCHRyaWFuZ2xlGAQgASgLMhkuYXJlYV9jYWxjdWxhdG9yLlRyaWFuZ2xlSABSCHRyaWFuZ2xlEkYKDXBhcmFsbGVsb2dyYW0YBSABKAsyHi5hcmVhX2NhbGN1bGF0b3IuUGFyYWxsZWxvZ3JhbUgAUg1wYXJhbGxlbG9ncmFtQgcKBXNoYXBlIikKBlNxdWFyZRIfCgtlZGdlX2xlbmd0aBgBIAEoAlIKZWRnZUxlbmd0aCI5CglSZWN0YW5nbGUSFgoGbGVuZ3RoGAEgASgCUgZsZW5ndGgSFAoFd2lkdGgYAiABKAJSBXdpZHRoIiAKBkNpcmNsZRIWCgZyYWRpdXMYASABKAJSBnJhZGl1cyJPCghUcmlhbmdsZRIVCgZlZGdlX2EYASABKAJSBWVkZ2VBEhUKBmVkZ2VfYhgCIAEoAlIFZWRnZUISFQoGZWRnZV9jGAMgASgCUgVlZGdlQyJICg1QYXJhbGxlbG9ncmFtEh8KC2Jhc2VfbGVuZ3RoGAEgASgCUgpiYXNlTGVuZ3RoEhYKBmhlaWdodBgCIAEoAlIGaGVpZ2h0IkQKC0FyZWFSZXF1ZXN0EjUKBnNoYXBlcxgBIAMoCzIdLmFyZWFfY2FsY3VsYXRvci5TaGFwZU1lc3NhZ2VSBnNoYXBlcyIkCgxBcmVhUmVzcG9uc2USFAoFdmFsdWUYASADKAJSBXZhbHVlMq0BCgpDYWxjdWxhdG9yEk4KDGNhbGN1bGF0ZU9uZRIdLmFyZWFfY2FsY3VsYXRvci5TaGFwZU1lc3NhZ2UaHS5hcmVhX2NhbGN1bGF0b3IuQXJlYVJlc3BvbnNlIgASTwoOY2FsY3VsYXRlTXVsdGkSHC5hcmVhX2NhbGN1bGF0b3IuQXJlYVJlcXVlc3QaHS5hcmVhX2NhbGN1bGF0b3IuQXJlYVJlc3BvbnNlIgBCHFoXaW8ucGFjdC9hcmVhX2NhbGN1bGF0b3LQAgFiBnByb3RvMw=="), "protoFile": String("syntax = \"proto3\";\n\npackage area_calculator;\n\noption php_generic_services = true;\noption go_package = \"io.pact/area_calculator\";\n\nservice Calculator {\n  rpc calculateOne (ShapeMessage) returns (AreaResponse) {}\n  rpc calculateMulti (AreaRequest) returns (AreaResponse) {}\n}\n\nmessage ShapeMessage {\n  oneof shape {\n    Square square = 1;\n    Rectangle rectangle = 2;\n    Circle circle = 3;\n    Triangle triangle = 4;\n    Parallelogram parallelogram = 5;\n  }\n}\n\nmessage Square {\n  float edge_length = 1;\n}\n\nmessage Rectangle {\n  float length = 1;\n  float width = 2;\n}\n\nmessage Circle {\n  float radius = 1;\n}\n\nmessage Triangle {\n  float edge_a = 1;\n  float edge_b = 2;\n  float edge_c = 3;\n}\n\nmessage Parallelogram {\n  float base_length = 1;\n  float height = 2;\n}\n\nmessage AreaRequest {\n  repeated ShapeMessage shapes = 1;\n}\n\nmessage AreaResponse {\n  repeated float value = 1;\n}\n")})} }, descriptors: {"a85dff8f82655a9681aad113575dcfbb": FileDescriptorSet { file: [FileDescriptorProto { name: Some("area_calculator.proto"), package: Some("area_calculator"), dependency: [], public_dependency: [], weak_dependency: [], message_type: [DescriptorProto { name: Some("ShapeMessage"), field: [FieldDescriptorProto { name: Some("square"), number: Some(1), label: Some(Optional), r#type: Some(Message), type_name: Some(".area_calculator.Square"), extendee: None, default_value: None, oneof_index: Some(0), json_name: Some("square"), options: None, proto3_optional: None }, FieldDescriptorProto { name: Some("rectangle"), number: Some(2), label: Some(Optional), r#type: Some(Message), type_name: Some(".area_calculator.Rectangle"), extendee: None, default_value: None, oneof_index: Some(0), json_name: Some("rectangle"), options: None, proto3_optional: None }, FieldDescriptorProto { name: Some("circle"), number: Some(3), label: Some(Optional), r#type: Some(Message), type_name: Some(".area_calculator.Circle"), extendee: None, default_value: None, oneof_index: Some(0), json_name: Some("circle"), options: None, proto3_optional: None }, FieldDescriptorProto { name: Some("triangle"), number: Some(4), label: Some(Optional), r#type: Some(Message), type_name: Some(".area_calculator.Triangle"), extendee: None, default_value: None, oneof_index: Some(0), json_name: Some("triangle"), options: None, proto3_optional: None }, FieldDescriptorProto { name: Some("parallelogram"), number: Some(5), label: Some(Optional), r#type: Some(Message), type_name: Some(".area_calculator.Parallelogram"), extendee: None, default_value: None, oneof_index: Some(0), json_name: Some("parallelogram"), options: None, proto3_optional: None }], extension: [], nested_type: [], enum_type: [], extension_range: [], oneof_decl: [OneofDescriptorProto { name: Some("shape"), options: None }], options: None, reserved_range: [], reserved_name: [] }, DescriptorProto { name: Some("Square"), field: [FieldDescriptorProto { name: Some("edge_length"), number: Some(1), label: Some(Optional), r#type: Some(Float), type_name: None, extendee: None, default_value: None, oneof_index: None, json_name: Some("edgeLength"), options: None, proto3_optional: None }], extension: [], nested_type: [], enum_type: [], extension_range: [], oneof_decl: [], options: None, reserved_range: [], reserved_name: [] }, DescriptorProto { name: Some("Rectangle"), field: [FieldDescriptorProto { name: Some("length"), number: Some(1), label: Some(Optional), r#type: Some(Float), type_name: None, extendee: None, default_value: None, oneof_index: None, json_name: Some("length"), options: None, proto3_optional: None }, FieldDescriptorProto { name: Some("width"), number: Some(2), label: Some(Optional), r#type: Some(Float), type_name: None, extendee: None, default_value: None, oneof_index: None, json_name: Some("width"), options: None, proto3_optional: None }], extension: [], nested_type: [], enum_type: [], extension_range: [], oneof_decl: [], options: None, reserved_range: [], reserved_name: [] }, DescriptorProto { name: Some("Circle"), field: [FieldDescriptorProto { name: Some("radius"), number: Some(1), label: Some(Optional), r#type: Some(Float), type_name: None, extendee: None, default_value: None, oneof_index: None, json_name: Some("radius"), options: None, proto3_optional: None }], extension: [], nested_type: [], enum_type: [], extension_range: [], oneof_decl: [], options: None, reserved_range: [], reserved_name: [] }, DescriptorProto { name: Some("Triangle"), field: [FieldDescriptorProto { name: Some("edge_a"), number: Some(1), label: Some(Optional), r#type: Some(Float), type_name: None, extendee: None, default_value: None, oneof_index: None, json_name: Some("edgeA"), options: None, proto3_optional: None }, FieldDescriptorProto { name: Some("edge_b"), number: Some(2), label: Some(Optional), r#type: Some(Float), type_name: None, extendee: None, default_value: None, oneof_index: None, json_name: Some("edgeB"), options: None, proto3_optional: None }, FieldDescriptorProto { name: Some("edge_c"), number: Some(3), label: Some(Optional), r#type: Some(Float), type_name: None, extendee: None, default_value: None, oneof_index: None, json_name: Some("edgeC"), options: None, proto3_optional: None }], extension: [], nested_type: [], enum_type: [], extension_range: [], oneof_decl: [], options: None, reserved_range: [], reserved_name: [] }, DescriptorProto { name: Some("Parallelogram"), field: [FieldDescriptorProto { name: Some("base_length"), number: Some(1), label: Some(Optional), r#type: Some(Float), type_name: None, extendee: None, default_value: None, oneof_index: None, json_name: Some("baseLength"), options: None, proto3_optional: None }, FieldDescriptorProto { name: Some("height"), number: Some(2), label: Some(Optional), r#type: Some(Float), type_name: None, extendee: None, default_value: None, oneof_index: None, json_name: Some("height"), options: None, proto3_optional: None }], extension: [], nested_type: [], enum_type: [], extension_range: [], oneof_decl: [], options: None, reserved_range: [], reserved_name: [] }, DescriptorProto { name: Some("AreaRequest"), field: [FieldDescriptorProto { name: Some("shapes"), number: Some(1), label: Some(Repeated), r#type: Some(Message), type_name: Some(".area_calculator.ShapeMessage"), extendee: None, default_value: None, oneof_index: None, json_name: Some("shapes"), options: None, proto3_optional: None }], extension: [], nested_type: [], enum_type: [], extension_range: [], oneof_decl: [], options: None, reserved_range: [], reserved_name: [] }, DescriptorProto { name: Some("AreaResponse"), field: [FieldDescriptorProto { name: Some("value"), number: Some(1), label: Some(Repeated), r#type: Some(Float), type_name: None, extendee: None, default_value: None, oneof_index: None, json_name: Some("value"), options: None, proto3_optional: None }], extension: [], nested_type: [], enum_type: [], extension_range: [], oneof_decl: [], options: None, reserved_range: [], reserved_name: [] }], enum_type: [], service: [ServiceDescriptorProto { name: Some("Calculator"), method: [MethodDescriptorProto { name: Some("calculateOne"), input_type: Some(".area_calculator.ShapeMessage"), output_type: Some(".area_calculator.AreaResponse"), options: Some(MethodOptions { deprecated: None, idempotency_level: None, uninterpreted_option: [] }), client_streaming: None, server_streaming: None }, MethodDescriptorProto { name: Some("calculateMulti"), input_type: Some(".area_calculator.AreaRequest"), output_type: Some(".area_calculator.AreaResponse"), options: Some(MethodOptions { deprecated: None, idempotency_level: None, uninterpreted_option: [] }), client_streaming: None, server_streaming: None }], options: None }], extension: [], options: Some(FileOptions { java_package: None, java_outer_classname: None, java_multiple_files: None, java_generate_equals_and_hash: None, java_string_check_utf8: None, optimize_for: None, go_package: Some("io.pact/area_calculator"), cc_generic_services: None, java_generic_services: None, py_generic_services: None, php_generic_services: Some(true), deprecated: None, cc_enable_arenas: None, objc_class_prefix: None, csharp_namespace: None, swift_prefix: None, php_class_prefix: None, php_namespace: None, php_metadata_namespace: None, ruby_package: None, uninterpreted_option: [] }), source_code_info: None, syntax: Some("proto3") }] }}, routes: {"Calculator/calculateOne": (FileDescriptorSet { file: [FileDescriptorProto { name: Some("area_calculator.proto"), package: Some("area_calculator"), dependency: [], public_dependency: [], weak_dependency: [], message_type: [DescriptorProto { name: Some("ShapeMessage"), field: [FieldDescriptorProto { name: Some("square"), number: Some(1), label: Some(Optional), r#type: Some(Message), type_name: Some(".area_calculator.Square"), extendee: None, default_value: None, oneof_index: Some(0), json_name: Some("square"), options: None, proto3_optional: None }, FieldDescriptorProto { name: Some("rectangle"), number: Some(2), label: Some(Optional), r#type: Some(Message), type_name: Some(".area_calculator.Rectangle"), extendee: None, default_value: None, oneof_index: Some(0), json_name: Some("rectangle"), options: None, proto3_optional: None }, FieldDescriptorProto { name: Some("circle"), number: Some(3), label: Some(Optional), r#type: Some(Message), type_name: Some(".area_calculator.Circle"), extendee: None, default_value: None, oneof_index: Some(0), json_name: Some("circle"), options: None, proto3_optional: None }, FieldDescriptorProto { name: Some("triangle"), number: Some(4), label: Some(Optional), r#type: Some(Message), type_name: Some(".area_calculator.Triangle"), extendee: None, default_value: None, oneof_index: Some(0), json_name: Some("triangle"), options: None, proto3_optional: None }, FieldDescriptorProto { name: Some("parallelogram"), number: Some(5), label: Some(Optional), r#type: Some(Message), type_name: Some(".area_calculator.Parallelogram"), extendee: None, default_value: None, oneof_index: Some(0), json_name: Some("parallelogram"), options: None, proto3_optional: None }], extension: [], nested_type: [], enum_type: [], extension_range: [], oneof_decl: [OneofDescriptorProto { name: Some("shape"), options: None }], options: None, reserved_range: [], reserved_name: [] }, DescriptorProto { name: Some("Square"), field: [FieldDescriptorProto { name: Some("edge_length"), number: Some(1), label: Some(Optional), r#type: Some(Float), type_name: None, extendee: None, default_value: None, oneof_index: None, json_name: Some("edgeLength"), options: None, proto3_optional: None }], extension: [], nested_type: [], enum_type: [], extension_range: [], oneof_decl: [], options: None, reserved_range: [], reserved_name: [] }, DescriptorProto { name: Some("Rectangle"), field: [FieldDescriptorProto { name: Some("length"), number: Some(1), label: Some(Optional), r#type: Some(Float), type_name: None, extendee: None, default_value: None, oneof_index: None, json_name: Some("length"), options: None, proto3_optional: None }, FieldDescriptorProto { name: Some("width"), number: Some(2), label: Some(Optional), r#type: Some(Float), type_name: None, extendee: None, default_value: None, oneof_index: None, json_name: Some("width"), options: None, proto3_optional: None }], extension: [], nested_type: [], enum_type: [], extension_range: [], oneof_decl: [], options: None, reserved_range: [], reserved_name: [] }, DescriptorProto { name: Some("Circle"), field: [FieldDescriptorProto { name: Some("radius"), number: Some(1), label: Some(Optional), r#type: Some(Float), type_name: None, extendee: None, default_value: None, oneof_index: None, json_name: Some("radius"), options: None, proto3_optional: None }], extension: [], nested_type: [], enum_type: [], extension_range: [], oneof_decl: [], options: None, reserved_range: [], reserved_name: [] }, DescriptorProto { name: Some("Triangle"), field: [FieldDescriptorProto { name: Some("edge_a"), number: Some(1), label: Some(Optional), r#type: Some(Float), type_name: None, extendee: None, default_value: None, oneof_index: None, json_name: Some("edgeA"), options: None, proto3_optional: None }, FieldDescriptorProto { name: Some("edge_b"), number: Some(2), label: Some(Optional), r#type: Some(Float), type_name: None, extendee: None, default_value: None, oneof_index: None, json_name: Some("edgeB"), options: None, proto3_optional: None }, FieldDescriptorProto { name: Some("edge_c"), number: Some(3), label: Some(Optional), r#type: Some(Float), type_name: None, extendee: None, default_value: None, oneof_index: None, json_name: Some("edgeC"), options: None, proto3_optional: None }], extension: [], nested_type: [], enum_type: [], extension_range: [], oneof_decl: [], options: None, reserved_range: [], reserved_name: [] }, DescriptorProto { name: Some("Parallelogram"), field: [FieldDescriptorProto { name: Some("base_length"), number: Some(1), label: Some(Optional), r#type: Some(Float), type_name: None, extendee: None, default_value: None, oneof_index: None, json_name: Some("baseLength"), options: None, proto3_optional: None }, FieldDescriptorProto { name: Some("height"), number: Some(2), label: Some(Optional), r#type: Some(Float), type_name: None, extendee: None, default_value: None, oneof_index: None, json_name: Some("height"), options: None, proto3_optional: None }], extension: [], nested_type: [], enum_type: [], extension_range: [], oneof_decl: [], options: None, reserved_range: [], reserved_name: [] }, DescriptorProto { name: Some("AreaRequest"), field: [FieldDescriptorProto { name: Some("shapes"), number: Some(1), label: Some(Repeated), r#type: Some(Message), type_name: Some(".area_calculator.ShapeMessage"), extendee: None, default_value: None, oneof_index: None, json_name: Some("shapes"), options: None, proto3_optional: None }], extension: [], nested_type: [], enum_type: [], extension_range: [], oneof_decl: [], options: None, reserved_range: [], reserved_name: [] }, DescriptorProto { name: Some("AreaResponse"), field: [FieldDescriptorProto { name: Some("value"), number: Some(1), label: Some(Repeated), r#type: Some(Float), type_name: None, extendee: None, default_value: None, oneof_index: None, json_name: Some("value"), options: None, proto3_optional: None }], extension: [], nested_type: [], enum_type: [], extension_range: [], oneof_decl: [], options: None, reserved_range: [], reserved_name: [] }], enum_type: [], service: [ServiceDescriptorProto { name: Some("Calculator"), method: [MethodDescriptorProto { name: Some("calculateOne"), input_type: Some(".area_calculator.ShapeMessage"), output_type: Some(".area_calculator.AreaResponse"), options: Some(MethodOptions { deprecated: None, idempotency_level: None, uninterpreted_option: [] }), client_streaming: None, server_streaming: None }, MethodDescriptorProto { name: Some("calculateMulti"), input_type: Some(".area_calculator.AreaRequest"), output_type: Some(".area_calculator.AreaResponse"), options: Some(MethodOptions { deprecated: None, idempotency_level: None, uninterpreted_option: [] }), client_streaming: None, server_streaming: None }], options: None }], extension: [], options: Some(FileOptions { java_package: None, java_outer_classname: None, java_multiple_files: None, java_generate_equals_and_hash: None, java_string_check_utf8: None, optimize_for: None, go_package: Some("io.pact/area_calculator"), cc_generic_services: None, java_generic_services: None, py_generic_services: None, php_generic_services: Some(true), deprecated: None, cc_enable_arenas: None, objc_class_prefix: None, csharp_namespace: None, swift_prefix: None, php_class_prefix: None, php_namespace: None, php_metadata_namespace: None, ruby_package: None, uninterpreted_option: [] }), source_code_info: None, syntax: Some("proto3") }] }, MethodDescriptorProto { name: Some("calculateOne"), input_type: Some(".area_calculator.ShapeMessage"), output_type: Some(".area_calculator.AreaResponse"), options: Some(MethodOptions { deprecated: None, idempotency_level: None, uninterpreted_option: [] }), client_streaming: None, server_streaming: None }, SynchronousMessage { id: None, key: Some("c7fbe3ee"), description: "calculate rectangle area request", provider_states: [], comments: {"testname": String("io.pact.example.grpc.consumer.PactConsumerTest.calculateRectangleArea(MockServer, SynchronousMessages)")}, request: MessageContents { contents: Present(b"\x12\n\r\0\0@@\x15\0\0\x80@", Some(ContentType { main_type: "application", sub_type: "protobuf", attributes: {"message": "ShapeMessage"}, suffix: None }), Some(BINARY)), metadata: {}, matching_rules: MatchingRules { rules: {BODY: MatchingRuleCategory { name: BODY, rules: {DocPath { path_tokens: [Root, Field("rectangle"), Field("length")], expr: "$.rectangle.length" }: RuleList { rules: [Number], rule_logic: And, cascaded: false }, DocPath { path_tokens: [Root, Field("rectangle"), Field("width")], expr: "$.rectangle.width" }: RuleList { rules: [Number], rule_logic: And, cascaded: false }} }} }, generators: Generators { categories: {} } }, response: [MessageContents { contents: Present(b"\r\0\0@A", Some(ContentType { main_type: "application", sub_type: "protobuf", attributes: {"message": "AreaResponse"}, suffix: None }), Some(BINARY)), metadata: {}, matching_rules: MatchingRules { rules: {BODY: MatchingRuleCategory { name: BODY, rules: {DocPath { path_tokens: [Root, Field("value")], expr: "$.value" }: RuleList { rules: [Number], rule_logic: And, cascaded: false }} }} }, generators: Generators { categories: {} } }], pending: false, plugin_config: {"protobuf": {"service": String("Calculator/calculateOne"), "descriptorKey": String("a85dff8f82655a9681aad113575dcfbb")}}, interaction_markup: InteractionMarkup { markup: "```protobuf\nmessage ShapeMessage {\n    message .area_calculator.Rectangle rectangle = 2;\n}\n```\n\n```protobuf\nmessage AreaResponse {\n    float value = 1;\n}\n```\n", markup_type: "COMMON_MARK" }, transport: None })}, server_key: "5cae5f82-fec2-43c6-9739-60d0383d84ec" } ?[3mreq?[0m?[2m=?[0mRequest { method: POST, uri: http://127.0.0.1:53791/area_calculator.Calculator/calculateOne, version: HTTP/2.0, headers: {"content-type": "application/grpc", "te": "trailers", "user-agent": "grpc-java-netty/1.49.0", "grpc-accept-encoding": "gzip"}, body: Body(Streaming) }?[1m}?[0m?[2m:?[0m?[1mmock_server_handler?[0m?[1m{?[0m?[3mkey?[0m?[2m=?[0m"5cae5f82-fec2-43c6-9739-60d0383d84ec"?[1m}?[0m?[2m:?[0m?[1mhandle_message?[0m?[1m{?[0m?[3mself?[0m?[2m=?[0mMockService { file_descriptor_set: FileDescriptorSet { file: [FileDescriptorProto { name: Some("area_calculator.proto"), package: Some("area_calculator"), dependency: [], public_dependency: [], weak_dependency: [], message_type: [DescriptorProto { name: Some("ShapeMessage"), field: [FieldDescriptorProto { name: Some("square"), number: Some(1), label: Some(Optional), r#type: Some(Message), type_name: Some(".area_calculator.Square"), extendee: None, default_value: None, oneof_index: Some(0), json_name: Some("square"), options: None, proto3_optional: None }, FieldDescriptorProto { name: Some("rectangle"), number: Some(2), label: Some(Optional), r#type: Some(Message), type_name: Some(".area_calculator.Rectangle"), extendee: None, default_value: None, oneof_index: Some(0), json_name: Some("rectangle"), options: None, proto3_optional: None }, FieldDescriptorProto { name: Some("circle"), number: Some(3), label: Some(Optional), r#type: Some(Message), type_name: Some(".area_calculator.Circle"), extendee: None, default_value: None, oneof_index: Some(0), json_name: Some("circle"), options: None, proto3_optional: None }, FieldDescriptorProto { name: Some("triangle"), number: Some(4), label: Some(Optional), r#type: Some(Message), type_name: Some(".area_calculator.Triangle"), extendee: None, default_value: None, oneof_index: Some(0), json_name: Some("triangle"), options: None, proto3_optional: None }, FieldDescriptorProto { name: Some("parallelogram"), number: Some(5), label: Some(Optional), r#type: Some(Message), type_name: Some(".area_calculator.Parallelogram"), extendee: None, default_value: None, oneof_index: Some(0), json_name: Some("parallelogram"), options: None, proto3_optional: None }], extension: [], nested_type: [], enum_type: [], extension_range: [], oneof_decl: [OneofDescriptorProto { name: Some("shape"), options: None }], options: None, reserved_range: [], reserved_name: [] }, DescriptorProto { name: Some("Square"), field: [FieldDescriptorProto { name: Some("edge_length"), number: Some(1), label: Some(Optional), r#type: Some(Float), type_name: None, extendee: None, default_value: None, oneof_index: None, json_name: Some("edgeLength"), options: None, proto3_optional: None }], extension: [], nested_type: [], enum_type: [], extension_range: [], oneof_decl: [], options: None, reserved_range: [], reserved_name: [] }, DescriptorProto { name: Some("Rectangle"), field: [FieldDescriptorProto { name: Some("length"), number: Some(1), label: Some(Optional), r#type: Some(Float), type_name: None, extendee: None, default_value: None, oneof_index: None, json_name: Some("length"), options: None, proto3_optional: None }, FieldDescriptorProto { name: Some("width"), number: Some(2), label: Some(Optional), r#type: Some(Float), type_name: None, extendee: None, default_value: None, oneof_index: None, json_name: Some("width"), options: None, proto3_optional: None }], extension: [], nested_type: [], enum_type: [], extension_range: [], oneof_decl: [], options: None, reserved_range: [], reserved_name: [] }, DescriptorProto { name: Some("Circle"), field: [FieldDescriptorProto { name: Some("radius"), number: Some(1), label: Some(Optional), r#type: Some(Float), type_name: None, extendee: None, default_value: None, oneof_index: None, json_name: Some("radius"), options: None, proto3_optional: None }], extension: [], nested_type: [], enum_type: [], extension_range: [], oneof_decl: [], options: None, reserved_range: [], reserved_name: [] }, DescriptorProto { name: Some("Triangle"), field: [FieldDescriptorProto { name: Some("edge_a"), number: Some(1), label: Some(Optional), r#type: Some(Float), type_name: None, extendee: None, default_value: None, oneof_index: None, json_name: Some("edgeA"), options: None, proto3_optional: None }, FieldDescriptorProto { name: Some("edge_b"), number: Some(2), label: Some(Optional), r#type: Some(Float), type_name: None, extendee: None, default_value: None, oneof_index: None, json_name: Some("edgeB"), options: None, proto3_optional: None }, FieldDescriptorProto { name: Some("edge_c"), number: Some(3), label: Some(Optional), r#type: Some(Float), type_name: None, extendee: None, default_value: None, oneof_index: None, json_name: Some("edgeC"), options: None, proto3_optional: None }], extension: [], nested_type: [], enum_type: [], extension_range: [], oneof_decl: [], options: None, reserved_range: [], reserved_name: [] }, DescriptorProto { name: Some("Parallelogram"), field: [FieldDescriptorProto { name: Some("base_length"), number: Some(1), label: Some(Optional), r#type: Some(Float), type_name: None, extendee: None, default_value: None, oneof_index: None, json_name: Some("baseLength"), options: None, proto3_optional: None }, FieldDescriptorProto { name: Some("height"), number: Some(2), label: Some(Optional), r#type: Some(Float), type_name: None, extendee: None, default_value: None, oneof_index: None, json_name: Some("height"), options: None, proto3_optional: None }], extension: [], nested_type: [], enum_type: [], extension_range: [], oneof_decl: [], options: None, reserved_range: [], reserved_name: [] }, DescriptorProto { name: Some("AreaRequest"), field: [FieldDescriptorProto { name: Some("shapes"), number: Some(1), label: Some(Repeated), r#type: Some(Message), type_name: Some(".area_calculator.ShapeMessage"), extendee: None, default_value: None, oneof_index: None, json_name: Some("shapes"), options: None, proto3_optional: None }], extension: [], nested_type: [], enum_type: [], extension_range: [], oneof_decl: [], options: None, reserved_range: [], reserved_name: [] }, DescriptorProto { name: Some("AreaResponse"), field: [FieldDescriptorProto { name: Some("value"), number: Some(1), label: Some(Repeated), r#type: Some(Float), type_name: None, extendee: None, default_value: None, oneof_index: None, json_name: Some("value"), options: None, proto3_optional: None }], extension: [], nested_type: [], enum_type: [], extension_range: [], oneof_decl: [], options: None, reserved_range: [], reserved_name: [] }], enum_type: [], service: [ServiceDescriptorProto { name: Some("Calculator"), method: [MethodDescriptorProto { name: Some("calculateOne"), input_type: Some(".area_calculator.ShapeMessage"), output_type: Some(".area_calculator.AreaResponse"), options: Some(MethodOptions { deprecated: None, idempotency_level: None, uninterpreted_option: [] }), client_streaming: None, server_streaming: None }, MethodDescriptorProto { name: Some("calculateMulti"), input_type: Some(".area_calculator.AreaRequest"), output_type: Some(".area_calculator.AreaResponse"), options: Some(MethodOptions { deprecated: None, idempotency_level: None, uninterpreted_option: [] }), client_streaming: None, server_streaming: None }], options: None }], extension: [], options: Some(FileOptions { java_package: None, java_outer_classname: None, java_multiple_files: None, java_generate_equals_and_hash: None, java_string_check_utf8: None, optimize_for: None, go_package: Some("io.pact/area_calculator"), cc_generic_services: None, java_generic_services: None, py_generic_services: None, php_generic_services: Some(true), deprecated: None, cc_enable_arenas: None, objc_class_prefix: None, csharp_namespace: None, swift_prefix: None, php_class_prefix: None, php_namespace: None, php_metadata_namespace: None, ruby_package: None, uninterpreted_option: [] }), source_code_info: None, syntax: Some("proto3") }] }, service_name: "Calculator", message: SynchronousMessage { id: None, key: Some("c7fbe3ee"), description: "calculate rectangle area request", provider_states: [], comments: {"testname": String("io.pact.example.grpc.consumer.PactConsumerTest.calculateRectangleArea(MockServer, SynchronousMessages)")}, request: MessageContents { contents: Present(b"\x12\n\r\0\0@@\x15\0\0\x80@", Some(ContentType { main_type: "application", sub_type: "protobuf", attributes: {"message": "ShapeMessage"}, suffix: None }), Some(BINARY)), metadata: {}, matching_rules: MatchingRules { rules: {BODY: MatchingRuleCategory { name: BODY, rules: {DocPath { path_tokens: [Root, Field("rectangle"), Field("length")], expr: "$.rectangle.length" }: RuleList { rules: [Number], rule_logic: And, cascaded: false }, DocPath { path_tokens: [Root, Field("rectangle"), Field("width")], expr: "$.rectangle.width" }: RuleList { rules: [Number], rule_logic: And, cascaded: false }} }} }, generators: Generators { categories: {} } }, response: [MessageContents { contents: Present(b"\r\0\0@A", Some(ContentType { main_type: "application", sub_type: "protobuf", attributes: {"message": "AreaResponse"}, suffix: None }), Some(BINARY)), metadata: {}, matching_rules: MatchingRules { rules: {BODY: MatchingRuleCategory { name: BODY, rules: {DocPath { path_tokens: [Root, Field("value")], expr: "$.value" }: RuleList { rules: [Number], rule_logic: And, cascaded: false }} }} }, generators: Generators { categories: {} } }], pending: false, plugin_config: {"protobuf": {"service": String("Calculator/calculateOne"), "descriptorKey": String("a85dff8f82655a9681aad113575dcfbb")}}, interaction_markup: InteractionMarkup { markup: "```protobuf\nmessage ShapeMessage {\n    message .area_calculator.Rectangle rectangle = 2;\n}\n```\n\n```protobuf\nmessage AreaResponse {\n    float value = 1;\n}\n```\n", markup_type: "COMMON_MARK" }, transport: None }, method_descriptor: MethodDescriptorProto { name: Some("calculateOne"), input_type: Some(".area_calculator.ShapeMessage"), output_type: Some(".area_calculator.AreaResponse"), options: Some(MethodOptions { deprecated: None, idempotency_level: None, uninterpreted_option: [] }), client_streaming: None, server_streaming: None }, input_message: DescriptorProto { name: Some("ShapeMessage"), field: [FieldDescriptorProto { name: Some("square"), number: Some(1), label: Some(Optional), r#type: Some(Message), type_name: Some(".area_calculator.Square"), extendee: None, default_value: None, oneof_index: Some(0), json_name: Some("square"), options: None, proto3_optional: None }, FieldDescriptorProto { name: Some("rectangle"), number: Some(2), label: Some(Optional), r#type: Some(Message), type_name: Some(".area_calculator.Rectangle"), extendee: None, default_value: None, oneof_index: Some(0), json_name: Some("rectangle"), options: None, proto3_optional: None }, FieldDescriptorProto { name: Some("circle"), number: Some(3), label: Some(Optional), r#type: Some(Message), type_name: Some(".area_calculator.Circle"), extendee: None, default_value: None, oneof_index: Some(0), json_name: Some("circle"), options: None, proto3_optional: None }, FieldDescriptorProto { name: Some("triangle"), number: Some(4), label: Some(Optional), r#type: Some(Message), type_name: Some(".area_calculator.Triangle"), extendee: None, default_value: None, oneof_index: Some(0), json_name: Some("triangle"), options: None, proto3_optional: None }, FieldDescriptorProto { name: Some("parallelogram"), number: Some(5), label: Some(Optional), r#type: Some(Message), type_name: Some(".area_calculator.Parallelogram"), extendee: None, default_value: None, oneof_index: Some(0), json_name: Some("parallelogram"), options: None, proto3_optional: None }], extension: [], nested_type: [], enum_type: [], extension_range: [], oneof_decl: [OneofDescriptorProto { name: Some("shape"), options: None }], options: None, reserved_range: [], reserved_name: [] }, output_message: DescriptorProto { name: Some("AreaResponse"), field: [FieldDescriptorProto { name: Some("value"), number: Some(1), label: Some(Repeated), r#type: Some(Float), type_name: None, extendee: None, default_value: None, oneof_index: None, json_name: Some("value"), options: None, proto3_optional: None }], extension: [], nested_type: [], enum_type: [], extension_range: [], oneof_decl: [], options: None, reserved_range: [], reserved_name: [] }, server_key: "5cae5f82-fec2-43c6-9739-60d0383d84ec" } ?[3mrequest?[0m?[2m=?[0mDynamicMessage { descriptor: DescriptorProto { name: Some("ShapeMessage"), field: [FieldDescriptorProto { name: Some("square"), number: Some(1), label: Some(Optional), r#type: Some(Message), type_name: Some(".area_calculator.Square"), extendee: None, default_value: None, oneof_index: Some(0), json_name: Some("square"), options: None, proto3_optional: None }, FieldDescriptorProto { name: Some("rectangle"), number: Some(2), label: Some(Optional), r#type: Some(Message), type_name: Some(".area_calculator.Rectangle"), extendee: None, default_value: None, oneof_index: Some(0), json_name: Some("rectangle"), options: None, proto3_optional: None }, FieldDescriptorProto { name: Some("circle"), number: Some(3), label: Some(Optional), r#type: Some(Message), type_name: Some(".area_calculator.Circle"), extendee: None, default_value: None, oneof_index: Some(0), json_name: Some("circle"), options: None, proto3_optional: None }, FieldDescriptorProto { name: Some("triangle"), number: Some(4), label: Some(Optional), r#type: Some(Message), type_name: Some(".area_calculator.Triangle"), extendee: None, default_value: None, oneof_index: Some(0), json_name: Some("triangle"), options: None, proto3_optional: None }, FieldDescriptorProto { name: Some("parallelogram"), number: Some(5), label: Some(Optional), r#type: Some(Message), type_name: Some(".area_calculator.Parallelogram"), extendee: None, default_value: None, oneof_index: Some(0), json_name: Some("parallelogram"), options: None, proto3_optional: None }], extension: [], nested_type: [], enum_type: [], extension_range: [], oneof_decl: [OneofDescriptorProto { name: Some("shape"), options: None }], options: None, reserved_range: [], reserved_name: [] }, fields: [ProtobufField { field_num: 2, wire_type: LengthDelimited, data: Message([13, 0, 0, 64, 64, 21, 0, 0, 128, 64], DescriptorProto { name: Some("Rectangle"), field: [FieldDescriptorProto { name: Some("length"), number: Some(1), label: Some(Optional), r#type: Some(Float), type_name: None, extendee: None, default_value: None, oneof_index: None, json_name: Some("length"), options: None, proto3_optional: None }, FieldDescriptorProto { name: Some("width"), number: Some(2), label: Some(Optional), r#type: Some(Float), type_name: None, extendee: None, default_value: None, oneof_index: None, json_name: Some("width"), options: None, proto3_optional: None }], extension: [], nested_type: [], enum_type: [], extension_range: [], oneof_decl: [], options: None, reserved_range: [], reserved_name: [] }) }] } ?[3mmessage_descriptor?[0m?[2m=?[0mDescriptorProto { name: Some("ShapeMessage"), field: [FieldDescriptorProto { name: Some("square"), number: Some(1), label: Some(Optional), r#type: Some(Message), type_name: Some(".area_calculator.Square"), extendee: None, default_value: None, oneof_index: Some(0), json_name: Some("square"), options: None, proto3_optional: None }, FieldDescriptorProto { name: Some("rectangle"), number: Some(2), label: Some(Optional), r#type: Some(Message), type_name: Some(".area_calculator.Rectangle"), extendee: None, default_value: None, oneof_index: Some(0), json_name: Some("rectangle"), options: None, proto3_optional: None }, FieldDescriptorProto { name: Some("circle"), number: Some(3), label: Some(Optional), r#type: Some(Message), type_name: Some(".area_calculator.Circle"), extendee: None, default_value: None, oneof_index: Some(0), json_name: Some("circle"), options: None, proto3_optional: None }, FieldDescriptorProto { name: Some("triangle"), number: Some(4), label: Some(Optional), r#type: Some(Message), type_name: Some(".area_calculator.Triangle"), extendee: None, default_value: None, oneof_index: Some(0), json_name: Some("triangle"), options: None, proto3_optional: None }, FieldDescriptorProto { name: Some("parallelogram"), number: Some(5), label: Some(Optional), r#type: Some(Message), type_name: Some(".area_calculator.Parallelogram"), extendee: None, default_value: None, oneof_index: Some(0), json_name: Some("parallelogram"), options: None, proto3_optional: None }], extension: [], nested_type: [], enum_type: [], extension_range: [], oneof_decl: [OneofDescriptorProto { name: Some("shape"), options: None }], options: None, reserved_range: [], reserved_name: [] } ?[3mresponse_descriptor?[0m?[2m=?[0mDescriptorProto { name: Some("AreaResponse"), field: [FieldDescriptorProto { name: Some("value"), number: Some(1), label: Some(Repeated), r#type: Some(Float), type_name: None, extendee: None, default_value: None, oneof_index: None, json_name: Some("value"), options: None, proto3_optional: None }], extension: [], nested_type: [], enum_type: [], extension_range: [], oneof_decl: [], options: None, reserved_range: [], reserved_name: [] }?[1m}?[0m?[2m:?[0m ?[2mpact_models::path_exp?[0m?[2m:?[0m Calculating weight for path tokens '[Root, Field("rectangle"), Field("length")]' and path '["$", "rectangle", "width"]'
15:05:16.544 [Thread-5] DEBUG i.pact.plugins.jvm.core.ChildProcess - Plugin protobuf [46038] || ?[2m2023-03-27T09:35:16.543764Z?[0m ?[35mTRACE?[0m tokio-runtime-worker ?[1mrequest?[0m?[1m{?[0m?[3mmethod?[0m?[2m=?[0mPOST ?[3muri?[0m?[2m=?[0mhttp://127.0.0.1:53791/area_calculator.Calculator/calculateOne ?[3mversion?[0m?[2m=?[0mHTTP/2.0?[1m}?[0m?[2m:?[0m?[1mcall?[0m?[1m{?[0m?[3mself?[0m?[2m=?[0mGrpcMockServer { pact: V4Pact { consumer: Consumer { name: "grpc-consumer-jvm" }, provider: Provider { name: "area-calculator-provider" }, interactions: [SynchronousMessage { id: None, key: Some("c7fbe3ee"), description: "calculate rectangle area request", provider_states: [], comments: {"testname": String("io.pact.example.grpc.consumer.PactConsumerTest.calculateRectangleArea(MockServer, SynchronousMessages)")}, request: MessageContents { contents: Present(b"\x12\n\r\0\0@@\x15\0\0\x80@", Some(ContentType { main_type: "application", sub_type: "protobuf", attributes: {"message": "ShapeMessage"}, suffix: None }), Some(BINARY)), metadata: {}, matching_rules: MatchingRules { rules: {BODY: MatchingRuleCategory { name: BODY, rules: {DocPath { path_tokens: [Root, Field("rectangle"), Field("length")], expr: "$.rectangle.length" }: RuleList { rules: [Number], rule_logic: And, cascaded: false }, DocPath { path_tokens: [Root, Field("rectangle"), Field("width")], expr: "$.rectangle.width" }: RuleList { rules: [Number], rule_logic: And, cascaded: false }} }} }, generators: Generators { categories: {} } }, response: [MessageContents { contents: Present(b"\r\0\0@A", Some(ContentType { main_type: "application", sub_type: "protobuf", attributes: {"message": "AreaResponse"}, suffix: None }), Some(BINARY)), metadata: {}, matching_rules: MatchingRules { rules: {BODY: MatchingRuleCategory { name: BODY, rules: {DocPath { path_tokens: [Root, Field("value")], expr: "$.value" }: RuleList { rules: [Number], rule_logic: And, cascaded: false }} }} }, generators: Generators { categories: {} } }], pending: false, plugin_config: {"protobuf": {"service": String("Calculator/calculateOne"), "descriptorKey": String("a85dff8f82655a9681aad113575dcfbb")}}, interaction_markup: InteractionMarkup { markup: "```protobuf\nmessage ShapeMessage {\n    message .area_calculator.Rectangle rectangle = 2;\n}\n```\n\n```protobuf\nmessage AreaResponse {\n    float value = 1;\n}\n```\n", markup_type: "COMMON_MARK" }, transport: None }], metadata: {"pact-jvm": Object({"version": String("4.4.2")}), "pactSpecification": Object({"version": String("4.0")})}, plugin_data: [PluginData { name: "protobuf", version: "0.1.5", configuration: {"a85dff8f82655a9681aad113575dcfbb": Object({"protoDescriptors": String("CsoHChVhcmVhX2NhbGN1bGF0b3IucHJvdG8SD2FyZWFfY2FsY3VsYXRvciK6AgoMU2hhcGVNZXNzYWdlEjEKBnNxdWFyZRgBIAEoCzIXLmFyZWFfY2FsY3VsYXRvci5TcXVhcmVIAFIGc3F1YXJlEjoKCXJlY3RhbmdsZRgCIAEoCzIaLmFyZWFfY2FsY3VsYXRvci5SZWN0YW5nbGVIAFIJcmVjdGFuZ2xlEjEKBmNpcmNsZRgDIAEoCzIXLmFyZWFfY2FsY3VsYXRvci5DaXJjbGVIAFIGY2lyY2xlEjcKCHRyaWFuZ2xlGAQgASgLMhkuYXJlYV9jYWxjdWxhdG9yLlRyaWFuZ2xlSABSCHRyaWFuZ2xlEkYKDXBhcmFsbGVsb2dyYW0YBSABKAsyHi5hcmVhX2NhbGN1bGF0b3IuUGFyYWxsZWxvZ3JhbUgAUg1wYXJhbGxlbG9ncmFtQgcKBXNoYXBlIikKBlNxdWFyZRIfCgtlZGdlX2xlbmd0aBgBIAEoAlIKZWRnZUxlbmd0aCI5CglSZWN0YW5nbGUSFgoGbGVuZ3RoGAEgASgCUgZsZW5ndGgSFAoFd2lkdGgYAiABKAJSBXdpZHRoIiAKBkNpcmNsZRIWCgZyYWRpdXMYASABKAJSBnJhZGl1cyJPCghUcmlhbmdsZRIVCgZlZGdlX2EYASABKAJSBWVkZ2VBEhUKBmVkZ2VfYhgCIAEoAlIFZWRnZUISFQoGZWRnZV9jGAMgASgCUgVlZGdlQyJICg1QYXJhbGxlbG9ncmFtEh8KC2Jhc2VfbGVuZ3RoGAEgASgCUgpiYXNlTGVuZ3RoEhYKBmhlaWdodBgCIAEoAlIGaGVpZ2h0IkQKC0FyZWFSZXF1ZXN0EjUKBnNoYXBlcxgBIAMoCzIdLmFyZWFfY2FsY3VsYXRvci5TaGFwZU1lc3NhZ2VSBnNoYXBlcyIkCgxBcmVhUmVzcG9uc2USFAoFdmFsdWUYASADKAJSBXZhbHVlMq0BCgpDYWxjdWxhdG9yEk4KDGNhbGN1bGF0ZU9uZRIdLmFyZWFfY2FsY3VsYXRvci5TaGFwZU1lc3NhZ2UaHS5hcmVhX2NhbGN1bGF0b3IuQXJlYVJlc3BvbnNlIgASTwoOY2FsY3VsYXRlTXVsdGkSHC5hcmVhX2NhbGN1bGF0b3IuQXJlYVJlcXVlc3QaHS5hcmVhX2NhbGN1bGF0b3IuQXJlYVJlc3BvbnNlIgBCHFoXaW8ucGFjdC9hcmVhX2NhbGN1bGF0b3LQAgFiBnByb3RvMw=="), "protoFile": String("syntax = \"proto3\";\n\npackage area_calculator;\n\noption php_generic_services = true;\noption go_package = \"io.pact/area_calculator\";\n\nservice Calculator {\n  rpc calculateOne (ShapeMessage) returns (AreaResponse) {}\n  rpc calculateMulti (AreaRequest) returns (AreaResponse) {}\n}\n\nmessage ShapeMessage {\n  oneof shape {\n    Square square = 1;\n    Rectangle rectangle = 2;\n    Circle circle = 3;\n    Triangle triangle = 4;\n    Parallelogram parallelogram = 5;\n  }\n}\n\nmessage Square {\n  float edge_length = 1;\n}\n\nmessage Rectangle {\n  float length = 1;\n  float width = 2;\n}\n\nmessage Circle {\n  float radius = 1;\n}\n\nmessage Triangle {\n  float edge_a = 1;\n  float edge_b = 2;\n  float edge_c = 3;\n}\n\nmessage Parallelogram {\n  float base_length = 1;\n  float height = 2;\n}\n\nmessage AreaRequest {\n  repeated ShapeMessage shapes = 1;\n}\n\nmessage AreaResponse {\n  repeated float value = 1;\n}\n")})} }] }, plugin_config: PluginData { name: "protobuf", version: "0.1.5", configuration: {"a85dff8f82655a9681aad113575dcfbb": Object({"protoDescriptors": String("CsoHChVhcmVhX2NhbGN1bGF0b3IucHJvdG8SD2FyZWFfY2FsY3VsYXRvciK6AgoMU2hhcGVNZXNzYWdlEjEKBnNxdWFyZRgBIAEoCzIXLmFyZWFfY2FsY3VsYXRvci5TcXVhcmVIAFIGc3F1YXJlEjoKCXJlY3RhbmdsZRgCIAEoCzIaLmFyZWFfY2FsY3VsYXRvci5SZWN0YW5nbGVIAFIJcmVjdGFuZ2xlEjEKBmNpcmNsZRgDIAEoCzIXLmFyZWFfY2FsY3VsYXRvci5DaXJjbGVIAFIGY2lyY2xlEjcKCHRyaWFuZ2xlGAQgASgLMhkuYXJlYV9jYWxjdWxhdG9yLlRyaWFuZ2xlSABSCHRyaWFuZ2xlEkYKDXBhcmFsbGVsb2dyYW0YBSABKAsyHi5hcmVhX2NhbGN1bGF0b3IuUGFyYWxsZWxvZ3JhbUgAUg1wYXJhbGxlbG9ncmFtQgcKBXNoYXBlIikKBlNxdWFyZRIfCgtlZGdlX2xlbmd0aBgBIAEoAlIKZWRnZUxlbmd0aCI5CglSZWN0YW5nbGUSFgoGbGVuZ3RoGAEgASgCUgZsZW5ndGgSFAoFd2lkdGgYAiABKAJSBXdpZHRoIiAKBkNpcmNsZRIWCgZyYWRpdXMYASABKAJSBnJhZGl1cyJPCghUcmlhbmdsZRIVCgZlZGdlX2EYASABKAJSBWVkZ2VBEhUKBmVkZ2VfYhgCIAEoAlIFZWRnZUISFQoGZWRnZV9jGAMgASgCUgVlZGdlQyJICg1QYXJhbGxlbG9ncmFtEh8KC2Jhc2VfbGVuZ3RoGAEgASgCUgpiYXNlTGVuZ3RoEhYKBmhlaWdodBgCIAEoAlIGaGVpZ2h0IkQKC0FyZWFSZXF1ZXN0EjUKBnNoYXBlcxgBIAMoCzIdLmFyZWFfY2FsY3VsYXRvci5TaGFwZU1lc3NhZ2VSBnNoYXBlcyIkCgxBcmVhUmVzcG9uc2USFAoFdmFsdWUYASADKAJSBXZhbHVlMq0BCgpDYWxjdWxhdG9yEk4KDGNhbGN1bGF0ZU9uZRIdLmFyZWFfY2FsY3VsYXRvci5TaGFwZU1lc3NhZ2UaHS5hcmVhX2NhbGN1bGF0b3IuQXJlYVJlc3BvbnNlIgASTwoOY2FsY3VsYXRlTXVsdGkSHC5hcmVhX2NhbGN1bGF0b3IuQXJlYVJlcXVlc3QaHS5hcmVhX2NhbGN1bGF0b3IuQXJlYVJlc3BvbnNlIgBCHFoXaW8ucGFjdC9hcmVhX2NhbGN1bGF0b3LQAgFiBnByb3RvMw=="), "protoFile": String("syntax = \"proto3\";\n\npackage area_calculator;\n\noption php_generic_services = true;\noption go_package = \"io.pact/area_calculator\";\n\nservice Calculator {\n  rpc calculateOne (ShapeMessage) returns (AreaResponse) {}\n  rpc calculateMulti (AreaRequest) returns (AreaResponse) {}\n}\n\nmessage ShapeMessage {\n  oneof shape {\n    Square square = 1;\n    Rectangle rectangle = 2;\n    Circle circle = 3;\n    Triangle triangle = 4;\n    Parallelogram parallelogram = 5;\n  }\n}\n\nmessage Square {\n  float edge_length = 1;\n}\n\nmessage Rectangle {\n  float length = 1;\n  float width = 2;\n}\n\nmessage Circle {\n  float radius = 1;\n}\n\nmessage Triangle {\n  float edge_a = 1;\n  float edge_b = 2;\n  float edge_c = 3;\n}\n\nmessage Parallelogram {\n  float base_length = 1;\n  float height = 2;\n}\n\nmessage AreaRequest {\n  repeated ShapeMessage shapes = 1;\n}\n\nmessage AreaResponse {\n  repeated float value = 1;\n}\n")})} }, descriptors: {"a85dff8f82655a9681aad113575dcfbb": FileDescriptorSet { file: [FileDescriptorProto { name: Some("area_calculator.proto"), package: Some("area_calculator"), dependency: [], public_dependency: [], weak_dependency: [], message_type: [DescriptorProto { name: Some("ShapeMessage"), field: [FieldDescriptorProto { name: Some("square"), number: Some(1), label: Some(Optional), r#type: Some(Message), type_name: Some(".area_calculator.Square"), extendee: None, default_value: None, oneof_index: Some(0), json_name: Some("square"), options: None, proto3_optional: None }, FieldDescriptorProto { name: Some("rectangle"), number: Some(2), label: Some(Optional), r#type: Some(Message), type_name: Some(".area_calculator.Rectangle"), extendee: None, default_value: None, oneof_index: Some(0), json_name: Some("rectangle"), options: None, proto3_optional: None }, FieldDescriptorProto { name: Some("circle"), number: Some(3), label: Some(Optional), r#type: Some(Message), type_name: Some(".area_calculator.Circle"), extendee: None, default_value: None, oneof_index: Some(0), json_name: Some("circle"), options: None, proto3_optional: None }, FieldDescriptorProto { name: Some("triangle"), number: Some(4), label: Some(Optional), r#type: Some(Message), type_name: Some(".area_calculator.Triangle"), extendee: None, default_value: None, oneof_index: Some(0), json_name: Some("triangle"), options: None, proto3_optional: None }, FieldDescriptorProto { name: Some("parallelogram"), number: Some(5), label: Some(Optional), r#type: Some(Message), type_name: Some(".area_calculator.Parallelogram"), extendee: None, default_value: None, oneof_index: Some(0), json_name: Some("parallelogram"), options: None, proto3_optional: None }], extension: [], nested_type: [], enum_type: [], extension_range: [], oneof_decl: [OneofDescriptorProto { name: Some("shape"), options: None }], options: None, reserved_range: [], reserved_name: [] }, DescriptorProto { name: Some("Square"), field: [FieldDescriptorProto { name: Some("edge_length"), number: Some(1), label: Some(Optional), r#type: Some(Float), type_name: None, extendee: None, default_value: None, oneof_index: None, json_name: Some("edgeLength"), options: None, proto3_optional: None }], extension: [], nested_type: [], enum_type: [], extension_range: [], oneof_decl: [], options: None, reserved_range: [], reserved_name: [] }, DescriptorProto { name: Some("Rectangle"), field: [FieldDescriptorProto { name: Some("length"), number: Some(1), label: Some(Optional), r#type: Some(Float), type_name: None, extendee: None, default_value: None, oneof_index: None, json_name: Some("length"), options: None, proto3_optional: None }, FieldDescriptorProto { name: Some("width"), number: Some(2), label: Some(Optional), r#type: Some(Float), type_name: None, extendee: None, default_value: None, oneof_index: None, json_name: Some("width"), options: None, proto3_optional: None }], extension: [], nested_type: [], enum_type: [], extension_range: [], oneof_decl: [], options: None, reserved_range: [], reserved_name: [] }, DescriptorProto { name: Some("Circle"), field: [FieldDescriptorProto { name: Some("radius"), number: Some(1), label: Some(Optional), r#type: Some(Float), type_name: None, extendee: None, default_value: None, oneof_index: None, json_name: Some("radius"), options: None, proto3_optional: None }], extension: [], nested_type: [], enum_type: [], extension_range: [], oneof_decl: [], options: None, reserved_range: [], reserved_name: [] }, DescriptorProto { name: Some("Triangle"), field: [FieldDescriptorProto { name: Some("edge_a"), number: Some(1), label: Some(Optional), r#type: Some(Float), type_name: None, extendee: None, default_value: None, oneof_index: None, json_name: Some("edgeA"), options: None, proto3_optional: None }, FieldDescriptorProto { name: Some("edge_b"), number: Some(2), label: Some(Optional), r#type: Some(Float), type_name: None, extendee: None, default_value: None, oneof_index: None, json_name: Some("edgeB"), options: None, proto3_optional: None }, FieldDescriptorProto { name: Some("edge_c"), number: Some(3), label: Some(Optional), r#type: Some(Float), type_name: None, extendee: None, default_value: None, oneof_index: None, json_name: Some("edgeC"), options: None, proto3_optional: None }], extension: [], nested_type: [], enum_type: [], extension_range: [], oneof_decl: [], options: None, reserved_range: [], reserved_name: [] }, DescriptorProto { name: Some("Parallelogram"), field: [FieldDescriptorProto { name: Some("base_length"), number: Some(1), label: Some(Optional), r#type: Some(Float), type_name: None, extendee: None, default_value: None, oneof_index: None, json_name: Some("baseLength"), options: None, proto3_optional: None }, FieldDescriptorProto { name: Some("height"), number: Some(2), label: Some(Optional), r#type: Some(Float), type_name: None, extendee: None, default_value: None, oneof_index: None, json_name: Some("height"), options: None, proto3_optional: None }], extension: [], nested_type: [], enum_type: [], extension_range: [], oneof_decl: [], options: None, reserved_range: [], reserved_name: [] }, DescriptorProto { name: Some("AreaRequest"), field: [FieldDescriptorProto { name: Some("shapes"), number: Some(1), label: Some(Repeated), r#type: Some(Message), type_name: Some(".area_calculator.ShapeMessage"), extendee: None, default_value: None, oneof_index: None, json_name: Some("shapes"), options: None, proto3_optional: None }], extension: [], nested_type: [], enum_type: [], extension_range: [], oneof_decl: [], options: None, reserved_range: [], reserved_name: [] }, DescriptorProto { name: Some("AreaResponse"), field: [FieldDescriptorProto { name: Some("value"), number: Some(1), label: Some(Repeated), r#type: Some(Float), type_name: None, extendee: None, default_value: None, oneof_index: None, json_name: Some("value"), options: None, proto3_optional: None }], extension: [], nested_type: [], enum_type: [], extension_range: [], oneof_decl: [], options: None, reserved_range: [], reserved_name: [] }], enum_type: [], service: [ServiceDescriptorProto { name: Some("Calculator"), method: [MethodDescriptorProto { name: Some("calculateOne"), input_type: Some(".area_calculator.ShapeMessage"), output_type: Some(".area_calculator.AreaResponse"), options: Some(MethodOptions { deprecated: None, idempotency_level: None, uninterpreted_option: [] }), client_streaming: None, server_streaming: None }, MethodDescriptorProto { name: Some("calculateMulti"), input_type: Some(".area_calculator.AreaRequest"), output_type: Some(".area_calculator.AreaResponse"), options: Some(MethodOptions { deprecated: None, idempotency_level: None, uninterpreted_option: [] }), client_streaming: None, server_streaming: None }], options: None }], extension: [], options: Some(FileOptions { java_package: None, java_outer_classname: None, java_multiple_files: None, java_generate_equals_and_hash: None, java_string_check_utf8: None, optimize_for: None, go_package: Some("io.pact/area_calculator"), cc_generic_services: None, java_generic_services: None, py_generic_services: None, php_generic_services: Some(true), deprecated: None, cc_enable_arenas: None, objc_class_prefix: None, csharp_namespace: None, swift_prefix: None, php_class_prefix: None, php_namespace: None, php_metadata_namespace: None, ruby_package: None, uninterpreted_option: [] }), source_code_info: None, syntax: Some("proto3") }] }}, routes: {"Calculator/calculateOne": (FileDescriptorSet { file: [FileDescriptorProto { name: Some("area_calculator.proto"), package: Some("area_calculator"), dependency: [], public_dependency: [], weak_dependency: [], message_type: [DescriptorProto { name: Some("ShapeMessage"), field: [FieldDescriptorProto { name: Some("square"), number: Some(1), label: Some(Optional), r#type: Some(Message), type_name: Some(".area_calculator.Square"), extendee: None, default_value: None, oneof_index: Some(0), json_name: Some("square"), options: None, proto3_optional: None }, FieldDescriptorProto { name: Some("rectangle"), number: Some(2), label: Some(Optional), r#type: Some(Message), type_name: Some(".area_calculator.Rectangle"), extendee: None, default_value: None, oneof_index: Some(0), json_name: Some("rectangle"), options: None, proto3_optional: None }, FieldDescriptorProto { name: Some("circle"), number: Some(3), label: Some(Optional), r#type: Some(Message), type_name: Some(".area_calculator.Circle"), extendee: None, default_value: None, oneof_index: Some(0), json_name: Some("circle"), options: None, proto3_optional: None }, FieldDescriptorProto { name: Some("triangle"), number: Some(4), label: Some(Optional), r#type: Some(Message), type_name: Some(".area_calculator.Triangle"), extendee: None, default_value: None, oneof_index: Some(0), json_name: Some("triangle"), options: None, proto3_optional: None }, FieldDescriptorProto { name: Some("parallelogram"), number: Some(5), label: Some(Optional), r#type: Some(Message), type_name: Some(".area_calculator.Parallelogram"), extendee: None, default_value: None, oneof_index: Some(0), json_name: Some("parallelogram"), options: None, proto3_optional: None }], extension: [], nested_type: [], enum_type: [], extension_range: [], oneof_decl: [OneofDescriptorProto { name: Some("shape"), options: None }], options: None, reserved_range: [], reserved_name: [] }, DescriptorProto { name: Some("Square"), field: [FieldDescriptorProto { name: Some("edge_length"), number: Some(1), label: Some(Optional), r#type: Some(Float), type_name: None, extendee: None, default_value: None, oneof_index: None, json_name: Some("edgeLength"), options: None, proto3_optional: None }], extension: [], nested_type: [], enum_type: [], extension_range: [], oneof_decl: [], options: None, reserved_range: [], reserved_name: [] }, DescriptorProto { name: Some("Rectangle"), field: [FieldDescriptorProto { name: Some("length"), number: Some(1), label: Some(Optional), r#type: Some(Float), type_name: None, extendee: None, default_value: None, oneof_index: None, json_name: Some("length"), options: None, proto3_optional: None }, FieldDescriptorProto { name: Some("width"), number: Some(2), label: Some(Optional), r#type: Some(Float), type_name: None, extendee: None, default_value: None, oneof_index: None, json_name: Some("width"), options: None, proto3_optional: None }], extension: [], nested_type: [], enum_type: [], extension_range: [], oneof_decl: [], options: None, reserved_range: [], reserved_name: [] }, DescriptorProto { name: Some("Circle"), field: [FieldDescriptorProto { name: Some("radius"), number: Some(1), label: Some(Optional), r#type: Some(Float), type_name: None, extendee: None, default_value: None, oneof_index: None, json_name: Some("radius"), options: None, proto3_optional: None }], extension: [], nested_type: [], enum_type: [], extension_range: [], oneof_decl: [], options: None, reserved_range: [], reserved_name: [] }, DescriptorProto { name: Some("Triangle"), field: [FieldDescriptorProto { name: Some("edge_a"), number: Some(1), label: Some(Optional), r#type: Some(Float), type_name: None, extendee: None, default_value: None, oneof_index: None, json_name: Some("edgeA"), options: None, proto3_optional: None }, FieldDescriptorProto { name: Some("edge_b"), number: Some(2), label: Some(Optional), r#type: Some(Float), type_name: None, extendee: None, default_value: None, oneof_index: None, json_name: Some("edgeB"), options: None, proto3_optional: None }, FieldDescriptorProto { name: Some("edge_c"), number: Some(3), label: Some(Optional), r#type: Some(Float), type_name: None, extendee: None, default_value: None, oneof_index: None, json_name: Some("edgeC"), options: None, proto3_optional: None }], extension: [], nested_type: [], enum_type: [], extension_range: [], oneof_decl: [], options: None, reserved_range: [], reserved_name: [] }, DescriptorProto { name: Some("Parallelogram"), field: [FieldDescriptorProto { name: Some("base_length"), number: Some(1), label: Some(Optional), r#type: Some(Float), type_name: None, extendee: None, default_value: None, oneof_index: None, json_name: Some("baseLength"), options: None, proto3_optional: None }, FieldDescriptorProto { name: Some("height"), number: Some(2), label: Some(Optional), r#type: Some(Float), type_name: None, extendee: None, default_value: None, oneof_index: None, json_name: Some("height"), options: None, proto3_optional: None }], extension: [], nested_type: [], enum_type: [], extension_range: [], oneof_decl: [], options: None, reserved_range: [], reserved_name: [] }, DescriptorProto { name: Some("AreaRequest"), field: [FieldDescriptorProto { name: Some("shapes"), number: Some(1), label: Some(Repeated), r#type: Some(Message), type_name: Some(".area_calculator.ShapeMessage"), extendee: None, default_value: None, oneof_index: None, json_name: Some("shapes"), options: None, proto3_optional: None }], extension: [], nested_type: [], enum_type: [], extension_range: [], oneof_decl: [], options: None, reserved_range: [], reserved_name: [] }, DescriptorProto { name: Some("AreaResponse"), field: [FieldDescriptorProto { name: Some("value"), number: Some(1), label: Some(Repeated), r#type: Some(Float), type_name: None, extendee: None, default_value: None, oneof_index: None, json_name: Some("value"), options: None, proto3_optional: None }], extension: [], nested_type: [], enum_type: [], extension_range: [], oneof_decl: [], options: None, reserved_range: [], reserved_name: [] }], enum_type: [], service: [ServiceDescriptorProto { name: Some("Calculator"), method: [MethodDescriptorProto { name: Some("calculateOne"), input_type: Some(".area_calculator.ShapeMessage"), output_type: Some(".area_calculator.AreaResponse"), options: Some(MethodOptions { deprecated: None, idempotency_level: None, uninterpreted_option: [] }), client_streaming: None, server_streaming: None }, MethodDescriptorProto { name: Some("calculateMulti"), input_type: Some(".area_calculator.AreaRequest"), output_type: Some(".area_calculator.AreaResponse"), options: Some(MethodOptions { deprecated: None, idempotency_level: None, uninterpreted_option: [] }), client_streaming: None, server_streaming: None }], options: None }], extension: [], options: Some(FileOptions { java_package: None, java_outer_classname: None, java_multiple_files: None, java_generate_equals_and_hash: None, java_string_check_utf8: None, optimize_for: None, go_package: Some("io.pact/area_calculator"), cc_generic_services: None, java_generic_services: None, py_generic_services: None, php_generic_services: Some(true), deprecated: None, cc_enable_arenas: None, objc_class_prefix: None, csharp_namespace: None, swift_prefix: None, php_class_prefix: None, php_namespace: None, php_metadata_namespace: None, ruby_package: None, uninterpreted_option: [] }), source_code_info: None, syntax: Some("proto3") }] }, MethodDescriptorProto { name: Some("calculateOne"), input_type: Some(".area_calculator.ShapeMessage"), output_type: Some(".area_calculator.AreaResponse"), options: Some(MethodOptions { deprecated: None, idempotency_level: None, uninterpreted_option: [] }), client_streaming: None, server_streaming: None }, SynchronousMessage { id: None, key: Some("c7fbe3ee"), description: "calculate rectangle area request", provider_states: [], comments: {"testname": String("io.pact.example.grpc.consumer.PactConsumerTest.calculateRectangleArea(MockServer, SynchronousMessages)")}, request: MessageContents { contents: Present(b"\x12\n\r\0\0@@\x15\0\0\x80@", Some(ContentType { main_type: "application", sub_type: "protobuf", attributes: {"message": "ShapeMessage"}, suffix: None }), Some(BINARY)), metadata: {}, matching_rules: MatchingRules { rules: {BODY: MatchingRuleCategory { name: BODY, rules: {DocPath { path_tokens: [Root, Field("rectangle"), Field("length")], expr: "$.rectangle.length" }: RuleList { rules: [Number], rule_logic: And, cascaded: false }, DocPath { path_tokens: [Root, Field("rectangle"), Field("width")], expr: "$.rectangle.width" }: RuleList { rules: [Number], rule_logic: And, cascaded: false }} }} }, generators: Generators { categories: {} } }, response: [MessageContents { contents: Present(b"\r\0\0@A", Some(ContentType { main_type: "application", sub_type: "protobuf", attributes: {"message": "AreaResponse"}, suffix: None }), Some(BINARY)), metadata: {}, matching_rules: MatchingRules { rules: {BODY: MatchingRuleCategory { name: BODY, rules: {DocPath { path_tokens: [Root, Field("value")], expr: "$.value" }: RuleList { rules: [Number], rule_logic: And, cascaded: false }} }} }, generators: Generators { categories: {} } }], pending: false, plugin_config: {"protobuf": {"service": String("Calculator/calculateOne"), "descriptorKey": String("a85dff8f82655a9681aad113575dcfbb")}}, interaction_markup: InteractionMarkup { markup: "```protobuf\nmessage ShapeMessage {\n    message .area_calculator.Rectangle rectangle = 2;\n}\n```\n\n```protobuf\nmessage AreaResponse {\n    float value = 1;\n}\n```\n", markup_type: "COMMON_MARK" }, transport: None })}, server_key: "5cae5f82-fec2-43c6-9739-60d0383d84ec" } ?[3mreq?[0m?[2m=?[0mRequest { method: POST, uri: http://127.0.0.1:53791/area_calculator.Calculator/calculateOne, version: HTTP/2.0, headers: {"content-type": "application/grpc", "te": "trailers", "user-agent": "grpc-java-netty/1.49.0", "grpc-accept-encoding": "gzip"}, body: Body(Streaming) }?[1m}?[0m?[2m:?[0m?[1mmock_server_handler?[0m?[1m{?[0m?[3mkey?[0m?[2m=?[0m"5cae5f82-fec2-43c6-9739-60d0383d84ec"?[1m}?[0m?[2m:?[0m?[1mhandle_message?[0m?[1m{?[0m?[3mself?[0m?[2m=?[0mMockService { file_descriptor_set: FileDescriptorSet { file: [FileDescriptorProto { name: Some("area_calculator.proto"), package: Some("area_calculator"), dependency: [], public_dependency: [], weak_dependency: [], message_type: [DescriptorProto { name: Some("ShapeMessage"), field: [FieldDescriptorProto { name: Some("square"), number: Some(1), label: Some(Optional), r#type: Some(Message), type_name: Some(".area_calculator.Square"), extendee: None, default_value: None, oneof_index: Some(0), json_name: Some("square"), options: None, proto3_optional: None }, FieldDescriptorProto { name: Some("rectangle"), number: Some(2), label: Some(Optional), r#type: Some(Message), type_name: Some(".area_calculator.Rectangle"), extendee: None, default_value: None, oneof_index: Some(0), json_name: Some("rectangle"), options: None, proto3_optional: None }, FieldDescriptorProto { name: Some("circle"), number: Some(3), label: Some(Optional), r#type: Some(Message), type_name: Some(".area_calculator.Circle"), extendee: None, default_value: None, oneof_index: Some(0), json_name: Some("circle"), options: None, proto3_optional: None }, FieldDescriptorProto { name: Some("triangle"), number: Some(4), label: Some(Optional), r#type: Some(Message), type_name: Some(".area_calculator.Triangle"), extendee: None, default_value: None, oneof_index: Some(0), json_name: Some("triangle"), options: None, proto3_optional: None }, FieldDescriptorProto { name: Some("parallelogram"), number: Some(5), label: Some(Optional), r#type: Some(Message), type_name: Some(".area_calculator.Parallelogram"), extendee: None, default_value: None, oneof_index: Some(0), json_name: Some("parallelogram"), options: None, proto3_optional: None }], extension: [], nested_type: [], enum_type: [], extension_range: [], oneof_decl: [OneofDescriptorProto { name: Some("shape"), options: None }], options: None, reserved_range: [], reserved_name: [] }, DescriptorProto { name: Some("Square"), field: [FieldDescriptorProto { name: Some("edge_length"), number: Some(1), label: Some(Optional), r#type: Some(Float), type_name: None, extendee: None, default_value: None, oneof_index: None, json_name: Some("edgeLength"), options: None, proto3_optional: None }], extension: [], nested_type: [], enum_type: [], extension_range: [], oneof_decl: [], options: None, reserved_range: [], reserved_name: [] }, DescriptorProto { name: Some("Rectangle"), field: [FieldDescriptorProto { name: Some("length"), number: Some(1), label: Some(Optional), r#type: Some(Float), type_name: None, extendee: None, default_value: None, oneof_index: None, json_name: Some("length"), options: None, proto3_optional: None }, FieldDescriptorProto { name: Some("width"), number: Some(2), label: Some(Optional), r#type: Some(Float), type_name: None, extendee: None, default_value: None, oneof_index: None, json_name: Some("width"), options: None, proto3_optional: None }], extension: [], nested_type: [], enum_type: [], extension_range: [], oneof_decl: [], options: None, reserved_range: [], reserved_name: [] }, DescriptorProto { name: Some("Circle"), field: [FieldDescriptorProto { name: Some("radius"), number: Some(1), label: Some(Optional), r#type: Some(Float), type_name: None, extendee: None, default_value: None, oneof_index: None, json_name: Some("radius"), options: None, proto3_optional: None }], extension: [], nested_type: [], enum_type: [], extension_range: [], oneof_decl: [], options: None, reserved_range: [], reserved_name: [] }, DescriptorProto { name: Some("Triangle"), field: [FieldDescriptorProto { name: Some("edge_a"), number: Some(1), label: Some(Optional), r#type: Some(Float), type_name: None, extendee: None, default_value: None, oneof_index: None, json_name: Some("edgeA"), options: None, proto3_optional: None }, FieldDescriptorProto { name: Some("edge_b"), number: Some(2), label: Some(Optional), r#type: Some(Float), type_name: None, extendee: None, default_value: None, oneof_index: None, json_name: Some("edgeB"), options: None, proto3_optional: None }, FieldDescriptorProto { name: Some("edge_c"), number: Some(3), label: Some(Optional), r#type: Some(Float), type_name: None, extendee: None, default_value: None, oneof_index: None, json_name: Some("edgeC"), options: None, proto3_optional: None }], extension: [], nested_type: [], enum_type: [], extension_range: [], oneof_decl: [], options: None, reserved_range: [], reserved_name: [] }, DescriptorProto { name: Some("Parallelogram"), field: [FieldDescriptorProto { name: Some("base_length"), number: Some(1), label: Some(Optional), r#type: Some(Float), type_name: None, extendee: None, default_value: None, oneof_index: None, json_name: Some("baseLength"), options: None, proto3_optional: None }, FieldDescriptorProto { name: Some("height"), number: Some(2), label: Some(Optional), r#type: Some(Float), type_name: None, extendee: None, default_value: None, oneof_index: None, json_name: Some("height"), options: None, proto3_optional: None }], extension: [], nested_type: [], enum_type: [], extension_range: [], oneof_decl: [], options: None, reserved_range: [], reserved_name: [] }, DescriptorProto { name: Some("AreaRequest"), field: [FieldDescriptorProto { name: Some("shapes"), number: Some(1), label: Some(Repeated), r#type: Some(Message), type_name: Some(".area_calculator.ShapeMessage"), extendee: None, default_value: None, oneof_index: None, json_name: Some("shapes"), options: None, proto3_optional: None }], extension: [], nested_type: [], enum_type: [], extension_range: [], oneof_decl: [], options: None, reserved_range: [], reserved_name: [] }, DescriptorProto { name: Some("AreaResponse"), field: [FieldDescriptorProto { name: Some("value"), number: Some(1), label: Some(Repeated), r#type: Some(Float), type_name: None, extendee: None, default_value: None, oneof_index: None, json_name: Some("value"), options: None, proto3_optional: None }], extension: [], nested_type: [], enum_type: [], extension_range: [], oneof_decl: [], options: None, reserved_range: [], reserved_name: [] }], enum_type: [], service: [ServiceDescriptorProto { name: Some("Calculator"), method: [MethodDescriptorProto { name: Some("calculateOne"), input_type: Some(".area_calculator.ShapeMessage"), output_type: Some(".area_calculator.AreaResponse"), options: Some(MethodOptions { deprecated: None, idempotency_level: None, uninterpreted_option: [] }), client_streaming: None, server_streaming: None }, MethodDescriptorProto { name: Some("calculateMulti"), input_type: Some(".area_calculator.AreaRequest"), output_type: Some(".area_calculator.AreaResponse"), options: Some(MethodOptions { deprecated: None, idempotency_level: None, uninterpreted_option: [] }), client_streaming: None, server_streaming: None }], options: None }], extension: [], options: Some(FileOptions { java_package: None, java_outer_classname: None, java_multiple_files: None, java_generate_equals_and_hash: None, java_string_check_utf8: None, optimize_for: None, go_package: Some("io.pact/area_calculator"), cc_generic_services: None, java_generic_services: None, py_generic_services: None, php_generic_services: Some(true), deprecated: None, cc_enable_arenas: None, objc_class_prefix: None, csharp_namespace: None, swift_prefix: None, php_class_prefix: None, php_namespace: None, php_metadata_namespace: None, ruby_package: None, uninterpreted_option: [] }), source_code_info: None, syntax: Some("proto3") }] }, service_name: "Calculator", message: SynchronousMessage { id: None, key: Some("c7fbe3ee"), description: "calculate rectangle area request", provider_states: [], comments: {"testname": String("io.pact.example.grpc.consumer.PactConsumerTest.calculateRectangleArea(MockServer, SynchronousMessages)")}, request: MessageContents { contents: Present(b"\x12\n\r\0\0@@\x15\0\0\x80@", Some(ContentType { main_type: "application", sub_type: "protobuf", attributes: {"message": "ShapeMessage"}, suffix: None }), Some(BINARY)), metadata: {}, matching_rules: MatchingRules { rules: {BODY: MatchingRuleCategory { name: BODY, rules: {DocPath { path_tokens: [Root, Field("rectangle"), Field("length")], expr: "$.rectangle.length" }: RuleList { rules: [Number], rule_logic: And, cascaded: false }, DocPath { path_tokens: [Root, Field("rectangle"), Field("width")], expr: "$.rectangle.width" }: RuleList { rules: [Number], rule_logic: And, cascaded: false }} }} }, generators: Generators { categories: {} } }, response: [MessageContents { contents: Present(b"\r\0\0@A", Some(ContentType { main_type: "application", sub_type: "protobuf", attributes: {"message": "AreaResponse"}, suffix: None }), Some(BINARY)), metadata: {}, matching_rules: MatchingRules { rules: {BODY: MatchingRuleCategory { name: BODY, rules: {DocPath { path_tokens: [Root, Field("value")], expr: "$.value" }: RuleList { rules: [Number], rule_logic: And, cascaded: false }} }} }, generators: Generators { categories: {} } }], pending: false, plugin_config: {"protobuf": {"service": String("Calculator/calculateOne"), "descriptorKey": String("a85dff8f82655a9681aad113575dcfbb")}}, interaction_markup: InteractionMarkup { markup: "```protobuf\nmessage ShapeMessage {\n    message .area_calculator.Rectangle rectangle = 2;\n}\n```\n\n```protobuf\nmessage AreaResponse {\n    float value = 1;\n}\n```\n", markup_type: "COMMON_MARK" }, transport: None }, method_descriptor: MethodDescriptorProto { name: Some("calculateOne"), input_type: Some(".area_calculator.ShapeMessage"), output_type: Some(".area_calculator.AreaResponse"), options: Some(MethodOptions { deprecated: None, idempotency_level: None, uninterpreted_option: [] }), client_streaming: None, server_streaming: None }, input_message: DescriptorProto { name: Some("ShapeMessage"), field: [FieldDescriptorProto { name: Some("square"), number: Some(1), label: Some(Optional), r#type: Some(Message), type_name: Some(".area_calculator.Square"), extendee: None, default_value: None, oneof_index: Some(0), json_name: Some("square"), options: None, proto3_optional: None }, FieldDescriptorProto { name: Some("rectangle"), number: Some(2), label: Some(Optional), r#type: Some(Message), type_name: Some(".area_calculator.Rectangle"), extendee: None, default_value: None, oneof_index: Some(0), json_name: Some("rectangle"), options: None, proto3_optional: None }, FieldDescriptorProto { name: Some("circle"), number: Some(3), label: Some(Optional), r#type: Some(Message), type_name: Some(".area_calculator.Circle"), extendee: None, default_value: None, oneof_index: Some(0), json_name: Some("circle"), options: None, proto3_optional: None }, FieldDescriptorProto { name: Some("triangle"), number: Some(4), label: Some(Optional), r#type: Some(Message), type_name: Some(".area_calculator.Triangle"), extendee: None, default_value: None, oneof_index: Some(0), json_name: Some("triangle"), options: None, proto3_optional: None }, FieldDescriptorProto { name: Some("parallelogram"), number: Some(5), label: Some(Optional), r#type: Some(Message), type_name: Some(".area_calculator.Parallelogram"), extendee: None, default_value: None, oneof_index: Some(0), json_name: Some("parallelogram"), options: None, proto3_optional: None }], extension: [], nested_type: [], enum_type: [], extension_range: [], oneof_decl: [OneofDescriptorProto { name: Some("shape"), options: None }], options: None, reserved_range: [], reserved_name: [] }, output_message: DescriptorProto { name: Some("AreaResponse"), field: [FieldDescriptorProto { name: Some("value"), number: Some(1), label: Some(Repeated), r#type: Some(Float), type_name: None, extendee: None, default_value: None, oneof_index: None, json_name: Some("value"), options: None, proto3_optional: None }], extension: [], nested_type: [], enum_type: [], extension_range: [], oneof_decl: [], options: None, reserved_range: [], reserved_name: [] }, server_key: "5cae5f82-fec2-43c6-9739-60d0383d84ec" } ?[3mrequest?[0m?[2m=?[0mDynamicMessage { descriptor: DescriptorProto { name: Some("ShapeMessage"), field: [FieldDescriptorProto { name: Some("square"), number: Some(1), label: Some(Optional), r#type: Some(Message), type_name: Some(".area_calculator.Square"), extendee: None, default_value: None, oneof_index: Some(0), json_name: Some("square"), options: None, proto3_optional: None }, FieldDescriptorProto { name: Some("rectangle"), number: Some(2), label: Some(Optional), r#type: Some(Message), type_name: Some(".area_calculator.Rectangle"), extendee: None, default_value: None, oneof_index: Some(0), json_name: Some("rectangle"), options: None, proto3_optional: None }, FieldDescriptorProto { name: Some("circle"), number: Some(3), label: Some(Optional), r#type: Some(Message), type_name: Some(".area_calculator.Circle"), extendee: None, default_value: None, oneof_index: Some(0), json_name: Some("circle"), options: None, proto3_optional: None }, FieldDescriptorProto { name: Some("triangle"), number: Some(4), label: Some(Optional), r#type: Some(Message), type_name: Some(".area_calculator.Triangle"), extendee: None, default_value: None, oneof_index: Some(0), json_name: Some("triangle"), options: None, proto3_optional: None }, FieldDescriptorProto { name: Some("parallelogram"), number: Some(5), label: Some(Optional), r#type: Some(Message), type_name: Some(".area_calculator.Parallelogram"), extendee: None, default_value: None, oneof_index: Some(0), json_name: Some("parallelogram"), options: None, proto3_optional: None }], extension: [], nested_type: [], enum_type: [], extension_range: [], oneof_decl: [OneofDescriptorProto { name: Some("shape"), options: None }], options: None, reserved_range: [], reserved_name: [] }, fields: [ProtobufField { field_num: 2, wire_type: LengthDelimited, data: Message([13, 0, 0, 64, 64, 21, 0, 0, 128, 64], DescriptorProto { name: Some("Rectangle"), field: [FieldDescriptorProto { name: Some("length"), number: Some(1), label: Some(Optional), r#type: Some(Float), type_name: None, extendee: None, default_value: None, oneof_index: None, json_name: Some("length"), options: None, proto3_optional: None }, FieldDescriptorProto { name: Some("width"), number: Some(2), label: Some(Optional), r#type: Some(Float), type_name: None, extendee: None, default_value: None, oneof_index: None, json_name: Some("width"), options: None, proto3_optional: None }], extension: [], nested_type: [], enum_type: [], extension_range: [], oneof_decl: [], options: None, reserved_range: [], reserved_name: [] }) }] } ?[3mmessage_descriptor?[0m?[2m=?[0mDescriptorProto { name: Some("ShapeMessage"), field: [FieldDescriptorProto { name: Some("square"), number: Some(1), label: Some(Optional), r#type: Some(Message), type_name: Some(".area_calculator.Square"), extendee: None, default_value: None, oneof_index: Some(0), json_name: Some("square"), options: None, proto3_optional: None }, FieldDescriptorProto { name: Some("rectangle"), number: Some(2), label: Some(Optional), r#type: Some(Message), type_name: Some(".area_calculator.Rectangle"), extendee: None, default_value: None, oneof_index: Some(0), json_name: Some("rectangle"), options: None, proto3_optional: None }, FieldDescriptorProto { name: Some("circle"), number: Some(3), label: Some(Optional), r#type: Some(Message), type_name: Some(".area_calculator.Circle"), extendee: None, default_value: None, oneof_index: Some(0), json_name: Some("circle"), options: None, proto3_optional: None }, FieldDescriptorProto { name: Some("triangle"), number: Some(4), label: Some(Optional), r#type: Some(Message), type_name: Some(".area_calculator.Triangle"), extendee: None, default_value: None, oneof_index: Some(0), json_name: Some("triangle"), options: None, proto3_optional: None }, FieldDescriptorProto { name: Some("parallelogram"), number: Some(5), label: Some(Optional), r#type: Some(Message), type_name: Some(".area_calculator.Parallelogram"), extendee: None, default_value: None, oneof_index: Some(0), json_name: Some("parallelogram"), options: None, proto3_optional: None }], extension: [], nested_type: [], enum_type: [], extension_range: [], oneof_decl: [OneofDescriptorProto { name: Some("shape"), options: None }], options: None, reserved_range: [], reserved_name: [] } ?[3mresponse_descriptor?[0m?[2m=?[0mDescriptorProto { name: Some("AreaResponse"), field: [FieldDescriptorProto { name: Some("value"), number: Some(1), label: Some(Repeated), r#type: Some(Float), type_name: None, extendee: None, default_value: None, oneof_index: None, json_name: Some("value"), options: None, proto3_optional: None }], extension: [], nested_type: [], enum_type: [], extension_range: [], oneof_decl: [], options: None, reserved_range: [], reserved_name: [] }?[1m}?[0m?[2m:?[0m ?[2mpact_models::path_exp?[0m?[2m:?[0m Calculated weight (0, 3) for path '$.rectangle.length' and '["$", "rectangle", "width"]'
15:05:16.545 [Thread-5] DEBUG i.pact.plugins.jvm.core.ChildProcess - Plugin protobuf [46038] || ?[2m2023-03-27T09:35:16.544133Z?[0m ?[35mTRACE?[0m tokio-runtime-worker ?[1mrequest?[0m?[1m{?[0m?[3mmethod?[0m?[2m=?[0mPOST ?[3muri?[0m?[2m=?[0mhttp://127.0.0.1:53791/area_calculator.Calculator/calculateOne ?[3mversion?[0m?[2m=?[0mHTTP/2.0?[1m}?[0m?[2m:?[0m?[1mcall?[0m?[1m{?[0m?[3mself?[0m?[2m=?[0mGrpcMockServer { pact: V4Pact { consumer: Consumer { name: "grpc-consumer-jvm" }, provider: Provider { name: "area-calculator-provider" }, interactions: [SynchronousMessage { id: None, key: Some("c7fbe3ee"), description: "calculate rectangle area request", provider_states: [], comments: {"testname": String("io.pact.example.grpc.consumer.PactConsumerTest.calculateRectangleArea(MockServer, SynchronousMessages)")}, request: MessageContents { contents: Present(b"\x12\n\r\0\0@@\x15\0\0\x80@", Some(ContentType { main_type: "application", sub_type: "protobuf", attributes: {"message": "ShapeMessage"}, suffix: None }), Some(BINARY)), metadata: {}, matching_rules: MatchingRules { rules: {BODY: MatchingRuleCategory { name: BODY, rules: {DocPath { path_tokens: [Root, Field("rectangle"), Field("length")], expr: "$.rectangle.length" }: RuleList { rules: [Number], rule_logic: And, cascaded: false }, DocPath { path_tokens: [Root, Field("rectangle"), Field("width")], expr: "$.rectangle.width" }: RuleList { rules: [Number], rule_logic: And, cascaded: false }} }} }, generators: Generators { categories: {} } }, response: [MessageContents { contents: Present(b"\r\0\0@A", Some(ContentType { main_type: "application", sub_type: "protobuf", attributes: {"message": "AreaResponse"}, suffix: None }), Some(BINARY)), metadata: {}, matching_rules: MatchingRules { rules: {BODY: MatchingRuleCategory { name: BODY, rules: {DocPath { path_tokens: [Root, Field("value")], expr: "$.value" }: RuleList { rules: [Number], rule_logic: And, cascaded: false }} }} }, generators: Generators { categories: {} } }], pending: false, plugin_config: {"protobuf": {"service": String("Calculator/calculateOne"), "descriptorKey": String("a85dff8f82655a9681aad113575dcfbb")}}, interaction_markup: InteractionMarkup { markup: "```protobuf\nmessage ShapeMessage {\n    message .area_calculator.Rectangle rectangle = 2;\n}\n```\n\n```protobuf\nmessage AreaResponse {\n    float value = 1;\n}\n```\n", markup_type: "COMMON_MARK" }, transport: None }], metadata: {"pact-jvm": Object({"version": String("4.4.2")}), "pactSpecification": Object({"version": String("4.0")})}, plugin_data: [PluginData { name: "protobuf", version: "0.1.5", configuration: {"a85dff8f82655a9681aad113575dcfbb": Object({"protoDescriptors": String("CsoHChVhcmVhX2NhbGN1bGF0b3IucHJvdG8SD2FyZWFfY2FsY3VsYXRvciK6AgoMU2hhcGVNZXNzYWdlEjEKBnNxdWFyZRgBIAEoCzIXLmFyZWFfY2FsY3VsYXRvci5TcXVhcmVIAFIGc3F1YXJlEjoKCXJlY3RhbmdsZRgCIAEoCzIaLmFyZWFfY2FsY3VsYXRvci5SZWN0YW5nbGVIAFIJcmVjdGFuZ2xlEjEKBmNpcmNsZRgDIAEoCzIXLmFyZWFfY2FsY3VsYXRvci5DaXJjbGVIAFIGY2lyY2xlEjcKCHRyaWFuZ2xlGAQgASgLMhkuYXJlYV9jYWxjdWxhdG9yLlRyaWFuZ2xlSABSCHRyaWFuZ2xlEkYKDXBhcmFsbGVsb2dyYW0YBSABKAsyHi5hcmVhX2NhbGN1bGF0b3IuUGFyYWxsZWxvZ3JhbUgAUg1wYXJhbGxlbG9ncmFtQgcKBXNoYXBlIikKBlNxdWFyZRIfCgtlZGdlX2xlbmd0aBgBIAEoAlIKZWRnZUxlbmd0aCI5CglSZWN0YW5nbGUSFgoGbGVuZ3RoGAEgASgCUgZsZW5ndGgSFAoFd2lkdGgYAiABKAJSBXdpZHRoIiAKBkNpcmNsZRIWCgZyYWRpdXMYASABKAJSBnJhZGl1cyJPCghUcmlhbmdsZRIVCgZlZGdlX2EYASABKAJSBWVkZ2VBEhUKBmVkZ2VfYhgCIAEoAlIFZWRnZUISFQoGZWRnZV9jGAMgASgCUgVlZGdlQyJICg1QYXJhbGxlbG9ncmFtEh8KC2Jhc2VfbGVuZ3RoGAEgASgCUgpiYXNlTGVuZ3RoEhYKBmhlaWdodBgCIAEoAlIGaGVpZ2h0IkQKC0FyZWFSZXF1ZXN0EjUKBnNoYXBlcxgBIAMoCzIdLmFyZWFfY2FsY3VsYXRvci5TaGFwZU1lc3NhZ2VSBnNoYXBlcyIkCgxBcmVhUmVzcG9uc2USFAoFdmFsdWUYASADKAJSBXZhbHVlMq0BCgpDYWxjdWxhdG9yEk4KDGNhbGN1bGF0ZU9uZRIdLmFyZWFfY2FsY3VsYXRvci5TaGFwZU1lc3NhZ2UaHS5hcmVhX2NhbGN1bGF0b3IuQXJlYVJlc3BvbnNlIgASTwoOY2FsY3VsYXRlTXVsdGkSHC5hcmVhX2NhbGN1bGF0b3IuQXJlYVJlcXVlc3QaHS5hcmVhX2NhbGN1bGF0b3IuQXJlYVJlc3BvbnNlIgBCHFoXaW8ucGFjdC9hcmVhX2NhbGN1bGF0b3LQAgFiBnByb3RvMw=="), "protoFile": String("syntax = \"proto3\";\n\npackage area_calculator;\n\noption php_generic_services = true;\noption go_package = \"io.pact/area_calculator\";\n\nservice Calculator {\n  rpc calculateOne (ShapeMessage) returns (AreaResponse) {}\n  rpc calculateMulti (AreaRequest) returns (AreaResponse) {}\n}\n\nmessage ShapeMessage {\n  oneof shape {\n    Square square = 1;\n    Rectangle rectangle = 2;\n    Circle circle = 3;\n    Triangle triangle = 4;\n    Parallelogram parallelogram = 5;\n  }\n}\n\nmessage Square {\n  float edge_length = 1;\n}\n\nmessage Rectangle {\n  float length = 1;\n  float width = 2;\n}\n\nmessage Circle {\n  float radius = 1;\n}\n\nmessage Triangle {\n  float edge_a = 1;\n  float edge_b = 2;\n  float edge_c = 3;\n}\n\nmessage Parallelogram {\n  float base_length = 1;\n  float height = 2;\n}\n\nmessage AreaRequest {\n  repeated ShapeMessage shapes = 1;\n}\n\nmessage AreaResponse {\n  repeated float value = 1;\n}\n")})} }] }, plugin_config: PluginData { name: "protobuf", version: "0.1.5", configuration: {"a85dff8f82655a9681aad113575dcfbb": Object({"protoDescriptors": String("CsoHChVhcmVhX2NhbGN1bGF0b3IucHJvdG8SD2FyZWFfY2FsY3VsYXRvciK6AgoMU2hhcGVNZXNzYWdlEjEKBnNxdWFyZRgBIAEoCzIXLmFyZWFfY2FsY3VsYXRvci5TcXVhcmVIAFIGc3F1YXJlEjoKCXJlY3RhbmdsZRgCIAEoCzIaLmFyZWFfY2FsY3VsYXRvci5SZWN0YW5nbGVIAFIJcmVjdGFuZ2xlEjEKBmNpcmNsZRgDIAEoCzIXLmFyZWFfY2FsY3VsYXRvci5DaXJjbGVIAFIGY2lyY2xlEjcKCHRyaWFuZ2xlGAQgASgLMhkuYXJlYV9jYWxjdWxhdG9yLlRyaWFuZ2xlSABSCHRyaWFuZ2xlEkYKDXBhcmFsbGVsb2dyYW0YBSABKAsyHi5hcmVhX2NhbGN1bGF0b3IuUGFyYWxsZWxvZ3JhbUgAUg1wYXJhbGxlbG9ncmFtQgcKBXNoYXBlIikKBlNxdWFyZRIfCgtlZGdlX2xlbmd0aBgBIAEoAlIKZWRnZUxlbmd0aCI5CglSZWN0YW5nbGUSFgoGbGVuZ3RoGAEgASgCUgZsZW5ndGgSFAoFd2lkdGgYAiABKAJSBXdpZHRoIiAKBkNpcmNsZRIWCgZyYWRpdXMYASABKAJSBnJhZGl1cyJPCghUcmlhbmdsZRIVCgZlZGdlX2EYASABKAJSBWVkZ2VBEhUKBmVkZ2VfYhgCIAEoAlIFZWRnZUISFQoGZWRnZV9jGAMgASgCUgVlZGdlQyJICg1QYXJhbGxlbG9ncmFtEh8KC2Jhc2VfbGVuZ3RoGAEgASgCUgpiYXNlTGVuZ3RoEhYKBmhlaWdodBgCIAEoAlIGaGVpZ2h0IkQKC0FyZWFSZXF1ZXN0EjUKBnNoYXBlcxgBIAMoCzIdLmFyZWFfY2FsY3VsYXRvci5TaGFwZU1lc3NhZ2VSBnNoYXBlcyIkCgxBcmVhUmVzcG9uc2USFAoFdmFsdWUYASADKAJSBXZhbHVlMq0BCgpDYWxjdWxhdG9yEk4KDGNhbGN1bGF0ZU9uZRIdLmFyZWFfY2FsY3VsYXRvci5TaGFwZU1lc3NhZ2UaHS5hcmVhX2NhbGN1bGF0b3IuQXJlYVJlc3BvbnNlIgASTwoOY2FsY3VsYXRlTXVsdGkSHC5hcmVhX2NhbGN1bGF0b3IuQXJlYVJlcXVlc3QaHS5hcmVhX2NhbGN1bGF0b3IuQXJlYVJlc3BvbnNlIgBCHFoXaW8ucGFjdC9hcmVhX2NhbGN1bGF0b3LQAgFiBnByb3RvMw=="), "protoFile": String("syntax = \"proto3\";\n\npackage area_calculator;\n\noption php_generic_services = true;\noption go_package = \"io.pact/area_calculator\";\n\nservice Calculator {\n  rpc calculateOne (ShapeMessage) returns (AreaResponse) {}\n  rpc calculateMulti (AreaRequest) returns (AreaResponse) {}\n}\n\nmessage ShapeMessage {\n  oneof shape {\n    Square square = 1;\n    Rectangle rectangle = 2;\n    Circle circle = 3;\n    Triangle triangle = 4;\n    Parallelogram parallelogram = 5;\n  }\n}\n\nmessage Square {\n  float edge_length = 1;\n}\n\nmessage Rectangle {\n  float length = 1;\n  float width = 2;\n}\n\nmessage Circle {\n  float radius = 1;\n}\n\nmessage Triangle {\n  float edge_a = 1;\n  float edge_b = 2;\n  float edge_c = 3;\n}\n\nmessage Parallelogram {\n  float base_length = 1;\n  float height = 2;\n}\n\nmessage AreaRequest {\n  repeated ShapeMessage shapes = 1;\n}\n\nmessage AreaResponse {\n  repeated float value = 1;\n}\n")})} }, descriptors: {"a85dff8f82655a9681aad113575dcfbb": FileDescriptorSet { file: [FileDescriptorProto { name: Some("area_calculator.proto"), package: Some("area_calculator"), dependency: [], public_dependency: [], weak_dependency: [], message_type: [DescriptorProto { name: Some("ShapeMessage"), field: [FieldDescriptorProto { name: Some("square"), number: Some(1), label: Some(Optional), r#type: Some(Message), type_name: Some(".area_calculator.Square"), extendee: None, default_value: None, oneof_index: Some(0), json_name: Some("square"), options: None, proto3_optional: None }, FieldDescriptorProto { name: Some("rectangle"), number: Some(2), label: Some(Optional), r#type: Some(Message), type_name: Some(".area_calculator.Rectangle"), extendee: None, default_value: None, oneof_index: Some(0), json_name: Some("rectangle"), options: None, proto3_optional: None }, FieldDescriptorProto { name: Some("circle"), number: Some(3), label: Some(Optional), r#type: Some(Message), type_name: Some(".area_calculator.Circle"), extendee: None, default_value: None, oneof_index: Some(0), json_name: Some("circle"), options: None, proto3_optional: None }, FieldDescriptorProto { name: Some("triangle"), number: Some(4), label: Some(Optional), r#type: Some(Message), type_name: Some(".area_calculator.Triangle"), extendee: None, default_value: None, oneof_index: Some(0), json_name: Some("triangle"), options: None, proto3_optional: None }, FieldDescriptorProto { name: Some("parallelogram"), number: Some(5), label: Some(Optional), r#type: Some(Message), type_name: Some(".area_calculator.Parallelogram"), extendee: None, default_value: None, oneof_index: Some(0), json_name: Some("parallelogram"), options: None, proto3_optional: None }], extension: [], nested_type: [], enum_type: [], extension_range: [], oneof_decl: [OneofDescriptorProto { name: Some("shape"), options: None }], options: None, reserved_range: [], reserved_name: [] }, DescriptorProto { name: Some("Square"), field: [FieldDescriptorProto { name: Some("edge_length"), number: Some(1), label: Some(Optional), r#type: Some(Float), type_name: None, extendee: None, default_value: None, oneof_index: None, json_name: Some("edgeLength"), options: None, proto3_optional: None }], extension: [], nested_type: [], enum_type: [], extension_range: [], oneof_decl: [], options: None, reserved_range: [], reserved_name: [] }, DescriptorProto { name: Some("Rectangle"), field: [FieldDescriptorProto { name: Some("length"), number: Some(1), label: Some(Optional), r#type: Some(Float), type_name: None, extendee: None, default_value: None, oneof_index: None, json_name: Some("length"), options: None, proto3_optional: None }, FieldDescriptorProto { name: Some("width"), number: Some(2), label: Some(Optional), r#type: Some(Float), type_name: None, extendee: None, default_value: None, oneof_index: None, json_name: Some("width"), options: None, proto3_optional: None }], extension: [], nested_type: [], enum_type: [], extension_range: [], oneof_decl: [], options: None, reserved_range: [], reserved_name: [] }, DescriptorProto { name: Some("Circle"), field: [FieldDescriptorProto { name: Some("radius"), number: Some(1), label: Some(Optional), r#type: Some(Float), type_name: None, extendee: None, default_value: None, oneof_index: None, json_name: Some("radius"), options: None, proto3_optional: None }], extension: [], nested_type: [], enum_type: [], extension_range: [], oneof_decl: [], options: None, reserved_range: [], reserved_name: [] }, DescriptorProto { name: Some("Triangle"), field: [FieldDescriptorProto { name: Some("edge_a"), number: Some(1), label: Some(Optional), r#type: Some(Float), type_name: None, extendee: None, default_value: None, oneof_index: None, json_name: Some("edgeA"), options: None, proto3_optional: None }, FieldDescriptorProto { name: Some("edge_b"), number: Some(2), label: Some(Optional), r#type: Some(Float), type_name: None, extendee: None, default_value: None, oneof_index: None, json_name: Some("edgeB"), options: None, proto3_optional: None }, FieldDescriptorProto { name: Some("edge_c"), number: Some(3), label: Some(Optional), r#type: Some(Float), type_name: None, extendee: None, default_value: None, oneof_index: None, json_name: Some("edgeC"), options: None, proto3_optional: None }], extension: [], nested_type: [], enum_type: [], extension_range: [], oneof_decl: [], options: None, reserved_range: [], reserved_name: [] }, DescriptorProto { name: Some("Parallelogram"), field: [FieldDescriptorProto { name: Some("base_length"), number: Some(1), label: Some(Optional), r#type: Some(Float), type_name: None, extendee: None, default_value: None, oneof_index: None, json_name: Some("baseLength"), options: None, proto3_optional: None }, FieldDescriptorProto { name: Some("height"), number: Some(2), label: Some(Optional), r#type: Some(Float), type_name: None, extendee: None, default_value: None, oneof_index: None, json_name: Some("height"), options: None, proto3_optional: None }], extension: [], nested_type: [], enum_type: [], extension_range: [], oneof_decl: [], options: None, reserved_range: [], reserved_name: [] }, DescriptorProto { name: Some("AreaRequest"), field: [FieldDescriptorProto { name: Some("shapes"), number: Some(1), label: Some(Repeated), r#type: Some(Message), type_name: Some(".area_calculator.ShapeMessage"), extendee: None, default_value: None, oneof_index: None, json_name: Some("shapes"), options: None, proto3_optional: None }], extension: [], nested_type: [], enum_type: [], extension_range: [], oneof_decl: [], options: None, reserved_range: [], reserved_name: [] }, DescriptorProto { name: Some("AreaResponse"), field: [FieldDescriptorProto { name: Some("value"), number: Some(1), label: Some(Repeated), r#type: Some(Float), type_name: None, extendee: None, default_value: None, oneof_index: None, json_name: Some("value"), options: None, proto3_optional: None }], extension: [], nested_type: [], enum_type: [], extension_range: [], oneof_decl: [], options: None, reserved_range: [], reserved_name: [] }], enum_type: [], service: [ServiceDescriptorProto { name: Some("Calculator"), method: [MethodDescriptorProto { name: Some("calculateOne"), input_type: Some(".area_calculator.ShapeMessage"), output_type: Some(".area_calculator.AreaResponse"), options: Some(MethodOptions { deprecated: None, idempotency_level: None, uninterpreted_option: [] }), client_streaming: None, server_streaming: None }, MethodDescriptorProto { name: Some("calculateMulti"), input_type: Some(".area_calculator.AreaRequest"), output_type: Some(".area_calculator.AreaResponse"), options: Some(MethodOptions { deprecated: None, idempotency_level: None, uninterpreted_option: [] }), client_streaming: None, server_streaming: None }], options: None }], extension: [], options: Some(FileOptions { java_package: None, java_outer_classname: None, java_multiple_files: None, java_generate_equals_and_hash: None, java_string_check_utf8: None, optimize_for: None, go_package: Some("io.pact/area_calculator"), cc_generic_services: None, java_generic_services: None, py_generic_services: None, php_generic_services: Some(true), deprecated: None, cc_enable_arenas: None, objc_class_prefix: None, csharp_namespace: None, swift_prefix: None, php_class_prefix: None, php_namespace: None, php_metadata_namespace: None, ruby_package: None, uninterpreted_option: [] }), source_code_info: None, syntax: Some("proto3") }] }}, routes: {"Calculator/calculateOne": (FileDescriptorSet { file: [FileDescriptorProto { name: Some("area_calculator.proto"), package: Some("area_calculator"), dependency: [], public_dependency: [], weak_dependency: [], message_type: [DescriptorProto { name: Some("ShapeMessage"), field: [FieldDescriptorProto { name: Some("square"), number: Some(1), label: Some(Optional), r#type: Some(Message), type_name: Some(".area_calculator.Square"), extendee: None, default_value: None, oneof_index: Some(0), json_name: Some("square"), options: None, proto3_optional: None }, FieldDescriptorProto { name: Some("rectangle"), number: Some(2), label: Some(Optional), r#type: Some(Message), type_name: Some(".area_calculator.Rectangle"), extendee: None, default_value: None, oneof_index: Some(0), json_name: Some("rectangle"), options: None, proto3_optional: None }, FieldDescriptorProto { name: Some("circle"), number: Some(3), label: Some(Optional), r#type: Some(Message), type_name: Some(".area_calculator.Circle"), extendee: None, default_value: None, oneof_index: Some(0), json_name: Some("circle"), options: None, proto3_optional: None }, FieldDescriptorProto { name: Some("triangle"), number: Some(4), label: Some(Optional), r#type: Some(Message), type_name: Some(".area_calculator.Triangle"), extendee: None, default_value: None, oneof_index: Some(0), json_name: Some("triangle"), options: None, proto3_optional: None }, FieldDescriptorProto { name: Some("parallelogram"), number: Some(5), label: Some(Optional), r#type: Some(Message), type_name: Some(".area_calculator.Parallelogram"), extendee: None, default_value: None, oneof_index: Some(0), json_name: Some("parallelogram"), options: None, proto3_optional: None }], extension: [], nested_type: [], enum_type: [], extension_range: [], oneof_decl: [OneofDescriptorProto { name: Some("shape"), options: None }], options: None, reserved_range: [], reserved_name: [] }, DescriptorProto { name: Some("Square"), field: [FieldDescriptorProto { name: Some("edge_length"), number: Some(1), label: Some(Optional), r#type: Some(Float), type_name: None, extendee: None, default_value: None, oneof_index: None, json_name: Some("edgeLength"), options: None, proto3_optional: None }], extension: [], nested_type: [], enum_type: [], extension_range: [], oneof_decl: [], options: None, reserved_range: [], reserved_name: [] }, DescriptorProto { name: Some("Rectangle"), field: [FieldDescriptorProto { name: Some("length"), number: Some(1), label: Some(Optional), r#type: Some(Float), type_name: None, extendee: None, default_value: None, oneof_index: None, json_name: Some("length"), options: None, proto3_optional: None }, FieldDescriptorProto { name: Some("width"), number: Some(2), label: Some(Optional), r#type: Some(Float), type_name: None, extendee: None, default_value: None, oneof_index: None, json_name: Some("width"), options: None, proto3_optional: None }], extension: [], nested_type: [], enum_type: [], extension_range: [], oneof_decl: [], options: None, reserved_range: [], reserved_name: [] }, DescriptorProto { name: Some("Circle"), field: [FieldDescriptorProto { name: Some("radius"), number: Some(1), label: Some(Optional), r#type: Some(Float), type_name: None, extendee: None, default_value: None, oneof_index: None, json_name: Some("radius"), options: None, proto3_optional: None }], extension: [], nested_type: [], enum_type: [], extension_range: [], oneof_decl: [], options: None, reserved_range: [], reserved_name: [] }, DescriptorProto { name: Some("Triangle"), field: [FieldDescriptorProto { name: Some("edge_a"), number: Some(1), label: Some(Optional), r#type: Some(Float), type_name: None, extendee: None, default_value: None, oneof_index: None, json_name: Some("edgeA"), options: None, proto3_optional: None }, FieldDescriptorProto { name: Some("edge_b"), number: Some(2), label: Some(Optional), r#type: Some(Float), type_name: None, extendee: None, default_value: None, oneof_index: None, json_name: Some("edgeB"), options: None, proto3_optional: None }, FieldDescriptorProto { name: Some("edge_c"), number: Some(3), label: Some(Optional), r#type: Some(Float), type_name: None, extendee: None, default_value: None, oneof_index: None, json_name: Some("edgeC"), options: None, proto3_optional: None }], extension: [], nested_type: [], enum_type: [], extension_range: [], oneof_decl: [], options: None, reserved_range: [], reserved_name: [] }, DescriptorProto { name: Some("Parallelogram"), field: [FieldDescriptorProto { name: Some("base_length"), number: Some(1), label: Some(Optional), r#type: Some(Float), type_name: None, extendee: None, default_value: None, oneof_index: None, json_name: Some("baseLength"), options: None, proto3_optional: None }, FieldDescriptorProto { name: Some("height"), number: Some(2), label: Some(Optional), r#type: Some(Float), type_name: None, extendee: None, default_value: None, oneof_index: None, json_name: Some("height"), options: None, proto3_optional: None }], extension: [], nested_type: [], enum_type: [], extension_range: [], oneof_decl: [], options: None, reserved_range: [], reserved_name: [] }, DescriptorProto { name: Some("AreaRequest"), field: [FieldDescriptorProto { name: Some("shapes"), number: Some(1), label: Some(Repeated), r#type: Some(Message), type_name: Some(".area_calculator.ShapeMessage"), extendee: None, default_value: None, oneof_index: None, json_name: Some("shapes"), options: None, proto3_optional: None }], extension: [], nested_type: [], enum_type: [], extension_range: [], oneof_decl: [], options: None, reserved_range: [], reserved_name: [] }, DescriptorProto { name: Some("AreaResponse"), field: [FieldDescriptorProto { name: Some("value"), number: Some(1), label: Some(Repeated), r#type: Some(Float), type_name: None, extendee: None, default_value: None, oneof_index: None, json_name: Some("value"), options: None, proto3_optional: None }], extension: [], nested_type: [], enum_type: [], extension_range: [], oneof_decl: [], options: None, reserved_range: [], reserved_name: [] }], enum_type: [], service: [ServiceDescriptorProto { name: Some("Calculator"), method: [MethodDescriptorProto { name: Some("calculateOne"), input_type: Some(".area_calculator.ShapeMessage"), output_type: Some(".area_calculator.AreaResponse"), options: Some(MethodOptions { deprecated: None, idempotency_level: None, uninterpreted_option: [] }), client_streaming: None, server_streaming: None }, MethodDescriptorProto { name: Some("calculateMulti"), input_type: Some(".area_calculator.AreaRequest"), output_type: Some(".area_calculator.AreaResponse"), options: Some(MethodOptions { deprecated: None, idempotency_level: None, uninterpreted_option: [] }), client_streaming: None, server_streaming: None }], options: None }], extension: [], options: Some(FileOptions { java_package: None, java_outer_classname: None, java_multiple_files: None, java_generate_equals_and_hash: None, java_string_check_utf8: None, optimize_for: None, go_package: Some("io.pact/area_calculator"), cc_generic_services: None, java_generic_services: None, py_generic_services: None, php_generic_services: Some(true), deprecated: None, cc_enable_arenas: None, objc_class_prefix: None, csharp_namespace: None, swift_prefix: None, php_class_prefix: None, php_namespace: None, php_metadata_namespace: None, ruby_package: None, uninterpreted_option: [] }), source_code_info: None, syntax: Some("proto3") }] }, MethodDescriptorProto { name: Some("calculateOne"), input_type: Some(".area_calculator.ShapeMessage"), output_type: Some(".area_calculator.AreaResponse"), options: Some(MethodOptions { deprecated: None, idempotency_level: None, uninterpreted_option: [] }), client_streaming: None, server_streaming: None }, SynchronousMessage { id: None, key: Some("c7fbe3ee"), description: "calculate rectangle area request", provider_states: [], comments: {"testname": String("io.pact.example.grpc.consumer.PactConsumerTest.calculateRectangleArea(MockServer, SynchronousMessages)")}, request: MessageContents { contents: Present(b"\x12\n\r\0\0@@\x15\0\0\x80@", Some(ContentType { main_type: "application", sub_type: "protobuf", attributes: {"message": "ShapeMessage"}, suffix: None }), Some(BINARY)), metadata: {}, matching_rules: MatchingRules { rules: {BODY: MatchingRuleCategory { name: BODY, rules: {DocPath { path_tokens: [Root, Field("rectangle"), Field("length")], expr: "$.rectangle.length" }: RuleList { rules: [Number], rule_logic: And, cascaded: false }, DocPath { path_tokens: [Root, Field("rectangle"), Field("width")], expr: "$.rectangle.width" }: RuleList { rules: [Number], rule_logic: And, cascaded: false }} }} }, generators: Generators { categories: {} } }, response: [MessageContents { contents: Present(b"\r\0\0@A", Some(ContentType { main_type: "application", sub_type: "protobuf", attributes: {"message": "AreaResponse"}, suffix: None }), Some(BINARY)), metadata: {}, matching_rules: MatchingRules { rules: {BODY: MatchingRuleCategory { name: BODY, rules: {DocPath { path_tokens: [Root, Field("value")], expr: "$.value" }: RuleList { rules: [Number], rule_logic: And, cascaded: false }} }} }, generators: Generators { categories: {} } }], pending: false, plugin_config: {"protobuf": {"service": String("Calculator/calculateOne"), "descriptorKey": String("a85dff8f82655a9681aad113575dcfbb")}}, interaction_markup: InteractionMarkup { markup: "```protobuf\nmessage ShapeMessage {\n    message .area_calculator.Rectangle rectangle = 2;\n}\n```\n\n```protobuf\nmessage AreaResponse {\n    float value = 1;\n}\n```\n", markup_type: "COMMON_MARK" }, transport: None })}, server_key: "5cae5f82-fec2-43c6-9739-60d0383d84ec" } ?[3mreq?[0m?[2m=?[0mRequest { method: POST, uri: http://127.0.0.1:53791/area_calculator.Calculator/calculateOne, version: HTTP/2.0, headers: {"content-type": "application/grpc", "te": "trailers", "user-agent": "grpc-java-netty/1.49.0", "grpc-accept-encoding": "gzip"}, body: Body(Streaming) }?[1m}?[0m?[2m:?[0m?[1mmock_server_handler?[0m?[1m{?[0m?[3mkey?[0m?[2m=?[0m"5cae5f82-fec2-43c6-9739-60d0383d84ec"?[1m}?[0m?[2m:?[0m?[1mhandle_message?[0m?[1m{?[0m?[3mself?[0m?[2m=?[0mMockService { file_descriptor_set: FileDescriptorSet { file: [FileDescriptorProto { name: Some("area_calculator.proto"), package: Some("area_calculator"), dependency: [], public_dependency: [], weak_dependency: [], message_type: [DescriptorProto { name: Some("ShapeMessage"), field: [FieldDescriptorProto { name: Some("square"), number: Some(1), label: Some(Optional), r#type: Some(Message), type_name: Some(".area_calculator.Square"), extendee: None, default_value: None, oneof_index: Some(0), json_name: Some("square"), options: None, proto3_optional: None }, FieldDescriptorProto { name: Some("rectangle"), number: Some(2), label: Some(Optional), r#type: Some(Message), type_name: Some(".area_calculator.Rectangle"), extendee: None, default_value: None, oneof_index: Some(0), json_name: Some("rectangle"), options: None, proto3_optional: None }, FieldDescriptorProto { name: Some("circle"), number: Some(3), label: Some(Optional), r#type: Some(Message), type_name: Some(".area_calculator.Circle"), extendee: None, default_value: None, oneof_index: Some(0), json_name: Some("circle"), options: None, proto3_optional: None }, FieldDescriptorProto { name: Some("triangle"), number: Some(4), label: Some(Optional), r#type: Some(Message), type_name: Some(".area_calculator.Triangle"), extendee: None, default_value: None, oneof_index: Some(0), json_name: Some("triangle"), options: None, proto3_optional: None }, FieldDescriptorProto { name: Some("parallelogram"), number: Some(5), label: Some(Optional), r#type: Some(Message), type_name: Some(".area_calculator.Parallelogram"), extendee: None, default_value: None, oneof_index: Some(0), json_name: Some("parallelogram"), options: None, proto3_optional: None }], extension: [], nested_type: [], enum_type: [], extension_range: [], oneof_decl: [OneofDescriptorProto { name: Some("shape"), options: None }], options: None, reserved_range: [], reserved_name: [] }, DescriptorProto { name: Some("Square"), field: [FieldDescriptorProto { name: Some("edge_length"), number: Some(1), label: Some(Optional), r#type: Some(Float), type_name: None, extendee: None, default_value: None, oneof_index: None, json_name: Some("edgeLength"), options: None, proto3_optional: None }], extension: [], nested_type: [], enum_type: [], extension_range: [], oneof_decl: [], options: None, reserved_range: [], reserved_name: [] }, DescriptorProto { name: Some("Rectangle"), field: [FieldDescriptorProto { name: Some("length"), number: Some(1), label: Some(Optional), r#type: Some(Float), type_name: None, extendee: None, default_value: None, oneof_index: None, json_name: Some("length"), options: None, proto3_optional: None }, FieldDescriptorProto { name: Some("width"), number: Some(2), label: Some(Optional), r#type: Some(Float), type_name: None, extendee: None, default_value: None, oneof_index: None, json_name: Some("width"), options: None, proto3_optional: None }], extension: [], nested_type: [], enum_type: [], extension_range: [], oneof_decl: [], options: None, reserved_range: [], reserved_name: [] }, DescriptorProto { name: Some("Circle"), field: [FieldDescriptorProto { name: Some("radius"), number: Some(1), label: Some(Optional), r#type: Some(Float), type_name: None, extendee: None, default_value: None, oneof_index: None, json_name: Some("radius"), options: None, proto3_optional: None }], extension: [], nested_type: [], enum_type: [], extension_range: [], oneof_decl: [], options: None, reserved_range: [], reserved_name: [] }, DescriptorProto { name: Some("Triangle"), field: [FieldDescriptorProto { name: Some("edge_a"), number: Some(1), label: Some(Optional), r#type: Some(Float), type_name: None, extendee: None, default_value: None, oneof_index: None, json_name: Some("edgeA"), options: None, proto3_optional: None }, FieldDescriptorProto { name: Some("edge_b"), number: Some(2), label: Some(Optional), r#type: Some(Float), type_name: None, extendee: None, default_value: None, oneof_index: None, json_name: Some("edgeB"), options: None, proto3_optional: None }, FieldDescriptorProto { name: Some("edge_c"), number: Some(3), label: Some(Optional), r#type: Some(Float), type_name: None, extendee: None, default_value: None, oneof_index: None, json_name: Some("edgeC"), options: None, proto3_optional: None }], extension: [], nested_type: [], enum_type: [], extension_range: [], oneof_decl: [], options: None, reserved_range: [], reserved_name: [] }, DescriptorProto { name: Some("Parallelogram"), field: [FieldDescriptorProto { name: Some("base_length"), number: Some(1), label: Some(Optional), r#type: Some(Float), type_name: None, extendee: None, default_value: None, oneof_index: None, json_name: Some("baseLength"), options: None, proto3_optional: None }, FieldDescriptorProto { name: Some("height"), number: Some(2), label: Some(Optional), r#type: Some(Float), type_name: None, extendee: None, default_value: None, oneof_index: None, json_name: Some("height"), options: None, proto3_optional: None }], extension: [], nested_type: [], enum_type: [], extension_range: [], oneof_decl: [], options: None, reserved_range: [], reserved_name: [] }, DescriptorProto { name: Some("AreaRequest"), field: [FieldDescriptorProto { name: Some("shapes"), number: Some(1), label: Some(Repeated), r#type: Some(Message), type_name: Some(".area_calculator.ShapeMessage"), extendee: None, default_value: None, oneof_index: None, json_name: Some("shapes"), options: None, proto3_optional: None }], extension: [], nested_type: [], enum_type: [], extension_range: [], oneof_decl: [], options: None, reserved_range: [], reserved_name: [] }, DescriptorProto { name: Some("AreaResponse"), field: [FieldDescriptorProto { name: Some("value"), number: Some(1), label: Some(Repeated), r#type: Some(Float), type_name: None, extendee: None, default_value: None, oneof_index: None, json_name: Some("value"), options: None, proto3_optional: None }], extension: [], nested_type: [], enum_type: [], extension_range: [], oneof_decl: [], options: None, reserved_range: [], reserved_name: [] }], enum_type: [], service: [ServiceDescriptorProto { name: Some("Calculator"), method: [MethodDescriptorProto { name: Some("calculateOne"), input_type: Some(".area_calculator.ShapeMessage"), output_type: Some(".area_calculator.AreaResponse"), options: Some(MethodOptions { deprecated: None, idempotency_level: None, uninterpreted_option: [] }), client_streaming: None, server_streaming: None }, MethodDescriptorProto { name: Some("calculateMulti"), input_type: Some(".area_calculator.AreaRequest"), output_type: Some(".area_calculator.AreaResponse"), options: Some(MethodOptions { deprecated: None, idempotency_level: None, uninterpreted_option: [] }), client_streaming: None, server_streaming: None }], options: None }], extension: [], options: Some(FileOptions { java_package: None, java_outer_classname: None, java_multiple_files: None, java_generate_equals_and_hash: None, java_string_check_utf8: None, optimize_for: None, go_package: Some("io.pact/area_calculator"), cc_generic_services: None, java_generic_services: None, py_generic_services: None, php_generic_services: Some(true), deprecated: None, cc_enable_arenas: None, objc_class_prefix: None, csharp_namespace: None, swift_prefix: None, php_class_prefix: None, php_namespace: None, php_metadata_namespace: None, ruby_package: None, uninterpreted_option: [] }), source_code_info: None, syntax: Some("proto3") }] }, service_name: "Calculator", message: SynchronousMessage { id: None, key: Some("c7fbe3ee"), description: "calculate rectangle area request", provider_states: [], comments: {"testname": String("io.pact.example.grpc.consumer.PactConsumerTest.calculateRectangleArea(MockServer, SynchronousMessages)")}, request: MessageContents { contents: Present(b"\x12\n\r\0\0@@\x15\0\0\x80@", Some(ContentType { main_type: "application", sub_type: "protobuf", attributes: {"message": "ShapeMessage"}, suffix: None }), Some(BINARY)), metadata: {}, matching_rules: MatchingRules { rules: {BODY: MatchingRuleCategory { name: BODY, rules: {DocPath { path_tokens: [Root, Field("rectangle"), Field("length")], expr: "$.rectangle.length" }: RuleList { rules: [Number], rule_logic: And, cascaded: false }, DocPath { path_tokens: [Root, Field("rectangle"), Field("width")], expr: "$.rectangle.width" }: RuleList { rules: [Number], rule_logic: And, cascaded: false }} }} }, generators: Generators { categories: {} } }, response: [MessageContents { contents: Present(b"\r\0\0@A", Some(ContentType { main_type: "application", sub_type: "protobuf", attributes: {"message": "AreaResponse"}, suffix: None }), Some(BINARY)), metadata: {}, matching_rules: MatchingRules { rules: {BODY: MatchingRuleCategory { name: BODY, rules: {DocPath { path_tokens: [Root, Field("value")], expr: "$.value" }: RuleList { rules: [Number], rule_logic: And, cascaded: false }} }} }, generators: Generators { categories: {} } }], pending: false, plugin_config: {"protobuf": {"service": String("Calculator/calculateOne"), "descriptorKey": String("a85dff8f82655a9681aad113575dcfbb")}}, interaction_markup: InteractionMarkup { markup: "```protobuf\nmessage ShapeMessage {\n    message .area_calculator.Rectangle rectangle = 2;\n}\n```\n\n```protobuf\nmessage AreaResponse {\n    float value = 1;\n}\n```\n", markup_type: "COMMON_MARK" }, transport: None }, method_descriptor: MethodDescriptorProto { name: Some("calculateOne"), input_type: Some(".area_calculator.ShapeMessage"), output_type: Some(".area_calculator.AreaResponse"), options: Some(MethodOptions { deprecated: None, idempotency_level: None, uninterpreted_option: [] }), client_streaming: None, server_streaming: None }, input_message: DescriptorProto { name: Some("ShapeMessage"), field: [FieldDescriptorProto { name: Some("square"), number: Some(1), label: Some(Optional), r#type: Some(Message), type_name: Some(".area_calculator.Square"), extendee: None, default_value: None, oneof_index: Some(0), json_name: Some("square"), options: None, proto3_optional: None }, FieldDescriptorProto { name: Some("rectangle"), number: Some(2), label: Some(Optional), r#type: Some(Message), type_name: Some(".area_calculator.Rectangle"), extendee: None, default_value: None, oneof_index: Some(0), json_name: Some("rectangle"), options: None, proto3_optional: None }, FieldDescriptorProto { name: Some("circle"), number: Some(3), label: Some(Optional), r#type: Some(Message), type_name: Some(".area_calculator.Circle"), extendee: None, default_value: None, oneof_index: Some(0), json_name: Some("circle"), options: None, proto3_optional: None }, FieldDescriptorProto { name: Some("triangle"), number: Some(4), label: Some(Optional), r#type: Some(Message), type_name: Some(".area_calculator.Triangle"), extendee: None, default_value: None, oneof_index: Some(0), json_name: Some("triangle"), options: None, proto3_optional: None }, FieldDescriptorProto { name: Some("parallelogram"), number: Some(5), label: Some(Optional), r#type: Some(Message), type_name: Some(".area_calculator.Parallelogram"), extendee: None, default_value: None, oneof_index: Some(0), json_name: Some("parallelogram"), options: None, proto3_optional: None }], extension: [], nested_type: [], enum_type: [], extension_range: [], oneof_decl: [OneofDescriptorProto { name: Some("shape"), options: None }], options: None, reserved_range: [], reserved_name: [] }, output_message: DescriptorProto { name: Some("AreaResponse"), field: [FieldDescriptorProto { name: Some("value"), number: Some(1), label: Some(Repeated), r#type: Some(Float), type_name: None, extendee: None, default_value: None, oneof_index: None, json_name: Some("value"), options: None, proto3_optional: None }], extension: [], nested_type: [], enum_type: [], extension_range: [], oneof_decl: [], options: None, reserved_range: [], reserved_name: [] }, server_key: "5cae5f82-fec2-43c6-9739-60d0383d84ec" } ?[3mrequest?[0m?[2m=?[0mDynamicMessage { descriptor: DescriptorProto { name: Some("ShapeMessage"), field: [FieldDescriptorProto { name: Some("square"), number: Some(1), label: Some(Optional), r#type: Some(Message), type_name: Some(".area_calculator.Square"), extendee: None, default_value: None, oneof_index: Some(0), json_name: Some("square"), options: None, proto3_optional: None }, FieldDescriptorProto { name: Some("rectangle"), number: Some(2), label: Some(Optional), r#type: Some(Message), type_name: Some(".area_calculator.Rectangle"), extendee: None, default_value: None, oneof_index: Some(0), json_name: Some("rectangle"), options: None, proto3_optional: None }, FieldDescriptorProto { name: Some("circle"), number: Some(3), label: Some(Optional), r#type: Some(Message), type_name: Some(".area_calculator.Circle"), extendee: None, default_value: None, oneof_index: Some(0), json_name: Some("circle"), options: None, proto3_optional: None }, FieldDescriptorProto { name: Some("triangle"), number: Some(4), label: Some(Optional), r#type: Some(Message), type_name: Some(".area_calculator.Triangle"), extendee: None, default_value: None, oneof_index: Some(0), json_name: Some("triangle"), options: None, proto3_optional: None }, FieldDescriptorProto { name: Some("parallelogram"), number: Some(5), label: Some(Optional), r#type: Some(Message), type_name: Some(".area_calculator.Parallelogram"), extendee: None, default_value: None, oneof_index: Some(0), json_name: Some("parallelogram"), options: None, proto3_optional: None }], extension: [], nested_type: [], enum_type: [], extension_range: [], oneof_decl: [OneofDescriptorProto { name: Some("shape"), options: None }], options: None, reserved_range: [], reserved_name: [] }, fields: [ProtobufField { field_num: 2, wire_type: LengthDelimited, data: Message([13, 0, 0, 64, 64, 21, 0, 0, 128, 64], DescriptorProto { name: Some("Rectangle"), field: [FieldDescriptorProto { name: Some("length"), number: Some(1), label: Some(Optional), r#type: Some(Float), type_name: None, extendee: None, default_value: None, oneof_index: None, json_name: Some("length"), options: None, proto3_optional: None }, FieldDescriptorProto { name: Some("width"), number: Some(2), label: Some(Optional), r#type: Some(Float), type_name: None, extendee: None, default_value: None, oneof_index: None, json_name: Some("width"), options: None, proto3_optional: None }], extension: [], nested_type: [], enum_type: [], extension_range: [], oneof_decl: [], options: None, reserved_range: [], reserved_name: [] }) }] } ?[3mmessage_descriptor?[0m?[2m=?[0mDescriptorProto { name: Some("ShapeMessage"), field: [FieldDescriptorProto { name: Some("square"), number: Some(1), label: Some(Optional), r#type: Some(Message), type_name: Some(".area_calculator.Square"), extendee: None, default_value: None, oneof_index: Some(0), json_name: Some("square"), options: None, proto3_optional: None }, FieldDescriptorProto { name: Some("rectangle"), number: Some(2), label: Some(Optional), r#type: Some(Message), type_name: Some(".area_calculator.Rectangle"), extendee: None, default_value: None, oneof_index: Some(0), json_name: Some("rectangle"), options: None, proto3_optional: None }, FieldDescriptorProto { name: Some("circle"), number: Some(3), label: Some(Optional), r#type: Some(Message), type_name: Some(".area_calculator.Circle"), extendee: None, default_value: None, oneof_index: Some(0), json_name: Some("circle"), options: None, proto3_optional: None }, FieldDescriptorProto { name: Some("triangle"), number: Some(4), label: Some(Optional), r#type: Some(Message), type_name: Some(".area_calculator.Triangle"), extendee: None, default_value: None, oneof_index: Some(0), json_name: Some("triangle"), options: None, proto3_optional: None }, FieldDescriptorProto { name: Some("parallelogram"), number: Some(5), label: Some(Optional), r#type: Some(Message), type_name: Some(".area_calculator.Parallelogram"), extendee: None, default_value: None, oneof_index: Some(0), json_name: Some("parallelogram"), options: None, proto3_optional: None }], extension: [], nested_type: [], enum_type: [], extension_range: [], oneof_decl: [OneofDescriptorProto { name: Some("shape"), options: None }], options: None, reserved_range: [], reserved_name: [] } ?[3mresponse_descriptor?[0m?[2m=?[0mDescriptorProto { name: Some("AreaResponse"), field: [FieldDescriptorProto { name: Some("value"), number: Some(1), label: Some(Repeated), r#type: Some(Float), type_name: None, extendee: None, default_value: None, oneof_index: None, json_name: Some("value"), options: None, proto3_optional: None }], extension: [], nested_type: [], enum_type: [], extension_range: [], oneof_decl: [], options: None, reserved_range: [], reserved_name: [] }?[1m}?[0m?[2m:?[0m ?[2mpact_models::path_exp?[0m?[2m:?[0m Calculating weight for path tokens '[Root, Field("rectangle"), Field("width")]' and path '["$", "rectangle", "width"]'
15:05:16.545 [Thread-5] DEBUG i.pact.plugins.jvm.core.ChildProcess - Plugin protobuf [46038] || ?[2m2023-03-27T09:35:16.544607Z?[0m ?[35mTRACE?[0m tokio-runtime-worker ?[1mrequest?[0m?[1m{?[0m?[3mmethod?[0m?[2m=?[0mPOST ?[3muri?[0m?[2m=?[0mhttp://127.0.0.1:53791/area_calculator.Calculator/calculateOne ?[3mversion?[0m?[2m=?[0mHTTP/2.0?[1m}?[0m?[2m:?[0m?[1mcall?[0m?[1m{?[0m?[3mself?[0m?[2m=?[0mGrpcMockServer { pact: V4Pact { consumer: Consumer { name: "grpc-consumer-jvm" }, provider: Provider { name: "area-calculator-provider" }, interactions: [SynchronousMessage { id: None, key: Some("c7fbe3ee"), description: "calculate rectangle area request", provider_states: [], comments: {"testname": String("io.pact.example.grpc.consumer.PactConsumerTest.calculateRectangleArea(MockServer, SynchronousMessages)")}, request: MessageContents { contents: Present(b"\x12\n\r\0\0@@\x15\0\0\x80@", Some(ContentType { main_type: "application", sub_type: "protobuf", attributes: {"message": "ShapeMessage"}, suffix: None }), Some(BINARY)), metadata: {}, matching_rules: MatchingRules { rules: {BODY: MatchingRuleCategory { name: BODY, rules: {DocPath { path_tokens: [Root, Field("rectangle"), Field("length")], expr: "$.rectangle.length" }: RuleList { rules: [Number], rule_logic: And, cascaded: false }, DocPath { path_tokens: [Root, Field("rectangle"), Field("width")], expr: "$.rectangle.width" }: RuleList { rules: [Number], rule_logic: And, cascaded: false }} }} }, generators: Generators { categories: {} } }, response: [MessageContents { contents: Present(b"\r\0\0@A", Some(ContentType { main_type: "application", sub_type: "protobuf", attributes: {"message": "AreaResponse"}, suffix: None }), Some(BINARY)), metadata: {}, matching_rules: MatchingRules { rules: {BODY: MatchingRuleCategory { name: BODY, rules: {DocPath { path_tokens: [Root, Field("value")], expr: "$.value" }: RuleList { rules: [Number], rule_logic: And, cascaded: false }} }} }, generators: Generators { categories: {} } }], pending: false, plugin_config: {"protobuf": {"service": String("Calculator/calculateOne"), "descriptorKey": String("a85dff8f82655a9681aad113575dcfbb")}}, interaction_markup: InteractionMarkup { markup: "```protobuf\nmessage ShapeMessage {\n    message .area_calculator.Rectangle rectangle = 2;\n}\n```\n\n```protobuf\nmessage AreaResponse {\n    float value = 1;\n}\n```\n", markup_type: "COMMON_MARK" }, transport: None }], metadata: {"pact-jvm": Object({"version": String("4.4.2")}), "pactSpecification": Object({"version": String("4.0")})}, plugin_data: [PluginData { name: "protobuf", version: "0.1.5", configuration: {"a85dff8f82655a9681aad113575dcfbb": Object({"protoDescriptors": String("CsoHChVhcmVhX2NhbGN1bGF0b3IucHJvdG8SD2FyZWFfY2FsY3VsYXRvciK6AgoMU2hhcGVNZXNzYWdlEjEKBnNxdWFyZRgBIAEoCzIXLmFyZWFfY2FsY3VsYXRvci5TcXVhcmVIAFIGc3F1YXJlEjoKCXJlY3RhbmdsZRgCIAEoCzIaLmFyZWFfY2FsY3VsYXRvci5SZWN0YW5nbGVIAFIJcmVjdGFuZ2xlEjEKBmNpcmNsZRgDIAEoCzIXLmFyZWFfY2FsY3VsYXRvci5DaXJjbGVIAFIGY2lyY2xlEjcKCHRyaWFuZ2xlGAQgASgLMhkuYXJlYV9jYWxjdWxhdG9yLlRyaWFuZ2xlSABSCHRyaWFuZ2xlEkYKDXBhcmFsbGVsb2dyYW0YBSABKAsyHi5hcmVhX2NhbGN1bGF0b3IuUGFyYWxsZWxvZ3JhbUgAUg1wYXJhbGxlbG9ncmFtQgcKBXNoYXBlIikKBlNxdWFyZRIfCgtlZGdlX2xlbmd0aBgBIAEoAlIKZWRnZUxlbmd0aCI5CglSZWN0YW5nbGUSFgoGbGVuZ3RoGAEgASgCUgZsZW5ndGgSFAoFd2lkdGgYAiABKAJSBXdpZHRoIiAKBkNpcmNsZRIWCgZyYWRpdXMYASABKAJSBnJhZGl1cyJPCghUcmlhbmdsZRIVCgZlZGdlX2EYASABKAJSBWVkZ2VBEhUKBmVkZ2VfYhgCIAEoAlIFZWRnZUISFQoGZWRnZV9jGAMgASgCUgVlZGdlQyJICg1QYXJhbGxlbG9ncmFtEh8KC2Jhc2VfbGVuZ3RoGAEgASgCUgpiYXNlTGVuZ3RoEhYKBmhlaWdodBgCIAEoAlIGaGVpZ2h0IkQKC0FyZWFSZXF1ZXN0EjUKBnNoYXBlcxgBIAMoCzIdLmFyZWFfY2FsY3VsYXRvci5TaGFwZU1lc3NhZ2VSBnNoYXBlcyIkCgxBcmVhUmVzcG9uc2USFAoFdmFsdWUYASADKAJSBXZhbHVlMq0BCgpDYWxjdWxhdG9yEk4KDGNhbGN1bGF0ZU9uZRIdLmFyZWFfY2FsY3VsYXRvci5TaGFwZU1lc3NhZ2UaHS5hcmVhX2NhbGN1bGF0b3IuQXJlYVJlc3BvbnNlIgASTwoOY2FsY3VsYXRlTXVsdGkSHC5hcmVhX2NhbGN1bGF0b3IuQXJlYVJlcXVlc3QaHS5hcmVhX2NhbGN1bGF0b3IuQXJlYVJlc3BvbnNlIgBCHFoXaW8ucGFjdC9hcmVhX2NhbGN1bGF0b3LQAgFiBnByb3RvMw=="), "protoFile": String("syntax = \"proto3\";\n\npackage area_calculator;\n\noption php_generic_services = true;\noption go_package = \"io.pact/area_calculator\";\n\nservice Calculator {\n  rpc calculateOne (ShapeMessage) returns (AreaResponse) {}\n  rpc calculateMulti (AreaRequest) returns (AreaResponse) {}\n}\n\nmessage ShapeMessage {\n  oneof shape {\n    Square square = 1;\n    Rectangle rectangle = 2;\n    Circle circle = 3;\n    Triangle triangle = 4;\n    Parallelogram parallelogram = 5;\n  }\n}\n\nmessage Square {\n  float edge_length = 1;\n}\n\nmessage Rectangle {\n  float length = 1;\n  float width = 2;\n}\n\nmessage Circle {\n  float radius = 1;\n}\n\nmessage Triangle {\n  float edge_a = 1;\n  float edge_b = 2;\n  float edge_c = 3;\n}\n\nmessage Parallelogram {\n  float base_length = 1;\n  float height = 2;\n}\n\nmessage AreaRequest {\n  repeated ShapeMessage shapes = 1;\n}\n\nmessage AreaResponse {\n  repeated float value = 1;\n}\n")})} }] }, plugin_config: PluginData { name: "protobuf", version: "0.1.5", configuration: {"a85dff8f82655a9681aad113575dcfbb": Object({"protoDescriptors": String("CsoHChVhcmVhX2NhbGN1bGF0b3IucHJvdG8SD2FyZWFfY2FsY3VsYXRvciK6AgoMU2hhcGVNZXNzYWdlEjEKBnNxdWFyZRgBIAEoCzIXLmFyZWFfY2FsY3VsYXRvci5TcXVhcmVIAFIGc3F1YXJlEjoKCXJlY3RhbmdsZRgCIAEoCzIaLmFyZWFfY2FsY3VsYXRvci5SZWN0YW5nbGVIAFIJcmVjdGFuZ2xlEjEKBmNpcmNsZRgDIAEoCzIXLmFyZWFfY2FsY3VsYXRvci5DaXJjbGVIAFIGY2lyY2xlEjcKCHRyaWFuZ2xlGAQgASgLMhkuYXJlYV9jYWxjdWxhdG9yLlRyaWFuZ2xlSABSCHRyaWFuZ2xlEkYKDXBhcmFsbGVsb2dyYW0YBSABKAsyHi5hcmVhX2NhbGN1bGF0b3IuUGFyYWxsZWxvZ3JhbUgAUg1wYXJhbGxlbG9ncmFtQgcKBXNoYXBlIikKBlNxdWFyZRIfCgtlZGdlX2xlbmd0aBgBIAEoAlIKZWRnZUxlbmd0aCI5CglSZWN0YW5nbGUSFgoGbGVuZ3RoGAEgASgCUgZsZW5ndGgSFAoFd2lkdGgYAiABKAJSBXdpZHRoIiAKBkNpcmNsZRIWCgZyYWRpdXMYASABKAJSBnJhZGl1cyJPCghUcmlhbmdsZRIVCgZlZGdlX2EYASABKAJSBWVkZ2VBEhUKBmVkZ2VfYhgCIAEoAlIFZWRnZUISFQoGZWRnZV9jGAMgASgCUgVlZGdlQyJICg1QYXJhbGxlbG9ncmFtEh8KC2Jhc2VfbGVuZ3RoGAEgASgCUgpiYXNlTGVuZ3RoEhYKBmhlaWdodBgCIAEoAlIGaGVpZ2h0IkQKC0FyZWFSZXF1ZXN0EjUKBnNoYXBlcxgBIAMoCzIdLmFyZWFfY2FsY3VsYXRvci5TaGFwZU1lc3NhZ2VSBnNoYXBlcyIkCgxBcmVhUmVzcG9uc2USFAoFdmFsdWUYASADKAJSBXZhbHVlMq0BCgpDYWxjdWxhdG9yEk4KDGNhbGN1bGF0ZU9uZRIdLmFyZWFfY2FsY3VsYXRvci5TaGFwZU1lc3NhZ2UaHS5hcmVhX2NhbGN1bGF0b3IuQXJlYVJlc3BvbnNlIgASTwoOY2FsY3VsYXRlTXVsdGkSHC5hcmVhX2NhbGN1bGF0b3IuQXJlYVJlcXVlc3QaHS5hcmVhX2NhbGN1bGF0b3IuQXJlYVJlc3BvbnNlIgBCHFoXaW8ucGFjdC9hcmVhX2NhbGN1bGF0b3LQAgFiBnByb3RvMw=="), "protoFile": String("syntax = \"proto3\";\n\npackage area_calculator;\n\noption php_generic_services = true;\noption go_package = \"io.pact/area_calculator\";\n\nservice Calculator {\n  rpc calculateOne (ShapeMessage) returns (AreaResponse) {}\n  rpc calculateMulti (AreaRequest) returns (AreaResponse) {}\n}\n\nmessage ShapeMessage {\n  oneof shape {\n    Square square = 1;\n    Rectangle rectangle = 2;\n    Circle circle = 3;\n    Triangle triangle = 4;\n    Parallelogram parallelogram = 5;\n  }\n}\n\nmessage Square {\n  float edge_length = 1;\n}\n\nmessage Rectangle {\n  float length = 1;\n  float width = 2;\n}\n\nmessage Circle {\n  float radius = 1;\n}\n\nmessage Triangle {\n  float edge_a = 1;\n  float edge_b = 2;\n  float edge_c = 3;\n}\n\nmessage Parallelogram {\n  float base_length = 1;\n  float height = 2;\n}\n\nmessage AreaRequest {\n  repeated ShapeMessage shapes = 1;\n}\n\nmessage AreaResponse {\n  repeated float value = 1;\n}\n")})} }, descriptors: {"a85dff8f82655a9681aad113575dcfbb": FileDescriptorSet { file: [FileDescriptorProto { name: Some("area_calculator.proto"), package: Some("area_calculator"), dependency: [], public_dependency: [], weak_dependency: [], message_type: [DescriptorProto { name: Some("ShapeMessage"), field: [FieldDescriptorProto { name: Some("square"), number: Some(1), label: Some(Optional), r#type: Some(Message), type_name: Some(".area_calculator.Square"), extendee: None, default_value: None, oneof_index: Some(0), json_name: Some("square"), options: None, proto3_optional: None }, FieldDescriptorProto { name: Some("rectangle"), number: Some(2), label: Some(Optional), r#type: Some(Message), type_name: Some(".area_calculator.Rectangle"), extendee: None, default_value: None, oneof_index: Some(0), json_name: Some("rectangle"), options: None, proto3_optional: None }, FieldDescriptorProto { name: Some("circle"), number: Some(3), label: Some(Optional), r#type: Some(Message), type_name: Some(".area_calculator.Circle"), extendee: None, default_value: None, oneof_index: Some(0), json_name: Some("circle"), options: None, proto3_optional: None }, FieldDescriptorProto { name: Some("triangle"), number: Some(4), label: Some(Optional), r#type: Some(Message), type_name: Some(".area_calculator.Triangle"), extendee: None, default_value: None, oneof_index: Some(0), json_name: Some("triangle"), options: None, proto3_optional: None }, FieldDescriptorProto { name: Some("parallelogram"), number: Some(5), label: Some(Optional), r#type: Some(Message), type_name: Some(".area_calculator.Parallelogram"), extendee: None, default_value: None, oneof_index: Some(0), json_name: Some("parallelogram"), options: None, proto3_optional: None }], extension: [], nested_type: [], enum_type: [], extension_range: [], oneof_decl: [OneofDescriptorProto { name: Some("shape"), options: None }], options: None, reserved_range: [], reserved_name: [] }, DescriptorProto { name: Some("Square"), field: [FieldDescriptorProto { name: Some("edge_length"), number: Some(1), label: Some(Optional), r#type: Some(Float), type_name: None, extendee: None, default_value: None, oneof_index: None, json_name: Some("edgeLength"), options: None, proto3_optional: None }], extension: [], nested_type: [], enum_type: [], extension_range: [], oneof_decl: [], options: None, reserved_range: [], reserved_name: [] }, DescriptorProto { name: Some("Rectangle"), field: [FieldDescriptorProto { name: Some("length"), number: Some(1), label: Some(Optional), r#type: Some(Float), type_name: None, extendee: None, default_value: None, oneof_index: None, json_name: Some("length"), options: None, proto3_optional: None }, FieldDescriptorProto { name: Some("width"), number: Some(2), label: Some(Optional), r#type: Some(Float), type_name: None, extendee: None, default_value: None, oneof_index: None, json_name: Some("width"), options: None, proto3_optional: None }], extension: [], nested_type: [], enum_type: [], extension_range: [], oneof_decl: [], options: None, reserved_range: [], reserved_name: [] }, DescriptorProto { name: Some("Circle"), field: [FieldDescriptorProto { name: Some("radius"), number: Some(1), label: Some(Optional), r#type: Some(Float), type_name: None, extendee: None, default_value: None, oneof_index: None, json_name: Some("radius"), options: None, proto3_optional: None }], extension: [], nested_type: [], enum_type: [], extension_range: [], oneof_decl: [], options: None, reserved_range: [], reserved_name: [] }, DescriptorProto { name: Some("Triangle"), field: [FieldDescriptorProto { name: Some("edge_a"), number: Some(1), label: Some(Optional), r#type: Some(Float), type_name: None, extendee: None, default_value: None, oneof_index: None, json_name: Some("edgeA"), options: None, proto3_optional: None }, FieldDescriptorProto { name: Some("edge_b"), number: Some(2), label: Some(Optional), r#type: Some(Float), type_name: None, extendee: None, default_value: None, oneof_index: None, json_name: Some("edgeB"), options: None, proto3_optional: None }, FieldDescriptorProto { name: Some("edge_c"), number: Some(3), label: Some(Optional), r#type: Some(Float), type_name: None, extendee: None, default_value: None, oneof_index: None, json_name: Some("edgeC"), options: None, proto3_optional: None }], extension: [], nested_type: [], enum_type: [], extension_range: [], oneof_decl: [], options: None, reserved_range: [], reserved_name: [] }, DescriptorProto { name: Some("Parallelogram"), field: [FieldDescriptorProto { name: Some("base_length"), number: Some(1), label: Some(Optional), r#type: Some(Float), type_name: None, extendee: None, default_value: None, oneof_index: None, json_name: Some("baseLength"), options: None, proto3_optional: None }, FieldDescriptorProto { name: Some("height"), number: Some(2), label: Some(Optional), r#type: Some(Float), type_name: None, extendee: None, default_value: None, oneof_index: None, json_name: Some("height"), options: None, proto3_optional: None }], extension: [], nested_type: [], enum_type: [], extension_range: [], oneof_decl: [], options: None, reserved_range: [], reserved_name: [] }, DescriptorProto { name: Some("AreaRequest"), field: [FieldDescriptorProto { name: Some("shapes"), number: Some(1), label: Some(Repeated), r#type: Some(Message), type_name: Some(".area_calculator.ShapeMessage"), extendee: None, default_value: None, oneof_index: None, json_name: Some("shapes"), options: None, proto3_optional: None }], extension: [], nested_type: [], enum_type: [], extension_range: [], oneof_decl: [], options: None, reserved_range: [], reserved_name: [] }, DescriptorProto { name: Some("AreaResponse"), field: [FieldDescriptorProto { name: Some("value"), number: Some(1), label: Some(Repeated), r#type: Some(Float), type_name: None, extendee: None, default_value: None, oneof_index: None, json_name: Some("value"), options: None, proto3_optional: None }], extension: [], nested_type: [], enum_type: [], extension_range: [], oneof_decl: [], options: None, reserved_range: [], reserved_name: [] }], enum_type: [], service: [ServiceDescriptorProto { name: Some("Calculator"), method: [MethodDescriptorProto { name: Some("calculateOne"), input_type: Some(".area_calculator.ShapeMessage"), output_type: Some(".area_calculator.AreaResponse"), options: Some(MethodOptions { deprecated: None, idempotency_level: None, uninterpreted_option: [] }), client_streaming: None, server_streaming: None }, MethodDescriptorProto { name: Some("calculateMulti"), input_type: Some(".area_calculator.AreaRequest"), output_type: Some(".area_calculator.AreaResponse"), options: Some(MethodOptions { deprecated: None, idempotency_level: None, uninterpreted_option: [] }), client_streaming: None, server_streaming: None }], options: None }], extension: [], options: Some(FileOptions { java_package: None, java_outer_classname: None, java_multiple_files: None, java_generate_equals_and_hash: None, java_string_check_utf8: None, optimize_for: None, go_package: Some("io.pact/area_calculator"), cc_generic_services: None, java_generic_services: None, py_generic_services: None, php_generic_services: Some(true), deprecated: None, cc_enable_arenas: None, objc_class_prefix: None, csharp_namespace: None, swift_prefix: None, php_class_prefix: None, php_namespace: None, php_metadata_namespace: None, ruby_package: None, uninterpreted_option: [] }), source_code_info: None, syntax: Some("proto3") }] }}, routes: {"Calculator/calculateOne": (FileDescriptorSet { file: [FileDescriptorProto { name: Some("area_calculator.proto"), package: Some("area_calculator"), dependency: [], public_dependency: [], weak_dependency: [], message_type: [DescriptorProto { name: Some("ShapeMessage"), field: [FieldDescriptorProto { name: Some("square"), number: Some(1), label: Some(Optional), r#type: Some(Message), type_name: Some(".area_calculator.Square"), extendee: None, default_value: None, oneof_index: Some(0), json_name: Some("square"), options: None, proto3_optional: None }, FieldDescriptorProto { name: Some("rectangle"), number: Some(2), label: Some(Optional), r#type: Some(Message), type_name: Some(".area_calculator.Rectangle"), extendee: None, default_value: None, oneof_index: Some(0), json_name: Some("rectangle"), options: None, proto3_optional: None }, FieldDescriptorProto { name: Some("circle"), number: Some(3), label: Some(Optional), r#type: Some(Message), type_name: Some(".area_calculator.Circle"), extendee: None, default_value: None, oneof_index: Some(0), json_name: Some("circle"), options: None, proto3_optional: None }, FieldDescriptorProto { name: Some("triangle"), number: Some(4), label: Some(Optional), r#type: Some(Message), type_name: Some(".area_calculator.Triangle"), extendee: None, default_value: None, oneof_index: Some(0), json_name: Some("triangle"), options: None, proto3_optional: None }, FieldDescriptorProto { name: Some("parallelogram"), number: Some(5), label: Some(Optional), r#type: Some(Message), type_name: Some(".area_calculator.Parallelogram"), extendee: None, default_value: None, oneof_index: Some(0), json_name: Some("parallelogram"), options: None, proto3_optional: None }], extension: [], nested_type: [], enum_type: [], extension_range: [], oneof_decl: [OneofDescriptorProto { name: Some("shape"), options: None }], options: None, reserved_range: [], reserved_name: [] }, DescriptorProto { name: Some("Square"), field: [FieldDescriptorProto { name: Some("edge_length"), number: Some(1), label: Some(Optional), r#type: Some(Float), type_name: None, extendee: None, default_value: None, oneof_index: None, json_name: Some("edgeLength"), options: None, proto3_optional: None }], extension: [], nested_type: [], enum_type: [], extension_range: [], oneof_decl: [], options: None, reserved_range: [], reserved_name: [] }, DescriptorProto { name: Some("Rectangle"), field: [FieldDescriptorProto { name: Some("length"), number: Some(1), label: Some(Optional), r#type: Some(Float), type_name: None, extendee: None, default_value: None, oneof_index: None, json_name: Some("length"), options: None, proto3_optional: None }, FieldDescriptorProto { name: Some("width"), number: Some(2), label: Some(Optional), r#type: Some(Float), type_name: None, extendee: None, default_value: None, oneof_index: None, json_name: Some("width"), options: None, proto3_optional: None }], extension: [], nested_type: [], enum_type: [], extension_range: [], oneof_decl: [], options: None, reserved_range: [], reserved_name: [] }, DescriptorProto { name: Some("Circle"), field: [FieldDescriptorProto { name: Some("radius"), number: Some(1), label: Some(Optional), r#type: Some(Float), type_name: None, extendee: None, default_value: None, oneof_index: None, json_name: Some("radius"), options: None, proto3_optional: None }], extension: [], nested_type: [], enum_type: [], extension_range: [], oneof_decl: [], options: None, reserved_range: [], reserved_name: [] }, DescriptorProto { name: Some("Triangle"), field: [FieldDescriptorProto { name: Some("edge_a"), number: Some(1), label: Some(Optional), r#type: Some(Float), type_name: None, extendee: None, default_value: None, oneof_index: None, json_name: Some("edgeA"), options: None, proto3_optional: None }, FieldDescriptorProto { name: Some("edge_b"), number: Some(2), label: Some(Optional), r#type: Some(Float), type_name: None, extendee: None, default_value: None, oneof_index: None, json_name: Some("edgeB"), options: None, proto3_optional: None }, FieldDescriptorProto { name: Some("edge_c"), number: Some(3), label: Some(Optional), r#type: Some(Float), type_name: None, extendee: None, default_value: None, oneof_index: None, json_name: Some("edgeC"), options: None, proto3_optional: None }], extension: [], nested_type: [], enum_type: [], extension_range: [], oneof_decl: [], options: None, reserved_range: [], reserved_name: [] }, DescriptorProto { name: Some("Parallelogram"), field: [FieldDescriptorProto { name: Some("base_length"), number: Some(1), label: Some(Optional), r#type: Some(Float), type_name: None, extendee: None, default_value: None, oneof_index: None, json_name: Some("baseLength"), options: None, proto3_optional: None }, FieldDescriptorProto { name: Some("height"), number: Some(2), label: Some(Optional), r#type: Some(Float), type_name: None, extendee: None, default_value: None, oneof_index: None, json_name: Some("height"), options: None, proto3_optional: None }], extension: [], nested_type: [], enum_type: [], extension_range: [], oneof_decl: [], options: None, reserved_range: [], reserved_name: [] }, DescriptorProto { name: Some("AreaRequest"), field: [FieldDescriptorProto { name: Some("shapes"), number: Some(1), label: Some(Repeated), r#type: Some(Message), type_name: Some(".area_calculator.ShapeMessage"), extendee: None, default_value: None, oneof_index: None, json_name: Some("shapes"), options: None, proto3_optional: None }], extension: [], nested_type: [], enum_type: [], extension_range: [], oneof_decl: [], options: None, reserved_range: [], reserved_name: [] }, DescriptorProto { name: Some("AreaResponse"), field: [FieldDescriptorProto { name: Some("value"), number: Some(1), label: Some(Repeated), r#type: Some(Float), type_name: None, extendee: None, default_value: None, oneof_index: None, json_name: Some("value"), options: None, proto3_optional: None }], extension: [], nested_type: [], enum_type: [], extension_range: [], oneof_decl: [], options: None, reserved_range: [], reserved_name: [] }], enum_type: [], service: [ServiceDescriptorProto { name: Some("Calculator"), method: [MethodDescriptorProto { name: Some("calculateOne"), input_type: Some(".area_calculator.ShapeMessage"), output_type: Some(".area_calculator.AreaResponse"), options: Some(MethodOptions { deprecated: None, idempotency_level: None, uninterpreted_option: [] }), client_streaming: None, server_streaming: None }, MethodDescriptorProto { name: Some("calculateMulti"), input_type: Some(".area_calculator.AreaRequest"), output_type: Some(".area_calculator.AreaResponse"), options: Some(MethodOptions { deprecated: None, idempotency_level: None, uninterpreted_option: [] }), client_streaming: None, server_streaming: None }], options: None }], extension: [], options: Some(FileOptions { java_package: None, java_outer_classname: None, java_multiple_files: None, java_generate_equals_and_hash: None, java_string_check_utf8: None, optimize_for: None, go_package: Some("io.pact/area_calculator"), cc_generic_services: None, java_generic_services: None, py_generic_services: None, php_generic_services: Some(true), deprecated: None, cc_enable_arenas: None, objc_class_prefix: None, csharp_namespace: None, swift_prefix: None, php_class_prefix: None, php_namespace: None, php_metadata_namespace: None, ruby_package: None, uninterpreted_option: [] }), source_code_info: None, syntax: Some("proto3") }] }, MethodDescriptorProto { name: Some("calculateOne"), input_type: Some(".area_calculator.ShapeMessage"), output_type: Some(".area_calculator.AreaResponse"), options: Some(MethodOptions { deprecated: None, idempotency_level: None, uninterpreted_option: [] }), client_streaming: None, server_streaming: None }, SynchronousMessage { id: None, key: Some("c7fbe3ee"), description: "calculate rectangle area request", provider_states: [], comments: {"testname": String("io.pact.example.grpc.consumer.PactConsumerTest.calculateRectangleArea(MockServer, SynchronousMessages)")}, request: MessageContents { contents: Present(b"\x12\n\r\0\0@@\x15\0\0\x80@", Some(ContentType { main_type: "application", sub_type: "protobuf", attributes: {"message": "ShapeMessage"}, suffix: None }), Some(BINARY)), metadata: {}, matching_rules: MatchingRules { rules: {BODY: MatchingRuleCategory { name: BODY, rules: {DocPath { path_tokens: [Root, Field("rectangle"), Field("length")], expr: "$.rectangle.length" }: RuleList { rules: [Number], rule_logic: And, cascaded: false }, DocPath { path_tokens: [Root, Field("rectangle"), Field("width")], expr: "$.rectangle.width" }: RuleList { rules: [Number], rule_logic: And, cascaded: false }} }} }, generators: Generators { categories: {} } }, response: [MessageContents { contents: Present(b"\r\0\0@A", Some(ContentType { main_type: "application", sub_type: "protobuf", attributes: {"message": "AreaResponse"}, suffix: None }), Some(BINARY)), metadata: {}, matching_rules: MatchingRules { rules: {BODY: MatchingRuleCategory { name: BODY, rules: {DocPath { path_tokens: [Root, Field("value")], expr: "$.value" }: RuleList { rules: [Number], rule_logic: And, cascaded: false }} }} }, generators: Generators { categories: {} } }], pending: false, plugin_config: {"protobuf": {"service": String("Calculator/calculateOne"), "descriptorKey": String("a85dff8f82655a9681aad113575dcfbb")}}, interaction_markup: InteractionMarkup { markup: "```protobuf\nmessage ShapeMessage {\n    message .area_calculator.Rectangle rectangle = 2;\n}\n```\n\n```protobuf\nmessage AreaResponse {\n    float value = 1;\n}\n```\n", markup_type: "COMMON_MARK" }, transport: None })}, server_key: "5cae5f82-fec2-43c6-9739-60d0383d84ec" } ?[3mreq?[0m?[2m=?[0mRequest { method: POST, uri: http://127.0.0.1:53791/area_calculator.Calculator/calculateOne, version: HTTP/2.0, headers: {"content-type": "application/grpc", "te": "trailers", "user-agent": "grpc-java-netty/1.49.0", "grpc-accept-encoding": "gzip"}, body: Body(Streaming) }?[1m}?[0m?[2m:?[0m?[1mmock_server_handler?[0m?[1m{?[0m?[3mkey?[0m?[2m=?[0m"5cae5f82-fec2-43c6-9739-60d0383d84ec"?[1m}?[0m?[2m:?[0m?[1mhandle_message?[0m?[1m{?[0m?[3mself?[0m?[2m=?[0mMockService { file_descriptor_set: FileDescriptorSet { file: [FileDescriptorProto { name: Some("area_calculator.proto"), package: Some("area_calculator"), dependency: [], public_dependency: [], weak_dependency: [], message_type: [DescriptorProto { name: Some("ShapeMessage"), field: [FieldDescriptorProto { name: Some("square"), number: Some(1), label: Some(Optional), r#type: Some(Message), type_name: Some(".area_calculator.Square"), extendee: None, default_value: None, oneof_index: Some(0), json_name: Some("square"), options: None, proto3_optional: None }, FieldDescriptorProto { name: Some("rectangle"), number: Some(2), label: Some(Optional), r#type: Some(Message), type_name: Some(".area_calculator.Rectangle"), extendee: None, default_value: None, oneof_index: Some(0), json_name: Some("rectangle"), options: None, proto3_optional: None }, FieldDescriptorProto { name: Some("circle"), number: Some(3), label: Some(Optional), r#type: Some(Message), type_name: Some(".area_calculator.Circle"), extendee: None, default_value: None, oneof_index: Some(0), json_name: Some("circle"), options: None, proto3_optional: None }, FieldDescriptorProto { name: Some("triangle"), number: Some(4), label: Some(Optional), r#type: Some(Message), type_name: Some(".area_calculator.Triangle"), extendee: None, default_value: None, oneof_index: Some(0), json_name: Some("triangle"), options: None, proto3_optional: None }, FieldDescriptorProto { name: Some("parallelogram"), number: Some(5), label: Some(Optional), r#type: Some(Message), type_name: Some(".area_calculator.Parallelogram"), extendee: None, default_value: None, oneof_index: Some(0), json_name: Some("parallelogram"), options: None, proto3_optional: None }], extension: [], nested_type: [], enum_type: [], extension_range: [], oneof_decl: [OneofDescriptorProto { name: Some("shape"), options: None }], options: None, reserved_range: [], reserved_name: [] }, DescriptorProto { name: Some("Square"), field: [FieldDescriptorProto { name: Some("edge_length"), number: Some(1), label: Some(Optional), r#type: Some(Float), type_name: None, extendee: None, default_value: None, oneof_index: None, json_name: Some("edgeLength"), options: None, proto3_optional: None }], extension: [], nested_type: [], enum_type: [], extension_range: [], oneof_decl: [], options: None, reserved_range: [], reserved_name: [] }, DescriptorProto { name: Some("Rectangle"), field: [FieldDescriptorProto { name: Some("length"), number: Some(1), label: Some(Optional), r#type: Some(Float), type_name: None, extendee: None, default_value: None, oneof_index: None, json_name: Some("length"), options: None, proto3_optional: None }, FieldDescriptorProto { name: Some("width"), number: Some(2), label: Some(Optional), r#type: Some(Float), type_name: None, extendee: None, default_value: None, oneof_index: None, json_name: Some("width"), options: None, proto3_optional: None }], extension: [], nested_type: [], enum_type: [], extension_range: [], oneof_decl: [], options: None, reserved_range: [], reserved_name: [] }, DescriptorProto { name: Some("Circle"), field: [FieldDescriptorProto { name: Some("radius"), number: Some(1), label: Some(Optional), r#type: Some(Float), type_name: None, extendee: None, default_value: None, oneof_index: None, json_name: Some("radius"), options: None, proto3_optional: None }], extension: [], nested_type: [], enum_type: [], extension_range: [], oneof_decl: [], options: None, reserved_range: [], reserved_name: [] }, DescriptorProto { name: Some("Triangle"), field: [FieldDescriptorProto { name: Some("edge_a"), number: Some(1), label: Some(Optional), r#type: Some(Float), type_name: None, extendee: None, default_value: None, oneof_index: None, json_name: Some("edgeA"), options: None, proto3_optional: None }, FieldDescriptorProto { name: Some("edge_b"), number: Some(2), label: Some(Optional), r#type: Some(Float), type_name: None, extendee: None, default_value: None, oneof_index: None, json_name: Some("edgeB"), options: None, proto3_optional: None }, FieldDescriptorProto { name: Some("edge_c"), number: Some(3), label: Some(Optional), r#type: Some(Float), type_name: None, extendee: None, default_value: None, oneof_index: None, json_name: Some("edgeC"), options: None, proto3_optional: None }], extension: [], nested_type: [], enum_type: [], extension_range: [], oneof_decl: [], options: None, reserved_range: [], reserved_name: [] }, DescriptorProto { name: Some("Parallelogram"), field: [FieldDescriptorProto { name: Some("base_length"), number: Some(1), label: Some(Optional), r#type: Some(Float), type_name: None, extendee: None, default_value: None, oneof_index: None, json_name: Some("baseLength"), options: None, proto3_optional: None }, FieldDescriptorProto { name: Some("height"), number: Some(2), label: Some(Optional), r#type: Some(Float), type_name: None, extendee: None, default_value: None, oneof_index: None, json_name: Some("height"), options: None, proto3_optional: None }], extension: [], nested_type: [], enum_type: [], extension_range: [], oneof_decl: [], options: None, reserved_range: [], reserved_name: [] }, DescriptorProto { name: Some("AreaRequest"), field: [FieldDescriptorProto { name: Some("shapes"), number: Some(1), label: Some(Repeated), r#type: Some(Message), type_name: Some(".area_calculator.ShapeMessage"), extendee: None, default_value: None, oneof_index: None, json_name: Some("shapes"), options: None, proto3_optional: None }], extension: [], nested_type: [], enum_type: [], extension_range: [], oneof_decl: [], options: None, reserved_range: [], reserved_name: [] }, DescriptorProto { name: Some("AreaResponse"), field: [FieldDescriptorProto { name: Some("value"), number: Some(1), label: Some(Repeated), r#type: Some(Float), type_name: None, extendee: None, default_value: None, oneof_index: None, json_name: Some("value"), options: None, proto3_optional: None }], extension: [], nested_type: [], enum_type: [], extension_range: [], oneof_decl: [], options: None, reserved_range: [], reserved_name: [] }], enum_type: [], service: [ServiceDescriptorProto { name: Some("Calculator"), method: [MethodDescriptorProto { name: Some("calculateOne"), input_type: Some(".area_calculator.ShapeMessage"), output_type: Some(".area_calculator.AreaResponse"), options: Some(MethodOptions { deprecated: None, idempotency_level: None, uninterpreted_option: [] }), client_streaming: None, server_streaming: None }, MethodDescriptorProto { name: Some("calculateMulti"), input_type: Some(".area_calculator.AreaRequest"), output_type: Some(".area_calculator.AreaResponse"), options: Some(MethodOptions { deprecated: None, idempotency_level: None, uninterpreted_option: [] }), client_streaming: None, server_streaming: None }], options: None }], extension: [], options: Some(FileOptions { java_package: None, java_outer_classname: None, java_multiple_files: None, java_generate_equals_and_hash: None, java_string_check_utf8: None, optimize_for: None, go_package: Some("io.pact/area_calculator"), cc_generic_services: None, java_generic_services: None, py_generic_services: None, php_generic_services: Some(true), deprecated: None, cc_enable_arenas: None, objc_class_prefix: None, csharp_namespace: None, swift_prefix: None, php_class_prefix: None, php_namespace: None, php_metadata_namespace: None, ruby_package: None, uninterpreted_option: [] }), source_code_info: None, syntax: Some("proto3") }] }, service_name: "Calculator", message: SynchronousMessage { id: None, key: Some("c7fbe3ee"), description: "calculate rectangle area request", provider_states: [], comments: {"testname": String("io.pact.example.grpc.consumer.PactConsumerTest.calculateRectangleArea(MockServer, SynchronousMessages)")}, request: MessageContents { contents: Present(b"\x12\n\r\0\0@@\x15\0\0\x80@", Some(ContentType { main_type: "application", sub_type: "protobuf", attributes: {"message": "ShapeMessage"}, suffix: None }), Some(BINARY)), metadata: {}, matching_rules: MatchingRules { rules: {BODY: MatchingRuleCategory { name: BODY, rules: {DocPath { path_tokens: [Root, Field("rectangle"), Field("length")], expr: "$.rectangle.length" }: RuleList { rules: [Number], rule_logic: And, cascaded: false }, DocPath { path_tokens: [Root, Field("rectangle"), Field("width")], expr: "$.rectangle.width" }: RuleList { rules: [Number], rule_logic: And, cascaded: false }} }} }, generators: Generators { categories: {} } }, response: [MessageContents { contents: Present(b"\r\0\0@A", Some(ContentType { main_type: "application", sub_type: "protobuf", attributes: {"message": "AreaResponse"}, suffix: None }), Some(BINARY)), metadata: {}, matching_rules: MatchingRules { rules: {BODY: MatchingRuleCategory { name: BODY, rules: {DocPath { path_tokens: [Root, Field("value")], expr: "$.value" }: RuleList { rules: [Number], rule_logic: And, cascaded: false }} }} }, generators: Generators { categories: {} } }], pending: false, plugin_config: {"protobuf": {"service": String("Calculator/calculateOne"), "descriptorKey": String("a85dff8f82655a9681aad113575dcfbb")}}, interaction_markup: InteractionMarkup { markup: "```protobuf\nmessage ShapeMessage {\n    message .area_calculator.Rectangle rectangle = 2;\n}\n```\n\n```protobuf\nmessage AreaResponse {\n    float value = 1;\n}\n```\n", markup_type: "COMMON_MARK" }, transport: None }, method_descriptor: MethodDescriptorProto { name: Some("calculateOne"), input_type: Some(".area_calculator.ShapeMessage"), output_type: Some(".area_calculator.AreaResponse"), options: Some(MethodOptions { deprecated: None, idempotency_level: None, uninterpreted_option: [] }), client_streaming: None, server_streaming: None }, input_message: DescriptorProto { name: Some("ShapeMessage"), field: [FieldDescriptorProto { name: Some("square"), number: Some(1), label: Some(Optional), r#type: Some(Message), type_name: Some(".area_calculator.Square"), extendee: None, default_value: None, oneof_index: Some(0), json_name: Some("square"), options: None, proto3_optional: None }, FieldDescriptorProto { name: Some("rectangle"), number: Some(2), label: Some(Optional), r#type: Some(Message), type_name: Some(".area_calculator.Rectangle"), extendee: None, default_value: None, oneof_index: Some(0), json_name: Some("rectangle"), options: None, proto3_optional: None }, FieldDescriptorProto { name: Some("circle"), number: Some(3), label: Some(Optional), r#type: Some(Message), type_name: Some(".area_calculator.Circle"), extendee: None, default_value: None, oneof_index: Some(0), json_name: Some("circle"), options: None, proto3_optional: None }, FieldDescriptorProto { name: Some("triangle"), number: Some(4), label: Some(Optional), r#type: Some(Message), type_name: Some(".area_calculator.Triangle"), extendee: None, default_value: None, oneof_index: Some(0), json_name: Some("triangle"), options: None, proto3_optional: None }, FieldDescriptorProto { name: Some("parallelogram"), number: Some(5), label: Some(Optional), r#type: Some(Message), type_name: Some(".area_calculator.Parallelogram"), extendee: None, default_value: None, oneof_index: Some(0), json_name: Some("parallelogram"), options: None, proto3_optional: None }], extension: [], nested_type: [], enum_type: [], extension_range: [], oneof_decl: [OneofDescriptorProto { name: Some("shape"), options: None }], options: None, reserved_range: [], reserved_name: [] }, output_message: DescriptorProto { name: Some("AreaResponse"), field: [FieldDescriptorProto { name: Some("value"), number: Some(1), label: Some(Repeated), r#type: Some(Float), type_name: None, extendee: None, default_value: None, oneof_index: None, json_name: Some("value"), options: None, proto3_optional: None }], extension: [], nested_type: [], enum_type: [], extension_range: [], oneof_decl: [], options: None, reserved_range: [], reserved_name: [] }, server_key: "5cae5f82-fec2-43c6-9739-60d0383d84ec" } ?[3mrequest?[0m?[2m=?[0mDynamicMessage { descriptor: DescriptorProto { name: Some("ShapeMessage"), field: [FieldDescriptorProto { name: Some("square"), number: Some(1), label: Some(Optional), r#type: Some(Message), type_name: Some(".area_calculator.Square"), extendee: None, default_value: None, oneof_index: Some(0), json_name: Some("square"), options: None, proto3_optional: None }, FieldDescriptorProto { name: Some("rectangle"), number: Some(2), label: Some(Optional), r#type: Some(Message), type_name: Some(".area_calculator.Rectangle"), extendee: None, default_value: None, oneof_index: Some(0), json_name: Some("rectangle"), options: None, proto3_optional: None }, FieldDescriptorProto { name: Some("circle"), number: Some(3), label: Some(Optional), r#type: Some(Message), type_name: Some(".area_calculator.Circle"), extendee: None, default_value: None, oneof_index: Some(0), json_name: Some("circle"), options: None, proto3_optional: None }, FieldDescriptorProto { name: Some("triangle"), number: Some(4), label: Some(Optional), r#type: Some(Message), type_name: Some(".area_calculator.Triangle"), extendee: None, default_value: None, oneof_index: Some(0), json_name: Some("triangle"), options: None, proto3_optional: None }, FieldDescriptorProto { name: Some("parallelogram"), number: Some(5), label: Some(Optional), r#type: Some(Message), type_name: Some(".area_calculator.Parallelogram"), extendee: None, default_value: None, oneof_index: Some(0), json_name: Some("parallelogram"), options: None, proto3_optional: None }], extension: [], nested_type: [], enum_type: [], extension_range: [], oneof_decl: [OneofDescriptorProto { name: Some("shape"), options: None }], options: None, reserved_range: [], reserved_name: [] }, fields: [ProtobufField { field_num: 2, wire_type: LengthDelimited, data: Message([13, 0, 0, 64, 64, 21, 0, 0, 128, 64], DescriptorProto { name: Some("Rectangle"), field: [FieldDescriptorProto { name: Some("length"), number: Some(1), label: Some(Optional), r#type: Some(Float), type_name: None, extendee: None, default_value: None, oneof_index: None, json_name: Some("length"), options: None, proto3_optional: None }, FieldDescriptorProto { name: Some("width"), number: Some(2), label: Some(Optional), r#type: Some(Float), type_name: None, extendee: None, default_value: None, oneof_index: None, json_name: Some("width"), options: None, proto3_optional: None }], extension: [], nested_type: [], enum_type: [], extension_range: [], oneof_decl: [], options: None, reserved_range: [], reserved_name: [] }) }] } ?[3mmessage_descriptor?[0m?[2m=?[0mDescriptorProto { name: Some("ShapeMessage"), field: [FieldDescriptorProto { name: Some("square"), number: Some(1), label: Some(Optional), r#type: Some(Message), type_name: Some(".area_calculator.Square"), extendee: None, default_value: None, oneof_index: Some(0), json_name: Some("square"), options: None, proto3_optional: None }, FieldDescriptorProto { name: Some("rectangle"), number: Some(2), label: Some(Optional), r#type: Some(Message), type_name: Some(".area_calculator.Rectangle"), extendee: None, default_value: None, oneof_index: Some(0), json_name: Some("rectangle"), options: None, proto3_optional: None }, FieldDescriptorProto { name: Some("circle"), number: Some(3), label: Some(Optional), r#type: Some(Message), type_name: Some(".area_calculator.Circle"), extendee: None, default_value: None, oneof_index: Some(0), json_name: Some("circle"), options: None, proto3_optional: None }, FieldDescriptorProto { name: Some("triangle"), number: Some(4), label: Some(Optional), r#type: Some(Message), type_name: Some(".area_calculator.Triangle"), extendee: None, default_value: None, oneof_index: Some(0), json_name: Some("triangle"), options: None, proto3_optional: None }, FieldDescriptorProto { name: Some("parallelogram"), number: Some(5), label: Some(Optional), r#type: Some(Message), type_name: Some(".area_calculator.Parallelogram"), extendee: None, default_value: None, oneof_index: Some(0), json_name: Some("parallelogram"), options: None, proto3_optional: None }], extension: [], nested_type: [], enum_type: [], extension_range: [], oneof_decl: [OneofDescriptorProto { name: Some("shape"), options: None }], options: None, reserved_range: [], reserved_name: [] } ?[3mresponse_descriptor?[0m?[2m=?[0mDescriptorProto { name: Some("AreaResponse"), field: [FieldDescriptorProto { name: Some("value"), number: Some(1), label: Some(Repeated), r#type: Some(Float), type_name: None, extendee: None, default_value: None, oneof_index: None, json_name: Some("value"), options: None, proto3_optional: None }], extension: [], nested_type: [], enum_type: [], extension_range: [], oneof_decl: [], options: None, reserved_range: [], reserved_name: [] }?[1m}?[0m?[2m:?[0m ?[2mpact_models::path_exp?[0m?[2m:?[0m Calculated weight (8, 3) for path '$.rectangle.width' and '["$", "rectangle", "width"]'
15:05:16.546 [Thread-5] DEBUG i.pact.plugins.jvm.core.ChildProcess - Plugin protobuf [46038] || ?[2m2023-03-27T09:35:16.545129Z?[0m ?[35mTRACE?[0m tokio-runtime-worker ?[1mrequest?[0m?[1m{?[0m?[3mmethod?[0m?[2m=?[0mPOST ?[3muri?[0m?[2m=?[0mhttp://127.0.0.1:53791/area_calculator.Calculator/calculateOne ?[3mversion?[0m?[2m=?[0mHTTP/2.0?[1m}?[0m?[2m:?[0m?[1mcall?[0m?[1m{?[0m?[3mself?[0m?[2m=?[0mGrpcMockServer { pact: V4Pact { consumer: Consumer { name: "grpc-consumer-jvm" }, provider: Provider { name: "area-calculator-provider" }, interactions: [SynchronousMessage { id: None, key: Some("c7fbe3ee"), description: "calculate rectangle area request", provider_states: [], comments: {"testname": String("io.pact.example.grpc.consumer.PactConsumerTest.calculateRectangleArea(MockServer, SynchronousMessages)")}, request: MessageContents { contents: Present(b"\x12\n\r\0\0@@\x15\0\0\x80@", Some(ContentType { main_type: "application", sub_type: "protobuf", attributes: {"message": "ShapeMessage"}, suffix: None }), Some(BINARY)), metadata: {}, matching_rules: MatchingRules { rules: {BODY: MatchingRuleCategory { name: BODY, rules: {DocPath { path_tokens: [Root, Field("rectangle"), Field("length")], expr: "$.rectangle.length" }: RuleList { rules: [Number], rule_logic: And, cascaded: false }, DocPath { path_tokens: [Root, Field("rectangle"), Field("width")], expr: "$.rectangle.width" }: RuleList { rules: [Number], rule_logic: And, cascaded: false }} }} }, generators: Generators { categories: {} } }, response: [MessageContents { contents: Present(b"\r\0\0@A", Some(ContentType { main_type: "application", sub_type: "protobuf", attributes: {"message": "AreaResponse"}, suffix: None }), Some(BINARY)), metadata: {}, matching_rules: MatchingRules { rules: {BODY: MatchingRuleCategory { name: BODY, rules: {DocPath { path_tokens: [Root, Field("value")], expr: "$.value" }: RuleList { rules: [Number], rule_logic: And, cascaded: false }} }} }, generators: Generators { categories: {} } }], pending: false, plugin_config: {"protobuf": {"service": String("Calculator/calculateOne"), "descriptorKey": String("a85dff8f82655a9681aad113575dcfbb")}}, interaction_markup: InteractionMarkup { markup: "```protobuf\nmessage ShapeMessage {\n    message .area_calculator.Rectangle rectangle = 2;\n}\n```\n\n```protobuf\nmessage AreaResponse {\n    float value = 1;\n}\n```\n", markup_type: "COMMON_MARK" }, transport: None }], metadata: {"pact-jvm": Object({"version": String("4.4.2")}), "pactSpecification": Object({"version": String("4.0")})}, plugin_data: [PluginData { name: "protobuf", version: "0.1.5", configuration: {"a85dff8f82655a9681aad113575dcfbb": Object({"protoDescriptors": String("CsoHChVhcmVhX2NhbGN1bGF0b3IucHJvdG8SD2FyZWFfY2FsY3VsYXRvciK6AgoMU2hhcGVNZXNzYWdlEjEKBnNxdWFyZRgBIAEoCzIXLmFyZWFfY2FsY3VsYXRvci5TcXVhcmVIAFIGc3F1YXJlEjoKCXJlY3RhbmdsZRgCIAEoCzIaLmFyZWFfY2FsY3VsYXRvci5SZWN0YW5nbGVIAFIJcmVjdGFuZ2xlEjEKBmNpcmNsZRgDIAEoCzIXLmFyZWFfY2FsY3VsYXRvci5DaXJjbGVIAFIGY2lyY2xlEjcKCHRyaWFuZ2xlGAQgASgLMhkuYXJlYV9jYWxjdWxhdG9yLlRyaWFuZ2xlSABSCHRyaWFuZ2xlEkYKDXBhcmFsbGVsb2dyYW0YBSABKAsyHi5hcmVhX2NhbGN1bGF0b3IuUGFyYWxsZWxvZ3JhbUgAUg1wYXJhbGxlbG9ncmFtQgcKBXNoYXBlIikKBlNxdWFyZRIfCgtlZGdlX2xlbmd0aBgBIAEoAlIKZWRnZUxlbmd0aCI5CglSZWN0YW5nbGUSFgoGbGVuZ3RoGAEgASgCUgZsZW5ndGgSFAoFd2lkdGgYAiABKAJSBXdpZHRoIiAKBkNpcmNsZRIWCgZyYWRpdXMYASABKAJSBnJhZGl1cyJPCghUcmlhbmdsZRIVCgZlZGdlX2EYASABKAJSBWVkZ2VBEhUKBmVkZ2VfYhgCIAEoAlIFZWRnZUISFQoGZWRnZV9jGAMgASgCUgVlZGdlQyJICg1QYXJhbGxlbG9ncmFtEh8KC2Jhc2VfbGVuZ3RoGAEgASgCUgpiYXNlTGVuZ3RoEhYKBmhlaWdodBgCIAEoAlIGaGVpZ2h0IkQKC0FyZWFSZXF1ZXN0EjUKBnNoYXBlcxgBIAMoCzIdLmFyZWFfY2FsY3VsYXRvci5TaGFwZU1lc3NhZ2VSBnNoYXBlcyIkCgxBcmVhUmVzcG9uc2USFAoFdmFsdWUYASADKAJSBXZhbHVlMq0BCgpDYWxjdWxhdG9yEk4KDGNhbGN1bGF0ZU9uZRIdLmFyZWFfY2FsY3VsYXRvci5TaGFwZU1lc3NhZ2UaHS5hcmVhX2NhbGN1bGF0b3IuQXJlYVJlc3BvbnNlIgASTwoOY2FsY3VsYXRlTXVsdGkSHC5hcmVhX2NhbGN1bGF0b3IuQXJlYVJlcXVlc3QaHS5hcmVhX2NhbGN1bGF0b3IuQXJlYVJlc3BvbnNlIgBCHFoXaW8ucGFjdC9hcmVhX2NhbGN1bGF0b3LQAgFiBnByb3RvMw=="), "protoFile": String("syntax = \"proto3\";\n\npackage area_calculator;\n\noption php_generic_services = true;\noption go_package = \"io.pact/area_calculator\";\n\nservice Calculator {\n  rpc calculateOne (ShapeMessage) returns (AreaResponse) {}\n  rpc calculateMulti (AreaRequest) returns (AreaResponse) {}\n}\n\nmessage ShapeMessage {\n  oneof shape {\n    Square square = 1;\n    Rectangle rectangle = 2;\n    Circle circle = 3;\n    Triangle triangle = 4;\n    Parallelogram parallelogram = 5;\n  }\n}\n\nmessage Square {\n  float edge_length = 1;\n}\n\nmessage Rectangle {\n  float length = 1;\n  float width = 2;\n}\n\nmessage Circle {\n  float radius = 1;\n}\n\nmessage Triangle {\n  float edge_a = 1;\n  float edge_b = 2;\n  float edge_c = 3;\n}\n\nmessage Parallelogram {\n  float base_length = 1;\n  float height = 2;\n}\n\nmessage AreaRequest {\n  repeated ShapeMessage shapes = 1;\n}\n\nmessage AreaResponse {\n  repeated float value = 1;\n}\n")})} }] }, plugin_config: PluginData { name: "protobuf", version: "0.1.5", configuration: {"a85dff8f82655a9681aad113575dcfbb": Object({"protoDescriptors": String("CsoHChVhcmVhX2NhbGN1bGF0b3IucHJvdG8SD2FyZWFfY2FsY3VsYXRvciK6AgoMU2hhcGVNZXNzYWdlEjEKBnNxdWFyZRgBIAEoCzIXLmFyZWFfY2FsY3VsYXRvci5TcXVhcmVIAFIGc3F1YXJlEjoKCXJlY3RhbmdsZRgCIAEoCzIaLmFyZWFfY2FsY3VsYXRvci5SZWN0YW5nbGVIAFIJcmVjdGFuZ2xlEjEKBmNpcmNsZRgDIAEoCzIXLmFyZWFfY2FsY3VsYXRvci5DaXJjbGVIAFIGY2lyY2xlEjcKCHRyaWFuZ2xlGAQgASgLMhkuYXJlYV9jYWxjdWxhdG9yLlRyaWFuZ2xlSABSCHRyaWFuZ2xlEkYKDXBhcmFsbGVsb2dyYW0YBSABKAsyHi5hcmVhX2NhbGN1bGF0b3IuUGFyYWxsZWxvZ3JhbUgAUg1wYXJhbGxlbG9ncmFtQgcKBXNoYXBlIikKBlNxdWFyZRIfCgtlZGdlX2xlbmd0aBgBIAEoAlIKZWRnZUxlbmd0aCI5CglSZWN0YW5nbGUSFgoGbGVuZ3RoGAEgASgCUgZsZW5ndGgSFAoFd2lkdGgYAiABKAJSBXdpZHRoIiAKBkNpcmNsZRIWCgZyYWRpdXMYASABKAJSBnJhZGl1cyJPCghUcmlhbmdsZRIVCgZlZGdlX2EYASABKAJSBWVkZ2VBEhUKBmVkZ2VfYhgCIAEoAlIFZWRnZUISFQoGZWRnZV9jGAMgASgCUgVlZGdlQyJICg1QYXJhbGxlbG9ncmFtEh8KC2Jhc2VfbGVuZ3RoGAEgASgCUgpiYXNlTGVuZ3RoEhYKBmhlaWdodBgCIAEoAlIGaGVpZ2h0IkQKC0FyZWFSZXF1ZXN0EjUKBnNoYXBlcxgBIAMoCzIdLmFyZWFfY2FsY3VsYXRvci5TaGFwZU1lc3NhZ2VSBnNoYXBlcyIkCgxBcmVhUmVzcG9uc2USFAoFdmFsdWUYASADKAJSBXZhbHVlMq0BCgpDYWxjdWxhdG9yEk4KDGNhbGN1bGF0ZU9uZRIdLmFyZWFfY2FsY3VsYXRvci5TaGFwZU1lc3NhZ2UaHS5hcmVhX2NhbGN1bGF0b3IuQXJlYVJlc3BvbnNlIgASTwoOY2FsY3VsYXRlTXVsdGkSHC5hcmVhX2NhbGN1bGF0b3IuQXJlYVJlcXVlc3QaHS5hcmVhX2NhbGN1bGF0b3IuQXJlYVJlc3BvbnNlIgBCHFoXaW8ucGFjdC9hcmVhX2NhbGN1bGF0b3LQAgFiBnByb3RvMw=="), "protoFile": String("syntax = \"proto3\";\n\npackage area_calculator;\n\noption php_generic_services = true;\noption go_package = \"io.pact/area_calculator\";\n\nservice Calculator {\n  rpc calculateOne (ShapeMessage) returns (AreaResponse) {}\n  rpc calculateMulti (AreaRequest) returns (AreaResponse) {}\n}\n\nmessage ShapeMessage {\n  oneof shape {\n    Square square = 1;\n    Rectangle rectangle = 2;\n    Circle circle = 3;\n    Triangle triangle = 4;\n    Parallelogram parallelogram = 5;\n  }\n}\n\nmessage Square {\n  float edge_length = 1;\n}\n\nmessage Rectangle {\n  float length = 1;\n  float width = 2;\n}\n\nmessage Circle {\n  float radius = 1;\n}\n\nmessage Triangle {\n  float edge_a = 1;\n  float edge_b = 2;\n  float edge_c = 3;\n}\n\nmessage Parallelogram {\n  float base_length = 1;\n  float height = 2;\n}\n\nmessage AreaRequest {\n  repeated ShapeMessage shapes = 1;\n}\n\nmessage AreaResponse {\n  repeated float value = 1;\n}\n")})} }, descriptors: {"a85dff8f82655a9681aad113575dcfbb": FileDescriptorSet { file: [FileDescriptorProto { name: Some("area_calculator.proto"), package: Some("area_calculator"), dependency: [], public_dependency: [], weak_dependency: [], message_type: [DescriptorProto { name: Some("ShapeMessage"), field: [FieldDescriptorProto { name: Some("square"), number: Some(1), label: Some(Optional), r#type: Some(Message), type_name: Some(".area_calculator.Square"), extendee: None, default_value: None, oneof_index: Some(0), json_name: Some("square"), options: None, proto3_optional: None }, FieldDescriptorProto { name: Some("rectangle"), number: Some(2), label: Some(Optional), r#type: Some(Message), type_name: Some(".area_calculator.Rectangle"), extendee: None, default_value: None, oneof_index: Some(0), json_name: Some("rectangle"), options: None, proto3_optional: None }, FieldDescriptorProto { name: Some("circle"), number: Some(3), label: Some(Optional), r#type: Some(Message), type_name: Some(".area_calculator.Circle"), extendee: None, default_value: None, oneof_index: Some(0), json_name: Some("circle"), options: None, proto3_optional: None }, FieldDescriptorProto { name: Some("triangle"), number: Some(4), label: Some(Optional), r#type: Some(Message), type_name: Some(".area_calculator.Triangle"), extendee: None, default_value: None, oneof_index: Some(0), json_name: Some("triangle"), options: None, proto3_optional: None }, FieldDescriptorProto { name: Some("parallelogram"), number: Some(5), label: Some(Optional), r#type: Some(Message), type_name: Some(".area_calculator.Parallelogram"), extendee: None, default_value: None, oneof_index: Some(0), json_name: Some("parallelogram"), options: None, proto3_optional: None }], extension: [], nested_type: [], enum_type: [], extension_range: [], oneof_decl: [OneofDescriptorProto { name: Some("shape"), options: None }], options: None, reserved_range: [], reserved_name: [] }, DescriptorProto { name: Some("Square"), field: [FieldDescriptorProto { name: Some("edge_length"), number: Some(1), label: Some(Optional), r#type: Some(Float), type_name: None, extendee: None, default_value: None, oneof_index: None, json_name: Some("edgeLength"), options: None, proto3_optional: None }], extension: [], nested_type: [], enum_type: [], extension_range: [], oneof_decl: [], options: None, reserved_range: [], reserved_name: [] }, DescriptorProto { name: Some("Rectangle"), field: [FieldDescriptorProto { name: Some("length"), number: Some(1), label: Some(Optional), r#type: Some(Float), type_name: None, extendee: None, default_value: None, oneof_index: None, json_name: Some("length"), options: None, proto3_optional: None }, FieldDescriptorProto { name: Some("width"), number: Some(2), label: Some(Optional), r#type: Some(Float), type_name: None, extendee: None, default_value: None, oneof_index: None, json_name: Some("width"), options: None, proto3_optional: None }], extension: [], nested_type: [], enum_type: [], extension_range: [], oneof_decl: [], options: None, reserved_range: [], reserved_name: [] }, DescriptorProto { name: Some("Circle"), field: [FieldDescriptorProto { name: Some("radius"), number: Some(1), label: Some(Optional), r#type: Some(Float), type_name: None, extendee: None, default_value: None, oneof_index: None, json_name: Some("radius"), options: None, proto3_optional: None }], extension: [], nested_type: [], enum_type: [], extension_range: [], oneof_decl: [], options: None, reserved_range: [], reserved_name: [] }, DescriptorProto { name: Some("Triangle"), field: [FieldDescriptorProto { name: Some("edge_a"), number: Some(1), label: Some(Optional), r#type: Some(Float), type_name: None, extendee: None, default_value: None, oneof_index: None, json_name: Some("edgeA"), options: None, proto3_optional: None }, FieldDescriptorProto { name: Some("edge_b"), number: Some(2), label: Some(Optional), r#type: Some(Float), type_name: None, extendee: None, default_value: None, oneof_index: None, json_name: Some("edgeB"), options: None, proto3_optional: None }, FieldDescriptorProto { name: Some("edge_c"), number: Some(3), label: Some(Optional), r#type: Some(Float), type_name: None, extendee: None, default_value: None, oneof_index: None, json_name: Some("edgeC"), options: None, proto3_optional: None }], extension: [], nested_type: [], enum_type: [], extension_range: [], oneof_decl: [], options: None, reserved_range: [], reserved_name: [] }, DescriptorProto { name: Some("Parallelogram"), field: [FieldDescriptorProto { name: Some("base_length"), number: Some(1), label: Some(Optional), r#type: Some(Float), type_name: None, extendee: None, default_value: None, oneof_index: None, json_name: Some("baseLength"), options: None, proto3_optional: None }, FieldDescriptorProto { name: Some("height"), number: Some(2), label: Some(Optional), r#type: Some(Float), type_name: None, extendee: None, default_value: None, oneof_index: None, json_name: Some("height"), options: None, proto3_optional: None }], extension: [], nested_type: [], enum_type: [], extension_range: [], oneof_decl: [], options: None, reserved_range: [], reserved_name: [] }, DescriptorProto { name: Some("AreaRequest"), field: [FieldDescriptorProto { name: Some("shapes"), number: Some(1), label: Some(Repeated), r#type: Some(Message), type_name: Some(".area_calculator.ShapeMessage"), extendee: None, default_value: None, oneof_index: None, json_name: Some("shapes"), options: None, proto3_optional: None }], extension: [], nested_type: [], enum_type: [], extension_range: [], oneof_decl: [], options: None, reserved_range: [], reserved_name: [] }, DescriptorProto { name: Some("AreaResponse"), field: [FieldDescriptorProto { name: Some("value"), number: Some(1), label: Some(Repeated), r#type: Some(Float), type_name: None, extendee: None, default_value: None, oneof_index: None, json_name: Some("value"), options: None, proto3_optional: None }], extension: [], nested_type: [], enum_type: [], extension_range: [], oneof_decl: [], options: None, reserved_range: [], reserved_name: [] }], enum_type: [], service: [ServiceDescriptorProto { name: Some("Calculator"), method: [MethodDescriptorProto { name: Some("calculateOne"), input_type: Some(".area_calculator.ShapeMessage"), output_type: Some(".area_calculator.AreaResponse"), options: Some(MethodOptions { deprecated: None, idempotency_level: None, uninterpreted_option: [] }), client_streaming: None, server_streaming: None }, MethodDescriptorProto { name: Some("calculateMulti"), input_type: Some(".area_calculator.AreaRequest"), output_type: Some(".area_calculator.AreaResponse"), options: Some(MethodOptions { deprecated: None, idempotency_level: None, uninterpreted_option: [] }), client_streaming: None, server_streaming: None }], options: None }], extension: [], options: Some(FileOptions { java_package: None, java_outer_classname: None, java_multiple_files: None, java_generate_equals_and_hash: None, java_string_check_utf8: None, optimize_for: None, go_package: Some("io.pact/area_calculator"), cc_generic_services: None, java_generic_services: None, py_generic_services: None, php_generic_services: Some(true), deprecated: None, cc_enable_arenas: None, objc_class_prefix: None, csharp_namespace: None, swift_prefix: None, php_class_prefix: None, php_namespace: None, php_metadata_namespace: None, ruby_package: None, uninterpreted_option: [] }), source_code_info: None, syntax: Some("proto3") }] }}, routes: {"Calculator/calculateOne": (FileDescriptorSet { file: [FileDescriptorProto { name: Some("area_calculator.proto"), package: Some("area_calculator"), dependency: [], public_dependency: [], weak_dependency: [], message_type: [DescriptorProto { name: Some("ShapeMessage"), field: [FieldDescriptorProto { name: Some("square"), number: Some(1), label: Some(Optional), r#type: Some(Message), type_name: Some(".area_calculator.Square"), extendee: None, default_value: None, oneof_index: Some(0), json_name: Some("square"), options: None, proto3_optional: None }, FieldDescriptorProto { name: Some("rectangle"), number: Some(2), label: Some(Optional), r#type: Some(Message), type_name: Some(".area_calculator.Rectangle"), extendee: None, default_value: None, oneof_index: Some(0), json_name: Some("rectangle"), options: None, proto3_optional: None }, FieldDescriptorProto { name: Some("circle"), number: Some(3), label: Some(Optional), r#type: Some(Message), type_name: Some(".area_calculator.Circle"), extendee: None, default_value: None, oneof_index: Some(0), json_name: Some("circle"), options: None, proto3_optional: None }, FieldDescriptorProto { name: Some("triangle"), number: Some(4), label: Some(Optional), r#type: Some(Message), type_name: Some(".area_calculator.Triangle"), extendee: None, default_value: None, oneof_index: Some(0), json_name: Some("triangle"), options: None, proto3_optional: None }, FieldDescriptorProto { name: Some("parallelogram"), number: Some(5), label: Some(Optional), r#type: Some(Message), type_name: Some(".area_calculator.Parallelogram"), extendee: None, default_value: None, oneof_index: Some(0), json_name: Some("parallelogram"), options: None, proto3_optional: None }], extension: [], nested_type: [], enum_type: [], extension_range: [], oneof_decl: [OneofDescriptorProto { name: Some("shape"), options: None }], options: None, reserved_range: [], reserved_name: [] }, DescriptorProto { name: Some("Square"), field: [FieldDescriptorProto { name: Some("edge_length"), number: Some(1), label: Some(Optional), r#type: Some(Float), type_name: None, extendee: None, default_value: None, oneof_index: None, json_name: Some("edgeLength"), options: None, proto3_optional: None }], extension: [], nested_type: [], enum_type: [], extension_range: [], oneof_decl: [], options: None, reserved_range: [], reserved_name: [] }, DescriptorProto { name: Some("Rectangle"), field: [FieldDescriptorProto { name: Some("length"), number: Some(1), label: Some(Optional), r#type: Some(Float), type_name: None, extendee: None, default_value: None, oneof_index: None, json_name: Some("length"), options: None, proto3_optional: None }, FieldDescriptorProto { name: Some("width"), number: Some(2), label: Some(Optional), r#type: Some(Float), type_name: None, extendee: None, default_value: None, oneof_index: None, json_name: Some("width"), options: None, proto3_optional: None }], extension: [], nested_type: [], enum_type: [], extension_range: [], oneof_decl: [], options: None, reserved_range: [], reserved_name: [] }, DescriptorProto { name: Some("Circle"), field: [FieldDescriptorProto { name: Some("radius"), number: Some(1), label: Some(Optional), r#type: Some(Float), type_name: None, extendee: None, default_value: None, oneof_index: None, json_name: Some("radius"), options: None, proto3_optional: None }], extension: [], nested_type: [], enum_type: [], extension_range: [], oneof_decl: [], options: None, reserved_range: [], reserved_name: [] }, DescriptorProto { name: Some("Triangle"), field: [FieldDescriptorProto { name: Some("edge_a"), number: Some(1), label: Some(Optional), r#type: Some(Float), type_name: None, extendee: None, default_value: None, oneof_index: None, json_name: Some("edgeA"), options: None, proto3_optional: None }, FieldDescriptorProto { name: Some("edge_b"), number: Some(2), label: Some(Optional), r#type: Some(Float), type_name: None, extendee: None, default_value: None, oneof_index: None, json_name: Some("edgeB"), options: None, proto3_optional: None }, FieldDescriptorProto { name: Some("edge_c"), number: Some(3), label: Some(Optional), r#type: Some(Float), type_name: None, extendee: None, default_value: None, oneof_index: None, json_name: Some("edgeC"), options: None, proto3_optional: None }], extension: [], nested_type: [], enum_type: [], extension_range: [], oneof_decl: [], options: None, reserved_range: [], reserved_name: [] }, DescriptorProto { name: Some("Parallelogram"), field: [FieldDescriptorProto { name: Some("base_length"), number: Some(1), label: Some(Optional), r#type: Some(Float), type_name: None, extendee: None, default_value: None, oneof_index: None, json_name: Some("baseLength"), options: None, proto3_optional: None }, FieldDescriptorProto { name: Some("height"), number: Some(2), label: Some(Optional), r#type: Some(Float), type_name: None, extendee: None, default_value: None, oneof_index: None, json_name: Some("height"), options: None, proto3_optional: None }], extension: [], nested_type: [], enum_type: [], extension_range: [], oneof_decl: [], options: None, reserved_range: [], reserved_name: [] }, DescriptorProto { name: Some("AreaRequest"), field: [FieldDescriptorProto { name: Some("shapes"), number: Some(1), label: Some(Repeated), r#type: Some(Message), type_name: Some(".area_calculator.ShapeMessage"), extendee: None, default_value: None, oneof_index: None, json_name: Some("shapes"), options: None, proto3_optional: None }], extension: [], nested_type: [], enum_type: [], extension_range: [], oneof_decl: [], options: None, reserved_range: [], reserved_name: [] }, DescriptorProto { name: Some("AreaResponse"), field: [FieldDescriptorProto { name: Some("value"), number: Some(1), label: Some(Repeated), r#type: Some(Float), type_name: None, extendee: None, default_value: None, oneof_index: None, json_name: Some("value"), options: None, proto3_optional: None }], extension: [], nested_type: [], enum_type: [], extension_range: [], oneof_decl: [], options: None, reserved_range: [], reserved_name: [] }], enum_type: [], service: [ServiceDescriptorProto { name: Some("Calculator"), method: [MethodDescriptorProto { name: Some("calculateOne"), input_type: Some(".area_calculator.ShapeMessage"), output_type: Some(".area_calculator.AreaResponse"), options: Some(MethodOptions { deprecated: None, idempotency_level: None, uninterpreted_option: [] }), client_streaming: None, server_streaming: None }, MethodDescriptorProto { name: Some("calculateMulti"), input_type: Some(".area_calculator.AreaRequest"), output_type: Some(".area_calculator.AreaResponse"), options: Some(MethodOptions { deprecated: None, idempotency_level: None, uninterpreted_option: [] }), client_streaming: None, server_streaming: None }], options: None }], extension: [], options: Some(FileOptions { java_package: None, java_outer_classname: None, java_multiple_files: None, java_generate_equals_and_hash: None, java_string_check_utf8: None, optimize_for: None, go_package: Some("io.pact/area_calculator"), cc_generic_services: None, java_generic_services: None, py_generic_services: None, php_generic_services: Some(true), deprecated: None, cc_enable_arenas: None, objc_class_prefix: None, csharp_namespace: None, swift_prefix: None, php_class_prefix: None, php_namespace: None, php_metadata_namespace: None, ruby_package: None, uninterpreted_option: [] }), source_code_info: None, syntax: Some("proto3") }] }, MethodDescriptorProto { name: Some("calculateOne"), input_type: Some(".area_calculator.ShapeMessage"), output_type: Some(".area_calculator.AreaResponse"), options: Some(MethodOptions { deprecated: None, idempotency_level: None, uninterpreted_option: [] }), client_streaming: None, server_streaming: None }, SynchronousMessage { id: None, key: Some("c7fbe3ee"), description: "calculate rectangle area request", provider_states: [], comments: {"testname": String("io.pact.example.grpc.consumer.PactConsumerTest.calculateRectangleArea(MockServer, SynchronousMessages)")}, request: MessageContents { contents: Present(b"\x12\n\r\0\0@@\x15\0\0\x80@", Some(ContentType { main_type: "application", sub_type: "protobuf", attributes: {"message": "ShapeMessage"}, suffix: None }), Some(BINARY)), metadata: {}, matching_rules: MatchingRules { rules: {BODY: MatchingRuleCategory { name: BODY, rules: {DocPath { path_tokens: [Root, Field("rectangle"), Field("length")], expr: "$.rectangle.length" }: RuleList { rules: [Number], rule_logic: And, cascaded: false }, DocPath { path_tokens: [Root, Field("rectangle"), Field("width")], expr: "$.rectangle.width" }: RuleList { rules: [Number], rule_logic: And, cascaded: false }} }} }, generators: Generators { categories: {} } }, response: [MessageContents { contents: Present(b"\r\0\0@A", Some(ContentType { main_type: "application", sub_type: "protobuf", attributes: {"message": "AreaResponse"}, suffix: None }), Some(BINARY)), metadata: {}, matching_rules: MatchingRules { rules: {BODY: MatchingRuleCategory { name: BODY, rules: {DocPath { path_tokens: [Root, Field("value")], expr: "$.value" }: RuleList { rules: [Number], rule_logic: And, cascaded: false }} }} }, generators: Generators { categories: {} } }], pending: false, plugin_config: {"protobuf": {"service": String("Calculator/calculateOne"), "descriptorKey": String("a85dff8f82655a9681aad113575dcfbb")}}, interaction_markup: InteractionMarkup { markup: "```protobuf\nmessage ShapeMessage {\n    message .area_calculator.Rectangle rectangle = 2;\n}\n```\n\n```protobuf\nmessage AreaResponse {\n    float value = 1;\n}\n```\n", markup_type: "COMMON_MARK" }, transport: None })}, server_key: "5cae5f82-fec2-43c6-9739-60d0383d84ec" } ?[3mreq?[0m?[2m=?[0mRequest { method: POST, uri: http://127.0.0.1:53791/area_calculator.Calculator/calculateOne, version: HTTP/2.0, headers: {"content-type": "application/grpc", "te": "trailers", "user-agent": "grpc-java-netty/1.49.0", "grpc-accept-encoding": "gzip"}, body: Body(Streaming) }?[1m}?[0m?[2m:?[0m?[1mmock_server_handler?[0m?[1m{?[0m?[3mkey?[0m?[2m=?[0m"5cae5f82-fec2-43c6-9739-60d0383d84ec"?[1m}?[0m?[2m:?[0m?[1mhandle_message?[0m?[1m{?[0m?[3mself?[0m?[2m=?[0mMockService { file_descriptor_set: FileDescriptorSet { file: [FileDescriptorProto { name: Some("area_calculator.proto"), package: Some("area_calculator"), dependency: [], public_dependency: [], weak_dependency: [], message_type: [DescriptorProto { name: Some("ShapeMessage"), field: [FieldDescriptorProto { name: Some("square"), number: Some(1), label: Some(Optional), r#type: Some(Message), type_name: Some(".area_calculator.Square"), extendee: None, default_value: None, oneof_index: Some(0), json_name: Some("square"), options: None, proto3_optional: None }, FieldDescriptorProto { name: Some("rectangle"), number: Some(2), label: Some(Optional), r#type: Some(Message), type_name: Some(".area_calculator.Rectangle"), extendee: None, default_value: None, oneof_index: Some(0), json_name: Some("rectangle"), options: None, proto3_optional: None }, FieldDescriptorProto { name: Some("circle"), number: Some(3), label: Some(Optional), r#type: Some(Message), type_name: Some(".area_calculator.Circle"), extendee: None, default_value: None, oneof_index: Some(0), json_name: Some("circle"), options: None, proto3_optional: None }, FieldDescriptorProto { name: Some("triangle"), number: Some(4), label: Some(Optional), r#type: Some(Message), type_name: Some(".area_calculator.Triangle"), extendee: None, default_value: None, oneof_index: Some(0), json_name: Some("triangle"), options: None, proto3_optional: None }, FieldDescriptorProto { name: Some("parallelogram"), number: Some(5), label: Some(Optional), r#type: Some(Message), type_name: Some(".area_calculator.Parallelogram"), extendee: None, default_value: None, oneof_index: Some(0), json_name: Some("parallelogram"), options: None, proto3_optional: None }], extension: [], nested_type: [], enum_type: [], extension_range: [], oneof_decl: [OneofDescriptorProto { name: Some("shape"), options: None }], options: None, reserved_range: [], reserved_name: [] }, DescriptorProto { name: Some("Square"), field: [FieldDescriptorProto { name: Some("edge_length"), number: Some(1), label: Some(Optional), r#type: Some(Float), type_name: None, extendee: None, default_value: None, oneof_index: None, json_name: Some("edgeLength"), options: None, proto3_optional: None }], extension: [], nested_type: [], enum_type: [], extension_range: [], oneof_decl: [], options: None, reserved_range: [], reserved_name: [] }, DescriptorProto { name: Some("Rectangle"), field: [FieldDescriptorProto { name: Some("length"), number: Some(1), label: Some(Optional), r#type: Some(Float), type_name: None, extendee: None, default_value: None, oneof_index: None, json_name: Some("length"), options: None, proto3_optional: None }, FieldDescriptorProto { name: Some("width"), number: Some(2), label: Some(Optional), r#type: Some(Float), type_name: None, extendee: None, default_value: None, oneof_index: None, json_name: Some("width"), options: None, proto3_optional: None }], extension: [], nested_type: [], enum_type: [], extension_range: [], oneof_decl: [], options: None, reserved_range: [], reserved_name: [] }, DescriptorProto { name: Some("Circle"), field: [FieldDescriptorProto { name: Some("radius"), number: Some(1), label: Some(Optional), r#type: Some(Float), type_name: None, extendee: None, default_value: None, oneof_index: None, json_name: Some("radius"), options: None, proto3_optional: None }], extension: [], nested_type: [], enum_type: [], extension_range: [], oneof_decl: [], options: None, reserved_range: [], reserved_name: [] }, DescriptorProto { name: Some("Triangle"), field: [FieldDescriptorProto { name: Some("edge_a"), number: Some(1), label: Some(Optional), r#type: Some(Float), type_name: None, extendee: None, default_value: None, oneof_index: None, json_name: Some("edgeA"), options: None, proto3_optional: None }, FieldDescriptorProto { name: Some("edge_b"), number: Some(2), label: Some(Optional), r#type: Some(Float), type_name: None, extendee: None, default_value: None, oneof_index: None, json_name: Some("edgeB"), options: None, proto3_optional: None }, FieldDescriptorProto { name: Some("edge_c"), number: Some(3), label: Some(Optional), r#type: Some(Float), type_name: None, extendee: None, default_value: None, oneof_index: None, json_name: Some("edgeC"), options: None, proto3_optional: None }], extension: [], nested_type: [], enum_type: [], extension_range: [], oneof_decl: [], options: None, reserved_range: [], reserved_name: [] }, DescriptorProto { name: Some("Parallelogram"), field: [FieldDescriptorProto { name: Some("base_length"), number: Some(1), label: Some(Optional), r#type: Some(Float), type_name: None, extendee: None, default_value: None, oneof_index: None, json_name: Some("baseLength"), options: None, proto3_optional: None }, FieldDescriptorProto { name: Some("height"), number: Some(2), label: Some(Optional), r#type: Some(Float), type_name: None, extendee: None, default_value: None, oneof_index: None, json_name: Some("height"), options: None, proto3_optional: None }], extension: [], nested_type: [], enum_type: [], extension_range: [], oneof_decl: [], options: None, reserved_range: [], reserved_name: [] }, DescriptorProto { name: Some("AreaRequest"), field: [FieldDescriptorProto { name: Some("shapes"), number: Some(1), label: Some(Repeated), r#type: Some(Message), type_name: Some(".area_calculator.ShapeMessage"), extendee: None, default_value: None, oneof_index: None, json_name: Some("shapes"), options: None, proto3_optional: None }], extension: [], nested_type: [], enum_type: [], extension_range: [], oneof_decl: [], options: None, reserved_range: [], reserved_name: [] }, DescriptorProto { name: Some("AreaResponse"), field: [FieldDescriptorProto { name: Some("value"), number: Some(1), label: Some(Repeated), r#type: Some(Float), type_name: None, extendee: None, default_value: None, oneof_index: None, json_name: Some("value"), options: None, proto3_optional: None }], extension: [], nested_type: [], enum_type: [], extension_range: [], oneof_decl: [], options: None, reserved_range: [], reserved_name: [] }], enum_type: [], service: [ServiceDescriptorProto { name: Some("Calculator"), method: [MethodDescriptorProto { name: Some("calculateOne"), input_type: Some(".area_calculator.ShapeMessage"), output_type: Some(".area_calculator.AreaResponse"), options: Some(MethodOptions { deprecated: None, idempotency_level: None, uninterpreted_option: [] }), client_streaming: None, server_streaming: None }, MethodDescriptorProto { name: Some("calculateMulti"), input_type: Some(".area_calculator.AreaRequest"), output_type: Some(".area_calculator.AreaResponse"), options: Some(MethodOptions { deprecated: None, idempotency_level: None, uninterpreted_option: [] }), client_streaming: None, server_streaming: None }], options: None }], extension: [], options: Some(FileOptions { java_package: None, java_outer_classname: None, java_multiple_files: None, java_generate_equals_and_hash: None, java_string_check_utf8: None, optimize_for: None, go_package: Some("io.pact/area_calculator"), cc_generic_services: None, java_generic_services: None, py_generic_services: None, php_generic_services: Some(true), deprecated: None, cc_enable_arenas: None, objc_class_prefix: None, csharp_namespace: None, swift_prefix: None, php_class_prefix: None, php_namespace: None, php_metadata_namespace: None, ruby_package: None, uninterpreted_option: [] }), source_code_info: None, syntax: Some("proto3") }] }, service_name: "Calculator", message: SynchronousMessage { id: None, key: Some("c7fbe3ee"), description: "calculate rectangle area request", provider_states: [], comments: {"testname": String("io.pact.example.grpc.consumer.PactConsumerTest.calculateRectangleArea(MockServer, SynchronousMessages)")}, request: MessageContents { contents: Present(b"\x12\n\r\0\0@@\x15\0\0\x80@", Some(ContentType { main_type: "application", sub_type: "protobuf", attributes: {"message": "ShapeMessage"}, suffix: None }), Some(BINARY)), metadata: {}, matching_rules: MatchingRules { rules: {BODY: MatchingRuleCategory { name: BODY, rules: {DocPath { path_tokens: [Root, Field("rectangle"), Field("length")], expr: "$.rectangle.length" }: RuleList { rules: [Number], rule_logic: And, cascaded: false }, DocPath { path_tokens: [Root, Field("rectangle"), Field("width")], expr: "$.rectangle.width" }: RuleList { rules: [Number], rule_logic: And, cascaded: false }} }} }, generators: Generators { categories: {} } }, response: [MessageContents { contents: Present(b"\r\0\0@A", Some(ContentType { main_type: "application", sub_type: "protobuf", attributes: {"message": "AreaResponse"}, suffix: None }), Some(BINARY)), metadata: {}, matching_rules: MatchingRules { rules: {BODY: MatchingRuleCategory { name: BODY, rules: {DocPath { path_tokens: [Root, Field("value")], expr: "$.value" }: RuleList { rules: [Number], rule_logic: And, cascaded: false }} }} }, generators: Generators { categories: {} } }], pending: false, plugin_config: {"protobuf": {"service": String("Calculator/calculateOne"), "descriptorKey": String("a85dff8f82655a9681aad113575dcfbb")}}, interaction_markup: InteractionMarkup { markup: "```protobuf\nmessage ShapeMessage {\n    message .area_calculator.Rectangle rectangle = 2;\n}\n```\n\n```protobuf\nmessage AreaResponse {\n    float value = 1;\n}\n```\n", markup_type: "COMMON_MARK" }, transport: None }, method_descriptor: MethodDescriptorProto { name: Some("calculateOne"), input_type: Some(".area_calculator.ShapeMessage"), output_type: Some(".area_calculator.AreaResponse"), options: Some(MethodOptions { deprecated: None, idempotency_level: None, uninterpreted_option: [] }), client_streaming: None, server_streaming: None }, input_message: DescriptorProto { name: Some("ShapeMessage"), field: [FieldDescriptorProto { name: Some("square"), number: Some(1), label: Some(Optional), r#type: Some(Message), type_name: Some(".area_calculator.Square"), extendee: None, default_value: None, oneof_index: Some(0), json_name: Some("square"), options: None, proto3_optional: None }, FieldDescriptorProto { name: Some("rectangle"), number: Some(2), label: Some(Optional), r#type: Some(Message), type_name: Some(".area_calculator.Rectangle"), extendee: None, default_value: None, oneof_index: Some(0), json_name: Some("rectangle"), options: None, proto3_optional: None }, FieldDescriptorProto { name: Some("circle"), number: Some(3), label: Some(Optional), r#type: Some(Message), type_name: Some(".area_calculator.Circle"), extendee: None, default_value: None, oneof_index: Some(0), json_name: Some("circle"), options: None, proto3_optional: None }, FieldDescriptorProto { name: Some("triangle"), number: Some(4), label: Some(Optional), r#type: Some(Message), type_name: Some(".area_calculator.Triangle"), extendee: None, default_value: None, oneof_index: Some(0), json_name: Some("triangle"), options: None, proto3_optional: None }, FieldDescriptorProto { name: Some("parallelogram"), number: Some(5), label: Some(Optional), r#type: Some(Message), type_name: Some(".area_calculator.Parallelogram"), extendee: None, default_value: None, oneof_index: Some(0), json_name: Some("parallelogram"), options: None, proto3_optional: None }], extension: [], nested_type: [], enum_type: [], extension_range: [], oneof_decl: [OneofDescriptorProto { name: Some("shape"), options: None }], options: None, reserved_range: [], reserved_name: [] }, output_message: DescriptorProto { name: Some("AreaResponse"), field: [FieldDescriptorProto { name: Some("value"), number: Some(1), label: Some(Repeated), r#type: Some(Float), type_name: None, extendee: None, default_value: None, oneof_index: None, json_name: Some("value"), options: None, proto3_optional: None }], extension: [], nested_type: [], enum_type: [], extension_range: [], oneof_decl: [], options: None, reserved_range: [], reserved_name: [] }, server_key: "5cae5f82-fec2-43c6-9739-60d0383d84ec" } ?[3mrequest?[0m?[2m=?[0mDynamicMessage { descriptor: DescriptorProto { name: Some("ShapeMessage"), field: [FieldDescriptorProto { name: Some("square"), number: Some(1), label: Some(Optional), r#type: Some(Message), type_name: Some(".area_calculator.Square"), extendee: None, default_value: None, oneof_index: Some(0), json_name: Some("square"), options: None, proto3_optional: None }, FieldDescriptorProto { name: Some("rectangle"), number: Some(2), label: Some(Optional), r#type: Some(Message), type_name: Some(".area_calculator.Rectangle"), extendee: None, default_value: None, oneof_index: Some(0), json_name: Some("rectangle"), options: None, proto3_optional: None }, FieldDescriptorProto { name: Some("circle"), number: Some(3), label: Some(Optional), r#type: Some(Message), type_name: Some(".area_calculator.Circle"), extendee: None, default_value: None, oneof_index: Some(0), json_name: Some("circle"), options: None, proto3_optional: None }, FieldDescriptorProto { name: Some("triangle"), number: Some(4), label: Some(Optional), r#type: Some(Message), type_name: Some(".area_calculator.Triangle"), extendee: None, default_value: None, oneof_index: Some(0), json_name: Some("triangle"), options: None, proto3_optional: None }, FieldDescriptorProto { name: Some("parallelogram"), number: Some(5), label: Some(Optional), r#type: Some(Message), type_name: Some(".area_calculator.Parallelogram"), extendee: None, default_value: None, oneof_index: Some(0), json_name: Some("parallelogram"), options: None, proto3_optional: None }], extension: [], nested_type: [], enum_type: [], extension_range: [], oneof_decl: [OneofDescriptorProto { name: Some("shape"), options: None }], options: None, reserved_range: [], reserved_name: [] }, fields: [ProtobufField { field_num: 2, wire_type: LengthDelimited, data: Message([13, 0, 0, 64, 64, 21, 0, 0, 128, 64], DescriptorProto { name: Some("Rectangle"), field: [FieldDescriptorProto { name: Some("length"), number: Some(1), label: Some(Optional), r#type: Some(Float), type_name: None, extendee: None, default_value: None, oneof_index: None, json_name: Some("length"), options: None, proto3_optional: None }, FieldDescriptorProto { name: Some("width"), number: Some(2), label: Some(Optional), r#type: Some(Float), type_name: None, extendee: None, default_value: None, oneof_index: None, json_name: Some("width"), options: None, proto3_optional: None }], extension: [], nested_type: [], enum_type: [], extension_range: [], oneof_decl: [], options: None, reserved_range: [], reserved_name: [] }) }] } ?[3mmessage_descriptor?[0m?[2m=?[0mDescriptorProto { name: Some("ShapeMessage"), field: [FieldDescriptorProto { name: Some("square"), number: Some(1), label: Some(Optional), r#type: Some(Message), type_name: Some(".area_calculator.Square"), extendee: None, default_value: None, oneof_index: Some(0), json_name: Some("square"), options: None, proto3_optional: None }, FieldDescriptorProto { name: Some("rectangle"), number: Some(2), label: Some(Optional), r#type: Some(Message), type_name: Some(".area_calculator.Rectangle"), extendee: None, default_value: None, oneof_index: Some(0), json_name: Some("rectangle"), options: None, proto3_optional: None }, FieldDescriptorProto { name: Some("circle"), number: Some(3), label: Some(Optional), r#type: Some(Message), type_name: Some(".area_calculator.Circle"), extendee: None, default_value: None, oneof_index: Some(0), json_name: Some("circle"), options: None, proto3_optional: None }, FieldDescriptorProto { name: Some("triangle"), number: Some(4), label: Some(Optional), r#type: Some(Message), type_name: Some(".area_calculator.Triangle"), extendee: None, default_value: None, oneof_index: Some(0), json_name: Some("triangle"), options: None, proto3_optional: None }, FieldDescriptorProto { name: Some("parallelogram"), number: Some(5), label: Some(Optional), r#type: Some(Message), type_name: Some(".area_calculator.Parallelogram"), extendee: None, default_value: None, oneof_index: Some(0), json_name: Some("parallelogram"), options: None, proto3_optional: None }], extension: [], nested_type: [], enum_type: [], extension_range: [], oneof_decl: [OneofDescriptorProto { name: Some("shape"), options: None }], options: None, reserved_range: [], reserved_name: [] } ?[3mresponse_descriptor?[0m?[2m=?[0mDescriptorProto { name: Some("AreaResponse"), field: [FieldDescriptorProto { name: Some("value"), number: Some(1), label: Some(Repeated), r#type: Some(Float), type_name: None, extendee: None, default_value: None, oneof_index: None, json_name: Some("value"), options: None, proto3_optional: None }], extension: [], nested_type: [], enum_type: [], extension_range: [], oneof_decl: [], options: None, reserved_range: [], reserved_name: [] }?[1m}?[0m?[2m:?[0m ?[2mpact_protobuf_plugin::matching?[0m?[2m:?[0m Comparing message field circle:3
15:05:16.546 [Thread-5] DEBUG i.pact.plugins.jvm.core.ChildProcess - Plugin protobuf [46038] || ?[2m2023-03-27T09:35:16.545619Z?[0m ?[35mTRACE?[0m tokio-runtime-worker ?[1mrequest?[0m?[1m{?[0m?[3mmethod?[0m?[2m=?[0mPOST ?[3muri?[0m?[2m=?[0mhttp://127.0.0.1:53791/area_calculator.Calculator/calculateOne ?[3mversion?[0m?[2m=?[0mHTTP/2.0?[1m}?[0m?[2m:?[0m?[1mcall?[0m?[1m{?[0m?[3mself?[0m?[2m=?[0mGrpcMockServer { pact: V4Pact { consumer: Consumer { name: "grpc-consumer-jvm" }, provider: Provider { name: "area-calculator-provider" }, interactions: [SynchronousMessage { id: None, key: Some("c7fbe3ee"), description: "calculate rectangle area request", provider_states: [], comments: {"testname": String("io.pact.example.grpc.consumer.PactConsumerTest.calculateRectangleArea(MockServer, SynchronousMessages)")}, request: MessageContents { contents: Present(b"\x12\n\r\0\0@@\x15\0\0\x80@", Some(ContentType { main_type: "application", sub_type: "protobuf", attributes: {"message": "ShapeMessage"}, suffix: None }), Some(BINARY)), metadata: {}, matching_rules: MatchingRules { rules: {BODY: MatchingRuleCategory { name: BODY, rules: {DocPath { path_tokens: [Root, Field("rectangle"), Field("length")], expr: "$.rectangle.length" }: RuleList { rules: [Number], rule_logic: And, cascaded: false }, DocPath { path_tokens: [Root, Field("rectangle"), Field("width")], expr: "$.rectangle.width" }: RuleList { rules: [Number], rule_logic: And, cascaded: false }} }} }, generators: Generators { categories: {} } }, response: [MessageContents { contents: Present(b"\r\0\0@A", Some(ContentType { main_type: "application", sub_type: "protobuf", attributes: {"message": "AreaResponse"}, suffix: None }), Some(BINARY)), metadata: {}, matching_rules: MatchingRules { rules: {BODY: MatchingRuleCategory { name: BODY, rules: {DocPath { path_tokens: [Root, Field("value")], expr: "$.value" }: RuleList { rules: [Number], rule_logic: And, cascaded: false }} }} }, generators: Generators { categories: {} } }], pending: false, plugin_config: {"protobuf": {"service": String("Calculator/calculateOne"), "descriptorKey": String("a85dff8f82655a9681aad113575dcfbb")}}, interaction_markup: InteractionMarkup { markup: "```protobuf\nmessage ShapeMessage {\n    message .area_calculator.Rectangle rectangle = 2;\n}\n```\n\n```protobuf\nmessage AreaResponse {\n    float value = 1;\n}\n```\n", markup_type: "COMMON_MARK" }, transport: None }], metadata: {"pact-jvm": Object({"version": String("4.4.2")}), "pactSpecification": Object({"version": String("4.0")})}, plugin_data: [PluginData { name: "protobuf", version: "0.1.5", configuration: {"a85dff8f82655a9681aad113575dcfbb": Object({"protoDescriptors": String("CsoHChVhcmVhX2NhbGN1bGF0b3IucHJvdG8SD2FyZWFfY2FsY3VsYXRvciK6AgoMU2hhcGVNZXNzYWdlEjEKBnNxdWFyZRgBIAEoCzIXLmFyZWFfY2FsY3VsYXRvci5TcXVhcmVIAFIGc3F1YXJlEjoKCXJlY3RhbmdsZRgCIAEoCzIaLmFyZWFfY2FsY3VsYXRvci5SZWN0YW5nbGVIAFIJcmVjdGFuZ2xlEjEKBmNpcmNsZRgDIAEoCzIXLmFyZWFfY2FsY3VsYXRvci5DaXJjbGVIAFIGY2lyY2xlEjcKCHRyaWFuZ2xlGAQgASgLMhkuYXJlYV9jYWxjdWxhdG9yLlRyaWFuZ2xlSABSCHRyaWFuZ2xlEkYKDXBhcmFsbGVsb2dyYW0YBSABKAsyHi5hcmVhX2NhbGN1bGF0b3IuUGFyYWxsZWxvZ3JhbUgAUg1wYXJhbGxlbG9ncmFtQgcKBXNoYXBlIikKBlNxdWFyZRIfCgtlZGdlX2xlbmd0aBgBIAEoAlIKZWRnZUxlbmd0aCI5CglSZWN0YW5nbGUSFgoGbGVuZ3RoGAEgASgCUgZsZW5ndGgSFAoFd2lkdGgYAiABKAJSBXdpZHRoIiAKBkNpcmNsZRIWCgZyYWRpdXMYASABKAJSBnJhZGl1cyJPCghUcmlhbmdsZRIVCgZlZGdlX2EYASABKAJSBWVkZ2VBEhUKBmVkZ2VfYhgCIAEoAlIFZWRnZUISFQoGZWRnZV9jGAMgASgCUgVlZGdlQyJICg1QYXJhbGxlbG9ncmFtEh8KC2Jhc2VfbGVuZ3RoGAEgASgCUgpiYXNlTGVuZ3RoEhYKBmhlaWdodBgCIAEoAlIGaGVpZ2h0IkQKC0FyZWFSZXF1ZXN0EjUKBnNoYXBlcxgBIAMoCzIdLmFyZWFfY2FsY3VsYXRvci5TaGFwZU1lc3NhZ2VSBnNoYXBlcyIkCgxBcmVhUmVzcG9uc2USFAoFdmFsdWUYASADKAJSBXZhbHVlMq0BCgpDYWxjdWxhdG9yEk4KDGNhbGN1bGF0ZU9uZRIdLmFyZWFfY2FsY3VsYXRvci5TaGFwZU1lc3NhZ2UaHS5hcmVhX2NhbGN1bGF0b3IuQXJlYVJlc3BvbnNlIgASTwoOY2FsY3VsYXRlTXVsdGkSHC5hcmVhX2NhbGN1bGF0b3IuQXJlYVJlcXVlc3QaHS5hcmVhX2NhbGN1bGF0b3IuQXJlYVJlc3BvbnNlIgBCHFoXaW8ucGFjdC9hcmVhX2NhbGN1bGF0b3LQAgFiBnByb3RvMw=="), "protoFile": String("syntax = \"proto3\";\n\npackage area_calculator;\n\noption php_generic_services = true;\noption go_package = \"io.pact/area_calculator\";\n\nservice Calculator {\n  rpc calculateOne (ShapeMessage) returns (AreaResponse) {}\n  rpc calculateMulti (AreaRequest) returns (AreaResponse) {}\n}\n\nmessage ShapeMessage {\n  oneof shape {\n    Square square = 1;\n    Rectangle rectangle = 2;\n    Circle circle = 3;\n    Triangle triangle = 4;\n    Parallelogram parallelogram = 5;\n  }\n}\n\nmessage Square {\n  float edge_length = 1;\n}\n\nmessage Rectangle {\n  float length = 1;\n  float width = 2;\n}\n\nmessage Circle {\n  float radius = 1;\n}\n\nmessage Triangle {\n  float edge_a = 1;\n  float edge_b = 2;\n  float edge_c = 3;\n}\n\nmessage Parallelogram {\n  float base_length = 1;\n  float height = 2;\n}\n\nmessage AreaRequest {\n  repeated ShapeMessage shapes = 1;\n}\n\nmessage AreaResponse {\n  repeated float value = 1;\n}\n")})} }] }, plugin_config: PluginData { name: "protobuf", version: "0.1.5", configuration: {"a85dff8f82655a9681aad113575dcfbb": Object({"protoDescriptors": String("CsoHChVhcmVhX2NhbGN1bGF0b3IucHJvdG8SD2FyZWFfY2FsY3VsYXRvciK6AgoMU2hhcGVNZXNzYWdlEjEKBnNxdWFyZRgBIAEoCzIXLmFyZWFfY2FsY3VsYXRvci5TcXVhcmVIAFIGc3F1YXJlEjoKCXJlY3RhbmdsZRgCIAEoCzIaLmFyZWFfY2FsY3VsYXRvci5SZWN0YW5nbGVIAFIJcmVjdGFuZ2xlEjEKBmNpcmNsZRgDIAEoCzIXLmFyZWFfY2FsY3VsYXRvci5DaXJjbGVIAFIGY2lyY2xlEjcKCHRyaWFuZ2xlGAQgASgLMhkuYXJlYV9jYWxjdWxhdG9yLlRyaWFuZ2xlSABSCHRyaWFuZ2xlEkYKDXBhcmFsbGVsb2dyYW0YBSABKAsyHi5hcmVhX2NhbGN1bGF0b3IuUGFyYWxsZWxvZ3JhbUgAUg1wYXJhbGxlbG9ncmFtQgcKBXNoYXBlIikKBlNxdWFyZRIfCgtlZGdlX2xlbmd0aBgBIAEoAlIKZWRnZUxlbmd0aCI5CglSZWN0YW5nbGUSFgoGbGVuZ3RoGAEgASgCUgZsZW5ndGgSFAoFd2lkdGgYAiABKAJSBXdpZHRoIiAKBkNpcmNsZRIWCgZyYWRpdXMYASABKAJSBnJhZGl1cyJPCghUcmlhbmdsZRIVCgZlZGdlX2EYASABKAJSBWVkZ2VBEhUKBmVkZ2VfYhgCIAEoAlIFZWRnZUISFQoGZWRnZV9jGAMgASgCUgVlZGdlQyJICg1QYXJhbGxlbG9ncmFtEh8KC2Jhc2VfbGVuZ3RoGAEgASgCUgpiYXNlTGVuZ3RoEhYKBmhlaWdodBgCIAEoAlIGaGVpZ2h0IkQKC0FyZWFSZXF1ZXN0EjUKBnNoYXBlcxgBIAMoCzIdLmFyZWFfY2FsY3VsYXRvci5TaGFwZU1lc3NhZ2VSBnNoYXBlcyIkCgxBcmVhUmVzcG9uc2USFAoFdmFsdWUYASADKAJSBXZhbHVlMq0BCgpDYWxjdWxhdG9yEk4KDGNhbGN1bGF0ZU9uZRIdLmFyZWFfY2FsY3VsYXRvci5TaGFwZU1lc3NhZ2UaHS5hcmVhX2NhbGN1bGF0b3IuQXJlYVJlc3BvbnNlIgASTwoOY2FsY3VsYXRlTXVsdGkSHC5hcmVhX2NhbGN1bGF0b3IuQXJlYVJlcXVlc3QaHS5hcmVhX2NhbGN1bGF0b3IuQXJlYVJlc3BvbnNlIgBCHFoXaW8ucGFjdC9hcmVhX2NhbGN1bGF0b3LQAgFiBnByb3RvMw=="), "protoFile": String("syntax = \"proto3\";\n\npackage area_calculator;\n\noption php_generic_services = true;\noption go_package = \"io.pact/area_calculator\";\n\nservice Calculator {\n  rpc calculateOne (ShapeMessage) returns (AreaResponse) {}\n  rpc calculateMulti (AreaRequest) returns (AreaResponse) {}\n}\n\nmessage ShapeMessage {\n  oneof shape {\n    Square square = 1;\n    Rectangle rectangle = 2;\n    Circle circle = 3;\n    Triangle triangle = 4;\n    Parallelogram parallelogram = 5;\n  }\n}\n\nmessage Square {\n  float edge_length = 1;\n}\n\nmessage Rectangle {\n  float length = 1;\n  float width = 2;\n}\n\nmessage Circle {\n  float radius = 1;\n}\n\nmessage Triangle {\n  float edge_a = 1;\n  float edge_b = 2;\n  float edge_c = 3;\n}\n\nmessage Parallelogram {\n  float base_length = 1;\n  float height = 2;\n}\n\nmessage AreaRequest {\n  repeated ShapeMessage shapes = 1;\n}\n\nmessage AreaResponse {\n  repeated float value = 1;\n}\n")})} }, descriptors: {"a85dff8f82655a9681aad113575dcfbb": FileDescriptorSet { file: [FileDescriptorProto { name: Some("area_calculator.proto"), package: Some("area_calculator"), dependency: [], public_dependency: [], weak_dependency: [], message_type: [DescriptorProto { name: Some("ShapeMessage"), field: [FieldDescriptorProto { name: Some("square"), number: Some(1), label: Some(Optional), r#type: Some(Message), type_name: Some(".area_calculator.Square"), extendee: None, default_value: None, oneof_index: Some(0), json_name: Some("square"), options: None, proto3_optional: None }, FieldDescriptorProto { name: Some("rectangle"), number: Some(2), label: Some(Optional), r#type: Some(Message), type_name: Some(".area_calculator.Rectangle"), extendee: None, default_value: None, oneof_index: Some(0), json_name: Some("rectangle"), options: None, proto3_optional: None }, FieldDescriptorProto { name: Some("circle"), number: Some(3), label: Some(Optional), r#type: Some(Message), type_name: Some(".area_calculator.Circle"), extendee: None, default_value: None, oneof_index: Some(0), json_name: Some("circle"), options: None, proto3_optional: None }, FieldDescriptorProto { name: Some("triangle"), number: Some(4), label: Some(Optional), r#type: Some(Message), type_name: Some(".area_calculator.Triangle"), extendee: None, default_value: None, oneof_index: Some(0), json_name: Some("triangle"), options: None, proto3_optional: None }, FieldDescriptorProto { name: Some("parallelogram"), number: Some(5), label: Some(Optional), r#type: Some(Message), type_name: Some(".area_calculator.Parallelogram"), extendee: None, default_value: None, oneof_index: Some(0), json_name: Some("parallelogram"), options: None, proto3_optional: None }], extension: [], nested_type: [], enum_type: [], extension_range: [], oneof_decl: [OneofDescriptorProto { name: Some("shape"), options: None }], options: None, reserved_range: [], reserved_name: [] }, DescriptorProto { name: Some("Square"), field: [FieldDescriptorProto { name: Some("edge_length"), number: Some(1), label: Some(Optional), r#type: Some(Float), type_name: None, extendee: None, default_value: None, oneof_index: None, json_name: Some("edgeLength"), options: None, proto3_optional: None }], extension: [], nested_type: [], enum_type: [], extension_range: [], oneof_decl: [], options: None, reserved_range: [], reserved_name: [] }, DescriptorProto { name: Some("Rectangle"), field: [FieldDescriptorProto { name: Some("length"), number: Some(1), label: Some(Optional), r#type: Some(Float), type_name: None, extendee: None, default_value: None, oneof_index: None, json_name: Some("length"), options: None, proto3_optional: None }, FieldDescriptorProto { name: Some("width"), number: Some(2), label: Some(Optional), r#type: Some(Float), type_name: None, extendee: None, default_value: None, oneof_index: None, json_name: Some("width"), options: None, proto3_optional: None }], extension: [], nested_type: [], enum_type: [], extension_range: [], oneof_decl: [], options: None, reserved_range: [], reserved_name: [] }, DescriptorProto { name: Some("Circle"), field: [FieldDescriptorProto { name: Some("radius"), number: Some(1), label: Some(Optional), r#type: Some(Float), type_name: None, extendee: None, default_value: None, oneof_index: None, json_name: Some("radius"), options: None, proto3_optional: None }], extension: [], nested_type: [], enum_type: [], extension_range: [], oneof_decl: [], options: None, reserved_range: [], reserved_name: [] }, DescriptorProto { name: Some("Triangle"), field: [FieldDescriptorProto { name: Some("edge_a"), number: Some(1), label: Some(Optional), r#type: Some(Float), type_name: None, extendee: None, default_value: None, oneof_index: None, json_name: Some("edgeA"), options: None, proto3_optional: None }, FieldDescriptorProto { name: Some("edge_b"), number: Some(2), label: Some(Optional), r#type: Some(Float), type_name: None, extendee: None, default_value: None, oneof_index: None, json_name: Some("edgeB"), options: None, proto3_optional: None }, FieldDescriptorProto { name: Some("edge_c"), number: Some(3), label: Some(Optional), r#type: Some(Float), type_name: None, extendee: None, default_value: None, oneof_index: None, json_name: Some("edgeC"), options: None, proto3_optional: None }], extension: [], nested_type: [], enum_type: [], extension_range: [], oneof_decl: [], options: None, reserved_range: [], reserved_name: [] }, DescriptorProto { name: Some("Parallelogram"), field: [FieldDescriptorProto { name: Some("base_length"), number: Some(1), label: Some(Optional), r#type: Some(Float), type_name: None, extendee: None, default_value: None, oneof_index: None, json_name: Some("baseLength"), options: None, proto3_optional: None }, FieldDescriptorProto { name: Some("height"), number: Some(2), label: Some(Optional), r#type: Some(Float), type_name: None, extendee: None, default_value: None, oneof_index: None, json_name: Some("height"), options: None, proto3_optional: None }], extension: [], nested_type: [], enum_type: [], extension_range: [], oneof_decl: [], options: None, reserved_range: [], reserved_name: [] }, DescriptorProto { name: Some("AreaRequest"), field: [FieldDescriptorProto { name: Some("shapes"), number: Some(1), label: Some(Repeated), r#type: Some(Message), type_name: Some(".area_calculator.ShapeMessage"), extendee: None, default_value: None, oneof_index: None, json_name: Some("shapes"), options: None, proto3_optional: None }], extension: [], nested_type: [], enum_type: [], extension_range: [], oneof_decl: [], options: None, reserved_range: [], reserved_name: [] }, DescriptorProto { name: Some("AreaResponse"), field: [FieldDescriptorProto { name: Some("value"), number: Some(1), label: Some(Repeated), r#type: Some(Float), type_name: None, extendee: None, default_value: None, oneof_index: None, json_name: Some("value"), options: None, proto3_optional: None }], extension: [], nested_type: [], enum_type: [], extension_range: [], oneof_decl: [], options: None, reserved_range: [], reserved_name: [] }], enum_type: [], service: [ServiceDescriptorProto { name: Some("Calculator"), method: [MethodDescriptorProto { name: Some("calculateOne"), input_type: Some(".area_calculator.ShapeMessage"), output_type: Some(".area_calculator.AreaResponse"), options: Some(MethodOptions { deprecated: None, idempotency_level: None, uninterpreted_option: [] }), client_streaming: None, server_streaming: None }, MethodDescriptorProto { name: Some("calculateMulti"), input_type: Some(".area_calculator.AreaRequest"), output_type: Some(".area_calculator.AreaResponse"), options: Some(MethodOptions { deprecated: None, idempotency_level: None, uninterpreted_option: [] }), client_streaming: None, server_streaming: None }], options: None }], extension: [], options: Some(FileOptions { java_package: None, java_outer_classname: None, java_multiple_files: None, java_generate_equals_and_hash: None, java_string_check_utf8: None, optimize_for: None, go_package: Some("io.pact/area_calculator"), cc_generic_services: None, java_generic_services: None, py_generic_services: None, php_generic_services: Some(true), deprecated: None, cc_enable_arenas: None, objc_class_prefix: None, csharp_namespace: None, swift_prefix: None, php_class_prefix: None, php_namespace: None, php_metadata_namespace: None, ruby_package: None, uninterpreted_option: [] }), source_code_info: None, syntax: Some("proto3") }] }}, routes: {"Calculator/calculateOne": (FileDescriptorSet { file: [FileDescriptorProto { name: Some("area_calculator.proto"), package: Some("area_calculator"), dependency: [], public_dependency: [], weak_dependency: [], message_type: [DescriptorProto { name: Some("ShapeMessage"), field: [FieldDescriptorProto { name: Some("square"), number: Some(1), label: Some(Optional), r#type: Some(Message), type_name: Some(".area_calculator.Square"), extendee: None, default_value: None, oneof_index: Some(0), json_name: Some("square"), options: None, proto3_optional: None }, FieldDescriptorProto { name: Some("rectangle"), number: Some(2), label: Some(Optional), r#type: Some(Message), type_name: Some(".area_calculator.Rectangle"), extendee: None, default_value: None, oneof_index: Some(0), json_name: Some("rectangle"), options: None, proto3_optional: None }, FieldDescriptorProto { name: Some("circle"), number: Some(3), label: Some(Optional), r#type: Some(Message), type_name: Some(".area_calculator.Circle"), extendee: None, default_value: None, oneof_index: Some(0), json_name: Some("circle"), options: None, proto3_optional: None }, FieldDescriptorProto { name: Some("triangle"), number: Some(4), label: Some(Optional), r#type: Some(Message), type_name: Some(".area_calculator.Triangle"), extendee: None, default_value: None, oneof_index: Some(0), json_name: Some("triangle"), options: None, proto3_optional: None }, FieldDescriptorProto { name: Some("parallelogram"), number: Some(5), label: Some(Optional), r#type: Some(Message), type_name: Some(".area_calculator.Parallelogram"), extendee: None, default_value: None, oneof_index: Some(0), json_name: Some("parallelogram"), options: None, proto3_optional: None }], extension: [], nested_type: [], enum_type: [], extension_range: [], oneof_decl: [OneofDescriptorProto { name: Some("shape"), options: None }], options: None, reserved_range: [], reserved_name: [] }, DescriptorProto { name: Some("Square"), field: [FieldDescriptorProto { name: Some("edge_length"), number: Some(1), label: Some(Optional), r#type: Some(Float), type_name: None, extendee: None, default_value: None, oneof_index: None, json_name: Some("edgeLength"), options: None, proto3_optional: None }], extension: [], nested_type: [], enum_type: [], extension_range: [], oneof_decl: [], options: None, reserved_range: [], reserved_name: [] }, DescriptorProto { name: Some("Rectangle"), field: [FieldDescriptorProto { name: Some("length"), number: Some(1), label: Some(Optional), r#type: Some(Float), type_name: None, extendee: None, default_value: None, oneof_index: None, json_name: Some("length"), options: None, proto3_optional: None }, FieldDescriptorProto { name: Some("width"), number: Some(2), label: Some(Optional), r#type: Some(Float), type_name: None, extendee: None, default_value: None, oneof_index: None, json_name: Some("width"), options: None, proto3_optional: None }], extension: [], nested_type: [], enum_type: [], extension_range: [], oneof_decl: [], options: None, reserved_range: [], reserved_name: [] }, DescriptorProto { name: Some("Circle"), field: [FieldDescriptorProto { name: Some("radius"), number: Some(1), label: Some(Optional), r#type: Some(Float), type_name: None, extendee: None, default_value: None, oneof_index: None, json_name: Some("radius"), options: None, proto3_optional: None }], extension: [], nested_type: [], enum_type: [], extension_range: [], oneof_decl: [], options: None, reserved_range: [], reserved_name: [] }, DescriptorProto { name: Some("Triangle"), field: [FieldDescriptorProto { name: Some("edge_a"), number: Some(1), label: Some(Optional), r#type: Some(Float), type_name: None, extendee: None, default_value: None, oneof_index: None, json_name: Some("edgeA"), options: None, proto3_optional: None }, FieldDescriptorProto { name: Some("edge_b"), number: Some(2), label: Some(Optional), r#type: Some(Float), type_name: None, extendee: None, default_value: None, oneof_index: None, json_name: Some("edgeB"), options: None, proto3_optional: None }, FieldDescriptorProto { name: Some("edge_c"), number: Some(3), label: Some(Optional), r#type: Some(Float), type_name: None, extendee: None, default_value: None, oneof_index: None, json_name: Some("edgeC"), options: None, proto3_optional: None }], extension: [], nested_type: [], enum_type: [], extension_range: [], oneof_decl: [], options: None, reserved_range: [], reserved_name: [] }, DescriptorProto { name: Some("Parallelogram"), field: [FieldDescriptorProto { name: Some("base_length"), number: Some(1), label: Some(Optional), r#type: Some(Float), type_name: None, extendee: None, default_value: None, oneof_index: None, json_name: Some("baseLength"), options: None, proto3_optional: None }, FieldDescriptorProto { name: Some("height"), number: Some(2), label: Some(Optional), r#type: Some(Float), type_name: None, extendee: None, default_value: None, oneof_index: None, json_name: Some("height"), options: None, proto3_optional: None }], extension: [], nested_type: [], enum_type: [], extension_range: [], oneof_decl: [], options: None, reserved_range: [], reserved_name: [] }, DescriptorProto { name: Some("AreaRequest"), field: [FieldDescriptorProto { name: Some("shapes"), number: Some(1), label: Some(Repeated), r#type: Some(Message), type_name: Some(".area_calculator.ShapeMessage"), extendee: None, default_value: None, oneof_index: None, json_name: Some("shapes"), options: None, proto3_optional: None }], extension: [], nested_type: [], enum_type: [], extension_range: [], oneof_decl: [], options: None, reserved_range: [], reserved_name: [] }, DescriptorProto { name: Some("AreaResponse"), field: [FieldDescriptorProto { name: Some("value"), number: Some(1), label: Some(Repeated), r#type: Some(Float), type_name: None, extendee: None, default_value: None, oneof_index: None, json_name: Some("value"), options: None, proto3_optional: None }], extension: [], nested_type: [], enum_type: [], extension_range: [], oneof_decl: [], options: None, reserved_range: [], reserved_name: [] }], enum_type: [], service: [ServiceDescriptorProto { name: Some("Calculator"), method: [MethodDescriptorProto { name: Some("calculateOne"), input_type: Some(".area_calculator.ShapeMessage"), output_type: Some(".area_calculator.AreaResponse"), options: Some(MethodOptions { deprecated: None, idempotency_level: None, uninterpreted_option: [] }), client_streaming: None, server_streaming: None }, MethodDescriptorProto { name: Some("calculateMulti"), input_type: Some(".area_calculator.AreaRequest"), output_type: Some(".area_calculator.AreaResponse"), options: Some(MethodOptions { deprecated: None, idempotency_level: None, uninterpreted_option: [] }), client_streaming: None, server_streaming: None }], options: None }], extension: [], options: Some(FileOptions { java_package: None, java_outer_classname: None, java_multiple_files: None, java_generate_equals_and_hash: None, java_string_check_utf8: None, optimize_for: None, go_package: Some("io.pact/area_calculator"), cc_generic_services: None, java_generic_services: None, py_generic_services: None, php_generic_services: Some(true), deprecated: None, cc_enable_arenas: None, objc_class_prefix: None, csharp_namespace: None, swift_prefix: None, php_class_prefix: None, php_namespace: None, php_metadata_namespace: None, ruby_package: None, uninterpreted_option: [] }), source_code_info: None, syntax: Some("proto3") }] }, MethodDescriptorProto { name: Some("calculateOne"), input_type: Some(".area_calculator.ShapeMessage"), output_type: Some(".area_calculator.AreaResponse"), options: Some(MethodOptions { deprecated: None, idempotency_level: None, uninterpreted_option: [] }), client_streaming: None, server_streaming: None }, SynchronousMessage { id: None, key: Some("c7fbe3ee"), description: "calculate rectangle area request", provider_states: [], comments: {"testname": String("io.pact.example.grpc.consumer.PactConsumerTest.calculateRectangleArea(MockServer, SynchronousMessages)")}, request: MessageContents { contents: Present(b"\x12\n\r\0\0@@\x15\0\0\x80@", Some(ContentType { main_type: "application", sub_type: "protobuf", attributes: {"message": "ShapeMessage"}, suffix: None }), Some(BINARY)), metadata: {}, matching_rules: MatchingRules { rules: {BODY: MatchingRuleCategory { name: BODY, rules: {DocPath { path_tokens: [Root, Field("rectangle"), Field("length")], expr: "$.rectangle.length" }: RuleList { rules: [Number], rule_logic: And, cascaded: false }, DocPath { path_tokens: [Root, Field("rectangle"), Field("width")], expr: "$.rectangle.width" }: RuleList { rules: [Number], rule_logic: And, cascaded: false }} }} }, generators: Generators { categories: {} } }, response: [MessageContents { contents: Present(b"\r\0\0@A", Some(ContentType { main_type: "application", sub_type: "protobuf", attributes: {"message": "AreaResponse"}, suffix: None }), Some(BINARY)), metadata: {}, matching_rules: MatchingRules { rules: {BODY: MatchingRuleCategory { name: BODY, rules: {DocPath { path_tokens: [Root, Field("value")], expr: "$.value" }: RuleList { rules: [Number], rule_logic: And, cascaded: false }} }} }, generators: Generators { categories: {} } }], pending: false, plugin_config: {"protobuf": {"service": String("Calculator/calculateOne"), "descriptorKey": String("a85dff8f82655a9681aad113575dcfbb")}}, interaction_markup: InteractionMarkup { markup: "```protobuf\nmessage ShapeMessage {\n    message .area_calculator.Rectangle rectangle = 2;\n}\n```\n\n```protobuf\nmessage AreaResponse {\n    float value = 1;\n}\n```\n", markup_type: "COMMON_MARK" }, transport: None })}, server_key: "5cae5f82-fec2-43c6-9739-60d0383d84ec" } ?[3mreq?[0m?[2m=?[0mRequest { method: POST, uri: http://127.0.0.1:53791/area_calculator.Calculator/calculateOne, version: HTTP/2.0, headers: {"content-type": "application/grpc", "te": "trailers", "user-agent": "grpc-java-netty/1.49.0", "grpc-accept-encoding": "gzip"}, body: Body(Streaming) }?[1m}?[0m?[2m:?[0m?[1mmock_server_handler?[0m?[1m{?[0m?[3mkey?[0m?[2m=?[0m"5cae5f82-fec2-43c6-9739-60d0383d84ec"?[1m}?[0m?[2m:?[0m?[1mhandle_message?[0m?[1m{?[0m?[3mself?[0m?[2m=?[0mMockService { file_descriptor_set: FileDescriptorSet { file: [FileDescriptorProto { name: Some("area_calculator.proto"), package: Some("area_calculator"), dependency: [], public_dependency: [], weak_dependency: [], message_type: [DescriptorProto { name: Some("ShapeMessage"), field: [FieldDescriptorProto { name: Some("square"), number: Some(1), label: Some(Optional), r#type: Some(Message), type_name: Some(".area_calculator.Square"), extendee: None, default_value: None, oneof_index: Some(0), json_name: Some("square"), options: None, proto3_optional: None }, FieldDescriptorProto { name: Some("rectangle"), number: Some(2), label: Some(Optional), r#type: Some(Message), type_name: Some(".area_calculator.Rectangle"), extendee: None, default_value: None, oneof_index: Some(0), json_name: Some("rectangle"), options: None, proto3_optional: None }, FieldDescriptorProto { name: Some("circle"), number: Some(3), label: Some(Optional), r#type: Some(Message), type_name: Some(".area_calculator.Circle"), extendee: None, default_value: None, oneof_index: Some(0), json_name: Some("circle"), options: None, proto3_optional: None }, FieldDescriptorProto { name: Some("triangle"), number: Some(4), label: Some(Optional), r#type: Some(Message), type_name: Some(".area_calculator.Triangle"), extendee: None, default_value: None, oneof_index: Some(0), json_name: Some("triangle"), options: None, proto3_optional: None }, FieldDescriptorProto { name: Some("parallelogram"), number: Some(5), label: Some(Optional), r#type: Some(Message), type_name: Some(".area_calculator.Parallelogram"), extendee: None, default_value: None, oneof_index: Some(0), json_name: Some("parallelogram"), options: None, proto3_optional: None }], extension: [], nested_type: [], enum_type: [], extension_range: [], oneof_decl: [OneofDescriptorProto { name: Some("shape"), options: None }], options: None, reserved_range: [], reserved_name: [] }, DescriptorProto { name: Some("Square"), field: [FieldDescriptorProto { name: Some("edge_length"), number: Some(1), label: Some(Optional), r#type: Some(Float), type_name: None, extendee: None, default_value: None, oneof_index: None, json_name: Some("edgeLength"), options: None, proto3_optional: None }], extension: [], nested_type: [], enum_type: [], extension_range: [], oneof_decl: [], options: None, reserved_range: [], reserved_name: [] }, DescriptorProto { name: Some("Rectangle"), field: [FieldDescriptorProto { name: Some("length"), number: Some(1), label: Some(Optional), r#type: Some(Float), type_name: None, extendee: None, default_value: None, oneof_index: None, json_name: Some("length"), options: None, proto3_optional: None }, FieldDescriptorProto { name: Some("width"), number: Some(2), label: Some(Optional), r#type: Some(Float), type_name: None, extendee: None, default_value: None, oneof_index: None, json_name: Some("width"), options: None, proto3_optional: None }], extension: [], nested_type: [], enum_type: [], extension_range: [], oneof_decl: [], options: None, reserved_range: [], reserved_name: [] }, DescriptorProto { name: Some("Circle"), field: [FieldDescriptorProto { name: Some("radius"), number: Some(1), label: Some(Optional), r#type: Some(Float), type_name: None, extendee: None, default_value: None, oneof_index: None, json_name: Some("radius"), options: None, proto3_optional: None }], extension: [], nested_type: [], enum_type: [], extension_range: [], oneof_decl: [], options: None, reserved_range: [], reserved_name: [] }, DescriptorProto { name: Some("Triangle"), field: [FieldDescriptorProto { name: Some("edge_a"), number: Some(1), label: Some(Optional), r#type: Some(Float), type_name: None, extendee: None, default_value: None, oneof_index: None, json_name: Some("edgeA"), options: None, proto3_optional: None }, FieldDescriptorProto { name: Some("edge_b"), number: Some(2), label: Some(Optional), r#type: Some(Float), type_name: None, extendee: None, default_value: None, oneof_index: None, json_name: Some("edgeB"), options: None, proto3_optional: None }, FieldDescriptorProto { name: Some("edge_c"), number: Some(3), label: Some(Optional), r#type: Some(Float), type_name: None, extendee: None, default_value: None, oneof_index: None, json_name: Some("edgeC"), options: None, proto3_optional: None }], extension: [], nested_type: [], enum_type: [], extension_range: [], oneof_decl: [], options: None, reserved_range: [], reserved_name: [] }, DescriptorProto { name: Some("Parallelogram"), field: [FieldDescriptorProto { name: Some("base_length"), number: Some(1), label: Some(Optional), r#type: Some(Float), type_name: None, extendee: None, default_value: None, oneof_index: None, json_name: Some("baseLength"), options: None, proto3_optional: None }, FieldDescriptorProto { name: Some("height"), number: Some(2), label: Some(Optional), r#type: Some(Float), type_name: None, extendee: None, default_value: None, oneof_index: None, json_name: Some("height"), options: None, proto3_optional: None }], extension: [], nested_type: [], enum_type: [], extension_range: [], oneof_decl: [], options: None, reserved_range: [], reserved_name: [] }, DescriptorProto { name: Some("AreaRequest"), field: [FieldDescriptorProto { name: Some("shapes"), number: Some(1), label: Some(Repeated), r#type: Some(Message), type_name: Some(".area_calculator.ShapeMessage"), extendee: None, default_value: None, oneof_index: None, json_name: Some("shapes"), options: None, proto3_optional: None }], extension: [], nested_type: [], enum_type: [], extension_range: [], oneof_decl: [], options: None, reserved_range: [], reserved_name: [] }, DescriptorProto { name: Some("AreaResponse"), field: [FieldDescriptorProto { name: Some("value"), number: Some(1), label: Some(Repeated), r#type: Some(Float), type_name: None, extendee: None, default_value: None, oneof_index: None, json_name: Some("value"), options: None, proto3_optional: None }], extension: [], nested_type: [], enum_type: [], extension_range: [], oneof_decl: [], options: None, reserved_range: [], reserved_name: [] }], enum_type: [], service: [ServiceDescriptorProto { name: Some("Calculator"), method: [MethodDescriptorProto { name: Some("calculateOne"), input_type: Some(".area_calculator.ShapeMessage"), output_type: Some(".area_calculator.AreaResponse"), options: Some(MethodOptions { deprecated: None, idempotency_level: None, uninterpreted_option: [] }), client_streaming: None, server_streaming: None }, MethodDescriptorProto { name: Some("calculateMulti"), input_type: Some(".area_calculator.AreaRequest"), output_type: Some(".area_calculator.AreaResponse"), options: Some(MethodOptions { deprecated: None, idempotency_level: None, uninterpreted_option: [] }), client_streaming: None, server_streaming: None }], options: None }], extension: [], options: Some(FileOptions { java_package: None, java_outer_classname: None, java_multiple_files: None, java_generate_equals_and_hash: None, java_string_check_utf8: None, optimize_for: None, go_package: Some("io.pact/area_calculator"), cc_generic_services: None, java_generic_services: None, py_generic_services: None, php_generic_services: Some(true), deprecated: None, cc_enable_arenas: None, objc_class_prefix: None, csharp_namespace: None, swift_prefix: None, php_class_prefix: None, php_namespace: None, php_metadata_namespace: None, ruby_package: None, uninterpreted_option: [] }), source_code_info: None, syntax: Some("proto3") }] }, service_name: "Calculator", message: SynchronousMessage { id: None, key: Some("c7fbe3ee"), description: "calculate rectangle area request", provider_states: [], comments: {"testname": String("io.pact.example.grpc.consumer.PactConsumerTest.calculateRectangleArea(MockServer, SynchronousMessages)")}, request: MessageContents { contents: Present(b"\x12\n\r\0\0@@\x15\0\0\x80@", Some(ContentType { main_type: "application", sub_type: "protobuf", attributes: {"message": "ShapeMessage"}, suffix: None }), Some(BINARY)), metadata: {}, matching_rules: MatchingRules { rules: {BODY: MatchingRuleCategory { name: BODY, rules: {DocPath { path_tokens: [Root, Field("rectangle"), Field("length")], expr: "$.rectangle.length" }: RuleList { rules: [Number], rule_logic: And, cascaded: false }, DocPath { path_tokens: [Root, Field("rectangle"), Field("width")], expr: "$.rectangle.width" }: RuleList { rules: [Number], rule_logic: And, cascaded: false }} }} }, generators: Generators { categories: {} } }, response: [MessageContents { contents: Present(b"\r\0\0@A", Some(ContentType { main_type: "application", sub_type: "protobuf", attributes: {"message": "AreaResponse"}, suffix: None }), Some(BINARY)), metadata: {}, matching_rules: MatchingRules { rules: {BODY: MatchingRuleCategory { name: BODY, rules: {DocPath { path_tokens: [Root, Field("value")], expr: "$.value" }: RuleList { rules: [Number], rule_logic: And, cascaded: false }} }} }, generators: Generators { categories: {} } }], pending: false, plugin_config: {"protobuf": {"service": String("Calculator/calculateOne"), "descriptorKey": String("a85dff8f82655a9681aad113575dcfbb")}}, interaction_markup: InteractionMarkup { markup: "```protobuf\nmessage ShapeMessage {\n    message .area_calculator.Rectangle rectangle = 2;\n}\n```\n\n```protobuf\nmessage AreaResponse {\n    float value = 1;\n}\n```\n", markup_type: "COMMON_MARK" }, transport: None }, method_descriptor: MethodDescriptorProto { name: Some("calculateOne"), input_type: Some(".area_calculator.ShapeMessage"), output_type: Some(".area_calculator.AreaResponse"), options: Some(MethodOptions { deprecated: None, idempotency_level: None, uninterpreted_option: [] }), client_streaming: None, server_streaming: None }, input_message: DescriptorProto { name: Some("ShapeMessage"), field: [FieldDescriptorProto { name: Some("square"), number: Some(1), label: Some(Optional), r#type: Some(Message), type_name: Some(".area_calculator.Square"), extendee: None, default_value: None, oneof_index: Some(0), json_name: Some("square"), options: None, proto3_optional: None }, FieldDescriptorProto { name: Some("rectangle"), number: Some(2), label: Some(Optional), r#type: Some(Message), type_name: Some(".area_calculator.Rectangle"), extendee: None, default_value: None, oneof_index: Some(0), json_name: Some("rectangle"), options: None, proto3_optional: None }, FieldDescriptorProto { name: Some("circle"), number: Some(3), label: Some(Optional), r#type: Some(Message), type_name: Some(".area_calculator.Circle"), extendee: None, default_value: None, oneof_index: Some(0), json_name: Some("circle"), options: None, proto3_optional: None }, FieldDescriptorProto { name: Some("triangle"), number: Some(4), label: Some(Optional), r#type: Some(Message), type_name: Some(".area_calculator.Triangle"), extendee: None, default_value: None, oneof_index: Some(0), json_name: Some("triangle"), options: None, proto3_optional: None }, FieldDescriptorProto { name: Some("parallelogram"), number: Some(5), label: Some(Optional), r#type: Some(Message), type_name: Some(".area_calculator.Parallelogram"), extendee: None, default_value: None, oneof_index: Some(0), json_name: Some("parallelogram"), options: None, proto3_optional: None }], extension: [], nested_type: [], enum_type: [], extension_range: [], oneof_decl: [OneofDescriptorProto { name: Some("shape"), options: None }], options: None, reserved_range: [], reserved_name: [] }, output_message: DescriptorProto { name: Some("AreaResponse"), field: [FieldDescriptorProto { name: Some("value"), number: Some(1), label: Some(Repeated), r#type: Some(Float), type_name: None, extendee: None, default_value: None, oneof_index: None, json_name: Some("value"), options: None, proto3_optional: None }], extension: [], nested_type: [], enum_type: [], extension_range: [], oneof_decl: [], options: None, reserved_range: [], reserved_name: [] }, server_key: "5cae5f82-fec2-43c6-9739-60d0383d84ec" } ?[3mrequest?[0m?[2m=?[0mDynamicMessage { descriptor: DescriptorProto { name: Some("ShapeMessage"), field: [FieldDescriptorProto { name: Some("square"), number: Some(1), label: Some(Optional), r#type: Some(Message), type_name: Some(".area_calculator.Square"), extendee: None, default_value: None, oneof_index: Some(0), json_name: Some("square"), options: None, proto3_optional: None }, FieldDescriptorProto { name: Some("rectangle"), number: Some(2), label: Some(Optional), r#type: Some(Message), type_name: Some(".area_calculator.Rectangle"), extendee: None, default_value: None, oneof_index: Some(0), json_name: Some("rectangle"), options: None, proto3_optional: None }, FieldDescriptorProto { name: Some("circle"), number: Some(3), label: Some(Optional), r#type: Some(Message), type_name: Some(".area_calculator.Circle"), extendee: None, default_value: None, oneof_index: Some(0), json_name: Some("circle"), options: None, proto3_optional: None }, FieldDescriptorProto { name: Some("triangle"), number: Some(4), label: Some(Optional), r#type: Some(Message), type_name: Some(".area_calculator.Triangle"), extendee: None, default_value: None, oneof_index: Some(0), json_name: Some("triangle"), options: None, proto3_optional: None }, FieldDescriptorProto { name: Some("parallelogram"), number: Some(5), label: Some(Optional), r#type: Some(Message), type_name: Some(".area_calculator.Parallelogram"), extendee: None, default_value: None, oneof_index: Some(0), json_name: Some("parallelogram"), options: None, proto3_optional: None }], extension: [], nested_type: [], enum_type: [], extension_range: [], oneof_decl: [OneofDescriptorProto { name: Some("shape"), options: None }], options: None, reserved_range: [], reserved_name: [] }, fields: [ProtobufField { field_num: 2, wire_type: LengthDelimited, data: Message([13, 0, 0, 64, 64, 21, 0, 0, 128, 64], DescriptorProto { name: Some("Rectangle"), field: [FieldDescriptorProto { name: Some("length"), number: Some(1), label: Some(Optional), r#type: Some(Float), type_name: None, extendee: None, default_value: None, oneof_index: None, json_name: Some("length"), options: None, proto3_optional: None }, FieldDescriptorProto { name: Some("width"), number: Some(2), label: Some(Optional), r#type: Some(Float), type_name: None, extendee: None, default_value: None, oneof_index: None, json_name: Some("width"), options: None, proto3_optional: None }], extension: [], nested_type: [], enum_type: [], extension_range: [], oneof_decl: [], options: None, reserved_range: [], reserved_name: [] }) }] } ?[3mmessage_descriptor?[0m?[2m=?[0mDescriptorProto { name: Some("ShapeMessage"), field: [FieldDescriptorProto { name: Some("square"), number: Some(1), label: Some(Optional), r#type: Some(Message), type_name: Some(".area_calculator.Square"), extendee: None, default_value: None, oneof_index: Some(0), json_name: Some("square"), options: None, proto3_optional: None }, FieldDescriptorProto { name: Some("rectangle"), number: Some(2), label: Some(Optional), r#type: Some(Message), type_name: Some(".area_calculator.Rectangle"), extendee: None, default_value: None, oneof_index: Some(0), json_name: Some("rectangle"), options: None, proto3_optional: None }, FieldDescriptorProto { name: Some("circle"), number: Some(3), label: Some(Optional), r#type: Some(Message), type_name: Some(".area_calculator.Circle"), extendee: None, default_value: None, oneof_index: Some(0), json_name: Some("circle"), options: None, proto3_optional: None }, FieldDescriptorProto { name: Some("triangle"), number: Some(4), label: Some(Optional), r#type: Some(Message), type_name: Some(".area_calculator.Triangle"), extendee: None, default_value: None, oneof_index: Some(0), json_name: Some("triangle"), options: None, proto3_optional: None }, FieldDescriptorProto { name: Some("parallelogram"), number: Some(5), label: Some(Optional), r#type: Some(Message), type_name: Some(".area_calculator.Parallelogram"), extendee: None, default_value: None, oneof_index: Some(0), json_name: Some("parallelogram"), options: None, proto3_optional: None }], extension: [], nested_type: [], enum_type: [], extension_range: [], oneof_decl: [OneofDescriptorProto { name: Some("shape"), options: None }], options: None, reserved_range: [], reserved_name: [] } ?[3mresponse_descriptor?[0m?[2m=?[0mDescriptorProto { name: Some("AreaResponse"), field: [FieldDescriptorProto { name: Some("value"), number: Some(1), label: Some(Repeated), r#type: Some(Float), type_name: None, extendee: None, default_value: None, oneof_index: None, json_name: Some("value"), options: None, proto3_optional: None }], extension: [], nested_type: [], enum_type: [], extension_range: [], oneof_decl: [], options: None, reserved_range: [], reserved_name: [] }?[1m}?[0m?[2m:?[0m ?[2mpact_protobuf_plugin::matching?[0m?[2m:?[0m Comparing message field triangle:4
15:05:16.547 [Thread-5] DEBUG i.pact.plugins.jvm.core.ChildProcess - Plugin protobuf [46038] || ?[2m2023-03-27T09:35:16.546029Z?[0m ?[35mTRACE?[0m tokio-runtime-worker ?[1mrequest?[0m?[1m{?[0m?[3mmethod?[0m?[2m=?[0mPOST ?[3muri?[0m?[2m=?[0mhttp://127.0.0.1:53791/area_calculator.Calculator/calculateOne ?[3mversion?[0m?[2m=?[0mHTTP/2.0?[1m}?[0m?[2m:?[0m?[1mcall?[0m?[1m{?[0m?[3mself?[0m?[2m=?[0mGrpcMockServer { pact: V4Pact { consumer: Consumer { name: "grpc-consumer-jvm" }, provider: Provider { name: "area-calculator-provider" }, interactions: [SynchronousMessage { id: None, key: Some("c7fbe3ee"), description: "calculate rectangle area request", provider_states: [], comments: {"testname": String("io.pact.example.grpc.consumer.PactConsumerTest.calculateRectangleArea(MockServer, SynchronousMessages)")}, request: MessageContents { contents: Present(b"\x12\n\r\0\0@@\x15\0\0\x80@", Some(ContentType { main_type: "application", sub_type: "protobuf", attributes: {"message": "ShapeMessage"}, suffix: None }), Some(BINARY)), metadata: {}, matching_rules: MatchingRules { rules: {BODY: MatchingRuleCategory { name: BODY, rules: {DocPath { path_tokens: [Root, Field("rectangle"), Field("length")], expr: "$.rectangle.length" }: RuleList { rules: [Number], rule_logic: And, cascaded: false }, DocPath { path_tokens: [Root, Field("rectangle"), Field("width")], expr: "$.rectangle.width" }: RuleList { rules: [Number], rule_logic: And, cascaded: false }} }} }, generators: Generators { categories: {} } }, response: [MessageContents { contents: Present(b"\r\0\0@A", Some(ContentType { main_type: "application", sub_type: "protobuf", attributes: {"message": "AreaResponse"}, suffix: None }), Some(BINARY)), metadata: {}, matching_rules: MatchingRules { rules: {BODY: MatchingRuleCategory { name: BODY, rules: {DocPath { path_tokens: [Root, Field("value")], expr: "$.value" }: RuleList { rules: [Number], rule_logic: And, cascaded: false }} }} }, generators: Generators { categories: {} } }], pending: false, plugin_config: {"protobuf": {"service": String("Calculator/calculateOne"), "descriptorKey": String("a85dff8f82655a9681aad113575dcfbb")}}, interaction_markup: InteractionMarkup { markup: "```protobuf\nmessage ShapeMessage {\n    message .area_calculator.Rectangle rectangle = 2;\n}\n```\n\n```protobuf\nmessage AreaResponse {\n    float value = 1;\n}\n```\n", markup_type: "COMMON_MARK" }, transport: None }], metadata: {"pact-jvm": Object({"version": String("4.4.2")}), "pactSpecification": Object({"version": String("4.0")})}, plugin_data: [PluginData { name: "protobuf", version: "0.1.5", configuration: {"a85dff8f82655a9681aad113575dcfbb": Object({"protoDescriptors": String("CsoHChVhcmVhX2NhbGN1bGF0b3IucHJvdG8SD2FyZWFfY2FsY3VsYXRvciK6AgoMU2hhcGVNZXNzYWdlEjEKBnNxdWFyZRgBIAEoCzIXLmFyZWFfY2FsY3VsYXRvci5TcXVhcmVIAFIGc3F1YXJlEjoKCXJlY3RhbmdsZRgCIAEoCzIaLmFyZWFfY2FsY3VsYXRvci5SZWN0YW5nbGVIAFIJcmVjdGFuZ2xlEjEKBmNpcmNsZRgDIAEoCzIXLmFyZWFfY2FsY3VsYXRvci5DaXJjbGVIAFIGY2lyY2xlEjcKCHRyaWFuZ2xlGAQgASgLMhkuYXJlYV9jYWxjdWxhdG9yLlRyaWFuZ2xlSABSCHRyaWFuZ2xlEkYKDXBhcmFsbGVsb2dyYW0YBSABKAsyHi5hcmVhX2NhbGN1bGF0b3IuUGFyYWxsZWxvZ3JhbUgAUg1wYXJhbGxlbG9ncmFtQgcKBXNoYXBlIikKBlNxdWFyZRIfCgtlZGdlX2xlbmd0aBgBIAEoAlIKZWRnZUxlbmd0aCI5CglSZWN0YW5nbGUSFgoGbGVuZ3RoGAEgASgCUgZsZW5ndGgSFAoFd2lkdGgYAiABKAJSBXdpZHRoIiAKBkNpcmNsZRIWCgZyYWRpdXMYASABKAJSBnJhZGl1cyJPCghUcmlhbmdsZRIVCgZlZGdlX2EYASABKAJSBWVkZ2VBEhUKBmVkZ2VfYhgCIAEoAlIFZWRnZUISFQoGZWRnZV9jGAMgASgCUgVlZGdlQyJICg1QYXJhbGxlbG9ncmFtEh8KC2Jhc2VfbGVuZ3RoGAEgASgCUgpiYXNlTGVuZ3RoEhYKBmhlaWdodBgCIAEoAlIGaGVpZ2h0IkQKC0FyZWFSZXF1ZXN0EjUKBnNoYXBlcxgBIAMoCzIdLmFyZWFfY2FsY3VsYXRvci5TaGFwZU1lc3NhZ2VSBnNoYXBlcyIkCgxBcmVhUmVzcG9uc2USFAoFdmFsdWUYASADKAJSBXZhbHVlMq0BCgpDYWxjdWxhdG9yEk4KDGNhbGN1bGF0ZU9uZRIdLmFyZWFfY2FsY3VsYXRvci5TaGFwZU1lc3NhZ2UaHS5hcmVhX2NhbGN1bGF0b3IuQXJlYVJlc3BvbnNlIgASTwoOY2FsY3VsYXRlTXVsdGkSHC5hcmVhX2NhbGN1bGF0b3IuQXJlYVJlcXVlc3QaHS5hcmVhX2NhbGN1bGF0b3IuQXJlYVJlc3BvbnNlIgBCHFoXaW8ucGFjdC9hcmVhX2NhbGN1bGF0b3LQAgFiBnByb3RvMw=="), "protoFile": String("syntax = \"proto3\";\n\npackage area_calculator;\n\noption php_generic_services = true;\noption go_package = \"io.pact/area_calculator\";\n\nservice Calculator {\n  rpc calculateOne (ShapeMessage) returns (AreaResponse) {}\n  rpc calculateMulti (AreaRequest) returns (AreaResponse) {}\n}\n\nmessage ShapeMessage {\n  oneof shape {\n    Square square = 1;\n    Rectangle rectangle = 2;\n    Circle circle = 3;\n    Triangle triangle = 4;\n    Parallelogram parallelogram = 5;\n  }\n}\n\nmessage Square {\n  float edge_length = 1;\n}\n\nmessage Rectangle {\n  float length = 1;\n  float width = 2;\n}\n\nmessage Circle {\n  float radius = 1;\n}\n\nmessage Triangle {\n  float edge_a = 1;\n  float edge_b = 2;\n  float edge_c = 3;\n}\n\nmessage Parallelogram {\n  float base_length = 1;\n  float height = 2;\n}\n\nmessage AreaRequest {\n  repeated ShapeMessage shapes = 1;\n}\n\nmessage AreaResponse {\n  repeated float value = 1;\n}\n")})} }] }, plugin_config: PluginData { name: "protobuf", version: "0.1.5", configuration: {"a85dff8f82655a9681aad113575dcfbb": Object({"protoDescriptors": String("CsoHChVhcmVhX2NhbGN1bGF0b3IucHJvdG8SD2FyZWFfY2FsY3VsYXRvciK6AgoMU2hhcGVNZXNzYWdlEjEKBnNxdWFyZRgBIAEoCzIXLmFyZWFfY2FsY3VsYXRvci5TcXVhcmVIAFIGc3F1YXJlEjoKCXJlY3RhbmdsZRgCIAEoCzIaLmFyZWFfY2FsY3VsYXRvci5SZWN0YW5nbGVIAFIJcmVjdGFuZ2xlEjEKBmNpcmNsZRgDIAEoCzIXLmFyZWFfY2FsY3VsYXRvci5DaXJjbGVIAFIGY2lyY2xlEjcKCHRyaWFuZ2xlGAQgASgLMhkuYXJlYV9jYWxjdWxhdG9yLlRyaWFuZ2xlSABSCHRyaWFuZ2xlEkYKDXBhcmFsbGVsb2dyYW0YBSABKAsyHi5hcmVhX2NhbGN1bGF0b3IuUGFyYWxsZWxvZ3JhbUgAUg1wYXJhbGxlbG9ncmFtQgcKBXNoYXBlIikKBlNxdWFyZRIfCgtlZGdlX2xlbmd0aBgBIAEoAlIKZWRnZUxlbmd0aCI5CglSZWN0YW5nbGUSFgoGbGVuZ3RoGAEgASgCUgZsZW5ndGgSFAoFd2lkdGgYAiABKAJSBXdpZHRoIiAKBkNpcmNsZRIWCgZyYWRpdXMYASABKAJSBnJhZGl1cyJPCghUcmlhbmdsZRIVCgZlZGdlX2EYASABKAJSBWVkZ2VBEhUKBmVkZ2VfYhgCIAEoAlIFZWRnZUISFQoGZWRnZV9jGAMgASgCUgVlZGdlQyJICg1QYXJhbGxlbG9ncmFtEh8KC2Jhc2VfbGVuZ3RoGAEgASgCUgpiYXNlTGVuZ3RoEhYKBmhlaWdodBgCIAEoAlIGaGVpZ2h0IkQKC0FyZWFSZXF1ZXN0EjUKBnNoYXBlcxgBIAMoCzIdLmFyZWFfY2FsY3VsYXRvci5TaGFwZU1lc3NhZ2VSBnNoYXBlcyIkCgxBcmVhUmVzcG9uc2USFAoFdmFsdWUYASADKAJSBXZhbHVlMq0BCgpDYWxjdWxhdG9yEk4KDGNhbGN1bGF0ZU9uZRIdLmFyZWFfY2FsY3VsYXRvci5TaGFwZU1lc3NhZ2UaHS5hcmVhX2NhbGN1bGF0b3IuQXJlYVJlc3BvbnNlIgASTwoOY2FsY3VsYXRlTXVsdGkSHC5hcmVhX2NhbGN1bGF0b3IuQXJlYVJlcXVlc3QaHS5hcmVhX2NhbGN1bGF0b3IuQXJlYVJlc3BvbnNlIgBCHFoXaW8ucGFjdC9hcmVhX2NhbGN1bGF0b3LQAgFiBnByb3RvMw=="), "protoFile": String("syntax = \"proto3\";\n\npackage area_calculator;\n\noption php_generic_services = true;\noption go_package = \"io.pact/area_calculator\";\n\nservice Calculator {\n  rpc calculateOne (ShapeMessage) returns (AreaResponse) {}\n  rpc calculateMulti (AreaRequest) returns (AreaResponse) {}\n}\n\nmessage ShapeMessage {\n  oneof shape {\n    Square square = 1;\n    Rectangle rectangle = 2;\n    Circle circle = 3;\n    Triangle triangle = 4;\n    Parallelogram parallelogram = 5;\n  }\n}\n\nmessage Square {\n  float edge_length = 1;\n}\n\nmessage Rectangle {\n  float length = 1;\n  float width = 2;\n}\n\nmessage Circle {\n  float radius = 1;\n}\n\nmessage Triangle {\n  float edge_a = 1;\n  float edge_b = 2;\n  float edge_c = 3;\n}\n\nmessage Parallelogram {\n  float base_length = 1;\n  float height = 2;\n}\n\nmessage AreaRequest {\n  repeated ShapeMessage shapes = 1;\n}\n\nmessage AreaResponse {\n  repeated float value = 1;\n}\n")})} }, descriptors: {"a85dff8f82655a9681aad113575dcfbb": FileDescriptorSet { file: [FileDescriptorProto { name: Some("area_calculator.proto"), package: Some("area_calculator"), dependency: [], public_dependency: [], weak_dependency: [], message_type: [DescriptorProto { name: Some("ShapeMessage"), field: [FieldDescriptorProto { name: Some("square"), number: Some(1), label: Some(Optional), r#type: Some(Message), type_name: Some(".area_calculator.Square"), extendee: None, default_value: None, oneof_index: Some(0), json_name: Some("square"), options: None, proto3_optional: None }, FieldDescriptorProto { name: Some("rectangle"), number: Some(2), label: Some(Optional), r#type: Some(Message), type_name: Some(".area_calculator.Rectangle"), extendee: None, default_value: None, oneof_index: Some(0), json_name: Some("rectangle"), options: None, proto3_optional: None }, FieldDescriptorProto { name: Some("circle"), number: Some(3), label: Some(Optional), r#type: Some(Message), type_name: Some(".area_calculator.Circle"), extendee: None, default_value: None, oneof_index: Some(0), json_name: Some("circle"), options: None, proto3_optional: None }, FieldDescriptorProto { name: Some("triangle"), number: Some(4), label: Some(Optional), r#type: Some(Message), type_name: Some(".area_calculator.Triangle"), extendee: None, default_value: None, oneof_index: Some(0), json_name: Some("triangle"), options: None, proto3_optional: None }, FieldDescriptorProto { name: Some("parallelogram"), number: Some(5), label: Some(Optional), r#type: Some(Message), type_name: Some(".area_calculator.Parallelogram"), extendee: None, default_value: None, oneof_index: Some(0), json_name: Some("parallelogram"), options: None, proto3_optional: None }], extension: [], nested_type: [], enum_type: [], extension_range: [], oneof_decl: [OneofDescriptorProto { name: Some("shape"), options: None }], options: None, reserved_range: [], reserved_name: [] }, DescriptorProto { name: Some("Square"), field: [FieldDescriptorProto { name: Some("edge_length"), number: Some(1), label: Some(Optional), r#type: Some(Float), type_name: None, extendee: None, default_value: None, oneof_index: None, json_name: Some("edgeLength"), options: None, proto3_optional: None }], extension: [], nested_type: [], enum_type: [], extension_range: [], oneof_decl: [], options: None, reserved_range: [], reserved_name: [] }, DescriptorProto { name: Some("Rectangle"), field: [FieldDescriptorProto { name: Some("length"), number: Some(1), label: Some(Optional), r#type: Some(Float), type_name: None, extendee: None, default_value: None, oneof_index: None, json_name: Some("length"), options: None, proto3_optional: None }, FieldDescriptorProto { name: Some("width"), number: Some(2), label: Some(Optional), r#type: Some(Float), type_name: None, extendee: None, default_value: None, oneof_index: None, json_name: Some("width"), options: None, proto3_optional: None }], extension: [], nested_type: [], enum_type: [], extension_range: [], oneof_decl: [], options: None, reserved_range: [], reserved_name: [] }, DescriptorProto { name: Some("Circle"), field: [FieldDescriptorProto { name: Some("radius"), number: Some(1), label: Some(Optional), r#type: Some(Float), type_name: None, extendee: None, default_value: None, oneof_index: None, json_name: Some("radius"), options: None, proto3_optional: None }], extension: [], nested_type: [], enum_type: [], extension_range: [], oneof_decl: [], options: None, reserved_range: [], reserved_name: [] }, DescriptorProto { name: Some("Triangle"), field: [FieldDescriptorProto { name: Some("edge_a"), number: Some(1), label: Some(Optional), r#type: Some(Float), type_name: None, extendee: None, default_value: None, oneof_index: None, json_name: Some("edgeA"), options: None, proto3_optional: None }, FieldDescriptorProto { name: Some("edge_b"), number: Some(2), label: Some(Optional), r#type: Some(Float), type_name: None, extendee: None, default_value: None, oneof_index: None, json_name: Some("edgeB"), options: None, proto3_optional: None }, FieldDescriptorProto { name: Some("edge_c"), number: Some(3), label: Some(Optional), r#type: Some(Float), type_name: None, extendee: None, default_value: None, oneof_index: None, json_name: Some("edgeC"), options: None, proto3_optional: None }], extension: [], nested_type: [], enum_type: [], extension_range: [], oneof_decl: [], options: None, reserved_range: [], reserved_name: [] }, DescriptorProto { name: Some("Parallelogram"), field: [FieldDescriptorProto { name: Some("base_length"), number: Some(1), label: Some(Optional), r#type: Some(Float), type_name: None, extendee: None, default_value: None, oneof_index: None, json_name: Some("baseLength"), options: None, proto3_optional: None }, FieldDescriptorProto { name: Some("height"), number: Some(2), label: Some(Optional), r#type: Some(Float), type_name: None, extendee: None, default_value: None, oneof_index: None, json_name: Some("height"), options: None, proto3_optional: None }], extension: [], nested_type: [], enum_type: [], extension_range: [], oneof_decl: [], options: None, reserved_range: [], reserved_name: [] }, DescriptorProto { name: Some("AreaRequest"), field: [FieldDescriptorProto { name: Some("shapes"), number: Some(1), label: Some(Repeated), r#type: Some(Message), type_name: Some(".area_calculator.ShapeMessage"), extendee: None, default_value: None, oneof_index: None, json_name: Some("shapes"), options: None, proto3_optional: None }], extension: [], nested_type: [], enum_type: [], extension_range: [], oneof_decl: [], options: None, reserved_range: [], reserved_name: [] }, DescriptorProto { name: Some("AreaResponse"), field: [FieldDescriptorProto { name: Some("value"), number: Some(1), label: Some(Repeated), r#type: Some(Float), type_name: None, extendee: None, default_value: None, oneof_index: None, json_name: Some("value"), options: None, proto3_optional: None }], extension: [], nested_type: [], enum_type: [], extension_range: [], oneof_decl: [], options: None, reserved_range: [], reserved_name: [] }], enum_type: [], service: [ServiceDescriptorProto { name: Some("Calculator"), method: [MethodDescriptorProto { name: Some("calculateOne"), input_type: Some(".area_calculator.ShapeMessage"), output_type: Some(".area_calculator.AreaResponse"), options: Some(MethodOptions { deprecated: None, idempotency_level: None, uninterpreted_option: [] }), client_streaming: None, server_streaming: None }, MethodDescriptorProto { name: Some("calculateMulti"), input_type: Some(".area_calculator.AreaRequest"), output_type: Some(".area_calculator.AreaResponse"), options: Some(MethodOptions { deprecated: None, idempotency_level: None, uninterpreted_option: [] }), client_streaming: None, server_streaming: None }], options: None }], extension: [], options: Some(FileOptions { java_package: None, java_outer_classname: None, java_multiple_files: None, java_generate_equals_and_hash: None, java_string_check_utf8: None, optimize_for: None, go_package: Some("io.pact/area_calculator"), cc_generic_services: None, java_generic_services: None, py_generic_services: None, php_generic_services: Some(true), deprecated: None, cc_enable_arenas: None, objc_class_prefix: None, csharp_namespace: None, swift_prefix: None, php_class_prefix: None, php_namespace: None, php_metadata_namespace: None, ruby_package: None, uninterpreted_option: [] }), source_code_info: None, syntax: Some("proto3") }] }}, routes: {"Calculator/calculateOne": (FileDescriptorSet { file: [FileDescriptorProto { name: Some("area_calculator.proto"), package: Some("area_calculator"), dependency: [], public_dependency: [], weak_dependency: [], message_type: [DescriptorProto { name: Some("ShapeMessage"), field: [FieldDescriptorProto { name: Some("square"), number: Some(1), label: Some(Optional), r#type: Some(Message), type_name: Some(".area_calculator.Square"), extendee: None, default_value: None, oneof_index: Some(0), json_name: Some("square"), options: None, proto3_optional: None }, FieldDescriptorProto { name: Some("rectangle"), number: Some(2), label: Some(Optional), r#type: Some(Message), type_name: Some(".area_calculator.Rectangle"), extendee: None, default_value: None, oneof_index: Some(0), json_name: Some("rectangle"), options: None, proto3_optional: None }, FieldDescriptorProto { name: Some("circle"), number: Some(3), label: Some(Optional), r#type: Some(Message), type_name: Some(".area_calculator.Circle"), extendee: None, default_value: None, oneof_index: Some(0), json_name: Some("circle"), options: None, proto3_optional: None }, FieldDescriptorProto { name: Some("triangle"), number: Some(4), label: Some(Optional), r#type: Some(Message), type_name: Some(".area_calculator.Triangle"), extendee: None, default_value: None, oneof_index: Some(0), json_name: Some("triangle"), options: None, proto3_optional: None }, FieldDescriptorProto { name: Some("parallelogram"), number: Some(5), label: Some(Optional), r#type: Some(Message), type_name: Some(".area_calculator.Parallelogram"), extendee: None, default_value: None, oneof_index: Some(0), json_name: Some("parallelogram"), options: None, proto3_optional: None }], extension: [], nested_type: [], enum_type: [], extension_range: [], oneof_decl: [OneofDescriptorProto { name: Some("shape"), options: None }], options: None, reserved_range: [], reserved_name: [] }, DescriptorProto { name: Some("Square"), field: [FieldDescriptorProto { name: Some("edge_length"), number: Some(1), label: Some(Optional), r#type: Some(Float), type_name: None, extendee: None, default_value: None, oneof_index: None, json_name: Some("edgeLength"), options: None, proto3_optional: None }], extension: [], nested_type: [], enum_type: [], extension_range: [], oneof_decl: [], options: None, reserved_range: [], reserved_name: [] }, DescriptorProto { name: Some("Rectangle"), field: [FieldDescriptorProto { name: Some("length"), number: Some(1), label: Some(Optional), r#type: Some(Float), type_name: None, extendee: None, default_value: None, oneof_index: None, json_name: Some("length"), options: None, proto3_optional: None }, FieldDescriptorProto { name: Some("width"), number: Some(2), label: Some(Optional), r#type: Some(Float), type_name: None, extendee: None, default_value: None, oneof_index: None, json_name: Some("width"), options: None, proto3_optional: None }], extension: [], nested_type: [], enum_type: [], extension_range: [], oneof_decl: [], options: None, reserved_range: [], reserved_name: [] }, DescriptorProto { name: Some("Circle"), field: [FieldDescriptorProto { name: Some("radius"), number: Some(1), label: Some(Optional), r#type: Some(Float), type_name: None, extendee: None, default_value: None, oneof_index: None, json_name: Some("radius"), options: None, proto3_optional: None }], extension: [], nested_type: [], enum_type: [], extension_range: [], oneof_decl: [], options: None, reserved_range: [], reserved_name: [] }, DescriptorProto { name: Some("Triangle"), field: [FieldDescriptorProto { name: Some("edge_a"), number: Some(1), label: Some(Optional), r#type: Some(Float), type_name: None, extendee: None, default_value: None, oneof_index: None, json_name: Some("edgeA"), options: None, proto3_optional: None }, FieldDescriptorProto { name: Some("edge_b"), number: Some(2), label: Some(Optional), r#type: Some(Float), type_name: None, extendee: None, default_value: None, oneof_index: None, json_name: Some("edgeB"), options: None, proto3_optional: None }, FieldDescriptorProto { name: Some("edge_c"), number: Some(3), label: Some(Optional), r#type: Some(Float), type_name: None, extendee: None, default_value: None, oneof_index: None, json_name: Some("edgeC"), options: None, proto3_optional: None }], extension: [], nested_type: [], enum_type: [], extension_range: [], oneof_decl: [], options: None, reserved_range: [], reserved_name: [] }, DescriptorProto { name: Some("Parallelogram"), field: [FieldDescriptorProto { name: Some("base_length"), number: Some(1), label: Some(Optional), r#type: Some(Float), type_name: None, extendee: None, default_value: None, oneof_index: None, json_name: Some("baseLength"), options: None, proto3_optional: None }, FieldDescriptorProto { name: Some("height"), number: Some(2), label: Some(Optional), r#type: Some(Float), type_name: None, extendee: None, default_value: None, oneof_index: None, json_name: Some("height"), options: None, proto3_optional: None }], extension: [], nested_type: [], enum_type: [], extension_range: [], oneof_decl: [], options: None, reserved_range: [], reserved_name: [] }, DescriptorProto { name: Some("AreaRequest"), field: [FieldDescriptorProto { name: Some("shapes"), number: Some(1), label: Some(Repeated), r#type: Some(Message), type_name: Some(".area_calculator.ShapeMessage"), extendee: None, default_value: None, oneof_index: None, json_name: Some("shapes"), options: None, proto3_optional: None }], extension: [], nested_type: [], enum_type: [], extension_range: [], oneof_decl: [], options: None, reserved_range: [], reserved_name: [] }, DescriptorProto { name: Some("AreaResponse"), field: [FieldDescriptorProto { name: Some("value"), number: Some(1), label: Some(Repeated), r#type: Some(Float), type_name: None, extendee: None, default_value: None, oneof_index: None, json_name: Some("value"), options: None, proto3_optional: None }], extension: [], nested_type: [], enum_type: [], extension_range: [], oneof_decl: [], options: None, reserved_range: [], reserved_name: [] }], enum_type: [], service: [ServiceDescriptorProto { name: Some("Calculator"), method: [MethodDescriptorProto { name: Some("calculateOne"), input_type: Some(".area_calculator.ShapeMessage"), output_type: Some(".area_calculator.AreaResponse"), options: Some(MethodOptions { deprecated: None, idempotency_level: None, uninterpreted_option: [] }), client_streaming: None, server_streaming: None }, MethodDescriptorProto { name: Some("calculateMulti"), input_type: Some(".area_calculator.AreaRequest"), output_type: Some(".area_calculator.AreaResponse"), options: Some(MethodOptions { deprecated: None, idempotency_level: None, uninterpreted_option: [] }), client_streaming: None, server_streaming: None }], options: None }], extension: [], options: Some(FileOptions { java_package: None, java_outer_classname: None, java_multiple_files: None, java_generate_equals_and_hash: None, java_string_check_utf8: None, optimize_for: None, go_package: Some("io.pact/area_calculator"), cc_generic_services: None, java_generic_services: None, py_generic_services: None, php_generic_services: Some(true), deprecated: None, cc_enable_arenas: None, objc_class_prefix: None, csharp_namespace: None, swift_prefix: None, php_class_prefix: None, php_namespace: None, php_metadata_namespace: None, ruby_package: None, uninterpreted_option: [] }), source_code_info: None, syntax: Some("proto3") }] }, MethodDescriptorProto { name: Some("calculateOne"), input_type: Some(".area_calculator.ShapeMessage"), output_type: Some(".area_calculator.AreaResponse"), options: Some(MethodOptions { deprecated: None, idempotency_level: None, uninterpreted_option: [] }), client_streaming: None, server_streaming: None }, SynchronousMessage { id: None, key: Some("c7fbe3ee"), description: "calculate rectangle area request", provider_states: [], comments: {"testname": String("io.pact.example.grpc.consumer.PactConsumerTest.calculateRectangleArea(MockServer, SynchronousMessages)")}, request: MessageContents { contents: Present(b"\x12\n\r\0\0@@\x15\0\0\x80@", Some(ContentType { main_type: "application", sub_type: "protobuf", attributes: {"message": "ShapeMessage"}, suffix: None }), Some(BINARY)), metadata: {}, matching_rules: MatchingRules { rules: {BODY: MatchingRuleCategory { name: BODY, rules: {DocPath { path_tokens: [Root, Field("rectangle"), Field("length")], expr: "$.rectangle.length" }: RuleList { rules: [Number], rule_logic: And, cascaded: false }, DocPath { path_tokens: [Root, Field("rectangle"), Field("width")], expr: "$.rectangle.width" }: RuleList { rules: [Number], rule_logic: And, cascaded: false }} }} }, generators: Generators { categories: {} } }, response: [MessageContents { contents: Present(b"\r\0\0@A", Some(ContentType { main_type: "application", sub_type: "protobuf", attributes: {"message": "AreaResponse"}, suffix: None }), Some(BINARY)), metadata: {}, matching_rules: MatchingRules { rules: {BODY: MatchingRuleCategory { name: BODY, rules: {DocPath { path_tokens: [Root, Field("value")], expr: "$.value" }: RuleList { rules: [Number], rule_logic: And, cascaded: false }} }} }, generators: Generators { categories: {} } }], pending: false, plugin_config: {"protobuf": {"service": String("Calculator/calculateOne"), "descriptorKey": String("a85dff8f82655a9681aad113575dcfbb")}}, interaction_markup: InteractionMarkup { markup: "```protobuf\nmessage ShapeMessage {\n    message .area_calculator.Rectangle rectangle = 2;\n}\n```\n\n```protobuf\nmessage AreaResponse {\n    float value = 1;\n}\n```\n", markup_type: "COMMON_MARK" }, transport: None })}, server_key: "5cae5f82-fec2-43c6-9739-60d0383d84ec" } ?[3mreq?[0m?[2m=?[0mRequest { method: POST, uri: http://127.0.0.1:53791/area_calculator.Calculator/calculateOne, version: HTTP/2.0, headers: {"content-type": "application/grpc", "te": "trailers", "user-agent": "grpc-java-netty/1.49.0", "grpc-accept-encoding": "gzip"}, body: Body(Streaming) }?[1m}?[0m?[2m:?[0m?[1mmock_server_handler?[0m?[1m{?[0m?[3mkey?[0m?[2m=?[0m"5cae5f82-fec2-43c6-9739-60d0383d84ec"?[1m}?[0m?[2m:?[0m?[1mhandle_message?[0m?[1m{?[0m?[3mself?[0m?[2m=?[0mMockService { file_descriptor_set: FileDescriptorSet { file: [FileDescriptorProto { name: Some("area_calculator.proto"), package: Some("area_calculator"), dependency: [], public_dependency: [], weak_dependency: [], message_type: [DescriptorProto { name: Some("ShapeMessage"), field: [FieldDescriptorProto { name: Some("square"), number: Some(1), label: Some(Optional), r#type: Some(Message), type_name: Some(".area_calculator.Square"), extendee: None, default_value: None, oneof_index: Some(0), json_name: Some("square"), options: None, proto3_optional: None }, FieldDescriptorProto { name: Some("rectangle"), number: Some(2), label: Some(Optional), r#type: Some(Message), type_name: Some(".area_calculator.Rectangle"), extendee: None, default_value: None, oneof_index: Some(0), json_name: Some("rectangle"), options: None, proto3_optional: None }, FieldDescriptorProto { name: Some("circle"), number: Some(3), label: Some(Optional), r#type: Some(Message), type_name: Some(".area_calculator.Circle"), extendee: None, default_value: None, oneof_index: Some(0), json_name: Some("circle"), options: None, proto3_optional: None }, FieldDescriptorProto { name: Some("triangle"), number: Some(4), label: Some(Optional), r#type: Some(Message), type_name: Some(".area_calculator.Triangle"), extendee: None, default_value: None, oneof_index: Some(0), json_name: Some("triangle"), options: None, proto3_optional: None }, FieldDescriptorProto { name: Some("parallelogram"), number: Some(5), label: Some(Optional), r#type: Some(Message), type_name: Some(".area_calculator.Parallelogram"), extendee: None, default_value: None, oneof_index: Some(0), json_name: Some("parallelogram"), options: None, proto3_optional: None }], extension: [], nested_type: [], enum_type: [], extension_range: [], oneof_decl: [OneofDescriptorProto { name: Some("shape"), options: None }], options: None, reserved_range: [], reserved_name: [] }, DescriptorProto { name: Some("Square"), field: [FieldDescriptorProto { name: Some("edge_length"), number: Some(1), label: Some(Optional), r#type: Some(Float), type_name: None, extendee: None, default_value: None, oneof_index: None, json_name: Some("edgeLength"), options: None, proto3_optional: None }], extension: [], nested_type: [], enum_type: [], extension_range: [], oneof_decl: [], options: None, reserved_range: [], reserved_name: [] }, DescriptorProto { name: Some("Rectangle"), field: [FieldDescriptorProto { name: Some("length"), number: Some(1), label: Some(Optional), r#type: Some(Float), type_name: None, extendee: None, default_value: None, oneof_index: None, json_name: Some("length"), options: None, proto3_optional: None }, FieldDescriptorProto { name: Some("width"), number: Some(2), label: Some(Optional), r#type: Some(Float), type_name: None, extendee: None, default_value: None, oneof_index: None, json_name: Some("width"), options: None, proto3_optional: None }], extension: [], nested_type: [], enum_type: [], extension_range: [], oneof_decl: [], options: None, reserved_range: [], reserved_name: [] }, DescriptorProto { name: Some("Circle"), field: [FieldDescriptorProto { name: Some("radius"), number: Some(1), label: Some(Optional), r#type: Some(Float), type_name: None, extendee: None, default_value: None, oneof_index: None, json_name: Some("radius"), options: None, proto3_optional: None }], extension: [], nested_type: [], enum_type: [], extension_range: [], oneof_decl: [], options: None, reserved_range: [], reserved_name: [] }, DescriptorProto { name: Some("Triangle"), field: [FieldDescriptorProto { name: Some("edge_a"), number: Some(1), label: Some(Optional), r#type: Some(Float), type_name: None, extendee: None, default_value: None, oneof_index: None, json_name: Some("edgeA"), options: None, proto3_optional: None }, FieldDescriptorProto { name: Some("edge_b"), number: Some(2), label: Some(Optional), r#type: Some(Float), type_name: None, extendee: None, default_value: None, oneof_index: None, json_name: Some("edgeB"), options: None, proto3_optional: None }, FieldDescriptorProto { name: Some("edge_c"), number: Some(3), label: Some(Optional), r#type: Some(Float), type_name: None, extendee: None, default_value: None, oneof_index: None, json_name: Some("edgeC"), options: None, proto3_optional: None }], extension: [], nested_type: [], enum_type: [], extension_range: [], oneof_decl: [], options: None, reserved_range: [], reserved_name: [] }, DescriptorProto { name: Some("Parallelogram"), field: [FieldDescriptorProto { name: Some("base_length"), number: Some(1), label: Some(Optional), r#type: Some(Float), type_name: None, extendee: None, default_value: None, oneof_index: None, json_name: Some("baseLength"), options: None, proto3_optional: None }, FieldDescriptorProto { name: Some("height"), number: Some(2), label: Some(Optional), r#type: Some(Float), type_name: None, extendee: None, default_value: None, oneof_index: None, json_name: Some("height"), options: None, proto3_optional: None }], extension: [], nested_type: [], enum_type: [], extension_range: [], oneof_decl: [], options: None, reserved_range: [], reserved_name: [] }, DescriptorProto { name: Some("AreaRequest"), field: [FieldDescriptorProto { name: Some("shapes"), number: Some(1), label: Some(Repeated), r#type: Some(Message), type_name: Some(".area_calculator.ShapeMessage"), extendee: None, default_value: None, oneof_index: None, json_name: Some("shapes"), options: None, proto3_optional: None }], extension: [], nested_type: [], enum_type: [], extension_range: [], oneof_decl: [], options: None, reserved_range: [], reserved_name: [] }, DescriptorProto { name: Some("AreaResponse"), field: [FieldDescriptorProto { name: Some("value"), number: Some(1), label: Some(Repeated), r#type: Some(Float), type_name: None, extendee: None, default_value: None, oneof_index: None, json_name: Some("value"), options: None, proto3_optional: None }], extension: [], nested_type: [], enum_type: [], extension_range: [], oneof_decl: [], options: None, reserved_range: [], reserved_name: [] }], enum_type: [], service: [ServiceDescriptorProto { name: Some("Calculator"), method: [MethodDescriptorProto { name: Some("calculateOne"), input_type: Some(".area_calculator.ShapeMessage"), output_type: Some(".area_calculator.AreaResponse"), options: Some(MethodOptions { deprecated: None, idempotency_level: None, uninterpreted_option: [] }), client_streaming: None, server_streaming: None }, MethodDescriptorProto { name: Some("calculateMulti"), input_type: Some(".area_calculator.AreaRequest"), output_type: Some(".area_calculator.AreaResponse"), options: Some(MethodOptions { deprecated: None, idempotency_level: None, uninterpreted_option: [] }), client_streaming: None, server_streaming: None }], options: None }], extension: [], options: Some(FileOptions { java_package: None, java_outer_classname: None, java_multiple_files: None, java_generate_equals_and_hash: None, java_string_check_utf8: None, optimize_for: None, go_package: Some("io.pact/area_calculator"), cc_generic_services: None, java_generic_services: None, py_generic_services: None, php_generic_services: Some(true), deprecated: None, cc_enable_arenas: None, objc_class_prefix: None, csharp_namespace: None, swift_prefix: None, php_class_prefix: None, php_namespace: None, php_metadata_namespace: None, ruby_package: None, uninterpreted_option: [] }), source_code_info: None, syntax: Some("proto3") }] }, service_name: "Calculator", message: SynchronousMessage { id: None, key: Some("c7fbe3ee"), description: "calculate rectangle area request", provider_states: [], comments: {"testname": String("io.pact.example.grpc.consumer.PactConsumerTest.calculateRectangleArea(MockServer, SynchronousMessages)")}, request: MessageContents { contents: Present(b"\x12\n\r\0\0@@\x15\0\0\x80@", Some(ContentType { main_type: "application", sub_type: "protobuf", attributes: {"message": "ShapeMessage"}, suffix: None }), Some(BINARY)), metadata: {}, matching_rules: MatchingRules { rules: {BODY: MatchingRuleCategory { name: BODY, rules: {DocPath { path_tokens: [Root, Field("rectangle"), Field("length")], expr: "$.rectangle.length" }: RuleList { rules: [Number], rule_logic: And, cascaded: false }, DocPath { path_tokens: [Root, Field("rectangle"), Field("width")], expr: "$.rectangle.width" }: RuleList { rules: [Number], rule_logic: And, cascaded: false }} }} }, generators: Generators { categories: {} } }, response: [MessageContents { contents: Present(b"\r\0\0@A", Some(ContentType { main_type: "application", sub_type: "protobuf", attributes: {"message": "AreaResponse"}, suffix: None }), Some(BINARY)), metadata: {}, matching_rules: MatchingRules { rules: {BODY: MatchingRuleCategory { name: BODY, rules: {DocPath { path_tokens: [Root, Field("value")], expr: "$.value" }: RuleList { rules: [Number], rule_logic: And, cascaded: false }} }} }, generators: Generators { categories: {} } }], pending: false, plugin_config: {"protobuf": {"service": String("Calculator/calculateOne"), "descriptorKey": String("a85dff8f82655a9681aad113575dcfbb")}}, interaction_markup: InteractionMarkup { markup: "```protobuf\nmessage ShapeMessage {\n    message .area_calculator.Rectangle rectangle = 2;\n}\n```\n\n```protobuf\nmessage AreaResponse {\n    float value = 1;\n}\n```\n", markup_type: "COMMON_MARK" }, transport: None }, method_descriptor: MethodDescriptorProto { name: Some("calculateOne"), input_type: Some(".area_calculator.ShapeMessage"), output_type: Some(".area_calculator.AreaResponse"), options: Some(MethodOptions { deprecated: None, idempotency_level: None, uninterpreted_option: [] }), client_streaming: None, server_streaming: None }, input_message: DescriptorProto { name: Some("ShapeMessage"), field: [FieldDescriptorProto { name: Some("square"), number: Some(1), label: Some(Optional), r#type: Some(Message), type_name: Some(".area_calculator.Square"), extendee: None, default_value: None, oneof_index: Some(0), json_name: Some("square"), options: None, proto3_optional: None }, FieldDescriptorProto { name: Some("rectangle"), number: Some(2), label: Some(Optional), r#type: Some(Message), type_name: Some(".area_calculator.Rectangle"), extendee: None, default_value: None, oneof_index: Some(0), json_name: Some("rectangle"), options: None, proto3_optional: None }, FieldDescriptorProto { name: Some("circle"), number: Some(3), label: Some(Optional), r#type: Some(Message), type_name: Some(".area_calculator.Circle"), extendee: None, default_value: None, oneof_index: Some(0), json_name: Some("circle"), options: None, proto3_optional: None }, FieldDescriptorProto { name: Some("triangle"), number: Some(4), label: Some(Optional), r#type: Some(Message), type_name: Some(".area_calculator.Triangle"), extendee: None, default_value: None, oneof_index: Some(0), json_name: Some("triangle"), options: None, proto3_optional: None }, FieldDescriptorProto { name: Some("parallelogram"), number: Some(5), label: Some(Optional), r#type: Some(Message), type_name: Some(".area_calculator.Parallelogram"), extendee: None, default_value: None, oneof_index: Some(0), json_name: Some("parallelogram"), options: None, proto3_optional: None }], extension: [], nested_type: [], enum_type: [], extension_range: [], oneof_decl: [OneofDescriptorProto { name: Some("shape"), options: None }], options: None, reserved_range: [], reserved_name: [] }, output_message: DescriptorProto { name: Some("AreaResponse"), field: [FieldDescriptorProto { name: Some("value"), number: Some(1), label: Some(Repeated), r#type: Some(Float), type_name: None, extendee: None, default_value: None, oneof_index: None, json_name: Some("value"), options: None, proto3_optional: None }], extension: [], nested_type: [], enum_type: [], extension_range: [], oneof_decl: [], options: None, reserved_range: [], reserved_name: [] }, server_key: "5cae5f82-fec2-43c6-9739-60d0383d84ec" } ?[3mrequest?[0m?[2m=?[0mDynamicMessage { descriptor: DescriptorProto { name: Some("ShapeMessage"), field: [FieldDescriptorProto { name: Some("square"), number: Some(1), label: Some(Optional), r#type: Some(Message), type_name: Some(".area_calculator.Square"), extendee: None, default_value: None, oneof_index: Some(0), json_name: Some("square"), options: None, proto3_optional: None }, FieldDescriptorProto { name: Some("rectangle"), number: Some(2), label: Some(Optional), r#type: Some(Message), type_name: Some(".area_calculator.Rectangle"), extendee: None, default_value: None, oneof_index: Some(0), json_name: Some("rectangle"), options: None, proto3_optional: None }, FieldDescriptorProto { name: Some("circle"), number: Some(3), label: Some(Optional), r#type: Some(Message), type_name: Some(".area_calculator.Circle"), extendee: None, default_value: None, oneof_index: Some(0), json_name: Some("circle"), options: None, proto3_optional: None }, FieldDescriptorProto { name: Some("triangle"), number: Some(4), label: Some(Optional), r#type: Some(Message), type_name: Some(".area_calculator.Triangle"), extendee: None, default_value: None, oneof_index: Some(0), json_name: Some("triangle"), options: None, proto3_optional: None }, FieldDescriptorProto { name: Some("parallelogram"), number: Some(5), label: Some(Optional), r#type: Some(Message), type_name: Some(".area_calculator.Parallelogram"), extendee: None, default_value: None, oneof_index: Some(0), json_name: Some("parallelogram"), options: None, proto3_optional: None }], extension: [], nested_type: [], enum_type: [], extension_range: [], oneof_decl: [OneofDescriptorProto { name: Some("shape"), options: None }], options: None, reserved_range: [], reserved_name: [] }, fields: [ProtobufField { field_num: 2, wire_type: LengthDelimited, data: Message([13, 0, 0, 64, 64, 21, 0, 0, 128, 64], DescriptorProto { name: Some("Rectangle"), field: [FieldDescriptorProto { name: Some("length"), number: Some(1), label: Some(Optional), r#type: Some(Float), type_name: None, extendee: None, default_value: None, oneof_index: None, json_name: Some("length"), options: None, proto3_optional: None }, FieldDescriptorProto { name: Some("width"), number: Some(2), label: Some(Optional), r#type: Some(Float), type_name: None, extendee: None, default_value: None, oneof_index: None, json_name: Some("width"), options: None, proto3_optional: None }], extension: [], nested_type: [], enum_type: [], extension_range: [], oneof_decl: [], options: None, reserved_range: [], reserved_name: [] }) }] } ?[3mmessage_descriptor?[0m?[2m=?[0mDescriptorProto { name: Some("ShapeMessage"), field: [FieldDescriptorProto { name: Some("square"), number: Some(1), label: Some(Optional), r#type: Some(Message), type_name: Some(".area_calculator.Square"), extendee: None, default_value: None, oneof_index: Some(0), json_name: Some("square"), options: None, proto3_optional: None }, FieldDescriptorProto { name: Some("rectangle"), number: Some(2), label: Some(Optional), r#type: Some(Message), type_name: Some(".area_calculator.Rectangle"), extendee: None, default_value: None, oneof_index: Some(0), json_name: Some("rectangle"), options: None, proto3_optional: None }, FieldDescriptorProto { name: Some("circle"), number: Some(3), label: Some(Optional), r#type: Some(Message), type_name: Some(".area_calculator.Circle"), extendee: None, default_value: None, oneof_index: Some(0), json_name: Some("circle"), options: None, proto3_optional: None }, FieldDescriptorProto { name: Some("triangle"), number: Some(4), label: Some(Optional), r#type: Some(Message), type_name: Some(".area_calculator.Triangle"), extendee: None, default_value: None, oneof_index: Some(0), json_name: Some("triangle"), options: None, proto3_optional: None }, FieldDescriptorProto { name: Some("parallelogram"), number: Some(5), label: Some(Optional), r#type: Some(Message), type_name: Some(".area_calculator.Parallelogram"), extendee: None, default_value: None, oneof_index: Some(0), json_name: Some("parallelogram"), options: None, proto3_optional: None }], extension: [], nested_type: [], enum_type: [], extension_range: [], oneof_decl: [OneofDescriptorProto { name: Some("shape"), options: None }], options: None, reserved_range: [], reserved_name: [] } ?[3mresponse_descriptor?[0m?[2m=?[0mDescriptorProto { name: Some("AreaResponse"), field: [FieldDescriptorProto { name: Some("value"), number: Some(1), label: Some(Repeated), r#type: Some(Float), type_name: None, extendee: None, default_value: None, oneof_index: None, json_name: Some("value"), options: None, proto3_optional: None }], extension: [], nested_type: [], enum_type: [], extension_range: [], oneof_decl: [], options: None, reserved_range: [], reserved_name: [] }?[1m}?[0m?[2m:?[0m ?[2mpact_protobuf_plugin::matching?[0m?[2m:?[0m Comparing message field parallelogram:5
15:05:16.547 [Thread-5] DEBUG i.pact.plugins.jvm.core.ChildProcess - Plugin protobuf [46038] || ?[2m2023-03-27T09:35:16.546553Z?[0m ?[35mTRACE?[0m tokio-runtime-worker ?[1mrequest?[0m?[1m{?[0m?[3mmethod?[0m?[2m=?[0mPOST ?[3muri?[0m?[2m=?[0mhttp://127.0.0.1:53791/area_calculator.Calculator/calculateOne ?[3mversion?[0m?[2m=?[0mHTTP/2.0?[1m}?[0m?[2m:?[0m?[1mcall?[0m?[1m{?[0m?[3mself?[0m?[2m=?[0mGrpcMockServer { pact: V4Pact { consumer: Consumer { name: "grpc-consumer-jvm" }, provider: Provider { name: "area-calculator-provider" }, interactions: [SynchronousMessage { id: None, key: Some("c7fbe3ee"), description: "calculate rectangle area request", provider_states: [], comments: {"testname": String("io.pact.example.grpc.consumer.PactConsumerTest.calculateRectangleArea(MockServer, SynchronousMessages)")}, request: MessageContents { contents: Present(b"\x12\n\r\0\0@@\x15\0\0\x80@", Some(ContentType { main_type: "application", sub_type: "protobuf", attributes: {"message": "ShapeMessage"}, suffix: None }), Some(BINARY)), metadata: {}, matching_rules: MatchingRules { rules: {BODY: MatchingRuleCategory { name: BODY, rules: {DocPath { path_tokens: [Root, Field("rectangle"), Field("length")], expr: "$.rectangle.length" }: RuleList { rules: [Number], rule_logic: And, cascaded: false }, DocPath { path_tokens: [Root, Field("rectangle"), Field("width")], expr: "$.rectangle.width" }: RuleList { rules: [Number], rule_logic: And, cascaded: false }} }} }, generators: Generators { categories: {} } }, response: [MessageContents { contents: Present(b"\r\0\0@A", Some(ContentType { main_type: "application", sub_type: "protobuf", attributes: {"message": "AreaResponse"}, suffix: None }), Some(BINARY)), metadata: {}, matching_rules: MatchingRules { rules: {BODY: MatchingRuleCategory { name: BODY, rules: {DocPath { path_tokens: [Root, Field("value")], expr: "$.value" }: RuleList { rules: [Number], rule_logic: And, cascaded: false }} }} }, generators: Generators { categories: {} } }], pending: false, plugin_config: {"protobuf": {"service": String("Calculator/calculateOne"), "descriptorKey": String("a85dff8f82655a9681aad113575dcfbb")}}, interaction_markup: InteractionMarkup { markup: "```protobuf\nmessage ShapeMessage {\n    message .area_calculator.Rectangle rectangle = 2;\n}\n```\n\n```protobuf\nmessage AreaResponse {\n    float value = 1;\n}\n```\n", markup_type: "COMMON_MARK" }, transport: None }], metadata: {"pact-jvm": Object({"version": String("4.4.2")}), "pactSpecification": Object({"version": String("4.0")})}, plugin_data: [PluginData { name: "protobuf", version: "0.1.5", configuration: {"a85dff8f82655a9681aad113575dcfbb": Object({"protoDescriptors": String("CsoHChVhcmVhX2NhbGN1bGF0b3IucHJvdG8SD2FyZWFfY2FsY3VsYXRvciK6AgoMU2hhcGVNZXNzYWdlEjEKBnNxdWFyZRgBIAEoCzIXLmFyZWFfY2FsY3VsYXRvci5TcXVhcmVIAFIGc3F1YXJlEjoKCXJlY3RhbmdsZRgCIAEoCzIaLmFyZWFfY2FsY3VsYXRvci5SZWN0YW5nbGVIAFIJcmVjdGFuZ2xlEjEKBmNpcmNsZRgDIAEoCzIXLmFyZWFfY2FsY3VsYXRvci5DaXJjbGVIAFIGY2lyY2xlEjcKCHRyaWFuZ2xlGAQgASgLMhkuYXJlYV9jYWxjdWxhdG9yLlRyaWFuZ2xlSABSCHRyaWFuZ2xlEkYKDXBhcmFsbGVsb2dyYW0YBSABKAsyHi5hcmVhX2NhbGN1bGF0b3IuUGFyYWxsZWxvZ3JhbUgAUg1wYXJhbGxlbG9ncmFtQgcKBXNoYXBlIikKBlNxdWFyZRIfCgtlZGdlX2xlbmd0aBgBIAEoAlIKZWRnZUxlbmd0aCI5CglSZWN0YW5nbGUSFgoGbGVuZ3RoGAEgASgCUgZsZW5ndGgSFAoFd2lkdGgYAiABKAJSBXdpZHRoIiAKBkNpcmNsZRIWCgZyYWRpdXMYASABKAJSBnJhZGl1cyJPCghUcmlhbmdsZRIVCgZlZGdlX2EYASABKAJSBWVkZ2VBEhUKBmVkZ2VfYhgCIAEoAlIFZWRnZUISFQoGZWRnZV9jGAMgASgCUgVlZGdlQyJICg1QYXJhbGxlbG9ncmFtEh8KC2Jhc2VfbGVuZ3RoGAEgASgCUgpiYXNlTGVuZ3RoEhYKBmhlaWdodBgCIAEoAlIGaGVpZ2h0IkQKC0FyZWFSZXF1ZXN0EjUKBnNoYXBlcxgBIAMoCzIdLmFyZWFfY2FsY3VsYXRvci5TaGFwZU1lc3NhZ2VSBnNoYXBlcyIkCgxBcmVhUmVzcG9uc2USFAoFdmFsdWUYASADKAJSBXZhbHVlMq0BCgpDYWxjdWxhdG9yEk4KDGNhbGN1bGF0ZU9uZRIdLmFyZWFfY2FsY3VsYXRvci5TaGFwZU1lc3NhZ2UaHS5hcmVhX2NhbGN1bGF0b3IuQXJlYVJlc3BvbnNlIgASTwoOY2FsY3VsYXRlTXVsdGkSHC5hcmVhX2NhbGN1bGF0b3IuQXJlYVJlcXVlc3QaHS5hcmVhX2NhbGN1bGF0b3IuQXJlYVJlc3BvbnNlIgBCHFoXaW8ucGFjdC9hcmVhX2NhbGN1bGF0b3LQAgFiBnByb3RvMw=="), "protoFile": String("syntax = \"proto3\";\n\npackage area_calculator;\n\noption php_generic_services = true;\noption go_package = \"io.pact/area_calculator\";\n\nservice Calculator {\n  rpc calculateOne (ShapeMessage) returns (AreaResponse) {}\n  rpc calculateMulti (AreaRequest) returns (AreaResponse) {}\n}\n\nmessage ShapeMessage {\n  oneof shape {\n    Square square = 1;\n    Rectangle rectangle = 2;\n    Circle circle = 3;\n    Triangle triangle = 4;\n    Parallelogram parallelogram = 5;\n  }\n}\n\nmessage Square {\n  float edge_length = 1;\n}\n\nmessage Rectangle {\n  float length = 1;\n  float width = 2;\n}\n\nmessage Circle {\n  float radius = 1;\n}\n\nmessage Triangle {\n  float edge_a = 1;\n  float edge_b = 2;\n  float edge_c = 3;\n}\n\nmessage Parallelogram {\n  float base_length = 1;\n  float height = 2;\n}\n\nmessage AreaRequest {\n  repeated ShapeMessage shapes = 1;\n}\n\nmessage AreaResponse {\n  repeated float value = 1;\n}\n")})} }] }, plugin_config: PluginData { name: "protobuf", version: "0.1.5", configuration: {"a85dff8f82655a9681aad113575dcfbb": Object({"protoDescriptors": String("CsoHChVhcmVhX2NhbGN1bGF0b3IucHJvdG8SD2FyZWFfY2FsY3VsYXRvciK6AgoMU2hhcGVNZXNzYWdlEjEKBnNxdWFyZRgBIAEoCzIXLmFyZWFfY2FsY3VsYXRvci5TcXVhcmVIAFIGc3F1YXJlEjoKCXJlY3RhbmdsZRgCIAEoCzIaLmFyZWFfY2FsY3VsYXRvci5SZWN0YW5nbGVIAFIJcmVjdGFuZ2xlEjEKBmNpcmNsZRgDIAEoCzIXLmFyZWFfY2FsY3VsYXRvci5DaXJjbGVIAFIGY2lyY2xlEjcKCHRyaWFuZ2xlGAQgASgLMhkuYXJlYV9jYWxjdWxhdG9yLlRyaWFuZ2xlSABSCHRyaWFuZ2xlEkYKDXBhcmFsbGVsb2dyYW0YBSABKAsyHi5hcmVhX2NhbGN1bGF0b3IuUGFyYWxsZWxvZ3JhbUgAUg1wYXJhbGxlbG9ncmFtQgcKBXNoYXBlIikKBlNxdWFyZRIfCgtlZGdlX2xlbmd0aBgBIAEoAlIKZWRnZUxlbmd0aCI5CglSZWN0YW5nbGUSFgoGbGVuZ3RoGAEgASgCUgZsZW5ndGgSFAoFd2lkdGgYAiABKAJSBXdpZHRoIiAKBkNpcmNsZRIWCgZyYWRpdXMYASABKAJSBnJhZGl1cyJPCghUcmlhbmdsZRIVCgZlZGdlX2EYASABKAJSBWVkZ2VBEhUKBmVkZ2VfYhgCIAEoAlIFZWRnZUISFQoGZWRnZV9jGAMgASgCUgVlZGdlQyJICg1QYXJhbGxlbG9ncmFtEh8KC2Jhc2VfbGVuZ3RoGAEgASgCUgpiYXNlTGVuZ3RoEhYKBmhlaWdodBgCIAEoAlIGaGVpZ2h0IkQKC0FyZWFSZXF1ZXN0EjUKBnNoYXBlcxgBIAMoCzIdLmFyZWFfY2FsY3VsYXRvci5TaGFwZU1lc3NhZ2VSBnNoYXBlcyIkCgxBcmVhUmVzcG9uc2USFAoFdmFsdWUYASADKAJSBXZhbHVlMq0BCgpDYWxjdWxhdG9yEk4KDGNhbGN1bGF0ZU9uZRIdLmFyZWFfY2FsY3VsYXRvci5TaGFwZU1lc3NhZ2UaHS5hcmVhX2NhbGN1bGF0b3IuQXJlYVJlc3BvbnNlIgASTwoOY2FsY3VsYXRlTXVsdGkSHC5hcmVhX2NhbGN1bGF0b3IuQXJlYVJlcXVlc3QaHS5hcmVhX2NhbGN1bGF0b3IuQXJlYVJlc3BvbnNlIgBCHFoXaW8ucGFjdC9hcmVhX2NhbGN1bGF0b3LQAgFiBnByb3RvMw=="), "protoFile": String("syntax = \"proto3\";\n\npackage area_calculator;\n\noption php_generic_services = true;\noption go_package = \"io.pact/area_calculator\";\n\nservice Calculator {\n  rpc calculateOne (ShapeMessage) returns (AreaResponse) {}\n  rpc calculateMulti (AreaRequest) returns (AreaResponse) {}\n}\n\nmessage ShapeMessage {\n  oneof shape {\n    Square square = 1;\n    Rectangle rectangle = 2;\n    Circle circle = 3;\n    Triangle triangle = 4;\n    Parallelogram parallelogram = 5;\n  }\n}\n\nmessage Square {\n  float edge_length = 1;\n}\n\nmessage Rectangle {\n  float length = 1;\n  float width = 2;\n}\n\nmessage Circle {\n  float radius = 1;\n}\n\nmessage Triangle {\n  float edge_a = 1;\n  float edge_b = 2;\n  float edge_c = 3;\n}\n\nmessage Parallelogram {\n  float base_length = 1;\n  float height = 2;\n}\n\nmessage AreaRequest {\n  repeated ShapeMessage shapes = 1;\n}\n\nmessage AreaResponse {\n  repeated float value = 1;\n}\n")})} }, descriptors: {"a85dff8f82655a9681aad113575dcfbb": FileDescriptorSet { file: [FileDescriptorProto { name: Some("area_calculator.proto"), package: Some("area_calculator"), dependency: [], public_dependency: [], weak_dependency: [], message_type: [DescriptorProto { name: Some("ShapeMessage"), field: [FieldDescriptorProto { name: Some("square"), number: Some(1), label: Some(Optional), r#type: Some(Message), type_name: Some(".area_calculator.Square"), extendee: None, default_value: None, oneof_index: Some(0), json_name: Some("square"), options: None, proto3_optional: None }, FieldDescriptorProto { name: Some("rectangle"), number: Some(2), label: Some(Optional), r#type: Some(Message), type_name: Some(".area_calculator.Rectangle"), extendee: None, default_value: None, oneof_index: Some(0), json_name: Some("rectangle"), options: None, proto3_optional: None }, FieldDescriptorProto { name: Some("circle"), number: Some(3), label: Some(Optional), r#type: Some(Message), type_name: Some(".area_calculator.Circle"), extendee: None, default_value: None, oneof_index: Some(0), json_name: Some("circle"), options: None, proto3_optional: None }, FieldDescriptorProto { name: Some("triangle"), number: Some(4), label: Some(Optional), r#type: Some(Message), type_name: Some(".area_calculator.Triangle"), extendee: None, default_value: None, oneof_index: Some(0), json_name: Some("triangle"), options: None, proto3_optional: None }, FieldDescriptorProto { name: Some("parallelogram"), number: Some(5), label: Some(Optional), r#type: Some(Message), type_name: Some(".area_calculator.Parallelogram"), extendee: None, default_value: None, oneof_index: Some(0), json_name: Some("parallelogram"), options: None, proto3_optional: None }], extension: [], nested_type: [], enum_type: [], extension_range: [], oneof_decl: [OneofDescriptorProto { name: Some("shape"), options: None }], options: None, reserved_range: [], reserved_name: [] }, DescriptorProto { name: Some("Square"), field: [FieldDescriptorProto { name: Some("edge_length"), number: Some(1), label: Some(Optional), r#type: Some(Float), type_name: None, extendee: None, default_value: None, oneof_index: None, json_name: Some("edgeLength"), options: None, proto3_optional: None }], extension: [], nested_type: [], enum_type: [], extension_range: [], oneof_decl: [], options: None, reserved_range: [], reserved_name: [] }, DescriptorProto { name: Some("Rectangle"), field: [FieldDescriptorProto { name: Some("length"), number: Some(1), label: Some(Optional), r#type: Some(Float), type_name: None, extendee: None, default_value: None, oneof_index: None, json_name: Some("length"), options: None, proto3_optional: None }, FieldDescriptorProto { name: Some("width"), number: Some(2), label: Some(Optional), r#type: Some(Float), type_name: None, extendee: None, default_value: None, oneof_index: None, json_name: Some("width"), options: None, proto3_optional: None }], extension: [], nested_type: [], enum_type: [], extension_range: [], oneof_decl: [], options: None, reserved_range: [], reserved_name: [] }, DescriptorProto { name: Some("Circle"), field: [FieldDescriptorProto { name: Some("radius"), number: Some(1), label: Some(Optional), r#type: Some(Float), type_name: None, extendee: None, default_value: None, oneof_index: None, json_name: Some("radius"), options: None, proto3_optional: None }], extension: [], nested_type: [], enum_type: [], extension_range: [], oneof_decl: [], options: None, reserved_range: [], reserved_name: [] }, DescriptorProto { name: Some("Triangle"), field: [FieldDescriptorProto { name: Some("edge_a"), number: Some(1), label: Some(Optional), r#type: Some(Float), type_name: None, extendee: None, default_value: None, oneof_index: None, json_name: Some("edgeA"), options: None, proto3_optional: None }, FieldDescriptorProto { name: Some("edge_b"), number: Some(2), label: Some(Optional), r#type: Some(Float), type_name: None, extendee: None, default_value: None, oneof_index: None, json_name: Some("edgeB"), options: None, proto3_optional: None }, FieldDescriptorProto { name: Some("edge_c"), number: Some(3), label: Some(Optional), r#type: Some(Float), type_name: None, extendee: None, default_value: None, oneof_index: None, json_name: Some("edgeC"), options: None, proto3_optional: None }], extension: [], nested_type: [], enum_type: [], extension_range: [], oneof_decl: [], options: None, reserved_range: [], reserved_name: [] }, DescriptorProto { name: Some("Parallelogram"), field: [FieldDescriptorProto { name: Some("base_length"), number: Some(1), label: Some(Optional), r#type: Some(Float), type_name: None, extendee: None, default_value: None, oneof_index: None, json_name: Some("baseLength"), options: None, proto3_optional: None }, FieldDescriptorProto { name: Some("height"), number: Some(2), label: Some(Optional), r#type: Some(Float), type_name: None, extendee: None, default_value: None, oneof_index: None, json_name: Some("height"), options: None, proto3_optional: None }], extension: [], nested_type: [], enum_type: [], extension_range: [], oneof_decl: [], options: None, reserved_range: [], reserved_name: [] }, DescriptorProto { name: Some("AreaRequest"), field: [FieldDescriptorProto { name: Some("shapes"), number: Some(1), label: Some(Repeated), r#type: Some(Message), type_name: Some(".area_calculator.ShapeMessage"), extendee: None, default_value: None, oneof_index: None, json_name: Some("shapes"), options: None, proto3_optional: None }], extension: [], nested_type: [], enum_type: [], extension_range: [], oneof_decl: [], options: None, reserved_range: [], reserved_name: [] }, DescriptorProto { name: Some("AreaResponse"), field: [FieldDescriptorProto { name: Some("value"), number: Some(1), label: Some(Repeated), r#type: Some(Float), type_name: None, extendee: None, default_value: None, oneof_index: None, json_name: Some("value"), options: None, proto3_optional: None }], extension: [], nested_type: [], enum_type: [], extension_range: [], oneof_decl: [], options: None, reserved_range: [], reserved_name: [] }], enum_type: [], service: [ServiceDescriptorProto { name: Some("Calculator"), method: [MethodDescriptorProto { name: Some("calculateOne"), input_type: Some(".area_calculator.ShapeMessage"), output_type: Some(".area_calculator.AreaResponse"), options: Some(MethodOptions { deprecated: None, idempotency_level: None, uninterpreted_option: [] }), client_streaming: None, server_streaming: None }, MethodDescriptorProto { name: Some("calculateMulti"), input_type: Some(".area_calculator.AreaRequest"), output_type: Some(".area_calculator.AreaResponse"), options: Some(MethodOptions { deprecated: None, idempotency_level: None, uninterpreted_option: [] }), client_streaming: None, server_streaming: None }], options: None }], extension: [], options: Some(FileOptions { java_package: None, java_outer_classname: None, java_multiple_files: None, java_generate_equals_and_hash: None, java_string_check_utf8: None, optimize_for: None, go_package: Some("io.pact/area_calculator"), cc_generic_services: None, java_generic_services: None, py_generic_services: None, php_generic_services: Some(true), deprecated: None, cc_enable_arenas: None, objc_class_prefix: None, csharp_namespace: None, swift_prefix: None, php_class_prefix: None, php_namespace: None, php_metadata_namespace: None, ruby_package: None, uninterpreted_option: [] }), source_code_info: None, syntax: Some("proto3") }] }}, routes: {"Calculator/calculateOne": (FileDescriptorSet { file: [FileDescriptorProto { name: Some("area_calculator.proto"), package: Some("area_calculator"), dependency: [], public_dependency: [], weak_dependency: [], message_type: [DescriptorProto { name: Some("ShapeMessage"), field: [FieldDescriptorProto { name: Some("square"), number: Some(1), label: Some(Optional), r#type: Some(Message), type_name: Some(".area_calculator.Square"), extendee: None, default_value: None, oneof_index: Some(0), json_name: Some("square"), options: None, proto3_optional: None }, FieldDescriptorProto { name: Some("rectangle"), number: Some(2), label: Some(Optional), r#type: Some(Message), type_name: Some(".area_calculator.Rectangle"), extendee: None, default_value: None, oneof_index: Some(0), json_name: Some("rectangle"), options: None, proto3_optional: None }, FieldDescriptorProto { name: Some("circle"), number: Some(3), label: Some(Optional), r#type: Some(Message), type_name: Some(".area_calculator.Circle"), extendee: None, default_value: None, oneof_index: Some(0), json_name: Some("circle"), options: None, proto3_optional: None }, FieldDescriptorProto { name: Some("triangle"), number: Some(4), label: Some(Optional), r#type: Some(Message), type_name: Some(".area_calculator.Triangle"), extendee: None, default_value: None, oneof_index: Some(0), json_name: Some("triangle"), options: None, proto3_optional: None }, FieldDescriptorProto { name: Some("parallelogram"), number: Some(5), label: Some(Optional), r#type: Some(Message), type_name: Some(".area_calculator.Parallelogram"), extendee: None, default_value: None, oneof_index: Some(0), json_name: Some("parallelogram"), options: None, proto3_optional: None }], extension: [], nested_type: [], enum_type: [], extension_range: [], oneof_decl: [OneofDescriptorProto { name: Some("shape"), options: None }], options: None, reserved_range: [], reserved_name: [] }, DescriptorProto { name: Some("Square"), field: [FieldDescriptorProto { name: Some("edge_length"), number: Some(1), label: Some(Optional), r#type: Some(Float), type_name: None, extendee: None, default_value: None, oneof_index: None, json_name: Some("edgeLength"), options: None, proto3_optional: None }], extension: [], nested_type: [], enum_type: [], extension_range: [], oneof_decl: [], options: None, reserved_range: [], reserved_name: [] }, DescriptorProto { name: Some("Rectangle"), field: [FieldDescriptorProto { name: Some("length"), number: Some(1), label: Some(Optional), r#type: Some(Float), type_name: None, extendee: None, default_value: None, oneof_index: None, json_name: Some("length"), options: None, proto3_optional: None }, FieldDescriptorProto { name: Some("width"), number: Some(2), label: Some(Optional), r#type: Some(Float), type_name: None, extendee: None, default_value: None, oneof_index: None, json_name: Some("width"), options: None, proto3_optional: None }], extension: [], nested_type: [], enum_type: [], extension_range: [], oneof_decl: [], options: None, reserved_range: [], reserved_name: [] }, DescriptorProto { name: Some("Circle"), field: [FieldDescriptorProto { name: Some("radius"), number: Some(1), label: Some(Optional), r#type: Some(Float), type_name: None, extendee: None, default_value: None, oneof_index: None, json_name: Some("radius"), options: None, proto3_optional: None }], extension: [], nested_type: [], enum_type: [], extension_range: [], oneof_decl: [], options: None, reserved_range: [], reserved_name: [] }, DescriptorProto { name: Some("Triangle"), field: [FieldDescriptorProto { name: Some("edge_a"), number: Some(1), label: Some(Optional), r#type: Some(Float), type_name: None, extendee: None, default_value: None, oneof_index: None, json_name: Some("edgeA"), options: None, proto3_optional: None }, FieldDescriptorProto { name: Some("edge_b"), number: Some(2), label: Some(Optional), r#type: Some(Float), type_name: None, extendee: None, default_value: None, oneof_index: None, json_name: Some("edgeB"), options: None, proto3_optional: None }, FieldDescriptorProto { name: Some("edge_c"), number: Some(3), label: Some(Optional), r#type: Some(Float), type_name: None, extendee: None, default_value: None, oneof_index: None, json_name: Some("edgeC"), options: None, proto3_optional: None }], extension: [], nested_type: [], enum_type: [], extension_range: [], oneof_decl: [], options: None, reserved_range: [], reserved_name: [] }, DescriptorProto { name: Some("Parallelogram"), field: [FieldDescriptorProto { name: Some("base_length"), number: Some(1), label: Some(Optional), r#type: Some(Float), type_name: None, extendee: None, default_value: None, oneof_index: None, json_name: Some("baseLength"), options: None, proto3_optional: None }, FieldDescriptorProto { name: Some("height"), number: Some(2), label: Some(Optional), r#type: Some(Float), type_name: None, extendee: None, default_value: None, oneof_index: None, json_name: Some("height"), options: None, proto3_optional: None }], extension: [], nested_type: [], enum_type: [], extension_range: [], oneof_decl: [], options: None, reserved_range: [], reserved_name: [] }, DescriptorProto { name: Some("AreaRequest"), field: [FieldDescriptorProto { name: Some("shapes"), number: Some(1), label: Some(Repeated), r#type: Some(Message), type_name: Some(".area_calculator.ShapeMessage"), extendee: None, default_value: None, oneof_index: None, json_name: Some("shapes"), options: None, proto3_optional: None }], extension: [], nested_type: [], enum_type: [], extension_range: [], oneof_decl: [], options: None, reserved_range: [], reserved_name: [] }, DescriptorProto { name: Some("AreaResponse"), field: [FieldDescriptorProto { name: Some("value"), number: Some(1), label: Some(Repeated), r#type: Some(Float), type_name: None, extendee: None, default_value: None, oneof_index: None, json_name: Some("value"), options: None, proto3_optional: None }], extension: [], nested_type: [], enum_type: [], extension_range: [], oneof_decl: [], options: None, reserved_range: [], reserved_name: [] }], enum_type: [], service: [ServiceDescriptorProto { name: Some("Calculator"), method: [MethodDescriptorProto { name: Some("calculateOne"), input_type: Some(".area_calculator.ShapeMessage"), output_type: Some(".area_calculator.AreaResponse"), options: Some(MethodOptions { deprecated: None, idempotency_level: None, uninterpreted_option: [] }), client_streaming: None, server_streaming: None }, MethodDescriptorProto { name: Some("calculateMulti"), input_type: Some(".area_calculator.AreaRequest"), output_type: Some(".area_calculator.AreaResponse"), options: Some(MethodOptions { deprecated: None, idempotency_level: None, uninterpreted_option: [] }), client_streaming: None, server_streaming: None }], options: None }], extension: [], options: Some(FileOptions { java_package: None, java_outer_classname: None, java_multiple_files: None, java_generate_equals_and_hash: None, java_string_check_utf8: None, optimize_for: None, go_package: Some("io.pact/area_calculator"), cc_generic_services: None, java_generic_services: None, py_generic_services: None, php_generic_services: Some(true), deprecated: None, cc_enable_arenas: None, objc_class_prefix: None, csharp_namespace: None, swift_prefix: None, php_class_prefix: None, php_namespace: None, php_metadata_namespace: None, ruby_package: None, uninterpreted_option: [] }), source_code_info: None, syntax: Some("proto3") }] }, MethodDescriptorProto { name: Some("calculateOne"), input_type: Some(".area_calculator.ShapeMessage"), output_type: Some(".area_calculator.AreaResponse"), options: Some(MethodOptions { deprecated: None, idempotency_level: None, uninterpreted_option: [] }), client_streaming: None, server_streaming: None }, SynchronousMessage { id: None, key: Some("c7fbe3ee"), description: "calculate rectangle area request", provider_states: [], comments: {"testname": String("io.pact.example.grpc.consumer.PactConsumerTest.calculateRectangleArea(MockServer, SynchronousMessages)")}, request: MessageContents { contents: Present(b"\x12\n\r\0\0@@\x15\0\0\x80@", Some(ContentType { main_type: "application", sub_type: "protobuf", attributes: {"message": "ShapeMessage"}, suffix: None }), Some(BINARY)), metadata: {}, matching_rules: MatchingRules { rules: {BODY: MatchingRuleCategory { name: BODY, rules: {DocPath { path_tokens: [Root, Field("rectangle"), Field("length")], expr: "$.rectangle.length" }: RuleList { rules: [Number], rule_logic: And, cascaded: false }, DocPath { path_tokens: [Root, Field("rectangle"), Field("width")], expr: "$.rectangle.width" }: RuleList { rules: [Number], rule_logic: And, cascaded: false }} }} }, generators: Generators { categories: {} } }, response: [MessageContents { contents: Present(b"\r\0\0@A", Some(ContentType { main_type: "application", sub_type: "protobuf", attributes: {"message": "AreaResponse"}, suffix: None }), Some(BINARY)), metadata: {}, matching_rules: MatchingRules { rules: {BODY: MatchingRuleCategory { name: BODY, rules: {DocPath { path_tokens: [Root, Field("value")], expr: "$.value" }: RuleList { rules: [Number], rule_logic: And, cascaded: false }} }} }, generators: Generators { categories: {} } }], pending: false, plugin_config: {"protobuf": {"service": String("Calculator/calculateOne"), "descriptorKey": String("a85dff8f82655a9681aad113575dcfbb")}}, interaction_markup: InteractionMarkup { markup: "```protobuf\nmessage ShapeMessage {\n    message .area_calculator.Rectangle rectangle = 2;\n}\n```\n\n```protobuf\nmessage AreaResponse {\n    float value = 1;\n}\n```\n", markup_type: "COMMON_MARK" }, transport: None })}, server_key: "5cae5f82-fec2-43c6-9739-60d0383d84ec" } ?[3mreq?[0m?[2m=?[0mRequest { method: POST, uri: http://127.0.0.1:53791/area_calculator.Calculator/calculateOne, version: HTTP/2.0, headers: {"content-type": "application/grpc", "te": "trailers", "user-agent": "grpc-java-netty/1.49.0", "grpc-accept-encoding": "gzip"}, body: Body(Streaming) }?[1m}?[0m?[2m:?[0m?[1mmock_server_handler?[0m?[1m{?[0m?[3mkey?[0m?[2m=?[0m"5cae5f82-fec2-43c6-9739-60d0383d84ec"?[1m}?[0m?[2m:?[0m?[1mhandle_message?[0m?[1m{?[0m?[3mself?[0m?[2m=?[0mMockService { file_descriptor_set: FileDescriptorSet { file: [FileDescriptorProto { name: Some("area_calculator.proto"), package: Some("area_calculator"), dependency: [], public_dependency: [], weak_dependency: [], message_type: [DescriptorProto { name: Some("ShapeMessage"), field: [FieldDescriptorProto { name: Some("square"), number: Some(1), label: Some(Optional), r#type: Some(Message), type_name: Some(".area_calculator.Square"), extendee: None, default_value: None, oneof_index: Some(0), json_name: Some("square"), options: None, proto3_optional: None }, FieldDescriptorProto { name: Some("rectangle"), number: Some(2), label: Some(Optional), r#type: Some(Message), type_name: Some(".area_calculator.Rectangle"), extendee: None, default_value: None, oneof_index: Some(0), json_name: Some("rectangle"), options: None, proto3_optional: None }, FieldDescriptorProto { name: Some("circle"), number: Some(3), label: Some(Optional), r#type: Some(Message), type_name: Some(".area_calculator.Circle"), extendee: None, default_value: None, oneof_index: Some(0), json_name: Some("circle"), options: None, proto3_optional: None }, FieldDescriptorProto { name: Some("triangle"), number: Some(4), label: Some(Optional), r#type: Some(Message), type_name: Some(".area_calculator.Triangle"), extendee: None, default_value: None, oneof_index: Some(0), json_name: Some("triangle"), options: None, proto3_optional: None }, FieldDescriptorProto { name: Some("parallelogram"), number: Some(5), label: Some(Optional), r#type: Some(Message), type_name: Some(".area_calculator.Parallelogram"), extendee: None, default_value: None, oneof_index: Some(0), json_name: Some("parallelogram"), options: None, proto3_optional: None }], extension: [], nested_type: [], enum_type: [], extension_range: [], oneof_decl: [OneofDescriptorProto { name: Some("shape"), options: None }], options: None, reserved_range: [], reserved_name: [] }, DescriptorProto { name: Some("Square"), field: [FieldDescriptorProto { name: Some("edge_length"), number: Some(1), label: Some(Optional), r#type: Some(Float), type_name: None, extendee: None, default_value: None, oneof_index: None, json_name: Some("edgeLength"), options: None, proto3_optional: None }], extension: [], nested_type: [], enum_type: [], extension_range: [], oneof_decl: [], options: None, reserved_range: [], reserved_name: [] }, DescriptorProto { name: Some("Rectangle"), field: [FieldDescriptorProto { name: Some("length"), number: Some(1), label: Some(Optional), r#type: Some(Float), type_name: None, extendee: None, default_value: None, oneof_index: None, json_name: Some("length"), options: None, proto3_optional: None }, FieldDescriptorProto { name: Some("width"), number: Some(2), label: Some(Optional), r#type: Some(Float), type_name: None, extendee: None, default_value: None, oneof_index: None, json_name: Some("width"), options: None, proto3_optional: None }], extension: [], nested_type: [], enum_type: [], extension_range: [], oneof_decl: [], options: None, reserved_range: [], reserved_name: [] }, DescriptorProto { name: Some("Circle"), field: [FieldDescriptorProto { name: Some("radius"), number: Some(1), label: Some(Optional), r#type: Some(Float), type_name: None, extendee: None, default_value: None, oneof_index: None, json_name: Some("radius"), options: None, proto3_optional: None }], extension: [], nested_type: [], enum_type: [], extension_range: [], oneof_decl: [], options: None, reserved_range: [], reserved_name: [] }, DescriptorProto { name: Some("Triangle"), field: [FieldDescriptorProto { name: Some("edge_a"), number: Some(1), label: Some(Optional), r#type: Some(Float), type_name: None, extendee: None, default_value: None, oneof_index: None, json_name: Some("edgeA"), options: None, proto3_optional: None }, FieldDescriptorProto { name: Some("edge_b"), number: Some(2), label: Some(Optional), r#type: Some(Float), type_name: None, extendee: None, default_value: None, oneof_index: None, json_name: Some("edgeB"), options: None, proto3_optional: None }, FieldDescriptorProto { name: Some("edge_c"), number: Some(3), label: Some(Optional), r#type: Some(Float), type_name: None, extendee: None, default_value: None, oneof_index: None, json_name: Some("edgeC"), options: None, proto3_optional: None }], extension: [], nested_type: [], enum_type: [], extension_range: [], oneof_decl: [], options: None, reserved_range: [], reserved_name: [] }, DescriptorProto { name: Some("Parallelogram"), field: [FieldDescriptorProto { name: Some("base_length"), number: Some(1), label: Some(Optional), r#type: Some(Float), type_name: None, extendee: None, default_value: None, oneof_index: None, json_name: Some("baseLength"), options: None, proto3_optional: None }, FieldDescriptorProto { name: Some("height"), number: Some(2), label: Some(Optional), r#type: Some(Float), type_name: None, extendee: None, default_value: None, oneof_index: None, json_name: Some("height"), options: None, proto3_optional: None }], extension: [], nested_type: [], enum_type: [], extension_range: [], oneof_decl: [], options: None, reserved_range: [], reserved_name: [] }, DescriptorProto { name: Some("AreaRequest"), field: [FieldDescriptorProto { name: Some("shapes"), number: Some(1), label: Some(Repeated), r#type: Some(Message), type_name: Some(".area_calculator.ShapeMessage"), extendee: None, default_value: None, oneof_index: None, json_name: Some("shapes"), options: None, proto3_optional: None }], extension: [], nested_type: [], enum_type: [], extension_range: [], oneof_decl: [], options: None, reserved_range: [], reserved_name: [] }, DescriptorProto { name: Some("AreaResponse"), field: [FieldDescriptorProto { name: Some("value"), number: Some(1), label: Some(Repeated), r#type: Some(Float), type_name: None, extendee: None, default_value: None, oneof_index: None, json_name: Some("value"), options: None, proto3_optional: None }], extension: [], nested_type: [], enum_type: [], extension_range: [], oneof_decl: [], options: None, reserved_range: [], reserved_name: [] }], enum_type: [], service: [ServiceDescriptorProto { name: Some("Calculator"), method: [MethodDescriptorProto { name: Some("calculateOne"), input_type: Some(".area_calculator.ShapeMessage"), output_type: Some(".area_calculator.AreaResponse"), options: Some(MethodOptions { deprecated: None, idempotency_level: None, uninterpreted_option: [] }), client_streaming: None, server_streaming: None }, MethodDescriptorProto { name: Some("calculateMulti"), input_type: Some(".area_calculator.AreaRequest"), output_type: Some(".area_calculator.AreaResponse"), options: Some(MethodOptions { deprecated: None, idempotency_level: None, uninterpreted_option: [] }), client_streaming: None, server_streaming: None }], options: None }], extension: [], options: Some(FileOptions { java_package: None, java_outer_classname: None, java_multiple_files: None, java_generate_equals_and_hash: None, java_string_check_utf8: None, optimize_for: None, go_package: Some("io.pact/area_calculator"), cc_generic_services: None, java_generic_services: None, py_generic_services: None, php_generic_services: Some(true), deprecated: None, cc_enable_arenas: None, objc_class_prefix: None, csharp_namespace: None, swift_prefix: None, php_class_prefix: None, php_namespace: None, php_metadata_namespace: None, ruby_package: None, uninterpreted_option: [] }), source_code_info: None, syntax: Some("proto3") }] }, service_name: "Calculator", message: SynchronousMessage { id: None, key: Some("c7fbe3ee"), description: "calculate rectangle area request", provider_states: [], comments: {"testname": String("io.pact.example.grpc.consumer.PactConsumerTest.calculateRectangleArea(MockServer, SynchronousMessages)")}, request: MessageContents { contents: Present(b"\x12\n\r\0\0@@\x15\0\0\x80@", Some(ContentType { main_type: "application", sub_type: "protobuf", attributes: {"message": "ShapeMessage"}, suffix: None }), Some(BINARY)), metadata: {}, matching_rules: MatchingRules { rules: {BODY: MatchingRuleCategory { name: BODY, rules: {DocPath { path_tokens: [Root, Field("rectangle"), Field("length")], expr: "$.rectangle.length" }: RuleList { rules: [Number], rule_logic: And, cascaded: false }, DocPath { path_tokens: [Root, Field("rectangle"), Field("width")], expr: "$.rectangle.width" }: RuleList { rules: [Number], rule_logic: And, cascaded: false }} }} }, generators: Generators { categories: {} } }, response: [MessageContents { contents: Present(b"\r\0\0@A", Some(ContentType { main_type: "application", sub_type: "protobuf", attributes: {"message": "AreaResponse"}, suffix: None }), Some(BINARY)), metadata: {}, matching_rules: MatchingRules { rules: {BODY: MatchingRuleCategory { name: BODY, rules: {DocPath { path_tokens: [Root, Field("value")], expr: "$.value" }: RuleList { rules: [Number], rule_logic: And, cascaded: false }} }} }, generators: Generators { categories: {} } }], pending: false, plugin_config: {"protobuf": {"service": String("Calculator/calculateOne"), "descriptorKey": String("a85dff8f82655a9681aad113575dcfbb")}}, interaction_markup: InteractionMarkup { markup: "```protobuf\nmessage ShapeMessage {\n    message .area_calculator.Rectangle rectangle = 2;\n}\n```\n\n```protobuf\nmessage AreaResponse {\n    float value = 1;\n}\n```\n", markup_type: "COMMON_MARK" }, transport: None }, method_descriptor: MethodDescriptorProto { name: Some("calculateOne"), input_type: Some(".area_calculator.ShapeMessage"), output_type: Some(".area_calculator.AreaResponse"), options: Some(MethodOptions { deprecated: None, idempotency_level: None, uninterpreted_option: [] }), client_streaming: None, server_streaming: None }, input_message: DescriptorProto { name: Some("ShapeMessage"), field: [FieldDescriptorProto { name: Some("square"), number: Some(1), label: Some(Optional), r#type: Some(Message), type_name: Some(".area_calculator.Square"), extendee: None, default_value: None, oneof_index: Some(0), json_name: Some("square"), options: None, proto3_optional: None }, FieldDescriptorProto { name: Some("rectangle"), number: Some(2), label: Some(Optional), r#type: Some(Message), type_name: Some(".area_calculator.Rectangle"), extendee: None, default_value: None, oneof_index: Some(0), json_name: Some("rectangle"), options: None, proto3_optional: None }, FieldDescriptorProto { name: Some("circle"), number: Some(3), label: Some(Optional), r#type: Some(Message), type_name: Some(".area_calculator.Circle"), extendee: None, default_value: None, oneof_index: Some(0), json_name: Some("circle"), options: None, proto3_optional: None }, FieldDescriptorProto { name: Some("triangle"), number: Some(4), label: Some(Optional), r#type: Some(Message), type_name: Some(".area_calculator.Triangle"), extendee: None, default_value: None, oneof_index: Some(0), json_name: Some("triangle"), options: None, proto3_optional: None }, FieldDescriptorProto { name: Some("parallelogram"), number: Some(5), label: Some(Optional), r#type: Some(Message), type_name: Some(".area_calculator.Parallelogram"), extendee: None, default_value: None, oneof_index: Some(0), json_name: Some("parallelogram"), options: None, proto3_optional: None }], extension: [], nested_type: [], enum_type: [], extension_range: [], oneof_decl: [OneofDescriptorProto { name: Some("shape"), options: None }], options: None, reserved_range: [], reserved_name: [] }, output_message: DescriptorProto { name: Some("AreaResponse"), field: [FieldDescriptorProto { name: Some("value"), number: Some(1), label: Some(Repeated), r#type: Some(Float), type_name: None, extendee: None, default_value: None, oneof_index: None, json_name: Some("value"), options: None, proto3_optional: None }], extension: [], nested_type: [], enum_type: [], extension_range: [], oneof_decl: [], options: None, reserved_range: [], reserved_name: [] }, server_key: "5cae5f82-fec2-43c6-9739-60d0383d84ec" } ?[3mrequest?[0m?[2m=?[0mDynamicMessage { descriptor: DescriptorProto { name: Some("ShapeMessage"), field: [FieldDescriptorProto { name: Some("square"), number: Some(1), label: Some(Optional), r#type: Some(Message), type_name: Some(".area_calculator.Square"), extendee: None, default_value: None, oneof_index: Some(0), json_name: Some("square"), options: None, proto3_optional: None }, FieldDescriptorProto { name: Some("rectangle"), number: Some(2), label: Some(Optional), r#type: Some(Message), type_name: Some(".area_calculator.Rectangle"), extendee: None, default_value: None, oneof_index: Some(0), json_name: Some("rectangle"), options: None, proto3_optional: None }, FieldDescriptorProto { name: Some("circle"), number: Some(3), label: Some(Optional), r#type: Some(Message), type_name: Some(".area_calculator.Circle"), extendee: None, default_value: None, oneof_index: Some(0), json_name: Some("circle"), options: None, proto3_optional: None }, FieldDescriptorProto { name: Some("triangle"), number: Some(4), label: Some(Optional), r#type: Some(Message), type_name: Some(".area_calculator.Triangle"), extendee: None, default_value: None, oneof_index: Some(0), json_name: Some("triangle"), options: None, proto3_optional: None }, FieldDescriptorProto { name: Some("parallelogram"), number: Some(5), label: Some(Optional), r#type: Some(Message), type_name: Some(".area_calculator.Parallelogram"), extendee: None, default_value: None, oneof_index: Some(0), json_name: Some("parallelogram"), options: None, proto3_optional: None }], extension: [], nested_type: [], enum_type: [], extension_range: [], oneof_decl: [OneofDescriptorProto { name: Some("shape"), options: None }], options: None, reserved_range: [], reserved_name: [] }, fields: [ProtobufField { field_num: 2, wire_type: LengthDelimited, data: Message([13, 0, 0, 64, 64, 21, 0, 0, 128, 64], DescriptorProto { name: Some("Rectangle"), field: [FieldDescriptorProto { name: Some("length"), number: Some(1), label: Some(Optional), r#type: Some(Float), type_name: None, extendee: None, default_value: None, oneof_index: None, json_name: Some("length"), options: None, proto3_optional: None }, FieldDescriptorProto { name: Some("width"), number: Some(2), label: Some(Optional), r#type: Some(Float), type_name: None, extendee: None, default_value: None, oneof_index: None, json_name: Some("width"), options: None, proto3_optional: None }], extension: [], nested_type: [], enum_type: [], extension_range: [], oneof_decl: [], options: None, reserved_range: [], reserved_name: [] }) }] } ?[3mmessage_descriptor?[0m?[2m=?[0mDescriptorProto { name: Some("ShapeMessage"), field: [FieldDescriptorProto { name: Some("square"), number: Some(1), label: Some(Optional), r#type: Some(Message), type_name: Some(".area_calculator.Square"), extendee: None, default_value: None, oneof_index: Some(0), json_name: Some("square"), options: None, proto3_optional: None }, FieldDescriptorProto { name: Some("rectangle"), number: Some(2), label: Some(Optional), r#type: Some(Message), type_name: Some(".area_calculator.Rectangle"), extendee: None, default_value: None, oneof_index: Some(0), json_name: Some("rectangle"), options: None, proto3_optional: None }, FieldDescriptorProto { name: Some("circle"), number: Some(3), label: Some(Optional), r#type: Some(Message), type_name: Some(".area_calculator.Circle"), extendee: None, default_value: None, oneof_index: Some(0), json_name: Some("circle"), options: None, proto3_optional: None }, FieldDescriptorProto { name: Some("triangle"), number: Some(4), label: Some(Optional), r#type: Some(Message), type_name: Some(".area_calculator.Triangle"), extendee: None, default_value: None, oneof_index: Some(0), json_name: Some("triangle"), options: None, proto3_optional: None }, FieldDescriptorProto { name: Some("parallelogram"), number: Some(5), label: Some(Optional), r#type: Some(Message), type_name: Some(".area_calculator.Parallelogram"), extendee: None, default_value: None, oneof_index: Some(0), json_name: Some("parallelogram"), options: None, proto3_optional: None }], extension: [], nested_type: [], enum_type: [], extension_range: [], oneof_decl: [OneofDescriptorProto { name: Some("shape"), options: None }], options: None, reserved_range: [], reserved_name: [] } ?[3mresponse_descriptor?[0m?[2m=?[0mDescriptorProto { name: Some("AreaResponse"), field: [FieldDescriptorProto { name: Some("value"), number: Some(1), label: Some(Repeated), r#type: Some(Float), type_name: None, extendee: None, default_value: None, oneof_index: None, json_name: Some("value"), options: None, proto3_optional: None }], extension: [], nested_type: [], enum_type: [], extension_range: [], oneof_decl: [], options: None, reserved_range: [], reserved_name: [] }?[1m}?[0m?[2m:?[0m ?[2mpact_protobuf_plugin::mock_service?[0m?[2m:?[0m Response message has 5 bytes
15:05:16.548 [Thread-5] DEBUG i.pact.plugins.jvm.core.ChildProcess - Plugin protobuf [46038] || ?[2m2023-03-27T09:35:16.547093Z?[0m ?[35mTRACE?[0m tokio-runtime-worker ?[1mrequest?[0m?[1m{?[0m?[3mmethod?[0m?[2m=?[0mPOST ?[3muri?[0m?[2m=?[0mhttp://127.0.0.1:53791/area_calculator.Calculator/calculateOne ?[3mversion?[0m?[2m=?[0mHTTP/2.0?[1m}?[0m?[2m:?[0m?[1mcall?[0m?[1m{?[0m?[3mself?[0m?[2m=?[0mGrpcMockServer { pact: V4Pact { consumer: Consumer { name: "grpc-consumer-jvm" }, provider: Provider { name: "area-calculator-provider" }, interactions: [SynchronousMessage { id: None, key: Some("c7fbe3ee"), description: "calculate rectangle area request", provider_states: [], comments: {"testname": String("io.pact.example.grpc.consumer.PactConsumerTest.calculateRectangleArea(MockServer, SynchronousMessages)")}, request: MessageContents { contents: Present(b"\x12\n\r\0\0@@\x15\0\0\x80@", Some(ContentType { main_type: "application", sub_type: "protobuf", attributes: {"message": "ShapeMessage"}, suffix: None }), Some(BINARY)), metadata: {}, matching_rules: MatchingRules { rules: {BODY: MatchingRuleCategory { name: BODY, rules: {DocPath { path_tokens: [Root, Field("rectangle"), Field("length")], expr: "$.rectangle.length" }: RuleList { rules: [Number], rule_logic: And, cascaded: false }, DocPath { path_tokens: [Root, Field("rectangle"), Field("width")], expr: "$.rectangle.width" }: RuleList { rules: [Number], rule_logic: And, cascaded: false }} }} }, generators: Generators { categories: {} } }, response: [MessageContents { contents: Present(b"\r\0\0@A", Some(ContentType { main_type: "application", sub_type: "protobuf", attributes: {"message": "AreaResponse"}, suffix: None }), Some(BINARY)), metadata: {}, matching_rules: MatchingRules { rules: {BODY: MatchingRuleCategory { name: BODY, rules: {DocPath { path_tokens: [Root, Field("value")], expr: "$.value" }: RuleList { rules: [Number], rule_logic: And, cascaded: false }} }} }, generators: Generators { categories: {} } }], pending: false, plugin_config: {"protobuf": {"service": String("Calculator/calculateOne"), "descriptorKey": String("a85dff8f82655a9681aad113575dcfbb")}}, interaction_markup: InteractionMarkup { markup: "```protobuf\nmessage ShapeMessage {\n    message .area_calculator.Rectangle rectangle = 2;\n}\n```\n\n```protobuf\nmessage AreaResponse {\n    float value = 1;\n}\n```\n", markup_type: "COMMON_MARK" }, transport: None }], metadata: {"pact-jvm": Object({"version": String("4.4.2")}), "pactSpecification": Object({"version": String("4.0")})}, plugin_data: [PluginData { name: "protobuf", version: "0.1.5", configuration: {"a85dff8f82655a9681aad113575dcfbb": Object({"protoDescriptors": String("CsoHChVhcmVhX2NhbGN1bGF0b3IucHJvdG8SD2FyZWFfY2FsY3VsYXRvciK6AgoMU2hhcGVNZXNzYWdlEjEKBnNxdWFyZRgBIAEoCzIXLmFyZWFfY2FsY3VsYXRvci5TcXVhcmVIAFIGc3F1YXJlEjoKCXJlY3RhbmdsZRgCIAEoCzIaLmFyZWFfY2FsY3VsYXRvci5SZWN0YW5nbGVIAFIJcmVjdGFuZ2xlEjEKBmNpcmNsZRgDIAEoCzIXLmFyZWFfY2FsY3VsYXRvci5DaXJjbGVIAFIGY2lyY2xlEjcKCHRyaWFuZ2xlGAQgASgLMhkuYXJlYV9jYWxjdWxhdG9yLlRyaWFuZ2xlSABSCHRyaWFuZ2xlEkYKDXBhcmFsbGVsb2dyYW0YBSABKAsyHi5hcmVhX2NhbGN1bGF0b3IuUGFyYWxsZWxvZ3JhbUgAUg1wYXJhbGxlbG9ncmFtQgcKBXNoYXBlIikKBlNxdWFyZRIfCgtlZGdlX2xlbmd0aBgBIAEoAlIKZWRnZUxlbmd0aCI5CglSZWN0YW5nbGUSFgoGbGVuZ3RoGAEgASgCUgZsZW5ndGgSFAoFd2lkdGgYAiABKAJSBXdpZHRoIiAKBkNpcmNsZRIWCgZyYWRpdXMYASABKAJSBnJhZGl1cyJPCghUcmlhbmdsZRIVCgZlZGdlX2EYASABKAJSBWVkZ2VBEhUKBmVkZ2VfYhgCIAEoAlIFZWRnZUISFQoGZWRnZV9jGAMgASgCUgVlZGdlQyJICg1QYXJhbGxlbG9ncmFtEh8KC2Jhc2VfbGVuZ3RoGAEgASgCUgpiYXNlTGVuZ3RoEhYKBmhlaWdodBgCIAEoAlIGaGVpZ2h0IkQKC0FyZWFSZXF1ZXN0EjUKBnNoYXBlcxgBIAMoCzIdLmFyZWFfY2FsY3VsYXRvci5TaGFwZU1lc3NhZ2VSBnNoYXBlcyIkCgxBcmVhUmVzcG9uc2USFAoFdmFsdWUYASADKAJSBXZhbHVlMq0BCgpDYWxjdWxhdG9yEk4KDGNhbGN1bGF0ZU9uZRIdLmFyZWFfY2FsY3VsYXRvci5TaGFwZU1lc3NhZ2UaHS5hcmVhX2NhbGN1bGF0b3IuQXJlYVJlc3BvbnNlIgASTwoOY2FsY3VsYXRlTXVsdGkSHC5hcmVhX2NhbGN1bGF0b3IuQXJlYVJlcXVlc3QaHS5hcmVhX2NhbGN1bGF0b3IuQXJlYVJlc3BvbnNlIgBCHFoXaW8ucGFjdC9hcmVhX2NhbGN1bGF0b3LQAgFiBnByb3RvMw=="), "protoFile": String("syntax = \"proto3\";\n\npackage area_calculator;\n\noption php_generic_services = true;\noption go_package = \"io.pact/area_calculator\";\n\nservice Calculator {\n  rpc calculateOne (ShapeMessage) returns (AreaResponse) {}\n  rpc calculateMulti (AreaRequest) returns (AreaResponse) {}\n}\n\nmessage ShapeMessage {\n  oneof shape {\n    Square square = 1;\n    Rectangle rectangle = 2;\n    Circle circle = 3;\n    Triangle triangle = 4;\n    Parallelogram parallelogram = 5;\n  }\n}\n\nmessage Square {\n  float edge_length = 1;\n}\n\nmessage Rectangle {\n  float length = 1;\n  float width = 2;\n}\n\nmessage Circle {\n  float radius = 1;\n}\n\nmessage Triangle {\n  float edge_a = 1;\n  float edge_b = 2;\n  float edge_c = 3;\n}\n\nmessage Parallelogram {\n  float base_length = 1;\n  float height = 2;\n}\n\nmessage AreaRequest {\n  repeated ShapeMessage shapes = 1;\n}\n\nmessage AreaResponse {\n  repeated float value = 1;\n}\n")})} }] }, plugin_config: PluginData { name: "protobuf", version: "0.1.5", configuration: {"a85dff8f82655a9681aad113575dcfbb": Object({"protoDescriptors": String("CsoHChVhcmVhX2NhbGN1bGF0b3IucHJvdG8SD2FyZWFfY2FsY3VsYXRvciK6AgoMU2hhcGVNZXNzYWdlEjEKBnNxdWFyZRgBIAEoCzIXLmFyZWFfY2FsY3VsYXRvci5TcXVhcmVIAFIGc3F1YXJlEjoKCXJlY3RhbmdsZRgCIAEoCzIaLmFyZWFfY2FsY3VsYXRvci5SZWN0YW5nbGVIAFIJcmVjdGFuZ2xlEjEKBmNpcmNsZRgDIAEoCzIXLmFyZWFfY2FsY3VsYXRvci5DaXJjbGVIAFIGY2lyY2xlEjcKCHRyaWFuZ2xlGAQgASgLMhkuYXJlYV9jYWxjdWxhdG9yLlRyaWFuZ2xlSABSCHRyaWFuZ2xlEkYKDXBhcmFsbGVsb2dyYW0YBSABKAsyHi5hcmVhX2NhbGN1bGF0b3IuUGFyYWxsZWxvZ3JhbUgAUg1wYXJhbGxlbG9ncmFtQgcKBXNoYXBlIikKBlNxdWFyZRIfCgtlZGdlX2xlbmd0aBgBIAEoAlIKZWRnZUxlbmd0aCI5CglSZWN0YW5nbGUSFgoGbGVuZ3RoGAEgASgCUgZsZW5ndGgSFAoFd2lkdGgYAiABKAJSBXdpZHRoIiAKBkNpcmNsZRIWCgZyYWRpdXMYASABKAJSBnJhZGl1cyJPCghUcmlhbmdsZRIVCgZlZGdlX2EYASABKAJSBWVkZ2VBEhUKBmVkZ2VfYhgCIAEoAlIFZWRnZUISFQoGZWRnZV9jGAMgASgCUgVlZGdlQyJICg1QYXJhbGxlbG9ncmFtEh8KC2Jhc2VfbGVuZ3RoGAEgASgCUgpiYXNlTGVuZ3RoEhYKBmhlaWdodBgCIAEoAlIGaGVpZ2h0IkQKC0FyZWFSZXF1ZXN0EjUKBnNoYXBlcxgBIAMoCzIdLmFyZWFfY2FsY3VsYXRvci5TaGFwZU1lc3NhZ2VSBnNoYXBlcyIkCgxBcmVhUmVzcG9uc2USFAoFdmFsdWUYASADKAJSBXZhbHVlMq0BCgpDYWxjdWxhdG9yEk4KDGNhbGN1bGF0ZU9uZRIdLmFyZWFfY2FsY3VsYXRvci5TaGFwZU1lc3NhZ2UaHS5hcmVhX2NhbGN1bGF0b3IuQXJlYVJlc3BvbnNlIgASTwoOY2FsY3VsYXRlTXVsdGkSHC5hcmVhX2NhbGN1bGF0b3IuQXJlYVJlcXVlc3QaHS5hcmVhX2NhbGN1bGF0b3IuQXJlYVJlc3BvbnNlIgBCHFoXaW8ucGFjdC9hcmVhX2NhbGN1bGF0b3LQAgFiBnByb3RvMw=="), "protoFile": String("syntax = \"proto3\";\n\npackage area_calculator;\n\noption php_generic_services = true;\noption go_package = \"io.pact/area_calculator\";\n\nservice Calculator {\n  rpc calculateOne (ShapeMessage) returns (AreaResponse) {}\n  rpc calculateMulti (AreaRequest) returns (AreaResponse) {}\n}\n\nmessage ShapeMessage {\n  oneof shape {\n    Square square = 1;\n    Rectangle rectangle = 2;\n    Circle circle = 3;\n    Triangle triangle = 4;\n    Parallelogram parallelogram = 5;\n  }\n}\n\nmessage Square {\n  float edge_length = 1;\n}\n\nmessage Rectangle {\n  float length = 1;\n  float width = 2;\n}\n\nmessage Circle {\n  float radius = 1;\n}\n\nmessage Triangle {\n  float edge_a = 1;\n  float edge_b = 2;\n  float edge_c = 3;\n}\n\nmessage Parallelogram {\n  float base_length = 1;\n  float height = 2;\n}\n\nmessage AreaRequest {\n  repeated ShapeMessage shapes = 1;\n}\n\nmessage AreaResponse {\n  repeated float value = 1;\n}\n")})} }, descriptors: {"a85dff8f82655a9681aad113575dcfbb": FileDescriptorSet { file: [FileDescriptorProto { name: Some("area_calculator.proto"), package: Some("area_calculator"), dependency: [], public_dependency: [], weak_dependency: [], message_type: [DescriptorProto { name: Some("ShapeMessage"), field: [FieldDescriptorProto { name: Some("square"), number: Some(1), label: Some(Optional), r#type: Some(Message), type_name: Some(".area_calculator.Square"), extendee: None, default_value: None, oneof_index: Some(0), json_name: Some("square"), options: None, proto3_optional: None }, FieldDescriptorProto { name: Some("rectangle"), number: Some(2), label: Some(Optional), r#type: Some(Message), type_name: Some(".area_calculator.Rectangle"), extendee: None, default_value: None, oneof_index: Some(0), json_name: Some("rectangle"), options: None, proto3_optional: None }, FieldDescriptorProto { name: Some("circle"), number: Some(3), label: Some(Optional), r#type: Some(Message), type_name: Some(".area_calculator.Circle"), extendee: None, default_value: None, oneof_index: Some(0), json_name: Some("circle"), options: None, proto3_optional: None }, FieldDescriptorProto { name: Some("triangle"), number: Some(4), label: Some(Optional), r#type: Some(Message), type_name: Some(".area_calculator.Triangle"), extendee: None, default_value: None, oneof_index: Some(0), json_name: Some("triangle"), options: None, proto3_optional: None }, FieldDescriptorProto { name: Some("parallelogram"), number: Some(5), label: Some(Optional), r#type: Some(Message), type_name: Some(".area_calculator.Parallelogram"), extendee: None, default_value: None, oneof_index: Some(0), json_name: Some("parallelogram"), options: None, proto3_optional: None }], extension: [], nested_type: [], enum_type: [], extension_range: [], oneof_decl: [OneofDescriptorProto { name: Some("shape"), options: None }], options: None, reserved_range: [], reserved_name: [] }, DescriptorProto { name: Some("Square"), field: [FieldDescriptorProto { name: Some("edge_length"), number: Some(1), label: Some(Optional), r#type: Some(Float), type_name: None, extendee: None, default_value: None, oneof_index: None, json_name: Some("edgeLength"), options: None, proto3_optional: None }], extension: [], nested_type: [], enum_type: [], extension_range: [], oneof_decl: [], options: None, reserved_range: [], reserved_name: [] }, DescriptorProto { name: Some("Rectangle"), field: [FieldDescriptorProto { name: Some("length"), number: Some(1), label: Some(Optional), r#type: Some(Float), type_name: None, extendee: None, default_value: None, oneof_index: None, json_name: Some("length"), options: None, proto3_optional: None }, FieldDescriptorProto { name: Some("width"), number: Some(2), label: Some(Optional), r#type: Some(Float), type_name: None, extendee: None, default_value: None, oneof_index: None, json_name: Some("width"), options: None, proto3_optional: None }], extension: [], nested_type: [], enum_type: [], extension_range: [], oneof_decl: [], options: None, reserved_range: [], reserved_name: [] }, DescriptorProto { name: Some("Circle"), field: [FieldDescriptorProto { name: Some("radius"), number: Some(1), label: Some(Optional), r#type: Some(Float), type_name: None, extendee: None, default_value: None, oneof_index: None, json_name: Some("radius"), options: None, proto3_optional: None }], extension: [], nested_type: [], enum_type: [], extension_range: [], oneof_decl: [], options: None, reserved_range: [], reserved_name: [] }, DescriptorProto { name: Some("Triangle"), field: [FieldDescriptorProto { name: Some("edge_a"), number: Some(1), label: Some(Optional), r#type: Some(Float), type_name: None, extendee: None, default_value: None, oneof_index: None, json_name: Some("edgeA"), options: None, proto3_optional: None }, FieldDescriptorProto { name: Some("edge_b"), number: Some(2), label: Some(Optional), r#type: Some(Float), type_name: None, extendee: None, default_value: None, oneof_index: None, json_name: Some("edgeB"), options: None, proto3_optional: None }, FieldDescriptorProto { name: Some("edge_c"), number: Some(3), label: Some(Optional), r#type: Some(Float), type_name: None, extendee: None, default_value: None, oneof_index: None, json_name: Some("edgeC"), options: None, proto3_optional: None }], extension: [], nested_type: [], enum_type: [], extension_range: [], oneof_decl: [], options: None, reserved_range: [], reserved_name: [] }, DescriptorProto { name: Some("Parallelogram"), field: [FieldDescriptorProto { name: Some("base_length"), number: Some(1), label: Some(Optional), r#type: Some(Float), type_name: None, extendee: None, default_value: None, oneof_index: None, json_name: Some("baseLength"), options: None, proto3_optional: None }, FieldDescriptorProto { name: Some("height"), number: Some(2), label: Some(Optional), r#type: Some(Float), type_name: None, extendee: None, default_value: None, oneof_index: None, json_name: Some("height"), options: None, proto3_optional: None }], extension: [], nested_type: [], enum_type: [], extension_range: [], oneof_decl: [], options: None, reserved_range: [], reserved_name: [] }, DescriptorProto { name: Some("AreaRequest"), field: [FieldDescriptorProto { name: Some("shapes"), number: Some(1), label: Some(Repeated), r#type: Some(Message), type_name: Some(".area_calculator.ShapeMessage"), extendee: None, default_value: None, oneof_index: None, json_name: Some("shapes"), options: None, proto3_optional: None }], extension: [], nested_type: [], enum_type: [], extension_range: [], oneof_decl: [], options: None, reserved_range: [], reserved_name: [] }, DescriptorProto { name: Some("AreaResponse"), field: [FieldDescriptorProto { name: Some("value"), number: Some(1), label: Some(Repeated), r#type: Some(Float), type_name: None, extendee: None, default_value: None, oneof_index: None, json_name: Some("value"), options: None, proto3_optional: None }], extension: [], nested_type: [], enum_type: [], extension_range: [], oneof_decl: [], options: None, reserved_range: [], reserved_name: [] }], enum_type: [], service: [ServiceDescriptorProto { name: Some("Calculator"), method: [MethodDescriptorProto { name: Some("calculateOne"), input_type: Some(".area_calculator.ShapeMessage"), output_type: Some(".area_calculator.AreaResponse"), options: Some(MethodOptions { deprecated: None, idempotency_level: None, uninterpreted_option: [] }), client_streaming: None, server_streaming: None }, MethodDescriptorProto { name: Some("calculateMulti"), input_type: Some(".area_calculator.AreaRequest"), output_type: Some(".area_calculator.AreaResponse"), options: Some(MethodOptions { deprecated: None, idempotency_level: None, uninterpreted_option: [] }), client_streaming: None, server_streaming: None }], options: None }], extension: [], options: Some(FileOptions { java_package: None, java_outer_classname: None, java_multiple_files: None, java_generate_equals_and_hash: None, java_string_check_utf8: None, optimize_for: None, go_package: Some("io.pact/area_calculator"), cc_generic_services: None, java_generic_services: None, py_generic_services: None, php_generic_services: Some(true), deprecated: None, cc_enable_arenas: None, objc_class_prefix: None, csharp_namespace: None, swift_prefix: None, php_class_prefix: None, php_namespace: None, php_metadata_namespace: None, ruby_package: None, uninterpreted_option: [] }), source_code_info: None, syntax: Some("proto3") }] }}, routes: {"Calculator/calculateOne": (FileDescriptorSet { file: [FileDescriptorProto { name: Some("area_calculator.proto"), package: Some("area_calculator"), dependency: [], public_dependency: [], weak_dependency: [], message_type: [DescriptorProto { name: Some("ShapeMessage"), field: [FieldDescriptorProto { name: Some("square"), number: Some(1), label: Some(Optional), r#type: Some(Message), type_name: Some(".area_calculator.Square"), extendee: None, default_value: None, oneof_index: Some(0), json_name: Some("square"), options: None, proto3_optional: None }, FieldDescriptorProto { name: Some("rectangle"), number: Some(2), label: Some(Optional), r#type: Some(Message), type_name: Some(".area_calculator.Rectangle"), extendee: None, default_value: None, oneof_index: Some(0), json_name: Some("rectangle"), options: None, proto3_optional: None }, FieldDescriptorProto { name: Some("circle"), number: Some(3), label: Some(Optional), r#type: Some(Message), type_name: Some(".area_calculator.Circle"), extendee: None, default_value: None, oneof_index: Some(0), json_name: Some("circle"), options: None, proto3_optional: None }, FieldDescriptorProto { name: Some("triangle"), number: Some(4), label: Some(Optional), r#type: Some(Message), type_name: Some(".area_calculator.Triangle"), extendee: None, default_value: None, oneof_index: Some(0), json_name: Some("triangle"), options: None, proto3_optional: None }, FieldDescriptorProto { name: Some("parallelogram"), number: Some(5), label: Some(Optional), r#type: Some(Message), type_name: Some(".area_calculator.Parallelogram"), extendee: None, default_value: None, oneof_index: Some(0), json_name: Some("parallelogram"), options: None, proto3_optional: None }], extension: [], nested_type: [], enum_type: [], extension_range: [], oneof_decl: [OneofDescriptorProto { name: Some("shape"), options: None }], options: None, reserved_range: [], reserved_name: [] }, DescriptorProto { name: Some("Square"), field: [FieldDescriptorProto { name: Some("edge_length"), number: Some(1), label: Some(Optional), r#type: Some(Float), type_name: None, extendee: None, default_value: None, oneof_index: None, json_name: Some("edgeLength"), options: None, proto3_optional: None }], extension: [], nested_type: [], enum_type: [], extension_range: [], oneof_decl: [], options: None, reserved_range: [], reserved_name: [] }, DescriptorProto { name: Some("Rectangle"), field: [FieldDescriptorProto { name: Some("length"), number: Some(1), label: Some(Optional), r#type: Some(Float), type_name: None, extendee: None, default_value: None, oneof_index: None, json_name: Some("length"), options: None, proto3_optional: None }, FieldDescriptorProto { name: Some("width"), number: Some(2), label: Some(Optional), r#type: Some(Float), type_name: None, extendee: None, default_value: None, oneof_index: None, json_name: Some("width"), options: None, proto3_optional: None }], extension: [], nested_type: [], enum_type: [], extension_range: [], oneof_decl: [], options: None, reserved_range: [], reserved_name: [] }, DescriptorProto { name: Some("Circle"), field: [FieldDescriptorProto { name: Some("radius"), number: Some(1), label: Some(Optional), r#type: Some(Float), type_name: None, extendee: None, default_value: None, oneof_index: None, json_name: Some("radius"), options: None, proto3_optional: None }], extension: [], nested_type: [], enum_type: [], extension_range: [], oneof_decl: [], options: None, reserved_range: [], reserved_name: [] }, DescriptorProto { name: Some("Triangle"), field: [FieldDescriptorProto { name: Some("edge_a"), number: Some(1), label: Some(Optional), r#type: Some(Float), type_name: None, extendee: None, default_value: None, oneof_index: None, json_name: Some("edgeA"), options: None, proto3_optional: None }, FieldDescriptorProto { name: Some("edge_b"), number: Some(2), label: Some(Optional), r#type: Some(Float), type_name: None, extendee: None, default_value: None, oneof_index: None, json_name: Some("edgeB"), options: None, proto3_optional: None }, FieldDescriptorProto { name: Some("edge_c"), number: Some(3), label: Some(Optional), r#type: Some(Float), type_name: None, extendee: None, default_value: None, oneof_index: None, json_name: Some("edgeC"), options: None, proto3_optional: None }], extension: [], nested_type: [], enum_type: [], extension_range: [], oneof_decl: [], options: None, reserved_range: [], reserved_name: [] }, DescriptorProto { name: Some("Parallelogram"), field: [FieldDescriptorProto { name: Some("base_length"), number: Some(1), label: Some(Optional), r#type: Some(Float), type_name: None, extendee: None, default_value: None, oneof_index: None, json_name: Some("baseLength"), options: None, proto3_optional: None }, FieldDescriptorProto { name: Some("height"), number: Some(2), label: Some(Optional), r#type: Some(Float), type_name: None, extendee: None, default_value: None, oneof_index: None, json_name: Some("height"), options: None, proto3_optional: None }], extension: [], nested_type: [], enum_type: [], extension_range: [], oneof_decl: [], options: None, reserved_range: [], reserved_name: [] }, DescriptorProto { name: Some("AreaRequest"), field: [FieldDescriptorProto { name: Some("shapes"), number: Some(1), label: Some(Repeated), r#type: Some(Message), type_name: Some(".area_calculator.ShapeMessage"), extendee: None, default_value: None, oneof_index: None, json_name: Some("shapes"), options: None, proto3_optional: None }], extension: [], nested_type: [], enum_type: [], extension_range: [], oneof_decl: [], options: None, reserved_range: [], reserved_name: [] }, DescriptorProto { name: Some("AreaResponse"), field: [FieldDescriptorProto { name: Some("value"), number: Some(1), label: Some(Repeated), r#type: Some(Float), type_name: None, extendee: None, default_value: None, oneof_index: None, json_name: Some("value"), options: None, proto3_optional: None }], extension: [], nested_type: [], enum_type: [], extension_range: [], oneof_decl: [], options: None, reserved_range: [], reserved_name: [] }], enum_type: [], service: [ServiceDescriptorProto { name: Some("Calculator"), method: [MethodDescriptorProto { name: Some("calculateOne"), input_type: Some(".area_calculator.ShapeMessage"), output_type: Some(".area_calculator.AreaResponse"), options: Some(MethodOptions { deprecated: None, idempotency_level: None, uninterpreted_option: [] }), client_streaming: None, server_streaming: None }, MethodDescriptorProto { name: Some("calculateMulti"), input_type: Some(".area_calculator.AreaRequest"), output_type: Some(".area_calculator.AreaResponse"), options: Some(MethodOptions { deprecated: None, idempotency_level: None, uninterpreted_option: [] }), client_streaming: None, server_streaming: None }], options: None }], extension: [], options: Some(FileOptions { java_package: None, java_outer_classname: None, java_multiple_files: None, java_generate_equals_and_hash: None, java_string_check_utf8: None, optimize_for: None, go_package: Some("io.pact/area_calculator"), cc_generic_services: None, java_generic_services: None, py_generic_services: None, php_generic_services: Some(true), deprecated: None, cc_enable_arenas: None, objc_class_prefix: None, csharp_namespace: None, swift_prefix: None, php_class_prefix: None, php_namespace: None, php_metadata_namespace: None, ruby_package: None, uninterpreted_option: [] }), source_code_info: None, syntax: Some("proto3") }] }, MethodDescriptorProto { name: Some("calculateOne"), input_type: Some(".area_calculator.ShapeMessage"), output_type: Some(".area_calculator.AreaResponse"), options: Some(MethodOptions { deprecated: None, idempotency_level: None, uninterpreted_option: [] }), client_streaming: None, server_streaming: None }, SynchronousMessage { id: None, key: Some("c7fbe3ee"), description: "calculate rectangle area request", provider_states: [], comments: {"testname": String("io.pact.example.grpc.consumer.PactConsumerTest.calculateRectangleArea(MockServer, SynchronousMessages)")}, request: MessageContents { contents: Present(b"\x12\n\r\0\0@@\x15\0\0\x80@", Some(ContentType { main_type: "application", sub_type: "protobuf", attributes: {"message": "ShapeMessage"}, suffix: None }), Some(BINARY)), metadata: {}, matching_rules: MatchingRules { rules: {BODY: MatchingRuleCategory { name: BODY, rules: {DocPath { path_tokens: [Root, Field("rectangle"), Field("length")], expr: "$.rectangle.length" }: RuleList { rules: [Number], rule_logic: And, cascaded: false }, DocPath { path_tokens: [Root, Field("rectangle"), Field("width")], expr: "$.rectangle.width" }: RuleList { rules: [Number], rule_logic: And, cascaded: false }} }} }, generators: Generators { categories: {} } }, response: [MessageContents { contents: Present(b"\r\0\0@A", Some(ContentType { main_type: "application", sub_type: "protobuf", attributes: {"message": "AreaResponse"}, suffix: None }), Some(BINARY)), metadata: {}, matching_rules: MatchingRules { rules: {BODY: MatchingRuleCategory { name: BODY, rules: {DocPath { path_tokens: [Root, Field("value")], expr: "$.value" }: RuleList { rules: [Number], rule_logic: And, cascaded: false }} }} }, generators: Generators { categories: {} } }], pending: false, plugin_config: {"protobuf": {"service": String("Calculator/calculateOne"), "descriptorKey": String("a85dff8f82655a9681aad113575dcfbb")}}, interaction_markup: InteractionMarkup { markup: "```protobuf\nmessage ShapeMessage {\n    message .area_calculator.Rectangle rectangle = 2;\n}\n```\n\n```protobuf\nmessage AreaResponse {\n    float value = 1;\n}\n```\n", markup_type: "COMMON_MARK" }, transport: None })}, server_key: "5cae5f82-fec2-43c6-9739-60d0383d84ec" } ?[3mreq?[0m?[2m=?[0mRequest { method: POST, uri: http://127.0.0.1:53791/area_calculator.Calculator/calculateOne, version: HTTP/2.0, headers: {"content-type": "application/grpc", "te": "trailers", "user-agent": "grpc-java-netty/1.49.0", "grpc-accept-encoding": "gzip"}, body: Body(Streaming) }?[1m}?[0m?[2m:?[0m?[1mmock_server_handler?[0m?[1m{?[0m?[3mkey?[0m?[2m=?[0m"5cae5f82-fec2-43c6-9739-60d0383d84ec"?[1m}?[0m?[2m:?[0m?[1mhandle_message?[0m?[1m{?[0m?[3mself?[0m?[2m=?[0mMockService { file_descriptor_set: FileDescriptorSet { file: [FileDescriptorProto { name: Some("area_calculator.proto"), package: Some("area_calculator"), dependency: [], public_dependency: [], weak_dependency: [], message_type: [DescriptorProto { name: Some("ShapeMessage"), field: [FieldDescriptorProto { name: Some("square"), number: Some(1), label: Some(Optional), r#type: Some(Message), type_name: Some(".area_calculator.Square"), extendee: None, default_value: None, oneof_index: Some(0), json_name: Some("square"), options: None, proto3_optional: None }, FieldDescriptorProto { name: Some("rectangle"), number: Some(2), label: Some(Optional), r#type: Some(Message), type_name: Some(".area_calculator.Rectangle"), extendee: None, default_value: None, oneof_index: Some(0), json_name: Some("rectangle"), options: None, proto3_optional: None }, FieldDescriptorProto { name: Some("circle"), number: Some(3), label: Some(Optional), r#type: Some(Message), type_name: Some(".area_calculator.Circle"), extendee: None, default_value: None, oneof_index: Some(0), json_name: Some("circle"), options: None, proto3_optional: None }, FieldDescriptorProto { name: Some("triangle"), number: Some(4), label: Some(Optional), r#type: Some(Message), type_name: Some(".area_calculator.Triangle"), extendee: None, default_value: None, oneof_index: Some(0), json_name: Some("triangle"), options: None, proto3_optional: None }, FieldDescriptorProto { name: Some("parallelogram"), number: Some(5), label: Some(Optional), r#type: Some(Message), type_name: Some(".area_calculator.Parallelogram"), extendee: None, default_value: None, oneof_index: Some(0), json_name: Some("parallelogram"), options: None, proto3_optional: None }], extension: [], nested_type: [], enum_type: [], extension_range: [], oneof_decl: [OneofDescriptorProto { name: Some("shape"), options: None }], options: None, reserved_range: [], reserved_name: [] }, DescriptorProto { name: Some("Square"), field: [FieldDescriptorProto { name: Some("edge_length"), number: Some(1), label: Some(Optional), r#type: Some(Float), type_name: None, extendee: None, default_value: None, oneof_index: None, json_name: Some("edgeLength"), options: None, proto3_optional: None }], extension: [], nested_type: [], enum_type: [], extension_range: [], oneof_decl: [], options: None, reserved_range: [], reserved_name: [] }, DescriptorProto { name: Some("Rectangle"), field: [FieldDescriptorProto { name: Some("length"), number: Some(1), label: Some(Optional), r#type: Some(Float), type_name: None, extendee: None, default_value: None, oneof_index: None, json_name: Some("length"), options: None, proto3_optional: None }, FieldDescriptorProto { name: Some("width"), number: Some(2), label: Some(Optional), r#type: Some(Float), type_name: None, extendee: None, default_value: None, oneof_index: None, json_name: Some("width"), options: None, proto3_optional: None }], extension: [], nested_type: [], enum_type: [], extension_range: [], oneof_decl: [], options: None, reserved_range: [], reserved_name: [] }, DescriptorProto { name: Some("Circle"), field: [FieldDescriptorProto { name: Some("radius"), number: Some(1), label: Some(Optional), r#type: Some(Float), type_name: None, extendee: None, default_value: None, oneof_index: None, json_name: Some("radius"), options: None, proto3_optional: None }], extension: [], nested_type: [], enum_type: [], extension_range: [], oneof_decl: [], options: None, reserved_range: [], reserved_name: [] }, DescriptorProto { name: Some("Triangle"), field: [FieldDescriptorProto { name: Some("edge_a"), number: Some(1), label: Some(Optional), r#type: Some(Float), type_name: None, extendee: None, default_value: None, oneof_index: None, json_name: Some("edgeA"), options: None, proto3_optional: None }, FieldDescriptorProto { name: Some("edge_b"), number: Some(2), label: Some(Optional), r#type: Some(Float), type_name: None, extendee: None, default_value: None, oneof_index: None, json_name: Some("edgeB"), options: None, proto3_optional: None }, FieldDescriptorProto { name: Some("edge_c"), number: Some(3), label: Some(Optional), r#type: Some(Float), type_name: None, extendee: None, default_value: None, oneof_index: None, json_name: Some("edgeC"), options: None, proto3_optional: None }], extension: [], nested_type: [], enum_type: [], extension_range: [], oneof_decl: [], options: None, reserved_range: [], reserved_name: [] }, DescriptorProto { name: Some("Parallelogram"), field: [FieldDescriptorProto { name: Some("base_length"), number: Some(1), label: Some(Optional), r#type: Some(Float), type_name: None, extendee: None, default_value: None, oneof_index: None, json_name: Some("baseLength"), options: None, proto3_optional: None }, FieldDescriptorProto { name: Some("height"), number: Some(2), label: Some(Optional), r#type: Some(Float), type_name: None, extendee: None, default_value: None, oneof_index: None, json_name: Some("height"), options: None, proto3_optional: None }], extension: [], nested_type: [], enum_type: [], extension_range: [], oneof_decl: [], options: None, reserved_range: [], reserved_name: [] }, DescriptorProto { name: Some("AreaRequest"), field: [FieldDescriptorProto { name: Some("shapes"), number: Some(1), label: Some(Repeated), r#type: Some(Message), type_name: Some(".area_calculator.ShapeMessage"), extendee: None, default_value: None, oneof_index: None, json_name: Some("shapes"), options: None, proto3_optional: None }], extension: [], nested_type: [], enum_type: [], extension_range: [], oneof_decl: [], options: None, reserved_range: [], reserved_name: [] }, DescriptorProto { name: Some("AreaResponse"), field: [FieldDescriptorProto { name: Some("value"), number: Some(1), label: Some(Repeated), r#type: Some(Float), type_name: None, extendee: None, default_value: None, oneof_index: None, json_name: Some("value"), options: None, proto3_optional: None }], extension: [], nested_type: [], enum_type: [], extension_range: [], oneof_decl: [], options: None, reserved_range: [], reserved_name: [] }], enum_type: [], service: [ServiceDescriptorProto { name: Some("Calculator"), method: [MethodDescriptorProto { name: Some("calculateOne"), input_type: Some(".area_calculator.ShapeMessage"), output_type: Some(".area_calculator.AreaResponse"), options: Some(MethodOptions { deprecated: None, idempotency_level: None, uninterpreted_option: [] }), client_streaming: None, server_streaming: None }, MethodDescriptorProto { name: Some("calculateMulti"), input_type: Some(".area_calculator.AreaRequest"), output_type: Some(".area_calculator.AreaResponse"), options: Some(MethodOptions { deprecated: None, idempotency_level: None, uninterpreted_option: [] }), client_streaming: None, server_streaming: None }], options: None }], extension: [], options: Some(FileOptions { java_package: None, java_outer_classname: None, java_multiple_files: None, java_generate_equals_and_hash: None, java_string_check_utf8: None, optimize_for: None, go_package: Some("io.pact/area_calculator"), cc_generic_services: None, java_generic_services: None, py_generic_services: None, php_generic_services: Some(true), deprecated: None, cc_enable_arenas: None, objc_class_prefix: None, csharp_namespace: None, swift_prefix: None, php_class_prefix: None, php_namespace: None, php_metadata_namespace: None, ruby_package: None, uninterpreted_option: [] }), source_code_info: None, syntax: Some("proto3") }] }, service_name: "Calculator", message: SynchronousMessage { id: None, key: Some("c7fbe3ee"), description: "calculate rectangle area request", provider_states: [], comments: {"testname": String("io.pact.example.grpc.consumer.PactConsumerTest.calculateRectangleArea(MockServer, SynchronousMessages)")}, request: MessageContents { contents: Present(b"\x12\n\r\0\0@@\x15\0\0\x80@", Some(ContentType { main_type: "application", sub_type: "protobuf", attributes: {"message": "ShapeMessage"}, suffix: None }), Some(BINARY)), metadata: {}, matching_rules: MatchingRules { rules: {BODY: MatchingRuleCategory { name: BODY, rules: {DocPath { path_tokens: [Root, Field("rectangle"), Field("length")], expr: "$.rectangle.length" }: RuleList { rules: [Number], rule_logic: And, cascaded: false }, DocPath { path_tokens: [Root, Field("rectangle"), Field("width")], expr: "$.rectangle.width" }: RuleList { rules: [Number], rule_logic: And, cascaded: false }} }} }, generators: Generators { categories: {} } }, response: [MessageContents { contents: Present(b"\r\0\0@A", Some(ContentType { main_type: "application", sub_type: "protobuf", attributes: {"message": "AreaResponse"}, suffix: None }), Some(BINARY)), metadata: {}, matching_rules: MatchingRules { rules: {BODY: MatchingRuleCategory { name: BODY, rules: {DocPath { path_tokens: [Root, Field("value")], expr: "$.value" }: RuleList { rules: [Number], rule_logic: And, cascaded: false }} }} }, generators: Generators { categories: {} } }], pending: false, plugin_config: {"protobuf": {"service": String("Calculator/calculateOne"), "descriptorKey": String("a85dff8f82655a9681aad113575dcfbb")}}, interaction_markup: InteractionMarkup { markup: "```protobuf\nmessage ShapeMessage {\n    message .area_calculator.Rectangle rectangle = 2;\n}\n```\n\n```protobuf\nmessage AreaResponse {\n    float value = 1;\n}\n```\n", markup_type: "COMMON_MARK" }, transport: None }, method_descriptor: MethodDescriptorProto { name: Some("calculateOne"), input_type: Some(".area_calculator.ShapeMessage"), output_type: Some(".area_calculator.AreaResponse"), options: Some(MethodOptions { deprecated: None, idempotency_level: None, uninterpreted_option: [] }), client_streaming: None, server_streaming: None }, input_message: DescriptorProto { name: Some("ShapeMessage"), field: [FieldDescriptorProto { name: Some("square"), number: Some(1), label: Some(Optional), r#type: Some(Message), type_name: Some(".area_calculator.Square"), extendee: None, default_value: None, oneof_index: Some(0), json_name: Some("square"), options: None, proto3_optional: None }, FieldDescriptorProto { name: Some("rectangle"), number: Some(2), label: Some(Optional), r#type: Some(Message), type_name: Some(".area_calculator.Rectangle"), extendee: None, default_value: None, oneof_index: Some(0), json_name: Some("rectangle"), options: None, proto3_optional: None }, FieldDescriptorProto { name: Some("circle"), number: Some(3), label: Some(Optional), r#type: Some(Message), type_name: Some(".area_calculator.Circle"), extendee: None, default_value: None, oneof_index: Some(0), json_name: Some("circle"), options: None, proto3_optional: None }, FieldDescriptorProto { name: Some("triangle"), number: Some(4), label: Some(Optional), r#type: Some(Message), type_name: Some(".area_calculator.Triangle"), extendee: None, default_value: None, oneof_index: Some(0), json_name: Some("triangle"), options: None, proto3_optional: None }, FieldDescriptorProto { name: Some("parallelogram"), number: Some(5), label: Some(Optional), r#type: Some(Message), type_name: Some(".area_calculator.Parallelogram"), extendee: None, default_value: None, oneof_index: Some(0), json_name: Some("parallelogram"), options: None, proto3_optional: None }], extension: [], nested_type: [], enum_type: [], extension_range: [], oneof_decl: [OneofDescriptorProto { name: Some("shape"), options: None }], options: None, reserved_range: [], reserved_name: [] }, output_message: DescriptorProto { name: Some("AreaResponse"), field: [FieldDescriptorProto { name: Some("value"), number: Some(1), label: Some(Repeated), r#type: Some(Float), type_name: None, extendee: None, default_value: None, oneof_index: None, json_name: Some("value"), options: None, proto3_optional: None }], extension: [], nested_type: [], enum_type: [], extension_range: [], oneof_decl: [], options: None, reserved_range: [], reserved_name: [] }, server_key: "5cae5f82-fec2-43c6-9739-60d0383d84ec" } ?[3mrequest?[0m?[2m=?[0mDynamicMessage { descriptor: DescriptorProto { name: Some("ShapeMessage"), field: [FieldDescriptorProto { name: Some("square"), number: Some(1), label: Some(Optional), r#type: Some(Message), type_name: Some(".area_calculator.Square"), extendee: None, default_value: None, oneof_index: Some(0), json_name: Some("square"), options: None, proto3_optional: None }, FieldDescriptorProto { name: Some("rectangle"), number: Some(2), label: Some(Optional), r#type: Some(Message), type_name: Some(".area_calculator.Rectangle"), extendee: None, default_value: None, oneof_index: Some(0), json_name: Some("rectangle"), options: None, proto3_optional: None }, FieldDescriptorProto { name: Some("circle"), number: Some(3), label: Some(Optional), r#type: Some(Message), type_name: Some(".area_calculator.Circle"), extendee: None, default_value: None, oneof_index: Some(0), json_name: Some("circle"), options: None, proto3_optional: None }, FieldDescriptorProto { name: Some("triangle"), number: Some(4), label: Some(Optional), r#type: Some(Message), type_name: Some(".area_calculator.Triangle"), extendee: None, default_value: None, oneof_index: Some(0), json_name: Some("triangle"), options: None, proto3_optional: None }, FieldDescriptorProto { name: Some("parallelogram"), number: Some(5), label: Some(Optional), r#type: Some(Message), type_name: Some(".area_calculator.Parallelogram"), extendee: None, default_value: None, oneof_index: Some(0), json_name: Some("parallelogram"), options: None, proto3_optional: None }], extension: [], nested_type: [], enum_type: [], extension_range: [], oneof_decl: [OneofDescriptorProto { name: Some("shape"), options: None }], options: None, reserved_range: [], reserved_name: [] }, fields: [ProtobufField { field_num: 2, wire_type: LengthDelimited, data: Message([13, 0, 0, 64, 64, 21, 0, 0, 128, 64], DescriptorProto { name: Some("Rectangle"), field: [FieldDescriptorProto { name: Some("length"), number: Some(1), label: Some(Optional), r#type: Some(Float), type_name: None, extendee: None, default_value: None, oneof_index: None, json_name: Some("length"), options: None, proto3_optional: None }, FieldDescriptorProto { name: Some("width"), number: Some(2), label: Some(Optional), r#type: Some(Float), type_name: None, extendee: None, default_value: None, oneof_index: None, json_name: Some("width"), options: None, proto3_optional: None }], extension: [], nested_type: [], enum_type: [], extension_range: [], oneof_decl: [], options: None, reserved_range: [], reserved_name: [] }) }] } ?[3mmessage_descriptor?[0m?[2m=?[0mDescriptorProto { name: Some("ShapeMessage"), field: [FieldDescriptorProto { name: Some("square"), number: Some(1), label: Some(Optional), r#type: Some(Message), type_name: Some(".area_calculator.Square"), extendee: None, default_value: None, oneof_index: Some(0), json_name: Some("square"), options: None, proto3_optional: None }, FieldDescriptorProto { name: Some("rectangle"), number: Some(2), label: Some(Optional), r#type: Some(Message), type_name: Some(".area_calculator.Rectangle"), extendee: None, default_value: None, oneof_index: Some(0), json_name: Some("rectangle"), options: None, proto3_optional: None }, FieldDescriptorProto { name: Some("circle"), number: Some(3), label: Some(Optional), r#type: Some(Message), type_name: Some(".area_calculator.Circle"), extendee: None, default_value: None, oneof_index: Some(0), json_name: Some("circle"), options: None, proto3_optional: None }, FieldDescriptorProto { name: Some("triangle"), number: Some(4), label: Some(Optional), r#type: Some(Message), type_name: Some(".area_calculator.Triangle"), extendee: None, default_value: None, oneof_index: Some(0), json_name: Some("triangle"), options: None, proto3_optional: None }, FieldDescriptorProto { name: Some("parallelogram"), number: Some(5), label: Some(Optional), r#type: Some(Message), type_name: Some(".area_calculator.Parallelogram"), extendee: None, default_value: None, oneof_index: Some(0), json_name: Some("parallelogram"), options: None, proto3_optional: None }], extension: [], nested_type: [], enum_type: [], extension_range: [], oneof_decl: [OneofDescriptorProto { name: Some("shape"), options: None }], options: None, reserved_range: [], reserved_name: [] } ?[3mresponse_descriptor?[0m?[2m=?[0mDescriptorProto { name: Some("AreaResponse"), field: [FieldDescriptorProto { name: Some("value"), number: Some(1), label: Some(Repeated), r#type: Some(Float), type_name: None, extendee: None, default_value: None, oneof_index: None, json_name: Some("value"), options: None, proto3_optional: None }], extension: [], nested_type: [], enum_type: [], extension_range: [], oneof_decl: [], options: None, reserved_range: [], reserved_name: [] }?[1m}?[0m?[2m:?[0m ?[2mpact_protobuf_plugin::message_decoder?[0m?[2m:?[0m field_num=1, wire_type=ThirtyTwoBit, bytes remaining = 4
15:05:16.548 [Thread-5] DEBUG i.pact.plugins.jvm.core.ChildProcess - Plugin protobuf [46038] || ?[2m2023-03-27T09:35:16.547619Z?[0m ?[35mTRACE?[0m tokio-runtime-worker ?[1mrequest?[0m?[1m{?[0m?[3mmethod?[0m?[2m=?[0mPOST ?[3muri?[0m?[2m=?[0mhttp://127.0.0.1:53791/area_calculator.Calculator/calculateOne ?[3mversion?[0m?[2m=?[0mHTTP/2.0?[1m}?[0m?[2m:?[0m?[1mcall?[0m?[1m{?[0m?[3mself?[0m?[2m=?[0mGrpcMockServer { pact: V4Pact { consumer: Consumer { name: "grpc-consumer-jvm" }, provider: Provider { name: "area-calculator-provider" }, interactions: [SynchronousMessage { id: None, key: Some("c7fbe3ee"), description: "calculate rectangle area request", provider_states: [], comments: {"testname": String("io.pact.example.grpc.consumer.PactConsumerTest.calculateRectangleArea(MockServer, SynchronousMessages)")}, request: MessageContents { contents: Present(b"\x12\n\r\0\0@@\x15\0\0\x80@", Some(ContentType { main_type: "application", sub_type: "protobuf", attributes: {"message": "ShapeMessage"}, suffix: None }), Some(BINARY)), metadata: {}, matching_rules: MatchingRules { rules: {BODY: MatchingRuleCategory { name: BODY, rules: {DocPath { path_tokens: [Root, Field("rectangle"), Field("length")], expr: "$.rectangle.length" }: RuleList { rules: [Number], rule_logic: And, cascaded: false }, DocPath { path_tokens: [Root, Field("rectangle"), Field("width")], expr: "$.rectangle.width" }: RuleList { rules: [Number], rule_logic: And, cascaded: false }} }} }, generators: Generators { categories: {} } }, response: [MessageContents { contents: Present(b"\r\0\0@A", Some(ContentType { main_type: "application", sub_type: "protobuf", attributes: {"message": "AreaResponse"}, suffix: None }), Some(BINARY)), metadata: {}, matching_rules: MatchingRules { rules: {BODY: MatchingRuleCategory { name: BODY, rules: {DocPath { path_tokens: [Root, Field("value")], expr: "$.value" }: RuleList { rules: [Number], rule_logic: And, cascaded: false }} }} }, generators: Generators { categories: {} } }], pending: false, plugin_config: {"protobuf": {"service": String("Calculator/calculateOne"), "descriptorKey": String("a85dff8f82655a9681aad113575dcfbb")}}, interaction_markup: InteractionMarkup { markup: "```protobuf\nmessage ShapeMessage {\n    message .area_calculator.Rectangle rectangle = 2;\n}\n```\n\n```protobuf\nmessage AreaResponse {\n    float value = 1;\n}\n```\n", markup_type: "COMMON_MARK" }, transport: None }], metadata: {"pact-jvm": Object({"version": String("4.4.2")}), "pactSpecification": Object({"version": String("4.0")})}, plugin_data: [PluginData { name: "protobuf", version: "0.1.5", configuration: {"a85dff8f82655a9681aad113575dcfbb": Object({"protoDescriptors": String("CsoHChVhcmVhX2NhbGN1bGF0b3IucHJvdG8SD2FyZWFfY2FsY3VsYXRvciK6AgoMU2hhcGVNZXNzYWdlEjEKBnNxdWFyZRgBIAEoCzIXLmFyZWFfY2FsY3VsYXRvci5TcXVhcmVIAFIGc3F1YXJlEjoKCXJlY3RhbmdsZRgCIAEoCzIaLmFyZWFfY2FsY3VsYXRvci5SZWN0YW5nbGVIAFIJcmVjdGFuZ2xlEjEKBmNpcmNsZRgDIAEoCzIXLmFyZWFfY2FsY3VsYXRvci5DaXJjbGVIAFIGY2lyY2xlEjcKCHRyaWFuZ2xlGAQgASgLMhkuYXJlYV9jYWxjdWxhdG9yLlRyaWFuZ2xlSABSCHRyaWFuZ2xlEkYKDXBhcmFsbGVsb2dyYW0YBSABKAsyHi5hcmVhX2NhbGN1bGF0b3IuUGFyYWxsZWxvZ3JhbUgAUg1wYXJhbGxlbG9ncmFtQgcKBXNoYXBlIikKBlNxdWFyZRIfCgtlZGdlX2xlbmd0aBgBIAEoAlIKZWRnZUxlbmd0aCI5CglSZWN0YW5nbGUSFgoGbGVuZ3RoGAEgASgCUgZsZW5ndGgSFAoFd2lkdGgYAiABKAJSBXdpZHRoIiAKBkNpcmNsZRIWCgZyYWRpdXMYASABKAJSBnJhZGl1cyJPCghUcmlhbmdsZRIVCgZlZGdlX2EYASABKAJSBWVkZ2VBEhUKBmVkZ2VfYhgCIAEoAlIFZWRnZUISFQoGZWRnZV9jGAMgASgCUgVlZGdlQyJICg1QYXJhbGxlbG9ncmFtEh8KC2Jhc2VfbGVuZ3RoGAEgASgCUgpiYXNlTGVuZ3RoEhYKBmhlaWdodBgCIAEoAlIGaGVpZ2h0IkQKC0FyZWFSZXF1ZXN0EjUKBnNoYXBlcxgBIAMoCzIdLmFyZWFfY2FsY3VsYXRvci5TaGFwZU1lc3NhZ2VSBnNoYXBlcyIkCgxBcmVhUmVzcG9uc2USFAoFdmFsdWUYASADKAJSBXZhbHVlMq0BCgpDYWxjdWxhdG9yEk4KDGNhbGN1bGF0ZU9uZRIdLmFyZWFfY2FsY3VsYXRvci5TaGFwZU1lc3NhZ2UaHS5hcmVhX2NhbGN1bGF0b3IuQXJlYVJlc3BvbnNlIgASTwoOY2FsY3VsYXRlTXVsdGkSHC5hcmVhX2NhbGN1bGF0b3IuQXJlYVJlcXVlc3QaHS5hcmVhX2NhbGN1bGF0b3IuQXJlYVJlc3BvbnNlIgBCHFoXaW8ucGFjdC9hcmVhX2NhbGN1bGF0b3LQAgFiBnByb3RvMw=="), "protoFile": String("syntax = \"proto3\";\n\npackage area_calculator;\n\noption php_generic_services = true;\noption go_package = \"io.pact/area_calculator\";\n\nservice Calculator {\n  rpc calculateOne (ShapeMessage) returns (AreaResponse) {}\n  rpc calculateMulti (AreaRequest) returns (AreaResponse) {}\n}\n\nmessage ShapeMessage {\n  oneof shape {\n    Square square = 1;\n    Rectangle rectangle = 2;\n    Circle circle = 3;\n    Triangle triangle = 4;\n    Parallelogram parallelogram = 5;\n  }\n}\n\nmessage Square {\n  float edge_length = 1;\n}\n\nmessage Rectangle {\n  float length = 1;\n  float width = 2;\n}\n\nmessage Circle {\n  float radius = 1;\n}\n\nmessage Triangle {\n  float edge_a = 1;\n  float edge_b = 2;\n  float edge_c = 3;\n}\n\nmessage Parallelogram {\n  float base_length = 1;\n  float height = 2;\n}\n\nmessage AreaRequest {\n  repeated ShapeMessage shapes = 1;\n}\n\nmessage AreaResponse {\n  repeated float value = 1;\n}\n")})} }] }, plugin_config: PluginData { name: "protobuf", version: "0.1.5", configuration: {"a85dff8f82655a9681aad113575dcfbb": Object({"protoDescriptors": String("CsoHChVhcmVhX2NhbGN1bGF0b3IucHJvdG8SD2FyZWFfY2FsY3VsYXRvciK6AgoMU2hhcGVNZXNzYWdlEjEKBnNxdWFyZRgBIAEoCzIXLmFyZWFfY2FsY3VsYXRvci5TcXVhcmVIAFIGc3F1YXJlEjoKCXJlY3RhbmdsZRgCIAEoCzIaLmFyZWFfY2FsY3VsYXRvci5SZWN0YW5nbGVIAFIJcmVjdGFuZ2xlEjEKBmNpcmNsZRgDIAEoCzIXLmFyZWFfY2FsY3VsYXRvci5DaXJjbGVIAFIGY2lyY2xlEjcKCHRyaWFuZ2xlGAQgASgLMhkuYXJlYV9jYWxjdWxhdG9yLlRyaWFuZ2xlSABSCHRyaWFuZ2xlEkYKDXBhcmFsbGVsb2dyYW0YBSABKAsyHi5hcmVhX2NhbGN1bGF0b3IuUGFyYWxsZWxvZ3JhbUgAUg1wYXJhbGxlbG9ncmFtQgcKBXNoYXBlIikKBlNxdWFyZRIfCgtlZGdlX2xlbmd0aBgBIAEoAlIKZWRnZUxlbmd0aCI5CglSZWN0YW5nbGUSFgoGbGVuZ3RoGAEgASgCUgZsZW5ndGgSFAoFd2lkdGgYAiABKAJSBXdpZHRoIiAKBkNpcmNsZRIWCgZyYWRpdXMYASABKAJSBnJhZGl1cyJPCghUcmlhbmdsZRIVCgZlZGdlX2EYASABKAJSBWVkZ2VBEhUKBmVkZ2VfYhgCIAEoAlIFZWRnZUISFQoGZWRnZV9jGAMgASgCUgVlZGdlQyJICg1QYXJhbGxlbG9ncmFtEh8KC2Jhc2VfbGVuZ3RoGAEgASgCUgpiYXNlTGVuZ3RoEhYKBmhlaWdodBgCIAEoAlIGaGVpZ2h0IkQKC0FyZWFSZXF1ZXN0EjUKBnNoYXBlcxgBIAMoCzIdLmFyZWFfY2FsY3VsYXRvci5TaGFwZU1lc3NhZ2VSBnNoYXBlcyIkCgxBcmVhUmVzcG9uc2USFAoFdmFsdWUYASADKAJSBXZhbHVlMq0BCgpDYWxjdWxhdG9yEk4KDGNhbGN1bGF0ZU9uZRIdLmFyZWFfY2FsY3VsYXRvci5TaGFwZU1lc3NhZ2UaHS5hcmVhX2NhbGN1bGF0b3IuQXJlYVJlc3BvbnNlIgASTwoOY2FsY3VsYXRlTXVsdGkSHC5hcmVhX2NhbGN1bGF0b3IuQXJlYVJlcXVlc3QaHS5hcmVhX2NhbGN1bGF0b3IuQXJlYVJlc3BvbnNlIgBCHFoXaW8ucGFjdC9hcmVhX2NhbGN1bGF0b3LQAgFiBnByb3RvMw=="), "protoFile": String("syntax = \"proto3\";\n\npackage area_calculator;\n\noption php_generic_services = true;\noption go_package = \"io.pact/area_calculator\";\n\nservice Calculator {\n  rpc calculateOne (ShapeMessage) returns (AreaResponse) {}\n  rpc calculateMulti (AreaRequest) returns (AreaResponse) {}\n}\n\nmessage ShapeMessage {\n  oneof shape {\n    Square square = 1;\n    Rectangle rectangle = 2;\n    Circle circle = 3;\n    Triangle triangle = 4;\n    Parallelogram parallelogram = 5;\n  }\n}\n\nmessage Square {\n  float edge_length = 1;\n}\n\nmessage Rectangle {\n  float length = 1;\n  float width = 2;\n}\n\nmessage Circle {\n  float radius = 1;\n}\n\nmessage Triangle {\n  float edge_a = 1;\n  float edge_b = 2;\n  float edge_c = 3;\n}\n\nmessage Parallelogram {\n  float base_length = 1;\n  float height = 2;\n}\n\nmessage AreaRequest {\n  repeated ShapeMessage shapes = 1;\n}\n\nmessage AreaResponse {\n  repeated float value = 1;\n}\n")})} }, descriptors: {"a85dff8f82655a9681aad113575dcfbb": FileDescriptorSet { file: [FileDescriptorProto { name: Some("area_calculator.proto"), package: Some("area_calculator"), dependency: [], public_dependency: [], weak_dependency: [], message_type: [DescriptorProto { name: Some("ShapeMessage"), field: [FieldDescriptorProto { name: Some("square"), number: Some(1), label: Some(Optional), r#type: Some(Message), type_name: Some(".area_calculator.Square"), extendee: None, default_value: None, oneof_index: Some(0), json_name: Some("square"), options: None, proto3_optional: None }, FieldDescriptorProto { name: Some("rectangle"), number: Some(2), label: Some(Optional), r#type: Some(Message), type_name: Some(".area_calculator.Rectangle"), extendee: None, default_value: None, oneof_index: Some(0), json_name: Some("rectangle"), options: None, proto3_optional: None }, FieldDescriptorProto { name: Some("circle"), number: Some(3), label: Some(Optional), r#type: Some(Message), type_name: Some(".area_calculator.Circle"), extendee: None, default_value: None, oneof_index: Some(0), json_name: Some("circle"), options: None, proto3_optional: None }, FieldDescriptorProto { name: Some("triangle"), number: Some(4), label: Some(Optional), r#type: Some(Message), type_name: Some(".area_calculator.Triangle"), extendee: None, default_value: None, oneof_index: Some(0), json_name: Some("triangle"), options: None, proto3_optional: None }, FieldDescriptorProto { name: Some("parallelogram"), number: Some(5), label: Some(Optional), r#type: Some(Message), type_name: Some(".area_calculator.Parallelogram"), extendee: None, default_value: None, oneof_index: Some(0), json_name: Some("parallelogram"), options: None, proto3_optional: None }], extension: [], nested_type: [], enum_type: [], extension_range: [], oneof_decl: [OneofDescriptorProto { name: Some("shape"), options: None }], options: None, reserved_range: [], reserved_name: [] }, DescriptorProto { name: Some("Square"), field: [FieldDescriptorProto { name: Some("edge_length"), number: Some(1), label: Some(Optional), r#type: Some(Float), type_name: None, extendee: None, default_value: None, oneof_index: None, json_name: Some("edgeLength"), options: None, proto3_optional: None }], extension: [], nested_type: [], enum_type: [], extension_range: [], oneof_decl: [], options: None, reserved_range: [], reserved_name: [] }, DescriptorProto { name: Some("Rectangle"), field: [FieldDescriptorProto { name: Some("length"), number: Some(1), label: Some(Optional), r#type: Some(Float), type_name: None, extendee: None, default_value: None, oneof_index: None, json_name: Some("length"), options: None, proto3_optional: None }, FieldDescriptorProto { name: Some("width"), number: Some(2), label: Some(Optional), r#type: Some(Float), type_name: None, extendee: None, default_value: None, oneof_index: None, json_name: Some("width"), options: None, proto3_optional: None }], extension: [], nested_type: [], enum_type: [], extension_range: [], oneof_decl: [], options: None, reserved_range: [], reserved_name: [] }, DescriptorProto { name: Some("Circle"), field: [FieldDescriptorProto { name: Some("radius"), number: Some(1), label: Some(Optional), r#type: Some(Float), type_name: None, extendee: None, default_value: None, oneof_index: None, json_name: Some("radius"), options: None, proto3_optional: None }], extension: [], nested_type: [], enum_type: [], extension_range: [], oneof_decl: [], options: None, reserved_range: [], reserved_name: [] }, DescriptorProto { name: Some("Triangle"), field: [FieldDescriptorProto { name: Some("edge_a"), number: Some(1), label: Some(Optional), r#type: Some(Float), type_name: None, extendee: None, default_value: None, oneof_index: None, json_name: Some("edgeA"), options: None, proto3_optional: None }, FieldDescriptorProto { name: Some("edge_b"), number: Some(2), label: Some(Optional), r#type: Some(Float), type_name: None, extendee: None, default_value: None, oneof_index: None, json_name: Some("edgeB"), options: None, proto3_optional: None }, FieldDescriptorProto { name: Some("edge_c"), number: Some(3), label: Some(Optional), r#type: Some(Float), type_name: None, extendee: None, default_value: None, oneof_index: None, json_name: Some("edgeC"), options: None, proto3_optional: None }], extension: [], nested_type: [], enum_type: [], extension_range: [], oneof_decl: [], options: None, reserved_range: [], reserved_name: [] }, DescriptorProto { name: Some("Parallelogram"), field: [FieldDescriptorProto { name: Some("base_length"), number: Some(1), label: Some(Optional), r#type: Some(Float), type_name: None, extendee: None, default_value: None, oneof_index: None, json_name: Some("baseLength"), options: None, proto3_optional: None }, FieldDescriptorProto { name: Some("height"), number: Some(2), label: Some(Optional), r#type: Some(Float), type_name: None, extendee: None, default_value: None, oneof_index: None, json_name: Some("height"), options: None, proto3_optional: None }], extension: [], nested_type: [], enum_type: [], extension_range: [], oneof_decl: [], options: None, reserved_range: [], reserved_name: [] }, DescriptorProto { name: Some("AreaRequest"), field: [FieldDescriptorProto { name: Some("shapes"), number: Some(1), label: Some(Repeated), r#type: Some(Message), type_name: Some(".area_calculator.ShapeMessage"), extendee: None, default_value: None, oneof_index: None, json_name: Some("shapes"), options: None, proto3_optional: None }], extension: [], nested_type: [], enum_type: [], extension_range: [], oneof_decl: [], options: None, reserved_range: [], reserved_name: [] }, DescriptorProto { name: Some("AreaResponse"), field: [FieldDescriptorProto { name: Some("value"), number: Some(1), label: Some(Repeated), r#type: Some(Float), type_name: None, extendee: None, default_value: None, oneof_index: None, json_name: Some("value"), options: None, proto3_optional: None }], extension: [], nested_type: [], enum_type: [], extension_range: [], oneof_decl: [], options: None, reserved_range: [], reserved_name: [] }], enum_type: [], service: [ServiceDescriptorProto { name: Some("Calculator"), method: [MethodDescriptorProto { name: Some("calculateOne"), input_type: Some(".area_calculator.ShapeMessage"), output_type: Some(".area_calculator.AreaResponse"), options: Some(MethodOptions { deprecated: None, idempotency_level: None, uninterpreted_option: [] }), client_streaming: None, server_streaming: None }, MethodDescriptorProto { name: Some("calculateMulti"), input_type: Some(".area_calculator.AreaRequest"), output_type: Some(".area_calculator.AreaResponse"), options: Some(MethodOptions { deprecated: None, idempotency_level: None, uninterpreted_option: [] }), client_streaming: None, server_streaming: None }], options: None }], extension: [], options: Some(FileOptions { java_package: None, java_outer_classname: None, java_multiple_files: None, java_generate_equals_and_hash: None, java_string_check_utf8: None, optimize_for: None, go_package: Some("io.pact/area_calculator"), cc_generic_services: None, java_generic_services: None, py_generic_services: None, php_generic_services: Some(true), deprecated: None, cc_enable_arenas: None, objc_class_prefix: None, csharp_namespace: None, swift_prefix: None, php_class_prefix: None, php_namespace: None, php_metadata_namespace: None, ruby_package: None, uninterpreted_option: [] }), source_code_info: None, syntax: Some("proto3") }] }}, routes: {"Calculator/calculateOne": (FileDescriptorSet { file: [FileDescriptorProto { name: Some("area_calculator.proto"), package: Some("area_calculator"), dependency: [], public_dependency: [], weak_dependency: [], message_type: [DescriptorProto { name: Some("ShapeMessage"), field: [FieldDescriptorProto { name: Some("square"), number: Some(1), label: Some(Optional), r#type: Some(Message), type_name: Some(".area_calculator.Square"), extendee: None, default_value: None, oneof_index: Some(0), json_name: Some("square"), options: None, proto3_optional: None }, FieldDescriptorProto { name: Some("rectangle"), number: Some(2), label: Some(Optional), r#type: Some(Message), type_name: Some(".area_calculator.Rectangle"), extendee: None, default_value: None, oneof_index: Some(0), json_name: Some("rectangle"), options: None, proto3_optional: None }, FieldDescriptorProto { name: Some("circle"), number: Some(3), label: Some(Optional), r#type: Some(Message), type_name: Some(".area_calculator.Circle"), extendee: None, default_value: None, oneof_index: Some(0), json_name: Some("circle"), options: None, proto3_optional: None }, FieldDescriptorProto { name: Some("triangle"), number: Some(4), label: Some(Optional), r#type: Some(Message), type_name: Some(".area_calculator.Triangle"), extendee: None, default_value: None, oneof_index: Some(0), json_name: Some("triangle"), options: None, proto3_optional: None }, FieldDescriptorProto { name: Some("parallelogram"), number: Some(5), label: Some(Optional), r#type: Some(Message), type_name: Some(".area_calculator.Parallelogram"), extendee: None, default_value: None, oneof_index: Some(0), json_name: Some("parallelogram"), options: None, proto3_optional: None }], extension: [], nested_type: [], enum_type: [], extension_range: [], oneof_decl: [OneofDescriptorProto { name: Some("shape"), options: None }], options: None, reserved_range: [], reserved_name: [] }, DescriptorProto { name: Some("Square"), field: [FieldDescriptorProto { name: Some("edge_length"), number: Some(1), label: Some(Optional), r#type: Some(Float), type_name: None, extendee: None, default_value: None, oneof_index: None, json_name: Some("edgeLength"), options: None, proto3_optional: None }], extension: [], nested_type: [], enum_type: [], extension_range: [], oneof_decl: [], options: None, reserved_range: [], reserved_name: [] }, DescriptorProto { name: Some("Rectangle"), field: [FieldDescriptorProto { name: Some("length"), number: Some(1), label: Some(Optional), r#type: Some(Float), type_name: None, extendee: None, default_value: None, oneof_index: None, json_name: Some("length"), options: None, proto3_optional: None }, FieldDescriptorProto { name: Some("width"), number: Some(2), label: Some(Optional), r#type: Some(Float), type_name: None, extendee: None, default_value: None, oneof_index: None, json_name: Some("width"), options: None, proto3_optional: None }], extension: [], nested_type: [], enum_type: [], extension_range: [], oneof_decl: [], options: None, reserved_range: [], reserved_name: [] }, DescriptorProto { name: Some("Circle"), field: [FieldDescriptorProto { name: Some("radius"), number: Some(1), label: Some(Optional), r#type: Some(Float), type_name: None, extendee: None, default_value: None, oneof_index: None, json_name: Some("radius"), options: None, proto3_optional: None }], extension: [], nested_type: [], enum_type: [], extension_range: [], oneof_decl: [], options: None, reserved_range: [], reserved_name: [] }, DescriptorProto { name: Some("Triangle"), field: [FieldDescriptorProto { name: Some("edge_a"), number: Some(1), label: Some(Optional), r#type: Some(Float), type_name: None, extendee: None, default_value: None, oneof_index: None, json_name: Some("edgeA"), options: None, proto3_optional: None }, FieldDescriptorProto { name: Some("edge_b"), number: Some(2), label: Some(Optional), r#type: Some(Float), type_name: None, extendee: None, default_value: None, oneof_index: None, json_name: Some("edgeB"), options: None, proto3_optional: None }, FieldDescriptorProto { name: Some("edge_c"), number: Some(3), label: Some(Optional), r#type: Some(Float), type_name: None, extendee: None, default_value: None, oneof_index: None, json_name: Some("edgeC"), options: None, proto3_optional: None }], extension: [], nested_type: [], enum_type: [], extension_range: [], oneof_decl: [], options: None, reserved_range: [], reserved_name: [] }, DescriptorProto { name: Some("Parallelogram"), field: [FieldDescriptorProto { name: Some("base_length"), number: Some(1), label: Some(Optional), r#type: Some(Float), type_name: None, extendee: None, default_value: None, oneof_index: None, json_name: Some("baseLength"), options: None, proto3_optional: None }, FieldDescriptorProto { name: Some("height"), number: Some(2), label: Some(Optional), r#type: Some(Float), type_name: None, extendee: None, default_value: None, oneof_index: None, json_name: Some("height"), options: None, proto3_optional: None }], extension: [], nested_type: [], enum_type: [], extension_range: [], oneof_decl: [], options: None, reserved_range: [], reserved_name: [] }, DescriptorProto { name: Some("AreaRequest"), field: [FieldDescriptorProto { name: Some("shapes"), number: Some(1), label: Some(Repeated), r#type: Some(Message), type_name: Some(".area_calculator.ShapeMessage"), extendee: None, default_value: None, oneof_index: None, json_name: Some("shapes"), options: None, proto3_optional: None }], extension: [], nested_type: [], enum_type: [], extension_range: [], oneof_decl: [], options: None, reserved_range: [], reserved_name: [] }, DescriptorProto { name: Some("AreaResponse"), field: [FieldDescriptorProto { name: Some("value"), number: Some(1), label: Some(Repeated), r#type: Some(Float), type_name: None, extendee: None, default_value: None, oneof_index: None, json_name: Some("value"), options: None, proto3_optional: None }], extension: [], nested_type: [], enum_type: [], extension_range: [], oneof_decl: [], options: None, reserved_range: [], reserved_name: [] }], enum_type: [], service: [ServiceDescriptorProto { name: Some("Calculator"), method: [MethodDescriptorProto { name: Some("calculateOne"), input_type: Some(".area_calculator.ShapeMessage"), output_type: Some(".area_calculator.AreaResponse"), options: Some(MethodOptions { deprecated: None, idempotency_level: None, uninterpreted_option: [] }), client_streaming: None, server_streaming: None }, MethodDescriptorProto { name: Some("calculateMulti"), input_type: Some(".area_calculator.AreaRequest"), output_type: Some(".area_calculator.AreaResponse"), options: Some(MethodOptions { deprecated: None, idempotency_level: None, uninterpreted_option: [] }), client_streaming: None, server_streaming: None }], options: None }], extension: [], options: Some(FileOptions { java_package: None, java_outer_classname: None, java_multiple_files: None, java_generate_equals_and_hash: None, java_string_check_utf8: None, optimize_for: None, go_package: Some("io.pact/area_calculator"), cc_generic_services: None, java_generic_services: None, py_generic_services: None, php_generic_services: Some(true), deprecated: None, cc_enable_arenas: None, objc_class_prefix: None, csharp_namespace: None, swift_prefix: None, php_class_prefix: None, php_namespace: None, php_metadata_namespace: None, ruby_package: None, uninterpreted_option: [] }), source_code_info: None, syntax: Some("proto3") }] }, MethodDescriptorProto { name: Some("calculateOne"), input_type: Some(".area_calculator.ShapeMessage"), output_type: Some(".area_calculator.AreaResponse"), options: Some(MethodOptions { deprecated: None, idempotency_level: None, uninterpreted_option: [] }), client_streaming: None, server_streaming: None }, SynchronousMessage { id: None, key: Some("c7fbe3ee"), description: "calculate rectangle area request", provider_states: [], comments: {"testname": String("io.pact.example.grpc.consumer.PactConsumerTest.calculateRectangleArea(MockServer, SynchronousMessages)")}, request: MessageContents { contents: Present(b"\x12\n\r\0\0@@\x15\0\0\x80@", Some(ContentType { main_type: "application", sub_type: "protobuf", attributes: {"message": "ShapeMessage"}, suffix: None }), Some(BINARY)), metadata: {}, matching_rules: MatchingRules { rules: {BODY: MatchingRuleCategory { name: BODY, rules: {DocPath { path_tokens: [Root, Field("rectangle"), Field("length")], expr: "$.rectangle.length" }: RuleList { rules: [Number], rule_logic: And, cascaded: false }, DocPath { path_tokens: [Root, Field("rectangle"), Field("width")], expr: "$.rectangle.width" }: RuleList { rules: [Number], rule_logic: And, cascaded: false }} }} }, generators: Generators { categories: {} } }, response: [MessageContents { contents: Present(b"\r\0\0@A", Some(ContentType { main_type: "application", sub_type: "protobuf", attributes: {"message": "AreaResponse"}, suffix: None }), Some(BINARY)), metadata: {}, matching_rules: MatchingRules { rules: {BODY: MatchingRuleCategory { name: BODY, rules: {DocPath { path_tokens: [Root, Field("value")], expr: "$.value" }: RuleList { rules: [Number], rule_logic: And, cascaded: false }} }} }, generators: Generators { categories: {} } }], pending: false, plugin_config: {"protobuf": {"service": String("Calculator/calculateOne"), "descriptorKey": String("a85dff8f82655a9681aad113575dcfbb")}}, interaction_markup: InteractionMarkup { markup: "```protobuf\nmessage ShapeMessage {\n    message .area_calculator.Rectangle rectangle = 2;\n}\n```\n\n```protobuf\nmessage AreaResponse {\n    float value = 1;\n}\n```\n", markup_type: "COMMON_MARK" }, transport: None })}, server_key: "5cae5f82-fec2-43c6-9739-60d0383d84ec" } ?[3mreq?[0m?[2m=?[0mRequest { method: POST, uri: http://127.0.0.1:53791/area_calculator.Calculator/calculateOne, version: HTTP/2.0, headers: {"content-type": "application/grpc", "te": "trailers", "user-agent": "grpc-java-netty/1.49.0", "grpc-accept-encoding": "gzip"}, body: Body(Streaming) }?[1m}?[0m?[2m:?[0m?[1mmock_server_handler?[0m?[1m{?[0m?[3mkey?[0m?[2m=?[0m"5cae5f82-fec2-43c6-9739-60d0383d84ec"?[1m}?[0m?[2m:?[0m?[1mhandle_message?[0m?[1m{?[0m?[3mself?[0m?[2m=?[0mMockService { file_descriptor_set: FileDescriptorSet { file: [FileDescriptorProto { name: Some("area_calculator.proto"), package: Some("area_calculator"), dependency: [], public_dependency: [], weak_dependency: [], message_type: [DescriptorProto { name: Some("ShapeMessage"), field: [FieldDescriptorProto { name: Some("square"), number: Some(1), label: Some(Optional), r#type: Some(Message), type_name: Some(".area_calculator.Square"), extendee: None, default_value: None, oneof_index: Some(0), json_name: Some("square"), options: None, proto3_optional: None }, FieldDescriptorProto { name: Some("rectangle"), number: Some(2), label: Some(Optional), r#type: Some(Message), type_name: Some(".area_calculator.Rectangle"), extendee: None, default_value: None, oneof_index: Some(0), json_name: Some("rectangle"), options: None, proto3_optional: None }, FieldDescriptorProto { name: Some("circle"), number: Some(3), label: Some(Optional), r#type: Some(Message), type_name: Some(".area_calculator.Circle"), extendee: None, default_value: None, oneof_index: Some(0), json_name: Some("circle"), options: None, proto3_optional: None }, FieldDescriptorProto { name: Some("triangle"), number: Some(4), label: Some(Optional), r#type: Some(Message), type_name: Some(".area_calculator.Triangle"), extendee: None, default_value: None, oneof_index: Some(0), json_name: Some("triangle"), options: None, proto3_optional: None }, FieldDescriptorProto { name: Some("parallelogram"), number: Some(5), label: Some(Optional), r#type: Some(Message), type_name: Some(".area_calculator.Parallelogram"), extendee: None, default_value: None, oneof_index: Some(0), json_name: Some("parallelogram"), options: None, proto3_optional: None }], extension: [], nested_type: [], enum_type: [], extension_range: [], oneof_decl: [OneofDescriptorProto { name: Some("shape"), options: None }], options: None, reserved_range: [], reserved_name: [] }, DescriptorProto { name: Some("Square"), field: [FieldDescriptorProto { name: Some("edge_length"), number: Some(1), label: Some(Optional), r#type: Some(Float), type_name: None, extendee: None, default_value: None, oneof_index: None, json_name: Some("edgeLength"), options: None, proto3_optional: None }], extension: [], nested_type: [], enum_type: [], extension_range: [], oneof_decl: [], options: None, reserved_range: [], reserved_name: [] }, DescriptorProto { name: Some("Rectangle"), field: [FieldDescriptorProto { name: Some("length"), number: Some(1), label: Some(Optional), r#type: Some(Float), type_name: None, extendee: None, default_value: None, oneof_index: None, json_name: Some("length"), options: None, proto3_optional: None }, FieldDescriptorProto { name: Some("width"), number: Some(2), label: Some(Optional), r#type: Some(Float), type_name: None, extendee: None, default_value: None, oneof_index: None, json_name: Some("width"), options: None, proto3_optional: None }], extension: [], nested_type: [], enum_type: [], extension_range: [], oneof_decl: [], options: None, reserved_range: [], reserved_name: [] }, DescriptorProto { name: Some("Circle"), field: [FieldDescriptorProto { name: Some("radius"), number: Some(1), label: Some(Optional), r#type: Some(Float), type_name: None, extendee: None, default_value: None, oneof_index: None, json_name: Some("radius"), options: None, proto3_optional: None }], extension: [], nested_type: [], enum_type: [], extension_range: [], oneof_decl: [], options: None, reserved_range: [], reserved_name: [] }, DescriptorProto { name: Some("Triangle"), field: [FieldDescriptorProto { name: Some("edge_a"), number: Some(1), label: Some(Optional), r#type: Some(Float), type_name: None, extendee: None, default_value: None, oneof_index: None, json_name: Some("edgeA"), options: None, proto3_optional: None }, FieldDescriptorProto { name: Some("edge_b"), number: Some(2), label: Some(Optional), r#type: Some(Float), type_name: None, extendee: None, default_value: None, oneof_index: None, json_name: Some("edgeB"), options: None, proto3_optional: None }, FieldDescriptorProto { name: Some("edge_c"), number: Some(3), label: Some(Optional), r#type: Some(Float), type_name: None, extendee: None, default_value: None, oneof_index: None, json_name: Some("edgeC"), options: None, proto3_optional: None }], extension: [], nested_type: [], enum_type: [], extension_range: [], oneof_decl: [], options: None, reserved_range: [], reserved_name: [] }, DescriptorProto { name: Some("Parallelogram"), field: [FieldDescriptorProto { name: Some("base_length"), number: Some(1), label: Some(Optional), r#type: Some(Float), type_name: None, extendee: None, default_value: None, oneof_index: None, json_name: Some("baseLength"), options: None, proto3_optional: None }, FieldDescriptorProto { name: Some("height"), number: Some(2), label: Some(Optional), r#type: Some(Float), type_name: None, extendee: None, default_value: None, oneof_index: None, json_name: Some("height"), options: None, proto3_optional: None }], extension: [], nested_type: [], enum_type: [], extension_range: [], oneof_decl: [], options: None, reserved_range: [], reserved_name: [] }, DescriptorProto { name: Some("AreaRequest"), field: [FieldDescriptorProto { name: Some("shapes"), number: Some(1), label: Some(Repeated), r#type: Some(Message), type_name: Some(".area_calculator.ShapeMessage"), extendee: None, default_value: None, oneof_index: None, json_name: Some("shapes"), options: None, proto3_optional: None }], extension: [], nested_type: [], enum_type: [], extension_range: [], oneof_decl: [], options: None, reserved_range: [], reserved_name: [] }, DescriptorProto { name: Some("AreaResponse"), field: [FieldDescriptorProto { name: Some("value"), number: Some(1), label: Some(Repeated), r#type: Some(Float), type_name: None, extendee: None, default_value: None, oneof_index: None, json_name: Some("value"), options: None, proto3_optional: None }], extension: [], nested_type: [], enum_type: [], extension_range: [], oneof_decl: [], options: None, reserved_range: [], reserved_name: [] }], enum_type: [], service: [ServiceDescriptorProto { name: Some("Calculator"), method: [MethodDescriptorProto { name: Some("calculateOne"), input_type: Some(".area_calculator.ShapeMessage"), output_type: Some(".area_calculator.AreaResponse"), options: Some(MethodOptions { deprecated: None, idempotency_level: None, uninterpreted_option: [] }), client_streaming: None, server_streaming: None }, MethodDescriptorProto { name: Some("calculateMulti"), input_type: Some(".area_calculator.AreaRequest"), output_type: Some(".area_calculator.AreaResponse"), options: Some(MethodOptions { deprecated: None, idempotency_level: None, uninterpreted_option: [] }), client_streaming: None, server_streaming: None }], options: None }], extension: [], options: Some(FileOptions { java_package: None, java_outer_classname: None, java_multiple_files: None, java_generate_equals_and_hash: None, java_string_check_utf8: None, optimize_for: None, go_package: Some("io.pact/area_calculator"), cc_generic_services: None, java_generic_services: None, py_generic_services: None, php_generic_services: Some(true), deprecated: None, cc_enable_arenas: None, objc_class_prefix: None, csharp_namespace: None, swift_prefix: None, php_class_prefix: None, php_namespace: None, php_metadata_namespace: None, ruby_package: None, uninterpreted_option: [] }), source_code_info: None, syntax: Some("proto3") }] }, service_name: "Calculator", message: SynchronousMessage { id: None, key: Some("c7fbe3ee"), description: "calculate rectangle area request", provider_states: [], comments: {"testname": String("io.pact.example.grpc.consumer.PactConsumerTest.calculateRectangleArea(MockServer, SynchronousMessages)")}, request: MessageContents { contents: Present(b"\x12\n\r\0\0@@\x15\0\0\x80@", Some(ContentType { main_type: "application", sub_type: "protobuf", attributes: {"message": "ShapeMessage"}, suffix: None }), Some(BINARY)), metadata: {}, matching_rules: MatchingRules { rules: {BODY: MatchingRuleCategory { name: BODY, rules: {DocPath { path_tokens: [Root, Field("rectangle"), Field("length")], expr: "$.rectangle.length" }: RuleList { rules: [Number], rule_logic: And, cascaded: false }, DocPath { path_tokens: [Root, Field("rectangle"), Field("width")], expr: "$.rectangle.width" }: RuleList { rules: [Number], rule_logic: And, cascaded: false }} }} }, generators: Generators { categories: {} } }, response: [MessageContents { contents: Present(b"\r\0\0@A", Some(ContentType { main_type: "application", sub_type: "protobuf", attributes: {"message": "AreaResponse"}, suffix: None }), Some(BINARY)), metadata: {}, matching_rules: MatchingRules { rules: {BODY: MatchingRuleCategory { name: BODY, rules: {DocPath { path_tokens: [Root, Field("value")], expr: "$.value" }: RuleList { rules: [Number], rule_logic: And, cascaded: false }} }} }, generators: Generators { categories: {} } }], pending: false, plugin_config: {"protobuf": {"service": String("Calculator/calculateOne"), "descriptorKey": String("a85dff8f82655a9681aad113575dcfbb")}}, interaction_markup: InteractionMarkup { markup: "```protobuf\nmessage ShapeMessage {\n    message .area_calculator.Rectangle rectangle = 2;\n}\n```\n\n```protobuf\nmessage AreaResponse {\n    float value = 1;\n}\n```\n", markup_type: "COMMON_MARK" }, transport: None }, method_descriptor: MethodDescriptorProto { name: Some("calculateOne"), input_type: Some(".area_calculator.ShapeMessage"), output_type: Some(".area_calculator.AreaResponse"), options: Some(MethodOptions { deprecated: None, idempotency_level: None, uninterpreted_option: [] }), client_streaming: None, server_streaming: None }, input_message: DescriptorProto { name: Some("ShapeMessage"), field: [FieldDescriptorProto { name: Some("square"), number: Some(1), label: Some(Optional), r#type: Some(Message), type_name: Some(".area_calculator.Square"), extendee: None, default_value: None, oneof_index: Some(0), json_name: Some("square"), options: None, proto3_optional: None }, FieldDescriptorProto { name: Some("rectangle"), number: Some(2), label: Some(Optional), r#type: Some(Message), type_name: Some(".area_calculator.Rectangle"), extendee: None, default_value: None, oneof_index: Some(0), json_name: Some("rectangle"), options: None, proto3_optional: None }, FieldDescriptorProto { name: Some("circle"), number: Some(3), label: Some(Optional), r#type: Some(Message), type_name: Some(".area_calculator.Circle"), extendee: None, default_value: None, oneof_index: Some(0), json_name: Some("circle"), options: None, proto3_optional: None }, FieldDescriptorProto { name: Some("triangle"), number: Some(4), label: Some(Optional), r#type: Some(Message), type_name: Some(".area_calculator.Triangle"), extendee: None, default_value: None, oneof_index: Some(0), json_name: Some("triangle"), options: None, proto3_optional: None }, FieldDescriptorProto { name: Some("parallelogram"), number: Some(5), label: Some(Optional), r#type: Some(Message), type_name: Some(".area_calculator.Parallelogram"), extendee: None, default_value: None, oneof_index: Some(0), json_name: Some("parallelogram"), options: None, proto3_optional: None }], extension: [], nested_type: [], enum_type: [], extension_range: [], oneof_decl: [OneofDescriptorProto { name: Some("shape"), options: None }], options: None, reserved_range: [], reserved_name: [] }, output_message: DescriptorProto { name: Some("AreaResponse"), field: [FieldDescriptorProto { name: Some("value"), number: Some(1), label: Some(Repeated), r#type: Some(Float), type_name: None, extendee: None, default_value: None, oneof_index: None, json_name: Some("value"), options: None, proto3_optional: None }], extension: [], nested_type: [], enum_type: [], extension_range: [], oneof_decl: [], options: None, reserved_range: [], reserved_name: [] }, server_key: "5cae5f82-fec2-43c6-9739-60d0383d84ec" } ?[3mrequest?[0m?[2m=?[0mDynamicMessage { descriptor: DescriptorProto { name: Some("ShapeMessage"), field: [FieldDescriptorProto { name: Some("square"), number: Some(1), label: Some(Optional), r#type: Some(Message), type_name: Some(".area_calculator.Square"), extendee: None, default_value: None, oneof_index: Some(0), json_name: Some("square"), options: None, proto3_optional: None }, FieldDescriptorProto { name: Some("rectangle"), number: Some(2), label: Some(Optional), r#type: Some(Message), type_name: Some(".area_calculator.Rectangle"), extendee: None, default_value: None, oneof_index: Some(0), json_name: Some("rectangle"), options: None, proto3_optional: None }, FieldDescriptorProto { name: Some("circle"), number: Some(3), label: Some(Optional), r#type: Some(Message), type_name: Some(".area_calculator.Circle"), extendee: None, default_value: None, oneof_index: Some(0), json_name: Some("circle"), options: None, proto3_optional: None }, FieldDescriptorProto { name: Some("triangle"), number: Some(4), label: Some(Optional), r#type: Some(Message), type_name: Some(".area_calculator.Triangle"), extendee: None, default_value: None, oneof_index: Some(0), json_name: Some("triangle"), options: None, proto3_optional: None }, FieldDescriptorProto { name: Some("parallelogram"), number: Some(5), label: Some(Optional), r#type: Some(Message), type_name: Some(".area_calculator.Parallelogram"), extendee: None, default_value: None, oneof_index: Some(0), json_name: Some("parallelogram"), options: None, proto3_optional: None }], extension: [], nested_type: [], enum_type: [], extension_range: [], oneof_decl: [OneofDescriptorProto { name: Some("shape"), options: None }], options: None, reserved_range: [], reserved_name: [] }, fields: [ProtobufField { field_num: 2, wire_type: LengthDelimited, data: Message([13, 0, 0, 64, 64, 21, 0, 0, 128, 64], DescriptorProto { name: Some("Rectangle"), field: [FieldDescriptorProto { name: Some("length"), number: Some(1), label: Some(Optional), r#type: Some(Float), type_name: None, extendee: None, default_value: None, oneof_index: None, json_name: Some("length"), options: None, proto3_optional: None }, FieldDescriptorProto { name: Some("width"), number: Some(2), label: Some(Optional), r#type: Some(Float), type_name: None, extendee: None, default_value: None, oneof_index: None, json_name: Some("width"), options: None, proto3_optional: None }], extension: [], nested_type: [], enum_type: [], extension_range: [], oneof_decl: [], options: None, reserved_range: [], reserved_name: [] }) }] } ?[3mmessage_descriptor?[0m?[2m=?[0mDescriptorProto { name: Some("ShapeMessage"), field: [FieldDescriptorProto { name: Some("square"), number: Some(1), label: Some(Optional), r#type: Some(Message), type_name: Some(".area_calculator.Square"), extendee: None, default_value: None, oneof_index: Some(0), json_name: Some("square"), options: None, proto3_optional: None }, FieldDescriptorProto { name: Some("rectangle"), number: Some(2), label: Some(Optional), r#type: Some(Message), type_name: Some(".area_calculator.Rectangle"), extendee: None, default_value: None, oneof_index: Some(0), json_name: Some("rectangle"), options: None, proto3_optional: None }, FieldDescriptorProto { name: Some("circle"), number: Some(3), label: Some(Optional), r#type: Some(Message), type_name: Some(".area_calculator.Circle"), extendee: None, default_value: None, oneof_index: Some(0), json_name: Some("circle"), options: None, proto3_optional: None }, FieldDescriptorProto { name: Some("triangle"), number: Some(4), label: Some(Optional), r#type: Some(Message), type_name: Some(".area_calculator.Triangle"), extendee: None, default_value: None, oneof_index: Some(0), json_name: Some("triangle"), options: None, proto3_optional: None }, FieldDescriptorProto { name: Some("parallelogram"), number: Some(5), label: Some(Optional), r#type: Some(Message), type_name: Some(".area_calculator.Parallelogram"), extendee: None, default_value: None, oneof_index: Some(0), json_name: Some("parallelogram"), options: None, proto3_optional: None }], extension: [], nested_type: [], enum_type: [], extension_range: [], oneof_decl: [OneofDescriptorProto { name: Some("shape"), options: None }], options: None, reserved_range: [], reserved_name: [] } ?[3mresponse_descriptor?[0m?[2m=?[0mDescriptorProto { name: Some("AreaResponse"), field: [FieldDescriptorProto { name: Some("value"), number: Some(1), label: Some(Repeated), r#type: Some(Float), type_name: None, extendee: None, default_value: None, oneof_index: None, json_name: Some("value"), options: None, proto3_optional: None }], extension: [], nested_type: [], enum_type: [], extension_range: [], oneof_decl: [], options: None, reserved_range: [], reserved_name: [] }?[1m}?[0m?[2m:?[0m ?[2mpact_protobuf_plugin::mock_service?[0m?[2m:?[0m Sending message DynamicMessage { descriptor: DescriptorProto { name: Some("AreaResponse"), field: [FieldDescriptorProto { name: Some("value"), number: Some(1), label: Some(Repeated), r#type: Some(Float), type_name: None, extendee: None, default_value: None, oneof_index: None, json_name: Some("value"), options: None, proto3_optional: None }], extension: [], nested_type: [], enum_type: [], extension_range: [], oneof_decl: [], options: None, reserved_range: [], reserved_name: [] }, fields: [ProtobufField { field_num: 1, wire_type: ThirtyTwoBit, data: Float(12.0) }] }
15:05:16.549 [Thread-5] DEBUG i.pact.plugins.jvm.core.ChildProcess - Plugin protobuf [46038] || ?[2m2023-03-27T09:35:16.548426Z?[0m ?[34mDEBUG?[0m tokio-runtime-worker ?[1mrequest?[0m?[1m{?[0m?[3mmethod?[0m?[2m=?[0mPOST ?[3muri?[0m?[2m=?[0mhttp://127.0.0.1:53791/area_calculator.Calculator/calculateOne ?[3mversion?[0m?[2m=?[0mHTTP/2.0?[1m}?[0m?[2m:?[0m ?[2mtower_http::trace::on_response?[0m?[2m:?[0m finished processing request ?[3mlatency?[0m?[2m=?[0m30 ms
15:05:16.549 [Thread-5] DEBUG i.pact.plugins.jvm.core.ChildProcess - Plugin protobuf [46038] || ?[2m2023-03-27T09:35:16.548471Z?[0m ?[35mTRACE?[0m tokio-runtime-worker ?[2mh2::proto::streams::send?[0m?[2m:?[0m send_headers; frame=Headers { stream_id: StreamId(3), flags: (0x4: END_HEADERS) }; init_window=1048576
15:05:16.549 [Thread-5] DEBUG i.pact.plugins.jvm.core.ChildProcess - Plugin protobuf [46038] || ?[2m2023-03-27T09:35:16.548504Z?[0m ?[35mTRACE?[0m tokio-runtime-worker ?[1mPrioritize::queue_frame?[0m?[1m{?[0m?[3mstream.id?[0m?[2m=?[0mStreamId(3)?[1m}?[0m?[2m:?[0m ?[2mh2::proto::streams::prioritize?[0m?[2m:?[0m schedule_send ?[3mstream.id?[0m?[2m=?[0mStreamId(3)
15:05:16.549 [Thread-5] DEBUG i.pact.plugins.jvm.core.ChildProcess - Plugin protobuf [46038] || ?[2m2023-03-27T09:35:16.548520Z?[0m ?[35mTRACE?[0m tokio-runtime-worker ?[1mPrioritize::queue_frame?[0m?[1m{?[0m?[3mstream.id?[0m?[2m=?[0mStreamId(3)?[1m}?[0m?[2m:?[0m ?[2mh2::proto::streams::store?[0m?[2m:?[0m Queue::push
15:05:16.549 [Thread-5] DEBUG i.pact.plugins.jvm.core.ChildProcess - Plugin protobuf [46038] || ?[2m2023-03-27T09:35:16.548533Z?[0m ?[35mTRACE?[0m tokio-runtime-worker ?[1mPrioritize::queue_frame?[0m?[1m{?[0m?[3mstream.id?[0m?[2m=?[0mStreamId(3)?[1m}?[0m?[2m:?[0m ?[2mh2::proto::streams::store?[0m?[2m:?[0m  -> first entry
15:05:16.549 [Thread-5] DEBUG i.pact.plugins.jvm.core.ChildProcess - Plugin protobuf [46038] || ?[2m2023-03-27T09:35:16.548555Z?[0m ?[35mTRACE?[0m tokio-runtime-worker ?[2mh2::proto::streams::counts?[0m?[2m:?[0m transition_after; stream=StreamId(3); state=State { inner: HalfClosedRemote(Streaming) }; is_closed=false; pending_send_empty=false; buffered_send_data=0; num_recv=1; num_send=0
15:05:16.549 [Thread-5] DEBUG i.pact.plugins.jvm.core.ChildProcess - Plugin protobuf [46038] || ?[2m2023-03-27T09:35:16.548746Z?[0m ?[35mTRACE?[0m tokio-runtime-worker ?[1mreserve_capacity?[0m?[1m{?[0m?[3mstream.id?[0m?[2m=?[0mStreamId(3) ?[3mrequested?[0m?[2m=?[0m1 ?[3meffective?[0m?[2m=?[0m1 ?[3mcurr?[0m?[2m=?[0m0?[1m}?[0m?[2m:?[0m?[1mtry_assign_capacity?[0m?[1m{?[0m?[3mstream.id?[0m?[2m=?[0mStreamId(3)?[1m}?[0m?[2m:?[0m ?[2mh2::proto::streams::prioritize?[0m?[2m:?[0m ?[3mrequested?[0m?[2m=?[0m1 ?[3madditional?[0m?[2m=?[0m1 ?[3mbuffered?[0m?[2m=?[0m0 ?[3mwindow?[0m?[2m=?[0m1048576 ?[3mconn?[0m?[2m=?[0m1048576
15:05:16.549 [Thread-5] DEBUG i.pact.plugins.jvm.core.ChildProcess - Plugin protobuf [46038] || ?[2m2023-03-27T09:35:16.548766Z?[0m ?[35mTRACE?[0m tokio-runtime-worker ?[1mreserve_capacity?[0m?[1m{?[0m?[3mstream.id?[0m?[2m=?[0mStreamId(3) ?[3mrequested?[0m?[2m=?[0m1 ?[3meffective?[0m?[2m=?[0m1 ?[3mcurr?[0m?[2m=?[0m0?[1m}?[0m?[2m:?[0m?[1mtry_assign_capacity?[0m?[1m{?[0m?[3mstream.id?[0m?[2m=?[0mStreamId(3)?[1m}?[0m?[2m:?[0m ?[2mh2::proto::streams::prioritize?[0m?[2m:?[0m assigning ?[3mcapacity?[0m?[2m=?[0m1
15:05:16.549 [Thread-5] DEBUG i.pact.plugins.jvm.core.ChildProcess - Plugin protobuf [46038] || ?[2m2023-03-27T09:35:16.548780Z?[0m ?[35mTRACE?[0m tokio-runtime-worker ?[1mreserve_capacity?[0m?[1m{?[0m?[3mstream.id?[0m?[2m=?[0mStreamId(3) ?[3mrequested?[0m?[2m=?[0m1 ?[3meffective?[0m?[2m=?[0m1 ?[3mcurr?[0m?[2m=?[0m0?[1m}?[0m?[2m:?[0m?[1mtry_assign_capacity?[0m?[1m{?[0m?[3mstream.id?[0m?[2m=?[0mStreamId(3)?[1m}?[0m?[2m:?[0m ?[2mh2::proto::streams::stream?[0m?[2m:?[0m   assigned capacity to stream; available=1; buffered=0; id=StreamId(3); max_buffer_size=409600
15:05:16.549 [Thread-5] DEBUG i.pact.plugins.jvm.core.ChildProcess - Plugin protobuf [46038] || ?[2m2023-03-27T09:35:16.548796Z?[0m ?[35mTRACE?[0m tokio-runtime-worker ?[1mreserve_capacity?[0m?[1m{?[0m?[3mstream.id?[0m?[2m=?[0mStreamId(3) ?[3mrequested?[0m?[2m=?[0m1 ?[3meffective?[0m?[2m=?[0m1 ?[3mcurr?[0m?[2m=?[0m0?[1m}?[0m?[2m:?[0m?[1mtry_assign_capacity?[0m?[1m{?[0m?[3mstream.id?[0m?[2m=?[0mStreamId(3)?[1m}?[0m?[2m:?[0m ?[2mh2::proto::streams::stream?[0m?[2m:?[0m   notifying task
15:05:16.549 [Thread-5] DEBUG i.pact.plugins.jvm.core.ChildProcess - Plugin protobuf [46038] || ?[2m2023-03-27T09:35:16.548808Z?[0m ?[35mTRACE?[0m tokio-runtime-worker ?[1mreserve_capacity?[0m?[1m{?[0m?[3mstream.id?[0m?[2m=?[0mStreamId(3) ?[3mrequested?[0m?[2m=?[0m1 ?[3meffective?[0m?[2m=?[0m1 ?[3mcurr?[0m?[2m=?[0m0?[1m}?[0m?[2m:?[0m?[1mtry_assign_capacity?[0m?[1m{?[0m?[3mstream.id?[0m?[2m=?[0mStreamId(3)?[1m}?[0m?[2m:?[0m ?[2mh2::proto::streams::prioritize?[0m?[2m:?[0m ?[3mavailable?[0m?[2m=?[0m1 ?[3mrequested?[0m?[2m=?[0m1 ?[3mbuffered?[0m?[2m=?[0m0 ?[3mhas_unavailable?[0m?[2m=?[0mtrue
15:05:16.549 [Thread-5] DEBUG i.pact.plugins.jvm.core.ChildProcess - Plugin protobuf [46038] || ?[2m2023-03-27T09:35:16.549121Z?[0m ?[35mTRACE?[0m tokio-runtime-worker ?[1mrequest?[0m?[1m{?[0m?[3mmethod?[0m?[2m=?[0mPOST ?[3muri?[0m?[2m=?[0mhttp://127.0.0.1:53791/area_calculator.Calculator/calculateOne ?[3mversion?[0m?[2m=?[0mHTTP/2.0?[1m}?[0m?[2m:?[0m?[1mencode?[0m?[1m{?[0m?[3mself?[0m?[2m=?[0mDynamicMessageEncoder { descriptor: DescriptorProto { name: Some("AreaResponse"), field: [FieldDescriptorProto { name: Some("value"), number: Some(1), label: Some(Repeated), r#type: Some(Float), type_name: None, extendee: None, default_value: None, oneof_index: None, json_name: Some("value"), options: None, proto3_optional: None }], extension: [], nested_type: [], enum_type: [], extension_range: [], oneof_decl: [], options: None, reserved_range: [], reserved_name: [] }, message: SynchronousMessage { id: None, key: Some("c7fbe3ee"), description: "calculate rectangle area request", provider_states: [], comments: {"testname": String("io.pact.example.grpc.consumer.PactConsumerTest.calculateRectangleArea(MockServer, SynchronousMessages)")}, request: MessageContents { contents: Present(b"\x12\n\r\0\0@@\x15\0\0\x80@", Some(ContentType { main_type: "application", sub_type: "protobuf", attributes: {"message": "ShapeMessage"}, suffix: None }), Some(BINARY)), metadata: {}, matching_rules: MatchingRules { rules: {BODY: MatchingRuleCategory { name: BODY, rules: {DocPath { path_tokens: [Root, Field("rectangle"), Field("length")], expr: "$.rectangle.length" }: RuleList { rules: [Number], rule_logic: And, cascaded: false }, DocPath { path_tokens: [Root, Field("rectangle"), Field("width")], expr: "$.rectangle.width" }: RuleList { rules: [Number], rule_logic: And, cascaded: false }} }} }, generators: Generators { categories: {} } }, response: [MessageContents { contents: Present(b"\r\0\0@A", Some(ContentType { main_type: "application", sub_type: "protobuf", attributes: {"message": "AreaResponse"}, suffix: None }), Some(BINARY)), metadata: {}, matching_rules: MatchingRules { rules: {BODY: MatchingRuleCategory { name: BODY, rules: {DocPath { path_tokens: [Root, Field("value")], expr: "$.value" }: RuleList { rules: [Number], rule_logic: And, cascaded: false }} }} }, generators: Generators { categories: {} } }], pending: false, plugin_config: {"protobuf": {"service": String("Calculator/calculateOne"), "descriptorKey": String("a85dff8f82655a9681aad113575dcfbb")}}, interaction_markup: InteractionMarkup { markup: "```protobuf\nmessage ShapeMessage {\n    message .area_calculator.Rectangle rectangle = 2;\n}\n```\n\n```protobuf\nmessage AreaResponse {\n    float value = 1;\n}\n```\n", markup_type: "COMMON_MARK" }, transport: None }, file_descriptor_set: FileDescriptorSet { file: [FileDescriptorProto { name: Some("area_calculator.proto"), package: Some("area_calculator"), dependency: [], public_dependency: [], weak_dependency: [], message_type: [DescriptorProto { name: Some("ShapeMessage"), field: [FieldDescriptorProto { name: Some("square"), number: Some(1), label: Some(Optional), r#type: Some(Message), type_name: Some(".area_calculator.Square"), extendee: None, default_value: None, oneof_index: Some(0), json_name: Some("square"), options: None, proto3_optional: None }, FieldDescriptorProto { name: Some("rectangle"), number: Some(2), label: Some(Optional), r#type: Some(Message), type_name: Some(".area_calculator.Rectangle"), extendee: None, default_value: None, oneof_index: Some(0), json_name: Some("rectangle"), options: None, proto3_optional: None }, FieldDescriptorProto { name: Some("circle"), number: Some(3), label: Some(Optional), r#type: Some(Message), type_name: Some(".area_calculator.Circle"), extendee: None, default_value: None, oneof_index: Some(0), json_name: Some("circle"), options: None, proto3_optional: None }, FieldDescriptorProto { name: Some("triangle"), number: Some(4), label: Some(Optional), r#type: Some(Message), type_name: Some(".area_calculator.Triangle"), extendee: None, default_value: None, oneof_index: Some(0), json_name: Some("triangle"), options: None, proto3_optional: None }, FieldDescriptorProto { name: Some("parallelogram"), number: Some(5), label: Some(Optional), r#type: Some(Message), type_name: Some(".area_calculator.Parallelogram"), extendee: None, default_value: None, oneof_index: Some(0), json_name: Some("parallelogram"), options: None, proto3_optional: None }], extension: [], nested_type: [], enum_type: [], extension_range: [], oneof_decl: [OneofDescriptorProto { name: Some("shape"), options: None }], options: None, reserved_range: [], reserved_name: [] }, DescriptorProto { name: Some("Square"), field: [FieldDescriptorProto { name: Some("edge_length"), number: Some(1), label: Some(Optional), r#type: Some(Float), type_name: None, extendee: None, default_value: None, oneof_index: None, json_name: Some("edgeLength"), options: None, proto3_optional: None }], extension: [], nested_type: [], enum_type: [], extension_range: [], oneof_decl: [], options: None, reserved_range: [], reserved_name: [] }, DescriptorProto { name: Some("Rectangle"), field: [FieldDescriptorProto { name: Some("length"), number: Some(1), label: Some(Optional), r#type: Some(Float), type_name: None, extendee: None, default_value: None, oneof_index: None, json_name: Some("length"), options: None, proto3_optional: None }, FieldDescriptorProto { name: Some("width"), number: Some(2), label: Some(Optional), r#type: Some(Float), type_name: None, extendee: None, default_value: None, oneof_index: None, json_name: Some("width"), options: None, proto3_optional: None }], extension: [], nested_type: [], enum_type: [], extension_range: [], oneof_decl: [], options: None, reserved_range: [], reserved_name: [] }, DescriptorProto { name: Some("Circle"), field: [FieldDescriptorProto { name: Some("radius"), number: Some(1), label: Some(Optional), r#type: Some(Float), type_name: None, extendee: None, default_value: None, oneof_index: None, json_name: Some("radius"), options: None, proto3_optional: None }], extension: [], nested_type: [], enum_type: [], extension_range: [], oneof_decl: [], options: None, reserved_range: [], reserved_name: [] }, DescriptorProto { name: Some("Triangle"), field: [FieldDescriptorProto { name: Some("edge_a"), number: Some(1), label: Some(Optional), r#type: Some(Float), type_name: None, extendee: None, default_value: None, oneof_index: None, json_name: Some("edgeA"), options: None, proto3_optional: None }, FieldDescriptorProto { name: Some("edge_b"), number: Some(2), label: Some(Optional), r#type: Some(Float), type_name: None, extendee: None, default_value: None, oneof_index: None, json_name: Some("edgeB"), options: None, proto3_optional: None }, FieldDescriptorProto { name: Some("edge_c"), number: Some(3), label: Some(Optional), r#type: Some(Float), type_name: None, extendee: None, default_value: None, oneof_index: None, json_name: Some("edgeC"), options: None, proto3_optional: None }], extension: [], nested_type: [], enum_type: [], extension_range: [], oneof_decl: [], options: None, reserved_range: [], reserved_name: [] }, DescriptorProto { name: Some("Parallelogram"), field: [FieldDescriptorProto { name: Some("base_length"), number: Some(1), label: Some(Optional), r#type: Some(Float), type_name: None, extendee: None, default_value: None, oneof_index: None, json_name: Some("baseLength"), options: None, proto3_optional: None }, FieldDescriptorProto { name: Some("height"), number: Some(2), label: Some(Optional), r#type: Some(Float), type_name: None, extendee: None, default_value: None, oneof_index: None, json_name: Some("height"), options: None, proto3_optional: None }], extension: [], nested_type: [], enum_type: [], extension_range: [], oneof_decl: [], options: None, reserved_range: [], reserved_name: [] }, DescriptorProto { name: Some("AreaRequest"), field: [FieldDescriptorProto { name: Some("shapes"), number: Some(1), label: Some(Repeated), r#type: Some(Message), type_name: Some(".area_calculator.ShapeMessage"), extendee: None, default_value: None, oneof_index: None, json_name: Some("shapes"), options: None, proto3_optional: None }], extension: [], nested_type: [], enum_type: [], extension_range: [], oneof_decl: [], options: None, reserved_range: [], reserved_name: [] }, DescriptorProto { name: Some("AreaResponse"), field: [FieldDescriptorProto { name: Some("value"), number: Some(1), label: Some(Repeated), r#type: Some(Float), type_name: None, extendee: None, default_value: None, oneof_index: None, json_name: Some("value"), options: None, proto3_optional: None }], extension: [], nested_type: [], enum_type: [], extension_range: [], oneof_decl: [], options: None, reserved_range: [], reserved_name: [] }], enum_type: [], service: [ServiceDescriptorProto { name: Some("Calculator"), method: [MethodDescriptorProto { name: Some("calculateOne"), input_type: Some(".area_calculator.ShapeMessage"), output_type: Some(".area_calculator.AreaResponse"), options: Some(MethodOptions { deprecated: None, idempotency_level: None, uninterpreted_option: [] }), client_streaming: None, server_streaming: None }, MethodDescriptorProto { name: Some("calculateMulti"), input_type: Some(".area_calculator.AreaRequest"), output_type: Some(".area_calculator.AreaResponse"), options: Some(MethodOptions { deprecated: None, idempotency_level: None, uninterpreted_option: [] }), client_streaming: None, server_streaming: None }], options: None }], extension: [], options: Some(FileOptions { java_package: None, java_outer_classname: None, java_multiple_files: None, java_generate_equals_and_hash: None, java_string_check_utf8: None, optimize_for: None, go_package: Some("io.pact/area_calculator"), cc_generic_services: None, java_generic_services: None, py_generic_services: None, php_generic_services: Some(true), deprecated: None, cc_enable_arenas: None, objc_class_prefix: None, csharp_namespace: None, swift_prefix: None, php_class_prefix: None, php_namespace: None, php_metadata_namespace: None, ruby_package: None, uninterpreted_option: [] }), source_code_info: None, syntax: Some("proto3") }] } } ?[3mitem?[0m?[2m=?[0mDynamicMessage { descriptor: DescriptorProto { name: Some("AreaResponse"), field: [FieldDescriptorProto { name: Some("value"), number: Some(1), label: Some(Repeated), r#type: Some(Float), type_name: None, extendee: None, default_value: None, oneof_index: None, json_name: Some("value"), options: None, proto3_optional: None }], extension: [], nested_type: [], enum_type: [], extension_range: [], oneof_decl: [], options: None, reserved_range: [], reserved_name: [] }, fields: [ProtobufField { field_num: 1, wire_type: ThirtyTwoBit, data: Float(12.0) }] } ?[3mdst?[0m?[2m=?[0mEncodeBuf { buf: b"\0\0\0\0\0" }?[1m}?[0m?[2m:?[0m ?[2mpact_protobuf_plugin::dynamic_message?[0m?[2m:?[0m Writing ?[3mfield?[0m?[2m=?[0m"1:(ThirtyTwoBit, Float) = 12"
15:05:16.549 [Thread-5] DEBUG i.pact.plugins.jvm.core.ChildProcess - Plugin protobuf [46038] || ?[2m2023-03-27T09:35:16.549228Z?[0m ?[35mTRACE?[0m tokio-runtime-worker ?[2mhyper::proto::h2?[0m?[2m:?[0m send body chunk: 10 bytes, eos=false
15:05:16.549 [Thread-5] DEBUG i.pact.plugins.jvm.core.ChildProcess - Plugin protobuf [46038] || ?[2m2023-03-27T09:35:16.549294Z?[0m ?[35mTRACE?[0m tokio-runtime-worker ?[1msend_data?[0m?[1m{?[0m?[3msz?[0m?[2m=?[0m10 ?[3mrequested?[0m?[2m=?[0m1?[1m}?[0m?[2m:?[0m ?[2mh2::proto::streams::prioritize?[0m?[2m:?[0m ?[3mbuffered?[0m?[2m=?[0m10
15:05:16.549 [Thread-5] DEBUG i.pact.plugins.jvm.core.ChildProcess - Plugin protobuf [46038] || ?[2m2023-03-27T09:35:16.549323Z?[0m ?[35mTRACE?[0m tokio-runtime-worker ?[1msend_data?[0m?[1m{?[0m?[3msz?[0m?[2m=?[0m10 ?[3mrequested?[0m?[2m=?[0m1?[1m}?[0m?[2m:?[0m?[1mtry_assign_capacity?[0m?[1m{?[0m?[3mstream.id?[0m?[2m=?[0mStreamId(3)?[1m}?[0m?[2m:?[0m ?[2mh2::proto::streams::prioritize?[0m?[2m:?[0m ?[3mrequested?[0m?[2m=?[0m10 ?[3madditional?[0m?[2m=?[0m9 ?[3mbuffered?[0m?[2m=?[0m10 ?[3mwindow?[0m?[2m=?[0m1048576 ?[3mconn?[0m?[2m=?[0m1048575
15:05:16.549 [Thread-5] DEBUG i.pact.plugins.jvm.core.ChildProcess - Plugin protobuf [46038] || ?[2m2023-03-27T09:35:16.549342Z?[0m ?[35mTRACE?[0m tokio-runtime-worker ?[1msend_data?[0m?[1m{?[0m?[3msz?[0m?[2m=?[0m10 ?[3mrequested?[0m?[2m=?[0m1?[1m}?[0m?[2m:?[0m?[1mtry_assign_capacity?[0m?[1m{?[0m?[3mstream.id?[0m?[2m=?[0mStreamId(3)?[1m}?[0m?[2m:?[0m ?[2mh2::proto::streams::prioritize?[0m?[2m:?[0m assigning ?[3mcapacity?[0m?[2m=?[0m9
15:05:16.549 [Thread-5] DEBUG i.pact.plugins.jvm.core.ChildProcess - Plugin protobuf [46038] || ?[2m2023-03-27T09:35:16.549355Z?[0m ?[35mTRACE?[0m tokio-runtime-worker ?[1msend_data?[0m?[1m{?[0m?[3msz?[0m?[2m=?[0m10 ?[3mrequested?[0m?[2m=?[0m1?[1m}?[0m?[2m:?[0m?[1mtry_assign_capacity?[0m?[1m{?[0m?[3mstream.id?[0m?[2m=?[0mStreamId(3)?[1m}?[0m?[2m:?[0m ?[2mh2::proto::streams::stream?[0m?[2m:?[0m   assigned capacity to stream; available=10; buffered=10; id=StreamId(3); max_buffer_size=409600
15:05:16.549 [Thread-5] DEBUG i.pact.plugins.jvm.core.ChildProcess - Plugin protobuf [46038] || ?[2m2023-03-27T09:35:16.549370Z?[0m ?[35mTRACE?[0m tokio-runtime-worker ?[1msend_data?[0m?[1m{?[0m?[3msz?[0m?[2m=?[0m10 ?[3mrequested?[0m?[2m=?[0m1?[1m}?[0m?[2m:?[0m?[1mtry_assign_capacity?[0m?[1m{?[0m?[3mstream.id?[0m?[2m=?[0mStreamId(3)?[1m}?[0m?[2m:?[0m ?[2mh2::proto::streams::prioritize?[0m?[2m:?[0m ?[3mavailable?[0m?[2m=?[0m10 ?[3mrequested?[0m?[2m=?[0m10 ?[3mbuffered?[0m?[2m=?[0m10 ?[3mhas_unavailable?[0m?[2m=?[0mtrue
15:05:16.549 [Thread-5] DEBUG i.pact.plugins.jvm.core.ChildProcess - Plugin protobuf [46038] || ?[2m2023-03-27T09:35:16.549387Z?[0m ?[35mTRACE?[0m tokio-runtime-worker ?[1msend_data?[0m?[1m{?[0m?[3msz?[0m?[2m=?[0m10 ?[3mrequested?[0m?[2m=?[0m1?[1m}?[0m?[2m:?[0m?[1mtry_assign_capacity?[0m?[1m{?[0m?[3mstream.id?[0m?[2m=?[0mStreamId(3)?[1m}?[0m?[2m:?[0m ?[2mh2::proto::streams::store?[0m?[2m:?[0m Queue::push
15:05:16.549 [Thread-5] DEBUG i.pact.plugins.jvm.core.ChildProcess - Plugin protobuf [46038] || ?[2m2023-03-27T09:35:16.549399Z?[0m ?[35mTRACE?[0m tokio-runtime-worker ?[1msend_data?[0m?[1m{?[0m?[3msz?[0m?[2m=?[0m10 ?[3mrequested?[0m?[2m=?[0m1?[1m}?[0m?[2m:?[0m?[1mtry_assign_capacity?[0m?[1m{?[0m?[3mstream.id?[0m?[2m=?[0mStreamId(3)?[1m}?[0m?[2m:?[0m ?[2mh2::proto::streams::store?[0m?[2m:?[0m  -> already queued
15:05:16.549 [Thread-5] DEBUG i.pact.plugins.jvm.core.ChildProcess - Plugin protobuf [46038] || ?[2m2023-03-27T09:35:16.549420Z?[0m ?[35mTRACE?[0m tokio-runtime-worker ?[1msend_data?[0m?[1m{?[0m?[3msz?[0m?[2m=?[0m10 ?[3mrequested?[0m?[2m=?[0m1?[1m}?[0m?[2m:?[0m ?[2mh2::proto::streams::prioritize?[0m?[2m:?[0m ?[3mavailable?[0m?[2m=?[0m10 ?[3mbuffered?[0m?[2m=?[0m10
15:05:16.549 [Thread-5] DEBUG i.pact.plugins.jvm.core.ChildProcess - Plugin protobuf [46038] || ?[2m2023-03-27T09:35:16.549443Z?[0m ?[35mTRACE?[0m tokio-runtime-worker ?[1msend_data?[0m?[1m{?[0m?[3msz?[0m?[2m=?[0m10 ?[3mrequested?[0m?[2m=?[0m1?[1m}?[0m?[2m:?[0m?[1mPrioritize::queue_frame?[0m?[1m{?[0m?[3mstream.id?[0m?[2m=?[0mStreamId(3)?[1m}?[0m?[2m:?[0m ?[2mh2::proto::streams::prioritize?[0m?[2m:?[0m schedule_send ?[3mstream.id?[0m?[2m=?[0mStreamId(3)
15:05:16.549 [Thread-5] DEBUG i.pact.plugins.jvm.core.ChildProcess - Plugin protobuf [46038] || ?[2m2023-03-27T09:35:16.549457Z?[0m ?[35mTRACE?[0m tokio-runtime-worker ?[1msend_data?[0m?[1m{?[0m?[3msz?[0m?[2m=?[0m10 ?[3mrequested?[0m?[2m=?[0m1?[1m}?[0m?[2m:?[0m?[1mPrioritize::queue_frame?[0m?[1m{?[0m?[3mstream.id?[0m?[2m=?[0mStreamId(3)?[1m}?[0m?[2m:?[0m ?[2mh2::proto::streams::store?[0m?[2m:?[0m Queue::push
15:05:16.549 [Thread-5] DEBUG i.pact.plugins.jvm.core.ChildProcess - Plugin protobuf [46038] || ?[2m2023-03-27T09:35:16.549470Z?[0m ?[35mTRACE?[0m tokio-runtime-worker ?[1msend_data?[0m?[1m{?[0m?[3msz?[0m?[2m=?[0m10 ?[3mrequested?[0m?[2m=?[0m1?[1m}?[0m?[2m:?[0m?[1mPrioritize::queue_frame?[0m?[1m{?[0m?[3mstream.id?[0m?[2m=?[0mStreamId(3)?[1m}?[0m?[2m:?[0m ?[2mh2::proto::streams::store?[0m?[2m:?[0m  -> already queued
15:05:16.549 [Thread-5] DEBUG i.pact.plugins.jvm.core.ChildProcess - Plugin protobuf [46038] || ?[2m2023-03-27T09:35:16.549503Z?[0m ?[35mTRACE?[0m tokio-runtime-worker ?[2mh2::proto::streams::counts?[0m?[2m:?[0m transition_after; stream=StreamId(3); state=State { inner: HalfClosedRemote(Streaming) }; is_closed=false; pending_send_empty=false; buffered_send_data=10; num_recv=1; num_send=0
15:05:16.549 [Thread-5] DEBUG i.pact.plugins.jvm.core.ChildProcess - Plugin protobuf [46038] || ?[2m2023-03-27T09:35:16.549544Z?[0m ?[35mTRACE?[0m tokio-runtime-worker ?[1mreserve_capacity?[0m?[1m{?[0m?[3mstream.id?[0m?[2m=?[0mStreamId(3) ?[3mrequested?[0m?[2m=?[0m1 ?[3meffective?[0m?[2m=?[0m11 ?[3mcurr?[0m?[2m=?[0m10?[1m}?[0m?[2m:?[0m?[1mtry_assign_capacity?[0m?[1m{?[0m?[3mstream.id?[0m?[2m=?[0mStreamId(3)?[1m}?[0m?[2m:?[0m ?[2mh2::proto::streams::prioritize?[0m?[2m:?[0m ?[3mrequested?[0m?[2m=?[0m11 ?[3madditional?[0m?[2m=?[0m1 ?[3mbuffered?[0m?[2m=?[0m10 ?[3mwindow?[0m?[2m=?[0m1048576 ?[3mconn?[0m?[2m=?[0m1048566
15:05:16.549 [Thread-5] DEBUG i.pact.plugins.jvm.core.ChildProcess - Plugin protobuf [46038] || ?[2m2023-03-27T09:35:16.549563Z?[0m ?[35mTRACE?[0m tokio-runtime-worker ?[1mreserve_capacity?[0m?[1m{?[0m?[3mstream.id?[0m?[2m=?[0mStreamId(3) ?[3mrequested?[0m?[2m=?[0m1 ?[3meffective?[0m?[2m=?[0m11 ?[3mcurr?[0m?[2m=?[0m10?[1m}?[0m?[2m:?[0m?[1mtry_assign_capacity?[0m?[1m{?[0m?[3mstream.id?[0m?[2m=?[0mStreamId(3)?[1m}?[0m?[2m:?[0m ?[2mh2::proto::streams::prioritize?[0m?[2m:?[0m assigning ?[3mcapacity?[0m?[2m=?[0m1
15:05:16.549 [Thread-5] DEBUG i.pact.plugins.jvm.core.ChildProcess - Plugin protobuf [46038] || ?[2m2023-03-27T09:35:16.549577Z?[0m ?[35mTRACE?[0m tokio-runtime-worker ?[1mreserve_capacity?[0m?[1m{?[0m?[3mstream.id?[0m?[2m=?[0mStreamId(3) ?[3mrequested?[0m?[2m=?[0m1 ?[3meffective?[0m?[2m=?[0m11 ?[3mcurr?[0m?[2m=?[0m10?[1m}?[0m?[2m:?[0m?[1mtry_assign_capacity?[0m?[1m{?[0m?[3mstream.id?[0m?[2m=?[0mStreamId(3)?[1m}?[0m?[2m:?[0m ?[2mh2::proto::streams::stream?[0m?[2m:?[0m   assigned capacity to stream; available=11; buffered=10; id=StreamId(3); max_buffer_size=409600
15:05:16.549 [Thread-5] DEBUG i.pact.plugins.jvm.core.ChildProcess - Plugin protobuf [46038] || ?[2m2023-03-27T09:35:16.549592Z?[0m ?[35mTRACE?[0m tokio-runtime-worker ?[1mreserve_capacity?[0m?[1m{?[0m?[3mstream.id?[0m?[2m=?[0mStreamId(3) ?[3mrequested?[0m?[2m=?[0m1 ?[3meffective?[0m?[2m=?[0m11 ?[3mcurr?[0m?[2m=?[0m10?[1m}?[0m?[2m:?[0m?[1mtry_assign_capacity?[0m?[1m{?[0m?[3mstream.id?[0m?[2m=?[0mStreamId(3)?[1m}?[0m?[2m:?[0m ?[2mh2::proto::streams::stream?[0m?[2m:?[0m   notifying task
15:05:16.549 [Thread-5] DEBUG i.pact.plugins.jvm.core.ChildProcess - Plugin protobuf [46038] || ?[2m2023-03-27T09:35:16.549606Z?[0m ?[35mTRACE?[0m tokio-runtime-worker ?[1mreserve_capacity?[0m?[1m{?[0m?[3mstream.id?[0m?[2m=?[0mStreamId(3) ?[3mrequested?[0m?[2m=?[0m1 ?[3meffective?[0m?[2m=?[0m11 ?[3mcurr?[0m?[2m=?[0m10?[1m}?[0m?[2m:?[0m?[1mtry_assign_capacity?[0m?[1m{?[0m?[3mstream.id?[0m?[2m=?[0mStreamId(3)?[1m}?[0m?[2m:?[0m ?[2mh2::proto::streams::prioritize?[0m?[2m:?[0m ?[3mavailable?[0m?[2m=?[0m11 ?[3mrequested?[0m?[2m=?[0m11 ?[3mbuffered?[0m?[2m=?[0m10 ?[3mhas_unavailable?[0m?[2m=?[0mtrue
15:05:16.549 [Thread-5] DEBUG i.pact.plugins.jvm.core.ChildProcess - Plugin protobuf [46038] || ?[2m2023-03-27T09:35:16.549623Z?[0m ?[35mTRACE?[0m tokio-runtime-worker ?[1mreserve_capacity?[0m?[1m{?[0m?[3mstream.id?[0m?[2m=?[0mStreamId(3) ?[3mrequested?[0m?[2m=?[0m1 ?[3meffective?[0m?[2m=?[0m11 ?[3mcurr?[0m?[2m=?[0m10?[1m}?[0m?[2m:?[0m?[1mtry_assign_capacity?[0m?[1m{?[0m?[3mstream.id?[0m?[2m=?[0mStreamId(3)?[1m}?[0m?[2m:?[0m ?[2mh2::proto::streams::store?[0m?[2m:?[0m Queue::push
15:05:16.549 [Thread-5] DEBUG i.pact.plugins.jvm.core.ChildProcess - Plugin protobuf [46038] || ?[2m2023-03-27T09:35:16.549638Z?[0m ?[35mTRACE?[0m tokio-runtime-worker ?[1mreserve_capacity?[0m?[1m{?[0m?[3mstream.id?[0m?[2m=?[0mStreamId(3) ?[3mrequested?[0m?[2m=?[0m1 ?[3meffective?[0m?[2m=?[0m11 ?[3mcurr?[0m?[2m=?[0m10?[1m}?[0m?[2m:?[0m?[1mtry_assign_capacity?[0m?[1m{?[0m?[3mstream.id?[0m?[2m=?[0mStreamId(3)?[1m}?[0m?[2m:?[0m ?[2mh2::proto::streams::store?[0m?[2m:?[0m  -> already queued
15:05:16.550 [Thread-5] DEBUG i.pact.plugins.jvm.core.ChildProcess - Plugin protobuf [46038] || ?[2m2023-03-27T09:35:16.549757Z?[0m ?[34mDEBUG?[0m tokio-runtime-worker ?[1mrequest?[0m?[1m{?[0m?[3mmethod?[0m?[2m=?[0mPOST ?[3muri?[0m?[2m=?[0mhttp://127.0.0.1:53791/area_calculator.Calculator/calculateOne ?[3mversion?[0m?[2m=?[0mHTTP/2.0?[1m}?[0m?[2m:?[0m ?[2mtower_http::trace::on_eos?[0m?[2m:?[0m end of stream ?[3mstream_duration?[0m?[2m=?[0m1 ms ?[3mstatus?[0m?[2m=?[0m0
15:05:16.550 [Thread-5] DEBUG i.pact.plugins.jvm.core.ChildProcess - Plugin protobuf [46038] || ?[2m2023-03-27T09:35:16.549792Z?[0m ?[35mTRACE?[0m tokio-runtime-worker ?[2mh2::proto::streams::state?[0m?[2m:?[0m send_close: HalfClosedRemote => Closed
15:05:16.550 [Thread-5] DEBUG i.pact.plugins.jvm.core.ChildProcess - Plugin protobuf [46038] || ?[2m2023-03-27T09:35:16.549805Z?[0m ?[35mTRACE?[0m tokio-runtime-worker ?[2mh2::proto::streams::send?[0m?[2m:?[0m send_trailers -- queuing; frame=Headers { stream_id: StreamId(3), flags: (0x5: END_HEADERS | END_STREAM) }
15:05:16.550 [Thread-5] DEBUG i.pact.plugins.jvm.core.ChildProcess - Plugin protobuf [46038] || ?[2m2023-03-27T09:35:16.549829Z?[0m ?[35mTRACE?[0m tokio-runtime-worker ?[1mPrioritize::queue_frame?[0m?[1m{?[0m?[3mstream.id?[0m?[2m=?[0mStreamId(3)?[1m}?[0m?[2m:?[0m ?[2mh2::proto::streams::prioritize?[0m?[2m:?[0m schedule_send ?[3mstream.id?[0m?[2m=?[0mStreamId(3)
15:05:16.550 [Thread-5] DEBUG i.pact.plugins.jvm.core.ChildProcess - Plugin protobuf [46038] || ?[2m2023-03-27T09:35:16.549844Z?[0m ?[35mTRACE?[0m tokio-runtime-worker ?[1mPrioritize::queue_frame?[0m?[1m{?[0m?[3mstream.id?[0m?[2m=?[0mStreamId(3)?[1m}?[0m?[2m:?[0m ?[2mh2::proto::streams::store?[0m?[2m:?[0m Queue::push
15:05:16.550 [Thread-5] DEBUG i.pact.plugins.jvm.core.ChildProcess - Plugin protobuf [46038] || ?[2m2023-03-27T09:35:16.549855Z?[0m ?[35mTRACE?[0m tokio-runtime-worker ?[1mPrioritize::queue_frame?[0m?[1m{?[0m?[3mstream.id?[0m?[2m=?[0mStreamId(3)?[1m}?[0m?[2m:?[0m ?[2mh2::proto::streams::store?[0m?[2m:?[0m  -> already queued
15:05:16.550 [Thread-5] DEBUG i.pact.plugins.jvm.core.ChildProcess - Plugin protobuf [46038] || ?[2m2023-03-27T09:35:16.549902Z?[0m ?[35mTRACE?[0m tokio-runtime-worker ?[2mh2::proto::streams::counts?[0m?[2m:?[0m transition_after; stream=StreamId(3); state=State { inner: Closed(EndStream) }; is_closed=false; pending_send_empty=false; buffered_send_data=10; num_recv=1; num_send=0
15:05:16.550 [Thread-5] DEBUG i.pact.plugins.jvm.core.ChildProcess - Plugin protobuf [46038] || ?[2m2023-03-27T09:35:16.549949Z?[0m ?[35mTRACE?[0m tokio-runtime-worker ?[2mh2::proto::streams::streams?[0m?[2m:?[0m drop_stream_ref; stream=Stream { id: StreamId(3), state: State { inner: Closed(EndStream) }, is_counted: true, ref_count: 2, next_pending_send: None, is_pending_send: true, send_flow: FlowControl { window_size: Window(1048576), available: Window(10) }, requested_send_capacity: 10, buffered_send_data: 10, send_task: Some(Waker { data: 0x7fe00e010c00, vtable: 0x103d08f58 }), pending_send: Deque { indices: Some(Indices { head: 0, tail: 2 }) }, next_pending_send_capacity: None, is_pending_send_capacity: false, send_capacity_inc: true, next_open: None, is_pending_open: false, is_pending_push: false, next_pending_accept: None, is_pending_accept: false, recv_flow: FlowControl { window_size: Window(1048559), available: Window(1048576) }, in_flight_recv_data: 0, next_window_update: None, is_pending_window_update: false, reset_at: None, next_reset_expire: None, pending_recv: Deque { indices: None }, recv_task: None, pending_push_promises: Queue { indices: None, _p: PhantomData }, content_length: Omitted }
15:05:16.550 [Thread-5] DEBUG i.pact.plugins.jvm.core.ChildProcess - Plugin protobuf [46038] || ?[2m2023-03-27T09:35:16.550018Z?[0m ?[35mTRACE?[0m tokio-runtime-worker ?[2mh2::proto::streams::counts?[0m?[2m:?[0m transition_after; stream=StreamId(3); state=State { inner: Closed(EndStream) }; is_closed=false; pending_send_empty=false; buffered_send_data=10; num_recv=1; num_send=0
15:05:16.550 [Thread-5] DEBUG i.pact.plugins.jvm.core.ChildProcess - Plugin protobuf [46038] || ?[2m2023-03-27T09:35:16.550032Z?[0m ?[35mTRACE?[0m tokio-runtime-worker ?[2mh2::proto::streams::streams?[0m?[2m:?[0m drop_stream_ref; stream=Stream { id: StreamId(3), state: State { inner: Closed(EndStream) }, is_counted: true, ref_count: 1, next_pending_send: None, is_pending_send: true, send_flow: FlowControl { window_size: Window(1048576), available: Window(10) }, requested_send_capacity: 10, buffered_send_data: 10, send_task: Some(Waker { data: 0x7fe00e010c00, vtable: 0x103d08f58 }), pending_send: Deque { indices: Some(Indices { head: 0, tail: 2 }) }, next_pending_send_capacity: None, is_pending_send_capacity: false, send_capacity_inc: true, next_open: None, is_pending_open: false, is_pending_push: false, next_pending_accept: None, is_pending_accept: false, recv_flow: FlowControl { window_size: Window(1048559), available: Window(1048576) }, in_flight_recv_data: 0, next_window_update: None, is_pending_window_update: false, reset_at: None, next_reset_expire: None, pending_recv: Deque { indices: None }, recv_task: None, pending_push_promises: Queue { indices: None, _p: PhantomData }, content_length: Omitted }
15:05:16.550 [Thread-5] DEBUG i.pact.plugins.jvm.core.ChildProcess - Plugin protobuf [46038] || ?[2m2023-03-27T09:35:16.550054Z?[0m ?[35mTRACE?[0m tokio-runtime-worker ?[2mh2::proto::streams::counts?[0m?[2m:?[0m transition_after; stream=StreamId(3); state=State { inner: Closed(EndStream) }; is_closed=false; pending_send_empty=false; buffered_send_data=10; num_recv=1; num_send=0
15:05:16.550 [Thread-5] DEBUG i.pact.plugins.jvm.core.ChildProcess - Plugin protobuf [46038] || ?[2m2023-03-27T09:35:16.550097Z?[0m ?[35mTRACE?[0m tokio-runtime-worker ?[1mserver_handshake?[0m?[2m:?[0m?[1mConnection?[0m?[1m{?[0m?[3mpeer?[0m?[2m=?[0mServer?[1m}?[0m?[2m:?[0m?[1mpoll?[0m?[2m:?[0m ?[2mh2::proto::connection?[0m?[2m:?[0m ?[3mconnection.state?[0m?[2m=?[0mOpen
15:05:16.550 [Thread-5] DEBUG i.pact.plugins.jvm.core.ChildProcess - Plugin protobuf [46038] || ?[2m2023-03-27T09:35:16.550132Z?[0m ?[35mTRACE?[0m tokio-runtime-worker ?[1mserver_handshake?[0m?[2m:?[0m?[1mConnection?[0m?[1m{?[0m?[3mpeer?[0m?[2m=?[0mServer?[1m}?[0m?[2m:?[0m?[1mpoll?[0m?[2m:?[0m?[1mFramedRead::poll_next?[0m?[2m:?[0m ?[2mh2::codec::framed_read?[0m?[2m:?[0m poll
15:05:16.550 [Thread-5] DEBUG i.pact.plugins.jvm.core.ChildProcess - Plugin protobuf [46038] || ?[2m2023-03-27T09:35:16.550179Z?[0m ?[35mTRACE?[0m tokio-runtime-worker ?[1mserver_handshake?[0m?[2m:?[0m?[1mConnection?[0m?[1m{?[0m?[3mpeer?[0m?[2m=?[0mServer?[1m}?[0m?[2m:?[0m?[1mpoll?[0m?[2m:?[0m ?[2mh2::proto::streams::prioritize?[0m?[2m:?[0m poll_complete
15:05:16.550 [Thread-5] DEBUG i.pact.plugins.jvm.core.ChildProcess - Plugin protobuf [46038] || ?[2m2023-03-27T09:35:16.550231Z?[0m ?[35mTRACE?[0m tokio-runtime-worker ?[1mserver_handshake?[0m?[2m:?[0m?[1mConnection?[0m?[1m{?[0m?[3mpeer?[0m?[2m=?[0mServer?[1m}?[0m?[2m:?[0m?[1mpoll?[0m?[2m:?[0m ?[2mh2::proto::streams::prioritize?[0m?[2m:?[0m schedule_pending_open
15:05:16.550 [Thread-5] DEBUG i.pact.plugins.jvm.core.ChildProcess - Plugin protobuf [46038] || ?[2m2023-03-27T09:35:16.550276Z?[0m ?[35mTRACE?[0m tokio-runtime-worker ?[1mserver_handshake?[0m?[2m:?[0m?[1mConnection?[0m?[1m{?[0m?[3mpeer?[0m?[2m=?[0mServer?[1m}?[0m?[2m:?[0m?[1mpoll?[0m?[2m:?[0m?[1mpop_frame?[0m?[2m:?[0m?[1mpopped?[0m?[1m{?[0m?[3mstream.id?[0m?[2m=?[0mStreamId(3) ?[3mstream.state?[0m?[2m=?[0mState { inner: Closed(EndStream) }?[1m}?[0m?[2m:?[0m ?[2mh2::proto::streams::prioritize?[0m?[2m:?[0m ?[3mis_pending_reset?[0m?[2m=?[0mfalse
15:05:16.550 [Thread-5] DEBUG i.pact.plugins.jvm.core.ChildProcess - Plugin protobuf [46038] || ?[2m2023-03-27T09:35:16.550297Z?[0m ?[35mTRACE?[0m tokio-runtime-worker ?[1mserver_handshake?[0m?[2m:?[0m?[1mConnection?[0m?[1m{?[0m?[3mpeer?[0m?[2m=?[0mServer?[1m}?[0m?[2m:?[0m?[1mpoll?[0m?[2m:?[0m?[1mpop_frame?[0m?[2m:?[0m?[1mpopped?[0m?[1m{?[0m?[3mstream.id?[0m?[2m=?[0mStreamId(3) ?[3mstream.state?[0m?[2m=?[0mState { inner: Closed(EndStream) }?[1m}?[0m?[2m:?[0m ?[2mh2::proto::streams::prioritize?[0m?[2m:?[0m pop_frame; frame=Headers { stream_id: StreamId(3), flags: (0x4: END_HEADERS) }
15:05:16.550 [Thread-5] DEBUG i.pact.plugins.jvm.core.ChildProcess - Plugin protobuf [46038] || ?[2m2023-03-27T09:35:16.550317Z?[0m ?[35mTRACE?[0m tokio-runtime-worker ?[1mserver_handshake?[0m?[2m:?[0m?[1mConnection?[0m?[1m{?[0m?[3mpeer?[0m?[2m=?[0mServer?[1m}?[0m?[2m:?[0m?[1mpoll?[0m?[2m:?[0m?[1mpop_frame?[0m?[2m:?[0m?[1mpopped?[0m?[1m{?[0m?[3mstream.id?[0m?[2m=?[0mStreamId(3) ?[3mstream.state?[0m?[2m=?[0mState { inner: Closed(EndStream) }?[1m}?[0m?[2m:?[0m ?[2mh2::proto::streams::store?[0m?[2m:?[0m Queue::push
15:05:16.550 [Thread-5] DEBUG i.pact.plugins.jvm.core.ChildProcess - Plugin protobuf [46038] || ?[2m2023-03-27T09:35:16.550334Z?[0m ?[35mTRACE?[0m tokio-runtime-worker ?[1mserver_handshake?[0m?[2m:?[0m?[1mConnection?[0m?[1m{?[0m?[3mpeer?[0m?[2m=?[0mServer?[1m}?[0m?[2m:?[0m?[1mpoll?[0m?[2m:?[0m?[1mpop_frame?[0m?[2m:?[0m?[1mpopped?[0m?[1m{?[0m?[3mstream.id?[0m?[2m=?[0mStreamId(3) ?[3mstream.state?[0m?[2m=?[0mState { inner: Closed(EndStream) }?[1m}?[0m?[2m:?[0m ?[2mh2::proto::streams::store?[0m?[2m:?[0m  -> first entry
15:05:16.550 [Thread-5] DEBUG i.pact.plugins.jvm.core.ChildProcess - Plugin protobuf [46038] || ?[2m2023-03-27T09:35:16.550354Z?[0m ?[35mTRACE?[0m tokio-runtime-worker ?[1mserver_handshake?[0m?[2m:?[0m?[1mConnection?[0m?[1m{?[0m?[3mpeer?[0m?[2m=?[0mServer?[1m}?[0m?[2m:?[0m?[1mpoll?[0m?[2m:?[0m?[1mpop_frame?[0m?[2m:?[0m?[1mpopped?[0m?[1m{?[0m?[3mstream.id?[0m?[2m=?[0mStreamId(3) ?[3mstream.state?[0m?[2m=?[0mState { inner: Closed(EndStream) }?[1m}?[0m?[2m:?[0m ?[2mh2::proto::streams::counts?[0m?[2m:?[0m transition_after; stream=StreamId(3); state=State { inner: Closed(EndStream) }; is_closed=false; pending_send_empty=false; buffered_send_data=10; num_recv=1; num_send=0
15:05:16.550 [Thread-5] DEBUG i.pact.plugins.jvm.core.ChildProcess - Plugin protobuf [46038] || ?[2m2023-03-27T09:35:16.550390Z?[0m ?[35mTRACE?[0m tokio-runtime-worker ?[1mserver_handshake?[0m?[2m:?[0m?[1mConnection?[0m?[1m{?[0m?[3mpeer?[0m?[2m=?[0mServer?[1m}?[0m?[2m:?[0m?[1mpoll?[0m?[2m:?[0m ?[2mh2::proto::streams::prioritize?[0m?[2m:?[0m writing ?[3mframe?[0m?[2m=?[0mHeaders { stream_id: StreamId(3), flags: (0x4: END_HEADERS) }
15:05:16.550 [Thread-5] DEBUG i.pact.plugins.jvm.core.ChildProcess - Plugin protobuf [46038] || ?[2m2023-03-27T09:35:16.550422Z?[0m ?[34mDEBUG?[0m tokio-runtime-worker ?[1mserver_handshake?[0m?[2m:?[0m?[1mConnection?[0m?[1m{?[0m?[3mpeer?[0m?[2m=?[0mServer?[1m}?[0m?[2m:?[0m?[1mpoll?[0m?[2m:?[0m?[1mFramedWrite::buffer?[0m?[1m{?[0m?[3mframe?[0m?[2m=?[0mHeaders { stream_id: StreamId(3), flags: (0x4: END_HEADERS) }?[1m}?[0m?[2m:?[0m ?[2mh2::codec::framed_write?[0m?[2m:?[0m send ?[3mframe?[0m?[2m=?[0mHeaders { stream_id: StreamId(3), flags: (0x4: END_HEADERS) }
15:05:16.550 [Thread-5] DEBUG i.pact.plugins.jvm.core.ChildProcess - Plugin protobuf [46038] || ?[2m2023-03-27T09:35:16.550529Z?[0m ?[35mTRACE?[0m tokio-runtime-worker ?[1mserver_handshake?[0m?[2m:?[0m?[1mConnection?[0m?[1m{?[0m?[3mpeer?[0m?[2m=?[0mServer?[1m}?[0m?[2m:?[0m?[1mpoll?[0m?[2m:?[0m ?[2mh2::proto::streams::prioritize?[0m?[2m:?[0m schedule_pending_open
15:05:16.550 [Thread-5] DEBUG i.pact.plugins.jvm.core.ChildProcess - Plugin protobuf [46038] || ?[2m2023-03-27T09:35:16.550570Z?[0m ?[35mTRACE?[0m tokio-runtime-worker ?[1mserver_handshake?[0m?[2m:?[0m?[1mConnection?[0m?[1m{?[0m?[3mpeer?[0m?[2m=?[0mServer?[1m}?[0m?[2m:?[0m?[1mpoll?[0m?[2m:?[0m?[1mpop_frame?[0m?[2m:?[0m?[1mpopped?[0m?[1m{?[0m?[3mstream.id?[0m?[2m=?[0mStreamId(3) ?[3mstream.state?[0m?[2m=?[0mState { inner: Closed(EndStream) }?[1m}?[0m?[2m:?[0m ?[2mh2::proto::streams::prioritize?[0m?[2m:?[0m ?[3mis_pending_reset?[0m?[2m=?[0mfalse
15:05:16.550 [Thread-5] DEBUG i.pact.plugins.jvm.core.ChildProcess - Plugin protobuf [46038] || ?[2m2023-03-27T09:35:16.550589Z?[0m ?[35mTRACE?[0m tokio-runtime-worker ?[1mserver_handshake?[0m?[2m:?[0m?[1mConnection?[0m?[1m{?[0m?[3mpeer?[0m?[2m=?[0mServer?[1m}?[0m?[2m:?[0m?[1mpoll?[0m?[2m:?[0m?[1mpop_frame?[0m?[2m:?[0m?[1mpopped?[0m?[1m{?[0m?[3mstream.id?[0m?[2m=?[0mStreamId(3) ?[3mstream.state?[0m?[2m=?[0mState { inner: Closed(EndStream) }?[1m}?[0m?[2m:?[0m ?[2mh2::proto::streams::prioritize?[0m?[2m:?[0m data frame ?[3msz?[0m?[2m=?[0m10 ?[3meos?[0m?[2m=?[0mfalse ?[3mwindow?[0m?[2m=?[0m10 ?[3mavailable?[0m?[2m=?[0m10 ?[3mrequested?[0m?[2m=?[0m10 ?[3mbuffered?[0m?[2m=?[0m10
15:05:16.550 [Thread-5] DEBUG i.pact.plugins.jvm.core.ChildProcess - Plugin protobuf [46038] || ?[2m2023-03-27T09:35:16.550613Z?[0m ?[35mTRACE?[0m tokio-runtime-worker ?[1mserver_handshake?[0m?[2m:?[0m?[1mConnection?[0m?[1m{?[0m?[3mpeer?[0m?[2m=?[0mServer?[1m}?[0m?[2m:?[0m?[1mpoll?[0m?[2m:?[0m?[1mpop_frame?[0m?[2m:?[0m?[1mpopped?[0m?[1m{?[0m?[3mstream.id?[0m?[2m=?[0mStreamId(3) ?[3mstream.state?[0m?[2m=?[0mState { inner: Closed(EndStream) }?[1m}?[0m?[2m:?[0m ?[2mh2::proto::streams::prioritize?[0m?[2m:?[0m sending data frame ?[3mlen?[0m?[2m=?[0m10
15:05:16.550 [Thread-5] DEBUG i.pact.plugins.jvm.core.ChildProcess - Plugin protobuf [46038] || ?[2m2023-03-27T09:35:16.550638Z?[0m ?[35mTRACE?[0m tokio-runtime-worker ?[1mserver_handshake?[0m?[2m:?[0m?[1mConnection?[0m?[1m{?[0m?[3mpeer?[0m?[2m=?[0mServer?[1m}?[0m?[2m:?[0m?[1mpoll?[0m?[2m:?[0m?[1mpop_frame?[0m?[2m:?[0m?[1mpopped?[0m?[1m{?[0m?[3mstream.id?[0m?[2m=?[0mStreamId(3) ?[3mstream.state?[0m?[2m=?[0mState { inner: Closed(EndStream) }?[1m}?[0m?[2m:?[0m?[1mupdating stream flow?[0m?[2m:?[0m ?[2mh2::proto::streams::flow_control?[0m?[2m:?[0m send_data; sz=10; window=1048576; available=10
15:05:16.550 [Thread-5] DEBUG i.pact.plugins.jvm.core.ChildProcess - Plugin protobuf [46038] || ?[2m2023-03-27T09:35:16.550676Z?[0m ?[35mTRACE?[0m tokio-runtime-worker ?[1mserver_handshake?[0m?[2m:?[0m?[1mConnection?[0m?[1m{?[0m?[3mpeer?[0m?[2m=?[0mServer?[1m}?[0m?[2m:?[0m?[1mpoll?[0m?[2m:?[0m?[1mpop_frame?[0m?[2m:?[0m?[1mpopped?[0m?[1m{?[0m?[3mstream.id?[0m?[2m=?[0mStreamId(3) ?[3mstream.state?[0m?[2m=?[0mState { inner: Closed(EndStream) }?[1m}?[0m?[2m:?[0m?[1mupdating connection flow?[0m?[2m:?[0m ?[2mh2::proto::streams::flow_control?[0m?[2m:?[0m send_data; sz=10; window=1048576; available=1048576
15:05:16.550 [Thread-5] DEBUG i.pact.plugins.jvm.core.ChildProcess - Plugin protobuf [46038] || ?[2m2023-03-27T09:35:16.550718Z?[0m ?[35mTRACE?[0m tokio-runtime-worker ?[1mserver_handshake?[0m?[2m:?[0m?[1mConnection?[0m?[1m{?[0m?[3mpeer?[0m?[2m=?[0mServer?[1m}?[0m?[2m:?[0m?[1mpoll?[0m?[2m:?[0m?[1mpop_frame?[0m?[2m:?[0m?[1mpopped?[0m?[1m{?[0m?[3mstream.id?[0m?[2m=?[0mStreamId(3) ?[3mstream.state?[0m?[2m=?[0mState { inner: Closed(EndStream) }?[1m}?[0m?[2m:?[0m ?[2mh2::proto::streams::prioritize?[0m?[2m:?[0m pop_frame; frame=Data { stream_id: StreamId(3) }
15:05:16.550 [Thread-5] DEBUG i.pact.plugins.jvm.core.ChildProcess - Plugin protobuf [46038] || ?[2m2023-03-27T09:35:16.550735Z?[0m ?[35mTRACE?[0m tokio-runtime-worker ?[1mserver_handshake?[0m?[2m:?[0m?[1mConnection?[0m?[1m{?[0m?[3mpeer?[0m?[2m=?[0mServer?[1m}?[0m?[2m:?[0m?[1mpoll?[0m?[2m:?[0m?[1mpop_frame?[0m?[2m:?[0m?[1mpopped?[0m?[1m{?[0m?[3mstream.id?[0m?[2m=?[0mStreamId(3) ?[3mstream.state?[0m?[2m=?[0mState { inner: Closed(EndStream) }?[1m}?[0m?[2m:?[0m ?[2mh2::proto::streams::store?[0m?[2m:?[0m Queue::push
15:05:16.550 [Thread-5] DEBUG i.pact.plugins.jvm.core.ChildProcess - Plugin protobuf [46038] || ?[2m2023-03-27T09:35:16.550748Z?[0m ?[35mTRACE?[0m tokio-runtime-worker ?[1mserver_handshake?[0m?[2m:?[0m?[1mConnection?[0m?[1m{?[0m?[3mpeer?[0m?[2m=?[0mServer?[1m}?[0m?[2m:?[0m?[1mpoll?[0m?[2m:?[0m?[1mpop_frame?[0m?[2m:?[0m?[1mpopped?[0m?[1m{?[0m?[3mstream.id?[0m?[2m=?[0mStreamId(3) ?[3mstream.state?[0m?[2m=?[0mState { inner: Closed(EndStream) }?[1m}?[0m?[2m:?[0m ?[2mh2::proto::streams::store?[0m?[2m:?[0m  -> first entry
15:05:16.550 [Thread-5] DEBUG i.pact.plugins.jvm.core.ChildProcess - Plugin protobuf [46038] || ?[2m2023-03-27T09:35:16.550763Z?[0m ?[35mTRACE?[0m tokio-runtime-worker ?[1mserver_handshake?[0m?[2m:?[0m?[1mConnection?[0m?[1m{?[0m?[3mpeer?[0m?[2m=?[0mServer?[1m}?[0m?[2m:?[0m?[1mpoll?[0m?[2m:?[0m?[1mpop_frame?[0m?[2m:?[0m?[1mpopped?[0m?[1m{?[0m?[3mstream.id?[0m?[2m=?[0mStreamId(3) ?[3mstream.state?[0m?[2m=?[0mState { inner: Closed(EndStream) }?[1m}?[0m?[2m:?[0m ?[2mh2::proto::streams::counts?[0m?[2m:?[0m transition_after; stream=StreamId(3); state=State { inner: Closed(EndStream) }; is_closed=false; pending_send_empty=false; buffered_send_data=0; num_recv=1; num_send=0
15:05:16.550 [Thread-5] DEBUG i.pact.plugins.jvm.core.ChildProcess - Plugin protobuf [46038] || ?[2m2023-03-27T09:35:16.550796Z?[0m ?[35mTRACE?[0m tokio-runtime-worker ?[1mserver_handshake?[0m?[2m:?[0m?[1mConnection?[0m?[1m{?[0m?[3mpeer?[0m?[2m=?[0mServer?[1m}?[0m?[2m:?[0m?[1mpoll?[0m?[2m:?[0m ?[2mh2::proto::streams::prioritize?[0m?[2m:?[0m writing ?[3mframe?[0m?[2m=?[0mData { stream_id: StreamId(3) }
15:05:16.550 [Thread-5] DEBUG i.pact.plugins.jvm.core.ChildProcess - Plugin protobuf [46038] || ?[2m2023-03-27T09:35:16.550824Z?[0m ?[34mDEBUG?[0m tokio-runtime-worker ?[1mserver_handshake?[0m?[2m:?[0m?[1mConnection?[0m?[1m{?[0m?[3mpeer?[0m?[2m=?[0mServer?[1m}?[0m?[2m:?[0m?[1mpoll?[0m?[2m:?[0m?[1mFramedWrite::buffer?[0m?[1m{?[0m?[3mframe?[0m?[2m=?[0mData { stream_id: StreamId(3) }?[1m}?[0m?[2m:?[0m ?[2mh2::codec::framed_write?[0m?[2m:?[0m send ?[3mframe?[0m?[2m=?[0mData { stream_id: StreamId(3) }
15:05:16.550 [Thread-5] DEBUG i.pact.plugins.jvm.core.ChildProcess - Plugin protobuf [46038] || ?[2m2023-03-27T09:35:16.550899Z?[0m ?[35mTRACE?[0m tokio-runtime-worker ?[1mserver_handshake?[0m?[2m:?[0m?[1mConnection?[0m?[1m{?[0m?[3mpeer?[0m?[2m=?[0mServer?[1m}?[0m?[2m:?[0m?[1mpoll?[0m?[2m:?[0m?[1mtry_reclaim_frame?[0m?[2m:?[0m ?[2mh2::proto::streams::prioritize?[0m?[2m:?[0m reclaimed ?[3mframe?[0m?[2m=?[0mData { stream_id: StreamId(3) } ?[3msz?[0m?[2m=?[0m0
15:05:16.550 [Thread-5] DEBUG i.pact.plugins.jvm.core.ChildProcess - Plugin protobuf [46038] || ?[2m2023-03-27T09:35:16.550931Z?[0m ?[35mTRACE?[0m tokio-runtime-worker ?[1mserver_handshake?[0m?[2m:?[0m?[1mConnection?[0m?[1m{?[0m?[3mpeer?[0m?[2m=?[0mServer?[1m}?[0m?[2m:?[0m?[1mpoll?[0m?[2m:?[0m ?[2mh2::proto::streams::prioritize?[0m?[2m:?[0m schedule_pending_open
15:05:16.551 [Thread-5] DEBUG i.pact.plugins.jvm.core.ChildProcess - Plugin protobuf [46038] || ?[2m2023-03-27T09:35:16.550961Z?[0m ?[35mTRACE?[0m tokio-runtime-worker ?[1mserver_handshake?[0m?[2m:?[0m?[1mConnection?[0m?[1m{?[0m?[3mpeer?[0m?[2m=?[0mServer?[1m}?[0m?[2m:?[0m?[1mpoll?[0m?[2m:?[0m?[1mpop_frame?[0m?[2m:?[0m?[1mpopped?[0m?[1m{?[0m?[3mstream.id?[0m?[2m=?[0mStreamId(3) ?[3mstream.state?[0m?[2m=?[0mState { inner: Closed(EndStream) }?[1m}?[0m?[2m:?[0m ?[2mh2::proto::streams::prioritize?[0m?[2m:?[0m ?[3mis_pending_reset?[0m?[2m=?[0mfalse
15:05:16.551 [Thread-5] DEBUG i.pact.plugins.jvm.core.ChildProcess - Plugin protobuf [46038] || ?[2m2023-03-27T09:35:16.550976Z?[0m ?[35mTRACE?[0m tokio-runtime-worker ?[1mserver_handshake?[0m?[2m:?[0m?[1mConnection?[0m?[1m{?[0m?[3mpeer?[0m?[2m=?[0mServer?[1m}?[0m?[2m:?[0m?[1mpoll?[0m?[2m:?[0m?[1mpop_frame?[0m?[2m:?[0m?[1mpopped?[0m?[1m{?[0m?[3mstream.id?[0m?[2m=?[0mStreamId(3) ?[3mstream.state?[0m?[2m=?[0mState { inner: Closed(EndStream) }?[1m}?[0m?[2m:?[0m ?[2mh2::proto::streams::prioritize?[0m?[2m:?[0m pop_frame; frame=Headers { stream_id: StreamId(3), flags: (0x5: END_HEADERS | END_STREAM) }
15:05:16.551 [Thread-5] DEBUG i.pact.plugins.jvm.core.ChildProcess - Plugin protobuf [46038] || ?[2m2023-03-27T09:35:16.550995Z?[0m ?[35mTRACE?[0m tokio-runtime-worker ?[1mserver_handshake?[0m?[2m:?[0m?[1mConnection?[0m?[1m{?[0m?[3mpeer?[0m?[2m=?[0mServer?[1m}?[0m?[2m:?[0m?[1mpoll?[0m?[2m:?[0m?[1mpop_frame?[0m?[2m:?[0m?[1mpopped?[0m?[1m{?[0m?[3mstream.id?[0m?[2m=?[0mStreamId(3) ?[3mstream.state?[0m?[2m=?[0mState { inner: Closed(EndStream) }?[1m}?[0m?[2m:?[0m ?[2mh2::proto::streams::counts?[0m?[2m:?[0m transition_after; stream=StreamId(3); state=State { inner: Closed(EndStream) }; is_closed=true; pending_send_empty=true; buffered_send_data=0; num_recv=1; num_send=0
15:05:16.551 [Thread-5] DEBUG i.pact.plugins.jvm.core.ChildProcess - Plugin protobuf [46038] || ?[2m2023-03-27T09:35:16.551012Z?[0m ?[35mTRACE?[0m tokio-runtime-worker ?[1mserver_handshake?[0m?[2m:?[0m?[1mConnection?[0m?[1m{?[0m?[3mpeer?[0m?[2m=?[0mServer?[1m}?[0m?[2m:?[0m?[1mpoll?[0m?[2m:?[0m?[1mpop_frame?[0m?[2m:?[0m?[1mpopped?[0m?[1m{?[0m?[3mstream.id?[0m?[2m=?[0mStreamId(3) ?[3mstream.state?[0m?[2m=?[0mState { inner: Closed(EndStream) }?[1m}?[0m?[2m:?[0m ?[2mh2::proto::streams::counts?[0m?[2m:?[0m dec_num_streams; stream=StreamId(3)
15:05:16.551 [Thread-5] DEBUG i.pact.plugins.jvm.core.ChildProcess - Plugin protobuf [46038] || ?[2m2023-03-27T09:35:16.551055Z?[0m ?[35mTRACE?[0m tokio-runtime-worker ?[1mserver_handshake?[0m?[2m:?[0m?[1mConnection?[0m?[1m{?[0m?[3mpeer?[0m?[2m=?[0mServer?[1m}?[0m?[2m:?[0m?[1mpoll?[0m?[2m:?[0m ?[2mh2::proto::streams::prioritize?[0m?[2m:?[0m writing ?[3mframe?[0m?[2m=?[0mHeaders { stream_id: StreamId(3), flags: (0x5: END_HEADERS | END_STREAM) }
15:05:16.551 [Thread-5] DEBUG i.pact.plugins.jvm.core.ChildProcess - Plugin protobuf [46038] || ?[2m2023-03-27T09:35:16.551087Z?[0m ?[34mDEBUG?[0m tokio-runtime-worker ?[1mserver_handshake?[0m?[2m:?[0m?[1mConnection?[0m?[1m{?[0m?[3mpeer?[0m?[2m=?[0mServer?[1m}?[0m?[2m:?[0m?[1mpoll?[0m?[2m:?[0m?[1mFramedWrite::buffer?[0m?[1m{?[0m?[3mframe?[0m?[2m=?[0mHeaders { stream_id: StreamId(3), flags: (0x5: END_HEADERS | END_STREAM) }?[1m}?[0m?[2m:?[0m ?[2mh2::codec::framed_write?[0m?[2m:?[0m send ?[3mframe?[0m?[2m=?[0mHeaders { stream_id: StreamId(3), flags: (0x5: END_HEADERS | END_STREAM) }
15:05:16.551 [Thread-5] DEBUG i.pact.plugins.jvm.core.ChildProcess - Plugin protobuf [46038] || ?[2m2023-03-27T09:35:16.551141Z?[0m ?[35mTRACE?[0m tokio-runtime-worker ?[1mserver_handshake?[0m?[2m:?[0m?[1mConnection?[0m?[1m{?[0m?[3mpeer?[0m?[2m=?[0mServer?[1m}?[0m?[2m:?[0m?[1mpoll?[0m?[2m:?[0m ?[2mh2::proto::streams::prioritize?[0m?[2m:?[0m schedule_pending_open
15:05:16.551 [Thread-5] DEBUG i.pact.plugins.jvm.core.ChildProcess - Plugin protobuf [46038] || ?[2m2023-03-27T09:35:16.551196Z?[0m ?[35mTRACE?[0m tokio-runtime-worker ?[1mserver_handshake?[0m?[2m:?[0m?[1mConnection?[0m?[1m{?[0m?[3mpeer?[0m?[2m=?[0mServer?[1m}?[0m?[2m:?[0m?[1mpoll?[0m?[2m:?[0m?[1mFramedWrite::flush?[0m?[2m:?[0m ?[2mh2::codec::framed_write?[0m?[2m:?[0m ?[3mqueued_data_frame?[0m?[2m=?[0mfalse
15:05:16.551 [Thread-5] DEBUG i.pact.plugins.jvm.core.ChildProcess - Plugin protobuf [46038] || ?[2m2023-03-27T09:35:16.551229Z?[0m ?[35mTRACE?[0m tokio-runtime-worker ?[1mserver_handshake?[0m?[2m:?[0m?[1mConnection?[0m?[1m{?[0m?[3mpeer?[0m?[2m=?[0mServer?[1m}?[0m?[2m:?[0m?[1mpoll?[0m?[2m:?[0m?[1mFramedWrite::flush?[0m?[2m:?[0m ?[2mh2::codec::framed_write?[0m?[2m:?[0m flushing buffer
15:05:16.551 [grpc-nio-worker-ELG-1-4] DEBUG io.grpc.netty.NettyClientHandler - [id: 0x3f9b4665, L:/127.0.0.1:53792 - R:/127.0.0.1:53791] INBOUND HEADERS: streamId=3 headers=GrpcHttp2ResponseHeaders[:status: 200, content-type: application/grpc, date: Mon, 27 Mar 2023 09:35:16 GMT] padding=0 endStream=false
15:05:16.552 [grpc-nio-worker-ELG-1-4] DEBUG io.grpc.netty.NettyClientHandler - [id: 0x3f9b4665, L:/127.0.0.1:53792 - R:/127.0.0.1:53791] INBOUND DATA: streamId=3 padding=0 endStream=false length=10 bytes=00000000050d00004041
15:05:16.552 [grpc-nio-worker-ELG-1-4] DEBUG io.grpc.netty.NettyClientHandler - [id: 0x3f9b4665, L:/127.0.0.1:53792 - R:/127.0.0.1:53791] OUTBOUND PING: ack=false bytes=1234
15:05:16.552 [grpc-nio-worker-ELG-1-4] DEBUG io.grpc.netty.NettyClientHandler - [id: 0x3f9b4665, L:/127.0.0.1:53792 - R:/127.0.0.1:53791] INBOUND HEADERS: streamId=3 headers=GrpcHttp2ResponseHeaders[grpc-status: 0] padding=0 endStream=true
15:05:16.553 [Thread-5] DEBUG i.pact.plugins.jvm.core.ChildProcess - Plugin protobuf [46038] || ?[2m2023-03-27T09:35:16.553170Z?[0m ?[35mTRACE?[0m tokio-runtime-worker ?[1mserver_handshake?[0m?[2m:?[0m?[1mConnection?[0m?[1m{?[0m?[3mpeer?[0m?[2m=?[0mServer?[1m}?[0m?[2m:?[0m?[1mpoll?[0m?[2m:?[0m ?[2mh2::proto::connection?[0m?[2m:?[0m ?[3mconnection.state?[0m?[2m=?[0mOpen
15:05:16.553 [Thread-5] DEBUG i.pact.plugins.jvm.core.ChildProcess - Plugin protobuf [46038] || ?[2m2023-03-27T09:35:16.553230Z?[0m ?[35mTRACE?[0m tokio-runtime-worker ?[1mserver_handshake?[0m?[2m:?[0m?[1mConnection?[0m?[1m{?[0m?[3mpeer?[0m?[2m=?[0mServer?[1m}?[0m?[2m:?[0m?[1mpoll?[0m?[2m:?[0m?[1mFramedRead::poll_next?[0m?[2m:?[0m ?[2mh2::codec::framed_read?[0m?[2m:?[0m poll
15:05:16.553 [Thread-5] DEBUG i.pact.plugins.jvm.core.ChildProcess - Plugin protobuf [46038] || ?[2m2023-03-27T09:35:16.553256Z?[0m ?[35mTRACE?[0m tokio-runtime-worker ?[1mserver_handshake?[0m?[2m:?[0m?[1mConnection?[0m?[1m{?[0m?[3mpeer?[0m?[2m=?[0mServer?[1m}?[0m?[2m:?[0m?[1mpoll?[0m?[2m:?[0m?[1mFramedRead::poll_next?[0m?[2m:?[0m ?[2mtokio_util::codec::framed_impl?[0m?[2m:?[0m attempting to decode a frame
15:05:16.553 [Thread-5] DEBUG i.pact.plugins.jvm.core.ChildProcess - Plugin protobuf [46038] || ?[2m2023-03-27T09:35:16.553274Z?[0m ?[35mTRACE?[0m tokio-runtime-worker ?[1mserver_handshake?[0m?[2m:?[0m?[1mConnection?[0m?[1m{?[0m?[3mpeer?[0m?[2m=?[0mServer?[1m}?[0m?[2m:?[0m?[1mpoll?[0m?[2m:?[0m?[1mFramedRead::poll_next?[0m?[2m:?[0m ?[2mtokio_util::codec::framed_impl?[0m?[2m:?[0m frame decoded from buffer
15:05:16.553 [Thread-5] DEBUG i.pact.plugins.jvm.core.ChildProcess - Plugin protobuf [46038] || ?[2m2023-03-27T09:35:16.553289Z?[0m ?[35mTRACE?[0m tokio-runtime-worker ?[1mserver_handshake?[0m?[2m:?[0m?[1mConnection?[0m?[1m{?[0m?[3mpeer?[0m?[2m=?[0mServer?[1m}?[0m?[2m:?[0m?[1mpoll?[0m?[2m:?[0m?[1mFramedRead::poll_next?[0m?[2m:?[0m ?[2mh2::codec::framed_read?[0m?[2m:?[0m ?[3mread.bytes?[0m?[2m=?[0m17
15:05:16.553 [Thread-5] DEBUG i.pact.plugins.jvm.core.ChildProcess - Plugin protobuf [46038] || ?[2m2023-03-27T09:35:16.553312Z?[0m ?[35mTRACE?[0m tokio-runtime-worker ?[1mserver_handshake?[0m?[2m:?[0m?[1mConnection?[0m?[1m{?[0m?[3mpeer?[0m?[2m=?[0mServer?[1m}?[0m?[2m:?[0m?[1mpoll?[0m?[2m:?[0m?[1mFramedRead::poll_next?[0m?[2m:?[0m?[1mFramedRead::decode_frame?[0m?[1m{?[0m?[3moffset?[0m?[2m=?[0m17?[1m}?[0m?[2m:?[0m ?[2mh2::codec::framed_read?[0m?[2m:?[0m decoding frame from 17B
15:05:16.553 [Thread-5] DEBUG i.pact.plugins.jvm.core.ChildProcess - Plugin protobuf [46038] || ?[2m2023-03-27T09:35:16.553327Z?[0m ?[35mTRACE?[0m tokio-runtime-worker ?[1mserver_handshake?[0m?[2m:?[0m?[1mConnection?[0m?[1m{?[0m?[3mpeer?[0m?[2m=?[0mServer?[1m}?[0m?[2m:?[0m?[1mpoll?[0m?[2m:?[0m?[1mFramedRead::poll_next?[0m?[2m:?[0m?[1mFramedRead::decode_frame?[0m?[1m{?[0m?[3moffset?[0m?[2m=?[0m17?[1m}?[0m?[2m:?[0m ?[2mh2::codec::framed_read?[0m?[2m:?[0m ?[3mframe.kind?[0m?[2m=?[0mPing
15:05:16.553 [Thread-5] DEBUG i.pact.plugins.jvm.core.ChildProcess - Plugin protobuf [46038] || ?[2m2023-03-27T09:35:16.553351Z?[0m ?[34mDEBUG?[0m tokio-runtime-worker ?[1mserver_handshake?[0m?[2m:?[0m?[1mConnection?[0m?[1m{?[0m?[3mpeer?[0m?[2m=?[0mServer?[1m}?[0m?[2m:?[0m?[1mpoll?[0m?[2m:?[0m?[1mFramedRead::poll_next?[0m?[2m:?[0m ?[2mh2::codec::framed_read?[0m?[2m:?[0m received ?[3mframe?[0m?[2m=?[0mPing { ack: false, payload: [0, 0, 0, 0, 0, 0, 4, 210] }
15:05:16.553 [Thread-5] DEBUG i.pact.plugins.jvm.core.ChildProcess - Plugin protobuf [46038] || ?[2m2023-03-27T09:35:16.553379Z?[0m ?[35mTRACE?[0m tokio-runtime-worker ?[1mserver_handshake?[0m?[2m:?[0m?[1mConnection?[0m?[1m{?[0m?[3mpeer?[0m?[2m=?[0mServer?[1m}?[0m?[2m:?[0m?[1mpoll?[0m?[2m:?[0m ?[2mh2::proto::connection?[0m?[2m:?[0m recv PING ?[3mframe?[0m?[2m=?[0mPing { ack: false, payload: [0, 0, 0, 0, 0, 0, 4, 210] }
15:05:16.553 [Thread-5] DEBUG i.pact.plugins.jvm.core.ChildProcess - Plugin protobuf [46038] || ?[2m2023-03-27T09:35:16.553419Z?[0m ?[34mDEBUG?[0m tokio-runtime-worker ?[1mserver_handshake?[0m?[2m:?[0m?[1mConnection?[0m?[1m{?[0m?[3mpeer?[0m?[2m=?[0mServer?[1m}?[0m?[2m:?[0m?[1mpoll?[0m?[2m:?[0m?[1mpoll_ready?[0m?[2m:?[0m?[1mFramedWrite::buffer?[0m?[1m{?[0m?[3mframe?[0m?[2m=?[0mPing { ack: true, payload: [0, 0, 0, 0, 0, 0, 4, 210] }?[1m}?[0m?[2m:?[0m ?[2mh2::codec::framed_write?[0m?[2m:?[0m send ?[3mframe?[0m?[2m=?[0mPing { ack: true, payload: [0, 0, 0, 0, 0, 0, 4, 210] }
15:05:16.553 [Thread-5] DEBUG i.pact.plugins.jvm.core.ChildProcess - Plugin protobuf [46038] || ?[2m2023-03-27T09:35:16.553447Z?[0m ?[35mTRACE?[0m tokio-runtime-worker ?[1mserver_handshake?[0m?[2m:?[0m?[1mConnection?[0m?[1m{?[0m?[3mpeer?[0m?[2m=?[0mServer?[1m}?[0m?[2m:?[0m?[1mpoll?[0m?[2m:?[0m?[1mpoll_ready?[0m?[2m:?[0m?[1mFramedWrite::buffer?[0m?[1m{?[0m?[3mframe?[0m?[2m=?[0mPing { ack: true, payload: [0, 0, 0, 0, 0, 0, 4, 210] }?[1m}?[0m?[2m:?[0m ?[2mh2::frame::ping?[0m?[2m:?[0m encoding PING; ack=true len=8
15:05:16.553 [Thread-5] DEBUG i.pact.plugins.jvm.core.ChildProcess - Plugin protobuf [46038] || ?[2m2023-03-27T09:35:16.553464Z?[0m ?[35mTRACE?[0m tokio-runtime-worker ?[1mserver_handshake?[0m?[2m:?[0m?[1mConnection?[0m?[1m{?[0m?[3mpeer?[0m?[2m=?[0mServer?[1m}?[0m?[2m:?[0m?[1mpoll?[0m?[2m:?[0m?[1mpoll_ready?[0m?[2m:?[0m?[1mFramedWrite::buffer?[0m?[1m{?[0m?[3mframe?[0m?[2m=?[0mPing { ack: true, payload: [0, 0, 0, 0, 0, 0, 4, 210] }?[1m}?[0m?[2m:?[0m ?[2mh2::codec::framed_write?[0m?[2m:?[0m encoded ping ?[3mrem?[0m?[2m=?[0m17
15:05:16.553 [Thread-5] DEBUG i.pact.plugins.jvm.core.ChildProcess - Plugin protobuf [46038] || ?[2m2023-03-27T09:35:16.553500Z?[0m ?[35mTRACE?[0m tokio-runtime-worker ?[1mserver_handshake?[0m?[2m:?[0m?[1mConnection?[0m?[1m{?[0m?[3mpeer?[0m?[2m=?[0mServer?[1m}?[0m?[2m:?[0m?[1mpoll?[0m?[2m:?[0m?[1mFramedRead::poll_next?[0m?[2m:?[0m ?[2mh2::codec::framed_read?[0m?[2m:?[0m poll
15:05:16.553 [Thread-5] DEBUG i.pact.plugins.jvm.core.ChildProcess - Plugin protobuf [46038] || ?[2m2023-03-27T09:35:16.553514Z?[0m ?[35mTRACE?[0m tokio-runtime-worker ?[1mserver_handshake?[0m?[2m:?[0m?[1mConnection?[0m?[1m{?[0m?[3mpeer?[0m?[2m=?[0mServer?[1m}?[0m?[2m:?[0m?[1mpoll?[0m?[2m:?[0m?[1mFramedRead::poll_next?[0m?[2m:?[0m ?[2mtokio_util::codec::framed_impl?[0m?[2m:?[0m attempting to decode a frame
15:05:16.553 [Thread-5] DEBUG i.pact.plugins.jvm.core.ChildProcess - Plugin protobuf [46038] || ?[2m2023-03-27T09:35:16.553552Z?[0m ?[35mTRACE?[0m tokio-runtime-worker ?[1mserver_handshake?[0m?[2m:?[0m?[1mConnection?[0m?[1m{?[0m?[3mpeer?[0m?[2m=?[0mServer?[1m}?[0m?[2m:?[0m?[1mpoll?[0m?[2m:?[0m ?[2mh2::proto::streams::prioritize?[0m?[2m:?[0m poll_complete
15:05:16.553 [Thread-5] DEBUG i.pact.plugins.jvm.core.ChildProcess - Plugin protobuf [46038] || ?[2m2023-03-27T09:35:16.553564Z?[0m ?[35mTRACE?[0m tokio-runtime-worker ?[1mserver_handshake?[0m?[2m:?[0m?[1mConnection?[0m?[1m{?[0m?[3mpeer?[0m?[2m=?[0mServer?[1m}?[0m?[2m:?[0m?[1mpoll?[0m?[2m:?[0m ?[2mh2::proto::streams::prioritize?[0m?[2m:?[0m schedule_pending_open
15:05:16.553 [Thread-5] DEBUG i.pact.plugins.jvm.core.ChildProcess - Plugin protobuf [46038] || ?[2m2023-03-27T09:35:16.553595Z?[0m ?[35mTRACE?[0m tokio-runtime-worker ?[1mserver_handshake?[0m?[2m:?[0m?[1mConnection?[0m?[1m{?[0m?[3mpeer?[0m?[2m=?[0mServer?[1m}?[0m?[2m:?[0m?[1mpoll?[0m?[2m:?[0m?[1mFramedWrite::flush?[0m?[2m:?[0m ?[2mh2::codec::framed_write?[0m?[2m:?[0m ?[3mqueued_data_frame?[0m?[2m=?[0mfalse
15:05:16.553 [Thread-5] DEBUG i.pact.plugins.jvm.core.ChildProcess - Plugin protobuf [46038] || ?[2m2023-03-27T09:35:16.553622Z?[0m ?[35mTRACE?[0m tokio-runtime-worker ?[1mserver_handshake?[0m?[2m:?[0m?[1mConnection?[0m?[1m{?[0m?[3mpeer?[0m?[2m=?[0mServer?[1m}?[0m?[2m:?[0m?[1mpoll?[0m?[2m:?[0m?[1mFramedWrite::flush?[0m?[2m:?[0m ?[2mh2::codec::framed_write?[0m?[2m:?[0m flushing buffer
15:05:16.553 [grpc-nio-worker-ELG-1-4] DEBUG io.grpc.netty.NettyClientHandler - [id: 0x3f9b4665, L:/127.0.0.1:53792 - R:/127.0.0.1:53791] INBOUND PING: ack=true bytes=1234
15:05:16.560 [Thread-8] WARN  a.com.dius.pact.core.support.Metrics - 
            Please note: we are tracking events anonymously to gather important usage statistics like JVM version
            and operating system. To disable tracking, set the 'pact_do_not_track' system property or environment
            variable to 'true'.
            
15:05:16.573 [Thread-8] DEBUG o.a.h.c.h.i.c.InternalHttpClient - ex-0000000002 preparing request execution
15:05:16.573 [Thread-8] DEBUG o.a.h.c.h.protocol.RequestAddCookies - ex-0000000002 Cookie spec selected: strict
15:05:16.573 [Thread-8] DEBUG o.a.h.c.h.protocol.RequestAuthCache - ex-0000000002 Auth cache not set in the context
15:05:16.573 [Thread-8] DEBUG o.a.h.c.h.impl.classic.ProtocolExec - ex-0000000002 target auth state: UNCHALLENGED
15:05:16.573 [Thread-8] DEBUG o.a.h.c.h.impl.classic.ProtocolExec - ex-0000000002 proxy auth state: UNCHALLENGED
15:05:16.573 [Thread-8] DEBUG o.a.h.c.h.impl.classic.ConnectExec - ex-0000000002 acquiring connection with route {s}->https://www.google-analytics.com:443
15:05:16.574 [Thread-8] DEBUG o.a.h.c.h.i.c.InternalHttpClient - ex-0000000002 acquiring endpoint (3 MINUTES)
15:05:16.574 [Thread-8] DEBUG o.a.h.c.h.i.i.PoolingHttpClientConnectionManager - ex-0000000002 endpoint lease request (3 MINUTES) [route: {s}->https://www.google-analytics.com:443][total available: 1; route allocated: 1 of 100; total allocated: 1 of 200]
15:05:16.574 [Thread-8] DEBUG o.a.h.c.h.i.i.PoolingHttpClientConnectionManager - ex-0000000002 endpoint leased [route: {s}->https://www.google-analytics.com:443][total available: 0; route allocated: 1 of 100; total allocated: 1 of 200]
15:05:16.575 [Thread-8] DEBUG o.a.h.c.h.i.i.PoolingHttpClientConnectionManager - ex-0000000002 acquired ep-0000000001
15:05:16.575 [Thread-8] DEBUG o.a.h.c.h.i.c.InternalHttpClient - ex-0000000002 acquired endpoint ep-0000000001
15:05:16.575 [Thread-8] DEBUG o.a.h.c.h.i.classic.MainClientExec - ex-0000000002 executing POST /collect HTTP/1.1
15:05:16.575 [Thread-8] DEBUG o.a.h.c.h.i.c.InternalHttpClient - ep-0000000001 start execution ex-0000000002
15:05:16.575 [Thread-8] DEBUG o.a.h.c.h.i.i.PoolingHttpClientConnectionManager - ep-0000000001 executing exchange ex-0000000002 over http-outgoing-0
15:05:16.575 [Thread-8] DEBUG org.apache.hc.client5.http.headers - http-outgoing-0 >> POST /collect HTTP/1.1
15:05:16.575 [Thread-8] DEBUG org.apache.hc.client5.http.headers - http-outgoing-0 >> Accept-Encoding: gzip, x-gzip, deflate
15:05:16.575 [Thread-8] DEBUG org.apache.hc.client5.http.headers - http-outgoing-0 >> Content-Length: 244
15:05:16.575 [Thread-8] DEBUG org.apache.hc.client5.http.headers - http-outgoing-0 >> Content-Type: application/x-www-form-urlencoded; charset=ISO-8859-1
15:05:16.575 [Thread-8] DEBUG org.apache.hc.client5.http.headers - http-outgoing-0 >> Host: www.google-analytics.com
15:05:16.575 [Thread-8] DEBUG org.apache.hc.client5.http.headers - http-outgoing-0 >> Connection: keep-alive
15:05:16.575 [Thread-8] DEBUG org.apache.hc.client5.http.headers - http-outgoing-0 >> User-Agent: Apache-HttpClient/5.1.3 (Java/11.0.13)
15:05:16.575 [Thread-8] DEBUG org.apache.hc.client5.http.wire - http-outgoing-0 >> "POST /collect HTTP/1.1[\r][\n]"
15:05:16.575 [Thread-8] DEBUG org.apache.hc.client5.http.wire - http-outgoing-0 >> "Accept-Encoding: gzip, x-gzip, deflate[\r][\n]"
15:05:16.575 [Thread-8] DEBUG org.apache.hc.client5.http.wire - http-outgoing-0 >> "Content-Length: 244[\r][\n]"
15:05:16.575 [Thread-8] DEBUG org.apache.hc.client5.http.wire - http-outgoing-0 >> "Content-Type: application/x-www-form-urlencoded; charset=ISO-8859-1[\r][\n]"
15:05:16.575 [Thread-8] DEBUG org.apache.hc.client5.http.wire - http-outgoing-0 >> "Host: www.google-analytics.com[\r][\n]"
15:05:16.575 [Thread-8] DEBUG org.apache.hc.client5.http.wire - http-outgoing-0 >> "Connection: keep-alive[\r][\n]"
15:05:16.575 [Thread-8] DEBUG org.apache.hc.client5.http.wire - http-outgoing-0 >> "User-Agent: Apache-HttpClient/5.1.3 (Java/11.0.13)[\r][\n]"
15:05:16.575 [Thread-8] DEBUG org.apache.hc.client5.http.wire - http-outgoing-0 >> "[\r][\n]"
15:05:16.575 [Thread-8] DEBUG org.apache.hc.client5.http.wire - http-outgoing-0 >> "v=1&t=event&tid=UA-117778936-1&cid=e5055a8685601fcd821493daacce8417&an=pact-jvm&aid=pact-jvm&av=4.4.2&aip=true&ds=client&cd2=unknown&cd3=mac+os+x-x86_64&cd6=junit5&cd7=11.0.13%2B8-LTS&el=Pact+consumer+tests+ran&ec=ConsumerTest&ea=Completed&ev=1"
15:05:16.656 [Thread-8] DEBUG org.apache.hc.client5.http.wire - http-outgoing-0 << "HTTP/1.1 200 OK[\r][\n]"
15:05:16.656 [Thread-8] DEBUG org.apache.hc.client5.http.wire - http-outgoing-0 << "Access-Control-Allow-Origin: *[\r][\n]"
15:05:16.656 [Thread-8] DEBUG org.apache.hc.client5.http.wire - http-outgoing-0 << "Date: Mon, 27 Mar 2023 09:35:16 GMT[\r][\n]"
15:05:16.656 [Thread-8] DEBUG org.apache.hc.client5.http.wire - http-outgoing-0 << "Pragma: no-cache[\r][\n]"
15:05:16.656 [Thread-8] DEBUG org.apache.hc.client5.http.wire - http-outgoing-0 << "Expires: Fri, 01 Jan 1990 00:00:00 GMT[\r][\n]"
15:05:16.656 [Thread-8] DEBUG org.apache.hc.client5.http.wire - http-outgoing-0 << "Cache-Control: no-cache, no-store, must-revalidate[\r][\n]"
15:05:16.656 [Thread-8] DEBUG org.apache.hc.client5.http.wire - http-outgoing-0 << "Last-Modified: Sun, 17 May 1998 03:00:00 GMT[\r][\n]"
15:05:16.656 [Thread-8] DEBUG org.apache.hc.client5.http.wire - http-outgoing-0 << "X-Content-Type-Options: nosniff[\r][\n]"
15:05:16.656 [Thread-8] DEBUG org.apache.hc.client5.http.wire - http-outgoing-0 << "Content-Type: image/gif[\r][\n]"
15:05:16.656 [Thread-8] DEBUG org.apache.hc.client5.http.wire - http-outgoing-0 << "Cross-Origin-Resource-Policy: cross-origin[\r][\n]"
15:05:16.656 [Thread-8] DEBUG org.apache.hc.client5.http.wire - http-outgoing-0 << "Server: Golfe2[\r][\n]"
15:05:16.656 [Thread-8] DEBUG org.apache.hc.client5.http.wire - http-outgoing-0 << "Content-Length: 35[\r][\n]"
15:05:16.656 [Thread-8] DEBUG org.apache.hc.client5.http.wire - http-outgoing-0 << "Alt-Svc: h3=":443"; ma=2592000,h3-29=":443"; ma=2592000[\r][\n]"
15:05:16.656 [Thread-8] DEBUG org.apache.hc.client5.http.wire - http-outgoing-0 << "[\r][\n]"
15:05:16.656 [Thread-8] DEBUG org.apache.hc.client5.http.wire - http-outgoing-0 << "GIF89a[0x1][0x0][0x1][0x0][0xffffff80][0xffffffff][0x0][0xffffffff][0xffffffff][0xffffffff][0x0][0x0][0x0],[0x0][0x0][0x0][0x0][0x1][0x0][0x1][0x0][0x0][0x2][0x2]D[0x1][0x0];"
15:05:16.657 [Thread-8] DEBUG org.apache.hc.client5.http.headers - http-outgoing-0 << HTTP/1.1 200 OK
15:05:16.657 [Thread-8] DEBUG org.apache.hc.client5.http.headers - http-outgoing-0 << Access-Control-Allow-Origin: *
15:05:16.657 [Thread-8] DEBUG org.apache.hc.client5.http.headers - http-outgoing-0 << Date: Mon, 27 Mar 2023 09:35:16 GMT
15:05:16.657 [Thread-8] DEBUG org.apache.hc.client5.http.headers - http-outgoing-0 << Pragma: no-cache
15:05:16.657 [Thread-8] DEBUG org.apache.hc.client5.http.headers - http-outgoing-0 << Expires: Fri, 01 Jan 1990 00:00:00 GMT
15:05:16.657 [Thread-8] DEBUG org.apache.hc.client5.http.headers - http-outgoing-0 << Cache-Control: no-cache, no-store, must-revalidate
15:05:16.657 [Thread-8] DEBUG org.apache.hc.client5.http.headers - http-outgoing-0 << Last-Modified: Sun, 17 May 1998 03:00:00 GMT
15:05:16.657 [Thread-8] DEBUG org.apache.hc.client5.http.headers - http-outgoing-0 << X-Content-Type-Options: nosniff
15:05:16.657 [Thread-8] DEBUG org.apache.hc.client5.http.headers - http-outgoing-0 << Content-Type: image/gif
15:05:16.657 [Thread-8] DEBUG org.apache.hc.client5.http.headers - http-outgoing-0 << Cross-Origin-Resource-Policy: cross-origin
15:05:16.657 [Thread-8] DEBUG org.apache.hc.client5.http.headers - http-outgoing-0 << Server: Golfe2
15:05:16.657 [Thread-8] DEBUG org.apache.hc.client5.http.headers - http-outgoing-0 << Content-Length: 35
15:05:16.657 [Thread-8] DEBUG org.apache.hc.client5.http.headers - http-outgoing-0 << Alt-Svc: h3=":443"; ma=2592000,h3-29=":443"; ma=2592000
15:05:16.657 [Thread-8] DEBUG o.a.h.c.h.i.classic.MainClientExec - ex-0000000002 connection can be kept alive for 3 MINUTES
15:05:16.657 [Thread-8] DEBUG o.a.h.c.h.i.c.InternalHttpClient - ep-0000000001 releasing valid endpoint
15:05:16.657 [Thread-8] DEBUG o.a.h.c.h.i.i.PoolingHttpClientConnectionManager - ep-0000000001 releasing endpoint
15:05:16.657 [Thread-8] DEBUG o.a.h.c.h.i.i.PoolingHttpClientConnectionManager - ep-0000000001 connection http-outgoing-0 can be kept alive for 3 MINUTES
15:05:16.657 [Thread-8] DEBUG o.a.h.c.h.i.i.PoolingHttpClientConnectionManager - ep-0000000001 connection released [route: {s}->https://www.google-analytics.com:443][total available: 1; route allocated: 1 of 100; total allocated: 1 of 200]
15:05:16.664 [Test worker] DEBUG i.p.p.jvm.core.DefaultPluginManager - Sending shutdownMockServer request to plugin DefaultPactPluginManifest(pluginDir=/Users/karthik/.pact/plugins/protobuf-0.1.5, pluginInterfaceVersion=1, name=protobuf, version=0.1.5, executableType=exec, minimumRequiredVersion=null, entryPoint=pact-protobuf-plugin, entryPoints={}, args=[], dependencies=[])
15:05:16.666 [grpc-nio-worker-ELG-1-2] DEBUG io.grpc.netty.NettyClientHandler - [id: 0x3c962551, L:/0:0:0:0:0:0:0:1:53790 - R:/0:0:0:0:0:0:0:1:53788] OUTBOUND HEADERS: streamId=11 headers=GrpcHttp2OutboundHeaders[:authority: [::1]:53788, :path: /io.pact.plugin.PactPlugin/ShutdownMockServer, :method: POST, :scheme: http, content-type: application/grpc, te: trailers, user-agent: grpc-java-netty/1.49.0, grpc-accept-encoding: gzip, authorization: bdd563c9-e9e9-44a7-bce6-cc7f37c23df2] streamDependency=0 weight=16 exclusive=false padding=0 endStream=false
15:05:16.666 [grpc-nio-worker-ELG-1-2] DEBUG io.grpc.netty.NettyClientHandler - [id: 0x3c962551, L:/0:0:0:0:0:0:0:1:53790 - R:/0:0:0:0:0:0:0:1:53788] OUTBOUND DATA: streamId=11 padding=0 endStream=true length=43 bytes=00000000260a2435636165356638322d666563322d343363362d393733392d363064303338336438346563
15:05:16.667 [Thread-5] DEBUG i.pact.plugins.jvm.core.ChildProcess - Plugin protobuf [46038] || ?[2m2023-03-27T09:35:16.667160Z?[0m ?[35mTRACE?[0m tokio-runtime-worker ?[1mserver_handshake?[0m?[2m:?[0m?[1mConnection?[0m?[1m{?[0m?[3mpeer?[0m?[2m=?[0mServer?[1m}?[0m?[2m:?[0m?[1mpoll?[0m?[2m:?[0m ?[2mh2::proto::connection?[0m?[2m:?[0m ?[3mconnection.state?[0m?[2m=?[0mOpen
15:05:16.667 [Thread-5] DEBUG i.pact.plugins.jvm.core.ChildProcess - Plugin protobuf [46038] || ?[2m2023-03-27T09:35:16.667217Z?[0m ?[35mTRACE?[0m tokio-runtime-worker ?[1mserver_handshake?[0m?[2m:?[0m?[1mConnection?[0m?[1m{?[0m?[3mpeer?[0m?[2m=?[0mServer?[1m}?[0m?[2m:?[0m?[1mpoll?[0m?[2m:?[0m?[1mFramedRead::poll_next?[0m?[2m:?[0m ?[2mh2::codec::framed_read?[0m?[2m:?[0m poll
15:05:16.667 [Thread-5] DEBUG i.pact.plugins.jvm.core.ChildProcess - Plugin protobuf [46038] || ?[2m2023-03-27T09:35:16.667244Z?[0m ?[35mTRACE?[0m tokio-runtime-worker ?[1mserver_handshake?[0m?[2m:?[0m?[1mConnection?[0m?[1m{?[0m?[3mpeer?[0m?[2m=?[0mServer?[1m}?[0m?[2m:?[0m?[1mpoll?[0m?[2m:?[0m?[1mFramedRead::poll_next?[0m?[2m:?[0m ?[2mtokio_util::codec::framed_impl?[0m?[2m:?[0m attempting to decode a frame
15:05:16.667 [Thread-5] DEBUG i.pact.plugins.jvm.core.ChildProcess - Plugin protobuf [46038] || ?[2m2023-03-27T09:35:16.667263Z?[0m ?[35mTRACE?[0m tokio-runtime-worker ?[1mserver_handshake?[0m?[2m:?[0m?[1mConnection?[0m?[1m{?[0m?[3mpeer?[0m?[2m=?[0mServer?[1m}?[0m?[2m:?[0m?[1mpoll?[0m?[2m:?[0m?[1mFramedRead::poll_next?[0m?[2m:?[0m ?[2mtokio_util::codec::framed_impl?[0m?[2m:?[0m frame decoded from buffer
15:05:16.667 [Thread-5] DEBUG i.pact.plugins.jvm.core.ChildProcess - Plugin protobuf [46038] || ?[2m2023-03-27T09:35:16.667277Z?[0m ?[35mTRACE?[0m tokio-runtime-worker ?[1mserver_handshake?[0m?[2m:?[0m?[1mConnection?[0m?[1m{?[0m?[3mpeer?[0m?[2m=?[0mServer?[1m}?[0m?[2m:?[0m?[1mpoll?[0m?[2m:?[0m?[1mFramedRead::poll_next?[0m?[2m:?[0m ?[2mh2::codec::framed_read?[0m?[2m:?[0m ?[3mread.bytes?[0m?[2m=?[0m69
15:05:16.667 [Thread-5] DEBUG i.pact.plugins.jvm.core.ChildProcess - Plugin protobuf [46038] || ?[2m2023-03-27T09:35:16.667318Z?[0m ?[35mTRACE?[0m tokio-runtime-worker ?[1mserver_handshake?[0m?[2m:?[0m?[1mConnection?[0m?[1m{?[0m?[3mpeer?[0m?[2m=?[0mServer?[1m}?[0m?[2m:?[0m?[1mpoll?[0m?[2m:?[0m?[1mFramedRead::poll_next?[0m?[2m:?[0m?[1mFramedRead::decode_frame?[0m?[1m{?[0m?[3moffset?[0m?[2m=?[0m69?[1m}?[0m?[2m:?[0m ?[2mh2::codec::framed_read?[0m?[2m:?[0m decoding frame from 69B
15:05:16.667 [Thread-5] DEBUG i.pact.plugins.jvm.core.ChildProcess - Plugin protobuf [46038] || ?[2m2023-03-27T09:35:16.667344Z?[0m ?[35mTRACE?[0m tokio-runtime-worker ?[1mserver_handshake?[0m?[2m:?[0m?[1mConnection?[0m?[1m{?[0m?[3mpeer?[0m?[2m=?[0mServer?[1m}?[0m?[2m:?[0m?[1mpoll?[0m?[2m:?[0m?[1mFramedRead::poll_next?[0m?[2m:?[0m?[1mFramedRead::decode_frame?[0m?[1m{?[0m?[3moffset?[0m?[2m=?[0m69?[1m}?[0m?[2m:?[0m ?[2mh2::codec::framed_read?[0m?[2m:?[0m ?[3mframe.kind?[0m?[2m=?[0mHeaders
15:05:16.667 [Thread-5] DEBUG i.pact.plugins.jvm.core.ChildProcess - Plugin protobuf [46038] || ?[2m2023-03-27T09:35:16.667363Z?[0m ?[35mTRACE?[0m tokio-runtime-worker ?[1mserver_handshake?[0m?[2m:?[0m?[1mConnection?[0m?[1m{?[0m?[3mpeer?[0m?[2m=?[0mServer?[1m}?[0m?[2m:?[0m?[1mpoll?[0m?[2m:?[0m?[1mFramedRead::poll_next?[0m?[2m:?[0m?[1mFramedRead::decode_frame?[0m?[1m{?[0m?[3moffset?[0m?[2m=?[0m69?[1m}?[0m?[2m:?[0m ?[2mh2::frame::headers?[0m?[2m:?[0m loading headers; flags=(0x24: END_HEADERS | PRIORITY)
15:05:16.667 [Thread-5] DEBUG i.pact.plugins.jvm.core.ChildProcess - Plugin protobuf [46038] || ?[2m2023-03-27T09:35:16.667390Z?[0m ?[35mTRACE?[0m tokio-runtime-worker ?[1mserver_handshake?[0m?[2m:?[0m?[1mConnection?[0m?[1m{?[0m?[3mpeer?[0m?[2m=?[0mServer?[1m}?[0m?[2m:?[0m?[1mpoll?[0m?[2m:?[0m?[1mFramedRead::poll_next?[0m?[2m:?[0m?[1mFramedRead::decode_frame?[0m?[1m{?[0m?[3moffset?[0m?[2m=?[0m69?[1m}?[0m?[2m:?[0m?[1mhpack::decode?[0m?[2m:?[0m ?[2mh2::hpack::decoder?[0m?[2m:?[0m decode
15:05:16.667 [Thread-5] DEBUG i.pact.plugins.jvm.core.ChildProcess - Plugin protobuf [46038] || ?[2m2023-03-27T09:35:16.667406Z?[0m ?[35mTRACE?[0m tokio-runtime-worker ?[1mserver_handshake?[0m?[2m:?[0m?[1mConnection?[0m?[1m{?[0m?[3mpeer?[0m?[2m=?[0mServer?[1m}?[0m?[2m:?[0m?[1mpoll?[0m?[2m:?[0m?[1mFramedRead::poll_next?[0m?[2m:?[0m?[1mFramedRead::decode_frame?[0m?[1m{?[0m?[3moffset?[0m?[2m=?[0m69?[1m}?[0m?[2m:?[0m?[1mhpack::decode?[0m?[2m:?[0m ?[2mh2::hpack::decoder?[0m?[2m:?[0m ?[3mrem?[0m?[2m=?[0m55 ?[3mkind?[0m?[2m=?[0mIndexed
15:05:16.667 [Thread-5] DEBUG i.pact.plugins.jvm.core.ChildProcess - Plugin protobuf [46038] || ?[2m2023-03-27T09:35:16.667424Z?[0m ?[35mTRACE?[0m tokio-runtime-worker ?[1mserver_handshake?[0m?[2m:?[0m?[1mConnection?[0m?[1m{?[0m?[3mpeer?[0m?[2m=?[0mServer?[1m}?[0m?[2m:?[0m?[1mpoll?[0m?[2m:?[0m?[1mFramedRead::poll_next?[0m?[2m:?[0m?[1mFramedRead::decode_frame?[0m?[1m{?[0m?[3moffset?[0m?[2m=?[0m69?[1m}?[0m?[2m:?[0m?[1mhpack::decode?[0m?[2m:?[0m ?[2mh2::hpack::decoder?[0m?[2m:?[0m ?[3mrem?[0m?[2m=?[0m54 ?[3mkind?[0m?[2m=?[0mLiteralWithIndexing
15:05:16.667 [Thread-5] DEBUG i.pact.plugins.jvm.core.ChildProcess - Plugin protobuf [46038] || ?[2m2023-03-27T09:35:16.667452Z?[0m ?[35mTRACE?[0m tokio-runtime-worker ?[1mserver_handshake?[0m?[2m:?[0m?[1mConnection?[0m?[1m{?[0m?[3mpeer?[0m?[2m=?[0mServer?[1m}?[0m?[2m:?[0m?[1mpoll?[0m?[2m:?[0m?[1mFramedRead::poll_next?[0m?[2m:?[0m?[1mFramedRead::decode_frame?[0m?[1m{?[0m?[3moffset?[0m?[2m=?[0m69?[1m}?[0m?[2m:?[0m?[1mhpack::decode?[0m?[2m:?[0m ?[2mh2::hpack::decoder?[0m?[2m:?[0m ?[3mrem?[0m?[2m=?[0m7 ?[3mkind?[0m?[2m=?[0mIndexed
15:05:16.667 [Thread-5] DEBUG i.pact.plugins.jvm.core.ChildProcess - Plugin protobuf [46038] || ?[2m2023-03-27T09:35:16.667471Z?[0m ?[35mTRACE?[0m tokio-runtime-worker ?[1mserver_handshake?[0m?[2m:?[0m?[1mConnection?[0m?[1m{?[0m?[3mpeer?[0m?[2m=?[0mServer?[1m}?[0m?[2m:?[0m?[1mpoll?[0m?[2m:?[0m?[1mFramedRead::poll_next?[0m?[2m:?[0m?[1mFramedRead::decode_frame?[0m?[1m{?[0m?[3moffset?[0m?[2m=?[0m69?[1m}?[0m?[2m:?[0m?[1mhpack::decode?[0m?[2m:?[0m ?[2mh2::hpack::decoder?[0m?[2m:?[0m ?[3mrem?[0m?[2m=?[0m6 ?[3mkind?[0m?[2m=?[0mIndexed
15:05:16.668 [Thread-5] DEBUG i.pact.plugins.jvm.core.ChildProcess - Plugin protobuf [46038] || ?[2m2023-03-27T09:35:16.667488Z?[0m ?[35mTRACE?[0m tokio-runtime-worker ?[1mserver_handshake?[0m?[2m:?[0m?[1mConnection?[0m?[1m{?[0m?[3mpeer?[0m?[2m=?[0mServer?[1m}?[0m?[2m:?[0m?[1mpoll?[0m?[2m:?[0m?[1mFramedRead::poll_next?[0m?[2m:?[0m?[1mFramedRead::decode_frame?[0m?[1m{?[0m?[3moffset?[0m?[2m=?[0m69?[1m}?[0m?[2m:?[0m?[1mhpack::decode?[0m?[2m:?[0m ?[2mh2::hpack::decoder?[0m?[2m:?[0m ?[3mrem?[0m?[2m=?[0m5 ?[3mkind?[0m?[2m=?[0mIndexed
15:05:16.668 [Thread-5] DEBUG i.pact.plugins.jvm.core.ChildProcess - Plugin protobuf [46038] || ?[2m2023-03-27T09:35:16.667508Z?[0m ?[35mTRACE?[0m tokio-runtime-worker ?[1mserver_handshake?[0m?[2m:?[0m?[1mConnection?[0m?[1m{?[0m?[3mpeer?[0m?[2m=?[0mServer?[1m}?[0m?[2m:?[0m?[1mpoll?[0m?[2m:?[0m?[1mFramedRead::poll_next?[0m?[2m:?[0m?[1mFramedRead::decode_frame?[0m?[1m{?[0m?[3moffset?[0m?[2m=?[0m69?[1m}?[0m?[2m:?[0m?[1mhpack::decode?[0m?[2m:?[0m ?[2mh2::hpack::decoder?[0m?[2m:?[0m ?[3mrem?[0m?[2m=?[0m4 ?[3mkind?[0m?[2m=?[0mIndexed
15:05:16.668 [Thread-5] DEBUG i.pact.plugins.jvm.core.ChildProcess - Plugin protobuf [46038] || ?[2m2023-03-27T09:35:16.667525Z?[0m ?[35mTRACE?[0m tokio-runtime-worker ?[1mserver_handshake?[0m?[2m:?[0m?[1mConnection?[0m?[1m{?[0m?[3mpeer?[0m?[2m=?[0mServer?[1m}?[0m?[2m:?[0m?[1mpoll?[0m?[2m:?[0m?[1mFramedRead::poll_next?[0m?[2m:?[0m?[1mFramedRead::decode_frame?[0m?[1m{?[0m?[3moffset?[0m?[2m=?[0m69?[1m}?[0m?[2m:?[0m?[1mhpack::decode?[0m?[2m:?[0m ?[2mh2::hpack::decoder?[0m?[2m:?[0m ?[3mrem?[0m?[2m=?[0m3 ?[3mkind?[0m?[2m=?[0mIndexed
15:05:16.668 [Thread-5] DEBUG i.pact.plugins.jvm.core.ChildProcess - Plugin protobuf [46038] || ?[2m2023-03-27T09:35:16.667571Z?[0m ?[35mTRACE?[0m tokio-runtime-worker ?[1mserver_handshake?[0m?[2m:?[0m?[1mConnection?[0m?[1m{?[0m?[3mpeer?[0m?[2m=?[0mServer?[1m}?[0m?[2m:?[0m?[1mpoll?[0m?[2m:?[0m?[1mFramedRead::poll_next?[0m?[2m:?[0m?[1mFramedRead::decode_frame?[0m?[1m{?[0m?[3moffset?[0m?[2m=?[0m69?[1m}?[0m?[2m:?[0m?[1mhpack::decode?[0m?[2m:?[0m ?[2mh2::hpack::decoder?[0m?[2m:?[0m ?[3mrem?[0m?[2m=?[0m2 ?[3mkind?[0m?[2m=?[0mIndexed
15:05:16.668 [Thread-5] DEBUG i.pact.plugins.jvm.core.ChildProcess - Plugin protobuf [46038] || ?[2m2023-03-27T09:35:16.667593Z?[0m ?[35mTRACE?[0m tokio-runtime-worker ?[1mserver_handshake?[0m?[2m:?[0m?[1mConnection?[0m?[1m{?[0m?[3mpeer?[0m?[2m=?[0mServer?[1m}?[0m?[2m:?[0m?[1mpoll?[0m?[2m:?[0m?[1mFramedRead::poll_next?[0m?[2m:?[0m?[1mFramedRead::decode_frame?[0m?[1m{?[0m?[3moffset?[0m?[2m=?[0m69?[1m}?[0m?[2m:?[0m?[1mhpack::decode?[0m?[2m:?[0m ?[2mh2::hpack::decoder?[0m?[2m:?[0m ?[3mrem?[0m?[2m=?[0m1 ?[3mkind?[0m?[2m=?[0mIndexed
15:05:16.668 [Thread-5] DEBUG i.pact.plugins.jvm.core.ChildProcess - Plugin protobuf [46038] || ?[2m2023-03-27T09:35:16.667641Z?[0m ?[34mDEBUG?[0m tokio-runtime-worker ?[1mserver_handshake?[0m?[2m:?[0m?[1mConnection?[0m?[1m{?[0m?[3mpeer?[0m?[2m=?[0mServer?[1m}?[0m?[2m:?[0m?[1mpoll?[0m?[2m:?[0m?[1mFramedRead::poll_next?[0m?[2m:?[0m ?[2mh2::codec::framed_read?[0m?[2m:?[0m received ?[3mframe?[0m?[2m=?[0mHeaders { stream_id: StreamId(11), flags: (0x24: END_HEADERS | PRIORITY), stream_dep: StreamDependency { dependency_id: StreamId(0), weight: 15, is_exclusive: false } }
15:05:16.668 [Thread-5] DEBUG i.pact.plugins.jvm.core.ChildProcess - Plugin protobuf [46038] || ?[2m2023-03-27T09:35:16.667676Z?[0m ?[35mTRACE?[0m tokio-runtime-worker ?[1mserver_handshake?[0m?[2m:?[0m?[1mConnection?[0m?[1m{?[0m?[3mpeer?[0m?[2m=?[0mServer?[1m}?[0m?[2m:?[0m?[1mpoll?[0m?[2m:?[0m ?[2mh2::proto::connection?[0m?[2m:?[0m recv HEADERS ?[3mframe?[0m?[2m=?[0mHeaders { stream_id: StreamId(11), flags: (0x24: END_HEADERS | PRIORITY), stream_dep: StreamDependency { dependency_id: StreamId(0), weight: 15, is_exclusive: false } }
15:05:16.668 [Thread-5] DEBUG i.pact.plugins.jvm.core.ChildProcess - Plugin protobuf [46038] || ?[2m2023-03-27T09:35:16.667696Z?[0m ?[35mTRACE?[0m tokio-runtime-worker ?[1mserver_handshake?[0m?[2m:?[0m?[1mConnection?[0m?[1m{?[0m?[3mpeer?[0m?[2m=?[0mServer?[1m}?[0m?[2m:?[0m?[1mpoll?[0m?[2m:?[0m ?[2mh2::proto::streams::flow_control?[0m?[2m:?[0m inc_window; sz=1048576; old=0; new=1048576
15:05:16.668 [Thread-5] DEBUG i.pact.plugins.jvm.core.ChildProcess - Plugin protobuf [46038] || ?[2m2023-03-27T09:35:16.667712Z?[0m ?[35mTRACE?[0m tokio-runtime-worker ?[1mserver_handshake?[0m?[2m:?[0m?[1mConnection?[0m?[1m{?[0m?[3mpeer?[0m?[2m=?[0mServer?[1m}?[0m?[2m:?[0m?[1mpoll?[0m?[2m:?[0m ?[2mh2::proto::streams::flow_control?[0m?[2m:?[0m inc_window; sz=1048576; old=0; new=1048576
15:05:16.668 [Thread-5] DEBUG i.pact.plugins.jvm.core.ChildProcess - Plugin protobuf [46038] || ?[2m2023-03-27T09:35:16.667727Z?[0m ?[35mTRACE?[0m tokio-runtime-worker ?[1mserver_handshake?[0m?[2m:?[0m?[1mConnection?[0m?[1m{?[0m?[3mpeer?[0m?[2m=?[0mServer?[1m}?[0m?[2m:?[0m?[1mpoll?[0m?[2m:?[0m ?[2mh2::proto::streams::streams?[0m?[2m:?[0m recv_headers; stream=StreamId(11); state=State { inner: Idle }
15:05:16.668 [Thread-5] DEBUG i.pact.plugins.jvm.core.ChildProcess - Plugin protobuf [46038] || ?[2m2023-03-27T09:35:16.667742Z?[0m ?[35mTRACE?[0m tokio-runtime-worker ?[1mserver_handshake?[0m?[2m:?[0m?[1mConnection?[0m?[1m{?[0m?[3mpeer?[0m?[2m=?[0mServer?[1m}?[0m?[2m:?[0m?[1mpoll?[0m?[2m:?[0m ?[2mh2::proto::streams::recv?[0m?[2m:?[0m opening stream; init_window=1048576
15:05:16.668 [Thread-5] DEBUG i.pact.plugins.jvm.core.ChildProcess - Plugin protobuf [46038] || ?[2m2023-03-27T09:35:16.667764Z?[0m ?[35mTRACE?[0m tokio-runtime-worker ?[1mserver_handshake?[0m?[2m:?[0m?[1mConnection?[0m?[1m{?[0m?[3mpeer?[0m?[2m=?[0mServer?[1m}?[0m?[2m:?[0m?[1mpoll?[0m?[2m:?[0m ?[2mh2::proto::streams::store?[0m?[2m:?[0m Queue::push
15:05:16.668 [Thread-5] DEBUG i.pact.plugins.jvm.core.ChildProcess - Plugin protobuf [46038] || ?[2m2023-03-27T09:35:16.667777Z?[0m ?[35mTRACE?[0m tokio-runtime-worker ?[1mserver_handshake?[0m?[2m:?[0m?[1mConnection?[0m?[1m{?[0m?[3mpeer?[0m?[2m=?[0mServer?[1m}?[0m?[2m:?[0m?[1mpoll?[0m?[2m:?[0m ?[2mh2::proto::streams::store?[0m?[2m:?[0m  -> first entry
15:05:16.668 [Thread-5] DEBUG i.pact.plugins.jvm.core.ChildProcess - Plugin protobuf [46038] || ?[2m2023-03-27T09:35:16.667792Z?[0m ?[35mTRACE?[0m tokio-runtime-worker ?[1mserver_handshake?[0m?[2m:?[0m?[1mConnection?[0m?[1m{?[0m?[3mpeer?[0m?[2m=?[0mServer?[1m}?[0m?[2m:?[0m?[1mpoll?[0m?[2m:?[0m ?[2mh2::proto::streams::counts?[0m?[2m:?[0m transition_after; stream=StreamId(11); state=State { inner: Open { local: AwaitingHeaders, remote: Streaming } }; is_closed=false; pending_send_empty=true; buffered_send_data=0; num_recv=1; num_send=0
15:05:16.668 [Thread-5] DEBUG i.pact.plugins.jvm.core.ChildProcess - Plugin protobuf [46038] || ?[2m2023-03-27T09:35:16.667833Z?[0m ?[35mTRACE?[0m tokio-runtime-worker ?[1mserver_handshake?[0m?[2m:?[0m?[1mConnection?[0m?[1m{?[0m?[3mpeer?[0m?[2m=?[0mServer?[1m}?[0m?[2m:?[0m?[1mpoll?[0m?[2m:?[0m?[1mFramedRead::poll_next?[0m?[2m:?[0m ?[2mh2::codec::framed_read?[0m?[2m:?[0m poll
15:05:16.668 [Thread-5] DEBUG i.pact.plugins.jvm.core.ChildProcess - Plugin protobuf [46038] || ?[2m2023-03-27T09:35:16.667847Z?[0m ?[35mTRACE?[0m tokio-runtime-worker ?[1mserver_handshake?[0m?[2m:?[0m?[1mConnection?[0m?[1m{?[0m?[3mpeer?[0m?[2m=?[0mServer?[1m}?[0m?[2m:?[0m?[1mpoll?[0m?[2m:?[0m?[1mFramedRead::poll_next?[0m?[2m:?[0m ?[2mtokio_util::codec::framed_impl?[0m?[2m:?[0m attempting to decode a frame
15:05:16.668 [Thread-5] DEBUG i.pact.plugins.jvm.core.ChildProcess - Plugin protobuf [46038] || ?[2m2023-03-27T09:35:16.667863Z?[0m ?[35mTRACE?[0m tokio-runtime-worker ?[1mserver_handshake?[0m?[2m:?[0m?[1mConnection?[0m?[1m{?[0m?[3mpeer?[0m?[2m=?[0mServer?[1m}?[0m?[2m:?[0m?[1mpoll?[0m?[2m:?[0m?[1mFramedRead::poll_next?[0m?[2m:?[0m ?[2mtokio_util::codec::framed_impl?[0m?[2m:?[0m frame decoded from buffer
15:05:16.668 [Thread-5] DEBUG i.pact.plugins.jvm.core.ChildProcess - Plugin protobuf [46038] || ?[2m2023-03-27T09:35:16.667876Z?[0m ?[35mTRACE?[0m tokio-runtime-worker ?[1mserver_handshake?[0m?[2m:?[0m?[1mConnection?[0m?[1m{?[0m?[3mpeer?[0m?[2m=?[0mServer?[1m}?[0m?[2m:?[0m?[1mpoll?[0m?[2m:?[0m?[1mFramedRead::poll_next?[0m?[2m:?[0m ?[2mh2::codec::framed_read?[0m?[2m:?[0m ?[3mread.bytes?[0m?[2m=?[0m52
15:05:16.668 [Thread-5] DEBUG i.pact.plugins.jvm.core.ChildProcess - Plugin protobuf [46038] || ?[2m2023-03-27T09:35:16.667898Z?[0m ?[35mTRACE?[0m tokio-runtime-worker ?[1mserver_handshake?[0m?[2m:?[0m?[1mConnection?[0m?[1m{?[0m?[3mpeer?[0m?[2m=?[0mServer?[1m}?[0m?[2m:?[0m?[1mpoll?[0m?[2m:?[0m?[1mFramedRead::poll_next?[0m?[2m:?[0m?[1mFramedRead::decode_frame?[0m?[1m{?[0m?[3moffset?[0m?[2m=?[0m52?[1m}?[0m?[2m:?[0m ?[2mh2::codec::framed_read?[0m?[2m:?[0m decoding frame from 52B
15:05:16.668 [Thread-5] DEBUG i.pact.plugins.jvm.core.ChildProcess - Plugin protobuf [46038] || ?[2m2023-03-27T09:35:16.667913Z?[0m ?[35mTRACE?[0m tokio-runtime-worker ?[1mserver_handshake?[0m?[2m:?[0m?[1mConnection?[0m?[1m{?[0m?[3mpeer?[0m?[2m=?[0mServer?[1m}?[0m?[2m:?[0m?[1mpoll?[0m?[2m:?[0m?[1mFramedRead::poll_next?[0m?[2m:?[0m?[1mFramedRead::decode_frame?[0m?[1m{?[0m?[3moffset?[0m?[2m=?[0m52?[1m}?[0m?[2m:?[0m ?[2mh2::codec::framed_read?[0m?[2m:?[0m ?[3mframe.kind?[0m?[2m=?[0mData
15:05:16.668 [Thread-5] DEBUG i.pact.plugins.jvm.core.ChildProcess - Plugin protobuf [46038] || ?[2m2023-03-27T09:35:16.667935Z?[0m ?[34mDEBUG?[0m tokio-runtime-worker ?[1mserver_handshake?[0m?[2m:?[0m?[1mConnection?[0m?[1m{?[0m?[3mpeer?[0m?[2m=?[0mServer?[1m}?[0m?[2m:?[0m?[1mpoll?[0m?[2m:?[0m?[1mFramedRead::poll_next?[0m?[2m:?[0m ?[2mh2::codec::framed_read?[0m?[2m:?[0m received ?[3mframe?[0m?[2m=?[0mData { stream_id: StreamId(11), flags: (0x1: END_STREAM) }
15:05:16.668 [Thread-5] DEBUG i.pact.plugins.jvm.core.ChildProcess - Plugin protobuf [46038] || ?[2m2023-03-27T09:35:16.667960Z?[0m ?[35mTRACE?[0m tokio-runtime-worker ?[1mserver_handshake?[0m?[2m:?[0m?[1mConnection?[0m?[1m{?[0m?[3mpeer?[0m?[2m=?[0mServer?[1m}?[0m?[2m:?[0m?[1mpoll?[0m?[2m:?[0m ?[2mh2::proto::connection?[0m?[2m:?[0m recv DATA ?[3mframe?[0m?[2m=?[0mData { stream_id: StreamId(11), flags: (0x1: END_STREAM) }
15:05:16.668 [Thread-5] DEBUG i.pact.plugins.jvm.core.ChildProcess - Plugin protobuf [46038] || ?[2m2023-03-27T09:35:16.667978Z?[0m ?[35mTRACE?[0m tokio-runtime-worker ?[1mserver_handshake?[0m?[2m:?[0m?[1mConnection?[0m?[1m{?[0m?[3mpeer?[0m?[2m=?[0mServer?[1m}?[0m?[2m:?[0m?[1mpoll?[0m?[2m:?[0m ?[2mh2::proto::streams::recv?[0m?[2m:?[0m recv_data; size=43; connection=1041923; stream=1048576
15:05:16.668 [Thread-5] DEBUG i.pact.plugins.jvm.core.ChildProcess - Plugin protobuf [46038] || ?[2m2023-03-27T09:35:16.667993Z?[0m ?[35mTRACE?[0m tokio-runtime-worker ?[1mserver_handshake?[0m?[2m:?[0m?[1mConnection?[0m?[1m{?[0m?[3mpeer?[0m?[2m=?[0mServer?[1m}?[0m?[2m:?[0m?[1mpoll?[0m?[2m:?[0m ?[2mh2::proto::streams::flow_control?[0m?[2m:?[0m send_data; sz=43; window=1041923; available=1048576
15:05:16.668 [Thread-5] DEBUG i.pact.plugins.jvm.core.ChildProcess - Plugin protobuf [46038] || ?[2m2023-03-27T09:35:16.668007Z?[0m ?[35mTRACE?[0m tokio-runtime-worker ?[1mserver_handshake?[0m?[2m:?[0m?[1mConnection?[0m?[1m{?[0m?[3mpeer?[0m?[2m=?[0mServer?[1m}?[0m?[2m:?[0m?[1mpoll?[0m?[2m:?[0m ?[2mh2::proto::streams::state?[0m?[2m:?[0m recv_close: Open => HalfClosedRemote(AwaitingHeaders)
15:05:16.668 [Thread-5] DEBUG i.pact.plugins.jvm.core.ChildProcess - Plugin protobuf [46038] || ?[2m2023-03-27T09:35:16.668024Z?[0m ?[35mTRACE?[0m tokio-runtime-worker ?[1mserver_handshake?[0m?[2m:?[0m?[1mConnection?[0m?[1m{?[0m?[3mpeer?[0m?[2m=?[0mServer?[1m}?[0m?[2m:?[0m?[1mpoll?[0m?[2m:?[0m ?[2mh2::proto::streams::flow_control?[0m?[2m:?[0m send_data; sz=43; window=1048576; available=1048576
15:05:16.668 [Thread-5] DEBUG i.pact.plugins.jvm.core.ChildProcess - Plugin protobuf [46038] || ?[2m2023-03-27T09:35:16.668039Z?[0m ?[35mTRACE?[0m tokio-runtime-worker ?[1mserver_handshake?[0m?[2m:?[0m?[1mConnection?[0m?[1m{?[0m?[3mpeer?[0m?[2m=?[0mServer?[1m}?[0m?[2m:?[0m?[1mpoll?[0m?[2m:?[0m ?[2mh2::proto::streams::counts?[0m?[2m:?[0m transition_after; stream=StreamId(11); state=State { inner: HalfClosedRemote(AwaitingHeaders) }; is_closed=false; pending_send_empty=true; buffered_send_data=0; num_recv=1; num_send=0
15:05:16.668 [Thread-5] DEBUG i.pact.plugins.jvm.core.ChildProcess - Plugin protobuf [46038] || ?[2m2023-03-27T09:35:16.668078Z?[0m ?[35mTRACE?[0m tokio-runtime-worker ?[1mserver_handshake?[0m?[2m:?[0m?[1mConnection?[0m?[1m{?[0m?[3mpeer?[0m?[2m=?[0mServer?[1m}?[0m?[2m:?[0m?[1mpoll?[0m?[2m:?[0m?[1mFramedRead::poll_next?[0m?[2m:?[0m ?[2mh2::codec::framed_read?[0m?[2m:?[0m poll
15:05:16.668 [Thread-5] DEBUG i.pact.plugins.jvm.core.ChildProcess - Plugin protobuf [46038] || ?[2m2023-03-27T09:35:16.668092Z?[0m ?[35mTRACE?[0m tokio-runtime-worker ?[1mserver_handshake?[0m?[2m:?[0m?[1mConnection?[0m?[1m{?[0m?[3mpeer?[0m?[2m=?[0mServer?[1m}?[0m?[2m:?[0m?[1mpoll?[0m?[2m:?[0m?[1mFramedRead::poll_next?[0m?[2m:?[0m ?[2mtokio_util::codec::framed_impl?[0m?[2m:?[0m attempting to decode a frame
15:05:16.668 [Thread-5] DEBUG i.pact.plugins.jvm.core.ChildProcess - Plugin protobuf [46038] || ?[2m2023-03-27T09:35:16.668131Z?[0m ?[35mTRACE?[0m tokio-runtime-worker ?[1mserver_handshake?[0m?[2m:?[0m?[1mConnection?[0m?[1m{?[0m?[3mpeer?[0m?[2m=?[0mServer?[1m}?[0m?[2m:?[0m?[1mpoll?[0m?[2m:?[0m ?[2mh2::proto::streams::prioritize?[0m?[2m:?[0m poll_complete
15:05:16.668 [Thread-5] DEBUG i.pact.plugins.jvm.core.ChildProcess - Plugin protobuf [46038] || ?[2m2023-03-27T09:35:16.668164Z?[0m ?[35mTRACE?[0m tokio-runtime-worker ?[1mserver_handshake?[0m?[2m:?[0m?[1mConnection?[0m?[1m{?[0m?[3mpeer?[0m?[2m=?[0mServer?[1m}?[0m?[2m:?[0m?[1mpoll?[0m?[2m:?[0m ?[2mh2::proto::streams::prioritize?[0m?[2m:?[0m schedule_pending_open
15:05:16.668 [Thread-5] DEBUG i.pact.plugins.jvm.core.ChildProcess - Plugin protobuf [46038] || ?[2m2023-03-27T09:35:16.668196Z?[0m ?[35mTRACE?[0m tokio-runtime-worker ?[1mserver_handshake?[0m?[2m:?[0m?[1mConnection?[0m?[1m{?[0m?[3mpeer?[0m?[2m=?[0mServer?[1m}?[0m?[2m:?[0m?[1mpoll?[0m?[2m:?[0m?[1mFramedWrite::flush?[0m?[2m:?[0m ?[2mh2::codec::framed_write?[0m?[2m:?[0m flushing buffer
15:05:16.668 [Thread-5] DEBUG i.pact.plugins.jvm.core.ChildProcess - Plugin protobuf [46038] || ?[2m2023-03-27T09:35:16.668234Z?[0m ?[35mTRACE?[0m tokio-runtime-worker ?[2mh2::proto::streams::streams?[0m?[2m:?[0m next_incoming; id=StreamId(11), state=State { inner: HalfClosedRemote(AwaitingHeaders) }
15:05:16.668 [Thread-5] DEBUG i.pact.plugins.jvm.core.ChildProcess - Plugin protobuf [46038] || ?[2m2023-03-27T09:35:16.668246Z?[0m ?[35mTRACE?[0m tokio-runtime-worker ?[2mh2::server?[0m?[2m:?[0m received incoming
15:05:16.668 [Thread-5] DEBUG i.pact.plugins.jvm.core.ChildProcess - Plugin protobuf [46038] || ?[2m2023-03-27T09:35:16.668256Z?[0m ?[35mTRACE?[0m tokio-runtime-worker ?[2mhyper::proto::h2::server?[0m?[2m:?[0m incoming request
15:05:16.668 [Thread-5] DEBUG i.pact.plugins.jvm.core.ChildProcess - Plugin protobuf [46038] || ?[2m2023-03-27T09:35:16.668307Z?[0m ?[34mDEBUG?[0m tokio-runtime-worker ?[1mrequest?[0m?[1m{?[0m?[3mmethod?[0m?[2m=?[0mPOST ?[3muri?[0m?[2m=?[0mhttp://[::1]:53788/io.pact.plugin.PactPlugin/ShutdownMockServer ?[3mversion?[0m?[2m=?[0mHTTP/2.0 ?[3mheaders?[0m?[2m=?[0m{"content-type": "application/grpc", "te": "trailers", "user-agent": "grpc-java-netty/1.49.0", "grpc-accept-encoding": "gzip", "authorization": Sensitive}?[1m}?[0m?[2m:?[0m ?[2mtower_http::trace::on_request?[0m?[2m:?[0m started processing request
15:05:16.668 [Thread-5] DEBUG i.pact.plugins.jvm.core.ChildProcess - Plugin protobuf [46038] || ?[2m2023-03-27T09:35:16.668335Z?[0m ?[35mTRACE?[0m tokio-runtime-worker ?[1mserver_handshake?[0m?[2m:?[0m?[1mConnection?[0m?[1m{?[0m?[3mpeer?[0m?[2m=?[0mServer?[1m}?[0m?[2m:?[0m?[1mpoll?[0m?[2m:?[0m ?[2mh2::proto::connection?[0m?[2m:?[0m ?[3mconnection.state?[0m?[2m=?[0mOpen
15:05:16.668 [Thread-5] DEBUG i.pact.plugins.jvm.core.ChildProcess - Plugin protobuf [46038] || ?[2m2023-03-27T09:35:16.668367Z?[0m ?[35mTRACE?[0m tokio-runtime-worker ?[1mserver_handshake?[0m?[2m:?[0m?[1mConnection?[0m?[1m{?[0m?[3mpeer?[0m?[2m=?[0mServer?[1m}?[0m?[2m:?[0m?[1mpoll?[0m?[2m:?[0m?[1mFramedRead::poll_next?[0m?[2m:?[0m ?[2mh2::codec::framed_read?[0m?[2m:?[0m poll
15:05:16.668 [Thread-5] DEBUG i.pact.plugins.jvm.core.ChildProcess - Plugin protobuf [46038] || ?[2m2023-03-27T09:35:16.668398Z?[0m ?[35mTRACE?[0m tokio-runtime-worker ?[1mserver_handshake?[0m?[2m:?[0m?[1mConnection?[0m?[1m{?[0m?[3mpeer?[0m?[2m=?[0mServer?[1m}?[0m?[2m:?[0m?[1mpoll?[0m?[2m:?[0m ?[2mh2::proto::streams::prioritize?[0m?[2m:?[0m poll_complete
15:05:16.668 [Thread-5] DEBUG i.pact.plugins.jvm.core.ChildProcess - Plugin protobuf [46038] || ?[2m2023-03-27T09:35:16.668411Z?[0m ?[35mTRACE?[0m tokio-runtime-worker ?[1mserver_handshake?[0m?[2m:?[0m?[1mConnection?[0m?[1m{?[0m?[3mpeer?[0m?[2m=?[0mServer?[1m}?[0m?[2m:?[0m?[1mpoll?[0m?[2m:?[0m ?[2mh2::proto::streams::prioritize?[0m?[2m:?[0m schedule_pending_open
15:05:16.668 [Thread-5] DEBUG i.pact.plugins.jvm.core.ChildProcess - Plugin protobuf [46038] || ?[2m2023-03-27T09:35:16.668441Z?[0m ?[35mTRACE?[0m tokio-runtime-worker ?[1mserver_handshake?[0m?[2m:?[0m?[1mConnection?[0m?[1m{?[0m?[3mpeer?[0m?[2m=?[0mServer?[1m}?[0m?[2m:?[0m?[1mpoll?[0m?[2m:?[0m?[1mFramedWrite::flush?[0m?[2m:?[0m ?[2mh2::codec::framed_write?[0m?[2m:?[0m flushing buffer
15:05:16.668 [Thread-5] DEBUG i.pact.plugins.jvm.core.ChildProcess - Plugin protobuf [46038] || ?[2m2023-03-27T09:35:16.668524Z?[0m ?[35mTRACE?[0m tokio-runtime-worker ?[1mrequest?[0m?[1m{?[0m?[3mmethod?[0m?[2m=?[0mPOST ?[3muri?[0m?[2m=?[0mhttp://[::1]:53788/io.pact.plugin.PactPlugin/ShutdownMockServer ?[3mversion?[0m?[2m=?[0mHTTP/2.0 ?[3mheaders?[0m?[2m=?[0m{"content-type": "application/grpc", "te": "trailers", "user-agent": "grpc-java-netty/1.49.0", "grpc-accept-encoding": "gzip", "authorization": Sensitive}?[1m}?[0m?[2m:?[0m ?[2mh2::proto::streams::recv?[0m?[2m:?[0m release_capacity; size=43
15:05:16.668 [Thread-5] DEBUG i.pact.plugins.jvm.core.ChildProcess - Plugin protobuf [46038] || ?[2m2023-03-27T09:35:16.668547Z?[0m ?[35mTRACE?[0m tokio-runtime-worker ?[1mrequest?[0m?[1m{?[0m?[3mmethod?[0m?[2m=?[0mPOST ?[3muri?[0m?[2m=?[0mhttp://[::1]:53788/io.pact.plugin.PactPlugin/ShutdownMockServer ?[3mversion?[0m?[2m=?[0mHTTP/2.0 ?[3mheaders?[0m?[2m=?[0m{"content-type": "application/grpc", "te": "trailers", "user-agent": "grpc-java-netty/1.49.0", "grpc-accept-encoding": "gzip", "authorization": Sensitive}?[1m}?[0m?[2m:?[0m ?[2mh2::proto::streams::recv?[0m?[2m:?[0m release_connection_capacity; size=43, connection in_flight_data=43
15:05:16.668 [Thread-5] DEBUG i.pact.plugins.jvm.core.ChildProcess - Plugin protobuf [46038] || ?[2m2023-03-27T09:35:16.668571Z?[0m ?[35mTRACE?[0m tokio-runtime-worker ?[1mrequest?[0m?[1m{?[0m?[3mmethod?[0m?[2m=?[0mPOST ?[3muri?[0m?[2m=?[0mhttp://[::1]:53788/io.pact.plugin.PactPlugin/ShutdownMockServer ?[3mversion?[0m?[2m=?[0mHTTP/2.0 ?[3mheaders?[0m?[2m=?[0m{"content-type": "application/grpc", "te": "trailers", "user-agent": "grpc-java-netty/1.49.0", "grpc-accept-encoding": "gzip", "authorization": Sensitive}?[1m}?[0m?[2m:?[0m ?[2mh2::proto::streams::streams?[0m?[2m:?[0m drop_stream_ref; stream=Stream { id: StreamId(11), state: State { inner: HalfClosedRemote(AwaitingHeaders) }, is_counted: true, ref_count: 2, next_pending_send: None, is_pending_send: false, send_flow: FlowControl { window_size: Window(1048576), available: Window(0) }, requested_send_capacity: 0, buffered_send_data: 0, send_task: None, pending_send: Deque { indices: None }, next_pending_send_capacity: None, is_pending_send_capacity: false, send_capacity_inc: false, next_open: None, is_pending_open: false, is_pending_push: false, next_pending_accept: None, is_pending_accept: false, recv_flow: FlowControl { window_size: Window(1048533), available: Window(1048576) }, in_flight_recv_data: 0, next_window_update: None, is_pending_window_update: false, reset_at: None, next_reset_expire: None, pending_recv: Deque { indices: None }, recv_task: None, pending_push_promises: Queue { indices: None, _p: PhantomData }, content_length: Omitted }
15:05:16.668 [Thread-5] DEBUG i.pact.plugins.jvm.core.ChildProcess - Plugin protobuf [46038] || ?[2m2023-03-27T09:35:16.668608Z?[0m ?[35mTRACE?[0m tokio-runtime-worker ?[1mrequest?[0m?[1m{?[0m?[3mmethod?[0m?[2m=?[0mPOST ?[3muri?[0m?[2m=?[0mhttp://[::1]:53788/io.pact.plugin.PactPlugin/ShutdownMockServer ?[3mversion?[0m?[2m=?[0mHTTP/2.0 ?[3mheaders?[0m?[2m=?[0m{"content-type": "application/grpc", "te": "trailers", "user-agent": "grpc-java-netty/1.49.0", "grpc-accept-encoding": "gzip", "authorization": Sensitive}?[1m}?[0m?[2m:?[0m ?[2mh2::proto::streams::counts?[0m?[2m:?[0m transition_after; stream=StreamId(11); state=State { inner: HalfClosedRemote(AwaitingHeaders) }; is_closed=false; pending_send_empty=true; buffered_send_data=0; num_recv=1; num_send=0
15:05:16.668 [Thread-5] DEBUG i.pact.plugins.jvm.core.ChildProcess - Plugin protobuf [46038] || ?[2m2023-03-27T09:35:16.668685Z?[0m ?[34mDEBUG?[0m tokio-runtime-worker ?[1mrequest?[0m?[1m{?[0m?[3mmethod?[0m?[2m=?[0mPOST ?[3muri?[0m?[2m=?[0mhttp://[::1]:53788/io.pact.plugin.PactPlugin/ShutdownMockServer ?[3mversion?[0m?[2m=?[0mHTTP/2.0 ?[3mheaders?[0m?[2m=?[0m{"content-type": "application/grpc", "te": "trailers", "user-agent": "grpc-java-netty/1.49.0", "grpc-accept-encoding": "gzip", "authorization": Sensitive}?[1m}?[0m?[2m:?[0m ?[2mtower_http::trace::on_response?[0m?[2m:?[0m finished processing request ?[3mlatency?[0m?[2m=?[0m0 ms
15:05:16.668 [Thread-5] DEBUG i.pact.plugins.jvm.core.ChildProcess - Plugin protobuf [46038] || ?[2m2023-03-27T09:35:16.668722Z?[0m ?[35mTRACE?[0m tokio-runtime-worker ?[2mh2::proto::streams::send?[0m?[2m:?[0m send_headers; frame=Headers { stream_id: StreamId(11), flags: (0x4: END_HEADERS) }; init_window=1048576
15:05:16.668 [Thread-5] DEBUG i.pact.plugins.jvm.core.ChildProcess - Plugin protobuf [46038] || ?[2m2023-03-27T09:35:16.668750Z?[0m ?[35mTRACE?[0m tokio-runtime-worker ?[1mPrioritize::queue_frame?[0m?[1m{?[0m?[3mstream.id?[0m?[2m=?[0mStreamId(11)?[1m}?[0m?[2m:?[0m ?[2mh2::proto::streams::prioritize?[0m?[2m:?[0m schedule_send ?[3mstream.id?[0m?[2m=?[0mStreamId(11)
15:05:16.668 [Thread-5] DEBUG i.pact.plugins.jvm.core.ChildProcess - Plugin protobuf [46038] || ?[2m2023-03-27T09:35:16.668765Z?[0m ?[35mTRACE?[0m tokio-runtime-worker ?[1mPrioritize::queue_frame?[0m?[1m{?[0m?[3mstream.id?[0m?[2m=?[0mStreamId(11)?[1m}?[0m?[2m:?[0m ?[2mh2::proto::streams::store?[0m?[2m:?[0m Queue::push
15:05:16.668 [Thread-5] DEBUG i.pact.plugins.jvm.core.ChildProcess - Plugin protobuf [46038] || ?[2m2023-03-27T09:35:16.668800Z?[0m ?[35mTRACE?[0m tokio-runtime-worker ?[1mPrioritize::queue_frame?[0m?[1m{?[0m?[3mstream.id?[0m?[2m=?[0mStreamId(11)?[1m}?[0m?[2m:?[0m ?[2mh2::proto::streams::store?[0m?[2m:?[0m  -> first entry
15:05:16.669 [Thread-5] DEBUG i.pact.plugins.jvm.core.ChildProcess - Plugin protobuf [46038] || ?[2m2023-03-27T09:35:16.668862Z?[0m ?[35mTRACE?[0m tokio-runtime-worker ?[1mmock server?[0m?[1m{?[0m?[3mkey?[0m?[2m=?[0m"5cae5f82-fec2-43c6-9739-60d0383d84ec" ?[3mport?[0m?[2m=?[0m53791?[1m}?[0m?[2m:?[0m ?[2mpact_protobuf_plugin::mock_server?[0m?[2m:?[0m Received shutdown signal for server 5cae5f82-fec2-43c6-9739-60d0383d84ec
15:05:16.669 [Thread-5] DEBUG i.pact.plugins.jvm.core.ChildProcess - Plugin protobuf [46038] || ?[2m2023-03-27T09:35:16.668855Z?[0m ?[35mTRACE?[0m tokio-runtime-worker ?[2mh2::proto::streams::counts?[0m?[2m:?[0m transition_after; stream=StreamId(11); state=State { inner: HalfClosedRemote(Streaming) }; is_closed=false; pending_send_empty=false; buffered_send_data=0; num_recv=1; num_send=0
15:05:16.669 [Thread-5] DEBUG i.pact.plugins.jvm.core.ChildProcess - Plugin protobuf [46038] || ?[2m2023-03-27T09:35:16.668925Z?[0m ?[34mDEBUG?[0m tokio-runtime-worker ?[1mmock server?[0m?[1m{?[0m?[3mkey?[0m?[2m=?[0m"5cae5f82-fec2-43c6-9739-60d0383d84ec" ?[3mport?[0m?[2m=?[0m53791?[1m}?[0m?[2m:?[0m ?[2mhyper::server::shutdown?[0m?[2m:?[0m signal received, starting graceful shutdown
15:05:16.669 [Thread-5] DEBUG i.pact.plugins.jvm.core.ChildProcess - Plugin protobuf [46038] || ?[2m2023-03-27T09:35:16.668948Z?[0m ?[35mTRACE?[0m tokio-runtime-worker ?[1mreserve_capacity?[0m?[1m{?[0m?[3mstream.id?[0m?[2m=?[0mStreamId(11) ?[3mrequested?[0m?[2m=?[0m1 ?[3meffective?[0m?[2m=?[0m1 ?[3mcurr?[0m?[2m=?[0m0?[1m}?[0m?[2m:?[0m?[1mtry_assign_capacity?[0m?[1m{?[0m?[3mstream.id?[0m?[2m=?[0mStreamId(11)?[1m}?[0m?[2m:?[0m ?[2mh2::proto::streams::prioritize?[0m?[2m:?[0m ?[3mrequested?[0m?[2m=?[0m1 ?[3madditional?[0m?[2m=?[0m1 ?[3mbuffered?[0m?[2m=?[0m0 ?[3mwindow?[0m?[2m=?[0m1048576 ?[3mconn?[0m?[2m=?[0m1045484
15:05:16.669 [Thread-5] DEBUG i.pact.plugins.jvm.core.ChildProcess - Plugin protobuf [46038] || ?[2m2023-03-27T09:35:16.669022Z?[0m ?[35mTRACE?[0m tokio-runtime-worker ?[2mhyper::proto::h2::server?[0m?[2m:?[0m graceful_shutdown
15:05:16.669 [Thread-5] DEBUG i.pact.plugins.jvm.core.ChildProcess - Plugin protobuf [46038] || ?[2m2023-03-27T09:35:16.669035Z?[0m ?[35mTRACE?[0m tokio-runtime-worker ?[1mreserve_capacity?[0m?[1m{?[0m?[3mstream.id?[0m?[2m=?[0mStreamId(11) ?[3mrequested?[0m?[2m=?[0m1 ?[3meffective?[0m?[2m=?[0m1 ?[3mcurr?[0m?[2m=?[0m0?[1m}?[0m?[2m:?[0m?[1mtry_assign_capacity?[0m?[1m{?[0m?[3mstream.id?[0m?[2m=?[0mStreamId(11)?[1m}?[0m?[2m:?[0m ?[2mh2::proto::streams::prioritize?[0m?[2m:?[0m assigning ?[3mcapacity?[0m?[2m=?[0m1
15:05:16.669 [Thread-5] DEBUG i.pact.plugins.jvm.core.ChildProcess - Plugin protobuf [46038] || ?[2m2023-03-27T09:35:16.669048Z?[0m ?[35mTRACE?[0m tokio-runtime-worker ?[1mserver_handshake?[0m?[2m:?[0m?[1mConnection?[0m?[1m{?[0m?[3mpeer?[0m?[2m=?[0mServer?[1m}?[0m?[2m:?[0m?[1mpoll?[0m?[2m:?[0m ?[2mh2::proto::connection?[0m?[2m:?[0m ?[3mconnection.state?[0m?[2m=?[0mOpen
15:05:16.669 [Thread-5] DEBUG i.pact.plugins.jvm.core.ChildProcess - Plugin protobuf [46038] || ?[2m2023-03-27T09:35:16.669053Z?[0m ?[35mTRACE?[0m tokio-runtime-worker ?[1mreserve_capacity?[0m?[1m{?[0m?[3mstream.id?[0m?[2m=?[0mStreamId(11) ?[3mrequested?[0m?[2m=?[0m1 ?[3meffective?[0m?[2m=?[0m1 ?[3mcurr?[0m?[2m=?[0m0?[1m}?[0m?[2m:?[0m?[1mtry_assign_capacity?[0m?[1m{?[0m?[3mstream.id?[0m?[2m=?[0mStreamId(11)?[1m}?[0m?[2m:?[0m ?[2mh2::proto::streams::stream?[0m?[2m:?[0m   assigned capacity to stream; available=1; buffered=0; id=StreamId(11); max_buffer_size=409600
15:05:16.669 [Thread-5] DEBUG i.pact.plugins.jvm.core.ChildProcess - Plugin protobuf [46038] || ?[2m2023-03-27T09:35:16.669070Z?[0m ?[35mTRACE?[0m tokio-runtime-worker ?[1mreserve_capacity?[0m?[1m{?[0m?[3mstream.id?[0m?[2m=?[0mStreamId(11) ?[3mrequested?[0m?[2m=?[0m1 ?[3meffective?[0m?[2m=?[0m1 ?[3mcurr?[0m?[2m=?[0m0?[1m}?[0m?[2m:?[0m?[1mtry_assign_capacity?[0m?[1m{?[0m?[3mstream.id?[0m?[2m=?[0mStreamId(11)?[1m}?[0m?[2m:?[0m ?[2mh2::proto::streams::stream?[0m?[2m:?[0m   notifying task
15:05:16.669 [Thread-5] DEBUG i.pact.plugins.jvm.core.ChildProcess - Plugin protobuf [46038] || ?[2m2023-03-27T09:35:16.669077Z?[0m ?[34mDEBUG?[0m tokio-runtime-worker ?[1mserver_handshake?[0m?[2m:?[0m?[1mConnection?[0m?[1m{?[0m?[3mpeer?[0m?[2m=?[0mServer?[1m}?[0m?[2m:?[0m?[1mpoll?[0m?[2m:?[0m?[1mFramedWrite::buffer?[0m?[1m{?[0m?[3mframe?[0m?[2m=?[0mGoAway { error_code: NO_ERROR, last_stream_id: StreamId(2147483647) }?[1m}?[0m?[2m:?[0m ?[2mh2::codec::framed_write?[0m?[2m:?[0m send ?[3mframe?[0m?[2m=?[0mGoAway { error_code: NO_ERROR, last_stream_id: StreamId(2147483647) }
15:05:16.669 [Thread-5] DEBUG i.pact.plugins.jvm.core.ChildProcess - Plugin protobuf [46038] || ?[2m2023-03-27T09:35:16.669084Z?[0m ?[35mTRACE?[0m tokio-runtime-worker ?[1mreserve_capacity?[0m?[1m{?[0m?[3mstream.id?[0m?[2m=?[0mStreamId(11) ?[3mrequested?[0m?[2m=?[0m1 ?[3meffective?[0m?[2m=?[0m1 ?[3mcurr?[0m?[2m=?[0m0?[1m}?[0m?[2m:?[0m?[1mtry_assign_capacity?[0m?[1m{?[0m?[3mstream.id?[0m?[2m=?[0mStreamId(11)?[1m}?[0m?[2m:?[0m ?[2mh2::proto::streams::prioritize?[0m?[2m:?[0m ?[3mavailable?[0m?[2m=?[0m1 ?[3mrequested?[0m?[2m=?[0m1 ?[3mbuffered?[0m?[2m=?[0m0 ?[3mhas_unavailable?[0m?[2m=?[0mtrue
15:05:16.669 [Thread-5] DEBUG i.pact.plugins.jvm.core.ChildProcess - Plugin protobuf [46038] || ?[2m2023-03-27T09:35:16.669096Z?[0m ?[35mTRACE?[0m tokio-runtime-worker ?[1mserver_handshake?[0m?[2m:?[0m?[1mConnection?[0m?[1m{?[0m?[3mpeer?[0m?[2m=?[0mServer?[1m}?[0m?[2m:?[0m?[1mpoll?[0m?[2m:?[0m?[1mFramedWrite::buffer?[0m?[1m{?[0m?[3mframe?[0m?[2m=?[0mGoAway { error_code: NO_ERROR, last_stream_id: StreamId(2147483647) }?[1m}?[0m?[2m:?[0m ?[2mh2::frame::go_away?[0m?[2m:?[0m encoding GO_AWAY; code=NO_ERROR
15:05:16.669 [Thread-5] DEBUG i.pact.plugins.jvm.core.ChildProcess - Plugin protobuf [46038] || ?[2m2023-03-27T09:35:16.669116Z?[0m ?[35mTRACE?[0m tokio-runtime-worker ?[1mserver_handshake?[0m?[2m:?[0m?[1mConnection?[0m?[1m{?[0m?[3mpeer?[0m?[2m=?[0mServer?[1m}?[0m?[2m:?[0m?[1mpoll?[0m?[2m:?[0m?[1mFramedWrite::buffer?[0m?[1m{?[0m?[3mframe?[0m?[2m=?[0mGoAway { error_code: NO_ERROR, last_stream_id: StreamId(2147483647) }?[1m}?[0m?[2m:?[0m ?[2mh2::codec::framed_write?[0m?[2m:?[0m encoded go_away ?[3mrem?[0m?[2m=?[0m17
15:05:16.669 [Thread-5] DEBUG i.pact.plugins.jvm.core.ChildProcess - Plugin protobuf [46038] || ?[2m2023-03-27T09:35:16.669126Z?[0m ?[35mTRACE?[0m tokio-runtime-worker ?[2mhyper::proto::h2?[0m?[2m:?[0m send body chunk: 34 bytes, eos=false
15:05:16.669 [Thread-5] DEBUG i.pact.plugins.jvm.core.ChildProcess - Plugin protobuf [46038] || ?[2m2023-03-27T09:35:16.669152Z?[0m ?[35mTRACE?[0m tokio-runtime-worker ?[1msend_data?[0m?[1m{?[0m?[3msz?[0m?[2m=?[0m34 ?[3mrequested?[0m?[2m=?[0m1?[1m}?[0m?[2m:?[0m ?[2mh2::proto::streams::prioritize?[0m?[2m:?[0m ?[3mbuffered?[0m?[2m=?[0m34
15:05:16.669 [Thread-5] DEBUG i.pact.plugins.jvm.core.ChildProcess - Plugin protobuf [46038] || ?[2m2023-03-27T09:35:16.669159Z?[0m ?[34mDEBUG?[0m tokio-runtime-worker ?[1mserver_handshake?[0m?[2m:?[0m?[1mConnection?[0m?[1m{?[0m?[3mpeer?[0m?[2m=?[0mServer?[1m}?[0m?[2m:?[0m?[1mpoll?[0m?[2m:?[0m?[1mpoll_ready?[0m?[2m:?[0m?[1mFramedWrite::buffer?[0m?[1m{?[0m?[3mframe?[0m?[2m=?[0mPing { ack: false, payload: [11, 123, 162, 240, 139, 155, 254, 84] }?[1m}?[0m?[2m:?[0m ?[2mh2::codec::framed_write?[0m?[2m:?[0m send ?[3mframe?[0m?[2m=?[0mPing { ack: false, payload: [11, 123, 162, 240, 139, 155, 254, 84] }
15:05:16.669 [Thread-5] DEBUG i.pact.plugins.jvm.core.ChildProcess - Plugin protobuf [46038] || ?[2m2023-03-27T09:35:16.669177Z?[0m ?[35mTRACE?[0m tokio-runtime-worker ?[1msend_data?[0m?[1m{?[0m?[3msz?[0m?[2m=?[0m34 ?[3mrequested?[0m?[2m=?[0m1?[1m}?[0m?[2m:?[0m?[1mtry_assign_capacity?[0m?[1m{?[0m?[3mstream.id?[0m?[2m=?[0mStreamId(11)?[1m}?[0m?[2m:?[0m ?[2mh2::proto::streams::prioritize?[0m?[2m:?[0m ?[3mrequested?[0m?[2m=?[0m34 ?[3madditional?[0m?[2m=?[0m33 ?[3mbuffered?[0m?[2m=?[0m34 ?[3mwindow?[0m?[2m=?[0m1048576 ?[3mconn?[0m?[2m=?[0m1045483
15:05:16.669 [Thread-5] DEBUG i.pact.plugins.jvm.core.ChildProcess - Plugin protobuf [46038] || ?[2m2023-03-27T09:35:16.669178Z?[0m ?[35mTRACE?[0m tokio-runtime-worker ?[1mserver_handshake?[0m?[2m:?[0m?[1mConnection?[0m?[1m{?[0m?[3mpeer?[0m?[2m=?[0mServer?[1m}?[0m?[2m:?[0m?[1mpoll?[0m?[2m:?[0m?[1mpoll_ready?[0m?[2m:?[0m?[1mFramedWrite::buffer?[0m?[1m{?[0m?[3mframe?[0m?[2m=?[0mPing { ack: false, payload: [11, 123, 162, 240, 139, 155, 254, 84] }?[1m}?[0m?[2m:?[0m ?[2mh2::frame::ping?[0m?[2m:?[0m encoding PING; ack=false len=8
15:05:16.669 [Thread-5] DEBUG i.pact.plugins.jvm.core.ChildProcess - Plugin protobuf [46038] || ?[2m2023-03-27T09:35:16.669201Z?[0m ?[35mTRACE?[0m tokio-runtime-worker ?[1mserver_handshake?[0m?[2m:?[0m?[1mConnection?[0m?[1m{?[0m?[3mpeer?[0m?[2m=?[0mServer?[1m}?[0m?[2m:?[0m?[1mpoll?[0m?[2m:?[0m?[1mpoll_ready?[0m?[2m:?[0m?[1mFramedWrite::buffer?[0m?[1m{?[0m?[3mframe?[0m?[2m=?[0mPing { ack: false, payload: [11, 123, 162, 240, 139, 155, 254, 84] }?[1m}?[0m?[2m:?[0m ?[2mh2::codec::framed_write?[0m?[2m:?[0m encoded ping ?[3mrem?[0m?[2m=?[0m34
15:05:16.669 [Thread-5] DEBUG i.pact.plugins.jvm.core.ChildProcess - Plugin protobuf [46038] || ?[2m2023-03-27T09:35:16.669197Z?[0m ?[35mTRACE?[0m tokio-runtime-worker ?[1msend_data?[0m?[1m{?[0m?[3msz?[0m?[2m=?[0m34 ?[3mrequested?[0m?[2m=?[0m1?[1m}?[0m?[2m:?[0m?[1mtry_assign_capacity?[0m?[1m{?[0m?[3mstream.id?[0m?[2m=?[0mStreamId(11)?[1m}?[0m?[2m:?[0m ?[2mh2::proto::streams::prioritize?[0m?[2m:?[0m assigning ?[3mcapacity?[0m?[2m=?[0m33
15:05:16.669 [Thread-5] DEBUG i.pact.plugins.jvm.core.ChildProcess - Plugin protobuf [46038] || ?[2m2023-03-27T09:35:16.669232Z?[0m ?[35mTRACE?[0m tokio-runtime-worker ?[1msend_data?[0m?[1m{?[0m?[3msz?[0m?[2m=?[0m34 ?[3mrequested?[0m?[2m=?[0m1?[1m}?[0m?[2m:?[0m?[1mtry_assign_capacity?[0m?[1m{?[0m?[3mstream.id?[0m?[2m=?[0mStreamId(11)?[1m}?[0m?[2m:?[0m ?[2mh2::proto::streams::stream?[0m?[2m:?[0m   assigned capacity to stream; available=34; buffered=34; id=StreamId(11); max_buffer_size=409600
15:05:16.669 [Thread-5] DEBUG i.pact.plugins.jvm.core.ChildProcess - Plugin protobuf [46038] || ?[2m2023-03-27T09:35:16.669238Z?[0m ?[35mTRACE?[0m tokio-runtime-worker ?[1mserver_handshake?[0m?[2m:?[0m?[1mConnection?[0m?[1m{?[0m?[3mpeer?[0m?[2m=?[0mServer?[1m}?[0m?[2m:?[0m?[1mpoll?[0m?[2m:?[0m?[1mFramedRead::poll_next?[0m?[2m:?[0m ?[2mh2::codec::framed_read?[0m?[2m:?[0m poll
15:05:16.669 [Thread-5] DEBUG i.pact.plugins.jvm.core.ChildProcess - Plugin protobuf [46038] || ?[2m2023-03-27T09:35:16.669251Z?[0m ?[35mTRACE?[0m tokio-runtime-worker ?[1msend_data?[0m?[1m{?[0m?[3msz?[0m?[2m=?[0m34 ?[3mrequested?[0m?[2m=?[0m1?[1m}?[0m?[2m:?[0m?[1mtry_assign_capacity?[0m?[1m{?[0m?[3mstream.id?[0m?[2m=?[0mStreamId(11)?[1m}?[0m?[2m:?[0m ?[2mh2::proto::streams::prioritize?[0m?[2m:?[0m ?[3mavailable?[0m?[2m=?[0m34 ?[3mrequested?[0m?[2m=?[0m34 ?[3mbuffered?[0m?[2m=?[0m34 ?[3mhas_unavailable?[0m?[2m=?[0mtrue
15:05:16.669 [Thread-5] DEBUG i.pact.plugins.jvm.core.ChildProcess - Plugin protobuf [46038] || ?[2m2023-03-27T09:35:16.669269Z?[0m ?[35mTRACE?[0m tokio-runtime-worker ?[1msend_data?[0m?[1m{?[0m?[3msz?[0m?[2m=?[0m34 ?[3mrequested?[0m?[2m=?[0m1?[1m}?[0m?[2m:?[0m?[1mtry_assign_capacity?[0m?[1m{?[0m?[3mstream.id?[0m?[2m=?[0mStreamId(11)?[1m}?[0m?[2m:?[0m ?[2mh2::proto::streams::store?[0m?[2m:?[0m Queue::push
15:05:16.669 [Thread-5] DEBUG i.pact.plugins.jvm.core.ChildProcess - Plugin protobuf [46038] || ?[2m2023-03-27T09:35:16.669292Z?[0m ?[35mTRACE?[0m tokio-runtime-worker ?[1mserver_handshake?[0m?[2m:?[0m?[1mConnection?[0m?[1m{?[0m?[3mpeer?[0m?[2m=?[0mServer?[1m}?[0m?[2m:?[0m?[1mpoll?[0m?[2m:?[0m ?[2mh2::proto::streams::prioritize?[0m?[2m:?[0m poll_complete
15:05:16.669 [Thread-5] DEBUG i.pact.plugins.jvm.core.ChildProcess - Plugin protobuf [46038] || ?[2m2023-03-27T09:35:16.669282Z?[0m ?[35mTRACE?[0m tokio-runtime-worker ?[1msend_data?[0m?[1m{?[0m?[3msz?[0m?[2m=?[0m34 ?[3mrequested?[0m?[2m=?[0m1?[1m}?[0m?[2m:?[0m?[1mtry_assign_capacity?[0m?[1m{?[0m?[3mstream.id?[0m?[2m=?[0mStreamId(11)?[1m}?[0m?[2m:?[0m ?[2mh2::proto::streams::store?[0m?[2m:?[0m  -> already queued
15:05:16.669 [Thread-5] DEBUG i.pact.plugins.jvm.core.ChildProcess - Plugin protobuf [46038] || ?[2m2023-03-27T09:35:16.669306Z?[0m ?[35mTRACE?[0m tokio-runtime-worker ?[1mserver_handshake?[0m?[2m:?[0m?[1mConnection?[0m?[1m{?[0m?[3mpeer?[0m?[2m=?[0mServer?[1m}?[0m?[2m:?[0m?[1mpoll?[0m?[2m:?[0m ?[2mh2::proto::streams::prioritize?[0m?[2m:?[0m schedule_pending_open
15:05:16.669 [Thread-5] DEBUG i.pact.plugins.jvm.core.ChildProcess - Plugin protobuf [46038] || ?[2m2023-03-27T09:35:16.669323Z?[0m ?[35mTRACE?[0m tokio-runtime-worker ?[1msend_data?[0m?[1m{?[0m?[3msz?[0m?[2m=?[0m34 ?[3mrequested?[0m?[2m=?[0m1?[1m}?[0m?[2m:?[0m ?[2mh2::proto::streams::prioritize?[0m?[2m:?[0m ?[3mavailable?[0m?[2m=?[0m34 ?[3mbuffered?[0m?[2m=?[0m34
15:05:16.669 [Thread-5] DEBUG i.pact.plugins.jvm.core.ChildProcess - Plugin protobuf [46038] || ?[2m2023-03-27T09:35:16.669348Z?[0m ?[35mTRACE?[0m tokio-runtime-worker ?[1msend_data?[0m?[1m{?[0m?[3msz?[0m?[2m=?[0m34 ?[3mrequested?[0m?[2m=?[0m1?[1m}?[0m?[2m:?[0m?[1mPrioritize::queue_frame?[0m?[1m{?[0m?[3mstream.id?[0m?[2m=?[0mStreamId(11)?[1m}?[0m?[2m:?[0m ?[2mh2::proto::streams::prioritize?[0m?[2m:?[0m schedule_send ?[3mstream.id?[0m?[2m=?[0mStreamId(11)
15:05:16.669 [grpc-nio-worker-ELG-1-4] DEBUG io.grpc.netty.NettyClientHandler - [id: 0x3f9b4665, L:/127.0.0.1:53792 - R:/127.0.0.1:53791] INBOUND GO_AWAY: lastStreamId=2147483647 errorCode=0 length=0 bytes=
15:05:16.669 [Thread-5] DEBUG i.pact.plugins.jvm.core.ChildProcess - Plugin protobuf [46038] || ?[2m2023-03-27T09:35:16.669363Z?[0m ?[35mTRACE?[0m tokio-runtime-worker ?[1msend_data?[0m?[1m{?[0m?[3msz?[0m?[2m=?[0m34 ?[3mrequested?[0m?[2m=?[0m1?[1m}?[0m?[2m:?[0m?[1mPrioritize::queue_frame?[0m?[1m{?[0m?[3mstream.id?[0m?[2m=?[0mStreamId(11)?[1m}?[0m?[2m:?[0m ?[2mh2::proto::streams::store?[0m?[2m:?[0m Queue::push
15:05:16.669 [Thread-5] DEBUG i.pact.plugins.jvm.core.ChildProcess - Plugin protobuf [46038] || ?[2m2023-03-27T09:35:16.669376Z?[0m ?[35mTRACE?[0m tokio-runtime-worker ?[1msend_data?[0m?[1m{?[0m?[3msz?[0m?[2m=?[0m34 ?[3mrequested?[0m?[2m=?[0m1?[1m}?[0m?[2m:?[0m?[1mPrioritize::queue_frame?[0m?[1m{?[0m?[3mstream.id?[0m?[2m=?[0mStreamId(11)?[1m}?[0m?[2m:?[0m ?[2mh2::proto::streams::store?[0m?[2m:?[0m  -> already queued
15:05:16.669 [Thread-5] DEBUG i.pact.plugins.jvm.core.ChildProcess - Plugin protobuf [46038] || ?[2m2023-03-27T09:35:16.669383Z?[0m ?[35mTRACE?[0m tokio-runtime-worker ?[1mserver_handshake?[0m?[2m:?[0m?[1mConnection?[0m?[1m{?[0m?[3mpeer?[0m?[2m=?[0mServer?[1m}?[0m?[2m:?[0m?[1mpoll?[0m?[2m:?[0m?[1mFramedWrite::flush?[0m?[2m:?[0m ?[2mh2::codec::framed_write?[0m?[2m:?[0m ?[3mqueued_data_frame?[0m?[2m=?[0mfalse
15:05:16.669 [Thread-5] DEBUG i.pact.plugins.jvm.core.ChildProcess - Plugin protobuf [46038] || ?[2m2023-03-27T09:35:16.669402Z?[0m ?[35mTRACE?[0m tokio-runtime-worker ?[2mh2::proto::streams::counts?[0m?[2m:?[0m transition_after; stream=StreamId(11); state=State { inner: HalfClosedRemote(Streaming) }; is_closed=false; pending_send_empty=false; buffered_send_data=34; num_recv=1; num_send=0
15:05:16.669 [Thread-5] DEBUG i.pact.plugins.jvm.core.ChildProcess - Plugin protobuf [46038] || ?[2m2023-03-27T09:35:16.669418Z?[0m ?[35mTRACE?[0m tokio-runtime-worker ?[1mserver_handshake?[0m?[2m:?[0m?[1mConnection?[0m?[1m{?[0m?[3mpeer?[0m?[2m=?[0mServer?[1m}?[0m?[2m:?[0m?[1mpoll?[0m?[2m:?[0m?[1mFramedWrite::flush?[0m?[2m:?[0m ?[2mh2::codec::framed_write?[0m?[2m:?[0m flushing buffer
15:05:16.669 [Thread-5] DEBUG i.pact.plugins.jvm.core.ChildProcess - Plugin protobuf [46038] || ?[2m2023-03-27T09:35:16.669435Z?[0m ?[35mTRACE?[0m tokio-runtime-worker ?[1mreserve_capacity?[0m?[1m{?[0m?[3mstream.id?[0m?[2m=?[0mStreamId(11) ?[3mrequested?[0m?[2m=?[0m1 ?[3meffective?[0m?[2m=?[0m35 ?[3mcurr?[0m?[2m=?[0m34?[1m}?[0m?[2m:?[0m?[1mtry_assign_capacity?[0m?[1m{?[0m?[3mstream.id?[0m?[2m=?[0mStreamId(11)?[1m}?[0m?[2m:?[0m ?[2mh2::proto::streams::prioritize?[0m?[2m:?[0m ?[3mrequested?[0m?[2m=?[0m35 ?[3madditional?[0m?[2m=?[0m1 ?[3mbuffered?[0m?[2m=?[0m34 ?[3mwindow?[0m?[2m=?[0m1048576 ?[3mconn?[0m?[2m=?[0m1045450
15:05:16.669 [Thread-5] DEBUG i.pact.plugins.jvm.core.ChildProcess - Plugin protobuf [46038] || ?[2m2023-03-27T09:35:16.669461Z?[0m ?[35mTRACE?[0m tokio-runtime-worker ?[1mreserve_capacity?[0m?[1m{?[0m?[3mstream.id?[0m?[2m=?[0mStreamId(11) ?[3mrequested?[0m?[2m=?[0m1 ?[3meffective?[0m?[2m=?[0m35 ?[3mcurr?[0m?[2m=?[0m34?[1m}?[0m?[2m:?[0m?[1mtry_assign_capacity?[0m?[1m{?[0m?[3mstream.id?[0m?[2m=?[0mStreamId(11)?[1m}?[0m?[2m:?[0m ?[2mh2::proto::streams::prioritize?[0m?[2m:?[0m assigning ?[3mcapacity?[0m?[2m=?[0m1
15:05:16.669 [Thread-5] DEBUG i.pact.plugins.jvm.core.ChildProcess - Plugin protobuf [46038] || ?[2m2023-03-27T09:35:16.669475Z?[0m ?[35mTRACE?[0m tokio-runtime-worker ?[1mreserve_capacity?[0m?[1m{?[0m?[3mstream.id?[0m?[2m=?[0mStreamId(11) ?[3mrequested?[0m?[2m=?[0m1 ?[3meffective?[0m?[2m=?[0m35 ?[3mcurr?[0m?[2m=?[0m34?[1m}?[0m?[2m:?[0m?[1mtry_assign_capacity?[0m?[1m{?[0m?[3mstream.id?[0m?[2m=?[0mStreamId(11)?[1m}?[0m?[2m:?[0m ?[2mh2::proto::streams::stream?[0m?[2m:?[0m   assigned capacity to stream; available=35; buffered=34; id=StreamId(11); max_buffer_size=409600
15:05:16.669 [Thread-5] DEBUG i.pact.plugins.jvm.core.ChildProcess - Plugin protobuf [46038] || ?[2m2023-03-27T09:35:16.669490Z?[0m ?[35mTRACE?[0m tokio-runtime-worker ?[1mreserve_capacity?[0m?[1m{?[0m?[3mstream.id?[0m?[2m=?[0mStreamId(11) ?[3mrequested?[0m?[2m=?[0m1 ?[3meffective?[0m?[2m=?[0m35 ?[3mcurr?[0m?[2m=?[0m34?[1m}?[0m?[2m:?[0m?[1mtry_assign_capacity?[0m?[1m{?[0m?[3mstream.id?[0m?[2m=?[0mStreamId(11)?[1m}?[0m?[2m:?[0m ?[2mh2::proto::streams::stream?[0m?[2m:?[0m   notifying task
15:05:16.669 [Thread-5] DEBUG i.pact.plugins.jvm.core.ChildProcess - Plugin protobuf [46038] || ?[2m2023-03-27T09:35:16.669504Z?[0m ?[35mTRACE?[0m tokio-runtime-worker ?[1mreserve_capacity?[0m?[1m{?[0m?[3mstream.id?[0m?[2m=?[0mStreamId(11) ?[3mrequested?[0m?[2m=?[0m1 ?[3meffective?[0m?[2m=?[0m35 ?[3mcurr?[0m?[2m=?[0m34?[1m}?[0m?[2m:?[0m?[1mtry_assign_capacity?[0m?[1m{?[0m?[3mstream.id?[0m?[2m=?[0mStreamId(11)?[1m}?[0m?[2m:?[0m ?[2mh2::proto::streams::prioritize?[0m?[2m:?[0m ?[3mavailable?[0m?[2m=?[0m35 ?[3mrequested?[0m?[2m=?[0m35 ?[3mbuffered?[0m?[2m=?[0m34 ?[3mhas_unavailable?[0m?[2m=?[0mtrue
15:05:16.669 [Thread-5] DEBUG i.pact.plugins.jvm.core.ChildProcess - Plugin protobuf [46038] || ?[2m2023-03-27T09:35:16.669523Z?[0m ?[35mTRACE?[0m tokio-runtime-worker ?[1mreserve_capacity?[0m?[1m{?[0m?[3mstream.id?[0m?[2m=?[0mStreamId(11) ?[3mrequested?[0m?[2m=?[0m1 ?[3meffective?[0m?[2m=?[0m35 ?[3mcurr?[0m?[2m=?[0m34?[1m}?[0m?[2m:?[0m?[1mtry_assign_capacity?[0m?[1m{?[0m?[3mstream.id?[0m?[2m=?[0mStreamId(11)?[1m}?[0m?[2m:?[0m ?[2mh2::proto::streams::store?[0m?[2m:?[0m Queue::push
15:05:16.669 [Thread-5] DEBUG i.pact.plugins.jvm.core.ChildProcess - Plugin protobuf [46038] || ?[2m2023-03-27T09:35:16.669560Z?[0m ?[35mTRACE?[0m tokio-runtime-worker ?[1mreserve_capacity?[0m?[1m{?[0m?[3mstream.id?[0m?[2m=?[0mStreamId(11) ?[3mrequested?[0m?[2m=?[0m1 ?[3meffective?[0m?[2m=?[0m35 ?[3mcurr?[0m?[2m=?[0m34?[1m}?[0m?[2m:?[0m?[1mtry_assign_capacity?[0m?[1m{?[0m?[3mstream.id?[0m?[2m=?[0mStreamId(11)?[1m}?[0m?[2m:?[0m ?[2mh2::proto::streams::store?[0m?[2m:?[0m  -> already queued
15:05:16.669 [Thread-5] DEBUG i.pact.plugins.jvm.core.ChildProcess - Plugin protobuf [46038] || ?[2m2023-03-27T09:35:16.669685Z?[0m ?[34mDEBUG?[0m tokio-runtime-worker ?[1mrequest?[0m?[1m{?[0m?[3mmethod?[0m?[2m=?[0mPOST ?[3muri?[0m?[2m=?[0mhttp://[::1]:53788/io.pact.plugin.PactPlugin/ShutdownMockServer ?[3mversion?[0m?[2m=?[0mHTTP/2.0 ?[3mheaders?[0m?[2m=?[0m{"content-type": "application/grpc", "te": "trailers", "user-agent": "grpc-java-netty/1.49.0", "grpc-accept-encoding": "gzip", "authorization": Sensitive}?[1m}?[0m?[2m:?[0m ?[2mtower_http::trace::on_eos?[0m?[2m:?[0m end of stream ?[3mstream_duration?[0m?[2m=?[0m0 ms ?[3mstatus?[0m?[2m=?[0m0
15:05:16.669 [Thread-5] DEBUG i.pact.plugins.jvm.core.ChildProcess - Plugin protobuf [46038] || ?[2m2023-03-27T09:35:16.669719Z?[0m ?[35mTRACE?[0m tokio-runtime-worker ?[2mh2::proto::streams::state?[0m?[2m:?[0m send_close: HalfClosedRemote => Closed
15:05:16.669 [Thread-5] DEBUG i.pact.plugins.jvm.core.ChildProcess - Plugin protobuf [46038] || ?[2m2023-03-27T09:35:16.669732Z?[0m ?[35mTRACE?[0m tokio-runtime-worker ?[2mh2::proto::streams::send?[0m?[2m:?[0m send_trailers -- queuing; frame=Headers { stream_id: StreamId(11), flags: (0x5: END_HEADERS | END_STREAM) }
15:05:16.669 [Thread-5] DEBUG i.pact.plugins.jvm.core.ChildProcess - Plugin protobuf [46038] || ?[2m2023-03-27T09:35:16.669768Z?[0m ?[35mTRACE?[0m tokio-runtime-worker ?[1mPrioritize::queue_frame?[0m?[1m{?[0m?[3mstream.id?[0m?[2m=?[0mStreamId(11)?[1m}?[0m?[2m:?[0m ?[2mh2::proto::streams::prioritize?[0m?[2m:?[0m schedule_send ?[3mstream.id?[0m?[2m=?[0mStreamId(11)
15:05:16.669 [Thread-5] DEBUG i.pact.plugins.jvm.core.ChildProcess - Plugin protobuf [46038] || ?[2m2023-03-27T09:35:16.669793Z?[0m ?[35mTRACE?[0m tokio-runtime-worker ?[1mPrioritize::queue_frame?[0m?[1m{?[0m?[3mstream.id?[0m?[2m=?[0mStreamId(11)?[1m}?[0m?[2m:?[0m ?[2mh2::proto::streams::store?[0m?[2m:?[0m Queue::push
15:05:16.669 [Thread-5] DEBUG i.pact.plugins.jvm.core.ChildProcess - Plugin protobuf [46038] || ?[2m2023-03-27T09:35:16.669805Z?[0m ?[35mTRACE?[0m tokio-runtime-worker ?[1mPrioritize::queue_frame?[0m?[1m{?[0m?[3mstream.id?[0m?[2m=?[0mStreamId(11)?[1m}?[0m?[2m:?[0m ?[2mh2::proto::streams::store?[0m?[2m:?[0m  -> already queued
15:05:16.670 [Thread-5] DEBUG i.pact.plugins.jvm.core.ChildProcess - Plugin protobuf [46038] || ?[2m2023-03-27T09:35:16.669847Z?[0m ?[35mTRACE?[0m tokio-runtime-worker ?[2mh2::proto::streams::counts?[0m?[2m:?[0m transition_after; stream=StreamId(11); state=State { inner: Closed(EndStream) }; is_closed=false; pending_send_empty=false; buffered_send_data=34; num_recv=1; num_send=0
15:05:16.670 [Thread-5] DEBUG i.pact.plugins.jvm.core.ChildProcess - Plugin protobuf [46038] || ?[2m2023-03-27T09:35:16.669861Z?[0m ?[35mTRACE?[0m tokio-runtime-worker ?[2mh2::proto::streams::streams?[0m?[2m:?[0m drop_stream_ref; stream=Stream { id: StreamId(11), state: State { inner: Closed(EndStream) }, is_counted: true, ref_count: 2, next_pending_send: None, is_pending_send: true, send_flow: FlowControl { window_size: Window(1048576), available: Window(34) }, requested_send_capacity: 34, buffered_send_data: 34, send_task: Some(Waker { data: 0x600001860370, vtable: 0x103cec458 }), pending_send: Deque { indices: Some(Indices { head: 0, tail: 2 }) }, next_pending_send_capacity: None, is_pending_send_capacity: false, send_capacity_inc: true, next_open: None, is_pending_open: false, is_pending_push: false, next_pending_accept: None, is_pending_accept: false, recv_flow: FlowControl { window_size: Window(1048533), available: Window(1048576) }, in_flight_recv_data: 0, next_window_update: None, is_pending_window_update: false, reset_at: None, next_reset_expire: None, pending_recv: Deque { indices: None }, recv_task: None, pending_push_promises: Queue { indices: None, _p: PhantomData }, content_length: Omitted }
15:05:16.670 [Thread-5] DEBUG i.pact.plugins.jvm.core.ChildProcess - Plugin protobuf [46038] || ?[2m2023-03-27T09:35:16.669890Z?[0m ?[35mTRACE?[0m tokio-runtime-worker ?[2mh2::proto::streams::counts?[0m?[2m:?[0m transition_after; stream=StreamId(11); state=State { inner: Closed(EndStream) }; is_closed=false; pending_send_empty=false; buffered_send_data=34; num_recv=1; num_send=0
15:05:16.670 [Thread-5] DEBUG i.pact.plugins.jvm.core.ChildProcess - Plugin protobuf [46038] || ?[2m2023-03-27T09:35:16.669901Z?[0m ?[35mTRACE?[0m tokio-runtime-worker ?[2mh2::proto::streams::streams?[0m?[2m:?[0m drop_stream_ref; stream=Stream { id: StreamId(11), state: State { inner: Closed(EndStream) }, is_counted: true, ref_count: 1, next_pending_send: None, is_pending_send: true, send_flow: FlowControl { window_size: Window(1048576), available: Window(34) }, requested_send_capacity: 34, buffered_send_data: 34, send_task: Some(Waker { data: 0x600001860370, vtable: 0x103cec458 }), pending_send: Deque { indices: Some(Indices { head: 0, tail: 2 }) }, next_pending_send_capacity: None, is_pending_send_capacity: false, send_capacity_inc: true, next_open: None, is_pending_open: false, is_pending_push: false, next_pending_accept: None, is_pending_accept: false, recv_flow: FlowControl { window_size: Window(1048533), available: Window(1048576) }, in_flight_recv_data: 0, next_window_update: None, is_pending_window_update: false, reset_at: None, next_reset_expire: None, pending_recv: Deque { indices: None }, recv_task: None, pending_push_promises: Queue { indices: None, _p: PhantomData }, content_length: Omitted }
15:05:16.670 [Thread-5] DEBUG i.pact.plugins.jvm.core.ChildProcess - Plugin protobuf [46038] || ?[2m2023-03-27T09:35:16.669923Z?[0m ?[35mTRACE?[0m tokio-runtime-worker ?[2mh2::proto::streams::counts?[0m?[2m:?[0m transition_after; stream=StreamId(11); state=State { inner: Closed(EndStream) }; is_closed=false; pending_send_empty=false; buffered_send_data=34; num_recv=1; num_send=0
15:05:16.670 [Thread-5] DEBUG i.pact.plugins.jvm.core.ChildProcess - Plugin protobuf [46038] || ?[2m2023-03-27T09:35:16.669959Z?[0m ?[35mTRACE?[0m tokio-runtime-worker ?[1mserver_handshake?[0m?[2m:?[0m?[1mConnection?[0m?[1m{?[0m?[3mpeer?[0m?[2m=?[0mServer?[1m}?[0m?[2m:?[0m?[1mpoll?[0m?[2m:?[0m ?[2mh2::proto::connection?[0m?[2m:?[0m ?[3mconnection.state?[0m?[2m=?[0mOpen
15:05:16.670 [Thread-5] DEBUG i.pact.plugins.jvm.core.ChildProcess - Plugin protobuf [46038] || ?[2m2023-03-27T09:35:16.670024Z?[0m ?[35mTRACE?[0m tokio-runtime-worker ?[1mserver_handshake?[0m?[2m:?[0m?[1mConnection?[0m?[1m{?[0m?[3mpeer?[0m?[2m=?[0mServer?[1m}?[0m?[2m:?[0m?[1mpoll?[0m?[2m:?[0m?[1mFramedRead::poll_next?[0m?[2m:?[0m ?[2mh2::codec::framed_read?[0m?[2m:?[0m poll
15:05:16.670 [Thread-5] DEBUG i.pact.plugins.jvm.core.ChildProcess - Plugin protobuf [46038] || ?[2m2023-03-27T09:35:16.670068Z?[0m ?[35mTRACE?[0m tokio-runtime-worker ?[1mserver_handshake?[0m?[2m:?[0m?[1mConnection?[0m?[1m{?[0m?[3mpeer?[0m?[2m=?[0mServer?[1m}?[0m?[2m:?[0m?[1mpoll?[0m?[2m:?[0m ?[2mh2::proto::streams::prioritize?[0m?[2m:?[0m poll_complete
15:05:16.670 [Thread-5] DEBUG i.pact.plugins.jvm.core.ChildProcess - Plugin protobuf [46038] || ?[2m2023-03-27T09:35:16.670098Z?[0m ?[35mTRACE?[0m tokio-runtime-worker ?[1mserver_handshake?[0m?[2m:?[0m?[1mConnection?[0m?[1m{?[0m?[3mpeer?[0m?[2m=?[0mServer?[1m}?[0m?[2m:?[0m?[1mpoll?[0m?[2m:?[0m ?[2mh2::proto::streams::prioritize?[0m?[2m:?[0m schedule_pending_open
15:05:16.670 [Thread-5] DEBUG i.pact.plugins.jvm.core.ChildProcess - Plugin protobuf [46038] || ?[2m2023-03-27T09:35:16.670139Z?[0m ?[35mTRACE?[0m tokio-runtime-worker ?[1mserver_handshake?[0m?[2m:?[0m?[1mConnection?[0m?[1m{?[0m?[3mpeer?[0m?[2m=?[0mServer?[1m}?[0m?[2m:?[0m?[1mpoll?[0m?[2m:?[0m?[1mpop_frame?[0m?[2m:?[0m?[1mpopped?[0m?[1m{?[0m?[3mstream.id?[0m?[2m=?[0mStreamId(11) ?[3mstream.state?[0m?[2m=?[0mState { inner: Closed(EndStream) }?[1m}?[0m?[2m:?[0m ?[2mh2::proto::streams::prioritize?[0m?[2m:?[0m ?[3mis_pending_reset?[0m?[2m=?[0mfalse
15:05:16.670 [Thread-5] DEBUG i.pact.plugins.jvm.core.ChildProcess - Plugin protobuf [46038] || ?[2m2023-03-27T09:35:16.670157Z?[0m ?[35mTRACE?[0m tokio-runtime-worker ?[1mserver_handshake?[0m?[2m:?[0m?[1mConnection?[0m?[1m{?[0m?[3mpeer?[0m?[2m=?[0mServer?[1m}?[0m?[2m:?[0m?[1mpoll?[0m?[2m:?[0m?[1mpop_frame?[0m?[2m:?[0m?[1mpopped?[0m?[1m{?[0m?[3mstream.id?[0m?[2m=?[0mStreamId(11) ?[3mstream.state?[0m?[2m=?[0mState { inner: Closed(EndStream) }?[1m}?[0m?[2m:?[0m ?[2mh2::proto::streams::prioritize?[0m?[2m:?[0m pop_frame; frame=Headers { stream_id: StreamId(11), flags: (0x4: END_HEADERS) }
15:05:16.670 [Thread-5] DEBUG i.pact.plugins.jvm.core.ChildProcess - Plugin protobuf [46038] || ?[2m2023-03-27T09:35:16.670178Z?[0m ?[35mTRACE?[0m tokio-runtime-worker ?[1mserver_handshake?[0m?[2m:?[0m?[1mConnection?[0m?[1m{?[0m?[3mpeer?[0m?[2m=?[0mServer?[1m}?[0m?[2m:?[0m?[1mpoll?[0m?[2m:?[0m?[1mpop_frame?[0m?[2m:?[0m?[1mpopped?[0m?[1m{?[0m?[3mstream.id?[0m?[2m=?[0mStreamId(11) ?[3mstream.state?[0m?[2m=?[0mState { inner: Closed(EndStream) }?[1m}?[0m?[2m:?[0m ?[2mh2::proto::streams::store?[0m?[2m:?[0m Queue::push
15:05:16.670 [Thread-5] DEBUG i.pact.plugins.jvm.core.ChildProcess - Plugin protobuf [46038] || ?[2m2023-03-27T09:35:16.670194Z?[0m ?[35mTRACE?[0m tokio-runtime-worker ?[1mserver_handshake?[0m?[2m:?[0m?[1mConnection?[0m?[1m{?[0m?[3mpeer?[0m?[2m=?[0mServer?[1m}?[0m?[2m:?[0m?[1mpoll?[0m?[2m:?[0m?[1mpop_frame?[0m?[2m:?[0m?[1mpopped?[0m?[1m{?[0m?[3mstream.id?[0m?[2m=?[0mStreamId(11) ?[3mstream.state?[0m?[2m=?[0mState { inner: Closed(EndStream) }?[1m}?[0m?[2m:?[0m ?[2mh2::proto::streams::store?[0m?[2m:?[0m  -> first entry
15:05:16.670 [Thread-5] DEBUG i.pact.plugins.jvm.core.ChildProcess - Plugin protobuf [46038] || ?[2m2023-03-27T09:35:16.670209Z?[0m ?[35mTRACE?[0m tokio-runtime-worker ?[1mserver_handshake?[0m?[2m:?[0m?[1mConnection?[0m?[1m{?[0m?[3mpeer?[0m?[2m=?[0mServer?[1m}?[0m?[2m:?[0m?[1mpoll?[0m?[2m:?[0m?[1mpop_frame?[0m?[2m:?[0m?[1mpopped?[0m?[1m{?[0m?[3mstream.id?[0m?[2m=?[0mStreamId(11) ?[3mstream.state?[0m?[2m=?[0mState { inner: Closed(EndStream) }?[1m}?[0m?[2m:?[0m ?[2mh2::proto::streams::counts?[0m?[2m:?[0m transition_after; stream=StreamId(11); state=State { inner: Closed(EndStream) }; is_closed=false; pending_send_empty=false; buffered_send_data=34; num_recv=1; num_send=0
15:05:16.670 [Thread-5] DEBUG i.pact.plugins.jvm.core.ChildProcess - Plugin protobuf [46038] || ?[2m2023-03-27T09:35:16.670244Z?[0m ?[35mTRACE?[0m tokio-runtime-worker ?[1mserver_handshake?[0m?[2m:?[0m?[1mConnection?[0m?[1m{?[0m?[3mpeer?[0m?[2m=?[0mServer?[1m}?[0m?[2m:?[0m?[1mpoll?[0m?[2m:?[0m ?[2mh2::proto::streams::prioritize?[0m?[2m:?[0m writing ?[3mframe?[0m?[2m=?[0mHeaders { stream_id: StreamId(11), flags: (0x4: END_HEADERS) }
15:05:16.670 [Thread-5] DEBUG i.pact.plugins.jvm.core.ChildProcess - Plugin protobuf [46038] || ?[2m2023-03-27T09:35:16.670274Z?[0m ?[34mDEBUG?[0m tokio-runtime-worker ?[1mserver_handshake?[0m?[2m:?[0m?[1mConnection?[0m?[1m{?[0m?[3mpeer?[0m?[2m=?[0mServer?[1m}?[0m?[2m:?[0m?[1mpoll?[0m?[2m:?[0m?[1mFramedWrite::buffer?[0m?[1m{?[0m?[3mframe?[0m?[2m=?[0mHeaders { stream_id: StreamId(11), flags: (0x4: END_HEADERS) }?[1m}?[0m?[2m:?[0m ?[2mh2::codec::framed_write?[0m?[2m:?[0m send ?[3mframe?[0m?[2m=?[0mHeaders { stream_id: StreamId(11), flags: (0x4: END_HEADERS) }
15:05:16.670 [Thread-5] DEBUG i.pact.plugins.jvm.core.ChildProcess - Plugin protobuf [46038] || ?[2m2023-03-27T09:35:16.670365Z?[0m ?[35mTRACE?[0m tokio-runtime-worker ?[1mserver_handshake?[0m?[2m:?[0m?[1mConnection?[0m?[1m{?[0m?[3mpeer?[0m?[2m=?[0mServer?[1m}?[0m?[2m:?[0m?[1mpoll?[0m?[2m:?[0m ?[2mh2::proto::streams::prioritize?[0m?[2m:?[0m schedule_pending_open
15:05:16.670 [Thread-5] DEBUG i.pact.plugins.jvm.core.ChildProcess - Plugin protobuf [46038] || ?[2m2023-03-27T09:35:16.670402Z?[0m ?[35mTRACE?[0m tokio-runtime-worker ?[1mserver_handshake?[0m?[2m:?[0m?[1mConnection?[0m?[1m{?[0m?[3mpeer?[0m?[2m=?[0mServer?[1m}?[0m?[2m:?[0m?[1mpoll?[0m?[2m:?[0m?[1mpop_frame?[0m?[2m:?[0m?[1mpopped?[0m?[1m{?[0m?[3mstream.id?[0m?[2m=?[0mStreamId(11) ?[3mstream.state?[0m?[2m=?[0mState { inner: Closed(EndStream) }?[1m}?[0m?[2m:?[0m ?[2mh2::proto::streams::prioritize?[0m?[2m:?[0m ?[3mis_pending_reset?[0m?[2m=?[0mfalse
15:05:16.670 [Thread-5] DEBUG i.pact.plugins.jvm.core.ChildProcess - Plugin protobuf [46038] || ?[2m2023-03-27T09:35:16.670420Z?[0m ?[35mTRACE?[0m tokio-runtime-worker ?[1mserver_handshake?[0m?[2m:?[0m?[1mConnection?[0m?[1m{?[0m?[3mpeer?[0m?[2m=?[0mServer?[1m}?[0m?[2m:?[0m?[1mpoll?[0m?[2m:?[0m?[1mpop_frame?[0m?[2m:?[0m?[1mpopped?[0m?[1m{?[0m?[3mstream.id?[0m?[2m=?[0mStreamId(11) ?[3mstream.state?[0m?[2m=?[0mState { inner: Closed(EndStream) }?[1m}?[0m?[2m:?[0m ?[2mh2::proto::streams::prioritize?[0m?[2m:?[0m data frame ?[3msz?[0m?[2m=?[0m34 ?[3meos?[0m?[2m=?[0mfalse ?[3mwindow?[0m?[2m=?[0m34 ?[3mavailable?[0m?[2m=?[0m34 ?[3mrequested?[0m?[2m=?[0m34 ?[3mbuffered?[0m?[2m=?[0m34
15:05:16.670 [Thread-5] DEBUG i.pact.plugins.jvm.core.ChildProcess - Plugin protobuf [46038] || ?[2m2023-03-27T09:35:16.670443Z?[0m ?[35mTRACE?[0m tokio-runtime-worker ?[1mserver_handshake?[0m?[2m:?[0m?[1mConnection?[0m?[1m{?[0m?[3mpeer?[0m?[2m=?[0mServer?[1m}?[0m?[2m:?[0m?[1mpoll?[0m?[2m:?[0m?[1mpop_frame?[0m?[2m:?[0m?[1mpopped?[0m?[1m{?[0m?[3mstream.id?[0m?[2m=?[0mStreamId(11) ?[3mstream.state?[0m?[2m=?[0mState { inner: Closed(EndStream) }?[1m}?[0m?[2m:?[0m ?[2mh2::proto::streams::prioritize?[0m?[2m:?[0m sending data frame ?[3mlen?[0m?[2m=?[0m34
15:05:16.670 [Thread-5] DEBUG i.pact.plugins.jvm.core.ChildProcess - Plugin protobuf [46038] || ?[2m2023-03-27T09:35:16.670467Z?[0m ?[35mTRACE?[0m tokio-runtime-worker ?[1mserver_handshake?[0m?[2m:?[0m?[1mConnection?[0m?[1m{?[0m?[3mpeer?[0m?[2m=?[0mServer?[1m}?[0m?[2m:?[0m?[1mpoll?[0m?[2m:?[0m?[1mpop_frame?[0m?[2m:?[0m?[1mpopped?[0m?[1m{?[0m?[3mstream.id?[0m?[2m=?[0mStreamId(11) ?[3mstream.state?[0m?[2m=?[0mState { inner: Closed(EndStream) }?[1m}?[0m?[2m:?[0m?[1mupdating stream flow?[0m?[2m:?[0m ?[2mh2::proto::streams::flow_control?[0m?[2m:?[0m send_data; sz=34; window=1048576; available=34
15:05:16.670 [Thread-5] DEBUG i.pact.plugins.jvm.core.ChildProcess - Plugin protobuf [46038] || ?[2m2023-03-27T09:35:16.670500Z?[0m ?[35mTRACE?[0m tokio-runtime-worker ?[1mserver_handshake?[0m?[2m:?[0m?[1mConnection?[0m?[1m{?[0m?[3mpeer?[0m?[2m=?[0mServer?[1m}?[0m?[2m:?[0m?[1mpoll?[0m?[2m:?[0m?[1mpop_frame?[0m?[2m:?[0m?[1mpopped?[0m?[1m{?[0m?[3mstream.id?[0m?[2m=?[0mStreamId(11) ?[3mstream.state?[0m?[2m=?[0mState { inner: Closed(EndStream) }?[1m}?[0m?[2m:?[0m?[1mupdating connection flow?[0m?[2m:?[0m ?[2mh2::proto::streams::flow_control?[0m?[2m:?[0m send_data; sz=34; window=1045484; available=1045484
15:05:16.670 [Thread-5] DEBUG i.pact.plugins.jvm.core.ChildProcess - Plugin protobuf [46038] || ?[2m2023-03-27T09:35:16.670524Z?[0m ?[35mTRACE?[0m tokio-runtime-worker ?[1mserver_handshake?[0m?[2m:?[0m?[1mConnection?[0m?[1m{?[0m?[3mpeer?[0m?[2m=?[0mServer?[1m}?[0m?[2m:?[0m?[1mpoll?[0m?[2m:?[0m?[1mpop_frame?[0m?[2m:?[0m?[1mpopped?[0m?[1m{?[0m?[3mstream.id?[0m?[2m=?[0mStreamId(11) ?[3mstream.state?[0m?[2m=?[0mState { inner: Closed(EndStream) }?[1m}?[0m?[2m:?[0m ?[2mh2::proto::streams::prioritize?[0m?[2m:?[0m pop_frame; frame=Data { stream_id: StreamId(11) }
15:05:16.670 [Thread-5] DEBUG i.pact.plugins.jvm.core.ChildProcess - Plugin protobuf [46038] || ?[2m2023-03-27T09:35:16.670541Z?[0m ?[35mTRACE?[0m tokio-runtime-worker ?[1mserver_handshake?[0m?[2m:?[0m?[1mConnection?[0m?[1m{?[0m?[3mpeer?[0m?[2m=?[0mServer?[1m}?[0m?[2m:?[0m?[1mpoll?[0m?[2m:?[0m?[1mpop_frame?[0m?[2m:?[0m?[1mpopped?[0m?[1m{?[0m?[3mstream.id?[0m?[2m=?[0mStreamId(11) ?[3mstream.state?[0m?[2m=?[0mState { inner: Closed(EndStream) }?[1m}?[0m?[2m:?[0m ?[2mh2::proto::streams::store?[0m?[2m:?[0m Queue::push
15:05:16.670 [Thread-5] DEBUG i.pact.plugins.jvm.core.ChildProcess - Plugin protobuf [46038] || ?[2m2023-03-27T09:35:16.670555Z?[0m ?[35mTRACE?[0m tokio-runtime-worker ?[1mserver_handshake?[0m?[2m:?[0m?[1mConnection?[0m?[1m{?[0m?[3mpeer?[0m?[2m=?[0mServer?[1m}?[0m?[2m:?[0m?[1mpoll?[0m?[2m:?[0m?[1mpop_frame?[0m?[2m:?[0m?[1mpopped?[0m?[1m{?[0m?[3mstream.id?[0m?[2m=?[0mStreamId(11) ?[3mstream.state?[0m?[2m=?[0mState { inner: Closed(EndStream) }?[1m}?[0m?[2m:?[0m ?[2mh2::proto::streams::store?[0m?[2m:?[0m  -> first entry
15:05:16.670 [Thread-5] DEBUG i.pact.plugins.jvm.core.ChildProcess - Plugin protobuf [46038] || ?[2m2023-03-27T09:35:16.670569Z?[0m ?[35mTRACE?[0m tokio-runtime-worker ?[1mserver_handshake?[0m?[2m:?[0m?[1mConnection?[0m?[1m{?[0m?[3mpeer?[0m?[2m=?[0mServer?[1m}?[0m?[2m:?[0m?[1mpoll?[0m?[2m:?[0m?[1mpop_frame?[0m?[2m:?[0m?[1mpopped?[0m?[1m{?[0m?[3mstream.id?[0m?[2m=?[0mStreamId(11) ?[3mstream.state?[0m?[2m=?[0mState { inner: Closed(EndStream) }?[1m}?[0m?[2m:?[0m ?[2mh2::proto::streams::counts?[0m?[2m:?[0m transition_after; stream=StreamId(11); state=State { inner: Closed(EndStream) }; is_closed=false; pending_send_empty=false; buffered_send_data=0; num_recv=1; num_send=0
15:05:16.670 [Thread-5] DEBUG i.pact.plugins.jvm.core.ChildProcess - Plugin protobuf [46038] || ?[2m2023-03-27T09:35:16.670599Z?[0m ?[35mTRACE?[0m tokio-runtime-worker ?[1mserver_handshake?[0m?[2m:?[0m?[1mConnection?[0m?[1m{?[0m?[3mpeer?[0m?[2m=?[0mServer?[1m}?[0m?[2m:?[0m?[1mpoll?[0m?[2m:?[0m ?[2mh2::proto::streams::prioritize?[0m?[2m:?[0m writing ?[3mframe?[0m?[2m=?[0mData { stream_id: StreamId(11) }
15:05:16.670 [Thread-5] DEBUG i.pact.plugins.jvm.core.ChildProcess - Plugin protobuf [46038] || ?[2m2023-03-27T09:35:16.670623Z?[0m ?[34mDEBUG?[0m tokio-runtime-worker ?[1mserver_handshake?[0m?[2m:?[0m?[1mConnection?[0m?[1m{?[0m?[3mpeer?[0m?[2m=?[0mServer?[1m}?[0m?[2m:?[0m?[1mpoll?[0m?[2m:?[0m?[1mFramedWrite::buffer?[0m?[1m{?[0m?[3mframe?[0m?[2m=?[0mData { stream_id: StreamId(11) }?[1m}?[0m?[2m:?[0m ?[2mh2::codec::framed_write?[0m?[2m:?[0m send ?[3mframe?[0m?[2m=?[0mData { stream_id: StreamId(11) }
15:05:16.670 [Thread-5] DEBUG i.pact.plugins.jvm.core.ChildProcess - Plugin protobuf [46038] || ?[2m2023-03-27T09:35:16.670653Z?[0m ?[35mTRACE?[0m tokio-runtime-worker ?[1mserver_handshake?[0m?[2m:?[0m?[1mConnection?[0m?[1m{?[0m?[3mpeer?[0m?[2m=?[0mServer?[1m}?[0m?[2m:?[0m?[1mpoll?[0m?[2m:?[0m?[1mtry_reclaim_frame?[0m?[2m:?[0m ?[2mh2::proto::streams::prioritize?[0m?[2m:?[0m reclaimed ?[3mframe?[0m?[2m=?[0mData { stream_id: StreamId(11) } ?[3msz?[0m?[2m=?[0m0
15:05:16.670 [Thread-5] DEBUG i.pact.plugins.jvm.core.ChildProcess - Plugin protobuf [46038] || ?[2m2023-03-27T09:35:16.670677Z?[0m ?[35mTRACE?[0m tokio-runtime-worker ?[1mserver_handshake?[0m?[2m:?[0m?[1mConnection?[0m?[1m{?[0m?[3mpeer?[0m?[2m=?[0mServer?[1m}?[0m?[2m:?[0m?[1mpoll?[0m?[2m:?[0m ?[2mh2::proto::streams::prioritize?[0m?[2m:?[0m schedule_pending_open
15:05:16.670 [Thread-5] DEBUG i.pact.plugins.jvm.core.ChildProcess - Plugin protobuf [46038] || ?[2m2023-03-27T09:35:16.670709Z?[0m ?[35mTRACE?[0m tokio-runtime-worker ?[1mserver_handshake?[0m?[2m:?[0m?[1mConnection?[0m?[1m{?[0m?[3mpeer?[0m?[2m=?[0mServer?[1m}?[0m?[2m:?[0m?[1mpoll?[0m?[2m:?[0m?[1mpop_frame?[0m?[2m:?[0m?[1mpopped?[0m?[1m{?[0m?[3mstream.id?[0m?[2m=?[0mStreamId(11) ?[3mstream.state?[0m?[2m=?[0mState { inner: Closed(EndStream) }?[1m}?[0m?[2m:?[0m ?[2mh2::proto::streams::prioritize?[0m?[2m:?[0m ?[3mis_pending_reset?[0m?[2m=?[0mfalse
15:05:16.670 [Thread-5] DEBUG i.pact.plugins.jvm.core.ChildProcess - Plugin protobuf [46038] || ?[2m2023-03-27T09:35:16.670742Z?[0m ?[35mTRACE?[0m tokio-runtime-worker ?[1mserver_handshake?[0m?[2m:?[0m?[1mConnection?[0m?[1m{?[0m?[3mpeer?[0m?[2m=?[0mServer?[1m}?[0m?[2m:?[0m?[1mpoll?[0m?[2m:?[0m?[1mpop_frame?[0m?[2m:?[0m?[1mpopped?[0m?[1m{?[0m?[3mstream.id?[0m?[2m=?[0mStreamId(11) ?[3mstream.state?[0m?[2m=?[0mState { inner: Closed(EndStream) }?[1m}?[0m?[2m:?[0m ?[2mh2::proto::streams::prioritize?[0m?[2m:?[0m pop_frame; frame=Headers { stream_id: StreamId(11), flags: (0x5: END_HEADERS | END_STREAM) }
15:05:16.670 [Thread-5] DEBUG i.pact.plugins.jvm.core.ChildProcess - Plugin protobuf [46038] || ?[2m2023-03-27T09:35:16.670761Z?[0m ?[35mTRACE?[0m tokio-runtime-worker ?[1mserver_handshake?[0m?[2m:?[0m?[1mConnection?[0m?[1m{?[0m?[3mpeer?[0m?[2m=?[0mServer?[1m}?[0m?[2m:?[0m?[1mpoll?[0m?[2m:?[0m?[1mpop_frame?[0m?[2m:?[0m?[1mpopped?[0m?[1m{?[0m?[3mstream.id?[0m?[2m=?[0mStreamId(11) ?[3mstream.state?[0m?[2m=?[0mState { inner: Closed(EndStream) }?[1m}?[0m?[2m:?[0m ?[2mh2::proto::streams::counts?[0m?[2m:?[0m transition_after; stream=StreamId(11); state=State { inner: Closed(EndStream) }; is_closed=true; pending_send_empty=true; buffered_send_data=0; num_recv=1; num_send=0
15:05:16.670 [Thread-5] DEBUG i.pact.plugins.jvm.core.ChildProcess - Plugin protobuf [46038] || ?[2m2023-03-27T09:35:16.670780Z?[0m ?[35mTRACE?[0m tokio-runtime-worker ?[1mserver_handshake?[0m?[2m:?[0m?[1mConnection?[0m?[1m{?[0m?[3mpeer?[0m?[2m=?[0mServer?[1m}?[0m?[2m:?[0m?[1mpoll?[0m?[2m:?[0m?[1mpop_frame?[0m?[2m:?[0m?[1mpopped?[0m?[1m{?[0m?[3mstream.id?[0m?[2m=?[0mStreamId(11) ?[3mstream.state?[0m?[2m=?[0mState { inner: Closed(EndStream) }?[1m}?[0m?[2m:?[0m ?[2mh2::proto::streams::counts?[0m?[2m:?[0m dec_num_streams; stream=StreamId(11)
15:05:16.670 [Thread-5] DEBUG i.pact.plugins.jvm.core.ChildProcess - Plugin protobuf [46038] || ?[2m2023-03-27T09:35:16.670810Z?[0m ?[35mTRACE?[0m tokio-runtime-worker ?[1mserver_handshake?[0m?[2m:?[0m?[1mConnection?[0m?[1m{?[0m?[3mpeer?[0m?[2m=?[0mServer?[1m}?[0m?[2m:?[0m?[1mpoll?[0m?[2m:?[0m ?[2mh2::proto::streams::prioritize?[0m?[2m:?[0m writing ?[3mframe?[0m?[2m=?[0mHeaders { stream_id: StreamId(11), flags: (0x5: END_HEADERS | END_STREAM) }
15:05:16.670 [Thread-5] DEBUG i.pact.plugins.jvm.core.ChildProcess - Plugin protobuf [46038] || ?[2m2023-03-27T09:35:16.670846Z?[0m ?[34mDEBUG?[0m tokio-runtime-worker ?[1mserver_handshake?[0m?[2m:?[0m?[1mConnection?[0m?[1m{?[0m?[3mpeer?[0m?[2m=?[0mServer?[1m}?[0m?[2m:?[0m?[1mpoll?[0m?[2m:?[0m?[1mFramedWrite::buffer?[0m?[1m{?[0m?[3mframe?[0m?[2m=?[0mHeaders { stream_id: StreamId(11), flags: (0x5: END_HEADERS | END_STREAM) }?[1m}?[0m?[2m:?[0m ?[2mh2::codec::framed_write?[0m?[2m:?[0m send ?[3mframe?[0m?[2m=?[0mHeaders { stream_id: StreamId(11), flags: (0x5: END_HEADERS | END_STREAM) }
15:05:16.670 [Thread-5] DEBUG i.pact.plugins.jvm.core.ChildProcess - Plugin protobuf [46038] || ?[2m2023-03-27T09:35:16.670956Z?[0m ?[35mTRACE?[0m tokio-runtime-worker ?[1mserver_handshake?[0m?[2m:?[0m?[1mConnection?[0m?[1m{?[0m?[3mpeer?[0m?[2m=?[0mServer?[1m}?[0m?[2m:?[0m?[1mpoll?[0m?[2m:?[0m ?[2mh2::proto::streams::prioritize?[0m?[2m:?[0m schedule_pending_open
15:05:16.671 [Thread-5] DEBUG i.pact.plugins.jvm.core.ChildProcess - Plugin protobuf [46038] || ?[2m2023-03-27T09:35:16.670988Z?[0m ?[35mTRACE?[0m tokio-runtime-worker ?[1mserver_handshake?[0m?[2m:?[0m?[1mConnection?[0m?[1m{?[0m?[3mpeer?[0m?[2m=?[0mServer?[1m}?[0m?[2m:?[0m?[1mpoll?[0m?[2m:?[0m?[1mFramedWrite::flush?[0m?[2m:?[0m ?[2mh2::codec::framed_write?[0m?[2m:?[0m ?[3mqueued_data_frame?[0m?[2m=?[0mfalse
15:05:16.671 [Thread-5] DEBUG i.pact.plugins.jvm.core.ChildProcess - Plugin protobuf [46038] || ?[2m2023-03-27T09:35:16.671085Z?[0m ?[35mTRACE?[0m tokio-runtime-worker ?[1mserver_handshake?[0m?[2m:?[0m?[1mConnection?[0m?[1m{?[0m?[3mpeer?[0m?[2m=?[0mServer?[1m}?[0m?[2m:?[0m?[1mpoll?[0m?[2m:?[0m?[1mFramedWrite::flush?[0m?[2m:?[0m ?[2mh2::codec::framed_write?[0m?[2m:?[0m flushing buffer
15:05:16.671 [grpc-nio-worker-ELG-1-2] DEBUG io.grpc.netty.NettyClientHandler - [id: 0x3c962551, L:/0:0:0:0:0:0:0:1:53790 - R:/0:0:0:0:0:0:0:1:53788] INBOUND HEADERS: streamId=11 headers=GrpcHttp2ResponseHeaders[:status: 200, content-type: application/grpc, date: Mon, 27 Mar 2023 09:35:16 GMT] padding=0 endStream=false
15:05:16.671 [grpc-nio-worker-ELG-1-2] DEBUG io.grpc.netty.NettyClientHandler - [id: 0x3c962551, L:/0:0:0:0:0:0:0:1:53790 - R:/0:0:0:0:0:0:0:1:53788] INBOUND DATA: streamId=11 padding=0 endStream=false length=34 bytes=000000001d080112190a1743616c63756c61746f722f63616c63756c6174654f6e65
15:05:16.671 [grpc-nio-worker-ELG-1-2] DEBUG io.grpc.netty.NettyClientHandler - [id: 0x3c962551, L:/0:0:0:0:0:0:0:1:53790 - R:/0:0:0:0:0:0:0:1:53788] OUTBOUND PING: ack=false bytes=1234
15:05:16.672 [grpc-nio-worker-ELG-1-2] DEBUG io.grpc.netty.NettyClientHandler - [id: 0x3c962551, L:/0:0:0:0:0:0:0:1:53790 - R:/0:0:0:0:0:0:0:1:53788] INBOUND HEADERS: streamId=11 headers=GrpcHttp2ResponseHeaders[grpc-status: 0] padding=0 endStream=true
15:05:16.672 [Thread-5] DEBUG i.pact.plugins.jvm.core.ChildProcess - Plugin protobuf [46038] || ?[2m2023-03-27T09:35:16.672434Z?[0m ?[35mTRACE?[0m tokio-runtime-worker ?[1mserver_handshake?[0m?[2m:?[0m?[1mConnection?[0m?[1m{?[0m?[3mpeer?[0m?[2m=?[0mServer?[1m}?[0m?[2m:?[0m?[1mpoll?[0m?[2m:?[0m ?[2mh2::proto::connection?[0m?[2m:?[0m ?[3mconnection.state?[0m?[2m=?[0mOpen
15:05:16.672 [Thread-5] DEBUG i.pact.plugins.jvm.core.ChildProcess - Plugin protobuf [46038] || ?[2m2023-03-27T09:35:16.672482Z?[0m ?[35mTRACE?[0m tokio-runtime-worker ?[1mserver_handshake?[0m?[2m:?[0m?[1mConnection?[0m?[1m{?[0m?[3mpeer?[0m?[2m=?[0mServer?[1m}?[0m?[2m:?[0m?[1mpoll?[0m?[2m:?[0m?[1mFramedRead::poll_next?[0m?[2m:?[0m ?[2mh2::codec::framed_read?[0m?[2m:?[0m poll
15:05:16.672 [grpc-nio-worker-ELG-1-4] DEBUG io.grpc.netty.NettyClientHandler - [id: 0x3f9b4665, L:/127.0.0.1:53792 - R:/127.0.0.1:53791] INBOUND PING: ack=false bytes=827434110570724948
15:05:16.672 [Thread-5] DEBUG i.pact.plugins.jvm.core.ChildProcess - Plugin protobuf [46038] || ?[2m2023-03-27T09:35:16.672533Z?[0m ?[35mTRACE?[0m tokio-runtime-worker ?[1mserver_handshake?[0m?[2m:?[0m?[1mConnection?[0m?[1m{?[0m?[3mpeer?[0m?[2m=?[0mServer?[1m}?[0m?[2m:?[0m?[1mpoll?[0m?[2m:?[0m?[1mFramedRead::poll_next?[0m?[2m:?[0m ?[2mtokio_util::codec::framed_impl?[0m?[2m:?[0m attempting to decode a frame
15:05:16.672 [grpc-nio-worker-ELG-1-4] DEBUG io.grpc.netty.NettyClientHandler - [id: 0x3f9b4665, L:/127.0.0.1:53792 - R:/127.0.0.1:53791] OUTBOUND PING: ack=true bytes=827434110570724948
15:05:16.672 [Thread-5] DEBUG i.pact.plugins.jvm.core.ChildProcess - Plugin protobuf [46038] || ?[2m2023-03-27T09:35:16.672555Z?[0m ?[35mTRACE?[0m tokio-runtime-worker ?[1mserver_handshake?[0m?[2m:?[0m?[1mConnection?[0m?[1m{?[0m?[3mpeer?[0m?[2m=?[0mServer?[1m}?[0m?[2m:?[0m?[1mpoll?[0m?[2m:?[0m?[1mFramedRead::poll_next?[0m?[2m:?[0m ?[2mtokio_util::codec::framed_impl?[0m?[2m:?[0m frame decoded from buffer
15:05:16.672 [Thread-5] DEBUG i.pact.plugins.jvm.core.ChildProcess - Plugin protobuf [46038] || ?[2m2023-03-27T09:35:16.672570Z?[0m ?[35mTRACE?[0m tokio-runtime-worker ?[1mserver_handshake?[0m?[2m:?[0m?[1mConnection?[0m?[1m{?[0m?[3mpeer?[0m?[2m=?[0mServer?[1m}?[0m?[2m:?[0m?[1mpoll?[0m?[2m:?[0m?[1mFramedRead::poll_next?[0m?[2m:?[0m ?[2mh2::codec::framed_read?[0m?[2m:?[0m ?[3mread.bytes?[0m?[2m=?[0m17
15:05:16.672 [Thread-5] DEBUG i.pact.plugins.jvm.core.ChildProcess - Plugin protobuf [46038] || ?[2m2023-03-27T09:35:16.672597Z?[0m ?[35mTRACE?[0m tokio-runtime-worker ?[1mserver_handshake?[0m?[2m:?[0m?[1mConnection?[0m?[1m{?[0m?[3mpeer?[0m?[2m=?[0mServer?[1m}?[0m?[2m:?[0m?[1mpoll?[0m?[2m:?[0m?[1mFramedRead::poll_next?[0m?[2m:?[0m?[1mFramedRead::decode_frame?[0m?[1m{?[0m?[3moffset?[0m?[2m=?[0m17?[1m}?[0m?[2m:?[0m ?[2mh2::codec::framed_read?[0m?[2m:?[0m decoding frame from 17B
15:05:16.672 [Thread-5] DEBUG i.pact.plugins.jvm.core.ChildProcess - Plugin protobuf [46038] || ?[2m2023-03-27T09:35:16.672614Z?[0m ?[35mTRACE?[0m tokio-runtime-worker ?[1mserver_handshake?[0m?[2m:?[0m?[1mConnection?[0m?[1m{?[0m?[3mpeer?[0m?[2m=?[0mServer?[1m}?[0m?[2m:?[0m?[1mpoll?[0m?[2m:?[0m?[1mFramedRead::poll_next?[0m?[2m:?[0m?[1mFramedRead::decode_frame?[0m?[1m{?[0m?[3moffset?[0m?[2m=?[0m17?[1m}?[0m?[2m:?[0m ?[2mh2::codec::framed_read?[0m?[2m:?[0m ?[3mframe.kind?[0m?[2m=?[0mPing
15:05:16.672 [Thread-5] DEBUG i.pact.plugins.jvm.core.ChildProcess - Plugin protobuf [46038] || ?[2m2023-03-27T09:35:16.672637Z?[0m ?[34mDEBUG?[0m tokio-runtime-worker ?[1mserver_handshake?[0m?[2m:?[0m?[1mConnection?[0m?[1m{?[0m?[3mpeer?[0m?[2m=?[0mServer?[1m}?[0m?[2m:?[0m?[1mpoll?[0m?[2m:?[0m?[1mFramedRead::poll_next?[0m?[2m:?[0m ?[2mh2::codec::framed_read?[0m?[2m:?[0m received ?[3mframe?[0m?[2m=?[0mPing { ack: false, payload: [0, 0, 0, 0, 0, 0, 4, 210] }
15:05:16.672 [Thread-5] DEBUG i.pact.plugins.jvm.core.ChildProcess - Plugin protobuf [46038] || ?[2m2023-03-27T09:35:16.672662Z?[0m ?[35mTRACE?[0m tokio-runtime-worker ?[1mserver_handshake?[0m?[2m:?[0m?[1mConnection?[0m?[1m{?[0m?[3mpeer?[0m?[2m=?[0mServer?[1m}?[0m?[2m:?[0m?[1mpoll?[0m?[2m:?[0m ?[2mh2::proto::connection?[0m?[2m:?[0m recv PING ?[3mframe?[0m?[2m=?[0mPing { ack: false, payload: [0, 0, 0, 0, 0, 0, 4, 210] }
15:05:16.672 [Thread-5] DEBUG i.pact.plugins.jvm.core.ChildProcess - Plugin protobuf [46038] || ?[2m2023-03-27T09:35:16.672696Z?[0m ?[34mDEBUG?[0m tokio-runtime-worker ?[1mserver_handshake?[0m?[2m:?[0m?[1mConnection?[0m?[1m{?[0m?[3mpeer?[0m?[2m=?[0mServer?[1m}?[0m?[2m:?[0m?[1mpoll?[0m?[2m:?[0m?[1mpoll_ready?[0m?[2m:?[0m?[1mFramedWrite::buffer?[0m?[1m{?[0m?[3mframe?[0m?[2m=?[0mPing { ack: true, payload: [0, 0, 0, 0, 0, 0, 4, 210] }?[1m}?[0m?[2m:?[0m ?[2mh2::codec::framed_write?[0m?[2m:?[0m send ?[3mframe?[0m?[2m=?[0mPing { ack: true, payload: [0, 0, 0, 0, 0, 0, 4, 210] }
15:05:16.672 [Thread-5] DEBUG i.pact.plugins.jvm.core.ChildProcess - Plugin protobuf [46038] || ?[2m2023-03-27T09:35:16.672714Z?[0m ?[35mTRACE?[0m tokio-runtime-worker ?[1mserver_handshake?[0m?[2m:?[0m?[1mConnection?[0m?[1m{?[0m?[3mpeer?[0m?[2m=?[0mServer?[1m}?[0m?[2m:?[0m?[1mpoll?[0m?[2m:?[0m?[1mpoll_ready?[0m?[2m:?[0m?[1mFramedWrite::buffer?[0m?[1m{?[0m?[3mframe?[0m?[2m=?[0mPing { ack: true, payload: [0, 0, 0, 0, 0, 0, 4, 210] }?[1m}?[0m?[2m:?[0m ?[2mh2::frame::ping?[0m?[2m:?[0m encoding PING; ack=true len=8
15:05:16.672 [Thread-5] DEBUG i.pact.plugins.jvm.core.ChildProcess - Plugin protobuf [46038] || ?[2m2023-03-27T09:35:16.672729Z?[0m ?[35mTRACE?[0m tokio-runtime-worker ?[1mserver_handshake?[0m?[2m:?[0m?[1mConnection?[0m?[1m{?[0m?[3mpeer?[0m?[2m=?[0mServer?[1m}?[0m?[2m:?[0m?[1mpoll?[0m?[2m:?[0m?[1mpoll_ready?[0m?[2m:?[0m?[1mFramedWrite::buffer?[0m?[1m{?[0m?[3mframe?[0m?[2m=?[0mPing { ack: true, payload: [0, 0, 0, 0, 0, 0, 4, 210] }?[1m}?[0m?[2m:?[0m ?[2mh2::codec::framed_write?[0m?[2m:?[0m encoded ping ?[3mrem?[0m?[2m=?[0m17
15:05:16.672 [Thread-5] DEBUG i.pact.plugins.jvm.core.ChildProcess - Plugin protobuf [46038] || ?[2m2023-03-27T09:35:16.672762Z?[0m ?[35mTRACE?[0m tokio-runtime-worker ?[1mserver_handshake?[0m?[2m:?[0m?[1mConnection?[0m?[1m{?[0m?[3mpeer?[0m?[2m=?[0mServer?[1m}?[0m?[2m:?[0m?[1mpoll?[0m?[2m:?[0m?[1mFramedRead::poll_next?[0m?[2m:?[0m ?[2mh2::codec::framed_read?[0m?[2m:?[0m poll
15:05:16.672 [Thread-5] DEBUG i.pact.plugins.jvm.core.ChildProcess - Plugin protobuf [46038] || ?[2m2023-03-27T09:35:16.672775Z?[0m ?[35mTRACE?[0m tokio-runtime-worker ?[1mserver_handshake?[0m?[2m:?[0m?[1mConnection?[0m?[1m{?[0m?[3mpeer?[0m?[2m=?[0mServer?[1m}?[0m?[2m:?[0m?[1mpoll?[0m?[2m:?[0m?[1mFramedRead::poll_next?[0m?[2m:?[0m ?[2mtokio_util::codec::framed_impl?[0m?[2m:?[0m attempting to decode a frame
15:05:16.672 [Thread-5] DEBUG i.pact.plugins.jvm.core.ChildProcess - Plugin protobuf [46038] || ?[2m2023-03-27T09:35:16.672811Z?[0m ?[35mTRACE?[0m tokio-runtime-worker ?[1mserver_handshake?[0m?[2m:?[0m?[1mConnection?[0m?[1m{?[0m?[3mpeer?[0m?[2m=?[0mServer?[1m}?[0m?[2m:?[0m?[1mpoll?[0m?[2m:?[0m ?[2mh2::proto::streams::prioritize?[0m?[2m:?[0m poll_complete
15:05:16.672 [Thread-5] DEBUG i.pact.plugins.jvm.core.ChildProcess - Plugin protobuf [46038] || ?[2m2023-03-27T09:35:16.672824Z?[0m ?[35mTRACE?[0m tokio-runtime-worker ?[1mserver_handshake?[0m?[2m:?[0m?[1mConnection?[0m?[1m{?[0m?[3mpeer?[0m?[2m=?[0mServer?[1m}?[0m?[2m:?[0m?[1mpoll?[0m?[2m:?[0m ?[2mh2::proto::streams::prioritize?[0m?[2m:?[0m schedule_pending_open
15:05:16.672 [Thread-5] DEBUG i.pact.plugins.jvm.core.ChildProcess - Plugin protobuf [46038] || ?[2m2023-03-27T09:35:16.672855Z?[0m ?[35mTRACE?[0m tokio-runtime-worker ?[1mserver_handshake?[0m?[2m:?[0m?[1mConnection?[0m?[1m{?[0m?[3mpeer?[0m?[2m=?[0mServer?[1m}?[0m?[2m:?[0m?[1mpoll?[0m?[2m:?[0m?[1mFramedWrite::flush?[0m?[2m:?[0m ?[2mh2::codec::framed_write?[0m?[2m:?[0m ?[3mqueued_data_frame?[0m?[2m=?[0mfalse
15:05:16.672 [Thread-5] DEBUG i.pact.plugins.jvm.core.ChildProcess - Plugin protobuf [46038] || ?[2m2023-03-27T09:35:16.672883Z?[0m ?[35mTRACE?[0m tokio-runtime-worker ?[1mserver_handshake?[0m?[2m:?[0m?[1mConnection?[0m?[1m{?[0m?[3mpeer?[0m?[2m=?[0mServer?[1m}?[0m?[2m:?[0m?[1mpoll?[0m?[2m:?[0m?[1mFramedWrite::flush?[0m?[2m:?[0m ?[2mh2::codec::framed_write?[0m?[2m:?[0m flushing buffer
15:05:16.672 [Thread-5] DEBUG i.pact.plugins.jvm.core.ChildProcess - Plugin protobuf [46038] || ?[2m2023-03-27T09:35:16.672959Z?[0m ?[35mTRACE?[0m tokio-runtime-worker ?[1mserver_handshake?[0m?[2m:?[0m?[1mConnection?[0m?[1m{?[0m?[3mpeer?[0m?[2m=?[0mServer?[1m}?[0m?[2m:?[0m?[1mpoll?[0m?[2m:?[0m ?[2mh2::proto::connection?[0m?[2m:?[0m ?[3mconnection.state?[0m?[2m=?[0mOpen
15:05:16.673 [Thread-5] DEBUG i.pact.plugins.jvm.core.ChildProcess - Plugin protobuf [46038] || ?[2m2023-03-27T09:35:16.673000Z?[0m ?[35mTRACE?[0m tokio-runtime-worker ?[1mserver_handshake?[0m?[2m:?[0m?[1mConnection?[0m?[1m{?[0m?[3mpeer?[0m?[2m=?[0mServer?[1m}?[0m?[2m:?[0m?[1mpoll?[0m?[2m:?[0m?[1mFramedRead::poll_next?[0m?[2m:?[0m ?[2mh2::codec::framed_read?[0m?[2m:?[0m poll
15:05:16.673 [grpc-nio-worker-ELG-1-2] DEBUG io.grpc.netty.NettyClientHandler - [id: 0x3c962551, L:/0:0:0:0:0:0:0:1:53790 - R:/0:0:0:0:0:0:0:1:53788] INBOUND PING: ack=true bytes=1234
15:05:16.673 [Thread-5] DEBUG i.pact.plugins.jvm.core.ChildProcess - Plugin protobuf [46038] || ?[2m2023-03-27T09:35:16.673021Z?[0m ?[35mTRACE?[0m tokio-runtime-worker ?[1mserver_handshake?[0m?[2m:?[0m?[1mConnection?[0m?[1m{?[0m?[3mpeer?[0m?[2m=?[0mServer?[1m}?[0m?[2m:?[0m?[1mpoll?[0m?[2m:?[0m?[1mFramedRead::poll_next?[0m?[2m:?[0m ?[2mtokio_util::codec::framed_impl?[0m?[2m:?[0m attempting to decode a frame
15:05:16.673 [Thread-5] DEBUG i.pact.plugins.jvm.core.ChildProcess - Plugin protobuf [46038] || ?[2m2023-03-27T09:35:16.673035Z?[0m ?[35mTRACE?[0m tokio-runtime-worker ?[1mserver_handshake?[0m?[2m:?[0m?[1mConnection?[0m?[1m{?[0m?[3mpeer?[0m?[2m=?[0mServer?[1m}?[0m?[2m:?[0m?[1mpoll?[0m?[2m:?[0m?[1mFramedRead::poll_next?[0m?[2m:?[0m ?[2mtokio_util::codec::framed_impl?[0m?[2m:?[0m frame decoded from buffer
15:05:16.673 [Thread-5] DEBUG i.pact.plugins.jvm.core.ChildProcess - Plugin protobuf [46038] || ?[2m2023-03-27T09:35:16.673048Z?[0m ?[35mTRACE?[0m tokio-runtime-worker ?[1mserver_handshake?[0m?[2m:?[0m?[1mConnection?[0m?[1m{?[0m?[3mpeer?[0m?[2m=?[0mServer?[1m}?[0m?[2m:?[0m?[1mpoll?[0m?[2m:?[0m?[1mFramedRead::poll_next?[0m?[2m:?[0m ?[2mh2::codec::framed_read?[0m?[2m:?[0m ?[3mread.bytes?[0m?[2m=?[0m17
15:05:16.673 [Thread-5] DEBUG i.pact.plugins.jvm.core.ChildProcess - Plugin protobuf [46038] || ?[2m2023-03-27T09:35:16.673071Z?[0m ?[35mTRACE?[0m tokio-runtime-worker ?[1mserver_handshake?[0m?[2m:?[0m?[1mConnection?[0m?[1m{?[0m?[3mpeer?[0m?[2m=?[0mServer?[1m}?[0m?[2m:?[0m?[1mpoll?[0m?[2m:?[0m?[1mFramedRead::poll_next?[0m?[2m:?[0m?[1mFramedRead::decode_frame?[0m?[1m{?[0m?[3moffset?[0m?[2m=?[0m17?[1m}?[0m?[2m:?[0m ?[2mh2::codec::framed_read?[0m?[2m:?[0m decoding frame from 17B
15:05:16.673 [Thread-5] DEBUG i.pact.plugins.jvm.core.ChildProcess - Plugin protobuf [46038] || ?[2m2023-03-27T09:35:16.673087Z?[0m ?[35mTRACE?[0m tokio-runtime-worker ?[1mserver_handshake?[0m?[2m:?[0m?[1mConnection?[0m?[1m{?[0m?[3mpeer?[0m?[2m=?[0mServer?[1m}?[0m?[2m:?[0m?[1mpoll?[0m?[2m:?[0m?[1mFramedRead::poll_next?[0m?[2m:?[0m?[1mFramedRead::decode_frame?[0m?[1m{?[0m?[3moffset?[0m?[2m=?[0m17?[1m}?[0m?[2m:?[0m ?[2mh2::codec::framed_read?[0m?[2m:?[0m ?[3mframe.kind?[0m?[2m=?[0mPing
15:05:16.673 [Thread-5] DEBUG i.pact.plugins.jvm.core.ChildProcess - Plugin protobuf [46038] || ?[2m2023-03-27T09:35:16.673112Z?[0m ?[34mDEBUG?[0m tokio-runtime-worker ?[1mserver_handshake?[0m?[2m:?[0m?[1mConnection?[0m?[1m{?[0m?[3mpeer?[0m?[2m=?[0mServer?[1m}?[0m?[2m:?[0m?[1mpoll?[0m?[2m:?[0m?[1mFramedRead::poll_next?[0m?[2m:?[0m ?[2mh2::codec::framed_read?[0m?[2m:?[0m received ?[3mframe?[0m?[2m=?[0mPing { ack: true, payload: [11, 123, 162, 240, 139, 155, 254, 84] }
15:05:16.673 [Thread-5] DEBUG i.pact.plugins.jvm.core.ChildProcess - Plugin protobuf [46038] || ?[2m2023-03-27T09:35:16.673138Z?[0m ?[35mTRACE?[0m tokio-runtime-worker ?[1mserver_handshake?[0m?[2m:?[0m?[1mConnection?[0m?[1m{?[0m?[3mpeer?[0m?[2m=?[0mServer?[1m}?[0m?[2m:?[0m?[1mpoll?[0m?[2m:?[0m ?[2mh2::proto::connection?[0m?[2m:?[0m recv PING ?[3mframe?[0m?[2m=?[0mPing { ack: true, payload: [11, 123, 162, 240, 139, 155, 254, 84] }
15:05:16.673 [Thread-5] DEBUG i.pact.plugins.jvm.core.ChildProcess - Plugin protobuf [46038] || ?[2m2023-03-27T09:35:16.673158Z?[0m ?[35mTRACE?[0m tokio-runtime-worker ?[1mserver_handshake?[0m?[2m:?[0m?[1mConnection?[0m?[1m{?[0m?[3mpeer?[0m?[2m=?[0mServer?[1m}?[0m?[2m:?[0m?[1mpoll?[0m?[2m:?[0m ?[2mh2::proto::ping_pong?[0m?[2m:?[0m recv PING SHUTDOWN ack
15:05:16.673 [Thread-5] DEBUG i.pact.plugins.jvm.core.ChildProcess - Plugin protobuf [46038] || ?[2m2023-03-27T09:35:16.673184Z?[0m ?[34mDEBUG?[0m tokio-runtime-worker ?[1mserver_handshake?[0m?[2m:?[0m?[1mConnection?[0m?[1m{?[0m?[3mpeer?[0m?[2m=?[0mServer?[1m}?[0m?[2m:?[0m?[1mpoll?[0m?[2m:?[0m?[1mFramedWrite::buffer?[0m?[1m{?[0m?[3mframe?[0m?[2m=?[0mGoAway { error_code: NO_ERROR, last_stream_id: StreamId(3) }?[1m}?[0m?[2m:?[0m ?[2mh2::codec::framed_write?[0m?[2m:?[0m send ?[3mframe?[0m?[2m=?[0mGoAway { error_code: NO_ERROR, last_stream_id: StreamId(3) }
15:05:16.673 [Thread-5] DEBUG i.pact.plugins.jvm.core.ChildProcess - Plugin protobuf [46038] || ?[2m2023-03-27T09:35:16.673203Z?[0m ?[35mTRACE?[0m tokio-runtime-worker ?[1mserver_handshake?[0m?[2m:?[0m?[1mConnection?[0m?[1m{?[0m?[3mpeer?[0m?[2m=?[0mServer?[1m}?[0m?[2m:?[0m?[1mpoll?[0m?[2m:?[0m?[1mFramedWrite::buffer?[0m?[1m{?[0m?[3mframe?[0m?[2m=?[0mGoAway { error_code: NO_ERROR, last_stream_id: StreamId(3) }?[1m}?[0m?[2m:?[0m ?[2mh2::frame::go_away?[0m?[2m:?[0m encoding GO_AWAY; code=NO_ERROR
15:05:16.673 [Thread-5] DEBUG i.pact.plugins.jvm.core.ChildProcess - Plugin protobuf [46038] || ?[2m2023-03-27T09:35:16.673220Z?[0m ?[35mTRACE?[0m tokio-runtime-worker ?[1mserver_handshake?[0m?[2m:?[0m?[1mConnection?[0m?[1m{?[0m?[3mpeer?[0m?[2m=?[0mServer?[1m}?[0m?[2m:?[0m?[1mpoll?[0m?[2m:?[0m?[1mFramedWrite::buffer?[0m?[1m{?[0m?[3mframe?[0m?[2m=?[0mGoAway { error_code: NO_ERROR, last_stream_id: StreamId(3) }?[1m}?[0m?[2m:?[0m ?[2mh2::codec::framed_write?[0m?[2m:?[0m encoded go_away ?[3mrem?[0m?[2m=?[0m17
15:05:16.673 [Thread-5] DEBUG i.pact.plugins.jvm.core.ChildProcess - Plugin protobuf [46038] || ?[2m2023-03-27T09:35:16.673262Z?[0m ?[35mTRACE?[0m tokio-runtime-worker ?[1mserver_handshake?[0m?[2m:?[0m?[1mConnection?[0m?[1m{?[0m?[3mpeer?[0m?[2m=?[0mServer?[1m}?[0m?[2m:?[0m?[1mpoll?[0m?[2m:?[0m?[1mFramedRead::poll_next?[0m?[2m:?[0m ?[2mh2::codec::framed_read?[0m?[2m:?[0m poll
15:05:16.673 [Thread-5] DEBUG i.pact.plugins.jvm.core.ChildProcess - Plugin protobuf [46038] || ?[2m2023-03-27T09:35:16.673277Z?[0m ?[35mTRACE?[0m tokio-runtime-worker ?[1mserver_handshake?[0m?[2m:?[0m?[1mConnection?[0m?[1m{?[0m?[3mpeer?[0m?[2m=?[0mServer?[1m}?[0m?[2m:?[0m?[1mpoll?[0m?[2m:?[0m?[1mFramedRead::poll_next?[0m?[2m:?[0m ?[2mtokio_util::codec::framed_impl?[0m?[2m:?[0m attempting to decode a frame
15:05:16.673 [Thread-5] DEBUG i.pact.plugins.jvm.core.ChildProcess - Plugin protobuf [46038] || ?[2m2023-03-27T09:35:16.673321Z?[0m ?[35mTRACE?[0m tokio-runtime-worker ?[1mserver_handshake?[0m?[2m:?[0m?[1mConnection?[0m?[1m{?[0m?[3mpeer?[0m?[2m=?[0mServer?[1m}?[0m?[2m:?[0m?[1mpoll?[0m?[2m:?[0m ?[2mh2::proto::streams::prioritize?[0m?[2m:?[0m poll_complete
15:05:16.673 [Thread-5] DEBUG i.pact.plugins.jvm.core.ChildProcess - Plugin protobuf [46038] || ?[2m2023-03-27T09:35:16.673336Z?[0m ?[35mTRACE?[0m tokio-runtime-worker ?[1mserver_handshake?[0m?[2m:?[0m?[1mConnection?[0m?[1m{?[0m?[3mpeer?[0m?[2m=?[0mServer?[1m}?[0m?[2m:?[0m?[1mpoll?[0m?[2m:?[0m ?[2mh2::proto::streams::prioritize?[0m?[2m:?[0m schedule_pending_open
15:05:16.673 [Thread-5] DEBUG i.pact.plugins.jvm.core.ChildProcess - Plugin protobuf [46038] || ?[2m2023-03-27T09:35:16.673370Z?[0m ?[35mTRACE?[0m tokio-runtime-worker ?[1mserver_handshake?[0m?[2m:?[0m?[1mConnection?[0m?[1m{?[0m?[3mpeer?[0m?[2m=?[0mServer?[1m}?[0m?[2m:?[0m?[1mpoll?[0m?[2m:?[0m?[1mFramedWrite::flush?[0m?[2m:?[0m ?[2mh2::codec::framed_write?[0m?[2m:?[0m ?[3mqueued_data_frame?[0m?[2m=?[0mfalse
15:05:16.673 [Thread-5] DEBUG i.pact.plugins.jvm.core.ChildProcess - Plugin protobuf [46038] || ?[2m2023-03-27T09:35:16.673396Z?[0m ?[35mTRACE?[0m tokio-runtime-worker ?[1mserver_handshake?[0m?[2m:?[0m?[1mConnection?[0m?[1m{?[0m?[3mpeer?[0m?[2m=?[0mServer?[1m}?[0m?[2m:?[0m?[1mpoll?[0m?[2m:?[0m?[1mFramedWrite::flush?[0m?[2m:?[0m ?[2mh2::codec::framed_write?[0m?[2m:?[0m flushing buffer
15:05:16.673 [Thread-5] DEBUG i.pact.plugins.jvm.core.ChildProcess - Plugin protobuf [46038] || ?[2m2023-03-27T09:35:16.673429Z?[0m ?[35mTRACE?[0m tokio-runtime-worker ?[1mserver_handshake?[0m?[2m:?[0m?[1mConnection?[0m?[1m{?[0m?[3mpeer?[0m?[2m=?[0mServer?[1m}?[0m?[2m:?[0m?[1mpoll?[0m?[2m:?[0m ?[2mh2::proto::connection?[0m?[2m:?[0m ?[3mconnection.state?[0m?[2m=?[0mOpen
15:05:16.673 [Thread-5] DEBUG i.pact.plugins.jvm.core.ChildProcess - Plugin protobuf [46038] || ?[2m2023-03-27T09:35:16.673450Z?[0m ?[34mDEBUG?[0m tokio-runtime-worker ?[1mserver_handshake?[0m?[2m:?[0m?[1mConnection?[0m?[1m{?[0m?[3mpeer?[0m?[2m=?[0mServer?[1m}?[0m?[2m:?[0m?[1mpoll?[0m?[2m:?[0m ?[2mh2::proto::connection?[0m?[2m:?[0m Connection::poll; connection error ?[3merror?[0m?[2m=?[0mGoAway(b"", NO_ERROR, Library)
15:05:16.673 [Thread-5] DEBUG i.pact.plugins.jvm.core.ChildProcess - Plugin protobuf [46038] || ?[2m2023-03-27T09:35:16.673466Z?[0m ?[35mTRACE?[0m tokio-runtime-worker ?[1mserver_handshake?[0m?[2m:?[0m?[1mConnection?[0m?[1m{?[0m?[3mpeer?[0m?[2m=?[0mServer?[1m}?[0m?[2m:?[0m?[1mpoll?[0m?[2m:?[0m ?[2mh2::proto::connection?[0m?[2m:?[0m     -> already going away
15:05:16.673 [grpc-nio-worker-ELG-1-4] DEBUG io.grpc.netty.NettyClientHandler - [id: 0x3f9b4665, L:/127.0.0.1:53792 - R:/127.0.0.1:53791] INBOUND GO_AWAY: lastStreamId=3 errorCode=0 length=0 bytes=
15:05:16.673 [Thread-5] DEBUG i.pact.plugins.jvm.core.ChildProcess - Plugin protobuf [46038] || ?[2m2023-03-27T09:35:16.673478Z?[0m ?[35mTRACE?[0m tokio-runtime-worker ?[1mserver_handshake?[0m?[2m:?[0m?[1mConnection?[0m?[1m{?[0m?[3mpeer?[0m?[2m=?[0mServer?[1m}?[0m?[2m:?[0m?[1mpoll?[0m?[2m:?[0m ?[2mh2::proto::connection?[0m?[2m:?[0m ?[3mconnection.state?[0m?[2m=?[0mClosing(NO_ERROR, Library)
15:05:16.673 [Thread-5] DEBUG i.pact.plugins.jvm.core.ChildProcess - Plugin protobuf [46038] || ?[2m2023-03-27T09:35:16.673492Z?[0m ?[35mTRACE?[0m tokio-runtime-worker ?[1mserver_handshake?[0m?[2m:?[0m?[1mConnection?[0m?[1m{?[0m?[3mpeer?[0m?[2m=?[0mServer?[1m}?[0m?[2m:?[0m?[1mpoll?[0m?[2m:?[0m ?[2mh2::proto::connection?[0m?[2m:?[0m connection closing after flush
15:05:16.673 [Thread-5] DEBUG i.pact.plugins.jvm.core.ChildProcess - Plugin protobuf [46038] || ?[2m2023-03-27T09:35:16.673510Z?[0m ?[35mTRACE?[0m tokio-runtime-worker ?[1mserver_handshake?[0m?[2m:?[0m?[1mConnection?[0m?[1m{?[0m?[3mpeer?[0m?[2m=?[0mServer?[1m}?[0m?[2m:?[0m?[1mpoll?[0m?[2m:?[0m?[1mFramedWrite::flush?[0m?[2m:?[0m ?[2mh2::codec::framed_write?[0m?[2m:?[0m flushing buffer
15:05:16.673 [Thread-5] DEBUG i.pact.plugins.jvm.core.ChildProcess - Plugin protobuf [46038] || ?[2m2023-03-27T09:35:16.673537Z?[0m ?[35mTRACE?[0m tokio-runtime-worker ?[1mserver_handshake?[0m?[2m:?[0m?[1mConnection?[0m?[1m{?[0m?[3mpeer?[0m?[2m=?[0mServer?[1m}?[0m?[2m:?[0m?[1mpoll?[0m?[2m:?[0m ?[2mh2::proto::connection?[0m?[2m:?[0m ?[3mconnection.state?[0m?[2m=?[0mClosed(NO_ERROR, Library)
15:05:16.673 [Thread-5] DEBUG i.pact.plugins.jvm.core.ChildProcess - Plugin protobuf [46038] || ?[2m2023-03-27T09:35:16.673562Z?[0m ?[35mTRACE?[0m tokio-runtime-worker ?[2mhyper::proto::h2::server?[0m?[2m:?[0m incoming connection complete
15:05:16.673 [Thread-5] DEBUG i.pact.plugins.jvm.core.ChildProcess - Plugin protobuf [46038] || ?[2m2023-03-27T09:35:16.673609Z?[0m ?[35mTRACE?[0m tokio-runtime-worker ?[2mh2::proto::streams::streams?[0m?[2m:?[0m Streams::recv_eof
15:05:16.679 [Test worker] DEBUG i.p.p.jvm.core.DefaultPluginManager - Got response: ok: true
results {
  path: "Calculator/calculateOne"
}

15:05:16.684 [Test worker] DEBUG i.p.p.jvm.core.DefaultPluginManager - Sending shutdownMockServer request to plugin DefaultPactPluginManifest(pluginDir=/Users/karthik/.pact/plugins/protobuf-0.1.5, pluginInterfaceVersion=1, name=protobuf, version=0.1.5, executableType=exec, minimumRequiredVersion=null, entryPoint=pact-protobuf-plugin, entryPoints={}, args=[], dependencies=[])
15:05:16.684 [grpc-nio-worker-ELG-1-2] DEBUG io.grpc.netty.NettyClientHandler - [id: 0x3c962551, L:/0:0:0:0:0:0:0:1:53790 - R:/0:0:0:0:0:0:0:1:53788] OUTBOUND HEADERS: streamId=13 headers=GrpcHttp2OutboundHeaders[:authority: [::1]:53788, :path: /io.pact.plugin.PactPlugin/ShutdownMockServer, :method: POST, :scheme: http, content-type: application/grpc, te: trailers, user-agent: grpc-java-netty/1.49.0, grpc-accept-encoding: gzip, authorization: bdd563c9-e9e9-44a7-bce6-cc7f37c23df2] streamDependency=0 weight=16 exclusive=false padding=0 endStream=false
15:05:16.685 [grpc-nio-worker-ELG-1-2] DEBUG io.grpc.netty.NettyClientHandler - [id: 0x3c962551, L:/0:0:0:0:0:0:0:1:53790 - R:/0:0:0:0:0:0:0:1:53788] OUTBOUND DATA: streamId=13 padding=0 endStream=true length=43 bytes=00000000260a2435636165356638322d666563322d343363362d393733392d363064303338336438346563
15:05:16.685 [Thread-5] DEBUG i.pact.plugins.jvm.core.ChildProcess - Plugin protobuf [46038] || ?[2m2023-03-27T09:35:16.685686Z?[0m ?[35mTRACE?[0m tokio-runtime-worker ?[1mserver_handshake?[0m?[2m:?[0m?[1mConnection?[0m?[1m{?[0m?[3mpeer?[0m?[2m=?[0mServer?[1m}?[0m?[2m:?[0m?[1mpoll?[0m?[2m:?[0m ?[2mh2::proto::connection?[0m?[2m:?[0m ?[3mconnection.state?[0m?[2m=?[0mOpen
15:05:16.685 [Thread-5] DEBUG i.pact.plugins.jvm.core.ChildProcess - Plugin protobuf [46038] || ?[2m2023-03-27T09:35:16.685744Z?[0m ?[35mTRACE?[0m tokio-runtime-worker ?[1mserver_handshake?[0m?[2m:?[0m?[1mConnection?[0m?[1m{?[0m?[3mpeer?[0m?[2m=?[0mServer?[1m}?[0m?[2m:?[0m?[1mpoll?[0m?[2m:?[0m?[1mFramedRead::poll_next?[0m?[2m:?[0m ?[2mh2::codec::framed_read?[0m?[2m:?[0m poll
15:05:16.686 [Thread-5] DEBUG i.pact.plugins.jvm.core.ChildProcess - Plugin protobuf [46038] || ?[2m2023-03-27T09:35:16.685768Z?[0m ?[35mTRACE?[0m tokio-runtime-worker ?[1mserver_handshake?[0m?[2m:?[0m?[1mConnection?[0m?[1m{?[0m?[3mpeer?[0m?[2m=?[0mServer?[1m}?[0m?[2m:?[0m?[1mpoll?[0m?[2m:?[0m?[1mFramedRead::poll_next?[0m?[2m:?[0m ?[2mtokio_util::codec::framed_impl?[0m?[2m:?[0m attempting to decode a frame
15:05:16.686 [Thread-5] DEBUG i.pact.plugins.jvm.core.ChildProcess - Plugin protobuf [46038] || ?[2m2023-03-27T09:35:16.685786Z?[0m ?[35mTRACE?[0m tokio-runtime-worker ?[1mserver_handshake?[0m?[2m:?[0m?[1mConnection?[0m?[1m{?[0m?[3mpeer?[0m?[2m=?[0mServer?[1m}?[0m?[2m:?[0m?[1mpoll?[0m?[2m:?[0m?[1mFramedRead::poll_next?[0m?[2m:?[0m ?[2mtokio_util::codec::framed_impl?[0m?[2m:?[0m frame decoded from buffer
15:05:16.686 [Thread-5] DEBUG i.pact.plugins.jvm.core.ChildProcess - Plugin protobuf [46038] || ?[2m2023-03-27T09:35:16.685798Z?[0m ?[35mTRACE?[0m tokio-runtime-worker ?[1mserver_handshake?[0m?[2m:?[0m?[1mConnection?[0m?[1m{?[0m?[3mpeer?[0m?[2m=?[0mServer?[1m}?[0m?[2m:?[0m?[1mpoll?[0m?[2m:?[0m?[1mFramedRead::poll_next?[0m?[2m:?[0m ?[2mh2::codec::framed_read?[0m?[2m:?[0m ?[3mread.bytes?[0m?[2m=?[0m23
15:05:16.686 [Thread-5] DEBUG i.pact.plugins.jvm.core.ChildProcess - Plugin protobuf [46038] || ?[2m2023-03-27T09:35:16.685844Z?[0m ?[35mTRACE?[0m tokio-runtime-worker ?[1mserver_handshake?[0m?[2m:?[0m?[1mConnection?[0m?[1m{?[0m?[3mpeer?[0m?[2m=?[0mServer?[1m}?[0m?[2m:?[0m?[1mpoll?[0m?[2m:?[0m?[1mFramedRead::poll_next?[0m?[2m:?[0m?[1mFramedRead::decode_frame?[0m?[1m{?[0m?[3moffset?[0m?[2m=?[0m23?[1m}?[0m?[2m:?[0m ?[2mh2::codec::framed_read?[0m?[2m:?[0m decoding frame from 23B
15:05:16.686 [Thread-5] DEBUG i.pact.plugins.jvm.core.ChildProcess - Plugin protobuf [46038] || ?[2m2023-03-27T09:35:16.685865Z?[0m ?[35mTRACE?[0m tokio-runtime-worker ?[1mserver_handshake?[0m?[2m:?[0m?[1mConnection?[0m?[1m{?[0m?[3mpeer?[0m?[2m=?[0mServer?[1m}?[0m?[2m:?[0m?[1mpoll?[0m?[2m:?[0m?[1mFramedRead::poll_next?[0m?[2m:?[0m?[1mFramedRead::decode_frame?[0m?[1m{?[0m?[3moffset?[0m?[2m=?[0m23?[1m}?[0m?[2m:?[0m ?[2mh2::codec::framed_read?[0m?[2m:?[0m ?[3mframe.kind?[0m?[2m=?[0mHeaders
15:05:16.686 [Thread-5] DEBUG i.pact.plugins.jvm.core.ChildProcess - Plugin protobuf [46038] || ?[2m2023-03-27T09:35:16.685883Z?[0m ?[35mTRACE?[0m tokio-runtime-worker ?[1mserver_handshake?[0m?[2m:?[0m?[1mConnection?[0m?[1m{?[0m?[3mpeer?[0m?[2m=?[0mServer?[1m}?[0m?[2m:?[0m?[1mpoll?[0m?[2m:?[0m?[1mFramedRead::poll_next?[0m?[2m:?[0m?[1mFramedRead::decode_frame?[0m?[1m{?[0m?[3moffset?[0m?[2m=?[0m23?[1m}?[0m?[2m:?[0m ?[2mh2::frame::headers?[0m?[2m:?[0m loading headers; flags=(0x24: END_HEADERS | PRIORITY)
15:05:16.686 [Thread-5] DEBUG i.pact.plugins.jvm.core.ChildProcess - Plugin protobuf [46038] || ?[2m2023-03-27T09:35:16.685911Z?[0m ?[35mTRACE?[0m tokio-runtime-worker ?[1mserver_handshake?[0m?[2m:?[0m?[1mConnection?[0m?[1m{?[0m?[3mpeer?[0m?[2m=?[0mServer?[1m}?[0m?[2m:?[0m?[1mpoll?[0m?[2m:?[0m?[1mFramedRead::poll_next?[0m?[2m:?[0m?[1mFramedRead::decode_frame?[0m?[1m{?[0m?[3moffset?[0m?[2m=?[0m23?[1m}?[0m?[2m:?[0m?[1mhpack::decode?[0m?[2m:?[0m ?[2mh2::hpack::decoder?[0m?[2m:?[0m decode
15:05:16.686 [Thread-5] DEBUG i.pact.plugins.jvm.core.ChildProcess - Plugin protobuf [46038] || ?[2m2023-03-27T09:35:16.685930Z?[0m ?[35mTRACE?[0m tokio-runtime-worker ?[1mserver_handshake?[0m?[2m:?[0m?[1mConnection?[0m?[1m{?[0m?[3mpeer?[0m?[2m=?[0mServer?[1m}?[0m?[2m:?[0m?[1mpoll?[0m?[2m:?[0m?[1mFramedRead::poll_next?[0m?[2m:?[0m?[1mFramedRead::decode_frame?[0m?[1m{?[0m?[3moffset?[0m?[2m=?[0m23?[1m}?[0m?[2m:?[0m?[1mhpack::decode?[0m?[2m:?[0m ?[2mh2::hpack::decoder?[0m?[2m:?[0m ?[3mrem?[0m?[2m=?[0m9 ?[3mkind?[0m?[2m=?[0mIndexed
15:05:16.686 [Thread-5] DEBUG i.pact.plugins.jvm.core.ChildProcess - Plugin protobuf [46038] || ?[2m2023-03-27T09:35:16.685949Z?[0m ?[35mTRACE?[0m tokio-runtime-worker ?[1mserver_handshake?[0m?[2m:?[0m?[1mConnection?[0m?[1m{?[0m?[3mpeer?[0m?[2m=?[0mServer?[1m}?[0m?[2m:?[0m?[1mpoll?[0m?[2m:?[0m?[1mFramedRead::poll_next?[0m?[2m:?[0m?[1mFramedRead::decode_frame?[0m?[1m{?[0m?[3moffset?[0m?[2m=?[0m23?[1m}?[0m?[2m:?[0m?[1mhpack::decode?[0m?[2m:?[0m ?[2mh2::hpack::decoder?[0m?[2m:?[0m ?[3mrem?[0m?[2m=?[0m8 ?[3mkind?[0m?[2m=?[0mIndexed
15:05:16.686 [Thread-5] DEBUG i.pact.plugins.jvm.core.ChildProcess - Plugin protobuf [46038] || ?[2m2023-03-27T09:35:16.685966Z?[0m ?[35mTRACE?[0m tokio-runtime-worker ?[1mserver_handshake?[0m?[2m:?[0m?[1mConnection?[0m?[1m{?[0m?[3mpeer?[0m?[2m=?[0mServer?[1m}?[0m?[2m:?[0m?[1mpoll?[0m?[2m:?[0m?[1mFramedRead::poll_next?[0m?[2m:?[0m?[1mFramedRead::decode_frame?[0m?[1m{?[0m?[3moffset?[0m?[2m=?[0m23?[1m}?[0m?[2m:?[0m?[1mhpack::decode?[0m?[2m:?[0m ?[2mh2::hpack::decoder?[0m?[2m:?[0m ?[3mrem?[0m?[2m=?[0m7 ?[3mkind?[0m?[2m=?[0mIndexed
15:05:16.686 [Thread-5] DEBUG i.pact.plugins.jvm.core.ChildProcess - Plugin protobuf [46038] || ?[2m2023-03-27T09:35:16.685984Z?[0m ?[35mTRACE?[0m tokio-runtime-worker ?[1mserver_handshake?[0m?[2m:?[0m?[1mConnection?[0m?[1m{?[0m?[3mpeer?[0m?[2m=?[0mServer?[1m}?[0m?[2m:?[0m?[1mpoll?[0m?[2m:?[0m?[1mFramedRead::poll_next?[0m?[2m:?[0m?[1mFramedRead::decode_frame?[0m?[1m{?[0m?[3moffset?[0m?[2m=?[0m23?[1m}?[0m?[2m:?[0m?[1mhpack::decode?[0m?[2m:?[0m ?[2mh2::hpack::decoder?[0m?[2m:?[0m ?[3mrem?[0m?[2m=?[0m6 ?[3mkind?[0m?[2m=?[0mIndexed
15:05:16.686 [Thread-5] DEBUG i.pact.plugins.jvm.core.ChildProcess - Plugin protobuf [46038] || ?[2m2023-03-27T09:35:16.686000Z?[0m ?[35mTRACE?[0m tokio-runtime-worker ?[1mserver_handshake?[0m?[2m:?[0m?[1mConnection?[0m?[1m{?[0m?[3mpeer?[0m?[2m=?[0mServer?[1m}?[0m?[2m:?[0m?[1mpoll?[0m?[2m:?[0m?[1mFramedRead::poll_next?[0m?[2m:?[0m?[1mFramedRead::decode_frame?[0m?[1m{?[0m?[3moffset?[0m?[2m=?[0m23?[1m}?[0m?[2m:?[0m?[1mhpack::decode?[0m?[2m:?[0m ?[2mh2::hpack::decoder?[0m?[2m:?[0m ?[3mrem?[0m?[2m=?[0m5 ?[3mkind?[0m?[2m=?[0mIndexed
15:05:16.686 [Thread-5] DEBUG i.pact.plugins.jvm.core.ChildProcess - Plugin protobuf [46038] || ?[2m2023-03-27T09:35:16.686017Z?[0m ?[35mTRACE?[0m tokio-runtime-worker ?[1mserver_handshake?[0m?[2m:?[0m?[1mConnection?[0m?[1m{?[0m?[3mpeer?[0m?[2m=?[0mServer?[1m}?[0m?[2m:?[0m?[1mpoll?[0m?[2m:?[0m?[1mFramedRead::poll_next?[0m?[2m:?[0m?[1mFramedRead::decode_frame?[0m?[1m{?[0m?[3moffset?[0m?[2m=?[0m23?[1m}?[0m?[2m:?[0m?[1mhpack::decode?[0m?[2m:?[0m ?[2mh2::hpack::decoder?[0m?[2m:?[0m ?[3mrem?[0m?[2m=?[0m4 ?[3mkind?[0m?[2m=?[0mIndexed
15:05:16.686 [Thread-5] DEBUG i.pact.plugins.jvm.core.ChildProcess - Plugin protobuf [46038] || ?[2m2023-03-27T09:35:16.686062Z?[0m ?[35mTRACE?[0m tokio-runtime-worker ?[1mserver_handshake?[0m?[2m:?[0m?[1mConnection?[0m?[1m{?[0m?[3mpeer?[0m?[2m=?[0mServer?[1m}?[0m?[2m:?[0m?[1mpoll?[0m?[2m:?[0m?[1mFramedRead::poll_next?[0m?[2m:?[0m?[1mFramedRead::decode_frame?[0m?[1m{?[0m?[3moffset?[0m?[2m=?[0m23?[1m}?[0m?[2m:?[0m?[1mhpack::decode?[0m?[2m:?[0m ?[2mh2::hpack::decoder?[0m?[2m:?[0m ?[3mrem?[0m?[2m=?[0m3 ?[3mkind?[0m?[2m=?[0mIndexed
15:05:16.686 [Thread-5] DEBUG i.pact.plugins.jvm.core.ChildProcess - Plugin protobuf [46038] || ?[2m2023-03-27T09:35:16.686083Z?[0m ?[35mTRACE?[0m tokio-runtime-worker ?[1mserver_handshake?[0m?[2m:?[0m?[1mConnection?[0m?[1m{?[0m?[3mpeer?[0m?[2m=?[0mServer?[1m}?[0m?[2m:?[0m?[1mpoll?[0m?[2m:?[0m?[1mFramedRead::poll_next?[0m?[2m:?[0m?[1mFramedRead::decode_frame?[0m?[1m{?[0m?[3moffset?[0m?[2m=?[0m23?[1m}?[0m?[2m:?[0m?[1mhpack::decode?[0m?[2m:?[0m ?[2mh2::hpack::decoder?[0m?[2m:?[0m ?[3mrem?[0m?[2m=?[0m2 ?[3mkind?[0m?[2m=?[0mIndexed
15:05:16.686 [Thread-5] DEBUG i.pact.plugins.jvm.core.ChildProcess - Plugin protobuf [46038] || ?[2m2023-03-27T09:35:16.686101Z?[0m ?[35mTRACE?[0m tokio-runtime-worker ?[1mserver_handshake?[0m?[2m:?[0m?[1mConnection?[0m?[1m{?[0m?[3mpeer?[0m?[2m=?[0mServer?[1m}?[0m?[2m:?[0m?[1mpoll?[0m?[2m:?[0m?[1mFramedRead::poll_next?[0m?[2m:?[0m?[1mFramedRead::decode_frame?[0m?[1m{?[0m?[3moffset?[0m?[2m=?[0m23?[1m}?[0m?[2m:?[0m?[1mhpack::decode?[0m?[2m:?[0m ?[2mh2::hpack::decoder?[0m?[2m:?[0m ?[3mrem?[0m?[2m=?[0m1 ?[3mkind?[0m?[2m=?[0mIndexed
15:05:16.686 [Thread-5] DEBUG i.pact.plugins.jvm.core.ChildProcess - Plugin protobuf [46038] || ?[2m2023-03-27T09:35:16.686135Z?[0m ?[34mDEBUG?[0m tokio-runtime-worker ?[1mserver_handshake?[0m?[2m:?[0m?[1mConnection?[0m?[1m{?[0m?[3mpeer?[0m?[2m=?[0mServer?[1m}?[0m?[2m:?[0m?[1mpoll?[0m?[2m:?[0m?[1mFramedRead::poll_next?[0m?[2m:?[0m ?[2mh2::codec::framed_read?[0m?[2m:?[0m received ?[3mframe?[0m?[2m=?[0mHeaders { stream_id: StreamId(13), flags: (0x24: END_HEADERS | PRIORITY), stream_dep: StreamDependency { dependency_id: StreamId(0), weight: 15, is_exclusive: false } }
15:05:16.686 [Thread-5] DEBUG i.pact.plugins.jvm.core.ChildProcess - Plugin protobuf [46038] || ?[2m2023-03-27T09:35:16.686167Z?[0m ?[35mTRACE?[0m tokio-runtime-worker ?[1mserver_handshake?[0m?[2m:?[0m?[1mConnection?[0m?[1m{?[0m?[3mpeer?[0m?[2m=?[0mServer?[1m}?[0m?[2m:?[0m?[1mpoll?[0m?[2m:?[0m ?[2mh2::proto::connection?[0m?[2m:?[0m recv HEADERS ?[3mframe?[0m?[2m=?[0mHeaders { stream_id: StreamId(13), flags: (0x24: END_HEADERS | PRIORITY), stream_dep: StreamDependency { dependency_id: StreamId(0), weight: 15, is_exclusive: false } }
15:05:16.686 [Thread-5] DEBUG i.pact.plugins.jvm.core.ChildProcess - Plugin protobuf [46038] || ?[2m2023-03-27T09:35:16.686188Z?[0m ?[35mTRACE?[0m tokio-runtime-worker ?[1mserver_handshake?[0m?[2m:?[0m?[1mConnection?[0m?[1m{?[0m?[3mpeer?[0m?[2m=?[0mServer?[1m}?[0m?[2m:?[0m?[1mpoll?[0m?[2m:?[0m ?[2mh2::proto::streams::flow_control?[0m?[2m:?[0m inc_window; sz=1048576; old=0; new=1048576
15:05:16.686 [Thread-5] DEBUG i.pact.plugins.jvm.core.ChildProcess - Plugin protobuf [46038] || ?[2m2023-03-27T09:35:16.686203Z?[0m ?[35mTRACE?[0m tokio-runtime-worker ?[1mserver_handshake?[0m?[2m:?[0m?[1mConnection?[0m?[1m{?[0m?[3mpeer?[0m?[2m=?[0mServer?[1m}?[0m?[2m:?[0m?[1mpoll?[0m?[2m:?[0m ?[2mh2::proto::streams::flow_control?[0m?[2m:?[0m inc_window; sz=1048576; old=0; new=1048576
15:05:16.686 [Thread-5] DEBUG i.pact.plugins.jvm.core.ChildProcess - Plugin protobuf [46038] || ?[2m2023-03-27T09:35:16.686219Z?[0m ?[35mTRACE?[0m tokio-runtime-worker ?[1mserver_handshake?[0m?[2m:?[0m?[1mConnection?[0m?[1m{?[0m?[3mpeer?[0m?[2m=?[0mServer?[1m}?[0m?[2m:?[0m?[1mpoll?[0m?[2m:?[0m ?[2mh2::proto::streams::streams?[0m?[2m:?[0m recv_headers; stream=StreamId(13); state=State { inner: Idle }
15:05:16.686 [Thread-5] DEBUG i.pact.plugins.jvm.core.ChildProcess - Plugin protobuf [46038] || ?[2m2023-03-27T09:35:16.686235Z?[0m ?[35mTRACE?[0m tokio-runtime-worker ?[1mserver_handshake?[0m?[2m:?[0m?[1mConnection?[0m?[1m{?[0m?[3mpeer?[0m?[2m=?[0mServer?[1m}?[0m?[2m:?[0m?[1mpoll?[0m?[2m:?[0m ?[2mh2::proto::streams::recv?[0m?[2m:?[0m opening stream; init_window=1048576
15:05:16.686 [Thread-5] DEBUG i.pact.plugins.jvm.core.ChildProcess - Plugin protobuf [46038] || ?[2m2023-03-27T09:35:16.686255Z?[0m ?[35mTRACE?[0m tokio-runtime-worker ?[1mserver_handshake?[0m?[2m:?[0m?[1mConnection?[0m?[1m{?[0m?[3mpeer?[0m?[2m=?[0mServer?[1m}?[0m?[2m:?[0m?[1mpoll?[0m?[2m:?[0m ?[2mh2::proto::streams::store?[0m?[2m:?[0m Queue::push
15:05:16.686 [Thread-5] DEBUG i.pact.plugins.jvm.core.ChildProcess - Plugin protobuf [46038] || ?[2m2023-03-27T09:35:16.686269Z?[0m ?[35mTRACE?[0m tokio-runtime-worker ?[1mserver_handshake?[0m?[2m:?[0m?[1mConnection?[0m?[1m{?[0m?[3mpeer?[0m?[2m=?[0mServer?[1m}?[0m?[2m:?[0m?[1mpoll?[0m?[2m:?[0m ?[2mh2::proto::streams::store?[0m?[2m:?[0m  -> first entry
15:05:16.686 [Thread-5] DEBUG i.pact.plugins.jvm.core.ChildProcess - Plugin protobuf [46038] || ?[2m2023-03-27T09:35:16.686282Z?[0m ?[35mTRACE?[0m tokio-runtime-worker ?[1mserver_handshake?[0m?[2m:?[0m?[1mConnection?[0m?[1m{?[0m?[3mpeer?[0m?[2m=?[0mServer?[1m}?[0m?[2m:?[0m?[1mpoll?[0m?[2m:?[0m ?[2mh2::proto::streams::counts?[0m?[2m:?[0m transition_after; stream=StreamId(13); state=State { inner: Open { local: AwaitingHeaders, remote: Streaming } }; is_closed=false; pending_send_empty=true; buffered_send_data=0; num_recv=1; num_send=0
15:05:16.686 [Thread-5] DEBUG i.pact.plugins.jvm.core.ChildProcess - Plugin protobuf [46038] || ?[2m2023-03-27T09:35:16.686322Z?[0m ?[35mTRACE?[0m tokio-runtime-worker ?[1mserver_handshake?[0m?[2m:?[0m?[1mConnection?[0m?[1m{?[0m?[3mpeer?[0m?[2m=?[0mServer?[1m}?[0m?[2m:?[0m?[1mpoll?[0m?[2m:?[0m?[1mFramedRead::poll_next?[0m?[2m:?[0m ?[2mh2::codec::framed_read?[0m?[2m:?[0m poll
15:05:16.686 [Thread-5] DEBUG i.pact.plugins.jvm.core.ChildProcess - Plugin protobuf [46038] || ?[2m2023-03-27T09:35:16.686337Z?[0m ?[35mTRACE?[0m tokio-runtime-worker ?[1mserver_handshake?[0m?[2m:?[0m?[1mConnection?[0m?[1m{?[0m?[3mpeer?[0m?[2m=?[0mServer?[1m}?[0m?[2m:?[0m?[1mpoll?[0m?[2m:?[0m?[1mFramedRead::poll_next?[0m?[2m:?[0m ?[2mtokio_util::codec::framed_impl?[0m?[2m:?[0m attempting to decode a frame
15:05:16.686 [Thread-5] DEBUG i.pact.plugins.jvm.core.ChildProcess - Plugin protobuf [46038] || ?[2m2023-03-27T09:35:16.686351Z?[0m ?[35mTRACE?[0m tokio-runtime-worker ?[1mserver_handshake?[0m?[2m:?[0m?[1mConnection?[0m?[1m{?[0m?[3mpeer?[0m?[2m=?[0mServer?[1m}?[0m?[2m:?[0m?[1mpoll?[0m?[2m:?[0m?[1mFramedRead::poll_next?[0m?[2m:?[0m ?[2mtokio_util::codec::framed_impl?[0m?[2m:?[0m frame decoded from buffer
15:05:16.686 [Thread-5] DEBUG i.pact.plugins.jvm.core.ChildProcess - Plugin protobuf [46038] || ?[2m2023-03-27T09:35:16.686364Z?[0m ?[35mTRACE?[0m tokio-runtime-worker ?[1mserver_handshake?[0m?[2m:?[0m?[1mConnection?[0m?[1m{?[0m?[3mpeer?[0m?[2m=?[0mServer?[1m}?[0m?[2m:?[0m?[1mpoll?[0m?[2m:?[0m?[1mFramedRead::poll_next?[0m?[2m:?[0m ?[2mh2::codec::framed_read?[0m?[2m:?[0m ?[3mread.bytes?[0m?[2m=?[0m52
15:05:16.686 [Thread-5] DEBUG i.pact.plugins.jvm.core.ChildProcess - Plugin protobuf [46038] || ?[2m2023-03-27T09:35:16.686386Z?[0m ?[35mTRACE?[0m tokio-runtime-worker ?[1mserver_handshake?[0m?[2m:?[0m?[1mConnection?[0m?[1m{?[0m?[3mpeer?[0m?[2m=?[0mServer?[1m}?[0m?[2m:?[0m?[1mpoll?[0m?[2m:?[0m?[1mFramedRead::poll_next?[0m?[2m:?[0m?[1mFramedRead::decode_frame?[0m?[1m{?[0m?[3moffset?[0m?[2m=?[0m52?[1m}?[0m?[2m:?[0m ?[2mh2::codec::framed_read?[0m?[2m:?[0m decoding frame from 52B
15:05:16.686 [Thread-5] DEBUG i.pact.plugins.jvm.core.ChildProcess - Plugin protobuf [46038] || ?[2m2023-03-27T09:35:16.686404Z?[0m ?[35mTRACE?[0m tokio-runtime-worker ?[1mserver_handshake?[0m?[2m:?[0m?[1mConnection?[0m?[1m{?[0m?[3mpeer?[0m?[2m=?[0mServer?[1m}?[0m?[2m:?[0m?[1mpoll?[0m?[2m:?[0m?[1mFramedRead::poll_next?[0m?[2m:?[0m?[1mFramedRead::decode_frame?[0m?[1m{?[0m?[3moffset?[0m?[2m=?[0m52?[1m}?[0m?[2m:?[0m ?[2mh2::codec::framed_read?[0m?[2m:?[0m ?[3mframe.kind?[0m?[2m=?[0mData
15:05:16.686 [Thread-5] DEBUG i.pact.plugins.jvm.core.ChildProcess - Plugin protobuf [46038] || ?[2m2023-03-27T09:35:16.686473Z?[0m ?[34mDEBUG?[0m tokio-runtime-worker ?[1mserver_handshake?[0m?[2m:?[0m?[1mConnection?[0m?[1m{?[0m?[3mpeer?[0m?[2m=?[0mServer?[1m}?[0m?[2m:?[0m?[1mpoll?[0m?[2m:?[0m?[1mFramedRead::poll_next?[0m?[2m:?[0m ?[2mh2::codec::framed_read?[0m?[2m:?[0m received ?[3mframe?[0m?[2m=?[0mData { stream_id: StreamId(13), flags: (0x1: END_STREAM) }
15:05:16.686 [Thread-5] DEBUG i.pact.plugins.jvm.core.ChildProcess - Plugin protobuf [46038] || ?[2m2023-03-27T09:35:16.686507Z?[0m ?[35mTRACE?[0m tokio-runtime-worker ?[1mserver_handshake?[0m?[2m:?[0m?[1mConnection?[0m?[1m{?[0m?[3mpeer?[0m?[2m=?[0mServer?[1m}?[0m?[2m:?[0m?[1mpoll?[0m?[2m:?[0m ?[2mh2::proto::connection?[0m?[2m:?[0m recv DATA ?[3mframe?[0m?[2m=?[0mData { stream_id: StreamId(13), flags: (0x1: END_STREAM) }
15:05:16.686 [Thread-5] DEBUG i.pact.plugins.jvm.core.ChildProcess - Plugin protobuf [46038] || ?[2m2023-03-27T09:35:16.686544Z?[0m ?[35mTRACE?[0m tokio-runtime-worker ?[1mserver_handshake?[0m?[2m:?[0m?[1mConnection?[0m?[1m{?[0m?[3mpeer?[0m?[2m=?[0mServer?[1m}?[0m?[2m:?[0m?[1mpoll?[0m?[2m:?[0m ?[2mh2::proto::streams::recv?[0m?[2m:?[0m recv_data; size=43; connection=1041880; stream=1048576
15:05:16.686 [Thread-5] DEBUG i.pact.plugins.jvm.core.ChildProcess - Plugin protobuf [46038] || ?[2m2023-03-27T09:35:16.686564Z?[0m ?[35mTRACE?[0m tokio-runtime-worker ?[1mserver_handshake?[0m?[2m:?[0m?[1mConnection?[0m?[1m{?[0m?[3mpeer?[0m?[2m=?[0mServer?[1m}?[0m?[2m:?[0m?[1mpoll?[0m?[2m:?[0m ?[2mh2::proto::streams::flow_control?[0m?[2m:?[0m send_data; sz=43; window=1041880; available=1048576
15:05:16.686 [Thread-5] DEBUG i.pact.plugins.jvm.core.ChildProcess - Plugin protobuf [46038] || ?[2m2023-03-27T09:35:16.686580Z?[0m ?[35mTRACE?[0m tokio-runtime-worker ?[1mserver_handshake?[0m?[2m:?[0m?[1mConnection?[0m?[1m{?[0m?[3mpeer?[0m?[2m=?[0mServer?[1m}?[0m?[2m:?[0m?[1mpoll?[0m?[2m:?[0m ?[2mh2::proto::streams::state?[0m?[2m:?[0m recv_close: Open => HalfClosedRemote(AwaitingHeaders)
15:05:16.686 [Thread-5] DEBUG i.pact.plugins.jvm.core.ChildProcess - Plugin protobuf [46038] || ?[2m2023-03-27T09:35:16.686593Z?[0m ?[35mTRACE?[0m tokio-runtime-worker ?[1mserver_handshake?[0m?[2m:?[0m?[1mConnection?[0m?[1m{?[0m?[3mpeer?[0m?[2m=?[0mServer?[1m}?[0m?[2m:?[0m?[1mpoll?[0m?[2m:?[0m ?[2mh2::proto::streams::flow_control?[0m?[2m:?[0m send_data; sz=43; window=1048576; available=1048576
15:05:16.686 [Thread-5] DEBUG i.pact.plugins.jvm.core.ChildProcess - Plugin protobuf [46038] || ?[2m2023-03-27T09:35:16.686606Z?[0m ?[35mTRACE?[0m tokio-runtime-worker ?[1mserver_handshake?[0m?[2m:?[0m?[1mConnection?[0m?[1m{?[0m?[3mpeer?[0m?[2m=?[0mServer?[1m}?[0m?[2m:?[0m?[1mpoll?[0m?[2m:?[0m ?[2mh2::proto::streams::counts?[0m?[2m:?[0m transition_after; stream=StreamId(13); state=State { inner: HalfClosedRemote(AwaitingHeaders) }; is_closed=false; pending_send_empty=true; buffered_send_data=0; num_recv=1; num_send=0
15:05:16.686 [Thread-5] DEBUG i.pact.plugins.jvm.core.ChildProcess - Plugin protobuf [46038] || ?[2m2023-03-27T09:35:16.686644Z?[0m ?[35mTRACE?[0m tokio-runtime-worker ?[1mserver_handshake?[0m?[2m:?[0m?[1mConnection?[0m?[1m{?[0m?[3mpeer?[0m?[2m=?[0mServer?[1m}?[0m?[2m:?[0m?[1mpoll?[0m?[2m:?[0m?[1mFramedRead::poll_next?[0m?[2m:?[0m ?[2mh2::codec::framed_read?[0m?[2m:?[0m poll
15:05:16.686 [Thread-5] DEBUG i.pact.plugins.jvm.core.ChildProcess - Plugin protobuf [46038] || ?[2m2023-03-27T09:35:16.686662Z?[0m ?[35mTRACE?[0m tokio-runtime-worker ?[1mserver_handshake?[0m?[2m:?[0m?[1mConnection?[0m?[1m{?[0m?[3mpeer?[0m?[2m=?[0mServer?[1m}?[0m?[2m:?[0m?[1mpoll?[0m?[2m:?[0m?[1mFramedRead::poll_next?[0m?[2m:?[0m ?[2mtokio_util::codec::framed_impl?[0m?[2m:?[0m attempting to decode a frame
15:05:16.686 [Thread-5] DEBUG i.pact.plugins.jvm.core.ChildProcess - Plugin protobuf [46038] || ?[2m2023-03-27T09:35:16.686722Z?[0m ?[35mTRACE?[0m tokio-runtime-worker ?[1mserver_handshake?[0m?[2m:?[0m?[1mConnection?[0m?[1m{?[0m?[3mpeer?[0m?[2m=?[0mServer?[1m}?[0m?[2m:?[0m?[1mpoll?[0m?[2m:?[0m ?[2mh2::proto::streams::prioritize?[0m?[2m:?[0m poll_complete
15:05:16.686 [Thread-5] DEBUG i.pact.plugins.jvm.core.ChildProcess - Plugin protobuf [46038] || ?[2m2023-03-27T09:35:16.686738Z?[0m ?[35mTRACE?[0m tokio-runtime-worker ?[1mserver_handshake?[0m?[2m:?[0m?[1mConnection?[0m?[1m{?[0m?[3mpeer?[0m?[2m=?[0mServer?[1m}?[0m?[2m:?[0m?[1mpoll?[0m?[2m:?[0m ?[2mh2::proto::streams::prioritize?[0m?[2m:?[0m schedule_pending_open
15:05:16.686 [Thread-5] DEBUG i.pact.plugins.jvm.core.ChildProcess - Plugin protobuf [46038] || ?[2m2023-03-27T09:35:16.686770Z?[0m ?[35mTRACE?[0m tokio-runtime-worker ?[1mserver_handshake?[0m?[2m:?[0m?[1mConnection?[0m?[1m{?[0m?[3mpeer?[0m?[2m=?[0mServer?[1m}?[0m?[2m:?[0m?[1mpoll?[0m?[2m:?[0m?[1mFramedWrite::flush?[0m?[2m:?[0m ?[2mh2::codec::framed_write?[0m?[2m:?[0m flushing buffer
15:05:16.687 [Thread-5] DEBUG i.pact.plugins.jvm.core.ChildProcess - Plugin protobuf [46038] || ?[2m2023-03-27T09:35:16.686816Z?[0m ?[35mTRACE?[0m tokio-runtime-worker ?[2mh2::proto::streams::streams?[0m?[2m:?[0m next_incoming; id=StreamId(13), state=State { inner: HalfClosedRemote(AwaitingHeaders) }
15:05:16.687 [Thread-5] DEBUG i.pact.plugins.jvm.core.ChildProcess - Plugin protobuf [46038] || ?[2m2023-03-27T09:35:16.686830Z?[0m ?[35mTRACE?[0m tokio-runtime-worker ?[2mh2::server?[0m?[2m:?[0m received incoming
15:05:16.687 [Thread-5] DEBUG i.pact.plugins.jvm.core.ChildProcess - Plugin protobuf [46038] || ?[2m2023-03-27T09:35:16.686840Z?[0m ?[35mTRACE?[0m tokio-runtime-worker ?[2mhyper::proto::h2::server?[0m?[2m:?[0m incoming request
15:05:16.687 [Thread-5] DEBUG i.pact.plugins.jvm.core.ChildProcess - Plugin protobuf [46038] || ?[2m2023-03-27T09:35:16.686905Z?[0m ?[34mDEBUG?[0m tokio-runtime-worker ?[1mrequest?[0m?[1m{?[0m?[3mmethod?[0m?[2m=?[0mPOST ?[3muri?[0m?[2m=?[0mhttp://[::1]:53788/io.pact.plugin.PactPlugin/ShutdownMockServer ?[3mversion?[0m?[2m=?[0mHTTP/2.0 ?[3mheaders?[0m?[2m=?[0m{"content-type": "application/grpc", "te": "trailers", "user-agent": "grpc-java-netty/1.49.0", "grpc-accept-encoding": "gzip", "authorization": Sensitive}?[1m}?[0m?[2m:?[0m ?[2mtower_http::trace::on_request?[0m?[2m:?[0m started processing request
15:05:16.687 [Thread-5] DEBUG i.pact.plugins.jvm.core.ChildProcess - Plugin protobuf [46038] || ?[2m2023-03-27T09:35:16.686935Z?[0m ?[35mTRACE?[0m tokio-runtime-worker ?[1mserver_handshake?[0m?[2m:?[0m?[1mConnection?[0m?[1m{?[0m?[3mpeer?[0m?[2m=?[0mServer?[1m}?[0m?[2m:?[0m?[1mpoll?[0m?[2m:?[0m ?[2mh2::proto::connection?[0m?[2m:?[0m ?[3mconnection.state?[0m?[2m=?[0mOpen
15:05:16.687 [Thread-5] DEBUG i.pact.plugins.jvm.core.ChildProcess - Plugin protobuf [46038] || ?[2m2023-03-27T09:35:16.686996Z?[0m ?[35mTRACE?[0m tokio-runtime-worker ?[1mserver_handshake?[0m?[2m:?[0m?[1mConnection?[0m?[1m{?[0m?[3mpeer?[0m?[2m=?[0mServer?[1m}?[0m?[2m:?[0m?[1mpoll?[0m?[2m:?[0m?[1mFramedRead::poll_next?[0m?[2m:?[0m ?[2mh2::codec::framed_read?[0m?[2m:?[0m poll
15:05:16.687 [Thread-5] DEBUG i.pact.plugins.jvm.core.ChildProcess - Plugin protobuf [46038] || ?[2m2023-03-27T09:35:16.687032Z?[0m ?[35mTRACE?[0m tokio-runtime-worker ?[1mserver_handshake?[0m?[2m:?[0m?[1mConnection?[0m?[1m{?[0m?[3mpeer?[0m?[2m=?[0mServer?[1m}?[0m?[2m:?[0m?[1mpoll?[0m?[2m:?[0m ?[2mh2::proto::streams::prioritize?[0m?[2m:?[0m poll_complete
15:05:16.687 [Thread-5] DEBUG i.pact.plugins.jvm.core.ChildProcess - Plugin protobuf [46038] || ?[2m2023-03-27T09:35:16.687046Z?[0m ?[35mTRACE?[0m tokio-runtime-worker ?[1mserver_handshake?[0m?[2m:?[0m?[1mConnection?[0m?[1m{?[0m?[3mpeer?[0m?[2m=?[0mServer?[1m}?[0m?[2m:?[0m?[1mpoll?[0m?[2m:?[0m ?[2mh2::proto::streams::prioritize?[0m?[2m:?[0m schedule_pending_open
15:05:16.687 [Thread-5] DEBUG i.pact.plugins.jvm.core.ChildProcess - Plugin protobuf [46038] || ?[2m2023-03-27T09:35:16.687109Z?[0m ?[35mTRACE?[0m tokio-runtime-worker ?[1mserver_handshake?[0m?[2m:?[0m?[1mConnection?[0m?[1m{?[0m?[3mpeer?[0m?[2m=?[0mServer?[1m}?[0m?[2m:?[0m?[1mpoll?[0m?[2m:?[0m?[1mFramedWrite::flush?[0m?[2m:?[0m ?[2mh2::codec::framed_write?[0m?[2m:?[0m flushing buffer
15:05:16.687 [Thread-5] DEBUG i.pact.plugins.jvm.core.ChildProcess - Plugin protobuf [46038] || ?[2m2023-03-27T09:35:16.687155Z?[0m ?[35mTRACE?[0m tokio-runtime-worker ?[1mrequest?[0m?[1m{?[0m?[3mmethod?[0m?[2m=?[0mPOST ?[3muri?[0m?[2m=?[0mhttp://[::1]:53788/io.pact.plugin.PactPlugin/ShutdownMockServer ?[3mversion?[0m?[2m=?[0mHTTP/2.0 ?[3mheaders?[0m?[2m=?[0m{"content-type": "application/grpc", "te": "trailers", "user-agent": "grpc-java-netty/1.49.0", "grpc-accept-encoding": "gzip", "authorization": Sensitive}?[1m}?[0m?[2m:?[0m ?[2mh2::proto::streams::recv?[0m?[2m:?[0m release_capacity; size=43
15:05:16.687 [Thread-5] DEBUG i.pact.plugins.jvm.core.ChildProcess - Plugin protobuf [46038] || ?[2m2023-03-27T09:35:16.687172Z?[0m ?[35mTRACE?[0m tokio-runtime-worker ?[1mrequest?[0m?[1m{?[0m?[3mmethod?[0m?[2m=?[0mPOST ?[3muri?[0m?[2m=?[0mhttp://[::1]:53788/io.pact.plugin.PactPlugin/ShutdownMockServer ?[3mversion?[0m?[2m=?[0mHTTP/2.0 ?[3mheaders?[0m?[2m=?[0m{"content-type": "application/grpc", "te": "trailers", "user-agent": "grpc-java-netty/1.49.0", "grpc-accept-encoding": "gzip", "authorization": Sensitive}?[1m}?[0m?[2m:?[0m ?[2mh2::proto::streams::recv?[0m?[2m:?[0m release_connection_capacity; size=43, connection in_flight_data=43
15:05:16.687 [Thread-5] DEBUG i.pact.plugins.jvm.core.ChildProcess - Plugin protobuf [46038] || ?[2m2023-03-27T09:35:16.687192Z?[0m ?[35mTRACE?[0m tokio-runtime-worker ?[1mrequest?[0m?[1m{?[0m?[3mmethod?[0m?[2m=?[0mPOST ?[3muri?[0m?[2m=?[0mhttp://[::1]:53788/io.pact.plugin.PactPlugin/ShutdownMockServer ?[3mversion?[0m?[2m=?[0mHTTP/2.0 ?[3mheaders?[0m?[2m=?[0m{"content-type": "application/grpc", "te": "trailers", "user-agent": "grpc-java-netty/1.49.0", "grpc-accept-encoding": "gzip", "authorization": Sensitive}?[1m}?[0m?[2m:?[0m ?[2mh2::proto::streams::streams?[0m?[2m:?[0m drop_stream_ref; stream=Stream { id: StreamId(13), state: State { inner: HalfClosedRemote(AwaitingHeaders) }, is_counted: true, ref_count: 2, next_pending_send: None, is_pending_send: false, send_flow: FlowControl { window_size: Window(1048576), available: Window(0) }, requested_send_capacity: 0, buffered_send_data: 0, send_task: None, pending_send: Deque { indices: None }, next_pending_send_capacity: None, is_pending_send_capacity: false, send_capacity_inc: false, next_open: None, is_pending_open: false, is_pending_push: false, next_pending_accept: None, is_pending_accept: false, recv_flow: FlowControl { window_size: Window(1048533), available: Window(1048576) }, in_flight_recv_data: 0, next_window_update: None, is_pending_window_update: false, reset_at: None, next_reset_expire: None, pending_recv: Deque { indices: None }, recv_task: None, pending_push_promises: Queue { indices: None, _p: PhantomData }, content_length: Omitted }
15:05:16.687 [Thread-5] DEBUG i.pact.plugins.jvm.core.ChildProcess - Plugin protobuf [46038] || ?[2m2023-03-27T09:35:16.687221Z?[0m ?[35mTRACE?[0m tokio-runtime-worker ?[1mrequest?[0m?[1m{?[0m?[3mmethod?[0m?[2m=?[0mPOST ?[3muri?[0m?[2m=?[0mhttp://[::1]:53788/io.pact.plugin.PactPlugin/ShutdownMockServer ?[3mversion?[0m?[2m=?[0mHTTP/2.0 ?[3mheaders?[0m?[2m=?[0m{"content-type": "application/grpc", "te": "trailers", "user-agent": "grpc-java-netty/1.49.0", "grpc-accept-encoding": "gzip", "authorization": Sensitive}?[1m}?[0m?[2m:?[0m ?[2mh2::proto::streams::counts?[0m?[2m:?[0m transition_after; stream=StreamId(13); state=State { inner: HalfClosedRemote(AwaitingHeaders) }; is_closed=false; pending_send_empty=true; buffered_send_data=0; num_recv=1; num_send=0
15:05:16.687 [Thread-5] DEBUG i.pact.plugins.jvm.core.ChildProcess - Plugin protobuf [46038] || ?[2m2023-03-27T09:35:16.687268Z?[0m ?[34mDEBUG?[0m tokio-runtime-worker ?[1mrequest?[0m?[1m{?[0m?[3mmethod?[0m?[2m=?[0mPOST ?[3muri?[0m?[2m=?[0mhttp://[::1]:53788/io.pact.plugin.PactPlugin/ShutdownMockServer ?[3mversion?[0m?[2m=?[0mHTTP/2.0 ?[3mheaders?[0m?[2m=?[0m{"content-type": "application/grpc", "te": "trailers", "user-agent": "grpc-java-netty/1.49.0", "grpc-accept-encoding": "gzip", "authorization": Sensitive}?[1m}?[0m?[2m:?[0m ?[2mtower_http::trace::on_response?[0m?[2m:?[0m finished processing request ?[3mlatency?[0m?[2m=?[0m0 ms
15:05:16.687 [Thread-5] DEBUG i.pact.plugins.jvm.core.ChildProcess - Plugin protobuf [46038] || ?[2m2023-03-27T09:35:16.687316Z?[0m ?[35mTRACE?[0m tokio-runtime-worker ?[2mh2::proto::streams::send?[0m?[2m:?[0m send_headers; frame=Headers { stream_id: StreamId(13), flags: (0x4: END_HEADERS) }; init_window=1048576
15:05:16.687 [Thread-5] DEBUG i.pact.plugins.jvm.core.ChildProcess - Plugin protobuf [46038] || ?[2m2023-03-27T09:35:16.687345Z?[0m ?[35mTRACE?[0m tokio-runtime-worker ?[1mPrioritize::queue_frame?[0m?[1m{?[0m?[3mstream.id?[0m?[2m=?[0mStreamId(13)?[1m}?[0m?[2m:?[0m ?[2mh2::proto::streams::prioritize?[0m?[2m:?[0m schedule_send ?[3mstream.id?[0m?[2m=?[0mStreamId(13)
15:05:16.687 [Thread-5] DEBUG i.pact.plugins.jvm.core.ChildProcess - Plugin protobuf [46038] || ?[2m2023-03-27T09:35:16.687359Z?[0m ?[35mTRACE?[0m tokio-runtime-worker ?[1mPrioritize::queue_frame?[0m?[1m{?[0m?[3mstream.id?[0m?[2m=?[0mStreamId(13)?[1m}?[0m?[2m:?[0m ?[2mh2::proto::streams::store?[0m?[2m:?[0m Queue::push
15:05:16.687 [Thread-5] DEBUG i.pact.plugins.jvm.core.ChildProcess - Plugin protobuf [46038] || ?[2m2023-03-27T09:35:16.687371Z?[0m ?[35mTRACE?[0m tokio-runtime-worker ?[1mPrioritize::queue_frame?[0m?[1m{?[0m?[3mstream.id?[0m?[2m=?[0mStreamId(13)?[1m}?[0m?[2m:?[0m ?[2mh2::proto::streams::store?[0m?[2m:?[0m  -> first entry
15:05:16.687 [Thread-5] DEBUG i.pact.plugins.jvm.core.ChildProcess - Plugin protobuf [46038] || ?[2m2023-03-27T09:35:16.687391Z?[0m ?[35mTRACE?[0m tokio-runtime-worker ?[2mh2::proto::streams::counts?[0m?[2m:?[0m transition_after; stream=StreamId(13); state=State { inner: HalfClosedRemote(Streaming) }; is_closed=false; pending_send_empty=false; buffered_send_data=0; num_recv=1; num_send=0
15:05:16.687 [Thread-5] DEBUG i.pact.plugins.jvm.core.ChildProcess - Plugin protobuf [46038] || ?[2m2023-03-27T09:35:16.687431Z?[0m ?[35mTRACE?[0m tokio-runtime-worker ?[1mreserve_capacity?[0m?[1m{?[0m?[3mstream.id?[0m?[2m=?[0mStreamId(13) ?[3mrequested?[0m?[2m=?[0m1 ?[3meffective?[0m?[2m=?[0m1 ?[3mcurr?[0m?[2m=?[0m0?[1m}?[0m?[2m:?[0m?[1mtry_assign_capacity?[0m?[1m{?[0m?[3mstream.id?[0m?[2m=?[0mStreamId(13)?[1m}?[0m?[2m:?[0m ?[2mh2::proto::streams::prioritize?[0m?[2m:?[0m ?[3mrequested?[0m?[2m=?[0m1 ?[3madditional?[0m?[2m=?[0m1 ?[3mbuffered?[0m?[2m=?[0m0 ?[3mwindow?[0m?[2m=?[0m1048576 ?[3mconn?[0m?[2m=?[0m1045450
15:05:16.687 [Thread-5] DEBUG i.pact.plugins.jvm.core.ChildProcess - Plugin protobuf [46038] || ?[2m2023-03-27T09:35:16.687454Z?[0m ?[35mTRACE?[0m tokio-runtime-worker ?[1mreserve_capacity?[0m?[1m{?[0m?[3mstream.id?[0m?[2m=?[0mStreamId(13) ?[3mrequested?[0m?[2m=?[0m1 ?[3meffective?[0m?[2m=?[0m1 ?[3mcurr?[0m?[2m=?[0m0?[1m}?[0m?[2m:?[0m?[1mtry_assign_capacity?[0m?[1m{?[0m?[3mstream.id?[0m?[2m=?[0mStreamId(13)?[1m}?[0m?[2m:?[0m ?[2mh2::proto::streams::prioritize?[0m?[2m:?[0m assigning ?[3mcapacity?[0m?[2m=?[0m1
15:05:16.687 [Thread-5] DEBUG i.pact.plugins.jvm.core.ChildProcess - Plugin protobuf [46038] || ?[2m2023-03-27T09:35:16.687468Z?[0m ?[35mTRACE?[0m tokio-runtime-worker ?[1mreserve_capacity?[0m?[1m{?[0m?[3mstream.id?[0m?[2m=?[0mStreamId(13) ?[3mrequested?[0m?[2m=?[0m1 ?[3meffective?[0m?[2m=?[0m1 ?[3mcurr?[0m?[2m=?[0m0?[1m}?[0m?[2m:?[0m?[1mtry_assign_capacity?[0m?[1m{?[0m?[3mstream.id?[0m?[2m=?[0mStreamId(13)?[1m}?[0m?[2m:?[0m ?[2mh2::proto::streams::stream?[0m?[2m:?[0m   assigned capacity to stream; available=1; buffered=0; id=StreamId(13); max_buffer_size=409600
15:05:16.687 [Thread-5] DEBUG i.pact.plugins.jvm.core.ChildProcess - Plugin protobuf [46038] || ?[2m2023-03-27T09:35:16.687482Z?[0m ?[35mTRACE?[0m tokio-runtime-worker ?[1mreserve_capacity?[0m?[1m{?[0m?[3mstream.id?[0m?[2m=?[0mStreamId(13) ?[3mrequested?[0m?[2m=?[0m1 ?[3meffective?[0m?[2m=?[0m1 ?[3mcurr?[0m?[2m=?[0m0?[1m}?[0m?[2m:?[0m?[1mtry_assign_capacity?[0m?[1m{?[0m?[3mstream.id?[0m?[2m=?[0mStreamId(13)?[1m}?[0m?[2m:?[0m ?[2mh2::proto::streams::stream?[0m?[2m:?[0m   notifying task
15:05:16.687 [Thread-5] DEBUG i.pact.plugins.jvm.core.ChildProcess - Plugin protobuf [46038] || ?[2m2023-03-27T09:35:16.687496Z?[0m ?[35mTRACE?[0m tokio-runtime-worker ?[1mreserve_capacity?[0m?[1m{?[0m?[3mstream.id?[0m?[2m=?[0mStreamId(13) ?[3mrequested?[0m?[2m=?[0m1 ?[3meffective?[0m?[2m=?[0m1 ?[3mcurr?[0m?[2m=?[0m0?[1m}?[0m?[2m:?[0m?[1mtry_assign_capacity?[0m?[1m{?[0m?[3mstream.id?[0m?[2m=?[0mStreamId(13)?[1m}?[0m?[2m:?[0m ?[2mh2::proto::streams::prioritize?[0m?[2m:?[0m ?[3mavailable?[0m?[2m=?[0m1 ?[3mrequested?[0m?[2m=?[0m1 ?[3mbuffered?[0m?[2m=?[0m0 ?[3mhas_unavailable?[0m?[2m=?[0mtrue
15:05:16.687 [Thread-5] DEBUG i.pact.plugins.jvm.core.ChildProcess - Plugin protobuf [46038] || ?[2m2023-03-27T09:35:16.687533Z?[0m ?[35mTRACE?[0m tokio-runtime-worker ?[2mhyper::proto::h2?[0m?[2m:?[0m send body chunk: 103 bytes, eos=false
15:05:16.687 [Thread-5] DEBUG i.pact.plugins.jvm.core.ChildProcess - Plugin protobuf [46038] || ?[2m2023-03-27T09:35:16.687557Z?[0m ?[35mTRACE?[0m tokio-runtime-worker ?[1msend_data?[0m?[1m{?[0m?[3msz?[0m?[2m=?[0m103 ?[3mrequested?[0m?[2m=?[0m1?[1m}?[0m?[2m:?[0m ?[2mh2::proto::streams::prioritize?[0m?[2m:?[0m ?[3mbuffered?[0m?[2m=?[0m103
15:05:16.687 [Thread-5] DEBUG i.pact.plugins.jvm.core.ChildProcess - Plugin protobuf [46038] || ?[2m2023-03-27T09:35:16.687579Z?[0m ?[35mTRACE?[0m tokio-runtime-worker ?[1msend_data?[0m?[1m{?[0m?[3msz?[0m?[2m=?[0m103 ?[3mrequested?[0m?[2m=?[0m1?[1m}?[0m?[2m:?[0m?[1mtry_assign_capacity?[0m?[1m{?[0m?[3mstream.id?[0m?[2m=?[0mStreamId(13)?[1m}?[0m?[2m:?[0m ?[2mh2::proto::streams::prioritize?[0m?[2m:?[0m ?[3mrequested?[0m?[2m=?[0m103 ?[3madditional?[0m?[2m=?[0m102 ?[3mbuffered?[0m?[2m=?[0m103 ?[3mwindow?[0m?[2m=?[0m1048576 ?[3mconn?[0m?[2m=?[0m1045449
15:05:16.687 [Thread-5] DEBUG i.pact.plugins.jvm.core.ChildProcess - Plugin protobuf [46038] || ?[2m2023-03-27T09:35:16.687597Z?[0m ?[35mTRACE?[0m tokio-runtime-worker ?[1msend_data?[0m?[1m{?[0m?[3msz?[0m?[2m=?[0m103 ?[3mrequested?[0m?[2m=?[0m1?[1m}?[0m?[2m:?[0m?[1mtry_assign_capacity?[0m?[1m{?[0m?[3mstream.id?[0m?[2m=?[0mStreamId(13)?[1m}?[0m?[2m:?[0m ?[2mh2::proto::streams::prioritize?[0m?[2m:?[0m assigning ?[3mcapacity?[0m?[2m=?[0m102
15:05:16.687 [Thread-5] DEBUG i.pact.plugins.jvm.core.ChildProcess - Plugin protobuf [46038] || ?[2m2023-03-27T09:35:16.687611Z?[0m ?[35mTRACE?[0m tokio-runtime-worker ?[1msend_data?[0m?[1m{?[0m?[3msz?[0m?[2m=?[0m103 ?[3mrequested?[0m?[2m=?[0m1?[1m}?[0m?[2m:?[0m?[1mtry_assign_capacity?[0m?[1m{?[0m?[3mstream.id?[0m?[2m=?[0mStreamId(13)?[1m}?[0m?[2m:?[0m ?[2mh2::proto::streams::stream?[0m?[2m:?[0m   assigned capacity to stream; available=103; buffered=103; id=StreamId(13); max_buffer_size=409600
15:05:16.687 [Thread-5] DEBUG i.pact.plugins.jvm.core.ChildProcess - Plugin protobuf [46038] || ?[2m2023-03-27T09:35:16.687627Z?[0m ?[35mTRACE?[0m tokio-runtime-worker ?[1msend_data?[0m?[1m{?[0m?[3msz?[0m?[2m=?[0m103 ?[3mrequested?[0m?[2m=?[0m1?[1m}?[0m?[2m:?[0m?[1mtry_assign_capacity?[0m?[1m{?[0m?[3mstream.id?[0m?[2m=?[0mStreamId(13)?[1m}?[0m?[2m:?[0m ?[2mh2::proto::streams::prioritize?[0m?[2m:?[0m ?[3mavailable?[0m?[2m=?[0m103 ?[3mrequested?[0m?[2m=?[0m103 ?[3mbuffered?[0m?[2m=?[0m103 ?[3mhas_unavailable?[0m?[2m=?[0mtrue
15:05:16.687 [Thread-5] DEBUG i.pact.plugins.jvm.core.ChildProcess - Plugin protobuf [46038] || ?[2m2023-03-27T09:35:16.687645Z?[0m ?[35mTRACE?[0m tokio-runtime-worker ?[1msend_data?[0m?[1m{?[0m?[3msz?[0m?[2m=?[0m103 ?[3mrequested?[0m?[2m=?[0m1?[1m}?[0m?[2m:?[0m?[1mtry_assign_capacity?[0m?[1m{?[0m?[3mstream.id?[0m?[2m=?[0mStreamId(13)?[1m}?[0m?[2m:?[0m ?[2mh2::proto::streams::store?[0m?[2m:?[0m Queue::push
15:05:16.687 [Thread-5] DEBUG i.pact.plugins.jvm.core.ChildProcess - Plugin protobuf [46038] || ?[2m2023-03-27T09:35:16.687658Z?[0m ?[35mTRACE?[0m tokio-runtime-worker ?[1msend_data?[0m?[1m{?[0m?[3msz?[0m?[2m=?[0m103 ?[3mrequested?[0m?[2m=?[0m1?[1m}?[0m?[2m:?[0m?[1mtry_assign_capacity?[0m?[1m{?[0m?[3mstream.id?[0m?[2m=?[0mStreamId(13)?[1m}?[0m?[2m:?[0m ?[2mh2::proto::streams::store?[0m?[2m:?[0m  -> already queued
15:05:16.687 [Thread-5] DEBUG i.pact.plugins.jvm.core.ChildProcess - Plugin protobuf [46038] || ?[2m2023-03-27T09:35:16.687680Z?[0m ?[35mTRACE?[0m tokio-runtime-worker ?[1msend_data?[0m?[1m{?[0m?[3msz?[0m?[2m=?[0m103 ?[3mrequested?[0m?[2m=?[0m1?[1m}?[0m?[2m:?[0m ?[2mh2::proto::streams::prioritize?[0m?[2m:?[0m ?[3mavailable?[0m?[2m=?[0m103 ?[3mbuffered?[0m?[2m=?[0m103
15:05:16.687 [Thread-5] DEBUG i.pact.plugins.jvm.core.ChildProcess - Plugin protobuf [46038] || ?[2m2023-03-27T09:35:16.687706Z?[0m ?[35mTRACE?[0m tokio-runtime-worker ?[1msend_data?[0m?[1m{?[0m?[3msz?[0m?[2m=?[0m103 ?[3mrequested?[0m?[2m=?[0m1?[1m}?[0m?[2m:?[0m?[1mPrioritize::queue_frame?[0m?[1m{?[0m?[3mstream.id?[0m?[2m=?[0mStreamId(13)?[1m}?[0m?[2m:?[0m ?[2mh2::proto::streams::prioritize?[0m?[2m:?[0m schedule_send ?[3mstream.id?[0m?[2m=?[0mStreamId(13)
15:05:16.687 [Thread-5] DEBUG i.pact.plugins.jvm.core.ChildProcess - Plugin protobuf [46038] || ?[2m2023-03-27T09:35:16.687722Z?[0m ?[35mTRACE?[0m tokio-runtime-worker ?[1msend_data?[0m?[1m{?[0m?[3msz?[0m?[2m=?[0m103 ?[3mrequested?[0m?[2m=?[0m1?[1m}?[0m?[2m:?[0m?[1mPrioritize::queue_frame?[0m?[1m{?[0m?[3mstream.id?[0m?[2m=?[0mStreamId(13)?[1m}?[0m?[2m:?[0m ?[2mh2::proto::streams::store?[0m?[2m:?[0m Queue::push
15:05:16.687 [Thread-5] DEBUG i.pact.plugins.jvm.core.ChildProcess - Plugin protobuf [46038] || ?[2m2023-03-27T09:35:16.687736Z?[0m ?[35mTRACE?[0m tokio-runtime-worker ?[1msend_data?[0m?[1m{?[0m?[3msz?[0m?[2m=?[0m103 ?[3mrequested?[0m?[2m=?[0m1?[1m}?[0m?[2m:?[0m?[1mPrioritize::queue_frame?[0m?[1m{?[0m?[3mstream.id?[0m?[2m=?[0mStreamId(13)?[1m}?[0m?[2m:?[0m ?[2mh2::proto::streams::store?[0m?[2m:?[0m  -> already queued
15:05:16.687 [Thread-5] DEBUG i.pact.plugins.jvm.core.ChildProcess - Plugin protobuf [46038] || ?[2m2023-03-27T09:35:16.687785Z?[0m ?[35mTRACE?[0m tokio-runtime-worker ?[2mh2::proto::streams::counts?[0m?[2m:?[0m transition_after; stream=StreamId(13); state=State { inner: HalfClosedRemote(Streaming) }; is_closed=false; pending_send_empty=false; buffered_send_data=103; num_recv=1; num_send=0
15:05:16.687 [Thread-5] DEBUG i.pact.plugins.jvm.core.ChildProcess - Plugin protobuf [46038] || ?[2m2023-03-27T09:35:16.687827Z?[0m ?[35mTRACE?[0m tokio-runtime-worker ?[1mreserve_capacity?[0m?[1m{?[0m?[3mstream.id?[0m?[2m=?[0mStreamId(13) ?[3mrequested?[0m?[2m=?[0m1 ?[3meffective?[0m?[2m=?[0m104 ?[3mcurr?[0m?[2m=?[0m103?[1m}?[0m?[2m:?[0m?[1mtry_assign_capacity?[0m?[1m{?[0m?[3mstream.id?[0m?[2m=?[0mStreamId(13)?[1m}?[0m?[2m:?[0m ?[2mh2::proto::streams::prioritize?[0m?[2m:?[0m ?[3mrequested?[0m?[2m=?[0m104 ?[3madditional?[0m?[2m=?[0m1 ?[3mbuffered?[0m?[2m=?[0m103 ?[3mwindow?[0m?[2m=?[0m1048576 ?[3mconn?[0m?[2m=?[0m1045347
15:05:16.687 [Thread-5] DEBUG i.pact.plugins.jvm.core.ChildProcess - Plugin protobuf [46038] || ?[2m2023-03-27T09:35:16.687848Z?[0m ?[35mTRACE?[0m tokio-runtime-worker ?[1mreserve_capacity?[0m?[1m{?[0m?[3mstream.id?[0m?[2m=?[0mStreamId(13) ?[3mrequested?[0m?[2m=?[0m1 ?[3meffective?[0m?[2m=?[0m104 ?[3mcurr?[0m?[2m=?[0m103?[1m}?[0m?[2m:?[0m?[1mtry_assign_capacity?[0m?[1m{?[0m?[3mstream.id?[0m?[2m=?[0mStreamId(13)?[1m}?[0m?[2m:?[0m ?[2mh2::proto::streams::prioritize?[0m?[2m:?[0m assigning ?[3mcapacity?[0m?[2m=?[0m1
15:05:16.687 [Thread-5] DEBUG i.pact.plugins.jvm.core.ChildProcess - Plugin protobuf [46038] || ?[2m2023-03-27T09:35:16.687863Z?[0m ?[35mTRACE?[0m tokio-runtime-worker ?[1mreserve_capacity?[0m?[1m{?[0m?[3mstream.id?[0m?[2m=?[0mStreamId(13) ?[3mrequested?[0m?[2m=?[0m1 ?[3meffective?[0m?[2m=?[0m104 ?[3mcurr?[0m?[2m=?[0m103?[1m}?[0m?[2m:?[0m?[1mtry_assign_capacity?[0m?[1m{?[0m?[3mstream.id?[0m?[2m=?[0mStreamId(13)?[1m}?[0m?[2m:?[0m ?[2mh2::proto::streams::stream?[0m?[2m:?[0m   assigned capacity to stream; available=104; buffered=103; id=StreamId(13); max_buffer_size=409600
15:05:16.687 [Thread-5] DEBUG i.pact.plugins.jvm.core.ChildProcess - Plugin protobuf [46038] || ?[2m2023-03-27T09:35:16.687898Z?[0m ?[35mTRACE?[0m tokio-runtime-worker ?[1mreserve_capacity?[0m?[1m{?[0m?[3mstream.id?[0m?[2m=?[0mStreamId(13) ?[3mrequested?[0m?[2m=?[0m1 ?[3meffective?[0m?[2m=?[0m104 ?[3mcurr?[0m?[2m=?[0m103?[1m}?[0m?[2m:?[0m?[1mtry_assign_capacity?[0m?[1m{?[0m?[3mstream.id?[0m?[2m=?[0mStreamId(13)?[1m}?[0m?[2m:?[0m ?[2mh2::proto::streams::stream?[0m?[2m:?[0m   notifying task
15:05:16.687 [Thread-5] DEBUG i.pact.plugins.jvm.core.ChildProcess - Plugin protobuf [46038] || ?[2m2023-03-27T09:35:16.687916Z?[0m ?[35mTRACE?[0m tokio-runtime-worker ?[1mreserve_capacity?[0m?[1m{?[0m?[3mstream.id?[0m?[2m=?[0mStreamId(13) ?[3mrequested?[0m?[2m=?[0m1 ?[3meffective?[0m?[2m=?[0m104 ?[3mcurr?[0m?[2m=?[0m103?[1m}?[0m?[2m:?[0m?[1mtry_assign_capacity?[0m?[1m{?[0m?[3mstream.id?[0m?[2m=?[0mStreamId(13)?[1m}?[0m?[2m:?[0m ?[2mh2::proto::streams::prioritize?[0m?[2m:?[0m ?[3mavailable?[0m?[2m=?[0m104 ?[3mrequested?[0m?[2m=?[0m104 ?[3mbuffered?[0m?[2m=?[0m103 ?[3mhas_unavailable?[0m?[2m=?[0mtrue
15:05:16.687 [Thread-5] DEBUG i.pact.plugins.jvm.core.ChildProcess - Plugin protobuf [46038] || ?[2m2023-03-27T09:35:16.687935Z?[0m ?[35mTRACE?[0m tokio-runtime-worker ?[1mreserve_capacity?[0m?[1m{?[0m?[3mstream.id?[0m?[2m=?[0mStreamId(13) ?[3mrequested?[0m?[2m=?[0m1 ?[3meffective?[0m?[2m=?[0m104 ?[3mcurr?[0m?[2m=?[0m103?[1m}?[0m?[2m:?[0m?[1mtry_assign_capacity?[0m?[1m{?[0m?[3mstream.id?[0m?[2m=?[0mStreamId(13)?[1m}?[0m?[2m:?[0m ?[2mh2::proto::streams::store?[0m?[2m:?[0m Queue::push
15:05:16.688 [Thread-5] DEBUG i.pact.plugins.jvm.core.ChildProcess - Plugin protobuf [46038] || ?[2m2023-03-27T09:35:16.687949Z?[0m ?[35mTRACE?[0m tokio-runtime-worker ?[1mreserve_capacity?[0m?[1m{?[0m?[3mstream.id?[0m?[2m=?[0mStreamId(13) ?[3mrequested?[0m?[2m=?[0m1 ?[3meffective?[0m?[2m=?[0m104 ?[3mcurr?[0m?[2m=?[0m103?[1m}?[0m?[2m:?[0m?[1mtry_assign_capacity?[0m?[1m{?[0m?[3mstream.id?[0m?[2m=?[0mStreamId(13)?[1m}?[0m?[2m:?[0m ?[2mh2::proto::streams::store?[0m?[2m:?[0m  -> already queued
15:05:16.688 [Thread-5] DEBUG i.pact.plugins.jvm.core.ChildProcess - Plugin protobuf [46038] || ?[2m2023-03-27T09:35:16.688024Z?[0m ?[34mDEBUG?[0m tokio-runtime-worker ?[1mrequest?[0m?[1m{?[0m?[3mmethod?[0m?[2m=?[0mPOST ?[3muri?[0m?[2m=?[0mhttp://[::1]:53788/io.pact.plugin.PactPlugin/ShutdownMockServer ?[3mversion?[0m?[2m=?[0mHTTP/2.0 ?[3mheaders?[0m?[2m=?[0m{"content-type": "application/grpc", "te": "trailers", "user-agent": "grpc-java-netty/1.49.0", "grpc-accept-encoding": "gzip", "authorization": Sensitive}?[1m}?[0m?[2m:?[0m ?[2mtower_http::trace::on_eos?[0m?[2m:?[0m end of stream ?[3mstream_duration?[0m?[2m=?[0m0 ms ?[3mstatus?[0m?[2m=?[0m0
15:05:16.688 [Thread-5] DEBUG i.pact.plugins.jvm.core.ChildProcess - Plugin protobuf [46038] || ?[2m2023-03-27T09:35:16.688045Z?[0m ?[35mTRACE?[0m tokio-runtime-worker ?[2mh2::proto::streams::state?[0m?[2m:?[0m send_close: HalfClosedRemote => Closed
15:05:16.688 [Thread-5] DEBUG i.pact.plugins.jvm.core.ChildProcess - Plugin protobuf [46038] || ?[2m2023-03-27T09:35:16.688054Z?[0m ?[35mTRACE?[0m tokio-runtime-worker ?[2mh2::proto::streams::send?[0m?[2m:?[0m send_trailers -- queuing; frame=Headers { stream_id: StreamId(13), flags: (0x5: END_HEADERS | END_STREAM) }
15:05:16.688 [Thread-5] DEBUG i.pact.plugins.jvm.core.ChildProcess - Plugin protobuf [46038] || ?[2m2023-03-27T09:35:16.688075Z?[0m ?[35mTRACE?[0m tokio-runtime-worker ?[1mPrioritize::queue_frame?[0m?[1m{?[0m?[3mstream.id?[0m?[2m=?[0mStreamId(13)?[1m}?[0m?[2m:?[0m ?[2mh2::proto::streams::prioritize?[0m?[2m:?[0m schedule_send ?[3mstream.id?[0m?[2m=?[0mStreamId(13)
15:05:16.688 [Thread-5] DEBUG i.pact.plugins.jvm.core.ChildProcess - Plugin protobuf [46038] || ?[2m2023-03-27T09:35:16.688117Z?[0m ?[35mTRACE?[0m tokio-runtime-worker ?[1mPrioritize::queue_frame?[0m?[1m{?[0m?[3mstream.id?[0m?[2m=?[0mStreamId(13)?[1m}?[0m?[2m:?[0m ?[2mh2::proto::streams::store?[0m?[2m:?[0m Queue::push
15:05:16.688 [Thread-5] DEBUG i.pact.plugins.jvm.core.ChildProcess - Plugin protobuf [46038] || ?[2m2023-03-27T09:35:16.688129Z?[0m ?[35mTRACE?[0m tokio-runtime-worker ?[1mPrioritize::queue_frame?[0m?[1m{?[0m?[3mstream.id?[0m?[2m=?[0mStreamId(13)?[1m}?[0m?[2m:?[0m ?[2mh2::proto::streams::store?[0m?[2m:?[0m  -> already queued
15:05:16.688 [Thread-5] DEBUG i.pact.plugins.jvm.core.ChildProcess - Plugin protobuf [46038] || ?[2m2023-03-27T09:35:16.688188Z?[0m ?[35mTRACE?[0m tokio-runtime-worker ?[2mh2::proto::streams::counts?[0m?[2m:?[0m transition_after; stream=StreamId(13); state=State { inner: Closed(EndStream) }; is_closed=false; pending_send_empty=false; buffered_send_data=103; num_recv=1; num_send=0
15:05:16.688 [Thread-5] DEBUG i.pact.plugins.jvm.core.ChildProcess - Plugin protobuf [46038] || ?[2m2023-03-27T09:35:16.688206Z?[0m ?[35mTRACE?[0m tokio-runtime-worker ?[2mh2::proto::streams::streams?[0m?[2m:?[0m drop_stream_ref; stream=Stream { id: StreamId(13), state: State { inner: Closed(EndStream) }, is_counted: true, ref_count: 2, next_pending_send: None, is_pending_send: true, send_flow: FlowControl { window_size: Window(1048576), available: Window(103) }, requested_send_capacity: 103, buffered_send_data: 103, send_task: Some(Waker { data: 0x600001870000, vtable: 0x103cec458 }), pending_send: Deque { indices: Some(Indices { head: 2, tail: 0 }) }, next_pending_send_capacity: None, is_pending_send_capacity: false, send_capacity_inc: true, next_open: None, is_pending_open: false, is_pending_push: false, next_pending_accept: None, is_pending_accept: false, recv_flow: FlowControl { window_size: Window(1048533), available: Window(1048576) }, in_flight_recv_data: 0, next_window_update: None, is_pending_window_update: false, reset_at: None, next_reset_expire: None, pending_recv: Deque { indices: None }, recv_task: None, pending_push_promises: Queue { indices: None, _p: PhantomData }, content_length: Omitted }
15:05:16.688 [Thread-5] DEBUG i.pact.plugins.jvm.core.ChildProcess - Plugin protobuf [46038] || ?[2m2023-03-27T09:35:16.688257Z?[0m ?[35mTRACE?[0m tokio-runtime-worker ?[2mh2::proto::streams::counts?[0m?[2m:?[0m transition_after; stream=StreamId(13); state=State { inner: Closed(EndStream) }; is_closed=false; pending_send_empty=false; buffered_send_data=103; num_recv=1; num_send=0
15:05:16.688 [Thread-5] DEBUG i.pact.plugins.jvm.core.ChildProcess - Plugin protobuf [46038] || ?[2m2023-03-27T09:35:16.688274Z?[0m ?[35mTRACE?[0m tokio-runtime-worker ?[2mh2::proto::streams::streams?[0m?[2m:?[0m drop_stream_ref; stream=Stream { id: StreamId(13), state: State { inner: Closed(EndStream) }, is_counted: true, ref_count: 1, next_pending_send: None, is_pending_send: true, send_flow: FlowControl { window_size: Window(1048576), available: Window(103) }, requested_send_capacity: 103, buffered_send_data: 103, send_task: Some(Waker { data: 0x600001870000, vtable: 0x103cec458 }), pending_send: Deque { indices: Some(Indices { head: 2, tail: 0 }) }, next_pending_send_capacity: None, is_pending_send_capacity: false, send_capacity_inc: true, next_open: None, is_pending_open: false, is_pending_push: false, next_pending_accept: None, is_pending_accept: false, recv_flow: FlowControl { window_size: Window(1048533), available: Window(1048576) }, in_flight_recv_data: 0, next_window_update: None, is_pending_window_update: false, reset_at: None, next_reset_expire: None, pending_recv: Deque { indices: None }, recv_task: None, pending_push_promises: Queue { indices: None, _p: PhantomData }, content_length: Omitted }
15:05:16.688 [Thread-5] DEBUG i.pact.plugins.jvm.core.ChildProcess - Plugin protobuf [46038] || ?[2m2023-03-27T09:35:16.688299Z?[0m ?[35mTRACE?[0m tokio-runtime-worker ?[2mh2::proto::streams::counts?[0m?[2m:?[0m transition_after; stream=StreamId(13); state=State { inner: Closed(EndStream) }; is_closed=false; pending_send_empty=false; buffered_send_data=103; num_recv=1; num_send=0
15:05:16.688 [Thread-5] DEBUG i.pact.plugins.jvm.core.ChildProcess - Plugin protobuf [46038] || ?[2m2023-03-27T09:35:16.688336Z?[0m ?[35mTRACE?[0m tokio-runtime-worker ?[1mserver_handshake?[0m?[2m:?[0m?[1mConnection?[0m?[1m{?[0m?[3mpeer?[0m?[2m=?[0mServer?[1m}?[0m?[2m:?[0m?[1mpoll?[0m?[2m:?[0m ?[2mh2::proto::connection?[0m?[2m:?[0m ?[3mconnection.state?[0m?[2m=?[0mOpen
15:05:16.688 [Thread-5] DEBUG i.pact.plugins.jvm.core.ChildProcess - Plugin protobuf [46038] || ?[2m2023-03-27T09:35:16.688399Z?[0m ?[35mTRACE?[0m tokio-runtime-worker ?[1mserver_handshake?[0m?[2m:?[0m?[1mConnection?[0m?[1m{?[0m?[3mpeer?[0m?[2m=?[0mServer?[1m}?[0m?[2m:?[0m?[1mpoll?[0m?[2m:?[0m?[1mFramedRead::poll_next?[0m?[2m:?[0m ?[2mh2::codec::framed_read?[0m?[2m:?[0m poll
15:05:16.688 [Thread-5] DEBUG i.pact.plugins.jvm.core.ChildProcess - Plugin protobuf [46038] || ?[2m2023-03-27T09:35:16.688437Z?[0m ?[35mTRACE?[0m tokio-runtime-worker ?[1mserver_handshake?[0m?[2m:?[0m?[1mConnection?[0m?[1m{?[0m?[3mpeer?[0m?[2m=?[0mServer?[1m}?[0m?[2m:?[0m?[1mpoll?[0m?[2m:?[0m ?[2mh2::proto::streams::prioritize?[0m?[2m:?[0m poll_complete
15:05:16.688 [Thread-5] DEBUG i.pact.plugins.jvm.core.ChildProcess - Plugin protobuf [46038] || ?[2m2023-03-27T09:35:16.688452Z?[0m ?[35mTRACE?[0m tokio-runtime-worker ?[1mserver_handshake?[0m?[2m:?[0m?[1mConnection?[0m?[1m{?[0m?[3mpeer?[0m?[2m=?[0mServer?[1m}?[0m?[2m:?[0m?[1mpoll?[0m?[2m:?[0m ?[2mh2::proto::streams::prioritize?[0m?[2m:?[0m schedule_pending_open
15:05:16.688 [Thread-5] DEBUG i.pact.plugins.jvm.core.ChildProcess - Plugin protobuf [46038] || ?[2m2023-03-27T09:35:16.688491Z?[0m ?[35mTRACE?[0m tokio-runtime-worker ?[1mserver_handshake?[0m?[2m:?[0m?[1mConnection?[0m?[1m{?[0m?[3mpeer?[0m?[2m=?[0mServer?[1m}?[0m?[2m:?[0m?[1mpoll?[0m?[2m:?[0m?[1mpop_frame?[0m?[2m:?[0m?[1mpopped?[0m?[1m{?[0m?[3mstream.id?[0m?[2m=?[0mStreamId(13) ?[3mstream.state?[0m?[2m=?[0mState { inner: Closed(EndStream) }?[1m}?[0m?[2m:?[0m ?[2mh2::proto::streams::prioritize?[0m?[2m:?[0m ?[3mis_pending_reset?[0m?[2m=?[0mfalse
15:05:16.688 [Thread-5] DEBUG i.pact.plugins.jvm.core.ChildProcess - Plugin protobuf [46038] || ?[2m2023-03-27T09:35:16.688509Z?[0m ?[35mTRACE?[0m tokio-runtime-worker ?[1mserver_handshake?[0m?[2m:?[0m?[1mConnection?[0m?[1m{?[0m?[3mpeer?[0m?[2m=?[0mServer?[1m}?[0m?[2m:?[0m?[1mpoll?[0m?[2m:?[0m?[1mpop_frame?[0m?[2m:?[0m?[1mpopped?[0m?[1m{?[0m?[3mstream.id?[0m?[2m=?[0mStreamId(13) ?[3mstream.state?[0m?[2m=?[0mState { inner: Closed(EndStream) }?[1m}?[0m?[2m:?[0m ?[2mh2::proto::streams::prioritize?[0m?[2m:?[0m pop_frame; frame=Headers { stream_id: StreamId(13), flags: (0x4: END_HEADERS) }
15:05:16.688 [Thread-5] DEBUG i.pact.plugins.jvm.core.ChildProcess - Plugin protobuf [46038] || ?[2m2023-03-27T09:35:16.688527Z?[0m ?[35mTRACE?[0m tokio-runtime-worker ?[1mserver_handshake?[0m?[2m:?[0m?[1mConnection?[0m?[1m{?[0m?[3mpeer?[0m?[2m=?[0mServer?[1m}?[0m?[2m:?[0m?[1mpoll?[0m?[2m:?[0m?[1mpop_frame?[0m?[2m:?[0m?[1mpopped?[0m?[1m{?[0m?[3mstream.id?[0m?[2m=?[0mStreamId(13) ?[3mstream.state?[0m?[2m=?[0mState { inner: Closed(EndStream) }?[1m}?[0m?[2m:?[0m ?[2mh2::proto::streams::store?[0m?[2m:?[0m Queue::push
15:05:16.688 [Thread-5] DEBUG i.pact.plugins.jvm.core.ChildProcess - Plugin protobuf [46038] || ?[2m2023-03-27T09:35:16.688541Z?[0m ?[35mTRACE?[0m tokio-runtime-worker ?[1mserver_handshake?[0m?[2m:?[0m?[1mConnection?[0m?[1m{?[0m?[3mpeer?[0m?[2m=?[0mServer?[1m}?[0m?[2m:?[0m?[1mpoll?[0m?[2m:?[0m?[1mpop_frame?[0m?[2m:?[0m?[1mpopped?[0m?[1m{?[0m?[3mstream.id?[0m?[2m=?[0mStreamId(13) ?[3mstream.state?[0m?[2m=?[0mState { inner: Closed(EndStream) }?[1m}?[0m?[2m:?[0m ?[2mh2::proto::streams::store?[0m?[2m:?[0m  -> first entry
15:05:16.688 [Thread-5] DEBUG i.pact.plugins.jvm.core.ChildProcess - Plugin protobuf [46038] || ?[2m2023-03-27T09:35:16.688561Z?[0m ?[35mTRACE?[0m tokio-runtime-worker ?[1mserver_handshake?[0m?[2m:?[0m?[1mConnection?[0m?[1m{?[0m?[3mpeer?[0m?[2m=?[0mServer?[1m}?[0m?[2m:?[0m?[1mpoll?[0m?[2m:?[0m?[1mpop_frame?[0m?[2m:?[0m?[1mpopped?[0m?[1m{?[0m?[3mstream.id?[0m?[2m=?[0mStreamId(13) ?[3mstream.state?[0m?[2m=?[0mState { inner: Closed(EndStream) }?[1m}?[0m?[2m:?[0m ?[2mh2::proto::streams::counts?[0m?[2m:?[0m transition_after; stream=StreamId(13); state=State { inner: Closed(EndStream) }; is_closed=false; pending_send_empty=false; buffered_send_data=103; num_recv=1; num_send=0
15:05:16.688 [Thread-5] DEBUG i.pact.plugins.jvm.core.ChildProcess - Plugin protobuf [46038] || ?[2m2023-03-27T09:35:16.688594Z?[0m ?[35mTRACE?[0m tokio-runtime-worker ?[1mserver_handshake?[0m?[2m:?[0m?[1mConnection?[0m?[1m{?[0m?[3mpeer?[0m?[2m=?[0mServer?[1m}?[0m?[2m:?[0m?[1mpoll?[0m?[2m:?[0m ?[2mh2::proto::streams::prioritize?[0m?[2m:?[0m writing ?[3mframe?[0m?[2m=?[0mHeaders { stream_id: StreamId(13), flags: (0x4: END_HEADERS) }
15:05:16.688 [Thread-5] DEBUG i.pact.plugins.jvm.core.ChildProcess - Plugin protobuf [46038] || ?[2m2023-03-27T09:35:16.688634Z?[0m ?[34mDEBUG?[0m tokio-runtime-worker ?[1mserver_handshake?[0m?[2m:?[0m?[1mConnection?[0m?[1m{?[0m?[3mpeer?[0m?[2m=?[0mServer?[1m}?[0m?[2m:?[0m?[1mpoll?[0m?[2m:?[0m?[1mFramedWrite::buffer?[0m?[1m{?[0m?[3mframe?[0m?[2m=?[0mHeaders { stream_id: StreamId(13), flags: (0x4: END_HEADERS) }?[1m}?[0m?[2m:?[0m ?[2mh2::codec::framed_write?[0m?[2m:?[0m send ?[3mframe?[0m?[2m=?[0mHeaders { stream_id: StreamId(13), flags: (0x4: END_HEADERS) }
15:05:16.688 [Thread-5] DEBUG i.pact.plugins.jvm.core.ChildProcess - Plugin protobuf [46038] || ?[2m2023-03-27T09:35:16.688693Z?[0m ?[35mTRACE?[0m tokio-runtime-worker ?[1mserver_handshake?[0m?[2m:?[0m?[1mConnection?[0m?[1m{?[0m?[3mpeer?[0m?[2m=?[0mServer?[1m}?[0m?[2m:?[0m?[1mpoll?[0m?[2m:?[0m ?[2mh2::proto::streams::prioritize?[0m?[2m:?[0m schedule_pending_open
15:05:16.688 [Thread-5] DEBUG i.pact.plugins.jvm.core.ChildProcess - Plugin protobuf [46038] || ?[2m2023-03-27T09:35:16.688728Z?[0m ?[35mTRACE?[0m tokio-runtime-worker ?[1mserver_handshake?[0m?[2m:?[0m?[1mConnection?[0m?[1m{?[0m?[3mpeer?[0m?[2m=?[0mServer?[1m}?[0m?[2m:?[0m?[1mpoll?[0m?[2m:?[0m?[1mpop_frame?[0m?[2m:?[0m?[1mpopped?[0m?[1m{?[0m?[3mstream.id?[0m?[2m=?[0mStreamId(13) ?[3mstream.state?[0m?[2m=?[0mState { inner: Closed(EndStream) }?[1m}?[0m?[2m:?[0m ?[2mh2::proto::streams::prioritize?[0m?[2m:?[0m ?[3mis_pending_reset?[0m?[2m=?[0mfalse
15:05:16.688 [Thread-5] DEBUG i.pact.plugins.jvm.core.ChildProcess - Plugin protobuf [46038] || ?[2m2023-03-27T09:35:16.688744Z?[0m ?[35mTRACE?[0m tokio-runtime-worker ?[1mserver_handshake?[0m?[2m:?[0m?[1mConnection?[0m?[1m{?[0m?[3mpeer?[0m?[2m=?[0mServer?[1m}?[0m?[2m:?[0m?[1mpoll?[0m?[2m:?[0m?[1mpop_frame?[0m?[2m:?[0m?[1mpopped?[0m?[1m{?[0m?[3mstream.id?[0m?[2m=?[0mStreamId(13) ?[3mstream.state?[0m?[2m=?[0mState { inner: Closed(EndStream) }?[1m}?[0m?[2m:?[0m ?[2mh2::proto::streams::prioritize?[0m?[2m:?[0m data frame ?[3msz?[0m?[2m=?[0m103 ?[3meos?[0m?[2m=?[0mfalse ?[3mwindow?[0m?[2m=?[0m103 ?[3mavailable?[0m?[2m=?[0m103 ?[3mrequested?[0m?[2m=?[0m103 ?[3mbuffered?[0m?[2m=?[0m103
15:05:16.688 [Thread-5] DEBUG i.pact.plugins.jvm.core.ChildProcess - Plugin protobuf [46038] || ?[2m2023-03-27T09:35:16.688766Z?[0m ?[35mTRACE?[0m tokio-runtime-worker ?[1mserver_handshake?[0m?[2m:?[0m?[1mConnection?[0m?[1m{?[0m?[3mpeer?[0m?[2m=?[0mServer?[1m}?[0m?[2m:?[0m?[1mpoll?[0m?[2m:?[0m?[1mpop_frame?[0m?[2m:?[0m?[1mpopped?[0m?[1m{?[0m?[3mstream.id?[0m?[2m=?[0mStreamId(13) ?[3mstream.state?[0m?[2m=?[0mState { inner: Closed(EndStream) }?[1m}?[0m?[2m:?[0m ?[2mh2::proto::streams::prioritize?[0m?[2m:?[0m sending data frame ?[3mlen?[0m?[2m=?[0m103
15:05:16.688 [Thread-5] DEBUG i.pact.plugins.jvm.core.ChildProcess - Plugin protobuf [46038] || ?[2m2023-03-27T09:35:16.688795Z?[0m ?[35mTRACE?[0m tokio-runtime-worker ?[1mserver_handshake?[0m?[2m:?[0m?[1mConnection?[0m?[1m{?[0m?[3mpeer?[0m?[2m=?[0mServer?[1m}?[0m?[2m:?[0m?[1mpoll?[0m?[2m:?[0m?[1mpop_frame?[0m?[2m:?[0m?[1mpopped?[0m?[1m{?[0m?[3mstream.id?[0m?[2m=?[0mStreamId(13) ?[3mstream.state?[0m?[2m=?[0mState { inner: Closed(EndStream) }?[1m}?[0m?[2m:?[0m?[1mupdating stream flow?[0m?[2m:?[0m ?[2mh2::proto::streams::flow_control?[0m?[2m:?[0m send_data; sz=103; window=1048576; available=103
15:05:16.688 [Thread-5] DEBUG i.pact.plugins.jvm.core.ChildProcess - Plugin protobuf [46038] || ?[2m2023-03-27T09:35:16.688827Z?[0m ?[35mTRACE?[0m tokio-runtime-worker ?[1mserver_handshake?[0m?[2m:?[0m?[1mConnection?[0m?[1m{?[0m?[3mpeer?[0m?[2m=?[0mServer?[1m}?[0m?[2m:?[0m?[1mpoll?[0m?[2m:?[0m?[1mpop_frame?[0m?[2m:?[0m?[1mpopped?[0m?[1m{?[0m?[3mstream.id?[0m?[2m=?[0mStreamId(13) ?[3mstream.state?[0m?[2m=?[0mState { inner: Closed(EndStream) }?[1m}?[0m?[2m:?[0m?[1mupdating connection flow?[0m?[2m:?[0m ?[2mh2::proto::streams::flow_control?[0m?[2m:?[0m send_data; sz=103; window=1045450; available=1045450
15:05:16.688 [Thread-5] DEBUG i.pact.plugins.jvm.core.ChildProcess - Plugin protobuf [46038] || ?[2m2023-03-27T09:35:16.688857Z?[0m ?[35mTRACE?[0m tokio-runtime-worker ?[1mserver_handshake?[0m?[2m:?[0m?[1mConnection?[0m?[1m{?[0m?[3mpeer?[0m?[2m=?[0mServer?[1m}?[0m?[2m:?[0m?[1mpoll?[0m?[2m:?[0m?[1mpop_frame?[0m?[2m:?[0m?[1mpopped?[0m?[1m{?[0m?[3mstream.id?[0m?[2m=?[0mStreamId(13) ?[3mstream.state?[0m?[2m=?[0mState { inner: Closed(EndStream) }?[1m}?[0m?[2m:?[0m ?[2mh2::proto::streams::prioritize?[0m?[2m:?[0m pop_frame; frame=Data { stream_id: StreamId(13) }
15:05:16.688 [Thread-5] DEBUG i.pact.plugins.jvm.core.ChildProcess - Plugin protobuf [46038] || ?[2m2023-03-27T09:35:16.688874Z?[0m ?[35mTRACE?[0m tokio-runtime-worker ?[1mserver_handshake?[0m?[2m:?[0m?[1mConnection?[0m?[1m{?[0m?[3mpeer?[0m?[2m=?[0mServer?[1m}?[0m?[2m:?[0m?[1mpoll?[0m?[2m:?[0m?[1mpop_frame?[0m?[2m:?[0m?[1mpopped?[0m?[1m{?[0m?[3mstream.id?[0m?[2m=?[0mStreamId(13) ?[3mstream.state?[0m?[2m=?[0mState { inner: Closed(EndStream) }?[1m}?[0m?[2m:?[0m ?[2mh2::proto::streams::store?[0m?[2m:?[0m Queue::push
15:05:16.688 [Thread-5] DEBUG i.pact.plugins.jvm.core.ChildProcess - Plugin protobuf [46038] || ?[2m2023-03-27T09:35:16.688889Z?[0m ?[35mTRACE?[0m tokio-runtime-worker ?[1mserver_handshake?[0m?[2m:?[0m?[1mConnection?[0m?[1m{?[0m?[3mpeer?[0m?[2m=?[0mServer?[1m}?[0m?[2m:?[0m?[1mpoll?[0m?[2m:?[0m?[1mpop_frame?[0m?[2m:?[0m?[1mpopped?[0m?[1m{?[0m?[3mstream.id?[0m?[2m=?[0mStreamId(13) ?[3mstream.state?[0m?[2m=?[0mState { inner: Closed(EndStream) }?[1m}?[0m?[2m:?[0m ?[2mh2::proto::streams::store?[0m?[2m:?[0m  -> first entry
15:05:16.688 [Thread-5] DEBUG i.pact.plugins.jvm.core.ChildProcess - Plugin protobuf [46038] || ?[2m2023-03-27T09:35:16.688930Z?[0m ?[35mTRACE?[0m tokio-runtime-worker ?[1mserver_handshake?[0m?[2m:?[0m?[1mConnection?[0m?[1m{?[0m?[3mpeer?[0m?[2m=?[0mServer?[1m}?[0m?[2m:?[0m?[1mpoll?[0m?[2m:?[0m?[1mpop_frame?[0m?[2m:?[0m?[1mpopped?[0m?[1m{?[0m?[3mstream.id?[0m?[2m=?[0mStreamId(13) ?[3mstream.state?[0m?[2m=?[0mState { inner: Closed(EndStream) }?[1m}?[0m?[2m:?[0m ?[2mh2::proto::streams::counts?[0m?[2m:?[0m transition_after; stream=StreamId(13); state=State { inner: Closed(EndStream) }; is_closed=false; pending_send_empty=false; buffered_send_data=0; num_recv=1; num_send=0
15:05:16.689 [Thread-5] DEBUG i.pact.plugins.jvm.core.ChildProcess - Plugin protobuf [46038] || ?[2m2023-03-27T09:35:16.688980Z?[0m ?[35mTRACE?[0m tokio-runtime-worker ?[1mserver_handshake?[0m?[2m:?[0m?[1mConnection?[0m?[1m{?[0m?[3mpeer?[0m?[2m=?[0mServer?[1m}?[0m?[2m:?[0m?[1mpoll?[0m?[2m:?[0m ?[2mh2::proto::streams::prioritize?[0m?[2m:?[0m writing ?[3mframe?[0m?[2m=?[0mData { stream_id: StreamId(13) }
15:05:16.689 [Thread-5] DEBUG i.pact.plugins.jvm.core.ChildProcess - Plugin protobuf [46038] || ?[2m2023-03-27T09:35:16.689005Z?[0m ?[34mDEBUG?[0m tokio-runtime-worker ?[1mserver_handshake?[0m?[2m:?[0m?[1mConnection?[0m?[1m{?[0m?[3mpeer?[0m?[2m=?[0mServer?[1m}?[0m?[2m:?[0m?[1mpoll?[0m?[2m:?[0m?[1mFramedWrite::buffer?[0m?[1m{?[0m?[3mframe?[0m?[2m=?[0mData { stream_id: StreamId(13) }?[1m}?[0m?[2m:?[0m ?[2mh2::codec::framed_write?[0m?[2m:?[0m send ?[3mframe?[0m?[2m=?[0mData { stream_id: StreamId(13) }
15:05:16.689 [Thread-5] DEBUG i.pact.plugins.jvm.core.ChildProcess - Plugin protobuf [46038] || ?[2m2023-03-27T09:35:16.689034Z?[0m ?[35mTRACE?[0m tokio-runtime-worker ?[1mserver_handshake?[0m?[2m:?[0m?[1mConnection?[0m?[1m{?[0m?[3mpeer?[0m?[2m=?[0mServer?[1m}?[0m?[2m:?[0m?[1mpoll?[0m?[2m:?[0m?[1mtry_reclaim_frame?[0m?[2m:?[0m ?[2mh2::proto::streams::prioritize?[0m?[2m:?[0m reclaimed ?[3mframe?[0m?[2m=?[0mData { stream_id: StreamId(13) } ?[3msz?[0m?[2m=?[0m0
15:05:16.689 [Thread-5] DEBUG i.pact.plugins.jvm.core.ChildProcess - Plugin protobuf [46038] || ?[2m2023-03-27T09:35:16.689088Z?[0m ?[35mTRACE?[0m tokio-runtime-worker ?[1mserver_handshake?[0m?[2m:?[0m?[1mConnection?[0m?[1m{?[0m?[3mpeer?[0m?[2m=?[0mServer?[1m}?[0m?[2m:?[0m?[1mpoll?[0m?[2m:?[0m ?[2mh2::proto::streams::prioritize?[0m?[2m:?[0m schedule_pending_open
15:05:16.689 [Thread-5] DEBUG i.pact.plugins.jvm.core.ChildProcess - Plugin protobuf [46038] || ?[2m2023-03-27T09:35:16.689149Z?[0m ?[35mTRACE?[0m tokio-runtime-worker ?[1mserver_handshake?[0m?[2m:?[0m?[1mConnection?[0m?[1m{?[0m?[3mpeer?[0m?[2m=?[0mServer?[1m}?[0m?[2m:?[0m?[1mpoll?[0m?[2m:?[0m?[1mpop_frame?[0m?[2m:?[0m?[1mpopped?[0m?[1m{?[0m?[3mstream.id?[0m?[2m=?[0mStreamId(13) ?[3mstream.state?[0m?[2m=?[0mState { inner: Closed(EndStream) }?[1m}?[0m?[2m:?[0m ?[2mh2::proto::streams::prioritize?[0m?[2m:?[0m ?[3mis_pending_reset?[0m?[2m=?[0mfalse
15:05:16.689 [Thread-5] DEBUG i.pact.plugins.jvm.core.ChildProcess - Plugin protobuf [46038] || ?[2m2023-03-27T09:35:16.689168Z?[0m ?[35mTRACE?[0m tokio-runtime-worker ?[1mserver_handshake?[0m?[2m:?[0m?[1mConnection?[0m?[1m{?[0m?[3mpeer?[0m?[2m=?[0mServer?[1m}?[0m?[2m:?[0m?[1mpoll?[0m?[2m:?[0m?[1mpop_frame?[0m?[2m:?[0m?[1mpopped?[0m?[1m{?[0m?[3mstream.id?[0m?[2m=?[0mStreamId(13) ?[3mstream.state?[0m?[2m=?[0mState { inner: Closed(EndStream) }?[1m}?[0m?[2m:?[0m ?[2mh2::proto::streams::prioritize?[0m?[2m:?[0m pop_frame; frame=Headers { stream_id: StreamId(13), flags: (0x5: END_HEADERS | END_STREAM) }
15:05:16.689 [Thread-5] DEBUG i.pact.plugins.jvm.core.ChildProcess - Plugin protobuf [46038] || ?[2m2023-03-27T09:35:16.689188Z?[0m ?[35mTRACE?[0m tokio-runtime-worker ?[1mserver_handshake?[0m?[2m:?[0m?[1mConnection?[0m?[1m{?[0m?[3mpeer?[0m?[2m=?[0mServer?[1m}?[0m?[2m:?[0m?[1mpoll?[0m?[2m:?[0m?[1mpop_frame?[0m?[2m:?[0m?[1mpopped?[0m?[1m{?[0m?[3mstream.id?[0m?[2m=?[0mStreamId(13) ?[3mstream.state?[0m?[2m=?[0mState { inner: Closed(EndStream) }?[1m}?[0m?[2m:?[0m ?[2mh2::proto::streams::counts?[0m?[2m:?[0m transition_after; stream=StreamId(13); state=State { inner: Closed(EndStream) }; is_closed=true; pending_send_empty=true; buffered_send_data=0; num_recv=1; num_send=0
15:05:16.689 [Thread-5] DEBUG i.pact.plugins.jvm.core.ChildProcess - Plugin protobuf [46038] || ?[2m2023-03-27T09:35:16.689206Z?[0m ?[35mTRACE?[0m tokio-runtime-worker ?[1mserver_handshake?[0m?[2m:?[0m?[1mConnection?[0m?[1m{?[0m?[3mpeer?[0m?[2m=?[0mServer?[1m}?[0m?[2m:?[0m?[1mpoll?[0m?[2m:?[0m?[1mpop_frame?[0m?[2m:?[0m?[1mpopped?[0m?[1m{?[0m?[3mstream.id?[0m?[2m=?[0mStreamId(13) ?[3mstream.state?[0m?[2m=?[0mState { inner: Closed(EndStream) }?[1m}?[0m?[2m:?[0m ?[2mh2::proto::streams::counts?[0m?[2m:?[0m dec_num_streams; stream=StreamId(13)
15:05:16.689 [Thread-5] DEBUG i.pact.plugins.jvm.core.ChildProcess - Plugin protobuf [46038] || ?[2m2023-03-27T09:35:16.689237Z?[0m ?[35mTRACE?[0m tokio-runtime-worker ?[1mserver_handshake?[0m?[2m:?[0m?[1mConnection?[0m?[1m{?[0m?[3mpeer?[0m?[2m=?[0mServer?[1m}?[0m?[2m:?[0m?[1mpoll?[0m?[2m:?[0m ?[2mh2::proto::streams::prioritize?[0m?[2m:?[0m writing ?[3mframe?[0m?[2m=?[0mHeaders { stream_id: StreamId(13), flags: (0x5: END_HEADERS | END_STREAM) }
15:05:16.689 [Thread-5] DEBUG i.pact.plugins.jvm.core.ChildProcess - Plugin protobuf [46038] || ?[2m2023-03-27T09:35:16.689264Z?[0m ?[34mDEBUG?[0m tokio-runtime-worker ?[1mserver_handshake?[0m?[2m:?[0m?[1mConnection?[0m?[1m{?[0m?[3mpeer?[0m?[2m=?[0mServer?[1m}?[0m?[2m:?[0m?[1mpoll?[0m?[2m:?[0m?[1mFramedWrite::buffer?[0m?[1m{?[0m?[3mframe?[0m?[2m=?[0mHeaders { stream_id: StreamId(13), flags: (0x5: END_HEADERS | END_STREAM) }?[1m}?[0m?[2m:?[0m ?[2mh2::codec::framed_write?[0m?[2m:?[0m send ?[3mframe?[0m?[2m=?[0mHeaders { stream_id: StreamId(13), flags: (0x5: END_HEADERS | END_STREAM) }
15:05:16.689 [Thread-5] DEBUG i.pact.plugins.jvm.core.ChildProcess - Plugin protobuf [46038] || ?[2m2023-03-27T09:35:16.689318Z?[0m ?[35mTRACE?[0m tokio-runtime-worker ?[1mserver_handshake?[0m?[2m:?[0m?[1mConnection?[0m?[1m{?[0m?[3mpeer?[0m?[2m=?[0mServer?[1m}?[0m?[2m:?[0m?[1mpoll?[0m?[2m:?[0m ?[2mh2::proto::streams::prioritize?[0m?[2m:?[0m schedule_pending_open
15:05:16.689 [Thread-5] DEBUG i.pact.plugins.jvm.core.ChildProcess - Plugin protobuf [46038] || ?[2m2023-03-27T09:35:16.689357Z?[0m ?[35mTRACE?[0m tokio-runtime-worker ?[1mserver_handshake?[0m?[2m:?[0m?[1mConnection?[0m?[1m{?[0m?[3mpeer?[0m?[2m=?[0mServer?[1m}?[0m?[2m:?[0m?[1mpoll?[0m?[2m:?[0m?[1mFramedWrite::flush?[0m?[2m:?[0m ?[2mh2::codec::framed_write?[0m?[2m:?[0m ?[3mqueued_data_frame?[0m?[2m=?[0mfalse
15:05:16.689 [Thread-5] DEBUG i.pact.plugins.jvm.core.ChildProcess - Plugin protobuf [46038] || ?[2m2023-03-27T09:35:16.689393Z?[0m ?[35mTRACE?[0m tokio-runtime-worker ?[1mserver_handshake?[0m?[2m:?[0m?[1mConnection?[0m?[1m{?[0m?[3mpeer?[0m?[2m=?[0mServer?[1m}?[0m?[2m:?[0m?[1mpoll?[0m?[2m:?[0m?[1mFramedWrite::flush?[0m?[2m:?[0m ?[2mh2::codec::framed_write?[0m?[2m:?[0m flushing buffer
15:05:16.689 [grpc-nio-worker-ELG-1-2] DEBUG io.grpc.netty.NettyClientHandler - [id: 0x3c962551, L:/0:0:0:0:0:0:0:1:53790 - R:/0:0:0:0:0:0:0:1:53788] INBOUND HEADERS: streamId=13 headers=GrpcHttp2ResponseHeaders[:status: 200, content-type: application/grpc, date: Mon, 27 Mar 2023 09:35:15 GMT] padding=0 endStream=false
15:05:16.690 [grpc-nio-worker-ELG-1-2] DEBUG io.grpc.netty.NettyClientHandler - [id: 0x3c962551, L:/0:0:0:0:0:0:0:1:53790 - R:/0:0:0:0:0:0:0:1:53788] INBOUND DATA: streamId=13 padding=0 endStream=false length=103 bytes=00000000621260125e446964206e6f742066696e6420616e79206d6f636b2073657276657220726573756c747320666f72206120736572766572207769746820...
15:05:16.690 [grpc-nio-worker-ELG-1-2] DEBUG io.grpc.netty.NettyClientHandler - [id: 0x3c962551, L:/0:0:0:0:0:0:0:1:53790 - R:/0:0:0:0:0:0:0:1:53788] OUTBOUND PING: ack=false bytes=1234
15:05:16.690 [grpc-nio-worker-ELG-1-2] DEBUG io.grpc.netty.NettyClientHandler - [id: 0x3c962551, L:/0:0:0:0:0:0:0:1:53790 - R:/0:0:0:0:0:0:0:1:53788] INBOUND HEADERS: streamId=13 headers=GrpcHttp2ResponseHeaders[grpc-status: 0] padding=0 endStream=true
15:05:16.691 [Test worker] DEBUG i.p.p.jvm.core.DefaultPluginManager - Got response: results {
  error: "Did not find any mock server results for a server with ID 5cae5f82-fec2-43c6-9739-60d0383d84ec"
}

15:05:16.691 [Thread-5] DEBUG i.pact.plugins.jvm.core.ChildProcess - Plugin protobuf [46038] || ?[2m2023-03-27T09:35:16.691519Z?[0m ?[35mTRACE?[0m tokio-runtime-worker ?[1mserver_handshake?[0m?[2m:?[0m?[1mConnection?[0m?[1m{?[0m?[3mpeer?[0m?[2m=?[0mServer?[1m}?[0m?[2m:?[0m?[1mpoll?[0m?[2m:?[0m ?[2mh2::proto::connection?[0m?[2m:?[0m ?[3mconnection.state?[0m?[2m=?[0mOpen
15:05:16.691 [Thread-5] DEBUG i.pact.plugins.jvm.core.ChildProcess - Plugin protobuf [46038] || ?[2m2023-03-27T09:35:16.691565Z?[0m ?[35mTRACE?[0m tokio-runtime-worker ?[1mserver_handshake?[0m?[2m:?[0m?[1mConnection?[0m?[1m{?[0m?[3mpeer?[0m?[2m=?[0mServer?[1m}?[0m?[2m:?[0m?[1mpoll?[0m?[2m:?[0m?[1mFramedRead::poll_next?[0m?[2m:?[0m ?[2mh2::codec::framed_read?[0m?[2m:?[0m poll
15:05:16.691 [Thread-5] DEBUG i.pact.plugins.jvm.core.ChildProcess - Plugin protobuf [46038] || ?[2m2023-03-27T09:35:16.691590Z?[0m ?[35mTRACE?[0m tokio-runtime-worker ?[1mserver_handshake?[0m?[2m:?[0m?[1mConnection?[0m?[1m{?[0m?[3mpeer?[0m?[2m=?[0mServer?[1m}?[0m?[2m:?[0m?[1mpoll?[0m?[2m:?[0m?[1mFramedRead::poll_next?[0m?[2m:?[0m ?[2mtokio_util::codec::framed_impl?[0m?[2m:?[0m attempting to decode a frame
15:05:16.691 [Thread-5] DEBUG i.pact.plugins.jvm.core.ChildProcess - Plugin protobuf [46038] || ?[2m2023-03-27T09:35:16.691614Z?[0m ?[35mTRACE?[0m tokio-runtime-worker ?[1mserver_handshake?[0m?[2m:?[0m?[1mConnection?[0m?[1m{?[0m?[3mpeer?[0m?[2m=?[0mServer?[1m}?[0m?[2m:?[0m?[1mpoll?[0m?[2m:?[0m?[1mFramedRead::poll_next?[0m?[2m:?[0m ?[2mtokio_util::codec::framed_impl?[0m?[2m:?[0m frame decoded from buffer
15:05:16.691 [Thread-5] DEBUG i.pact.plugins.jvm.core.ChildProcess - Plugin protobuf [46038] || ?[2m2023-03-27T09:35:16.691629Z?[0m ?[35mTRACE?[0m tokio-runtime-worker ?[1mserver_handshake?[0m?[2m:?[0m?[1mConnection?[0m?[1m{?[0m?[3mpeer?[0m?[2m=?[0mServer?[1m}?[0m?[2m:?[0m?[1mpoll?[0m?[2m:?[0m?[1mFramedRead::poll_next?[0m?[2m:?[0m ?[2mh2::codec::framed_read?[0m?[2m:?[0m ?[3mread.bytes?[0m?[2m=?[0m17
15:05:16.691 [Thread-5] DEBUG i.pact.plugins.jvm.core.ChildProcess - Plugin protobuf [46038] || ?[2m2023-03-27T09:35:16.691653Z?[0m ?[35mTRACE?[0m tokio-runtime-worker ?[1mserver_handshake?[0m?[2m:?[0m?[1mConnection?[0m?[1m{?[0m?[3mpeer?[0m?[2m=?[0mServer?[1m}?[0m?[2m:?[0m?[1mpoll?[0m?[2m:?[0m?[1mFramedRead::poll_next?[0m?[2m:?[0m?[1mFramedRead::decode_frame?[0m?[1m{?[0m?[3moffset?[0m?[2m=?[0m17?[1m}?[0m?[2m:?[0m ?[2mh2::codec::framed_read?[0m?[2m:?[0m decoding frame from 17B
15:05:16.691 [Thread-5] DEBUG i.pact.plugins.jvm.core.ChildProcess - Plugin protobuf [46038] || ?[2m2023-03-27T09:35:16.691670Z?[0m ?[35mTRACE?[0m tokio-runtime-worker ?[1mserver_handshake?[0m?[2m:?[0m?[1mConnection?[0m?[1m{?[0m?[3mpeer?[0m?[2m=?[0mServer?[1m}?[0m?[2m:?[0m?[1mpoll?[0m?[2m:?[0m?[1mFramedRead::poll_next?[0m?[2m:?[0m?[1mFramedRead::decode_frame?[0m?[1m{?[0m?[3moffset?[0m?[2m=?[0m17?[1m}?[0m?[2m:?[0m ?[2mh2::codec::framed_read?[0m?[2m:?[0m ?[3mframe.kind?[0m?[2m=?[0mPing
15:05:16.691 [Thread-5] DEBUG i.pact.plugins.jvm.core.ChildProcess - Plugin protobuf [46038] || ?[2m2023-03-27T09:35:16.691698Z?[0m ?[34mDEBUG?[0m tokio-runtime-worker ?[1mserver_handshake?[0m?[2m:?[0m?[1mConnection?[0m?[1m{?[0m?[3mpeer?[0m?[2m=?[0mServer?[1m}?[0m?[2m:?[0m?[1mpoll?[0m?[2m:?[0m?[1mFramedRead::poll_next?[0m?[2m:?[0m ?[2mh2::codec::framed_read?[0m?[2m:?[0m received ?[3mframe?[0m?[2m=?[0mPing { ack: false, payload: [0, 0, 0, 0, 0, 0, 4, 210] }
15:05:16.691 [Thread-5] DEBUG i.pact.plugins.jvm.core.ChildProcess - Plugin protobuf [46038] || ?[2m2023-03-27T09:35:16.691726Z?[0m ?[35mTRACE?[0m tokio-runtime-worker ?[1mserver_handshake?[0m?[2m:?[0m?[1mConnection?[0m?[1m{?[0m?[3mpeer?[0m?[2m=?[0mServer?[1m}?[0m?[2m:?[0m?[1mpoll?[0m?[2m:?[0m ?[2mh2::proto::connection?[0m?[2m:?[0m recv PING ?[3mframe?[0m?[2m=?[0mPing { ack: false, payload: [0, 0, 0, 0, 0, 0, 4, 210] }
15:05:16.691 [Thread-5] DEBUG i.pact.plugins.jvm.core.ChildProcess - Plugin protobuf [46038] || ?[2m2023-03-27T09:35:16.691769Z?[0m ?[34mDEBUG?[0m tokio-runtime-worker ?[1mserver_handshake?[0m?[2m:?[0m?[1mConnection?[0m?[1m{?[0m?[3mpeer?[0m?[2m=?[0mServer?[1m}?[0m?[2m:?[0m?[1mpoll?[0m?[2m:?[0m?[1mpoll_ready?[0m?[2m:?[0m?[1mFramedWrite::buffer?[0m?[1m{?[0m?[3mframe?[0m?[2m=?[0mPing { ack: true, payload: [0, 0, 0, 0, 0, 0, 4, 210] }?[1m}?[0m?[2m:?[0m ?[2mh2::codec::framed_write?[0m?[2m:?[0m send ?[3mframe?[0m?[2m=?[0mPing { ack: true, payload: [0, 0, 0, 0, 0, 0, 4, 210] }
15:05:16.691 [Thread-5] DEBUG i.pact.plugins.jvm.core.ChildProcess - Plugin protobuf [46038] || ?[2m2023-03-27T09:35:16.691790Z?[0m ?[35mTRACE?[0m tokio-runtime-worker ?[1mserver_handshake?[0m?[2m:?[0m?[1mConnection?[0m?[1m{?[0m?[3mpeer?[0m?[2m=?[0mServer?[1m}?[0m?[2m:?[0m?[1mpoll?[0m?[2m:?[0m?[1mpoll_ready?[0m?[2m:?[0m?[1mFramedWrite::buffer?[0m?[1m{?[0m?[3mframe?[0m?[2m=?[0mPing { ack: true, payload: [0, 0, 0, 0, 0, 0, 4, 210] }?[1m}?[0m?[2m:?[0m ?[2mh2::frame::ping?[0m?[2m:?[0m encoding PING; ack=true len=8
15:05:16.691 [Thread-5] DEBUG i.pact.plugins.jvm.core.ChildProcess - Plugin protobuf [46038] || ?[2m2023-03-27T09:35:16.691808Z?[0m ?[35mTRACE?[0m tokio-runtime-worker ?[1mserver_handshake?[0m?[2m:?[0m?[1mConnection?[0m?[1m{?[0m?[3mpeer?[0m?[2m=?[0mServer?[1m}?[0m?[2m:?[0m?[1mpoll?[0m?[2m:?[0m?[1mpoll_ready?[0m?[2m:?[0m?[1mFramedWrite::buffer?[0m?[1m{?[0m?[3mframe?[0m?[2m=?[0mPing { ack: true, payload: [0, 0, 0, 0, 0, 0, 4, 210] }?[1m}?[0m?[2m:?[0m ?[2mh2::codec::framed_write?[0m?[2m:?[0m encoded ping ?[3mrem?[0m?[2m=?[0m17
15:05:16.691 [Thread-5] DEBUG i.pact.plugins.jvm.core.ChildProcess - Plugin protobuf [46038] || ?[2m2023-03-27T09:35:16.691850Z?[0m ?[35mTRACE?[0m tokio-runtime-worker ?[1mserver_handshake?[0m?[2m:?[0m?[1mConnection?[0m?[1m{?[0m?[3mpeer?[0m?[2m=?[0mServer?[1m}?[0m?[2m:?[0m?[1mpoll?[0m?[2m:?[0m?[1mFramedRead::poll_next?[0m?[2m:?[0m ?[2mh2::codec::framed_read?[0m?[2m:?[0m poll
15:05:16.691 [Thread-5] DEBUG i.pact.plugins.jvm.core.ChildProcess - Plugin protobuf [46038] || ?[2m2023-03-27T09:35:16.691866Z?[0m ?[35mTRACE?[0m tokio-runtime-worker ?[1mserver_handshake?[0m?[2m:?[0m?[1mConnection?[0m?[1m{?[0m?[3mpeer?[0m?[2m=?[0mServer?[1m}?[0m?[2m:?[0m?[1mpoll?[0m?[2m:?[0m?[1mFramedRead::poll_next?[0m?[2m:?[0m ?[2mtokio_util::codec::framed_impl?[0m?[2m:?[0m attempting to decode a frame
15:05:16.691 [Thread-5] DEBUG i.pact.plugins.jvm.core.ChildProcess - Plugin protobuf [46038] || ?[2m2023-03-27T09:35:16.691907Z?[0m ?[35mTRACE?[0m tokio-runtime-worker ?[1mserver_handshake?[0m?[2m:?[0m?[1mConnection?[0m?[1m{?[0m?[3mpeer?[0m?[2m=?[0mServer?[1m}?[0m?[2m:?[0m?[1mpoll?[0m?[2m:?[0m ?[2mh2::proto::streams::prioritize?[0m?[2m:?[0m poll_complete
15:05:16.691 [Thread-5] DEBUG i.pact.plugins.jvm.core.ChildProcess - Plugin protobuf [46038] || ?[2m2023-03-27T09:35:16.691922Z?[0m ?[35mTRACE?[0m tokio-runtime-worker ?[1mserver_handshake?[0m?[2m:?[0m?[1mConnection?[0m?[1m{?[0m?[3mpeer?[0m?[2m=?[0mServer?[1m}?[0m?[2m:?[0m?[1mpoll?[0m?[2m:?[0m ?[2mh2::proto::streams::prioritize?[0m?[2m:?[0m schedule_pending_open
15:05:16.691 [Thread-5] DEBUG i.pact.plugins.jvm.core.ChildProcess - Plugin protobuf [46038] || ?[2m2023-03-27T09:35:16.691959Z?[0m ?[35mTRACE?[0m tokio-runtime-worker ?[1mserver_handshake?[0m?[2m:?[0m?[1mConnection?[0m?[1m{?[0m?[3mpeer?[0m?[2m=?[0mServer?[1m}?[0m?[2m:?[0m?[1mpoll?[0m?[2m:?[0m?[1mFramedWrite::flush?[0m?[2m:?[0m ?[2mh2::codec::framed_write?[0m?[2m:?[0m ?[3mqueued_data_frame?[0m?[2m=?[0mfalse
15:05:16.692 [Thread-5] DEBUG i.pact.plugins.jvm.core.ChildProcess - Plugin protobuf [46038] || ?[2m2023-03-27T09:35:16.691992Z?[0m ?[35mTRACE?[0m tokio-runtime-worker ?[1mserver_handshake?[0m?[2m:?[0m?[1mConnection?[0m?[1m{?[0m?[3mpeer?[0m?[2m=?[0mServer?[1m}?[0m?[2m:?[0m?[1mpoll?[0m?[2m:?[0m?[1mFramedWrite::flush?[0m?[2m:?[0m ?[2mh2::codec::framed_write?[0m?[2m:?[0m flushing buffer
15:05:16.692 [grpc-nio-worker-ELG-1-2] DEBUG io.grpc.netty.NettyClientHandler - [id: 0x3c962551, L:/0:0:0:0:0:0:0:1:53790 - R:/0:0:0:0:0:0:0:1:53788] INBOUND PING: ack=true bytes=1234
15:05:16.696 [Test worker] WARN  a.c.d.pact.consumer.PluginMockServer - Mock server returned an error response - [MockServerResults(path=, error=Did not find any mock server results for a server with ID 5cae5f82-fec2-43c6-9739-60d0383d84ec, mismatches=[])]
15:05:16.700 [Test worker] TRACE a.c.d.p.c.junit5.PactConsumerTestExt - lookupPactDirectory(org.junit.jupiter.engine.descriptor.ClassExtensionContext@41dfe141)
15:05:16.707 [Test worker] INFO  a.c.d.p.c.junit5.PactConsumerTestExt - Writing pacts out to default directory
15:05:16.710 [Test worker] DEBUG a.c.d.p.c.junit5.PactConsumerTestExt - Writing pact grpc-consumer-jvm -> area-calculator-provider to file build/pacts/grpc-consumer-jvm-area-calculator-provider.json
]]></system-out>
  <system-err><![CDATA[]]></system-err>
</testsuite>
